[2024-08-26T18:25:39.129-0700] {local_task_job_runner.py:123} INFO - ::group::Pre task execution logs
[2024-08-26T18:25:39.135-0700] {taskinstance.py:2603} INFO - Dependencies all met for dep_context=non-requeueable deps ti=<TaskInstance: ETL_Server_Access_Log_Processing.extract manual__2024-08-27T01:25:34.835702+00:00 [queued]>
[2024-08-26T18:25:39.138-0700] {taskinstance.py:2603} INFO - Dependencies all met for dep_context=requeueable deps ti=<TaskInstance: ETL_Server_Access_Log_Processing.extract manual__2024-08-27T01:25:34.835702+00:00 [queued]>
[2024-08-26T18:25:39.138-0700] {taskinstance.py:2856} INFO - Starting attempt 1 of 2
[2024-08-26T18:25:39.152-0700] {taskinstance.py:2879} INFO - Executing <Task(PythonOperator): extract> on 2024-08-27 01:25:34.835702+00:00
[2024-08-26T18:25:39.154-0700] {standard_task_runner.py:72} INFO - Started process 61431 to run task
[2024-08-26T18:25:39.157-0700] {standard_task_runner.py:104} INFO - Running: ['airflow', 'tasks', 'run', 'ETL_Server_Access_Log_Processing', 'extract', 'manual__2024-08-27T01:25:34.835702+00:00', '--job-id', '28', '--raw', '--subdir', 'DAGS_FOLDER/ETL_Server_Access_Log_Processing.py', '--cfg-path', '/tmp/tmpn2qnbfnl']
[2024-08-26T18:25:39.157-0700] {standard_task_runner.py:105} INFO - Job 28: Subtask extract
[2024-08-26T18:25:39.183-0700] {task_command.py:467} INFO - Running <TaskInstance: ETL_Server_Access_Log_Processing.extract manual__2024-08-27T01:25:34.835702+00:00 [running]> on host PCJer.
[2024-08-26T18:25:39.228-0700] {taskinstance.py:3122} INFO - Exporting env vars: AIRFLOW_CTX_DAG_EMAIL='jersonenriquezv@gmail.com' AIRFLOW_CTX_DAG_OWNER='admin' AIRFLOW_CTX_DAG_ID='ETL_Server_Access_Log_Processing' AIRFLOW_CTX_TASK_ID='extract' AIRFLOW_CTX_EXECUTION_DATE='2024-08-27T01:25:34.835702+00:00' AIRFLOW_CTX_TRY_NUMBER='1' AIRFLOW_CTX_DAG_RUN_ID='manual__2024-08-27T01:25:34.835702+00:00'
[2024-08-26T18:25:39.228-0700] {logging_mixin.py:190} INFO - Task instance is in running state
[2024-08-26T18:25:39.229-0700] {logging_mixin.py:190} INFO -  Previous state of the Task instance: queued
[2024-08-26T18:25:39.229-0700] {logging_mixin.py:190} INFO - Current task name:extract state:running start_date:2024-08-27 01:25:39.135322+00:00
[2024-08-26T18:25:39.229-0700] {logging_mixin.py:190} INFO - Dag name:ETL_Server_Access_Log_Processing and current dag run status:running
[2024-08-26T18:25:39.229-0700] {taskinstance.py:731} INFO - ::endgroup::
[2024-08-26T18:25:39.230-0700] {logging_mixin.py:190} INFO - Inside Extract
[2024-08-26T18:25:39.231-0700] {python.py:240} INFO - Done. Returned value was: None
[2024-08-26T18:25:39.234-0700] {taskinstance.py:340} INFO - ::group::Post task execution logs
[2024-08-26T18:25:39.234-0700] {taskinstance.py:352} INFO - Marking task as SUCCESS. dag_id=ETL_Server_Access_Log_Processing, task_id=extract, run_id=manual__2024-08-27T01:25:34.835702+00:00, execution_date=20240827T012534, start_date=20240827T012539, end_date=20240827T012539
[2024-08-26T18:25:39.244-0700] {logging_mixin.py:190} INFO - Task instance in success state
[2024-08-26T18:25:39.245-0700] {logging_mixin.py:190} INFO -  Previous state of the Task instance: running
[2024-08-26T18:25:39.245-0700] {logging_mixin.py:190} INFO - Dag name:ETL_Server_Access_Log_Processing queued_at:2024-08-27 01:25:34.843114+00:00
[2024-08-26T18:25:39.245-0700] {logging_mixin.py:190} INFO - Task hostname:PCJer. operator:PythonOperator
[2024-08-26T18:25:39.250-0700] {local_task_job_runner.py:261} INFO - Task exited with return code 0
[2024-08-26T18:25:39.262-0700] {taskinstance.py:3891} INFO - 1 downstream tasks scheduled from follow-on schedule check
[2024-08-26T18:25:39.269-0700] {local_task_job_runner.py:240} INFO - ::endgroup::
