[2024-08-26T15:21:46.637-0700] {processor.py:186} INFO - Started process (PID=7462) to work on /home/jerson/airflow_venv/lib/python3.10/site-packages/airflow/example_dags/example_latest_only_with_trigger.py
[2024-08-26T15:21:46.637-0700] {processor.py:914} INFO - Processing file /home/jerson/airflow_venv/lib/python3.10/site-packages/airflow/example_dags/example_latest_only_with_trigger.py for tasks to queue
[2024-08-26T15:21:46.638-0700] {logging_mixin.py:190} INFO - [2024-08-26T15:21:46.638-0700] {dagbag.py:587} INFO - Filling up the DagBag from /home/jerson/airflow_venv/lib/python3.10/site-packages/airflow/example_dags/example_latest_only_with_trigger.py
[2024-08-26T15:21:46.643-0700] {processor.py:925} INFO - DAG(s) 'latest_only_with_trigger' retrieved from /home/jerson/airflow_venv/lib/python3.10/site-packages/airflow/example_dags/example_latest_only_with_trigger.py
[2024-08-26T15:21:46.709-0700] {logging_mixin.py:190} INFO - [2024-08-26T15:21:46.709-0700] {override.py:1900} INFO - Created Permission View: can read on DAG:latest_only_with_trigger
[2024-08-26T15:21:46.720-0700] {logging_mixin.py:190} INFO - [2024-08-26T15:21:46.720-0700] {override.py:1900} INFO - Created Permission View: can delete on DAG:latest_only_with_trigger
[2024-08-26T15:21:46.729-0700] {logging_mixin.py:190} INFO - [2024-08-26T15:21:46.729-0700] {override.py:1900} INFO - Created Permission View: can edit on DAG:latest_only_with_trigger
[2024-08-26T15:21:46.743-0700] {logging_mixin.py:190} INFO - [2024-08-26T15:21:46.743-0700] {override.py:1900} INFO - Created Permission View: can read on DAG Run:latest_only_with_trigger
[2024-08-26T15:21:46.752-0700] {logging_mixin.py:190} INFO - [2024-08-26T15:21:46.752-0700] {override.py:1900} INFO - Created Permission View: can create on DAG Run:latest_only_with_trigger
[2024-08-26T15:21:46.761-0700] {logging_mixin.py:190} INFO - [2024-08-26T15:21:46.761-0700] {override.py:1900} INFO - Created Permission View: menu access on DAG Run:latest_only_with_trigger
[2024-08-26T15:21:46.770-0700] {logging_mixin.py:190} INFO - [2024-08-26T15:21:46.769-0700] {override.py:1900} INFO - Created Permission View: can delete on DAG Run:latest_only_with_trigger
[2024-08-26T15:21:46.770-0700] {logging_mixin.py:190} INFO - [2024-08-26T15:21:46.770-0700] {dag.py:3211} INFO - Sync 1 DAGs
[2024-08-26T15:21:46.778-0700] {logging_mixin.py:190} INFO - [2024-08-26T15:21:46.778-0700] {dag.py:3234} INFO - Creating ORM DAG for latest_only_with_trigger
[2024-08-26T15:21:46.784-0700] {logging_mixin.py:190} INFO - [2024-08-26T15:21:46.784-0700] {dag.py:4138} INFO - Setting next_dagrun for latest_only_with_trigger to 2024-08-26 16:00:00+00:00, run_after=2024-08-26 20:00:00+00:00
[2024-08-26T15:21:46.801-0700] {processor.py:208} INFO - Processing /home/jerson/airflow_venv/lib/python3.10/site-packages/airflow/example_dags/example_latest_only_with_trigger.py took 0.167 seconds
[2024-08-26T15:22:45.062-0700] {processor.py:186} INFO - Started process (PID=7814) to work on /home/jerson/airflow_venv/lib/python3.10/site-packages/airflow/example_dags/example_latest_only_with_trigger.py
[2024-08-26T15:22:45.063-0700] {processor.py:914} INFO - Processing file /home/jerson/airflow_venv/lib/python3.10/site-packages/airflow/example_dags/example_latest_only_with_trigger.py for tasks to queue
[2024-08-26T15:22:45.064-0700] {logging_mixin.py:190} INFO - [2024-08-26T15:22:45.064-0700] {dagbag.py:587} INFO - Filling up the DagBag from /home/jerson/airflow_venv/lib/python3.10/site-packages/airflow/example_dags/example_latest_only_with_trigger.py
[2024-08-26T15:22:45.069-0700] {processor.py:925} INFO - DAG(s) 'latest_only_with_trigger' retrieved from /home/jerson/airflow_venv/lib/python3.10/site-packages/airflow/example_dags/example_latest_only_with_trigger.py
[2024-08-26T15:22:45.078-0700] {logging_mixin.py:190} INFO - [2024-08-26T15:22:45.078-0700] {dag.py:3211} INFO - Sync 1 DAGs
[2024-08-26T15:22:45.091-0700] {logging_mixin.py:190} INFO - [2024-08-26T15:22:45.090-0700] {dag.py:4138} INFO - Setting next_dagrun for latest_only_with_trigger to 2024-08-26 16:00:00+00:00, run_after=2024-08-26 20:00:00+00:00
[2024-08-26T15:22:45.109-0700] {processor.py:208} INFO - Processing /home/jerson/airflow_venv/lib/python3.10/site-packages/airflow/example_dags/example_latest_only_with_trigger.py took 0.050 seconds
[2024-08-26T15:23:36.991-0700] {processor.py:186} INFO - Started process (PID=8100) to work on /home/jerson/airflow_venv/lib/python3.10/site-packages/airflow/example_dags/example_latest_only_with_trigger.py
[2024-08-26T15:23:36.992-0700] {processor.py:914} INFO - Processing file /home/jerson/airflow_venv/lib/python3.10/site-packages/airflow/example_dags/example_latest_only_with_trigger.py for tasks to queue
[2024-08-26T15:23:36.993-0700] {logging_mixin.py:190} INFO - [2024-08-26T15:23:36.993-0700] {dagbag.py:587} INFO - Filling up the DagBag from /home/jerson/airflow_venv/lib/python3.10/site-packages/airflow/example_dags/example_latest_only_with_trigger.py
[2024-08-26T15:23:36.998-0700] {processor.py:925} INFO - DAG(s) 'latest_only_with_trigger' retrieved from /home/jerson/airflow_venv/lib/python3.10/site-packages/airflow/example_dags/example_latest_only_with_trigger.py
[2024-08-26T15:23:37.009-0700] {logging_mixin.py:190} INFO - [2024-08-26T15:23:37.008-0700] {dag.py:3211} INFO - Sync 1 DAGs
[2024-08-26T15:23:37.023-0700] {logging_mixin.py:190} INFO - [2024-08-26T15:23:37.023-0700] {dag.py:4138} INFO - Setting next_dagrun for latest_only_with_trigger to 2024-08-26 16:00:00+00:00, run_after=2024-08-26 20:00:00+00:00
[2024-08-26T15:23:37.040-0700] {processor.py:208} INFO - Processing /home/jerson/airflow_venv/lib/python3.10/site-packages/airflow/example_dags/example_latest_only_with_trigger.py took 0.052 seconds
[2024-08-26T15:25:30.767-0700] {processor.py:186} INFO - Started process (PID=8669) to work on /home/jerson/airflow_venv/lib/python3.10/site-packages/airflow/example_dags/example_latest_only_with_trigger.py
[2024-08-26T15:25:30.768-0700] {processor.py:914} INFO - Processing file /home/jerson/airflow_venv/lib/python3.10/site-packages/airflow/example_dags/example_latest_only_with_trigger.py for tasks to queue
[2024-08-26T15:25:30.770-0700] {logging_mixin.py:190} INFO - [2024-08-26T15:25:30.769-0700] {dagbag.py:587} INFO - Filling up the DagBag from /home/jerson/airflow_venv/lib/python3.10/site-packages/airflow/example_dags/example_latest_only_with_trigger.py
[2024-08-26T15:25:30.776-0700] {processor.py:925} INFO - DAG(s) 'latest_only_with_trigger' retrieved from /home/jerson/airflow_venv/lib/python3.10/site-packages/airflow/example_dags/example_latest_only_with_trigger.py
[2024-08-26T15:25:30.791-0700] {logging_mixin.py:190} INFO - [2024-08-26T15:25:30.790-0700] {dag.py:3211} INFO - Sync 1 DAGs
[2024-08-26T15:25:30.806-0700] {logging_mixin.py:190} INFO - [2024-08-26T15:25:30.806-0700] {dag.py:4138} INFO - Setting next_dagrun for latest_only_with_trigger to 2024-08-26 16:00:00+00:00, run_after=2024-08-26 20:00:00+00:00
[2024-08-26T15:25:30.824-0700] {processor.py:208} INFO - Processing /home/jerson/airflow_venv/lib/python3.10/site-packages/airflow/example_dags/example_latest_only_with_trigger.py took 0.061 seconds
[2024-08-26T15:26:24.940-0700] {processor.py:186} INFO - Started process (PID=8959) to work on /home/jerson/airflow_venv/lib/python3.10/site-packages/airflow/example_dags/example_latest_only_with_trigger.py
[2024-08-26T15:26:24.941-0700] {processor.py:914} INFO - Processing file /home/jerson/airflow_venv/lib/python3.10/site-packages/airflow/example_dags/example_latest_only_with_trigger.py for tasks to queue
[2024-08-26T15:26:24.942-0700] {logging_mixin.py:190} INFO - [2024-08-26T15:26:24.942-0700] {dagbag.py:587} INFO - Filling up the DagBag from /home/jerson/airflow_venv/lib/python3.10/site-packages/airflow/example_dags/example_latest_only_with_trigger.py
[2024-08-26T15:26:24.947-0700] {processor.py:925} INFO - DAG(s) 'latest_only_with_trigger' retrieved from /home/jerson/airflow_venv/lib/python3.10/site-packages/airflow/example_dags/example_latest_only_with_trigger.py
[2024-08-26T15:26:24.956-0700] {logging_mixin.py:190} INFO - [2024-08-26T15:26:24.955-0700] {dag.py:3211} INFO - Sync 1 DAGs
[2024-08-26T15:26:24.967-0700] {logging_mixin.py:190} INFO - [2024-08-26T15:26:24.966-0700] {dag.py:4138} INFO - Setting next_dagrun for latest_only_with_trigger to 2024-08-26 16:00:00+00:00, run_after=2024-08-26 20:00:00+00:00
[2024-08-26T15:26:24.980-0700] {processor.py:208} INFO - Processing /home/jerson/airflow_venv/lib/python3.10/site-packages/airflow/example_dags/example_latest_only_with_trigger.py took 0.043 seconds
[2024-08-26T15:27:16.270-0700] {processor.py:186} INFO - Started process (PID=9218) to work on /home/jerson/airflow_venv/lib/python3.10/site-packages/airflow/example_dags/example_latest_only_with_trigger.py
[2024-08-26T15:27:16.270-0700] {processor.py:914} INFO - Processing file /home/jerson/airflow_venv/lib/python3.10/site-packages/airflow/example_dags/example_latest_only_with_trigger.py for tasks to queue
[2024-08-26T15:27:16.272-0700] {logging_mixin.py:190} INFO - [2024-08-26T15:27:16.272-0700] {dagbag.py:587} INFO - Filling up the DagBag from /home/jerson/airflow_venv/lib/python3.10/site-packages/airflow/example_dags/example_latest_only_with_trigger.py
[2024-08-26T15:27:16.276-0700] {processor.py:925} INFO - DAG(s) 'latest_only_with_trigger' retrieved from /home/jerson/airflow_venv/lib/python3.10/site-packages/airflow/example_dags/example_latest_only_with_trigger.py
[2024-08-26T15:27:16.285-0700] {logging_mixin.py:190} INFO - [2024-08-26T15:27:16.285-0700] {dag.py:3211} INFO - Sync 1 DAGs
[2024-08-26T15:27:16.297-0700] {logging_mixin.py:190} INFO - [2024-08-26T15:27:16.297-0700] {dag.py:4138} INFO - Setting next_dagrun for latest_only_with_trigger to 2024-08-26 16:00:00+00:00, run_after=2024-08-26 20:00:00+00:00
[2024-08-26T15:27:16.314-0700] {processor.py:208} INFO - Processing /home/jerson/airflow_venv/lib/python3.10/site-packages/airflow/example_dags/example_latest_only_with_trigger.py took 0.047 seconds
[2024-08-26T15:28:06.473-0700] {processor.py:186} INFO - Started process (PID=9467) to work on /home/jerson/airflow_venv/lib/python3.10/site-packages/airflow/example_dags/example_latest_only_with_trigger.py
[2024-08-26T15:28:06.474-0700] {processor.py:914} INFO - Processing file /home/jerson/airflow_venv/lib/python3.10/site-packages/airflow/example_dags/example_latest_only_with_trigger.py for tasks to queue
[2024-08-26T15:28:06.475-0700] {logging_mixin.py:190} INFO - [2024-08-26T15:28:06.475-0700] {dagbag.py:587} INFO - Filling up the DagBag from /home/jerson/airflow_venv/lib/python3.10/site-packages/airflow/example_dags/example_latest_only_with_trigger.py
[2024-08-26T15:28:06.479-0700] {processor.py:925} INFO - DAG(s) 'latest_only_with_trigger' retrieved from /home/jerson/airflow_venv/lib/python3.10/site-packages/airflow/example_dags/example_latest_only_with_trigger.py
[2024-08-26T15:28:06.488-0700] {logging_mixin.py:190} INFO - [2024-08-26T15:28:06.488-0700] {dag.py:3211} INFO - Sync 1 DAGs
[2024-08-26T15:28:06.499-0700] {logging_mixin.py:190} INFO - [2024-08-26T15:28:06.499-0700] {dag.py:4138} INFO - Setting next_dagrun for latest_only_with_trigger to 2024-08-26 16:00:00+00:00, run_after=2024-08-26 20:00:00+00:00
[2024-08-26T15:28:06.515-0700] {processor.py:208} INFO - Processing /home/jerson/airflow_venv/lib/python3.10/site-packages/airflow/example_dags/example_latest_only_with_trigger.py took 0.046 seconds
[2024-08-26T15:28:55.830-0700] {processor.py:186} INFO - Started process (PID=9721) to work on /home/jerson/airflow_venv/lib/python3.10/site-packages/airflow/example_dags/example_latest_only_with_trigger.py
[2024-08-26T15:28:55.831-0700] {processor.py:914} INFO - Processing file /home/jerson/airflow_venv/lib/python3.10/site-packages/airflow/example_dags/example_latest_only_with_trigger.py for tasks to queue
[2024-08-26T15:28:55.832-0700] {logging_mixin.py:190} INFO - [2024-08-26T15:28:55.831-0700] {dagbag.py:587} INFO - Filling up the DagBag from /home/jerson/airflow_venv/lib/python3.10/site-packages/airflow/example_dags/example_latest_only_with_trigger.py
[2024-08-26T15:28:55.836-0700] {processor.py:925} INFO - DAG(s) 'latest_only_with_trigger' retrieved from /home/jerson/airflow_venv/lib/python3.10/site-packages/airflow/example_dags/example_latest_only_with_trigger.py
[2024-08-26T15:28:55.844-0700] {logging_mixin.py:190} INFO - [2024-08-26T15:28:55.844-0700] {dag.py:3211} INFO - Sync 1 DAGs
[2024-08-26T15:28:55.855-0700] {logging_mixin.py:190} INFO - [2024-08-26T15:28:55.855-0700] {dag.py:4138} INFO - Setting next_dagrun for latest_only_with_trigger to 2024-08-26 16:00:00+00:00, run_after=2024-08-26 20:00:00+00:00
[2024-08-26T15:28:55.870-0700] {processor.py:208} INFO - Processing /home/jerson/airflow_venv/lib/python3.10/site-packages/airflow/example_dags/example_latest_only_with_trigger.py took 0.043 seconds
[2024-08-26T15:29:46.422-0700] {processor.py:186} INFO - Started process (PID=10061) to work on /home/jerson/airflow_venv/lib/python3.10/site-packages/airflow/example_dags/example_latest_only_with_trigger.py
[2024-08-26T15:29:46.423-0700] {processor.py:914} INFO - Processing file /home/jerson/airflow_venv/lib/python3.10/site-packages/airflow/example_dags/example_latest_only_with_trigger.py for tasks to queue
[2024-08-26T15:29:46.424-0700] {logging_mixin.py:190} INFO - [2024-08-26T15:29:46.424-0700] {dagbag.py:587} INFO - Filling up the DagBag from /home/jerson/airflow_venv/lib/python3.10/site-packages/airflow/example_dags/example_latest_only_with_trigger.py
[2024-08-26T15:29:46.428-0700] {processor.py:925} INFO - DAG(s) 'latest_only_with_trigger' retrieved from /home/jerson/airflow_venv/lib/python3.10/site-packages/airflow/example_dags/example_latest_only_with_trigger.py
[2024-08-26T15:29:46.438-0700] {logging_mixin.py:190} INFO - [2024-08-26T15:29:46.437-0700] {dag.py:3211} INFO - Sync 1 DAGs
[2024-08-26T15:29:46.449-0700] {logging_mixin.py:190} INFO - [2024-08-26T15:29:46.449-0700] {dag.py:4138} INFO - Setting next_dagrun for latest_only_with_trigger to 2024-08-26 16:00:00+00:00, run_after=2024-08-26 20:00:00+00:00
[2024-08-26T15:29:46.465-0700] {processor.py:208} INFO - Processing /home/jerson/airflow_venv/lib/python3.10/site-packages/airflow/example_dags/example_latest_only_with_trigger.py took 0.046 seconds
[2024-08-26T15:30:34.289-0700] {processor.py:186} INFO - Started process (PID=10301) to work on /home/jerson/airflow_venv/lib/python3.10/site-packages/airflow/example_dags/example_latest_only_with_trigger.py
[2024-08-26T15:30:34.290-0700] {processor.py:914} INFO - Processing file /home/jerson/airflow_venv/lib/python3.10/site-packages/airflow/example_dags/example_latest_only_with_trigger.py for tasks to queue
[2024-08-26T15:30:34.291-0700] {logging_mixin.py:190} INFO - [2024-08-26T15:30:34.291-0700] {dagbag.py:587} INFO - Filling up the DagBag from /home/jerson/airflow_venv/lib/python3.10/site-packages/airflow/example_dags/example_latest_only_with_trigger.py
[2024-08-26T15:30:34.296-0700] {processor.py:925} INFO - DAG(s) 'latest_only_with_trigger' retrieved from /home/jerson/airflow_venv/lib/python3.10/site-packages/airflow/example_dags/example_latest_only_with_trigger.py
[2024-08-26T15:30:34.306-0700] {logging_mixin.py:190} INFO - [2024-08-26T15:30:34.306-0700] {dag.py:3211} INFO - Sync 1 DAGs
[2024-08-26T15:30:34.319-0700] {logging_mixin.py:190} INFO - [2024-08-26T15:30:34.319-0700] {dag.py:4138} INFO - Setting next_dagrun for latest_only_with_trigger to 2024-08-26 16:00:00+00:00, run_after=2024-08-26 20:00:00+00:00
[2024-08-26T15:30:34.337-0700] {processor.py:208} INFO - Processing /home/jerson/airflow_venv/lib/python3.10/site-packages/airflow/example_dags/example_latest_only_with_trigger.py took 0.052 seconds
[2024-08-26T15:31:22.744-0700] {processor.py:186} INFO - Started process (PID=10570) to work on /home/jerson/airflow_venv/lib/python3.10/site-packages/airflow/example_dags/example_latest_only_with_trigger.py
[2024-08-26T15:31:22.749-0700] {processor.py:914} INFO - Processing file /home/jerson/airflow_venv/lib/python3.10/site-packages/airflow/example_dags/example_latest_only_with_trigger.py for tasks to queue
[2024-08-26T15:31:22.750-0700] {logging_mixin.py:190} INFO - [2024-08-26T15:31:22.750-0700] {dagbag.py:587} INFO - Filling up the DagBag from /home/jerson/airflow_venv/lib/python3.10/site-packages/airflow/example_dags/example_latest_only_with_trigger.py
[2024-08-26T15:31:22.754-0700] {processor.py:925} INFO - DAG(s) 'latest_only_with_trigger' retrieved from /home/jerson/airflow_venv/lib/python3.10/site-packages/airflow/example_dags/example_latest_only_with_trigger.py
[2024-08-26T15:31:22.763-0700] {logging_mixin.py:190} INFO - [2024-08-26T15:31:22.763-0700] {dag.py:3211} INFO - Sync 1 DAGs
[2024-08-26T15:31:22.774-0700] {logging_mixin.py:190} INFO - [2024-08-26T15:31:22.773-0700] {dag.py:4138} INFO - Setting next_dagrun for latest_only_with_trigger to 2024-08-26 16:00:00+00:00, run_after=2024-08-26 20:00:00+00:00
[2024-08-26T15:31:22.787-0700] {processor.py:208} INFO - Processing /home/jerson/airflow_venv/lib/python3.10/site-packages/airflow/example_dags/example_latest_only_with_trigger.py took 0.047 seconds
[2024-08-26T15:32:08.876-0700] {processor.py:186} INFO - Started process (PID=10806) to work on /home/jerson/airflow_venv/lib/python3.10/site-packages/airflow/example_dags/example_latest_only_with_trigger.py
[2024-08-26T15:32:08.876-0700] {processor.py:914} INFO - Processing file /home/jerson/airflow_venv/lib/python3.10/site-packages/airflow/example_dags/example_latest_only_with_trigger.py for tasks to queue
[2024-08-26T15:32:08.877-0700] {logging_mixin.py:190} INFO - [2024-08-26T15:32:08.877-0700] {dagbag.py:587} INFO - Filling up the DagBag from /home/jerson/airflow_venv/lib/python3.10/site-packages/airflow/example_dags/example_latest_only_with_trigger.py
[2024-08-26T15:32:08.882-0700] {processor.py:925} INFO - DAG(s) 'latest_only_with_trigger' retrieved from /home/jerson/airflow_venv/lib/python3.10/site-packages/airflow/example_dags/example_latest_only_with_trigger.py
[2024-08-26T15:32:08.891-0700] {logging_mixin.py:190} INFO - [2024-08-26T15:32:08.891-0700] {dag.py:3211} INFO - Sync 1 DAGs
[2024-08-26T15:32:08.902-0700] {logging_mixin.py:190} INFO - [2024-08-26T15:32:08.902-0700] {dag.py:4138} INFO - Setting next_dagrun for latest_only_with_trigger to 2024-08-26 16:00:00+00:00, run_after=2024-08-26 20:00:00+00:00
[2024-08-26T15:32:08.919-0700] {processor.py:208} INFO - Processing /home/jerson/airflow_venv/lib/python3.10/site-packages/airflow/example_dags/example_latest_only_with_trigger.py took 0.046 seconds
[2024-08-26T15:32:57.669-0700] {processor.py:186} INFO - Started process (PID=11063) to work on /home/jerson/airflow_venv/lib/python3.10/site-packages/airflow/example_dags/example_latest_only_with_trigger.py
[2024-08-26T15:32:57.670-0700] {processor.py:914} INFO - Processing file /home/jerson/airflow_venv/lib/python3.10/site-packages/airflow/example_dags/example_latest_only_with_trigger.py for tasks to queue
[2024-08-26T15:32:57.671-0700] {logging_mixin.py:190} INFO - [2024-08-26T15:32:57.671-0700] {dagbag.py:587} INFO - Filling up the DagBag from /home/jerson/airflow_venv/lib/python3.10/site-packages/airflow/example_dags/example_latest_only_with_trigger.py
[2024-08-26T15:32:57.675-0700] {processor.py:925} INFO - DAG(s) 'latest_only_with_trigger' retrieved from /home/jerson/airflow_venv/lib/python3.10/site-packages/airflow/example_dags/example_latest_only_with_trigger.py
[2024-08-26T15:32:57.684-0700] {logging_mixin.py:190} INFO - [2024-08-26T15:32:57.684-0700] {dag.py:3211} INFO - Sync 1 DAGs
[2024-08-26T15:32:57.695-0700] {logging_mixin.py:190} INFO - [2024-08-26T15:32:57.695-0700] {dag.py:4138} INFO - Setting next_dagrun for latest_only_with_trigger to 2024-08-26 16:00:00+00:00, run_after=2024-08-26 20:00:00+00:00
[2024-08-26T15:32:57.710-0700] {processor.py:208} INFO - Processing /home/jerson/airflow_venv/lib/python3.10/site-packages/airflow/example_dags/example_latest_only_with_trigger.py took 0.044 seconds
[2024-08-26T15:33:50.736-0700] {processor.py:186} INFO - Started process (PID=11336) to work on /home/jerson/airflow_venv/lib/python3.10/site-packages/airflow/example_dags/example_latest_only_with_trigger.py
[2024-08-26T15:33:50.737-0700] {processor.py:914} INFO - Processing file /home/jerson/airflow_venv/lib/python3.10/site-packages/airflow/example_dags/example_latest_only_with_trigger.py for tasks to queue
[2024-08-26T15:33:50.738-0700] {logging_mixin.py:190} INFO - [2024-08-26T15:33:50.738-0700] {dagbag.py:587} INFO - Filling up the DagBag from /home/jerson/airflow_venv/lib/python3.10/site-packages/airflow/example_dags/example_latest_only_with_trigger.py
[2024-08-26T15:33:50.742-0700] {processor.py:925} INFO - DAG(s) 'latest_only_with_trigger' retrieved from /home/jerson/airflow_venv/lib/python3.10/site-packages/airflow/example_dags/example_latest_only_with_trigger.py
[2024-08-26T15:33:50.751-0700] {logging_mixin.py:190} INFO - [2024-08-26T15:33:50.751-0700] {dag.py:3211} INFO - Sync 1 DAGs
[2024-08-26T15:33:50.761-0700] {logging_mixin.py:190} INFO - [2024-08-26T15:33:50.761-0700] {dag.py:4138} INFO - Setting next_dagrun for latest_only_with_trigger to 2024-08-26 16:00:00+00:00, run_after=2024-08-26 20:00:00+00:00
[2024-08-26T15:33:50.777-0700] {processor.py:208} INFO - Processing /home/jerson/airflow_venv/lib/python3.10/site-packages/airflow/example_dags/example_latest_only_with_trigger.py took 0.045 seconds
[2024-08-26T15:34:39.933-0700] {processor.py:186} INFO - Started process (PID=11597) to work on /home/jerson/airflow_venv/lib/python3.10/site-packages/airflow/example_dags/example_latest_only_with_trigger.py
[2024-08-26T15:34:39.934-0700] {processor.py:914} INFO - Processing file /home/jerson/airflow_venv/lib/python3.10/site-packages/airflow/example_dags/example_latest_only_with_trigger.py for tasks to queue
[2024-08-26T15:34:39.935-0700] {logging_mixin.py:190} INFO - [2024-08-26T15:34:39.935-0700] {dagbag.py:587} INFO - Filling up the DagBag from /home/jerson/airflow_venv/lib/python3.10/site-packages/airflow/example_dags/example_latest_only_with_trigger.py
[2024-08-26T15:34:39.939-0700] {processor.py:925} INFO - DAG(s) 'latest_only_with_trigger' retrieved from /home/jerson/airflow_venv/lib/python3.10/site-packages/airflow/example_dags/example_latest_only_with_trigger.py
[2024-08-26T15:34:39.948-0700] {logging_mixin.py:190} INFO - [2024-08-26T15:34:39.948-0700] {dag.py:3211} INFO - Sync 1 DAGs
[2024-08-26T15:34:39.959-0700] {logging_mixin.py:190} INFO - [2024-08-26T15:34:39.959-0700] {dag.py:4138} INFO - Setting next_dagrun for latest_only_with_trigger to 2024-08-26 16:00:00+00:00, run_after=2024-08-26 20:00:00+00:00
[2024-08-26T15:34:39.974-0700] {processor.py:208} INFO - Processing /home/jerson/airflow_venv/lib/python3.10/site-packages/airflow/example_dags/example_latest_only_with_trigger.py took 0.044 seconds
[2024-08-26T15:35:28.323-0700] {processor.py:186} INFO - Started process (PID=11858) to work on /home/jerson/airflow_venv/lib/python3.10/site-packages/airflow/example_dags/example_latest_only_with_trigger.py
[2024-08-26T15:35:28.324-0700] {processor.py:914} INFO - Processing file /home/jerson/airflow_venv/lib/python3.10/site-packages/airflow/example_dags/example_latest_only_with_trigger.py for tasks to queue
[2024-08-26T15:35:28.325-0700] {logging_mixin.py:190} INFO - [2024-08-26T15:35:28.325-0700] {dagbag.py:587} INFO - Filling up the DagBag from /home/jerson/airflow_venv/lib/python3.10/site-packages/airflow/example_dags/example_latest_only_with_trigger.py
[2024-08-26T15:35:28.329-0700] {processor.py:925} INFO - DAG(s) 'latest_only_with_trigger' retrieved from /home/jerson/airflow_venv/lib/python3.10/site-packages/airflow/example_dags/example_latest_only_with_trigger.py
[2024-08-26T15:35:28.338-0700] {logging_mixin.py:190} INFO - [2024-08-26T15:35:28.338-0700] {dag.py:3211} INFO - Sync 1 DAGs
[2024-08-26T15:35:28.349-0700] {logging_mixin.py:190} INFO - [2024-08-26T15:35:28.349-0700] {dag.py:4138} INFO - Setting next_dagrun for latest_only_with_trigger to 2024-08-26 16:00:00+00:00, run_after=2024-08-26 20:00:00+00:00
[2024-08-26T15:35:28.363-0700] {processor.py:208} INFO - Processing /home/jerson/airflow_venv/lib/python3.10/site-packages/airflow/example_dags/example_latest_only_with_trigger.py took 0.043 seconds
[2024-08-26T15:36:15.973-0700] {processor.py:186} INFO - Started process (PID=12122) to work on /home/jerson/airflow_venv/lib/python3.10/site-packages/airflow/example_dags/example_latest_only_with_trigger.py
[2024-08-26T15:36:15.974-0700] {processor.py:914} INFO - Processing file /home/jerson/airflow_venv/lib/python3.10/site-packages/airflow/example_dags/example_latest_only_with_trigger.py for tasks to queue
[2024-08-26T15:36:15.976-0700] {logging_mixin.py:190} INFO - [2024-08-26T15:36:15.975-0700] {dagbag.py:587} INFO - Filling up the DagBag from /home/jerson/airflow_venv/lib/python3.10/site-packages/airflow/example_dags/example_latest_only_with_trigger.py
[2024-08-26T15:36:15.980-0700] {processor.py:925} INFO - DAG(s) 'latest_only_with_trigger' retrieved from /home/jerson/airflow_venv/lib/python3.10/site-packages/airflow/example_dags/example_latest_only_with_trigger.py
[2024-08-26T15:36:15.988-0700] {logging_mixin.py:190} INFO - [2024-08-26T15:36:15.988-0700] {dag.py:3211} INFO - Sync 1 DAGs
[2024-08-26T15:36:15.998-0700] {logging_mixin.py:190} INFO - [2024-08-26T15:36:15.998-0700] {dag.py:4138} INFO - Setting next_dagrun for latest_only_with_trigger to 2024-08-26 16:00:00+00:00, run_after=2024-08-26 20:00:00+00:00
[2024-08-26T15:36:16.015-0700] {processor.py:208} INFO - Processing /home/jerson/airflow_venv/lib/python3.10/site-packages/airflow/example_dags/example_latest_only_with_trigger.py took 0.045 seconds
[2024-08-26T15:37:02.506-0700] {processor.py:186} INFO - Started process (PID=12641) to work on /home/jerson/airflow_venv/lib/python3.10/site-packages/airflow/example_dags/example_latest_only_with_trigger.py
[2024-08-26T15:37:02.515-0700] {processor.py:914} INFO - Processing file /home/jerson/airflow_venv/lib/python3.10/site-packages/airflow/example_dags/example_latest_only_with_trigger.py for tasks to queue
[2024-08-26T15:37:02.516-0700] {logging_mixin.py:190} INFO - [2024-08-26T15:37:02.516-0700] {dagbag.py:587} INFO - Filling up the DagBag from /home/jerson/airflow_venv/lib/python3.10/site-packages/airflow/example_dags/example_latest_only_with_trigger.py
[2024-08-26T15:37:02.520-0700] {processor.py:925} INFO - DAG(s) 'latest_only_with_trigger' retrieved from /home/jerson/airflow_venv/lib/python3.10/site-packages/airflow/example_dags/example_latest_only_with_trigger.py
[2024-08-26T15:37:02.530-0700] {logging_mixin.py:190} INFO - [2024-08-26T15:37:02.530-0700] {dag.py:3211} INFO - Sync 1 DAGs
[2024-08-26T15:37:02.542-0700] {logging_mixin.py:190} INFO - [2024-08-26T15:37:02.542-0700] {dag.py:4138} INFO - Setting next_dagrun for latest_only_with_trigger to 2024-08-26 16:00:00+00:00, run_after=2024-08-26 20:00:00+00:00
[2024-08-26T15:37:02.558-0700] {processor.py:208} INFO - Processing /home/jerson/airflow_venv/lib/python3.10/site-packages/airflow/example_dags/example_latest_only_with_trigger.py took 0.055 seconds
[2024-08-26T15:37:47.908-0700] {processor.py:186} INFO - Started process (PID=13056) to work on /home/jerson/airflow_venv/lib/python3.10/site-packages/airflow/example_dags/example_latest_only_with_trigger.py
[2024-08-26T15:37:47.909-0700] {processor.py:914} INFO - Processing file /home/jerson/airflow_venv/lib/python3.10/site-packages/airflow/example_dags/example_latest_only_with_trigger.py for tasks to queue
[2024-08-26T15:37:47.910-0700] {logging_mixin.py:190} INFO - [2024-08-26T15:37:47.910-0700] {dagbag.py:587} INFO - Filling up the DagBag from /home/jerson/airflow_venv/lib/python3.10/site-packages/airflow/example_dags/example_latest_only_with_trigger.py
[2024-08-26T15:37:47.914-0700] {processor.py:925} INFO - DAG(s) 'latest_only_with_trigger' retrieved from /home/jerson/airflow_venv/lib/python3.10/site-packages/airflow/example_dags/example_latest_only_with_trigger.py
[2024-08-26T15:37:47.924-0700] {logging_mixin.py:190} INFO - [2024-08-26T15:37:47.924-0700] {dag.py:3211} INFO - Sync 1 DAGs
[2024-08-26T15:37:47.937-0700] {logging_mixin.py:190} INFO - [2024-08-26T15:37:47.936-0700] {dag.py:4138} INFO - Setting next_dagrun for latest_only_with_trigger to 2024-08-26 16:00:00+00:00, run_after=2024-08-26 20:00:00+00:00
[2024-08-26T15:37:47.954-0700] {processor.py:208} INFO - Processing /home/jerson/airflow_venv/lib/python3.10/site-packages/airflow/example_dags/example_latest_only_with_trigger.py took 0.049 seconds
[2024-08-26T15:38:35.518-0700] {processor.py:186} INFO - Started process (PID=13449) to work on /home/jerson/airflow_venv/lib/python3.10/site-packages/airflow/example_dags/example_latest_only_with_trigger.py
[2024-08-26T15:38:35.519-0700] {processor.py:914} INFO - Processing file /home/jerson/airflow_venv/lib/python3.10/site-packages/airflow/example_dags/example_latest_only_with_trigger.py for tasks to queue
[2024-08-26T15:38:35.521-0700] {logging_mixin.py:190} INFO - [2024-08-26T15:38:35.520-0700] {dagbag.py:587} INFO - Filling up the DagBag from /home/jerson/airflow_venv/lib/python3.10/site-packages/airflow/example_dags/example_latest_only_with_trigger.py
[2024-08-26T15:38:35.527-0700] {processor.py:925} INFO - DAG(s) 'latest_only_with_trigger' retrieved from /home/jerson/airflow_venv/lib/python3.10/site-packages/airflow/example_dags/example_latest_only_with_trigger.py
[2024-08-26T15:38:35.544-0700] {logging_mixin.py:190} INFO - [2024-08-26T15:38:35.543-0700] {dag.py:3211} INFO - Sync 1 DAGs
[2024-08-26T15:38:35.564-0700] {logging_mixin.py:190} INFO - [2024-08-26T15:38:35.564-0700] {dag.py:4138} INFO - Setting next_dagrun for latest_only_with_trigger to 2024-08-26 16:00:00+00:00, run_after=2024-08-26 20:00:00+00:00
[2024-08-26T15:38:35.589-0700] {processor.py:208} INFO - Processing /home/jerson/airflow_venv/lib/python3.10/site-packages/airflow/example_dags/example_latest_only_with_trigger.py took 0.074 seconds
[2024-08-26T15:39:23.382-0700] {processor.py:186} INFO - Started process (PID=13941) to work on /home/jerson/airflow_venv/lib/python3.10/site-packages/airflow/example_dags/example_latest_only_with_trigger.py
[2024-08-26T15:39:23.382-0700] {processor.py:914} INFO - Processing file /home/jerson/airflow_venv/lib/python3.10/site-packages/airflow/example_dags/example_latest_only_with_trigger.py for tasks to queue
[2024-08-26T15:39:23.384-0700] {logging_mixin.py:190} INFO - [2024-08-26T15:39:23.383-0700] {dagbag.py:587} INFO - Filling up the DagBag from /home/jerson/airflow_venv/lib/python3.10/site-packages/airflow/example_dags/example_latest_only_with_trigger.py
[2024-08-26T15:39:23.388-0700] {processor.py:925} INFO - DAG(s) 'latest_only_with_trigger' retrieved from /home/jerson/airflow_venv/lib/python3.10/site-packages/airflow/example_dags/example_latest_only_with_trigger.py
[2024-08-26T15:39:23.397-0700] {logging_mixin.py:190} INFO - [2024-08-26T15:39:23.397-0700] {dag.py:3211} INFO - Sync 1 DAGs
[2024-08-26T15:39:23.408-0700] {logging_mixin.py:190} INFO - [2024-08-26T15:39:23.408-0700] {dag.py:4138} INFO - Setting next_dagrun for latest_only_with_trigger to 2024-08-26 16:00:00+00:00, run_after=2024-08-26 20:00:00+00:00
[2024-08-26T15:39:23.423-0700] {processor.py:208} INFO - Processing /home/jerson/airflow_venv/lib/python3.10/site-packages/airflow/example_dags/example_latest_only_with_trigger.py took 0.044 seconds
[2024-08-26T15:40:12.433-0700] {processor.py:186} INFO - Started process (PID=14443) to work on /home/jerson/airflow_venv/lib/python3.10/site-packages/airflow/example_dags/example_latest_only_with_trigger.py
[2024-08-26T15:40:12.434-0700] {processor.py:914} INFO - Processing file /home/jerson/airflow_venv/lib/python3.10/site-packages/airflow/example_dags/example_latest_only_with_trigger.py for tasks to queue
[2024-08-26T15:40:12.435-0700] {logging_mixin.py:190} INFO - [2024-08-26T15:40:12.435-0700] {dagbag.py:587} INFO - Filling up the DagBag from /home/jerson/airflow_venv/lib/python3.10/site-packages/airflow/example_dags/example_latest_only_with_trigger.py
[2024-08-26T15:40:12.441-0700] {processor.py:925} INFO - DAG(s) 'latest_only_with_trigger' retrieved from /home/jerson/airflow_venv/lib/python3.10/site-packages/airflow/example_dags/example_latest_only_with_trigger.py
[2024-08-26T15:40:12.451-0700] {logging_mixin.py:190} INFO - [2024-08-26T15:40:12.451-0700] {dag.py:3211} INFO - Sync 1 DAGs
[2024-08-26T15:40:12.463-0700] {logging_mixin.py:190} INFO - [2024-08-26T15:40:12.463-0700] {dag.py:4138} INFO - Setting next_dagrun for latest_only_with_trigger to 2024-08-26 16:00:00+00:00, run_after=2024-08-26 20:00:00+00:00
[2024-08-26T15:40:12.482-0700] {processor.py:208} INFO - Processing /home/jerson/airflow_venv/lib/python3.10/site-packages/airflow/example_dags/example_latest_only_with_trigger.py took 0.053 seconds
[2024-08-26T15:41:01.985-0700] {processor.py:186} INFO - Started process (PID=14892) to work on /home/jerson/airflow_venv/lib/python3.10/site-packages/airflow/example_dags/example_latest_only_with_trigger.py
[2024-08-26T15:41:01.986-0700] {processor.py:914} INFO - Processing file /home/jerson/airflow_venv/lib/python3.10/site-packages/airflow/example_dags/example_latest_only_with_trigger.py for tasks to queue
[2024-08-26T15:41:01.987-0700] {logging_mixin.py:190} INFO - [2024-08-26T15:41:01.987-0700] {dagbag.py:587} INFO - Filling up the DagBag from /home/jerson/airflow_venv/lib/python3.10/site-packages/airflow/example_dags/example_latest_only_with_trigger.py
[2024-08-26T15:41:01.991-0700] {processor.py:925} INFO - DAG(s) 'latest_only_with_trigger' retrieved from /home/jerson/airflow_venv/lib/python3.10/site-packages/airflow/example_dags/example_latest_only_with_trigger.py
[2024-08-26T15:41:02.000-0700] {logging_mixin.py:190} INFO - [2024-08-26T15:41:02.000-0700] {dag.py:3211} INFO - Sync 1 DAGs
[2024-08-26T15:41:02.011-0700] {logging_mixin.py:190} INFO - [2024-08-26T15:41:02.011-0700] {dag.py:4138} INFO - Setting next_dagrun for latest_only_with_trigger to 2024-08-26 16:00:00+00:00, run_after=2024-08-26 20:00:00+00:00
[2024-08-26T15:41:02.029-0700] {processor.py:208} INFO - Processing /home/jerson/airflow_venv/lib/python3.10/site-packages/airflow/example_dags/example_latest_only_with_trigger.py took 0.047 seconds
[2024-08-26T15:41:49.934-0700] {processor.py:186} INFO - Started process (PID=15299) to work on /home/jerson/airflow_venv/lib/python3.10/site-packages/airflow/example_dags/example_latest_only_with_trigger.py
[2024-08-26T15:41:50.159-0700] {processor.py:914} INFO - Processing file /home/jerson/airflow_venv/lib/python3.10/site-packages/airflow/example_dags/example_latest_only_with_trigger.py for tasks to queue
[2024-08-26T15:41:50.160-0700] {logging_mixin.py:190} INFO - [2024-08-26T15:41:50.160-0700] {dagbag.py:587} INFO - Filling up the DagBag from /home/jerson/airflow_venv/lib/python3.10/site-packages/airflow/example_dags/example_latest_only_with_trigger.py
[2024-08-26T15:41:50.165-0700] {processor.py:925} INFO - DAG(s) 'latest_only_with_trigger' retrieved from /home/jerson/airflow_venv/lib/python3.10/site-packages/airflow/example_dags/example_latest_only_with_trigger.py
[2024-08-26T15:41:50.175-0700] {logging_mixin.py:190} INFO - [2024-08-26T15:41:50.175-0700] {dag.py:3211} INFO - Sync 1 DAGs
[2024-08-26T15:41:50.189-0700] {logging_mixin.py:190} INFO - [2024-08-26T15:41:50.189-0700] {dag.py:4138} INFO - Setting next_dagrun for latest_only_with_trigger to 2024-08-26 16:00:00+00:00, run_after=2024-08-26 20:00:00+00:00
[2024-08-26T15:41:50.222-0700] {processor.py:208} INFO - Processing /home/jerson/airflow_venv/lib/python3.10/site-packages/airflow/example_dags/example_latest_only_with_trigger.py took 0.291 seconds
[2024-08-26T15:42:39.550-0700] {processor.py:186} INFO - Started process (PID=15798) to work on /home/jerson/airflow_venv/lib/python3.10/site-packages/airflow/example_dags/example_latest_only_with_trigger.py
[2024-08-26T15:42:39.551-0700] {processor.py:914} INFO - Processing file /home/jerson/airflow_venv/lib/python3.10/site-packages/airflow/example_dags/example_latest_only_with_trigger.py for tasks to queue
[2024-08-26T15:42:39.552-0700] {logging_mixin.py:190} INFO - [2024-08-26T15:42:39.552-0700] {dagbag.py:587} INFO - Filling up the DagBag from /home/jerson/airflow_venv/lib/python3.10/site-packages/airflow/example_dags/example_latest_only_with_trigger.py
[2024-08-26T15:42:39.557-0700] {processor.py:925} INFO - DAG(s) 'latest_only_with_trigger' retrieved from /home/jerson/airflow_venv/lib/python3.10/site-packages/airflow/example_dags/example_latest_only_with_trigger.py
[2024-08-26T15:42:39.568-0700] {logging_mixin.py:190} INFO - [2024-08-26T15:42:39.568-0700] {dag.py:3211} INFO - Sync 1 DAGs
[2024-08-26T15:42:39.580-0700] {logging_mixin.py:190} INFO - [2024-08-26T15:42:39.580-0700] {dag.py:4138} INFO - Setting next_dagrun for latest_only_with_trigger to 2024-08-26 16:00:00+00:00, run_after=2024-08-26 20:00:00+00:00
[2024-08-26T15:42:39.597-0700] {processor.py:208} INFO - Processing /home/jerson/airflow_venv/lib/python3.10/site-packages/airflow/example_dags/example_latest_only_with_trigger.py took 0.051 seconds
[2024-08-26T15:43:31.987-0700] {processor.py:186} INFO - Started process (PID=16345) to work on /home/jerson/airflow_venv/lib/python3.10/site-packages/airflow/example_dags/example_latest_only_with_trigger.py
[2024-08-26T15:43:31.988-0700] {processor.py:914} INFO - Processing file /home/jerson/airflow_venv/lib/python3.10/site-packages/airflow/example_dags/example_latest_only_with_trigger.py for tasks to queue
[2024-08-26T15:43:31.989-0700] {logging_mixin.py:190} INFO - [2024-08-26T15:43:31.989-0700] {dagbag.py:587} INFO - Filling up the DagBag from /home/jerson/airflow_venv/lib/python3.10/site-packages/airflow/example_dags/example_latest_only_with_trigger.py
[2024-08-26T15:43:31.994-0700] {processor.py:925} INFO - DAG(s) 'latest_only_with_trigger' retrieved from /home/jerson/airflow_venv/lib/python3.10/site-packages/airflow/example_dags/example_latest_only_with_trigger.py
[2024-08-26T15:43:32.004-0700] {logging_mixin.py:190} INFO - [2024-08-26T15:43:32.004-0700] {dag.py:3211} INFO - Sync 1 DAGs
[2024-08-26T15:43:32.016-0700] {logging_mixin.py:190} INFO - [2024-08-26T15:43:32.016-0700] {dag.py:4138} INFO - Setting next_dagrun for latest_only_with_trigger to 2024-08-26 16:00:00+00:00, run_after=2024-08-26 20:00:00+00:00
[2024-08-26T15:43:32.033-0700] {processor.py:208} INFO - Processing /home/jerson/airflow_venv/lib/python3.10/site-packages/airflow/example_dags/example_latest_only_with_trigger.py took 0.049 seconds
[2024-08-26T15:44:18.118-0700] {processor.py:186} INFO - Started process (PID=16715) to work on /home/jerson/airflow_venv/lib/python3.10/site-packages/airflow/example_dags/example_latest_only_with_trigger.py
[2024-08-26T15:44:18.119-0700] {processor.py:914} INFO - Processing file /home/jerson/airflow_venv/lib/python3.10/site-packages/airflow/example_dags/example_latest_only_with_trigger.py for tasks to queue
[2024-08-26T15:44:18.120-0700] {logging_mixin.py:190} INFO - [2024-08-26T15:44:18.120-0700] {dagbag.py:587} INFO - Filling up the DagBag from /home/jerson/airflow_venv/lib/python3.10/site-packages/airflow/example_dags/example_latest_only_with_trigger.py
[2024-08-26T15:44:18.124-0700] {processor.py:925} INFO - DAG(s) 'latest_only_with_trigger' retrieved from /home/jerson/airflow_venv/lib/python3.10/site-packages/airflow/example_dags/example_latest_only_with_trigger.py
[2024-08-26T15:44:18.134-0700] {logging_mixin.py:190} INFO - [2024-08-26T15:44:18.134-0700] {dag.py:3211} INFO - Sync 1 DAGs
[2024-08-26T15:44:18.146-0700] {logging_mixin.py:190} INFO - [2024-08-26T15:44:18.146-0700] {dag.py:4138} INFO - Setting next_dagrun for latest_only_with_trigger to 2024-08-26 16:00:00+00:00, run_after=2024-08-26 20:00:00+00:00
[2024-08-26T15:44:18.163-0700] {processor.py:208} INFO - Processing /home/jerson/airflow_venv/lib/python3.10/site-packages/airflow/example_dags/example_latest_only_with_trigger.py took 0.048 seconds
[2024-08-26T15:45:05.998-0700] {processor.py:186} INFO - Started process (PID=17100) to work on /home/jerson/airflow_venv/lib/python3.10/site-packages/airflow/example_dags/example_latest_only_with_trigger.py
[2024-08-26T15:45:05.999-0700] {processor.py:914} INFO - Processing file /home/jerson/airflow_venv/lib/python3.10/site-packages/airflow/example_dags/example_latest_only_with_trigger.py for tasks to queue
[2024-08-26T15:45:06.000-0700] {logging_mixin.py:190} INFO - [2024-08-26T15:45:06.000-0700] {dagbag.py:587} INFO - Filling up the DagBag from /home/jerson/airflow_venv/lib/python3.10/site-packages/airflow/example_dags/example_latest_only_with_trigger.py
[2024-08-26T15:45:06.004-0700] {processor.py:925} INFO - DAG(s) 'latest_only_with_trigger' retrieved from /home/jerson/airflow_venv/lib/python3.10/site-packages/airflow/example_dags/example_latest_only_with_trigger.py
[2024-08-26T15:45:06.014-0700] {logging_mixin.py:190} INFO - [2024-08-26T15:45:06.014-0700] {dag.py:3211} INFO - Sync 1 DAGs
[2024-08-26T15:45:06.026-0700] {logging_mixin.py:190} INFO - [2024-08-26T15:45:06.026-0700] {dag.py:4138} INFO - Setting next_dagrun for latest_only_with_trigger to 2024-08-26 16:00:00+00:00, run_after=2024-08-26 20:00:00+00:00
[2024-08-26T15:45:06.042-0700] {processor.py:208} INFO - Processing /home/jerson/airflow_venv/lib/python3.10/site-packages/airflow/example_dags/example_latest_only_with_trigger.py took 0.047 seconds
[2024-08-26T15:45:56.628-0700] {processor.py:186} INFO - Started process (PID=17566) to work on /home/jerson/airflow_venv/lib/python3.10/site-packages/airflow/example_dags/example_latest_only_with_trigger.py
[2024-08-26T15:45:56.629-0700] {processor.py:914} INFO - Processing file /home/jerson/airflow_venv/lib/python3.10/site-packages/airflow/example_dags/example_latest_only_with_trigger.py for tasks to queue
[2024-08-26T15:45:56.630-0700] {logging_mixin.py:190} INFO - [2024-08-26T15:45:56.629-0700] {dagbag.py:587} INFO - Filling up the DagBag from /home/jerson/airflow_venv/lib/python3.10/site-packages/airflow/example_dags/example_latest_only_with_trigger.py
[2024-08-26T15:45:56.634-0700] {processor.py:925} INFO - DAG(s) 'latest_only_with_trigger' retrieved from /home/jerson/airflow_venv/lib/python3.10/site-packages/airflow/example_dags/example_latest_only_with_trigger.py
[2024-08-26T15:45:56.643-0700] {logging_mixin.py:190} INFO - [2024-08-26T15:45:56.643-0700] {dag.py:3211} INFO - Sync 1 DAGs
[2024-08-26T15:45:56.655-0700] {logging_mixin.py:190} INFO - [2024-08-26T15:45:56.654-0700] {dag.py:4138} INFO - Setting next_dagrun for latest_only_with_trigger to 2024-08-26 16:00:00+00:00, run_after=2024-08-26 20:00:00+00:00
[2024-08-26T15:45:56.670-0700] {processor.py:208} INFO - Processing /home/jerson/airflow_venv/lib/python3.10/site-packages/airflow/example_dags/example_latest_only_with_trigger.py took 0.045 seconds
[2024-08-26T15:46:49.547-0700] {processor.py:186} INFO - Started process (PID=18035) to work on /home/jerson/airflow_venv/lib/python3.10/site-packages/airflow/example_dags/example_latest_only_with_trigger.py
[2024-08-26T15:46:49.548-0700] {processor.py:914} INFO - Processing file /home/jerson/airflow_venv/lib/python3.10/site-packages/airflow/example_dags/example_latest_only_with_trigger.py for tasks to queue
[2024-08-26T15:46:49.549-0700] {logging_mixin.py:190} INFO - [2024-08-26T15:46:49.548-0700] {dagbag.py:587} INFO - Filling up the DagBag from /home/jerson/airflow_venv/lib/python3.10/site-packages/airflow/example_dags/example_latest_only_with_trigger.py
[2024-08-26T15:46:49.553-0700] {processor.py:925} INFO - DAG(s) 'latest_only_with_trigger' retrieved from /home/jerson/airflow_venv/lib/python3.10/site-packages/airflow/example_dags/example_latest_only_with_trigger.py
[2024-08-26T15:46:49.562-0700] {logging_mixin.py:190} INFO - [2024-08-26T15:46:49.561-0700] {dag.py:3211} INFO - Sync 1 DAGs
[2024-08-26T15:46:49.573-0700] {logging_mixin.py:190} INFO - [2024-08-26T15:46:49.573-0700] {dag.py:4138} INFO - Setting next_dagrun for latest_only_with_trigger to 2024-08-26 16:00:00+00:00, run_after=2024-08-26 20:00:00+00:00
[2024-08-26T15:46:49.588-0700] {processor.py:208} INFO - Processing /home/jerson/airflow_venv/lib/python3.10/site-packages/airflow/example_dags/example_latest_only_with_trigger.py took 0.045 seconds
[2024-08-26T15:47:41.175-0700] {processor.py:186} INFO - Started process (PID=18481) to work on /home/jerson/airflow_venv/lib/python3.10/site-packages/airflow/example_dags/example_latest_only_with_trigger.py
[2024-08-26T15:47:41.176-0700] {processor.py:914} INFO - Processing file /home/jerson/airflow_venv/lib/python3.10/site-packages/airflow/example_dags/example_latest_only_with_trigger.py for tasks to queue
[2024-08-26T15:47:41.177-0700] {logging_mixin.py:190} INFO - [2024-08-26T15:47:41.177-0700] {dagbag.py:587} INFO - Filling up the DagBag from /home/jerson/airflow_venv/lib/python3.10/site-packages/airflow/example_dags/example_latest_only_with_trigger.py
[2024-08-26T15:47:41.181-0700] {processor.py:925} INFO - DAG(s) 'latest_only_with_trigger' retrieved from /home/jerson/airflow_venv/lib/python3.10/site-packages/airflow/example_dags/example_latest_only_with_trigger.py
[2024-08-26T15:47:41.192-0700] {logging_mixin.py:190} INFO - [2024-08-26T15:47:41.192-0700] {dag.py:3211} INFO - Sync 1 DAGs
[2024-08-26T15:47:41.205-0700] {logging_mixin.py:190} INFO - [2024-08-26T15:47:41.204-0700] {dag.py:4138} INFO - Setting next_dagrun for latest_only_with_trigger to 2024-08-26 16:00:00+00:00, run_after=2024-08-26 20:00:00+00:00
[2024-08-26T15:47:41.221-0700] {processor.py:208} INFO - Processing /home/jerson/airflow_venv/lib/python3.10/site-packages/airflow/example_dags/example_latest_only_with_trigger.py took 0.051 seconds
[2024-08-26T15:48:30.669-0700] {processor.py:186} INFO - Started process (PID=18970) to work on /home/jerson/airflow_venv/lib/python3.10/site-packages/airflow/example_dags/example_latest_only_with_trigger.py
[2024-08-26T15:48:30.670-0700] {processor.py:914} INFO - Processing file /home/jerson/airflow_venv/lib/python3.10/site-packages/airflow/example_dags/example_latest_only_with_trigger.py for tasks to queue
[2024-08-26T15:48:30.671-0700] {logging_mixin.py:190} INFO - [2024-08-26T15:48:30.670-0700] {dagbag.py:587} INFO - Filling up the DagBag from /home/jerson/airflow_venv/lib/python3.10/site-packages/airflow/example_dags/example_latest_only_with_trigger.py
[2024-08-26T15:48:30.675-0700] {processor.py:925} INFO - DAG(s) 'latest_only_with_trigger' retrieved from /home/jerson/airflow_venv/lib/python3.10/site-packages/airflow/example_dags/example_latest_only_with_trigger.py
[2024-08-26T15:48:30.684-0700] {logging_mixin.py:190} INFO - [2024-08-26T15:48:30.684-0700] {dag.py:3211} INFO - Sync 1 DAGs
[2024-08-26T15:48:30.695-0700] {logging_mixin.py:190} INFO - [2024-08-26T15:48:30.695-0700] {dag.py:4138} INFO - Setting next_dagrun for latest_only_with_trigger to 2024-08-26 16:00:00+00:00, run_after=2024-08-26 20:00:00+00:00
[2024-08-26T15:48:30.711-0700] {processor.py:208} INFO - Processing /home/jerson/airflow_venv/lib/python3.10/site-packages/airflow/example_dags/example_latest_only_with_trigger.py took 0.046 seconds
[2024-08-26T15:49:20.187-0700] {processor.py:186} INFO - Started process (PID=19685) to work on /home/jerson/airflow_venv/lib/python3.10/site-packages/airflow/example_dags/example_latest_only_with_trigger.py
[2024-08-26T15:49:20.188-0700] {processor.py:914} INFO - Processing file /home/jerson/airflow_venv/lib/python3.10/site-packages/airflow/example_dags/example_latest_only_with_trigger.py for tasks to queue
[2024-08-26T15:49:20.189-0700] {logging_mixin.py:190} INFO - [2024-08-26T15:49:20.189-0700] {dagbag.py:587} INFO - Filling up the DagBag from /home/jerson/airflow_venv/lib/python3.10/site-packages/airflow/example_dags/example_latest_only_with_trigger.py
[2024-08-26T15:49:20.193-0700] {processor.py:925} INFO - DAG(s) 'latest_only_with_trigger' retrieved from /home/jerson/airflow_venv/lib/python3.10/site-packages/airflow/example_dags/example_latest_only_with_trigger.py
[2024-08-26T15:49:20.202-0700] {logging_mixin.py:190} INFO - [2024-08-26T15:49:20.202-0700] {dag.py:3211} INFO - Sync 1 DAGs
[2024-08-26T15:49:20.213-0700] {logging_mixin.py:190} INFO - [2024-08-26T15:49:20.213-0700] {dag.py:4138} INFO - Setting next_dagrun for latest_only_with_trigger to 2024-08-26 16:00:00+00:00, run_after=2024-08-26 20:00:00+00:00
[2024-08-26T15:49:20.233-0700] {processor.py:208} INFO - Processing /home/jerson/airflow_venv/lib/python3.10/site-packages/airflow/example_dags/example_latest_only_with_trigger.py took 0.050 seconds
[2024-08-26T15:50:09.972-0700] {processor.py:186} INFO - Started process (PID=20245) to work on /home/jerson/airflow_venv/lib/python3.10/site-packages/airflow/example_dags/example_latest_only_with_trigger.py
[2024-08-26T15:50:09.972-0700] {processor.py:914} INFO - Processing file /home/jerson/airflow_venv/lib/python3.10/site-packages/airflow/example_dags/example_latest_only_with_trigger.py for tasks to queue
[2024-08-26T15:50:09.973-0700] {logging_mixin.py:190} INFO - [2024-08-26T15:50:09.973-0700] {dagbag.py:587} INFO - Filling up the DagBag from /home/jerson/airflow_venv/lib/python3.10/site-packages/airflow/example_dags/example_latest_only_with_trigger.py
[2024-08-26T15:50:09.978-0700] {processor.py:925} INFO - DAG(s) 'latest_only_with_trigger' retrieved from /home/jerson/airflow_venv/lib/python3.10/site-packages/airflow/example_dags/example_latest_only_with_trigger.py
[2024-08-26T15:50:09.987-0700] {logging_mixin.py:190} INFO - [2024-08-26T15:50:09.987-0700] {dag.py:3211} INFO - Sync 1 DAGs
[2024-08-26T15:50:09.999-0700] {logging_mixin.py:190} INFO - [2024-08-26T15:50:09.999-0700] {dag.py:4138} INFO - Setting next_dagrun for latest_only_with_trigger to 2024-08-26 16:00:00+00:00, run_after=2024-08-26 20:00:00+00:00
[2024-08-26T15:50:10.013-0700] {processor.py:208} INFO - Processing /home/jerson/airflow_venv/lib/python3.10/site-packages/airflow/example_dags/example_latest_only_with_trigger.py took 0.046 seconds
[2024-08-26T15:50:22.725-0700] {processor.py:186} INFO - Started process (PID=20408) to work on /home/jerson/airflow_venv/lib/python3.10/site-packages/airflow/example_dags/example_latest_only_with_trigger.py
[2024-08-26T15:50:22.726-0700] {processor.py:914} INFO - Processing file /home/jerson/airflow_venv/lib/python3.10/site-packages/airflow/example_dags/example_latest_only_with_trigger.py for tasks to queue
[2024-08-26T15:50:22.727-0700] {logging_mixin.py:190} INFO - [2024-08-26T15:50:22.727-0700] {dagbag.py:587} INFO - Filling up the DagBag from /home/jerson/airflow_venv/lib/python3.10/site-packages/airflow/example_dags/example_latest_only_with_trigger.py
[2024-08-26T15:50:22.731-0700] {processor.py:925} INFO - DAG(s) 'latest_only_with_trigger' retrieved from /home/jerson/airflow_venv/lib/python3.10/site-packages/airflow/example_dags/example_latest_only_with_trigger.py
[2024-08-26T15:50:22.742-0700] {logging_mixin.py:190} INFO - [2024-08-26T15:50:22.742-0700] {dag.py:3211} INFO - Sync 1 DAGs
[2024-08-26T15:50:22.754-0700] {logging_mixin.py:190} INFO - [2024-08-26T15:50:22.754-0700] {dag.py:4138} INFO - Setting next_dagrun for latest_only_with_trigger to 2024-08-26 16:00:00+00:00, run_after=2024-08-26 20:00:00+00:00
[2024-08-26T15:50:22.770-0700] {processor.py:208} INFO - Processing /home/jerson/airflow_venv/lib/python3.10/site-packages/airflow/example_dags/example_latest_only_with_trigger.py took 0.048 seconds
[2024-08-26T15:50:57.353-0700] {processor.py:186} INFO - Started process (PID=20816) to work on /home/jerson/airflow_venv/lib/python3.10/site-packages/airflow/example_dags/example_latest_only_with_trigger.py
[2024-08-26T15:50:57.354-0700] {processor.py:914} INFO - Processing file /home/jerson/airflow_venv/lib/python3.10/site-packages/airflow/example_dags/example_latest_only_with_trigger.py for tasks to queue
[2024-08-26T15:50:57.355-0700] {logging_mixin.py:190} INFO - [2024-08-26T15:50:57.355-0700] {dagbag.py:587} INFO - Filling up the DagBag from /home/jerson/airflow_venv/lib/python3.10/site-packages/airflow/example_dags/example_latest_only_with_trigger.py
[2024-08-26T15:50:57.360-0700] {processor.py:925} INFO - DAG(s) 'latest_only_with_trigger' retrieved from /home/jerson/airflow_venv/lib/python3.10/site-packages/airflow/example_dags/example_latest_only_with_trigger.py
[2024-08-26T15:50:57.369-0700] {logging_mixin.py:190} INFO - [2024-08-26T15:50:57.369-0700] {dag.py:3211} INFO - Sync 1 DAGs
[2024-08-26T15:50:57.380-0700] {logging_mixin.py:190} INFO - [2024-08-26T15:50:57.380-0700] {dag.py:4138} INFO - Setting next_dagrun for latest_only_with_trigger to 2024-08-26 16:00:00+00:00, run_after=2024-08-26 20:00:00+00:00
[2024-08-26T15:50:57.395-0700] {processor.py:208} INFO - Processing /home/jerson/airflow_venv/lib/python3.10/site-packages/airflow/example_dags/example_latest_only_with_trigger.py took 0.047 seconds
[2024-08-26T15:51:17.816-0700] {processor.py:186} INFO - Started process (PID=21035) to work on /home/jerson/airflow_venv/lib/python3.10/site-packages/airflow/example_dags/example_latest_only_with_trigger.py
[2024-08-26T15:51:17.817-0700] {processor.py:914} INFO - Processing file /home/jerson/airflow_venv/lib/python3.10/site-packages/airflow/example_dags/example_latest_only_with_trigger.py for tasks to queue
[2024-08-26T15:51:17.818-0700] {logging_mixin.py:190} INFO - [2024-08-26T15:51:17.818-0700] {dagbag.py:587} INFO - Filling up the DagBag from /home/jerson/airflow_venv/lib/python3.10/site-packages/airflow/example_dags/example_latest_only_with_trigger.py
[2024-08-26T15:51:17.822-0700] {processor.py:925} INFO - DAG(s) 'latest_only_with_trigger' retrieved from /home/jerson/airflow_venv/lib/python3.10/site-packages/airflow/example_dags/example_latest_only_with_trigger.py
[2024-08-26T15:51:17.832-0700] {logging_mixin.py:190} INFO - [2024-08-26T15:51:17.832-0700] {dag.py:3211} INFO - Sync 1 DAGs
[2024-08-26T15:51:17.844-0700] {logging_mixin.py:190} INFO - [2024-08-26T15:51:17.844-0700] {dag.py:4138} INFO - Setting next_dagrun for latest_only_with_trigger to 2024-08-26 16:00:00+00:00, run_after=2024-08-26 20:00:00+00:00
[2024-08-26T15:51:17.859-0700] {processor.py:208} INFO - Processing /home/jerson/airflow_venv/lib/python3.10/site-packages/airflow/example_dags/example_latest_only_with_trigger.py took 0.046 seconds
[2024-08-26T15:52:10.296-0700] {processor.py:186} INFO - Started process (PID=21596) to work on /home/jerson/airflow_venv/lib/python3.10/site-packages/airflow/example_dags/example_latest_only_with_trigger.py
[2024-08-26T15:52:10.297-0700] {processor.py:914} INFO - Processing file /home/jerson/airflow_venv/lib/python3.10/site-packages/airflow/example_dags/example_latest_only_with_trigger.py for tasks to queue
[2024-08-26T15:52:10.299-0700] {logging_mixin.py:190} INFO - [2024-08-26T15:52:10.299-0700] {dagbag.py:587} INFO - Filling up the DagBag from /home/jerson/airflow_venv/lib/python3.10/site-packages/airflow/example_dags/example_latest_only_with_trigger.py
[2024-08-26T15:52:10.303-0700] {processor.py:925} INFO - DAG(s) 'latest_only_with_trigger' retrieved from /home/jerson/airflow_venv/lib/python3.10/site-packages/airflow/example_dags/example_latest_only_with_trigger.py
[2024-08-26T15:52:10.312-0700] {logging_mixin.py:190} INFO - [2024-08-26T15:52:10.312-0700] {dag.py:3211} INFO - Sync 1 DAGs
[2024-08-26T15:52:10.325-0700] {logging_mixin.py:190} INFO - [2024-08-26T15:52:10.325-0700] {dag.py:4138} INFO - Setting next_dagrun for latest_only_with_trigger to 2024-08-26 16:00:00+00:00, run_after=2024-08-26 20:00:00+00:00
[2024-08-26T15:52:10.342-0700] {processor.py:208} INFO - Processing /home/jerson/airflow_venv/lib/python3.10/site-packages/airflow/example_dags/example_latest_only_with_trigger.py took 0.049 seconds
[2024-08-26T15:53:02.184-0700] {processor.py:186} INFO - Started process (PID=22067) to work on /home/jerson/airflow_venv/lib/python3.10/site-packages/airflow/example_dags/example_latest_only_with_trigger.py
[2024-08-26T15:53:02.185-0700] {processor.py:914} INFO - Processing file /home/jerson/airflow_venv/lib/python3.10/site-packages/airflow/example_dags/example_latest_only_with_trigger.py for tasks to queue
[2024-08-26T15:53:02.187-0700] {logging_mixin.py:190} INFO - [2024-08-26T15:53:02.186-0700] {dagbag.py:587} INFO - Filling up the DagBag from /home/jerson/airflow_venv/lib/python3.10/site-packages/airflow/example_dags/example_latest_only_with_trigger.py
[2024-08-26T15:53:02.191-0700] {processor.py:925} INFO - DAG(s) 'latest_only_with_trigger' retrieved from /home/jerson/airflow_venv/lib/python3.10/site-packages/airflow/example_dags/example_latest_only_with_trigger.py
[2024-08-26T15:53:02.202-0700] {logging_mixin.py:190} INFO - [2024-08-26T15:53:02.201-0700] {dag.py:3211} INFO - Sync 1 DAGs
[2024-08-26T15:53:02.214-0700] {logging_mixin.py:190} INFO - [2024-08-26T15:53:02.214-0700] {dag.py:4138} INFO - Setting next_dagrun for latest_only_with_trigger to 2024-08-26 16:00:00+00:00, run_after=2024-08-26 20:00:00+00:00
[2024-08-26T15:53:02.233-0700] {processor.py:208} INFO - Processing /home/jerson/airflow_venv/lib/python3.10/site-packages/airflow/example_dags/example_latest_only_with_trigger.py took 0.052 seconds
[2024-08-26T15:54:14.638-0700] {processor.py:186} INFO - Started process (PID=22787) to work on /home/jerson/airflow_venv/lib/python3.10/site-packages/airflow/example_dags/example_latest_only_with_trigger.py
[2024-08-26T15:54:14.639-0700] {processor.py:914} INFO - Processing file /home/jerson/airflow_venv/lib/python3.10/site-packages/airflow/example_dags/example_latest_only_with_trigger.py for tasks to queue
[2024-08-26T15:54:14.640-0700] {logging_mixin.py:190} INFO - [2024-08-26T15:54:14.640-0700] {dagbag.py:587} INFO - Filling up the DagBag from /home/jerson/airflow_venv/lib/python3.10/site-packages/airflow/example_dags/example_latest_only_with_trigger.py
[2024-08-26T15:54:14.645-0700] {processor.py:925} INFO - DAG(s) 'latest_only_with_trigger' retrieved from /home/jerson/airflow_venv/lib/python3.10/site-packages/airflow/example_dags/example_latest_only_with_trigger.py
[2024-08-26T15:54:14.659-0700] {logging_mixin.py:190} INFO - [2024-08-26T15:54:14.658-0700] {dag.py:3211} INFO - Sync 1 DAGs
[2024-08-26T15:54:14.674-0700] {logging_mixin.py:190} INFO - [2024-08-26T15:54:14.674-0700] {dag.py:4138} INFO - Setting next_dagrun for latest_only_with_trigger to 2024-08-26 16:00:00+00:00, run_after=2024-08-26 20:00:00+00:00
[2024-08-26T15:54:14.690-0700] {processor.py:208} INFO - Processing /home/jerson/airflow_venv/lib/python3.10/site-packages/airflow/example_dags/example_latest_only_with_trigger.py took 0.055 seconds
[2024-08-26T15:55:29.349-0700] {processor.py:186} INFO - Started process (PID=23458) to work on /home/jerson/airflow_venv/lib/python3.10/site-packages/airflow/example_dags/example_latest_only_with_trigger.py
[2024-08-26T15:55:29.350-0700] {processor.py:914} INFO - Processing file /home/jerson/airflow_venv/lib/python3.10/site-packages/airflow/example_dags/example_latest_only_with_trigger.py for tasks to queue
[2024-08-26T15:55:29.351-0700] {logging_mixin.py:190} INFO - [2024-08-26T15:55:29.351-0700] {dagbag.py:587} INFO - Filling up the DagBag from /home/jerson/airflow_venv/lib/python3.10/site-packages/airflow/example_dags/example_latest_only_with_trigger.py
[2024-08-26T15:55:29.355-0700] {processor.py:925} INFO - DAG(s) 'latest_only_with_trigger' retrieved from /home/jerson/airflow_venv/lib/python3.10/site-packages/airflow/example_dags/example_latest_only_with_trigger.py
[2024-08-26T15:55:29.365-0700] {logging_mixin.py:190} INFO - [2024-08-26T15:55:29.365-0700] {dag.py:3211} INFO - Sync 1 DAGs
[2024-08-26T15:55:29.376-0700] {logging_mixin.py:190} INFO - [2024-08-26T15:55:29.376-0700] {dag.py:4138} INFO - Setting next_dagrun for latest_only_with_trigger to 2024-08-26 16:00:00+00:00, run_after=2024-08-26 20:00:00+00:00
[2024-08-26T15:55:29.391-0700] {processor.py:208} INFO - Processing /home/jerson/airflow_venv/lib/python3.10/site-packages/airflow/example_dags/example_latest_only_with_trigger.py took 0.045 seconds
[2024-08-26T15:56:24.445-0700] {processor.py:186} INFO - Started process (PID=24066) to work on /home/jerson/airflow_venv/lib/python3.10/site-packages/airflow/example_dags/example_latest_only_with_trigger.py
[2024-08-26T15:56:24.446-0700] {processor.py:914} INFO - Processing file /home/jerson/airflow_venv/lib/python3.10/site-packages/airflow/example_dags/example_latest_only_with_trigger.py for tasks to queue
[2024-08-26T15:56:24.447-0700] {logging_mixin.py:190} INFO - [2024-08-26T15:56:24.447-0700] {dagbag.py:587} INFO - Filling up the DagBag from /home/jerson/airflow_venv/lib/python3.10/site-packages/airflow/example_dags/example_latest_only_with_trigger.py
[2024-08-26T15:56:24.451-0700] {processor.py:925} INFO - DAG(s) 'latest_only_with_trigger' retrieved from /home/jerson/airflow_venv/lib/python3.10/site-packages/airflow/example_dags/example_latest_only_with_trigger.py
[2024-08-26T15:56:24.461-0700] {logging_mixin.py:190} INFO - [2024-08-26T15:56:24.460-0700] {dag.py:3211} INFO - Sync 1 DAGs
[2024-08-26T15:56:24.472-0700] {logging_mixin.py:190} INFO - [2024-08-26T15:56:24.471-0700] {dag.py:4138} INFO - Setting next_dagrun for latest_only_with_trigger to 2024-08-26 16:00:00+00:00, run_after=2024-08-26 20:00:00+00:00
[2024-08-26T15:56:24.486-0700] {processor.py:208} INFO - Processing /home/jerson/airflow_venv/lib/python3.10/site-packages/airflow/example_dags/example_latest_only_with_trigger.py took 0.044 seconds
[2024-08-26T15:57:23.163-0700] {processor.py:186} INFO - Started process (PID=24919) to work on /home/jerson/airflow_venv/lib/python3.10/site-packages/airflow/example_dags/example_latest_only_with_trigger.py
[2024-08-26T15:57:23.163-0700] {processor.py:914} INFO - Processing file /home/jerson/airflow_venv/lib/python3.10/site-packages/airflow/example_dags/example_latest_only_with_trigger.py for tasks to queue
[2024-08-26T15:57:23.165-0700] {logging_mixin.py:190} INFO - [2024-08-26T15:57:23.165-0700] {dagbag.py:587} INFO - Filling up the DagBag from /home/jerson/airflow_venv/lib/python3.10/site-packages/airflow/example_dags/example_latest_only_with_trigger.py
[2024-08-26T15:57:23.169-0700] {processor.py:925} INFO - DAG(s) 'latest_only_with_trigger' retrieved from /home/jerson/airflow_venv/lib/python3.10/site-packages/airflow/example_dags/example_latest_only_with_trigger.py
[2024-08-26T15:57:23.178-0700] {logging_mixin.py:190} INFO - [2024-08-26T15:57:23.178-0700] {dag.py:3211} INFO - Sync 1 DAGs
[2024-08-26T15:57:23.189-0700] {logging_mixin.py:190} INFO - [2024-08-26T15:57:23.189-0700] {dag.py:4138} INFO - Setting next_dagrun for latest_only_with_trigger to 2024-08-26 16:00:00+00:00, run_after=2024-08-26 20:00:00+00:00
[2024-08-26T15:57:23.205-0700] {processor.py:208} INFO - Processing /home/jerson/airflow_venv/lib/python3.10/site-packages/airflow/example_dags/example_latest_only_with_trigger.py took 0.045 seconds
[2024-08-26T15:58:13.814-0700] {processor.py:186} INFO - Started process (PID=25321) to work on /home/jerson/airflow_venv/lib/python3.10/site-packages/airflow/example_dags/example_latest_only_with_trigger.py
[2024-08-26T15:58:13.815-0700] {processor.py:914} INFO - Processing file /home/jerson/airflow_venv/lib/python3.10/site-packages/airflow/example_dags/example_latest_only_with_trigger.py for tasks to queue
[2024-08-26T15:58:13.817-0700] {logging_mixin.py:190} INFO - [2024-08-26T15:58:13.816-0700] {dagbag.py:587} INFO - Filling up the DagBag from /home/jerson/airflow_venv/lib/python3.10/site-packages/airflow/example_dags/example_latest_only_with_trigger.py
[2024-08-26T15:58:13.821-0700] {processor.py:925} INFO - DAG(s) 'latest_only_with_trigger' retrieved from /home/jerson/airflow_venv/lib/python3.10/site-packages/airflow/example_dags/example_latest_only_with_trigger.py
[2024-08-26T15:58:13.830-0700] {logging_mixin.py:190} INFO - [2024-08-26T15:58:13.830-0700] {dag.py:3211} INFO - Sync 1 DAGs
[2024-08-26T15:58:13.840-0700] {logging_mixin.py:190} INFO - [2024-08-26T15:58:13.840-0700] {dag.py:4138} INFO - Setting next_dagrun for latest_only_with_trigger to 2024-08-26 16:00:00+00:00, run_after=2024-08-26 20:00:00+00:00
[2024-08-26T15:58:13.857-0700] {processor.py:208} INFO - Processing /home/jerson/airflow_venv/lib/python3.10/site-packages/airflow/example_dags/example_latest_only_with_trigger.py took 0.045 seconds
[2024-08-26T15:59:06.694-0700] {processor.py:186} INFO - Started process (PID=25739) to work on /home/jerson/airflow_venv/lib/python3.10/site-packages/airflow/example_dags/example_latest_only_with_trigger.py
[2024-08-26T15:59:06.695-0700] {processor.py:914} INFO - Processing file /home/jerson/airflow_venv/lib/python3.10/site-packages/airflow/example_dags/example_latest_only_with_trigger.py for tasks to queue
[2024-08-26T15:59:06.697-0700] {logging_mixin.py:190} INFO - [2024-08-26T15:59:06.696-0700] {dagbag.py:587} INFO - Filling up the DagBag from /home/jerson/airflow_venv/lib/python3.10/site-packages/airflow/example_dags/example_latest_only_with_trigger.py
[2024-08-26T15:59:06.701-0700] {processor.py:925} INFO - DAG(s) 'latest_only_with_trigger' retrieved from /home/jerson/airflow_venv/lib/python3.10/site-packages/airflow/example_dags/example_latest_only_with_trigger.py
[2024-08-26T15:59:06.710-0700] {logging_mixin.py:190} INFO - [2024-08-26T15:59:06.709-0700] {dag.py:3211} INFO - Sync 1 DAGs
[2024-08-26T15:59:06.720-0700] {logging_mixin.py:190} INFO - [2024-08-26T15:59:06.720-0700] {dag.py:4138} INFO - Setting next_dagrun for latest_only_with_trigger to 2024-08-26 16:00:00+00:00, run_after=2024-08-26 20:00:00+00:00
[2024-08-26T15:59:06.735-0700] {processor.py:208} INFO - Processing /home/jerson/airflow_venv/lib/python3.10/site-packages/airflow/example_dags/example_latest_only_with_trigger.py took 0.044 seconds
[2024-08-26T15:59:58.307-0700] {processor.py:186} INFO - Started process (PID=26157) to work on /home/jerson/airflow_venv/lib/python3.10/site-packages/airflow/example_dags/example_latest_only_with_trigger.py
[2024-08-26T15:59:58.308-0700] {processor.py:914} INFO - Processing file /home/jerson/airflow_venv/lib/python3.10/site-packages/airflow/example_dags/example_latest_only_with_trigger.py for tasks to queue
[2024-08-26T15:59:58.309-0700] {logging_mixin.py:190} INFO - [2024-08-26T15:59:58.309-0700] {dagbag.py:587} INFO - Filling up the DagBag from /home/jerson/airflow_venv/lib/python3.10/site-packages/airflow/example_dags/example_latest_only_with_trigger.py
[2024-08-26T15:59:58.314-0700] {processor.py:925} INFO - DAG(s) 'latest_only_with_trigger' retrieved from /home/jerson/airflow_venv/lib/python3.10/site-packages/airflow/example_dags/example_latest_only_with_trigger.py
[2024-08-26T15:59:58.322-0700] {logging_mixin.py:190} INFO - [2024-08-26T15:59:58.322-0700] {dag.py:3211} INFO - Sync 1 DAGs
[2024-08-26T15:59:58.333-0700] {logging_mixin.py:190} INFO - [2024-08-26T15:59:58.333-0700] {dag.py:4138} INFO - Setting next_dagrun for latest_only_with_trigger to 2024-08-26 16:00:00+00:00, run_after=2024-08-26 20:00:00+00:00
[2024-08-26T15:59:58.348-0700] {processor.py:208} INFO - Processing /home/jerson/airflow_venv/lib/python3.10/site-packages/airflow/example_dags/example_latest_only_with_trigger.py took 0.044 seconds
[2024-08-26T16:00:45.523-0700] {processor.py:186} INFO - Started process (PID=26561) to work on /home/jerson/airflow_venv/lib/python3.10/site-packages/airflow/example_dags/example_latest_only_with_trigger.py
[2024-08-26T16:00:45.524-0700] {processor.py:914} INFO - Processing file /home/jerson/airflow_venv/lib/python3.10/site-packages/airflow/example_dags/example_latest_only_with_trigger.py for tasks to queue
[2024-08-26T16:00:45.525-0700] {logging_mixin.py:190} INFO - [2024-08-26T16:00:45.525-0700] {dagbag.py:587} INFO - Filling up the DagBag from /home/jerson/airflow_venv/lib/python3.10/site-packages/airflow/example_dags/example_latest_only_with_trigger.py
[2024-08-26T16:00:45.529-0700] {processor.py:925} INFO - DAG(s) 'latest_only_with_trigger' retrieved from /home/jerson/airflow_venv/lib/python3.10/site-packages/airflow/example_dags/example_latest_only_with_trigger.py
[2024-08-26T16:00:45.538-0700] {logging_mixin.py:190} INFO - [2024-08-26T16:00:45.538-0700] {dag.py:3211} INFO - Sync 1 DAGs
[2024-08-26T16:00:45.549-0700] {logging_mixin.py:190} INFO - [2024-08-26T16:00:45.549-0700] {dag.py:4138} INFO - Setting next_dagrun for latest_only_with_trigger to 2024-08-26 16:00:00+00:00, run_after=2024-08-26 20:00:00+00:00
[2024-08-26T16:00:45.564-0700] {processor.py:208} INFO - Processing /home/jerson/airflow_venv/lib/python3.10/site-packages/airflow/example_dags/example_latest_only_with_trigger.py took 0.044 seconds
[2024-08-26T16:01:32.848-0700] {processor.py:186} INFO - Started process (PID=26936) to work on /home/jerson/airflow_venv/lib/python3.10/site-packages/airflow/example_dags/example_latest_only_with_trigger.py
[2024-08-26T16:01:32.849-0700] {processor.py:914} INFO - Processing file /home/jerson/airflow_venv/lib/python3.10/site-packages/airflow/example_dags/example_latest_only_with_trigger.py for tasks to queue
[2024-08-26T16:01:32.850-0700] {logging_mixin.py:190} INFO - [2024-08-26T16:01:32.850-0700] {dagbag.py:587} INFO - Filling up the DagBag from /home/jerson/airflow_venv/lib/python3.10/site-packages/airflow/example_dags/example_latest_only_with_trigger.py
[2024-08-26T16:01:32.854-0700] {processor.py:925} INFO - DAG(s) 'latest_only_with_trigger' retrieved from /home/jerson/airflow_venv/lib/python3.10/site-packages/airflow/example_dags/example_latest_only_with_trigger.py
[2024-08-26T16:01:32.864-0700] {logging_mixin.py:190} INFO - [2024-08-26T16:01:32.863-0700] {dag.py:3211} INFO - Sync 1 DAGs
[2024-08-26T16:01:32.875-0700] {logging_mixin.py:190} INFO - [2024-08-26T16:01:32.875-0700] {dag.py:4138} INFO - Setting next_dagrun for latest_only_with_trigger to 2024-08-26 16:00:00+00:00, run_after=2024-08-26 20:00:00+00:00
[2024-08-26T16:01:32.892-0700] {processor.py:208} INFO - Processing /home/jerson/airflow_venv/lib/python3.10/site-packages/airflow/example_dags/example_latest_only_with_trigger.py took 0.048 seconds
[2024-08-26T16:02:24.318-0700] {processor.py:186} INFO - Started process (PID=27348) to work on /home/jerson/airflow_venv/lib/python3.10/site-packages/airflow/example_dags/example_latest_only_with_trigger.py
[2024-08-26T16:02:24.319-0700] {processor.py:914} INFO - Processing file /home/jerson/airflow_venv/lib/python3.10/site-packages/airflow/example_dags/example_latest_only_with_trigger.py for tasks to queue
[2024-08-26T16:02:24.320-0700] {logging_mixin.py:190} INFO - [2024-08-26T16:02:24.320-0700] {dagbag.py:587} INFO - Filling up the DagBag from /home/jerson/airflow_venv/lib/python3.10/site-packages/airflow/example_dags/example_latest_only_with_trigger.py
[2024-08-26T16:02:24.324-0700] {processor.py:925} INFO - DAG(s) 'latest_only_with_trigger' retrieved from /home/jerson/airflow_venv/lib/python3.10/site-packages/airflow/example_dags/example_latest_only_with_trigger.py
[2024-08-26T16:02:24.334-0700] {logging_mixin.py:190} INFO - [2024-08-26T16:02:24.334-0700] {dag.py:3211} INFO - Sync 1 DAGs
[2024-08-26T16:02:24.345-0700] {logging_mixin.py:190} INFO - [2024-08-26T16:02:24.345-0700] {dag.py:4138} INFO - Setting next_dagrun for latest_only_with_trigger to 2024-08-26 16:00:00+00:00, run_after=2024-08-26 20:00:00+00:00
[2024-08-26T16:02:24.368-0700] {processor.py:208} INFO - Processing /home/jerson/airflow_venv/lib/python3.10/site-packages/airflow/example_dags/example_latest_only_with_trigger.py took 0.054 seconds
[2024-08-26T16:03:13.053-0700] {processor.py:186} INFO - Started process (PID=27737) to work on /home/jerson/airflow_venv/lib/python3.10/site-packages/airflow/example_dags/example_latest_only_with_trigger.py
[2024-08-26T16:03:13.054-0700] {processor.py:914} INFO - Processing file /home/jerson/airflow_venv/lib/python3.10/site-packages/airflow/example_dags/example_latest_only_with_trigger.py for tasks to queue
[2024-08-26T16:03:13.055-0700] {logging_mixin.py:190} INFO - [2024-08-26T16:03:13.055-0700] {dagbag.py:587} INFO - Filling up the DagBag from /home/jerson/airflow_venv/lib/python3.10/site-packages/airflow/example_dags/example_latest_only_with_trigger.py
[2024-08-26T16:03:13.059-0700] {processor.py:925} INFO - DAG(s) 'latest_only_with_trigger' retrieved from /home/jerson/airflow_venv/lib/python3.10/site-packages/airflow/example_dags/example_latest_only_with_trigger.py
[2024-08-26T16:03:13.069-0700] {logging_mixin.py:190} INFO - [2024-08-26T16:03:13.068-0700] {dag.py:3211} INFO - Sync 1 DAGs
[2024-08-26T16:03:13.079-0700] {logging_mixin.py:190} INFO - [2024-08-26T16:03:13.079-0700] {dag.py:4138} INFO - Setting next_dagrun for latest_only_with_trigger to 2024-08-26 16:00:00+00:00, run_after=2024-08-26 20:00:00+00:00
[2024-08-26T16:03:13.095-0700] {processor.py:208} INFO - Processing /home/jerson/airflow_venv/lib/python3.10/site-packages/airflow/example_dags/example_latest_only_with_trigger.py took 0.045 seconds
[2024-08-26T16:04:01.863-0700] {processor.py:186} INFO - Started process (PID=28125) to work on /home/jerson/airflow_venv/lib/python3.10/site-packages/airflow/example_dags/example_latest_only_with_trigger.py
[2024-08-26T16:04:01.864-0700] {processor.py:914} INFO - Processing file /home/jerson/airflow_venv/lib/python3.10/site-packages/airflow/example_dags/example_latest_only_with_trigger.py for tasks to queue
[2024-08-26T16:04:01.865-0700] {logging_mixin.py:190} INFO - [2024-08-26T16:04:01.865-0700] {dagbag.py:587} INFO - Filling up the DagBag from /home/jerson/airflow_venv/lib/python3.10/site-packages/airflow/example_dags/example_latest_only_with_trigger.py
[2024-08-26T16:04:01.869-0700] {processor.py:925} INFO - DAG(s) 'latest_only_with_trigger' retrieved from /home/jerson/airflow_venv/lib/python3.10/site-packages/airflow/example_dags/example_latest_only_with_trigger.py
[2024-08-26T16:04:01.878-0700] {logging_mixin.py:190} INFO - [2024-08-26T16:04:01.878-0700] {dag.py:3211} INFO - Sync 1 DAGs
[2024-08-26T16:04:01.889-0700] {logging_mixin.py:190} INFO - [2024-08-26T16:04:01.888-0700] {dag.py:4138} INFO - Setting next_dagrun for latest_only_with_trigger to 2024-08-26 16:00:00+00:00, run_after=2024-08-26 20:00:00+00:00
[2024-08-26T16:04:01.903-0700] {processor.py:208} INFO - Processing /home/jerson/airflow_venv/lib/python3.10/site-packages/airflow/example_dags/example_latest_only_with_trigger.py took 0.044 seconds
[2024-08-26T16:04:52.215-0700] {processor.py:186} INFO - Started process (PID=28524) to work on /home/jerson/airflow_venv/lib/python3.10/site-packages/airflow/example_dags/example_latest_only_with_trigger.py
[2024-08-26T16:04:52.216-0700] {processor.py:914} INFO - Processing file /home/jerson/airflow_venv/lib/python3.10/site-packages/airflow/example_dags/example_latest_only_with_trigger.py for tasks to queue
[2024-08-26T16:04:52.217-0700] {logging_mixin.py:190} INFO - [2024-08-26T16:04:52.217-0700] {dagbag.py:587} INFO - Filling up the DagBag from /home/jerson/airflow_venv/lib/python3.10/site-packages/airflow/example_dags/example_latest_only_with_trigger.py
[2024-08-26T16:04:52.222-0700] {processor.py:925} INFO - DAG(s) 'latest_only_with_trigger' retrieved from /home/jerson/airflow_venv/lib/python3.10/site-packages/airflow/example_dags/example_latest_only_with_trigger.py
[2024-08-26T16:04:52.231-0700] {logging_mixin.py:190} INFO - [2024-08-26T16:04:52.231-0700] {dag.py:3211} INFO - Sync 1 DAGs
[2024-08-26T16:04:52.242-0700] {logging_mixin.py:190} INFO - [2024-08-26T16:04:52.242-0700] {dag.py:4138} INFO - Setting next_dagrun for latest_only_with_trigger to 2024-08-26 16:00:00+00:00, run_after=2024-08-26 20:00:00+00:00
[2024-08-26T16:04:52.257-0700] {processor.py:208} INFO - Processing /home/jerson/airflow_venv/lib/python3.10/site-packages/airflow/example_dags/example_latest_only_with_trigger.py took 0.045 seconds
[2024-08-26T16:05:37.931-0700] {processor.py:186} INFO - Started process (PID=28920) to work on /home/jerson/airflow_venv/lib/python3.10/site-packages/airflow/example_dags/example_latest_only_with_trigger.py
[2024-08-26T16:05:37.932-0700] {processor.py:914} INFO - Processing file /home/jerson/airflow_venv/lib/python3.10/site-packages/airflow/example_dags/example_latest_only_with_trigger.py for tasks to queue
[2024-08-26T16:05:37.933-0700] {logging_mixin.py:190} INFO - [2024-08-26T16:05:37.933-0700] {dagbag.py:587} INFO - Filling up the DagBag from /home/jerson/airflow_venv/lib/python3.10/site-packages/airflow/example_dags/example_latest_only_with_trigger.py
[2024-08-26T16:05:37.937-0700] {processor.py:925} INFO - DAG(s) 'latest_only_with_trigger' retrieved from /home/jerson/airflow_venv/lib/python3.10/site-packages/airflow/example_dags/example_latest_only_with_trigger.py
[2024-08-26T16:05:37.946-0700] {logging_mixin.py:190} INFO - [2024-08-26T16:05:37.946-0700] {dag.py:3211} INFO - Sync 1 DAGs
[2024-08-26T16:05:37.957-0700] {logging_mixin.py:190} INFO - [2024-08-26T16:05:37.957-0700] {dag.py:4138} INFO - Setting next_dagrun for latest_only_with_trigger to 2024-08-26 16:00:00+00:00, run_after=2024-08-26 20:00:00+00:00
[2024-08-26T16:05:37.975-0700] {processor.py:208} INFO - Processing /home/jerson/airflow_venv/lib/python3.10/site-packages/airflow/example_dags/example_latest_only_with_trigger.py took 0.047 seconds
[2024-08-26T16:06:26.734-0700] {processor.py:186} INFO - Started process (PID=29308) to work on /home/jerson/airflow_venv/lib/python3.10/site-packages/airflow/example_dags/example_latest_only_with_trigger.py
[2024-08-26T16:06:26.735-0700] {processor.py:914} INFO - Processing file /home/jerson/airflow_venv/lib/python3.10/site-packages/airflow/example_dags/example_latest_only_with_trigger.py for tasks to queue
[2024-08-26T16:06:26.736-0700] {logging_mixin.py:190} INFO - [2024-08-26T16:06:26.736-0700] {dagbag.py:587} INFO - Filling up the DagBag from /home/jerson/airflow_venv/lib/python3.10/site-packages/airflow/example_dags/example_latest_only_with_trigger.py
[2024-08-26T16:06:26.740-0700] {processor.py:925} INFO - DAG(s) 'latest_only_with_trigger' retrieved from /home/jerson/airflow_venv/lib/python3.10/site-packages/airflow/example_dags/example_latest_only_with_trigger.py
[2024-08-26T16:06:26.750-0700] {logging_mixin.py:190} INFO - [2024-08-26T16:06:26.750-0700] {dag.py:3211} INFO - Sync 1 DAGs
[2024-08-26T16:06:26.764-0700] {logging_mixin.py:190} INFO - [2024-08-26T16:06:26.764-0700] {dag.py:4138} INFO - Setting next_dagrun for latest_only_with_trigger to 2024-08-26 16:00:00+00:00, run_after=2024-08-26 20:00:00+00:00
[2024-08-26T16:06:26.781-0700] {processor.py:208} INFO - Processing /home/jerson/airflow_venv/lib/python3.10/site-packages/airflow/example_dags/example_latest_only_with_trigger.py took 0.051 seconds
[2024-08-26T16:07:14.689-0700] {processor.py:186} INFO - Started process (PID=29692) to work on /home/jerson/airflow_venv/lib/python3.10/site-packages/airflow/example_dags/example_latest_only_with_trigger.py
[2024-08-26T16:07:14.694-0700] {processor.py:914} INFO - Processing file /home/jerson/airflow_venv/lib/python3.10/site-packages/airflow/example_dags/example_latest_only_with_trigger.py for tasks to queue
[2024-08-26T16:07:14.695-0700] {logging_mixin.py:190} INFO - [2024-08-26T16:07:14.695-0700] {dagbag.py:587} INFO - Filling up the DagBag from /home/jerson/airflow_venv/lib/python3.10/site-packages/airflow/example_dags/example_latest_only_with_trigger.py
[2024-08-26T16:07:14.700-0700] {processor.py:925} INFO - DAG(s) 'latest_only_with_trigger' retrieved from /home/jerson/airflow_venv/lib/python3.10/site-packages/airflow/example_dags/example_latest_only_with_trigger.py
[2024-08-26T16:07:14.709-0700] {logging_mixin.py:190} INFO - [2024-08-26T16:07:14.709-0700] {dag.py:3211} INFO - Sync 1 DAGs
[2024-08-26T16:07:14.723-0700] {logging_mixin.py:190} INFO - [2024-08-26T16:07:14.723-0700] {dag.py:4138} INFO - Setting next_dagrun for latest_only_with_trigger to 2024-08-26 16:00:00+00:00, run_after=2024-08-26 20:00:00+00:00
[2024-08-26T16:07:14.750-0700] {processor.py:208} INFO - Processing /home/jerson/airflow_venv/lib/python3.10/site-packages/airflow/example_dags/example_latest_only_with_trigger.py took 0.065 seconds
[2024-08-26T16:08:23.147-0700] {processor.py:186} INFO - Started process (PID=30229) to work on /home/jerson/airflow_venv/lib/python3.10/site-packages/airflow/example_dags/example_latest_only_with_trigger.py
[2024-08-26T16:08:23.148-0700] {processor.py:914} INFO - Processing file /home/jerson/airflow_venv/lib/python3.10/site-packages/airflow/example_dags/example_latest_only_with_trigger.py for tasks to queue
[2024-08-26T16:08:23.149-0700] {logging_mixin.py:190} INFO - [2024-08-26T16:08:23.149-0700] {dagbag.py:587} INFO - Filling up the DagBag from /home/jerson/airflow_venv/lib/python3.10/site-packages/airflow/example_dags/example_latest_only_with_trigger.py
[2024-08-26T16:08:23.153-0700] {processor.py:925} INFO - DAG(s) 'latest_only_with_trigger' retrieved from /home/jerson/airflow_venv/lib/python3.10/site-packages/airflow/example_dags/example_latest_only_with_trigger.py
[2024-08-26T16:08:23.163-0700] {logging_mixin.py:190} INFO - [2024-08-26T16:08:23.163-0700] {dag.py:3211} INFO - Sync 1 DAGs
[2024-08-26T16:08:23.174-0700] {logging_mixin.py:190} INFO - [2024-08-26T16:08:23.174-0700] {dag.py:4138} INFO - Setting next_dagrun for latest_only_with_trigger to 2024-08-26 16:00:00+00:00, run_after=2024-08-26 20:00:00+00:00
[2024-08-26T16:08:23.191-0700] {processor.py:208} INFO - Processing /home/jerson/airflow_venv/lib/python3.10/site-packages/airflow/example_dags/example_latest_only_with_trigger.py took 0.047 seconds
[2024-08-26T16:09:13.406-0700] {processor.py:186} INFO - Started process (PID=30625) to work on /home/jerson/airflow_venv/lib/python3.10/site-packages/airflow/example_dags/example_latest_only_with_trigger.py
[2024-08-26T16:09:13.407-0700] {processor.py:914} INFO - Processing file /home/jerson/airflow_venv/lib/python3.10/site-packages/airflow/example_dags/example_latest_only_with_trigger.py for tasks to queue
[2024-08-26T16:09:13.408-0700] {logging_mixin.py:190} INFO - [2024-08-26T16:09:13.408-0700] {dagbag.py:587} INFO - Filling up the DagBag from /home/jerson/airflow_venv/lib/python3.10/site-packages/airflow/example_dags/example_latest_only_with_trigger.py
[2024-08-26T16:09:13.412-0700] {processor.py:925} INFO - DAG(s) 'latest_only_with_trigger' retrieved from /home/jerson/airflow_venv/lib/python3.10/site-packages/airflow/example_dags/example_latest_only_with_trigger.py
[2024-08-26T16:09:13.421-0700] {logging_mixin.py:190} INFO - [2024-08-26T16:09:13.421-0700] {dag.py:3211} INFO - Sync 1 DAGs
[2024-08-26T16:09:13.432-0700] {logging_mixin.py:190} INFO - [2024-08-26T16:09:13.432-0700] {dag.py:4138} INFO - Setting next_dagrun for latest_only_with_trigger to 2024-08-26 16:00:00+00:00, run_after=2024-08-26 20:00:00+00:00
[2024-08-26T16:09:13.447-0700] {processor.py:208} INFO - Processing /home/jerson/airflow_venv/lib/python3.10/site-packages/airflow/example_dags/example_latest_only_with_trigger.py took 0.044 seconds
[2024-08-26T16:10:01.853-0700] {processor.py:186} INFO - Started process (PID=31010) to work on /home/jerson/airflow_venv/lib/python3.10/site-packages/airflow/example_dags/example_latest_only_with_trigger.py
[2024-08-26T16:10:01.854-0700] {processor.py:914} INFO - Processing file /home/jerson/airflow_venv/lib/python3.10/site-packages/airflow/example_dags/example_latest_only_with_trigger.py for tasks to queue
[2024-08-26T16:10:01.855-0700] {logging_mixin.py:190} INFO - [2024-08-26T16:10:01.855-0700] {dagbag.py:587} INFO - Filling up the DagBag from /home/jerson/airflow_venv/lib/python3.10/site-packages/airflow/example_dags/example_latest_only_with_trigger.py
[2024-08-26T16:10:01.859-0700] {processor.py:925} INFO - DAG(s) 'latest_only_with_trigger' retrieved from /home/jerson/airflow_venv/lib/python3.10/site-packages/airflow/example_dags/example_latest_only_with_trigger.py
[2024-08-26T16:10:01.868-0700] {logging_mixin.py:190} INFO - [2024-08-26T16:10:01.868-0700] {dag.py:3211} INFO - Sync 1 DAGs
[2024-08-26T16:10:01.879-0700] {logging_mixin.py:190} INFO - [2024-08-26T16:10:01.878-0700] {dag.py:4138} INFO - Setting next_dagrun for latest_only_with_trigger to 2024-08-26 16:00:00+00:00, run_after=2024-08-26 20:00:00+00:00
[2024-08-26T16:10:01.893-0700] {processor.py:208} INFO - Processing /home/jerson/airflow_venv/lib/python3.10/site-packages/airflow/example_dags/example_latest_only_with_trigger.py took 0.044 seconds
[2024-08-26T16:10:49.237-0700] {processor.py:186} INFO - Started process (PID=31420) to work on /home/jerson/airflow_venv/lib/python3.10/site-packages/airflow/example_dags/example_latest_only_with_trigger.py
[2024-08-26T16:10:49.238-0700] {processor.py:914} INFO - Processing file /home/jerson/airflow_venv/lib/python3.10/site-packages/airflow/example_dags/example_latest_only_with_trigger.py for tasks to queue
[2024-08-26T16:10:49.239-0700] {logging_mixin.py:190} INFO - [2024-08-26T16:10:49.239-0700] {dagbag.py:587} INFO - Filling up the DagBag from /home/jerson/airflow_venv/lib/python3.10/site-packages/airflow/example_dags/example_latest_only_with_trigger.py
[2024-08-26T16:10:49.243-0700] {processor.py:925} INFO - DAG(s) 'latest_only_with_trigger' retrieved from /home/jerson/airflow_venv/lib/python3.10/site-packages/airflow/example_dags/example_latest_only_with_trigger.py
[2024-08-26T16:10:49.252-0700] {logging_mixin.py:190} INFO - [2024-08-26T16:10:49.252-0700] {dag.py:3211} INFO - Sync 1 DAGs
[2024-08-26T16:10:49.263-0700] {logging_mixin.py:190} INFO - [2024-08-26T16:10:49.263-0700] {dag.py:4138} INFO - Setting next_dagrun for latest_only_with_trigger to 2024-08-26 16:00:00+00:00, run_after=2024-08-26 20:00:00+00:00
[2024-08-26T16:10:49.279-0700] {processor.py:208} INFO - Processing /home/jerson/airflow_venv/lib/python3.10/site-packages/airflow/example_dags/example_latest_only_with_trigger.py took 0.045 seconds
[2024-08-26T16:11:38.258-0700] {processor.py:186} INFO - Started process (PID=31811) to work on /home/jerson/airflow_venv/lib/python3.10/site-packages/airflow/example_dags/example_latest_only_with_trigger.py
[2024-08-26T16:11:38.259-0700] {processor.py:914} INFO - Processing file /home/jerson/airflow_venv/lib/python3.10/site-packages/airflow/example_dags/example_latest_only_with_trigger.py for tasks to queue
[2024-08-26T16:11:38.260-0700] {logging_mixin.py:190} INFO - [2024-08-26T16:11:38.260-0700] {dagbag.py:587} INFO - Filling up the DagBag from /home/jerson/airflow_venv/lib/python3.10/site-packages/airflow/example_dags/example_latest_only_with_trigger.py
[2024-08-26T16:11:38.265-0700] {processor.py:925} INFO - DAG(s) 'latest_only_with_trigger' retrieved from /home/jerson/airflow_venv/lib/python3.10/site-packages/airflow/example_dags/example_latest_only_with_trigger.py
[2024-08-26T16:11:38.274-0700] {logging_mixin.py:190} INFO - [2024-08-26T16:11:38.273-0700] {dag.py:3211} INFO - Sync 1 DAGs
[2024-08-26T16:11:38.284-0700] {logging_mixin.py:190} INFO - [2024-08-26T16:11:38.284-0700] {dag.py:4138} INFO - Setting next_dagrun for latest_only_with_trigger to 2024-08-26 16:00:00+00:00, run_after=2024-08-26 20:00:00+00:00
[2024-08-26T16:11:38.300-0700] {processor.py:208} INFO - Processing /home/jerson/airflow_venv/lib/python3.10/site-packages/airflow/example_dags/example_latest_only_with_trigger.py took 0.045 seconds
