[2024-08-26T15:21:57.015-0700] {processor.py:186} INFO - Started process (PID=7532) to work on /home/jerson/airflow_venv/lib/python3.10/site-packages/airflow/example_dags/example_sensors.py
[2024-08-26T15:21:57.015-0700] {processor.py:914} INFO - Processing file /home/jerson/airflow_venv/lib/python3.10/site-packages/airflow/example_dags/example_sensors.py for tasks to queue
[2024-08-26T15:21:57.016-0700] {logging_mixin.py:190} INFO - [2024-08-26T15:21:57.016-0700] {dagbag.py:587} INFO - Filling up the DagBag from /home/jerson/airflow_venv/lib/python3.10/site-packages/airflow/example_dags/example_sensors.py
[2024-08-26T15:21:57.023-0700] {processor.py:925} INFO - DAG(s) 'example_sensors' retrieved from /home/jerson/airflow_venv/lib/python3.10/site-packages/airflow/example_dags/example_sensors.py
[2024-08-26T15:21:57.267-0700] {logging_mixin.py:190} INFO - [2024-08-26T15:21:57.266-0700] {override.py:1900} INFO - Created Permission View: can read on DAG:example_sensors
[2024-08-26T15:21:57.278-0700] {logging_mixin.py:190} INFO - [2024-08-26T15:21:57.278-0700] {override.py:1900} INFO - Created Permission View: can delete on DAG:example_sensors
[2024-08-26T15:21:57.348-0700] {logging_mixin.py:190} INFO - [2024-08-26T15:21:57.348-0700] {override.py:1900} INFO - Created Permission View: can edit on DAG:example_sensors
[2024-08-26T15:21:57.468-0700] {logging_mixin.py:190} INFO - [2024-08-26T15:21:57.468-0700] {override.py:1900} INFO - Created Permission View: can read on DAG Run:example_sensors
[2024-08-26T15:21:57.515-0700] {logging_mixin.py:190} INFO - [2024-08-26T15:21:57.515-0700] {override.py:1900} INFO - Created Permission View: can create on DAG Run:example_sensors
[2024-08-26T15:21:57.535-0700] {logging_mixin.py:190} INFO - [2024-08-26T15:21:57.535-0700] {override.py:1900} INFO - Created Permission View: menu access on DAG Run:example_sensors
[2024-08-26T15:21:57.551-0700] {logging_mixin.py:190} INFO - [2024-08-26T15:21:57.551-0700] {override.py:1900} INFO - Created Permission View: can delete on DAG Run:example_sensors
[2024-08-26T15:21:57.552-0700] {logging_mixin.py:190} INFO - [2024-08-26T15:21:57.552-0700] {dag.py:3211} INFO - Sync 1 DAGs
[2024-08-26T15:21:57.558-0700] {logging_mixin.py:190} INFO - [2024-08-26T15:21:57.558-0700] {dag.py:3234} INFO - Creating ORM DAG for example_sensors
[2024-08-26T15:21:57.558-0700] {logging_mixin.py:190} INFO - [2024-08-26T15:21:57.558-0700] {dag.py:4138} INFO - Setting next_dagrun for example_sensors to None, run_after=None
[2024-08-26T15:21:57.590-0700] {processor.py:208} INFO - Processing /home/jerson/airflow_venv/lib/python3.10/site-packages/airflow/example_dags/example_sensors.py took 0.578 seconds
[2024-08-26T15:22:54.218-0700] {processor.py:186} INFO - Started process (PID=7860) to work on /home/jerson/airflow_venv/lib/python3.10/site-packages/airflow/example_dags/example_sensors.py
[2024-08-26T15:22:54.219-0700] {processor.py:914} INFO - Processing file /home/jerson/airflow_venv/lib/python3.10/site-packages/airflow/example_dags/example_sensors.py for tasks to queue
[2024-08-26T15:22:54.220-0700] {logging_mixin.py:190} INFO - [2024-08-26T15:22:54.220-0700] {dagbag.py:587} INFO - Filling up the DagBag from /home/jerson/airflow_venv/lib/python3.10/site-packages/airflow/example_dags/example_sensors.py
[2024-08-26T15:22:54.227-0700] {processor.py:925} INFO - DAG(s) 'example_sensors' retrieved from /home/jerson/airflow_venv/lib/python3.10/site-packages/airflow/example_dags/example_sensors.py
[2024-08-26T15:22:54.240-0700] {logging_mixin.py:190} INFO - [2024-08-26T15:22:54.240-0700] {dag.py:3211} INFO - Sync 1 DAGs
[2024-08-26T15:22:54.247-0700] {logging_mixin.py:190} INFO - [2024-08-26T15:22:54.247-0700] {dag.py:4138} INFO - Setting next_dagrun for example_sensors to None, run_after=None
[2024-08-26T15:22:54.262-0700] {processor.py:208} INFO - Processing /home/jerson/airflow_venv/lib/python3.10/site-packages/airflow/example_dags/example_sensors.py took 0.049 seconds
[2024-08-26T15:23:48.402-0700] {processor.py:186} INFO - Started process (PID=8157) to work on /home/jerson/airflow_venv/lib/python3.10/site-packages/airflow/example_dags/example_sensors.py
[2024-08-26T15:23:48.403-0700] {processor.py:914} INFO - Processing file /home/jerson/airflow_venv/lib/python3.10/site-packages/airflow/example_dags/example_sensors.py for tasks to queue
[2024-08-26T15:23:48.404-0700] {logging_mixin.py:190} INFO - [2024-08-26T15:23:48.404-0700] {dagbag.py:587} INFO - Filling up the DagBag from /home/jerson/airflow_venv/lib/python3.10/site-packages/airflow/example_dags/example_sensors.py
[2024-08-26T15:23:48.411-0700] {processor.py:925} INFO - DAG(s) 'example_sensors' retrieved from /home/jerson/airflow_venv/lib/python3.10/site-packages/airflow/example_dags/example_sensors.py
[2024-08-26T15:23:48.424-0700] {logging_mixin.py:190} INFO - [2024-08-26T15:23:48.424-0700] {dag.py:3211} INFO - Sync 1 DAGs
[2024-08-26T15:23:48.432-0700] {logging_mixin.py:190} INFO - [2024-08-26T15:23:48.432-0700] {dag.py:4138} INFO - Setting next_dagrun for example_sensors to None, run_after=None
[2024-08-26T15:23:48.449-0700] {processor.py:208} INFO - Processing /home/jerson/airflow_venv/lib/python3.10/site-packages/airflow/example_dags/example_sensors.py took 0.050 seconds
[2024-08-26T15:25:39.816-0700] {processor.py:186} INFO - Started process (PID=8718) to work on /home/jerson/airflow_venv/lib/python3.10/site-packages/airflow/example_dags/example_sensors.py
[2024-08-26T15:25:39.817-0700] {processor.py:914} INFO - Processing file /home/jerson/airflow_venv/lib/python3.10/site-packages/airflow/example_dags/example_sensors.py for tasks to queue
[2024-08-26T15:25:39.818-0700] {logging_mixin.py:190} INFO - [2024-08-26T15:25:39.817-0700] {dagbag.py:587} INFO - Filling up the DagBag from /home/jerson/airflow_venv/lib/python3.10/site-packages/airflow/example_dags/example_sensors.py
[2024-08-26T15:25:39.824-0700] {processor.py:925} INFO - DAG(s) 'example_sensors' retrieved from /home/jerson/airflow_venv/lib/python3.10/site-packages/airflow/example_dags/example_sensors.py
[2024-08-26T15:25:39.839-0700] {logging_mixin.py:190} INFO - [2024-08-26T15:25:39.839-0700] {dag.py:3211} INFO - Sync 1 DAGs
[2024-08-26T15:25:39.846-0700] {logging_mixin.py:190} INFO - [2024-08-26T15:25:39.846-0700] {dag.py:4138} INFO - Setting next_dagrun for example_sensors to None, run_after=None
[2024-08-26T15:25:39.864-0700] {processor.py:208} INFO - Processing /home/jerson/airflow_venv/lib/python3.10/site-packages/airflow/example_dags/example_sensors.py took 0.051 seconds
[2024-08-26T15:26:34.010-0700] {processor.py:186} INFO - Started process (PID=9005) to work on /home/jerson/airflow_venv/lib/python3.10/site-packages/airflow/example_dags/example_sensors.py
[2024-08-26T15:26:34.011-0700] {processor.py:914} INFO - Processing file /home/jerson/airflow_venv/lib/python3.10/site-packages/airflow/example_dags/example_sensors.py for tasks to queue
[2024-08-26T15:26:34.012-0700] {logging_mixin.py:190} INFO - [2024-08-26T15:26:34.011-0700] {dagbag.py:587} INFO - Filling up the DagBag from /home/jerson/airflow_venv/lib/python3.10/site-packages/airflow/example_dags/example_sensors.py
[2024-08-26T15:26:34.018-0700] {processor.py:925} INFO - DAG(s) 'example_sensors' retrieved from /home/jerson/airflow_venv/lib/python3.10/site-packages/airflow/example_dags/example_sensors.py
[2024-08-26T15:26:34.030-0700] {logging_mixin.py:190} INFO - [2024-08-26T15:26:34.030-0700] {dag.py:3211} INFO - Sync 1 DAGs
[2024-08-26T15:26:34.037-0700] {logging_mixin.py:190} INFO - [2024-08-26T15:26:34.037-0700] {dag.py:4138} INFO - Setting next_dagrun for example_sensors to None, run_after=None
[2024-08-26T15:26:34.053-0700] {processor.py:208} INFO - Processing /home/jerson/airflow_venv/lib/python3.10/site-packages/airflow/example_dags/example_sensors.py took 0.047 seconds
[2024-08-26T15:27:26.569-0700] {processor.py:186} INFO - Started process (PID=9269) to work on /home/jerson/airflow_venv/lib/python3.10/site-packages/airflow/example_dags/example_sensors.py
[2024-08-26T15:27:26.575-0700] {processor.py:914} INFO - Processing file /home/jerson/airflow_venv/lib/python3.10/site-packages/airflow/example_dags/example_sensors.py for tasks to queue
[2024-08-26T15:27:26.576-0700] {logging_mixin.py:190} INFO - [2024-08-26T15:27:26.576-0700] {dagbag.py:587} INFO - Filling up the DagBag from /home/jerson/airflow_venv/lib/python3.10/site-packages/airflow/example_dags/example_sensors.py
[2024-08-26T15:27:26.583-0700] {processor.py:925} INFO - DAG(s) 'example_sensors' retrieved from /home/jerson/airflow_venv/lib/python3.10/site-packages/airflow/example_dags/example_sensors.py
[2024-08-26T15:27:26.596-0700] {logging_mixin.py:190} INFO - [2024-08-26T15:27:26.595-0700] {dag.py:3211} INFO - Sync 1 DAGs
[2024-08-26T15:27:26.603-0700] {logging_mixin.py:190} INFO - [2024-08-26T15:27:26.603-0700] {dag.py:4138} INFO - Setting next_dagrun for example_sensors to None, run_after=None
[2024-08-26T15:27:26.620-0700] {processor.py:208} INFO - Processing /home/jerson/airflow_venv/lib/python3.10/site-packages/airflow/example_dags/example_sensors.py took 0.055 seconds
[2024-08-26T15:28:15.610-0700] {processor.py:186} INFO - Started process (PID=9514) to work on /home/jerson/airflow_venv/lib/python3.10/site-packages/airflow/example_dags/example_sensors.py
[2024-08-26T15:28:15.611-0700] {processor.py:914} INFO - Processing file /home/jerson/airflow_venv/lib/python3.10/site-packages/airflow/example_dags/example_sensors.py for tasks to queue
[2024-08-26T15:28:15.612-0700] {logging_mixin.py:190} INFO - [2024-08-26T15:28:15.612-0700] {dagbag.py:587} INFO - Filling up the DagBag from /home/jerson/airflow_venv/lib/python3.10/site-packages/airflow/example_dags/example_sensors.py
[2024-08-26T15:28:15.618-0700] {processor.py:925} INFO - DAG(s) 'example_sensors' retrieved from /home/jerson/airflow_venv/lib/python3.10/site-packages/airflow/example_dags/example_sensors.py
[2024-08-26T15:28:15.631-0700] {logging_mixin.py:190} INFO - [2024-08-26T15:28:15.630-0700] {dag.py:3211} INFO - Sync 1 DAGs
[2024-08-26T15:28:15.637-0700] {logging_mixin.py:190} INFO - [2024-08-26T15:28:15.637-0700] {dag.py:4138} INFO - Setting next_dagrun for example_sensors to None, run_after=None
[2024-08-26T15:28:15.652-0700] {processor.py:208} INFO - Processing /home/jerson/airflow_venv/lib/python3.10/site-packages/airflow/example_dags/example_sensors.py took 0.045 seconds
[2024-08-26T15:29:05.965-0700] {processor.py:186} INFO - Started process (PID=9771) to work on /home/jerson/airflow_venv/lib/python3.10/site-packages/airflow/example_dags/example_sensors.py
[2024-08-26T15:29:05.966-0700] {processor.py:914} INFO - Processing file /home/jerson/airflow_venv/lib/python3.10/site-packages/airflow/example_dags/example_sensors.py for tasks to queue
[2024-08-26T15:29:05.967-0700] {logging_mixin.py:190} INFO - [2024-08-26T15:29:05.966-0700] {dagbag.py:587} INFO - Filling up the DagBag from /home/jerson/airflow_venv/lib/python3.10/site-packages/airflow/example_dags/example_sensors.py
[2024-08-26T15:29:05.973-0700] {processor.py:925} INFO - DAG(s) 'example_sensors' retrieved from /home/jerson/airflow_venv/lib/python3.10/site-packages/airflow/example_dags/example_sensors.py
[2024-08-26T15:29:05.987-0700] {logging_mixin.py:190} INFO - [2024-08-26T15:29:05.987-0700] {dag.py:3211} INFO - Sync 1 DAGs
[2024-08-26T15:29:05.994-0700] {logging_mixin.py:190} INFO - [2024-08-26T15:29:05.994-0700] {dag.py:4138} INFO - Setting next_dagrun for example_sensors to None, run_after=None
[2024-08-26T15:29:06.016-0700] {processor.py:208} INFO - Processing /home/jerson/airflow_venv/lib/python3.10/site-packages/airflow/example_dags/example_sensors.py took 0.055 seconds
[2024-08-26T15:29:56.554-0700] {processor.py:186} INFO - Started process (PID=10111) to work on /home/jerson/airflow_venv/lib/python3.10/site-packages/airflow/example_dags/example_sensors.py
[2024-08-26T15:29:56.555-0700] {processor.py:914} INFO - Processing file /home/jerson/airflow_venv/lib/python3.10/site-packages/airflow/example_dags/example_sensors.py for tasks to queue
[2024-08-26T15:29:56.556-0700] {logging_mixin.py:190} INFO - [2024-08-26T15:29:56.555-0700] {dagbag.py:587} INFO - Filling up the DagBag from /home/jerson/airflow_venv/lib/python3.10/site-packages/airflow/example_dags/example_sensors.py
[2024-08-26T15:29:56.562-0700] {processor.py:925} INFO - DAG(s) 'example_sensors' retrieved from /home/jerson/airflow_venv/lib/python3.10/site-packages/airflow/example_dags/example_sensors.py
[2024-08-26T15:29:56.575-0700] {logging_mixin.py:190} INFO - [2024-08-26T15:29:56.575-0700] {dag.py:3211} INFO - Sync 1 DAGs
[2024-08-26T15:29:56.582-0700] {logging_mixin.py:190} INFO - [2024-08-26T15:29:56.582-0700] {dag.py:4138} INFO - Setting next_dagrun for example_sensors to None, run_after=None
[2024-08-26T15:29:56.598-0700] {processor.py:208} INFO - Processing /home/jerson/airflow_venv/lib/python3.10/site-packages/airflow/example_dags/example_sensors.py took 0.048 seconds
[2024-08-26T15:30:44.484-0700] {processor.py:186} INFO - Started process (PID=10351) to work on /home/jerson/airflow_venv/lib/python3.10/site-packages/airflow/example_dags/example_sensors.py
[2024-08-26T15:30:44.485-0700] {processor.py:914} INFO - Processing file /home/jerson/airflow_venv/lib/python3.10/site-packages/airflow/example_dags/example_sensors.py for tasks to queue
[2024-08-26T15:30:44.487-0700] {logging_mixin.py:190} INFO - [2024-08-26T15:30:44.486-0700] {dagbag.py:587} INFO - Filling up the DagBag from /home/jerson/airflow_venv/lib/python3.10/site-packages/airflow/example_dags/example_sensors.py
[2024-08-26T15:30:44.494-0700] {processor.py:925} INFO - DAG(s) 'example_sensors' retrieved from /home/jerson/airflow_venv/lib/python3.10/site-packages/airflow/example_dags/example_sensors.py
[2024-08-26T15:30:44.509-0700] {logging_mixin.py:190} INFO - [2024-08-26T15:30:44.509-0700] {dag.py:3211} INFO - Sync 1 DAGs
[2024-08-26T15:30:44.517-0700] {logging_mixin.py:190} INFO - [2024-08-26T15:30:44.517-0700] {dag.py:4138} INFO - Setting next_dagrun for example_sensors to None, run_after=None
[2024-08-26T15:30:44.534-0700] {processor.py:208} INFO - Processing /home/jerson/airflow_venv/lib/python3.10/site-packages/airflow/example_dags/example_sensors.py took 0.053 seconds
[2024-08-26T15:31:32.899-0700] {processor.py:186} INFO - Started process (PID=10625) to work on /home/jerson/airflow_venv/lib/python3.10/site-packages/airflow/example_dags/example_sensors.py
[2024-08-26T15:31:32.900-0700] {processor.py:914} INFO - Processing file /home/jerson/airflow_venv/lib/python3.10/site-packages/airflow/example_dags/example_sensors.py for tasks to queue
[2024-08-26T15:31:32.901-0700] {logging_mixin.py:190} INFO - [2024-08-26T15:31:32.901-0700] {dagbag.py:587} INFO - Filling up the DagBag from /home/jerson/airflow_venv/lib/python3.10/site-packages/airflow/example_dags/example_sensors.py
[2024-08-26T15:31:32.908-0700] {processor.py:925} INFO - DAG(s) 'example_sensors' retrieved from /home/jerson/airflow_venv/lib/python3.10/site-packages/airflow/example_dags/example_sensors.py
[2024-08-26T15:31:32.921-0700] {logging_mixin.py:190} INFO - [2024-08-26T15:31:32.921-0700] {dag.py:3211} INFO - Sync 1 DAGs
[2024-08-26T15:31:32.929-0700] {logging_mixin.py:190} INFO - [2024-08-26T15:31:32.928-0700] {dag.py:4138} INFO - Setting next_dagrun for example_sensors to None, run_after=None
[2024-08-26T15:31:32.945-0700] {processor.py:208} INFO - Processing /home/jerson/airflow_venv/lib/python3.10/site-packages/airflow/example_dags/example_sensors.py took 0.050 seconds
[2024-08-26T15:32:18.027-0700] {processor.py:186} INFO - Started process (PID=10858) to work on /home/jerson/airflow_venv/lib/python3.10/site-packages/airflow/example_dags/example_sensors.py
[2024-08-26T15:32:18.028-0700] {processor.py:914} INFO - Processing file /home/jerson/airflow_venv/lib/python3.10/site-packages/airflow/example_dags/example_sensors.py for tasks to queue
[2024-08-26T15:32:18.029-0700] {logging_mixin.py:190} INFO - [2024-08-26T15:32:18.029-0700] {dagbag.py:587} INFO - Filling up the DagBag from /home/jerson/airflow_venv/lib/python3.10/site-packages/airflow/example_dags/example_sensors.py
[2024-08-26T15:32:18.036-0700] {processor.py:925} INFO - DAG(s) 'example_sensors' retrieved from /home/jerson/airflow_venv/lib/python3.10/site-packages/airflow/example_dags/example_sensors.py
[2024-08-26T15:32:18.051-0700] {logging_mixin.py:190} INFO - [2024-08-26T15:32:18.051-0700] {dag.py:3211} INFO - Sync 1 DAGs
[2024-08-26T15:32:18.059-0700] {logging_mixin.py:190} INFO - [2024-08-26T15:32:18.059-0700] {dag.py:4138} INFO - Setting next_dagrun for example_sensors to None, run_after=None
[2024-08-26T15:32:18.075-0700] {processor.py:208} INFO - Processing /home/jerson/airflow_venv/lib/python3.10/site-packages/airflow/example_dags/example_sensors.py took 0.051 seconds
[2024-08-26T15:33:07.799-0700] {processor.py:186} INFO - Started process (PID=11113) to work on /home/jerson/airflow_venv/lib/python3.10/site-packages/airflow/example_dags/example_sensors.py
[2024-08-26T15:33:07.800-0700] {processor.py:914} INFO - Processing file /home/jerson/airflow_venv/lib/python3.10/site-packages/airflow/example_dags/example_sensors.py for tasks to queue
[2024-08-26T15:33:07.801-0700] {logging_mixin.py:190} INFO - [2024-08-26T15:33:07.801-0700] {dagbag.py:587} INFO - Filling up the DagBag from /home/jerson/airflow_venv/lib/python3.10/site-packages/airflow/example_dags/example_sensors.py
[2024-08-26T15:33:07.807-0700] {processor.py:925} INFO - DAG(s) 'example_sensors' retrieved from /home/jerson/airflow_venv/lib/python3.10/site-packages/airflow/example_dags/example_sensors.py
[2024-08-26T15:33:07.820-0700] {logging_mixin.py:190} INFO - [2024-08-26T15:33:07.820-0700] {dag.py:3211} INFO - Sync 1 DAGs
[2024-08-26T15:33:07.828-0700] {logging_mixin.py:190} INFO - [2024-08-26T15:33:07.827-0700] {dag.py:4138} INFO - Setting next_dagrun for example_sensors to None, run_after=None
[2024-08-26T15:33:07.844-0700] {processor.py:208} INFO - Processing /home/jerson/airflow_venv/lib/python3.10/site-packages/airflow/example_dags/example_sensors.py took 0.049 seconds
[2024-08-26T15:33:59.874-0700] {processor.py:186} INFO - Started process (PID=11382) to work on /home/jerson/airflow_venv/lib/python3.10/site-packages/airflow/example_dags/example_sensors.py
[2024-08-26T15:33:59.874-0700] {processor.py:914} INFO - Processing file /home/jerson/airflow_venv/lib/python3.10/site-packages/airflow/example_dags/example_sensors.py for tasks to queue
[2024-08-26T15:33:59.876-0700] {logging_mixin.py:190} INFO - [2024-08-26T15:33:59.875-0700] {dagbag.py:587} INFO - Filling up the DagBag from /home/jerson/airflow_venv/lib/python3.10/site-packages/airflow/example_dags/example_sensors.py
[2024-08-26T15:33:59.882-0700] {processor.py:925} INFO - DAG(s) 'example_sensors' retrieved from /home/jerson/airflow_venv/lib/python3.10/site-packages/airflow/example_dags/example_sensors.py
[2024-08-26T15:33:59.895-0700] {logging_mixin.py:190} INFO - [2024-08-26T15:33:59.895-0700] {dag.py:3211} INFO - Sync 1 DAGs
[2024-08-26T15:33:59.903-0700] {logging_mixin.py:190} INFO - [2024-08-26T15:33:59.903-0700] {dag.py:4138} INFO - Setting next_dagrun for example_sensors to None, run_after=None
[2024-08-26T15:33:59.920-0700] {processor.py:208} INFO - Processing /home/jerson/airflow_venv/lib/python3.10/site-packages/airflow/example_dags/example_sensors.py took 0.049 seconds
[2024-08-26T15:34:50.065-0700] {processor.py:186} INFO - Started process (PID=11647) to work on /home/jerson/airflow_venv/lib/python3.10/site-packages/airflow/example_dags/example_sensors.py
[2024-08-26T15:34:50.111-0700] {processor.py:914} INFO - Processing file /home/jerson/airflow_venv/lib/python3.10/site-packages/airflow/example_dags/example_sensors.py for tasks to queue
[2024-08-26T15:34:50.112-0700] {logging_mixin.py:190} INFO - [2024-08-26T15:34:50.112-0700] {dagbag.py:587} INFO - Filling up the DagBag from /home/jerson/airflow_venv/lib/python3.10/site-packages/airflow/example_dags/example_sensors.py
[2024-08-26T15:34:50.119-0700] {processor.py:925} INFO - DAG(s) 'example_sensors' retrieved from /home/jerson/airflow_venv/lib/python3.10/site-packages/airflow/example_dags/example_sensors.py
[2024-08-26T15:34:50.131-0700] {logging_mixin.py:190} INFO - [2024-08-26T15:34:50.131-0700] {dag.py:3211} INFO - Sync 1 DAGs
[2024-08-26T15:34:50.138-0700] {logging_mixin.py:190} INFO - [2024-08-26T15:34:50.138-0700] {dag.py:4138} INFO - Setting next_dagrun for example_sensors to None, run_after=None
[2024-08-26T15:34:50.153-0700] {processor.py:208} INFO - Processing /home/jerson/airflow_venv/lib/python3.10/site-packages/airflow/example_dags/example_sensors.py took 0.092 seconds
[2024-08-26T15:35:38.455-0700] {processor.py:186} INFO - Started process (PID=11912) to work on /home/jerson/airflow_venv/lib/python3.10/site-packages/airflow/example_dags/example_sensors.py
[2024-08-26T15:35:38.456-0700] {processor.py:914} INFO - Processing file /home/jerson/airflow_venv/lib/python3.10/site-packages/airflow/example_dags/example_sensors.py for tasks to queue
[2024-08-26T15:35:38.457-0700] {logging_mixin.py:190} INFO - [2024-08-26T15:35:38.457-0700] {dagbag.py:587} INFO - Filling up the DagBag from /home/jerson/airflow_venv/lib/python3.10/site-packages/airflow/example_dags/example_sensors.py
[2024-08-26T15:35:38.466-0700] {processor.py:925} INFO - DAG(s) 'example_sensors' retrieved from /home/jerson/airflow_venv/lib/python3.10/site-packages/airflow/example_dags/example_sensors.py
[2024-08-26T15:35:38.484-0700] {logging_mixin.py:190} INFO - [2024-08-26T15:35:38.484-0700] {dag.py:3211} INFO - Sync 1 DAGs
[2024-08-26T15:35:38.496-0700] {logging_mixin.py:190} INFO - [2024-08-26T15:35:38.496-0700] {dag.py:4138} INFO - Setting next_dagrun for example_sensors to None, run_after=None
[2024-08-26T15:35:38.515-0700] {processor.py:208} INFO - Processing /home/jerson/airflow_venv/lib/python3.10/site-packages/airflow/example_dags/example_sensors.py took 0.064 seconds
[2024-08-26T15:36:24.794-0700] {processor.py:186} INFO - Started process (PID=12166) to work on /home/jerson/airflow_venv/lib/python3.10/site-packages/airflow/example_dags/example_sensors.py
[2024-08-26T15:36:24.795-0700] {processor.py:914} INFO - Processing file /home/jerson/airflow_venv/lib/python3.10/site-packages/airflow/example_dags/example_sensors.py for tasks to queue
[2024-08-26T15:36:24.796-0700] {logging_mixin.py:190} INFO - [2024-08-26T15:36:24.796-0700] {dagbag.py:587} INFO - Filling up the DagBag from /home/jerson/airflow_venv/lib/python3.10/site-packages/airflow/example_dags/example_sensors.py
[2024-08-26T15:36:24.802-0700] {processor.py:925} INFO - DAG(s) 'example_sensors' retrieved from /home/jerson/airflow_venv/lib/python3.10/site-packages/airflow/example_dags/example_sensors.py
[2024-08-26T15:36:24.814-0700] {logging_mixin.py:190} INFO - [2024-08-26T15:36:24.814-0700] {dag.py:3211} INFO - Sync 1 DAGs
[2024-08-26T15:36:24.820-0700] {logging_mixin.py:190} INFO - [2024-08-26T15:36:24.820-0700] {dag.py:4138} INFO - Setting next_dagrun for example_sensors to None, run_after=None
[2024-08-26T15:36:24.837-0700] {processor.py:208} INFO - Processing /home/jerson/airflow_venv/lib/python3.10/site-packages/airflow/example_dags/example_sensors.py took 0.045 seconds
[2024-08-26T15:37:12.043-0700] {processor.py:186} INFO - Started process (PID=12717) to work on /home/jerson/airflow_venv/lib/python3.10/site-packages/airflow/example_dags/example_sensors.py
[2024-08-26T15:37:12.044-0700] {processor.py:914} INFO - Processing file /home/jerson/airflow_venv/lib/python3.10/site-packages/airflow/example_dags/example_sensors.py for tasks to queue
[2024-08-26T15:37:12.045-0700] {logging_mixin.py:190} INFO - [2024-08-26T15:37:12.044-0700] {dagbag.py:587} INFO - Filling up the DagBag from /home/jerson/airflow_venv/lib/python3.10/site-packages/airflow/example_dags/example_sensors.py
[2024-08-26T15:37:12.051-0700] {processor.py:925} INFO - DAG(s) 'example_sensors' retrieved from /home/jerson/airflow_venv/lib/python3.10/site-packages/airflow/example_dags/example_sensors.py
[2024-08-26T15:37:12.065-0700] {logging_mixin.py:190} INFO - [2024-08-26T15:37:12.065-0700] {dag.py:3211} INFO - Sync 1 DAGs
[2024-08-26T15:37:12.072-0700] {logging_mixin.py:190} INFO - [2024-08-26T15:37:12.072-0700] {dag.py:4138} INFO - Setting next_dagrun for example_sensors to None, run_after=None
[2024-08-26T15:37:12.088-0700] {processor.py:208} INFO - Processing /home/jerson/airflow_venv/lib/python3.10/site-packages/airflow/example_dags/example_sensors.py took 0.048 seconds
[2024-08-26T15:37:57.345-0700] {processor.py:186} INFO - Started process (PID=13133) to work on /home/jerson/airflow_venv/lib/python3.10/site-packages/airflow/example_dags/example_sensors.py
[2024-08-26T15:37:57.346-0700] {processor.py:914} INFO - Processing file /home/jerson/airflow_venv/lib/python3.10/site-packages/airflow/example_dags/example_sensors.py for tasks to queue
[2024-08-26T15:37:57.347-0700] {logging_mixin.py:190} INFO - [2024-08-26T15:37:57.347-0700] {dagbag.py:587} INFO - Filling up the DagBag from /home/jerson/airflow_venv/lib/python3.10/site-packages/airflow/example_dags/example_sensors.py
[2024-08-26T15:37:57.353-0700] {processor.py:925} INFO - DAG(s) 'example_sensors' retrieved from /home/jerson/airflow_venv/lib/python3.10/site-packages/airflow/example_dags/example_sensors.py
[2024-08-26T15:37:57.365-0700] {logging_mixin.py:190} INFO - [2024-08-26T15:37:57.365-0700] {dag.py:3211} INFO - Sync 1 DAGs
[2024-08-26T15:37:57.372-0700] {logging_mixin.py:190} INFO - [2024-08-26T15:37:57.371-0700] {dag.py:4138} INFO - Setting next_dagrun for example_sensors to None, run_after=None
[2024-08-26T15:37:57.387-0700] {processor.py:208} INFO - Processing /home/jerson/airflow_venv/lib/python3.10/site-packages/airflow/example_dags/example_sensors.py took 0.045 seconds
[2024-08-26T15:38:45.670-0700] {processor.py:186} INFO - Started process (PID=13555) to work on /home/jerson/airflow_venv/lib/python3.10/site-packages/airflow/example_dags/example_sensors.py
[2024-08-26T15:38:45.671-0700] {processor.py:914} INFO - Processing file /home/jerson/airflow_venv/lib/python3.10/site-packages/airflow/example_dags/example_sensors.py for tasks to queue
[2024-08-26T15:38:45.672-0700] {logging_mixin.py:190} INFO - [2024-08-26T15:38:45.672-0700] {dagbag.py:587} INFO - Filling up the DagBag from /home/jerson/airflow_venv/lib/python3.10/site-packages/airflow/example_dags/example_sensors.py
[2024-08-26T15:38:45.679-0700] {processor.py:925} INFO - DAG(s) 'example_sensors' retrieved from /home/jerson/airflow_venv/lib/python3.10/site-packages/airflow/example_dags/example_sensors.py
[2024-08-26T15:38:45.692-0700] {logging_mixin.py:190} INFO - [2024-08-26T15:38:45.692-0700] {dag.py:3211} INFO - Sync 1 DAGs
[2024-08-26T15:38:45.699-0700] {logging_mixin.py:190} INFO - [2024-08-26T15:38:45.699-0700] {dag.py:4138} INFO - Setting next_dagrun for example_sensors to None, run_after=None
[2024-08-26T15:38:45.717-0700] {processor.py:208} INFO - Processing /home/jerson/airflow_venv/lib/python3.10/site-packages/airflow/example_dags/example_sensors.py took 0.051 seconds
[2024-08-26T15:39:33.657-0700] {processor.py:186} INFO - Started process (PID=14079) to work on /home/jerson/airflow_venv/lib/python3.10/site-packages/airflow/example_dags/example_sensors.py
[2024-08-26T15:39:33.658-0700] {processor.py:914} INFO - Processing file /home/jerson/airflow_venv/lib/python3.10/site-packages/airflow/example_dags/example_sensors.py for tasks to queue
[2024-08-26T15:39:33.659-0700] {logging_mixin.py:190} INFO - [2024-08-26T15:39:33.659-0700] {dagbag.py:587} INFO - Filling up the DagBag from /home/jerson/airflow_venv/lib/python3.10/site-packages/airflow/example_dags/example_sensors.py
[2024-08-26T15:39:33.666-0700] {processor.py:925} INFO - DAG(s) 'example_sensors' retrieved from /home/jerson/airflow_venv/lib/python3.10/site-packages/airflow/example_dags/example_sensors.py
[2024-08-26T15:39:33.677-0700] {logging_mixin.py:190} INFO - [2024-08-26T15:39:33.677-0700] {dag.py:3211} INFO - Sync 1 DAGs
[2024-08-26T15:39:33.684-0700] {logging_mixin.py:190} INFO - [2024-08-26T15:39:33.684-0700] {dag.py:4138} INFO - Setting next_dagrun for example_sensors to None, run_after=None
[2024-08-26T15:39:33.699-0700] {processor.py:208} INFO - Processing /home/jerson/airflow_venv/lib/python3.10/site-packages/airflow/example_dags/example_sensors.py took 0.045 seconds
[2024-08-26T15:40:22.424-0700] {processor.py:186} INFO - Started process (PID=14534) to work on /home/jerson/airflow_venv/lib/python3.10/site-packages/airflow/example_dags/example_sensors.py
[2024-08-26T15:40:22.425-0700] {processor.py:914} INFO - Processing file /home/jerson/airflow_venv/lib/python3.10/site-packages/airflow/example_dags/example_sensors.py for tasks to queue
[2024-08-26T15:40:22.426-0700] {logging_mixin.py:190} INFO - [2024-08-26T15:40:22.426-0700] {dagbag.py:587} INFO - Filling up the DagBag from /home/jerson/airflow_venv/lib/python3.10/site-packages/airflow/example_dags/example_sensors.py
[2024-08-26T15:40:22.432-0700] {processor.py:925} INFO - DAG(s) 'example_sensors' retrieved from /home/jerson/airflow_venv/lib/python3.10/site-packages/airflow/example_dags/example_sensors.py
[2024-08-26T15:40:22.446-0700] {logging_mixin.py:190} INFO - [2024-08-26T15:40:22.445-0700] {dag.py:3211} INFO - Sync 1 DAGs
[2024-08-26T15:40:22.453-0700] {logging_mixin.py:190} INFO - [2024-08-26T15:40:22.453-0700] {dag.py:4138} INFO - Setting next_dagrun for example_sensors to None, run_after=None
[2024-08-26T15:40:22.476-0700] {processor.py:208} INFO - Processing /home/jerson/airflow_venv/lib/python3.10/site-packages/airflow/example_dags/example_sensors.py took 0.056 seconds
[2024-08-26T15:41:11.123-0700] {processor.py:186} INFO - Started process (PID=14962) to work on /home/jerson/airflow_venv/lib/python3.10/site-packages/airflow/example_dags/example_sensors.py
[2024-08-26T15:41:11.124-0700] {processor.py:914} INFO - Processing file /home/jerson/airflow_venv/lib/python3.10/site-packages/airflow/example_dags/example_sensors.py for tasks to queue
[2024-08-26T15:41:11.125-0700] {logging_mixin.py:190} INFO - [2024-08-26T15:41:11.125-0700] {dagbag.py:587} INFO - Filling up the DagBag from /home/jerson/airflow_venv/lib/python3.10/site-packages/airflow/example_dags/example_sensors.py
[2024-08-26T15:41:11.132-0700] {processor.py:925} INFO - DAG(s) 'example_sensors' retrieved from /home/jerson/airflow_venv/lib/python3.10/site-packages/airflow/example_dags/example_sensors.py
[2024-08-26T15:41:11.144-0700] {logging_mixin.py:190} INFO - [2024-08-26T15:41:11.144-0700] {dag.py:3211} INFO - Sync 1 DAGs
[2024-08-26T15:41:11.151-0700] {logging_mixin.py:190} INFO - [2024-08-26T15:41:11.151-0700] {dag.py:4138} INFO - Setting next_dagrun for example_sensors to None, run_after=None
[2024-08-26T15:41:11.170-0700] {processor.py:208} INFO - Processing /home/jerson/airflow_venv/lib/python3.10/site-packages/airflow/example_dags/example_sensors.py took 0.050 seconds
[2024-08-26T15:41:59.671-0700] {processor.py:186} INFO - Started process (PID=15400) to work on /home/jerson/airflow_venv/lib/python3.10/site-packages/airflow/example_dags/example_sensors.py
[2024-08-26T15:41:59.707-0700] {processor.py:914} INFO - Processing file /home/jerson/airflow_venv/lib/python3.10/site-packages/airflow/example_dags/example_sensors.py for tasks to queue
[2024-08-26T15:41:59.709-0700] {logging_mixin.py:190} INFO - [2024-08-26T15:41:59.708-0700] {dagbag.py:587} INFO - Filling up the DagBag from /home/jerson/airflow_venv/lib/python3.10/site-packages/airflow/example_dags/example_sensors.py
[2024-08-26T15:41:59.716-0700] {processor.py:925} INFO - DAG(s) 'example_sensors' retrieved from /home/jerson/airflow_venv/lib/python3.10/site-packages/airflow/example_dags/example_sensors.py
[2024-08-26T15:41:59.729-0700] {logging_mixin.py:190} INFO - [2024-08-26T15:41:59.729-0700] {dag.py:3211} INFO - Sync 1 DAGs
[2024-08-26T15:41:59.737-0700] {logging_mixin.py:190} INFO - [2024-08-26T15:41:59.737-0700] {dag.py:4138} INFO - Setting next_dagrun for example_sensors to None, run_after=None
[2024-08-26T15:41:59.829-0700] {processor.py:208} INFO - Processing /home/jerson/airflow_venv/lib/python3.10/site-packages/airflow/example_dags/example_sensors.py took 0.160 seconds
[2024-08-26T15:42:49.211-0700] {processor.py:186} INFO - Started process (PID=15927) to work on /home/jerson/airflow_venv/lib/python3.10/site-packages/airflow/example_dags/example_sensors.py
[2024-08-26T15:42:49.212-0700] {processor.py:914} INFO - Processing file /home/jerson/airflow_venv/lib/python3.10/site-packages/airflow/example_dags/example_sensors.py for tasks to queue
[2024-08-26T15:42:49.213-0700] {logging_mixin.py:190} INFO - [2024-08-26T15:42:49.213-0700] {dagbag.py:587} INFO - Filling up the DagBag from /home/jerson/airflow_venv/lib/python3.10/site-packages/airflow/example_dags/example_sensors.py
[2024-08-26T15:42:49.220-0700] {processor.py:925} INFO - DAG(s) 'example_sensors' retrieved from /home/jerson/airflow_venv/lib/python3.10/site-packages/airflow/example_dags/example_sensors.py
[2024-08-26T15:42:49.235-0700] {logging_mixin.py:190} INFO - [2024-08-26T15:42:49.235-0700] {dag.py:3211} INFO - Sync 1 DAGs
[2024-08-26T15:42:49.243-0700] {logging_mixin.py:190} INFO - [2024-08-26T15:42:49.243-0700] {dag.py:4138} INFO - Setting next_dagrun for example_sensors to None, run_after=None
[2024-08-26T15:42:49.262-0700] {processor.py:208} INFO - Processing /home/jerson/airflow_venv/lib/python3.10/site-packages/airflow/example_dags/example_sensors.py took 0.055 seconds
[2024-08-26T15:43:41.000-0700] {processor.py:186} INFO - Started process (PID=16415) to work on /home/jerson/airflow_venv/lib/python3.10/site-packages/airflow/example_dags/example_sensors.py
[2024-08-26T15:43:41.001-0700] {processor.py:914} INFO - Processing file /home/jerson/airflow_venv/lib/python3.10/site-packages/airflow/example_dags/example_sensors.py for tasks to queue
[2024-08-26T15:43:41.002-0700] {logging_mixin.py:190} INFO - [2024-08-26T15:43:41.002-0700] {dagbag.py:587} INFO - Filling up the DagBag from /home/jerson/airflow_venv/lib/python3.10/site-packages/airflow/example_dags/example_sensors.py
[2024-08-26T15:43:41.008-0700] {processor.py:925} INFO - DAG(s) 'example_sensors' retrieved from /home/jerson/airflow_venv/lib/python3.10/site-packages/airflow/example_dags/example_sensors.py
[2024-08-26T15:43:41.022-0700] {logging_mixin.py:190} INFO - [2024-08-26T15:43:41.022-0700] {dag.py:3211} INFO - Sync 1 DAGs
[2024-08-26T15:43:41.030-0700] {logging_mixin.py:190} INFO - [2024-08-26T15:43:41.029-0700] {dag.py:4138} INFO - Setting next_dagrun for example_sensors to None, run_after=None
[2024-08-26T15:43:41.047-0700] {processor.py:208} INFO - Processing /home/jerson/airflow_venv/lib/python3.10/site-packages/airflow/example_dags/example_sensors.py took 0.051 seconds
[2024-08-26T15:44:28.396-0700] {processor.py:186} INFO - Started process (PID=16795) to work on /home/jerson/airflow_venv/lib/python3.10/site-packages/airflow/example_dags/example_sensors.py
[2024-08-26T15:44:28.397-0700] {processor.py:914} INFO - Processing file /home/jerson/airflow_venv/lib/python3.10/site-packages/airflow/example_dags/example_sensors.py for tasks to queue
[2024-08-26T15:44:28.398-0700] {logging_mixin.py:190} INFO - [2024-08-26T15:44:28.398-0700] {dagbag.py:587} INFO - Filling up the DagBag from /home/jerson/airflow_venv/lib/python3.10/site-packages/airflow/example_dags/example_sensors.py
[2024-08-26T15:44:28.405-0700] {processor.py:925} INFO - DAG(s) 'example_sensors' retrieved from /home/jerson/airflow_venv/lib/python3.10/site-packages/airflow/example_dags/example_sensors.py
[2024-08-26T15:44:28.418-0700] {logging_mixin.py:190} INFO - [2024-08-26T15:44:28.418-0700] {dag.py:3211} INFO - Sync 1 DAGs
[2024-08-26T15:44:28.426-0700] {logging_mixin.py:190} INFO - [2024-08-26T15:44:28.426-0700] {dag.py:4138} INFO - Setting next_dagrun for example_sensors to None, run_after=None
[2024-08-26T15:44:28.443-0700] {processor.py:208} INFO - Processing /home/jerson/airflow_venv/lib/python3.10/site-packages/airflow/example_dags/example_sensors.py took 0.051 seconds
[2024-08-26T15:45:16.136-0700] {processor.py:186} INFO - Started process (PID=17182) to work on /home/jerson/airflow_venv/lib/python3.10/site-packages/airflow/example_dags/example_sensors.py
[2024-08-26T15:45:16.137-0700] {processor.py:914} INFO - Processing file /home/jerson/airflow_venv/lib/python3.10/site-packages/airflow/example_dags/example_sensors.py for tasks to queue
[2024-08-26T15:45:16.138-0700] {logging_mixin.py:190} INFO - [2024-08-26T15:45:16.138-0700] {dagbag.py:587} INFO - Filling up the DagBag from /home/jerson/airflow_venv/lib/python3.10/site-packages/airflow/example_dags/example_sensors.py
[2024-08-26T15:45:16.148-0700] {processor.py:925} INFO - DAG(s) 'example_sensors' retrieved from /home/jerson/airflow_venv/lib/python3.10/site-packages/airflow/example_dags/example_sensors.py
[2024-08-26T15:45:16.164-0700] {logging_mixin.py:190} INFO - [2024-08-26T15:45:16.164-0700] {dag.py:3211} INFO - Sync 1 DAGs
[2024-08-26T15:45:16.174-0700] {logging_mixin.py:190} INFO - [2024-08-26T15:45:16.173-0700] {dag.py:4138} INFO - Setting next_dagrun for example_sensors to None, run_after=None
[2024-08-26T15:45:16.192-0700] {processor.py:208} INFO - Processing /home/jerson/airflow_venv/lib/python3.10/site-packages/airflow/example_dags/example_sensors.py took 0.061 seconds
[2024-08-26T15:46:06.758-0700] {processor.py:186} INFO - Started process (PID=17648) to work on /home/jerson/airflow_venv/lib/python3.10/site-packages/airflow/example_dags/example_sensors.py
[2024-08-26T15:46:06.759-0700] {processor.py:914} INFO - Processing file /home/jerson/airflow_venv/lib/python3.10/site-packages/airflow/example_dags/example_sensors.py for tasks to queue
[2024-08-26T15:46:06.759-0700] {logging_mixin.py:190} INFO - [2024-08-26T15:46:06.759-0700] {dagbag.py:587} INFO - Filling up the DagBag from /home/jerson/airflow_venv/lib/python3.10/site-packages/airflow/example_dags/example_sensors.py
[2024-08-26T15:46:06.766-0700] {processor.py:925} INFO - DAG(s) 'example_sensors' retrieved from /home/jerson/airflow_venv/lib/python3.10/site-packages/airflow/example_dags/example_sensors.py
[2024-08-26T15:46:06.782-0700] {logging_mixin.py:190} INFO - [2024-08-26T15:46:06.782-0700] {dag.py:3211} INFO - Sync 1 DAGs
[2024-08-26T15:46:06.796-0700] {logging_mixin.py:190} INFO - [2024-08-26T15:46:06.795-0700] {dag.py:4138} INFO - Setting next_dagrun for example_sensors to None, run_after=None
[2024-08-26T15:46:06.820-0700] {processor.py:208} INFO - Processing /home/jerson/airflow_venv/lib/python3.10/site-packages/airflow/example_dags/example_sensors.py took 0.065 seconds
[2024-08-26T15:46:57.412-0700] {processor.py:186} INFO - Started process (PID=18100) to work on /home/jerson/airflow_venv/lib/python3.10/site-packages/airflow/example_dags/example_sensors.py
[2024-08-26T15:46:57.413-0700] {processor.py:914} INFO - Processing file /home/jerson/airflow_venv/lib/python3.10/site-packages/airflow/example_dags/example_sensors.py for tasks to queue
[2024-08-26T15:46:57.414-0700] {logging_mixin.py:190} INFO - [2024-08-26T15:46:57.413-0700] {dagbag.py:587} INFO - Filling up the DagBag from /home/jerson/airflow_venv/lib/python3.10/site-packages/airflow/example_dags/example_sensors.py
[2024-08-26T15:46:57.420-0700] {processor.py:925} INFO - DAG(s) 'example_sensors' retrieved from /home/jerson/airflow_venv/lib/python3.10/site-packages/airflow/example_dags/example_sensors.py
[2024-08-26T15:46:57.432-0700] {logging_mixin.py:190} INFO - [2024-08-26T15:46:57.432-0700] {dag.py:3211} INFO - Sync 1 DAGs
[2024-08-26T15:46:57.440-0700] {logging_mixin.py:190} INFO - [2024-08-26T15:46:57.440-0700] {dag.py:4138} INFO - Setting next_dagrun for example_sensors to None, run_after=None
[2024-08-26T15:46:57.457-0700] {processor.py:208} INFO - Processing /home/jerson/airflow_venv/lib/python3.10/site-packages/airflow/example_dags/example_sensors.py took 0.049 seconds
[2024-08-26T15:47:51.305-0700] {processor.py:186} INFO - Started process (PID=18561) to work on /home/jerson/airflow_venv/lib/python3.10/site-packages/airflow/example_dags/example_sensors.py
[2024-08-26T15:47:51.306-0700] {processor.py:914} INFO - Processing file /home/jerson/airflow_venv/lib/python3.10/site-packages/airflow/example_dags/example_sensors.py for tasks to queue
[2024-08-26T15:47:51.307-0700] {logging_mixin.py:190} INFO - [2024-08-26T15:47:51.306-0700] {dagbag.py:587} INFO - Filling up the DagBag from /home/jerson/airflow_venv/lib/python3.10/site-packages/airflow/example_dags/example_sensors.py
[2024-08-26T15:47:51.314-0700] {processor.py:925} INFO - DAG(s) 'example_sensors' retrieved from /home/jerson/airflow_venv/lib/python3.10/site-packages/airflow/example_dags/example_sensors.py
[2024-08-26T15:47:51.327-0700] {logging_mixin.py:190} INFO - [2024-08-26T15:47:51.327-0700] {dag.py:3211} INFO - Sync 1 DAGs
[2024-08-26T15:47:51.335-0700] {logging_mixin.py:190} INFO - [2024-08-26T15:47:51.335-0700] {dag.py:4138} INFO - Setting next_dagrun for example_sensors to None, run_after=None
[2024-08-26T15:47:51.351-0700] {processor.py:208} INFO - Processing /home/jerson/airflow_venv/lib/python3.10/site-packages/airflow/example_dags/example_sensors.py took 0.051 seconds
[2024-08-26T15:48:40.798-0700] {processor.py:186} INFO - Started process (PID=19090) to work on /home/jerson/airflow_venv/lib/python3.10/site-packages/airflow/example_dags/example_sensors.py
[2024-08-26T15:48:40.799-0700] {processor.py:914} INFO - Processing file /home/jerson/airflow_venv/lib/python3.10/site-packages/airflow/example_dags/example_sensors.py for tasks to queue
[2024-08-26T15:48:40.800-0700] {logging_mixin.py:190} INFO - [2024-08-26T15:48:40.799-0700] {dagbag.py:587} INFO - Filling up the DagBag from /home/jerson/airflow_venv/lib/python3.10/site-packages/airflow/example_dags/example_sensors.py
[2024-08-26T15:48:40.806-0700] {processor.py:925} INFO - DAG(s) 'example_sensors' retrieved from /home/jerson/airflow_venv/lib/python3.10/site-packages/airflow/example_dags/example_sensors.py
[2024-08-26T15:48:40.818-0700] {logging_mixin.py:190} INFO - [2024-08-26T15:48:40.818-0700] {dag.py:3211} INFO - Sync 1 DAGs
[2024-08-26T15:48:40.825-0700] {logging_mixin.py:190} INFO - [2024-08-26T15:48:40.825-0700] {dag.py:4138} INFO - Setting next_dagrun for example_sensors to None, run_after=None
[2024-08-26T15:48:40.841-0700] {processor.py:208} INFO - Processing /home/jerson/airflow_venv/lib/python3.10/site-packages/airflow/example_dags/example_sensors.py took 0.047 seconds
[2024-08-26T15:49:29.191-0700] {processor.py:186} INFO - Started process (PID=19774) to work on /home/jerson/airflow_venv/lib/python3.10/site-packages/airflow/example_dags/example_sensors.py
[2024-08-26T15:49:29.192-0700] {processor.py:914} INFO - Processing file /home/jerson/airflow_venv/lib/python3.10/site-packages/airflow/example_dags/example_sensors.py for tasks to queue
[2024-08-26T15:49:29.193-0700] {logging_mixin.py:190} INFO - [2024-08-26T15:49:29.193-0700] {dagbag.py:587} INFO - Filling up the DagBag from /home/jerson/airflow_venv/lib/python3.10/site-packages/airflow/example_dags/example_sensors.py
[2024-08-26T15:49:29.199-0700] {processor.py:925} INFO - DAG(s) 'example_sensors' retrieved from /home/jerson/airflow_venv/lib/python3.10/site-packages/airflow/example_dags/example_sensors.py
[2024-08-26T15:49:29.214-0700] {logging_mixin.py:190} INFO - [2024-08-26T15:49:29.213-0700] {dag.py:3211} INFO - Sync 1 DAGs
[2024-08-26T15:49:29.222-0700] {logging_mixin.py:190} INFO - [2024-08-26T15:49:29.222-0700] {dag.py:4138} INFO - Setting next_dagrun for example_sensors to None, run_after=None
[2024-08-26T15:49:29.241-0700] {processor.py:208} INFO - Processing /home/jerson/airflow_venv/lib/python3.10/site-packages/airflow/example_dags/example_sensors.py took 0.057 seconds
[2024-08-26T15:50:19.635-0700] {processor.py:186} INFO - Started process (PID=20376) to work on /home/jerson/airflow_venv/lib/python3.10/site-packages/airflow/example_dags/example_sensors.py
[2024-08-26T15:50:19.636-0700] {processor.py:914} INFO - Processing file /home/jerson/airflow_venv/lib/python3.10/site-packages/airflow/example_dags/example_sensors.py for tasks to queue
[2024-08-26T15:50:19.636-0700] {logging_mixin.py:190} INFO - [2024-08-26T15:50:19.636-0700] {dagbag.py:587} INFO - Filling up the DagBag from /home/jerson/airflow_venv/lib/python3.10/site-packages/airflow/example_dags/example_sensors.py
[2024-08-26T15:50:19.643-0700] {processor.py:925} INFO - DAG(s) 'example_sensors' retrieved from /home/jerson/airflow_venv/lib/python3.10/site-packages/airflow/example_dags/example_sensors.py
[2024-08-26T15:50:19.655-0700] {logging_mixin.py:190} INFO - [2024-08-26T15:50:19.655-0700] {dag.py:3211} INFO - Sync 1 DAGs
[2024-08-26T15:50:19.661-0700] {logging_mixin.py:190} INFO - [2024-08-26T15:50:19.661-0700] {dag.py:4138} INFO - Setting next_dagrun for example_sensors to None, run_after=None
[2024-08-26T15:50:19.677-0700] {processor.py:208} INFO - Processing /home/jerson/airflow_venv/lib/python3.10/site-packages/airflow/example_dags/example_sensors.py took 0.047 seconds
[2024-08-26T15:50:32.679-0700] {processor.py:186} INFO - Started process (PID=20509) to work on /home/jerson/airflow_venv/lib/python3.10/site-packages/airflow/example_dags/example_sensors.py
[2024-08-26T15:50:32.680-0700] {processor.py:914} INFO - Processing file /home/jerson/airflow_venv/lib/python3.10/site-packages/airflow/example_dags/example_sensors.py for tasks to queue
[2024-08-26T15:50:32.682-0700] {logging_mixin.py:190} INFO - [2024-08-26T15:50:32.681-0700] {dagbag.py:587} INFO - Filling up the DagBag from /home/jerson/airflow_venv/lib/python3.10/site-packages/airflow/example_dags/example_sensors.py
[2024-08-26T15:50:32.691-0700] {processor.py:925} INFO - DAG(s) 'example_sensors' retrieved from /home/jerson/airflow_venv/lib/python3.10/site-packages/airflow/example_dags/example_sensors.py
[2024-08-26T15:50:32.714-0700] {logging_mixin.py:190} INFO - [2024-08-26T15:50:32.714-0700] {dag.py:3211} INFO - Sync 1 DAGs
[2024-08-26T15:50:32.726-0700] {logging_mixin.py:190} INFO - [2024-08-26T15:50:32.726-0700] {dag.py:4138} INFO - Setting next_dagrun for example_sensors to None, run_after=None
[2024-08-26T15:50:32.745-0700] {processor.py:208} INFO - Processing /home/jerson/airflow_venv/lib/python3.10/site-packages/airflow/example_dags/example_sensors.py took 0.069 seconds
[2024-08-26T15:51:07.635-0700] {processor.py:186} INFO - Started process (PID=20931) to work on /home/jerson/airflow_venv/lib/python3.10/site-packages/airflow/example_dags/example_sensors.py
[2024-08-26T15:51:07.636-0700] {processor.py:914} INFO - Processing file /home/jerson/airflow_venv/lib/python3.10/site-packages/airflow/example_dags/example_sensors.py for tasks to queue
[2024-08-26T15:51:07.637-0700] {logging_mixin.py:190} INFO - [2024-08-26T15:51:07.636-0700] {dagbag.py:587} INFO - Filling up the DagBag from /home/jerson/airflow_venv/lib/python3.10/site-packages/airflow/example_dags/example_sensors.py
[2024-08-26T15:51:07.643-0700] {processor.py:925} INFO - DAG(s) 'example_sensors' retrieved from /home/jerson/airflow_venv/lib/python3.10/site-packages/airflow/example_dags/example_sensors.py
[2024-08-26T15:51:07.656-0700] {logging_mixin.py:190} INFO - [2024-08-26T15:51:07.656-0700] {dag.py:3211} INFO - Sync 1 DAGs
[2024-08-26T15:51:07.663-0700] {logging_mixin.py:190} INFO - [2024-08-26T15:51:07.663-0700] {dag.py:4138} INFO - Setting next_dagrun for example_sensors to None, run_after=None
[2024-08-26T15:51:07.680-0700] {processor.py:208} INFO - Processing /home/jerson/airflow_venv/lib/python3.10/site-packages/airflow/example_dags/example_sensors.py took 0.049 seconds
[2024-08-26T15:51:26.915-0700] {processor.py:186} INFO - Started process (PID=21170) to work on /home/jerson/airflow_venv/lib/python3.10/site-packages/airflow/example_dags/example_sensors.py
[2024-08-26T15:51:26.915-0700] {processor.py:914} INFO - Processing file /home/jerson/airflow_venv/lib/python3.10/site-packages/airflow/example_dags/example_sensors.py for tasks to queue
[2024-08-26T15:51:26.916-0700] {logging_mixin.py:190} INFO - [2024-08-26T15:51:26.916-0700] {dagbag.py:587} INFO - Filling up the DagBag from /home/jerson/airflow_venv/lib/python3.10/site-packages/airflow/example_dags/example_sensors.py
[2024-08-26T15:51:26.923-0700] {processor.py:925} INFO - DAG(s) 'example_sensors' retrieved from /home/jerson/airflow_venv/lib/python3.10/site-packages/airflow/example_dags/example_sensors.py
[2024-08-26T15:51:26.935-0700] {logging_mixin.py:190} INFO - [2024-08-26T15:51:26.935-0700] {dag.py:3211} INFO - Sync 1 DAGs
[2024-08-26T15:51:26.941-0700] {logging_mixin.py:190} INFO - [2024-08-26T15:51:26.941-0700] {dag.py:4138} INFO - Setting next_dagrun for example_sensors to None, run_after=None
[2024-08-26T15:51:26.957-0700] {processor.py:208} INFO - Processing /home/jerson/airflow_venv/lib/python3.10/site-packages/airflow/example_dags/example_sensors.py took 0.046 seconds
[2024-08-26T15:52:19.711-0700] {processor.py:186} INFO - Started process (PID=21689) to work on /home/jerson/airflow_venv/lib/python3.10/site-packages/airflow/example_dags/example_sensors.py
[2024-08-26T15:52:19.714-0700] {processor.py:914} INFO - Processing file /home/jerson/airflow_venv/lib/python3.10/site-packages/airflow/example_dags/example_sensors.py for tasks to queue
[2024-08-26T15:52:19.715-0700] {logging_mixin.py:190} INFO - [2024-08-26T15:52:19.715-0700] {dagbag.py:587} INFO - Filling up the DagBag from /home/jerson/airflow_venv/lib/python3.10/site-packages/airflow/example_dags/example_sensors.py
[2024-08-26T15:52:19.722-0700] {processor.py:925} INFO - DAG(s) 'example_sensors' retrieved from /home/jerson/airflow_venv/lib/python3.10/site-packages/airflow/example_dags/example_sensors.py
[2024-08-26T15:52:19.735-0700] {logging_mixin.py:190} INFO - [2024-08-26T15:52:19.735-0700] {dag.py:3211} INFO - Sync 1 DAGs
[2024-08-26T15:52:19.742-0700] {logging_mixin.py:190} INFO - [2024-08-26T15:52:19.742-0700] {dag.py:4138} INFO - Setting next_dagrun for example_sensors to None, run_after=None
[2024-08-26T15:52:19.757-0700] {processor.py:208} INFO - Processing /home/jerson/airflow_venv/lib/python3.10/site-packages/airflow/example_dags/example_sensors.py took 0.049 seconds
[2024-08-26T15:53:11.853-0700] {processor.py:186} INFO - Started process (PID=22166) to work on /home/jerson/airflow_venv/lib/python3.10/site-packages/airflow/example_dags/example_sensors.py
[2024-08-26T15:53:11.854-0700] {processor.py:914} INFO - Processing file /home/jerson/airflow_venv/lib/python3.10/site-packages/airflow/example_dags/example_sensors.py for tasks to queue
[2024-08-26T15:53:11.855-0700] {logging_mixin.py:190} INFO - [2024-08-26T15:53:11.855-0700] {dagbag.py:587} INFO - Filling up the DagBag from /home/jerson/airflow_venv/lib/python3.10/site-packages/airflow/example_dags/example_sensors.py
[2024-08-26T15:53:11.861-0700] {processor.py:925} INFO - DAG(s) 'example_sensors' retrieved from /home/jerson/airflow_venv/lib/python3.10/site-packages/airflow/example_dags/example_sensors.py
[2024-08-26T15:53:11.873-0700] {logging_mixin.py:190} INFO - [2024-08-26T15:53:11.873-0700] {dag.py:3211} INFO - Sync 1 DAGs
[2024-08-26T15:53:11.880-0700] {logging_mixin.py:190} INFO - [2024-08-26T15:53:11.880-0700] {dag.py:4138} INFO - Setting next_dagrun for example_sensors to None, run_after=None
[2024-08-26T15:53:11.895-0700] {processor.py:208} INFO - Processing /home/jerson/airflow_venv/lib/python3.10/site-packages/airflow/example_dags/example_sensors.py took 0.045 seconds
[2024-08-26T15:55:39.297-0700] {processor.py:186} INFO - Started process (PID=23537) to work on /home/jerson/airflow_venv/lib/python3.10/site-packages/airflow/example_dags/example_sensors.py
[2024-08-26T15:55:39.298-0700] {processor.py:914} INFO - Processing file /home/jerson/airflow_venv/lib/python3.10/site-packages/airflow/example_dags/example_sensors.py for tasks to queue
[2024-08-26T15:55:39.299-0700] {logging_mixin.py:190} INFO - [2024-08-26T15:55:39.299-0700] {dagbag.py:587} INFO - Filling up the DagBag from /home/jerson/airflow_venv/lib/python3.10/site-packages/airflow/example_dags/example_sensors.py
[2024-08-26T15:55:39.305-0700] {processor.py:925} INFO - DAG(s) 'example_sensors' retrieved from /home/jerson/airflow_venv/lib/python3.10/site-packages/airflow/example_dags/example_sensors.py
[2024-08-26T15:55:39.318-0700] {logging_mixin.py:190} INFO - [2024-08-26T15:55:39.318-0700] {dag.py:3211} INFO - Sync 1 DAGs
[2024-08-26T15:55:39.324-0700] {logging_mixin.py:190} INFO - [2024-08-26T15:55:39.324-0700] {dag.py:4138} INFO - Setting next_dagrun for example_sensors to None, run_after=None
[2024-08-26T15:55:39.341-0700] {processor.py:208} INFO - Processing /home/jerson/airflow_venv/lib/python3.10/site-packages/airflow/example_dags/example_sensors.py took 0.046 seconds
[2024-08-26T15:56:33.499-0700] {processor.py:186} INFO - Started process (PID=24176) to work on /home/jerson/airflow_venv/lib/python3.10/site-packages/airflow/example_dags/example_sensors.py
[2024-08-26T15:56:33.500-0700] {processor.py:914} INFO - Processing file /home/jerson/airflow_venv/lib/python3.10/site-packages/airflow/example_dags/example_sensors.py for tasks to queue
[2024-08-26T15:56:33.501-0700] {logging_mixin.py:190} INFO - [2024-08-26T15:56:33.501-0700] {dagbag.py:587} INFO - Filling up the DagBag from /home/jerson/airflow_venv/lib/python3.10/site-packages/airflow/example_dags/example_sensors.py
[2024-08-26T15:56:33.508-0700] {processor.py:925} INFO - DAG(s) 'example_sensors' retrieved from /home/jerson/airflow_venv/lib/python3.10/site-packages/airflow/example_dags/example_sensors.py
[2024-08-26T15:56:33.522-0700] {logging_mixin.py:190} INFO - [2024-08-26T15:56:33.521-0700] {dag.py:3211} INFO - Sync 1 DAGs
[2024-08-26T15:56:33.529-0700] {logging_mixin.py:190} INFO - [2024-08-26T15:56:33.529-0700] {dag.py:4138} INFO - Setting next_dagrun for example_sensors to None, run_after=None
[2024-08-26T15:56:33.545-0700] {processor.py:208} INFO - Processing /home/jerson/airflow_venv/lib/python3.10/site-packages/airflow/example_dags/example_sensors.py took 0.049 seconds
[2024-08-26T15:57:33.295-0700] {processor.py:186} INFO - Started process (PID=24999) to work on /home/jerson/airflow_venv/lib/python3.10/site-packages/airflow/example_dags/example_sensors.py
[2024-08-26T15:57:33.296-0700] {processor.py:914} INFO - Processing file /home/jerson/airflow_venv/lib/python3.10/site-packages/airflow/example_dags/example_sensors.py for tasks to queue
[2024-08-26T15:57:33.297-0700] {logging_mixin.py:190} INFO - [2024-08-26T15:57:33.297-0700] {dagbag.py:587} INFO - Filling up the DagBag from /home/jerson/airflow_venv/lib/python3.10/site-packages/airflow/example_dags/example_sensors.py
[2024-08-26T15:57:33.303-0700] {processor.py:925} INFO - DAG(s) 'example_sensors' retrieved from /home/jerson/airflow_venv/lib/python3.10/site-packages/airflow/example_dags/example_sensors.py
[2024-08-26T15:57:33.316-0700] {logging_mixin.py:190} INFO - [2024-08-26T15:57:33.316-0700] {dag.py:3211} INFO - Sync 1 DAGs
[2024-08-26T15:57:33.323-0700] {logging_mixin.py:190} INFO - [2024-08-26T15:57:33.323-0700] {dag.py:4138} INFO - Setting next_dagrun for example_sensors to None, run_after=None
[2024-08-26T15:57:33.340-0700] {processor.py:208} INFO - Processing /home/jerson/airflow_venv/lib/python3.10/site-packages/airflow/example_dags/example_sensors.py took 0.048 seconds
[2024-08-26T15:58:29.053-0700] {processor.py:186} INFO - Started process (PID=25444) to work on /home/jerson/airflow_venv/lib/python3.10/site-packages/airflow/example_dags/example_sensors.py
[2024-08-26T15:58:29.054-0700] {processor.py:914} INFO - Processing file /home/jerson/airflow_venv/lib/python3.10/site-packages/airflow/example_dags/example_sensors.py for tasks to queue
[2024-08-26T15:58:29.056-0700] {logging_mixin.py:190} INFO - [2024-08-26T15:58:29.055-0700] {dagbag.py:587} INFO - Filling up the DagBag from /home/jerson/airflow_venv/lib/python3.10/site-packages/airflow/example_dags/example_sensors.py
[2024-08-26T15:58:29.062-0700] {processor.py:925} INFO - DAG(s) 'example_sensors' retrieved from /home/jerson/airflow_venv/lib/python3.10/site-packages/airflow/example_dags/example_sensors.py
[2024-08-26T15:58:29.073-0700] {logging_mixin.py:190} INFO - [2024-08-26T15:58:29.073-0700] {dag.py:3211} INFO - Sync 1 DAGs
[2024-08-26T15:58:29.080-0700] {logging_mixin.py:190} INFO - [2024-08-26T15:58:29.080-0700] {dag.py:4138} INFO - Setting next_dagrun for example_sensors to None, run_after=None
[2024-08-26T15:58:29.096-0700] {processor.py:208} INFO - Processing /home/jerson/airflow_venv/lib/python3.10/site-packages/airflow/example_dags/example_sensors.py took 0.046 seconds
[2024-08-26T15:59:17.196-0700] {processor.py:186} INFO - Started process (PID=25826) to work on /home/jerson/airflow_venv/lib/python3.10/site-packages/airflow/example_dags/example_sensors.py
[2024-08-26T15:59:17.197-0700] {processor.py:914} INFO - Processing file /home/jerson/airflow_venv/lib/python3.10/site-packages/airflow/example_dags/example_sensors.py for tasks to queue
[2024-08-26T15:59:17.198-0700] {logging_mixin.py:190} INFO - [2024-08-26T15:59:17.198-0700] {dagbag.py:587} INFO - Filling up the DagBag from /home/jerson/airflow_venv/lib/python3.10/site-packages/airflow/example_dags/example_sensors.py
[2024-08-26T15:59:17.204-0700] {processor.py:925} INFO - DAG(s) 'example_sensors' retrieved from /home/jerson/airflow_venv/lib/python3.10/site-packages/airflow/example_dags/example_sensors.py
[2024-08-26T15:59:17.216-0700] {logging_mixin.py:190} INFO - [2024-08-26T15:59:17.216-0700] {dag.py:3211} INFO - Sync 1 DAGs
[2024-08-26T15:59:17.223-0700] {logging_mixin.py:190} INFO - [2024-08-26T15:59:17.222-0700] {dag.py:4138} INFO - Setting next_dagrun for example_sensors to None, run_after=None
[2024-08-26T15:59:17.237-0700] {processor.py:208} INFO - Processing /home/jerson/airflow_venv/lib/python3.10/site-packages/airflow/example_dags/example_sensors.py took 0.044 seconds
[2024-08-26T16:00:08.508-0700] {processor.py:186} INFO - Started process (PID=26238) to work on /home/jerson/airflow_venv/lib/python3.10/site-packages/airflow/example_dags/example_sensors.py
[2024-08-26T16:00:08.509-0700] {processor.py:914} INFO - Processing file /home/jerson/airflow_venv/lib/python3.10/site-packages/airflow/example_dags/example_sensors.py for tasks to queue
[2024-08-26T16:00:08.510-0700] {logging_mixin.py:190} INFO - [2024-08-26T16:00:08.510-0700] {dagbag.py:587} INFO - Filling up the DagBag from /home/jerson/airflow_venv/lib/python3.10/site-packages/airflow/example_dags/example_sensors.py
[2024-08-26T16:00:08.516-0700] {processor.py:925} INFO - DAG(s) 'example_sensors' retrieved from /home/jerson/airflow_venv/lib/python3.10/site-packages/airflow/example_dags/example_sensors.py
[2024-08-26T16:00:08.529-0700] {logging_mixin.py:190} INFO - [2024-08-26T16:00:08.529-0700] {dag.py:3211} INFO - Sync 1 DAGs
[2024-08-26T16:00:08.536-0700] {logging_mixin.py:190} INFO - [2024-08-26T16:00:08.536-0700] {dag.py:4138} INFO - Setting next_dagrun for example_sensors to None, run_after=None
[2024-08-26T16:00:08.554-0700] {processor.py:208} INFO - Processing /home/jerson/airflow_venv/lib/python3.10/site-packages/airflow/example_dags/example_sensors.py took 0.049 seconds
[2024-08-26T16:00:54.660-0700] {processor.py:186} INFO - Started process (PID=26631) to work on /home/jerson/airflow_venv/lib/python3.10/site-packages/airflow/example_dags/example_sensors.py
[2024-08-26T16:00:54.661-0700] {processor.py:914} INFO - Processing file /home/jerson/airflow_venv/lib/python3.10/site-packages/airflow/example_dags/example_sensors.py for tasks to queue
[2024-08-26T16:00:54.662-0700] {logging_mixin.py:190} INFO - [2024-08-26T16:00:54.662-0700] {dagbag.py:587} INFO - Filling up the DagBag from /home/jerson/airflow_venv/lib/python3.10/site-packages/airflow/example_dags/example_sensors.py
[2024-08-26T16:00:54.668-0700] {processor.py:925} INFO - DAG(s) 'example_sensors' retrieved from /home/jerson/airflow_venv/lib/python3.10/site-packages/airflow/example_dags/example_sensors.py
[2024-08-26T16:00:54.680-0700] {logging_mixin.py:190} INFO - [2024-08-26T16:00:54.680-0700] {dag.py:3211} INFO - Sync 1 DAGs
[2024-08-26T16:00:54.687-0700] {logging_mixin.py:190} INFO - [2024-08-26T16:00:54.687-0700] {dag.py:4138} INFO - Setting next_dagrun for example_sensors to None, run_after=None
[2024-08-26T16:00:54.706-0700] {processor.py:208} INFO - Processing /home/jerson/airflow_venv/lib/python3.10/site-packages/airflow/example_dags/example_sensors.py took 0.050 seconds
[2024-08-26T16:01:42.320-0700] {processor.py:186} INFO - Started process (PID=27014) to work on /home/jerson/airflow_venv/lib/python3.10/site-packages/airflow/example_dags/example_sensors.py
[2024-08-26T16:01:42.321-0700] {processor.py:914} INFO - Processing file /home/jerson/airflow_venv/lib/python3.10/site-packages/airflow/example_dags/example_sensors.py for tasks to queue
[2024-08-26T16:01:42.322-0700] {logging_mixin.py:190} INFO - [2024-08-26T16:01:42.322-0700] {dagbag.py:587} INFO - Filling up the DagBag from /home/jerson/airflow_venv/lib/python3.10/site-packages/airflow/example_dags/example_sensors.py
[2024-08-26T16:01:42.330-0700] {processor.py:925} INFO - DAG(s) 'example_sensors' retrieved from /home/jerson/airflow_venv/lib/python3.10/site-packages/airflow/example_dags/example_sensors.py
[2024-08-26T16:01:42.346-0700] {logging_mixin.py:190} INFO - [2024-08-26T16:01:42.346-0700] {dag.py:3211} INFO - Sync 1 DAGs
[2024-08-26T16:01:42.352-0700] {logging_mixin.py:190} INFO - [2024-08-26T16:01:42.352-0700] {dag.py:4138} INFO - Setting next_dagrun for example_sensors to None, run_after=None
[2024-08-26T16:01:42.367-0700] {processor.py:208} INFO - Processing /home/jerson/airflow_venv/lib/python3.10/site-packages/airflow/example_dags/example_sensors.py took 0.050 seconds
[2024-08-26T16:02:33.341-0700] {processor.py:186} INFO - Started process (PID=27418) to work on /home/jerson/airflow_venv/lib/python3.10/site-packages/airflow/example_dags/example_sensors.py
[2024-08-26T16:02:33.358-0700] {processor.py:914} INFO - Processing file /home/jerson/airflow_venv/lib/python3.10/site-packages/airflow/example_dags/example_sensors.py for tasks to queue
[2024-08-26T16:02:33.360-0700] {logging_mixin.py:190} INFO - [2024-08-26T16:02:33.360-0700] {dagbag.py:587} INFO - Filling up the DagBag from /home/jerson/airflow_venv/lib/python3.10/site-packages/airflow/example_dags/example_sensors.py
[2024-08-26T16:02:33.366-0700] {processor.py:925} INFO - DAG(s) 'example_sensors' retrieved from /home/jerson/airflow_venv/lib/python3.10/site-packages/airflow/example_dags/example_sensors.py
[2024-08-26T16:02:33.378-0700] {logging_mixin.py:190} INFO - [2024-08-26T16:02:33.378-0700] {dag.py:3211} INFO - Sync 1 DAGs
[2024-08-26T16:02:33.385-0700] {logging_mixin.py:190} INFO - [2024-08-26T16:02:33.385-0700] {dag.py:4138} INFO - Setting next_dagrun for example_sensors to None, run_after=None
[2024-08-26T16:02:33.434-0700] {processor.py:208} INFO - Processing /home/jerson/airflow_venv/lib/python3.10/site-packages/airflow/example_dags/example_sensors.py took 0.097 seconds
[2024-08-26T16:03:22.993-0700] {processor.py:186} INFO - Started process (PID=27814) to work on /home/jerson/airflow_venv/lib/python3.10/site-packages/airflow/example_dags/example_sensors.py
[2024-08-26T16:03:22.994-0700] {processor.py:914} INFO - Processing file /home/jerson/airflow_venv/lib/python3.10/site-packages/airflow/example_dags/example_sensors.py for tasks to queue
[2024-08-26T16:03:22.996-0700] {logging_mixin.py:190} INFO - [2024-08-26T16:03:22.995-0700] {dagbag.py:587} INFO - Filling up the DagBag from /home/jerson/airflow_venv/lib/python3.10/site-packages/airflow/example_dags/example_sensors.py
[2024-08-26T16:03:23.002-0700] {processor.py:925} INFO - DAG(s) 'example_sensors' retrieved from /home/jerson/airflow_venv/lib/python3.10/site-packages/airflow/example_dags/example_sensors.py
[2024-08-26T16:03:23.015-0700] {logging_mixin.py:190} INFO - [2024-08-26T16:03:23.015-0700] {dag.py:3211} INFO - Sync 1 DAGs
[2024-08-26T16:03:23.022-0700] {logging_mixin.py:190} INFO - [2024-08-26T16:03:23.022-0700] {dag.py:4138} INFO - Setting next_dagrun for example_sensors to None, run_after=None
[2024-08-26T16:03:23.037-0700] {processor.py:208} INFO - Processing /home/jerson/airflow_venv/lib/python3.10/site-packages/airflow/example_dags/example_sensors.py took 0.047 seconds
[2024-08-26T16:04:11.265-0700] {processor.py:186} INFO - Started process (PID=28196) to work on /home/jerson/airflow_venv/lib/python3.10/site-packages/airflow/example_dags/example_sensors.py
[2024-08-26T16:04:11.504-0700] {processor.py:914} INFO - Processing file /home/jerson/airflow_venv/lib/python3.10/site-packages/airflow/example_dags/example_sensors.py for tasks to queue
[2024-08-26T16:04:11.505-0700] {logging_mixin.py:190} INFO - [2024-08-26T16:04:11.505-0700] {dagbag.py:587} INFO - Filling up the DagBag from /home/jerson/airflow_venv/lib/python3.10/site-packages/airflow/example_dags/example_sensors.py
[2024-08-26T16:04:11.512-0700] {processor.py:925} INFO - DAG(s) 'example_sensors' retrieved from /home/jerson/airflow_venv/lib/python3.10/site-packages/airflow/example_dags/example_sensors.py
[2024-08-26T16:04:11.524-0700] {logging_mixin.py:190} INFO - [2024-08-26T16:04:11.524-0700] {dag.py:3211} INFO - Sync 1 DAGs
[2024-08-26T16:04:11.531-0700] {logging_mixin.py:190} INFO - [2024-08-26T16:04:11.531-0700] {dag.py:4138} INFO - Setting next_dagrun for example_sensors to None, run_after=None
[2024-08-26T16:04:11.550-0700] {processor.py:208} INFO - Processing /home/jerson/airflow_venv/lib/python3.10/site-packages/airflow/example_dags/example_sensors.py took 0.288 seconds
[2024-08-26T16:05:01.235-0700] {processor.py:186} INFO - Started process (PID=28597) to work on /home/jerson/airflow_venv/lib/python3.10/site-packages/airflow/example_dags/example_sensors.py
[2024-08-26T16:05:01.236-0700] {processor.py:914} INFO - Processing file /home/jerson/airflow_venv/lib/python3.10/site-packages/airflow/example_dags/example_sensors.py for tasks to queue
[2024-08-26T16:05:01.237-0700] {logging_mixin.py:190} INFO - [2024-08-26T16:05:01.237-0700] {dagbag.py:587} INFO - Filling up the DagBag from /home/jerson/airflow_venv/lib/python3.10/site-packages/airflow/example_dags/example_sensors.py
[2024-08-26T16:05:01.243-0700] {processor.py:925} INFO - DAG(s) 'example_sensors' retrieved from /home/jerson/airflow_venv/lib/python3.10/site-packages/airflow/example_dags/example_sensors.py
[2024-08-26T16:05:01.255-0700] {logging_mixin.py:190} INFO - [2024-08-26T16:05:01.255-0700] {dag.py:3211} INFO - Sync 1 DAGs
[2024-08-26T16:05:01.261-0700] {logging_mixin.py:190} INFO - [2024-08-26T16:05:01.261-0700] {dag.py:4138} INFO - Setting next_dagrun for example_sensors to None, run_after=None
[2024-08-26T16:05:01.276-0700] {processor.py:208} INFO - Processing /home/jerson/airflow_venv/lib/python3.10/site-packages/airflow/example_dags/example_sensors.py took 0.044 seconds
[2024-08-26T16:05:48.061-0700] {processor.py:186} INFO - Started process (PID=29000) to work on /home/jerson/airflow_venv/lib/python3.10/site-packages/airflow/example_dags/example_sensors.py
[2024-08-26T16:05:48.062-0700] {processor.py:914} INFO - Processing file /home/jerson/airflow_venv/lib/python3.10/site-packages/airflow/example_dags/example_sensors.py for tasks to queue
[2024-08-26T16:05:48.063-0700] {logging_mixin.py:190} INFO - [2024-08-26T16:05:48.063-0700] {dagbag.py:587} INFO - Filling up the DagBag from /home/jerson/airflow_venv/lib/python3.10/site-packages/airflow/example_dags/example_sensors.py
[2024-08-26T16:05:48.070-0700] {processor.py:925} INFO - DAG(s) 'example_sensors' retrieved from /home/jerson/airflow_venv/lib/python3.10/site-packages/airflow/example_dags/example_sensors.py
[2024-08-26T16:05:48.082-0700] {logging_mixin.py:190} INFO - [2024-08-26T16:05:48.082-0700] {dag.py:3211} INFO - Sync 1 DAGs
[2024-08-26T16:05:48.089-0700] {logging_mixin.py:190} INFO - [2024-08-26T16:05:48.089-0700] {dag.py:4138} INFO - Setting next_dagrun for example_sensors to None, run_after=None
[2024-08-26T16:05:48.103-0700] {processor.py:208} INFO - Processing /home/jerson/airflow_venv/lib/python3.10/site-packages/airflow/example_dags/example_sensors.py took 0.045 seconds
[2024-08-26T16:06:35.882-0700] {processor.py:186} INFO - Started process (PID=29384) to work on /home/jerson/airflow_venv/lib/python3.10/site-packages/airflow/example_dags/example_sensors.py
[2024-08-26T16:06:35.883-0700] {processor.py:914} INFO - Processing file /home/jerson/airflow_venv/lib/python3.10/site-packages/airflow/example_dags/example_sensors.py for tasks to queue
[2024-08-26T16:06:35.884-0700] {logging_mixin.py:190} INFO - [2024-08-26T16:06:35.884-0700] {dagbag.py:587} INFO - Filling up the DagBag from /home/jerson/airflow_venv/lib/python3.10/site-packages/airflow/example_dags/example_sensors.py
[2024-08-26T16:06:35.891-0700] {processor.py:925} INFO - DAG(s) 'example_sensors' retrieved from /home/jerson/airflow_venv/lib/python3.10/site-packages/airflow/example_dags/example_sensors.py
[2024-08-26T16:06:35.907-0700] {logging_mixin.py:190} INFO - [2024-08-26T16:06:35.907-0700] {dag.py:3211} INFO - Sync 1 DAGs
[2024-08-26T16:06:35.915-0700] {logging_mixin.py:190} INFO - [2024-08-26T16:06:35.915-0700] {dag.py:4138} INFO - Setting next_dagrun for example_sensors to None, run_after=None
[2024-08-26T16:06:35.931-0700] {processor.py:208} INFO - Processing /home/jerson/airflow_venv/lib/python3.10/site-packages/airflow/example_dags/example_sensors.py took 0.052 seconds
[2024-08-26T16:07:24.978-0700] {processor.py:186} INFO - Started process (PID=29773) to work on /home/jerson/airflow_venv/lib/python3.10/site-packages/airflow/example_dags/example_sensors.py
[2024-08-26T16:07:24.979-0700] {processor.py:914} INFO - Processing file /home/jerson/airflow_venv/lib/python3.10/site-packages/airflow/example_dags/example_sensors.py for tasks to queue
[2024-08-26T16:07:24.980-0700] {logging_mixin.py:190} INFO - [2024-08-26T16:07:24.980-0700] {dagbag.py:587} INFO - Filling up the DagBag from /home/jerson/airflow_venv/lib/python3.10/site-packages/airflow/example_dags/example_sensors.py
[2024-08-26T16:07:24.986-0700] {processor.py:925} INFO - DAG(s) 'example_sensors' retrieved from /home/jerson/airflow_venv/lib/python3.10/site-packages/airflow/example_dags/example_sensors.py
[2024-08-26T16:07:24.999-0700] {logging_mixin.py:190} INFO - [2024-08-26T16:07:24.999-0700] {dag.py:3211} INFO - Sync 1 DAGs
[2024-08-26T16:07:25.006-0700] {logging_mixin.py:190} INFO - [2024-08-26T16:07:25.006-0700] {dag.py:4138} INFO - Setting next_dagrun for example_sensors to None, run_after=None
[2024-08-26T16:07:25.022-0700] {processor.py:208} INFO - Processing /home/jerson/airflow_venv/lib/python3.10/site-packages/airflow/example_dags/example_sensors.py took 0.047 seconds
[2024-08-26T16:08:33.432-0700] {processor.py:186} INFO - Started process (PID=30310) to work on /home/jerson/airflow_venv/lib/python3.10/site-packages/airflow/example_dags/example_sensors.py
[2024-08-26T16:08:33.442-0700] {processor.py:914} INFO - Processing file /home/jerson/airflow_venv/lib/python3.10/site-packages/airflow/example_dags/example_sensors.py for tasks to queue
[2024-08-26T16:08:33.443-0700] {logging_mixin.py:190} INFO - [2024-08-26T16:08:33.443-0700] {dagbag.py:587} INFO - Filling up the DagBag from /home/jerson/airflow_venv/lib/python3.10/site-packages/airflow/example_dags/example_sensors.py
[2024-08-26T16:08:33.449-0700] {processor.py:925} INFO - DAG(s) 'example_sensors' retrieved from /home/jerson/airflow_venv/lib/python3.10/site-packages/airflow/example_dags/example_sensors.py
[2024-08-26T16:08:33.461-0700] {logging_mixin.py:190} INFO - [2024-08-26T16:08:33.461-0700] {dag.py:3211} INFO - Sync 1 DAGs
[2024-08-26T16:08:33.468-0700] {logging_mixin.py:190} INFO - [2024-08-26T16:08:33.468-0700] {dag.py:4138} INFO - Setting next_dagrun for example_sensors to None, run_after=None
[2024-08-26T16:08:33.484-0700] {processor.py:208} INFO - Processing /home/jerson/airflow_venv/lib/python3.10/site-packages/airflow/example_dags/example_sensors.py took 0.055 seconds
[2024-08-26T16:09:23.270-0700] {processor.py:186} INFO - Started process (PID=30704) to work on /home/jerson/airflow_venv/lib/python3.10/site-packages/airflow/example_dags/example_sensors.py
[2024-08-26T16:09:23.271-0700] {processor.py:914} INFO - Processing file /home/jerson/airflow_venv/lib/python3.10/site-packages/airflow/example_dags/example_sensors.py for tasks to queue
[2024-08-26T16:09:23.272-0700] {logging_mixin.py:190} INFO - [2024-08-26T16:09:23.272-0700] {dagbag.py:587} INFO - Filling up the DagBag from /home/jerson/airflow_venv/lib/python3.10/site-packages/airflow/example_dags/example_sensors.py
[2024-08-26T16:09:23.278-0700] {processor.py:925} INFO - DAG(s) 'example_sensors' retrieved from /home/jerson/airflow_venv/lib/python3.10/site-packages/airflow/example_dags/example_sensors.py
[2024-08-26T16:09:23.291-0700] {logging_mixin.py:190} INFO - [2024-08-26T16:09:23.290-0700] {dag.py:3211} INFO - Sync 1 DAGs
[2024-08-26T16:09:23.297-0700] {logging_mixin.py:190} INFO - [2024-08-26T16:09:23.297-0700] {dag.py:4138} INFO - Setting next_dagrun for example_sensors to None, run_after=None
[2024-08-26T16:09:23.316-0700] {processor.py:208} INFO - Processing /home/jerson/airflow_venv/lib/python3.10/site-packages/airflow/example_dags/example_sensors.py took 0.049 seconds
[2024-08-26T16:10:09.862-0700] {processor.py:186} INFO - Started process (PID=31076) to work on /home/jerson/airflow_venv/lib/python3.10/site-packages/airflow/example_dags/example_sensors.py
[2024-08-26T16:10:09.864-0700] {processor.py:914} INFO - Processing file /home/jerson/airflow_venv/lib/python3.10/site-packages/airflow/example_dags/example_sensors.py for tasks to queue
[2024-08-26T16:10:09.866-0700] {logging_mixin.py:190} INFO - [2024-08-26T16:10:09.865-0700] {dagbag.py:587} INFO - Filling up the DagBag from /home/jerson/airflow_venv/lib/python3.10/site-packages/airflow/example_dags/example_sensors.py
[2024-08-26T16:10:09.872-0700] {processor.py:925} INFO - DAG(s) 'example_sensors' retrieved from /home/jerson/airflow_venv/lib/python3.10/site-packages/airflow/example_dags/example_sensors.py
[2024-08-26T16:10:09.884-0700] {logging_mixin.py:190} INFO - [2024-08-26T16:10:09.884-0700] {dag.py:3211} INFO - Sync 1 DAGs
[2024-08-26T16:10:09.891-0700] {logging_mixin.py:190} INFO - [2024-08-26T16:10:09.891-0700] {dag.py:4138} INFO - Setting next_dagrun for example_sensors to None, run_after=None
[2024-08-26T16:10:09.906-0700] {processor.py:208} INFO - Processing /home/jerson/airflow_venv/lib/python3.10/site-packages/airflow/example_dags/example_sensors.py took 0.047 seconds
[2024-08-26T16:10:58.385-0700] {processor.py:186} INFO - Started process (PID=31490) to work on /home/jerson/airflow_venv/lib/python3.10/site-packages/airflow/example_dags/example_sensors.py
[2024-08-26T16:10:58.386-0700] {processor.py:914} INFO - Processing file /home/jerson/airflow_venv/lib/python3.10/site-packages/airflow/example_dags/example_sensors.py for tasks to queue
[2024-08-26T16:10:58.387-0700] {logging_mixin.py:190} INFO - [2024-08-26T16:10:58.387-0700] {dagbag.py:587} INFO - Filling up the DagBag from /home/jerson/airflow_venv/lib/python3.10/site-packages/airflow/example_dags/example_sensors.py
[2024-08-26T16:10:58.393-0700] {processor.py:925} INFO - DAG(s) 'example_sensors' retrieved from /home/jerson/airflow_venv/lib/python3.10/site-packages/airflow/example_dags/example_sensors.py
[2024-08-26T16:10:58.405-0700] {logging_mixin.py:190} INFO - [2024-08-26T16:10:58.405-0700] {dag.py:3211} INFO - Sync 1 DAGs
[2024-08-26T16:10:58.411-0700] {logging_mixin.py:190} INFO - [2024-08-26T16:10:58.411-0700] {dag.py:4138} INFO - Setting next_dagrun for example_sensors to None, run_after=None
[2024-08-26T16:10:58.425-0700] {processor.py:208} INFO - Processing /home/jerson/airflow_venv/lib/python3.10/site-packages/airflow/example_dags/example_sensors.py took 0.044 seconds
[2024-08-26T16:11:48.538-0700] {processor.py:186} INFO - Started process (PID=31891) to work on /home/jerson/airflow_venv/lib/python3.10/site-packages/airflow/example_dags/example_sensors.py
[2024-08-26T16:11:48.539-0700] {processor.py:914} INFO - Processing file /home/jerson/airflow_venv/lib/python3.10/site-packages/airflow/example_dags/example_sensors.py for tasks to queue
[2024-08-26T16:11:48.540-0700] {logging_mixin.py:190} INFO - [2024-08-26T16:11:48.540-0700] {dagbag.py:587} INFO - Filling up the DagBag from /home/jerson/airflow_venv/lib/python3.10/site-packages/airflow/example_dags/example_sensors.py
[2024-08-26T16:11:48.547-0700] {processor.py:925} INFO - DAG(s) 'example_sensors' retrieved from /home/jerson/airflow_venv/lib/python3.10/site-packages/airflow/example_dags/example_sensors.py
[2024-08-26T16:11:48.559-0700] {logging_mixin.py:190} INFO - [2024-08-26T16:11:48.558-0700] {dag.py:3211} INFO - Sync 1 DAGs
[2024-08-26T16:11:48.565-0700] {logging_mixin.py:190} INFO - [2024-08-26T16:11:48.565-0700] {dag.py:4138} INFO - Setting next_dagrun for example_sensors to None, run_after=None
[2024-08-26T16:11:48.580-0700] {processor.py:208} INFO - Processing /home/jerson/airflow_venv/lib/python3.10/site-packages/airflow/example_dags/example_sensors.py took 0.045 seconds
