[2024-08-26T15:21:38.381-0700] {processor.py:186} INFO - Started process (PID=7410) to work on /home/jerson/airflow_venv/lib/python3.10/site-packages/airflow/example_dags/example_short_circuit_operator.py
[2024-08-26T15:21:38.381-0700] {processor.py:914} INFO - Processing file /home/jerson/airflow_venv/lib/python3.10/site-packages/airflow/example_dags/example_short_circuit_operator.py for tasks to queue
[2024-08-26T15:21:38.383-0700] {logging_mixin.py:190} INFO - [2024-08-26T15:21:38.382-0700] {dagbag.py:587} INFO - Filling up the DagBag from /home/jerson/airflow_venv/lib/python3.10/site-packages/airflow/example_dags/example_short_circuit_operator.py
[2024-08-26T15:21:38.388-0700] {processor.py:925} INFO - DAG(s) 'example_short_circuit_operator' retrieved from /home/jerson/airflow_venv/lib/python3.10/site-packages/airflow/example_dags/example_short_circuit_operator.py
[2024-08-26T15:21:38.457-0700] {logging_mixin.py:190} INFO - [2024-08-26T15:21:38.456-0700] {override.py:1900} INFO - Created Permission View: can read on DAG:example_short_circuit_operator
[2024-08-26T15:21:38.466-0700] {logging_mixin.py:190} INFO - [2024-08-26T15:21:38.466-0700] {override.py:1900} INFO - Created Permission View: can delete on DAG:example_short_circuit_operator
[2024-08-26T15:21:38.476-0700] {logging_mixin.py:190} INFO - [2024-08-26T15:21:38.475-0700] {override.py:1900} INFO - Created Permission View: can edit on DAG:example_short_circuit_operator
[2024-08-26T15:21:38.490-0700] {logging_mixin.py:190} INFO - [2024-08-26T15:21:38.489-0700] {override.py:1900} INFO - Created Permission View: can read on DAG Run:example_short_circuit_operator
[2024-08-26T15:21:38.498-0700] {logging_mixin.py:190} INFO - [2024-08-26T15:21:38.498-0700] {override.py:1900} INFO - Created Permission View: can create on DAG Run:example_short_circuit_operator
[2024-08-26T15:21:38.506-0700] {logging_mixin.py:190} INFO - [2024-08-26T15:21:38.506-0700] {override.py:1900} INFO - Created Permission View: menu access on DAG Run:example_short_circuit_operator
[2024-08-26T15:21:38.515-0700] {logging_mixin.py:190} INFO - [2024-08-26T15:21:38.515-0700] {override.py:1900} INFO - Created Permission View: can delete on DAG Run:example_short_circuit_operator
[2024-08-26T15:21:38.515-0700] {logging_mixin.py:190} INFO - [2024-08-26T15:21:38.515-0700] {dag.py:3211} INFO - Sync 1 DAGs
[2024-08-26T15:21:38.522-0700] {logging_mixin.py:190} INFO - [2024-08-26T15:21:38.522-0700] {dag.py:3234} INFO - Creating ORM DAG for example_short_circuit_operator
[2024-08-26T15:21:38.526-0700] {logging_mixin.py:190} INFO - [2024-08-26T15:21:38.526-0700] {dag.py:4138} INFO - Setting next_dagrun for example_short_circuit_operator to 2024-08-25 00:00:00+00:00, run_after=2024-08-26 00:00:00+00:00
[2024-08-26T15:21:38.543-0700] {processor.py:208} INFO - Processing /home/jerson/airflow_venv/lib/python3.10/site-packages/airflow/example_dags/example_short_circuit_operator.py took 0.165 seconds
[2024-08-26T15:22:36.581-0700] {processor.py:186} INFO - Started process (PID=7773) to work on /home/jerson/airflow_venv/lib/python3.10/site-packages/airflow/example_dags/example_short_circuit_operator.py
[2024-08-26T15:22:36.582-0700] {processor.py:914} INFO - Processing file /home/jerson/airflow_venv/lib/python3.10/site-packages/airflow/example_dags/example_short_circuit_operator.py for tasks to queue
[2024-08-26T15:22:36.583-0700] {logging_mixin.py:190} INFO - [2024-08-26T15:22:36.583-0700] {dagbag.py:587} INFO - Filling up the DagBag from /home/jerson/airflow_venv/lib/python3.10/site-packages/airflow/example_dags/example_short_circuit_operator.py
[2024-08-26T15:22:36.588-0700] {processor.py:925} INFO - DAG(s) 'example_short_circuit_operator' retrieved from /home/jerson/airflow_venv/lib/python3.10/site-packages/airflow/example_dags/example_short_circuit_operator.py
[2024-08-26T15:22:36.599-0700] {logging_mixin.py:190} INFO - [2024-08-26T15:22:36.599-0700] {dag.py:3211} INFO - Sync 1 DAGs
[2024-08-26T15:22:36.609-0700] {logging_mixin.py:190} INFO - [2024-08-26T15:22:36.609-0700] {dag.py:4138} INFO - Setting next_dagrun for example_short_circuit_operator to 2024-08-25 00:00:00+00:00, run_after=2024-08-26 00:00:00+00:00
[2024-08-26T15:22:36.626-0700] {processor.py:208} INFO - Processing /home/jerson/airflow_venv/lib/python3.10/site-packages/airflow/example_dags/example_short_circuit_operator.py took 0.047 seconds
[2024-08-26T15:23:29.069-0700] {processor.py:186} INFO - Started process (PID=8054) to work on /home/jerson/airflow_venv/lib/python3.10/site-packages/airflow/example_dags/example_short_circuit_operator.py
[2024-08-26T15:23:29.070-0700] {processor.py:914} INFO - Processing file /home/jerson/airflow_venv/lib/python3.10/site-packages/airflow/example_dags/example_short_circuit_operator.py for tasks to queue
[2024-08-26T15:23:29.071-0700] {logging_mixin.py:190} INFO - [2024-08-26T15:23:29.071-0700] {dagbag.py:587} INFO - Filling up the DagBag from /home/jerson/airflow_venv/lib/python3.10/site-packages/airflow/example_dags/example_short_circuit_operator.py
[2024-08-26T15:23:29.077-0700] {processor.py:925} INFO - DAG(s) 'example_short_circuit_operator' retrieved from /home/jerson/airflow_venv/lib/python3.10/site-packages/airflow/example_dags/example_short_circuit_operator.py
[2024-08-26T15:23:29.088-0700] {logging_mixin.py:190} INFO - [2024-08-26T15:23:29.088-0700] {dag.py:3211} INFO - Sync 1 DAGs
[2024-08-26T15:23:29.100-0700] {logging_mixin.py:190} INFO - [2024-08-26T15:23:29.099-0700] {dag.py:4138} INFO - Setting next_dagrun for example_short_circuit_operator to 2024-08-25 00:00:00+00:00, run_after=2024-08-26 00:00:00+00:00
[2024-08-26T15:23:29.119-0700] {processor.py:208} INFO - Processing /home/jerson/airflow_venv/lib/python3.10/site-packages/airflow/example_dags/example_short_circuit_operator.py took 0.053 seconds
[2024-08-26T15:24:19.239-0700] {processor.py:186} INFO - Started process (PID=8323) to work on /home/jerson/airflow_venv/lib/python3.10/site-packages/airflow/example_dags/example_short_circuit_operator.py
[2024-08-26T15:24:19.240-0700] {processor.py:914} INFO - Processing file /home/jerson/airflow_venv/lib/python3.10/site-packages/airflow/example_dags/example_short_circuit_operator.py for tasks to queue
[2024-08-26T15:24:19.242-0700] {logging_mixin.py:190} INFO - [2024-08-26T15:24:19.241-0700] {dagbag.py:587} INFO - Filling up the DagBag from /home/jerson/airflow_venv/lib/python3.10/site-packages/airflow/example_dags/example_short_circuit_operator.py
[2024-08-26T15:24:19.247-0700] {processor.py:925} INFO - DAG(s) 'example_short_circuit_operator' retrieved from /home/jerson/airflow_venv/lib/python3.10/site-packages/airflow/example_dags/example_short_circuit_operator.py
[2024-08-26T15:24:19.262-0700] {logging_mixin.py:190} INFO - [2024-08-26T15:24:19.262-0700] {dag.py:3211} INFO - Sync 1 DAGs
[2024-08-26T15:24:19.273-0700] {logging_mixin.py:190} INFO - [2024-08-26T15:24:19.273-0700] {dag.py:4138} INFO - Setting next_dagrun for example_short_circuit_operator to 2024-08-25 00:00:00+00:00, run_after=2024-08-26 00:00:00+00:00
[2024-08-26T15:24:19.289-0700] {processor.py:208} INFO - Processing /home/jerson/airflow_venv/lib/python3.10/site-packages/airflow/example_dags/example_short_circuit_operator.py took 0.053 seconds
[2024-08-26T15:25:23.263-0700] {processor.py:186} INFO - Started process (PID=8632) to work on /home/jerson/airflow_venv/lib/python3.10/site-packages/airflow/example_dags/example_short_circuit_operator.py
[2024-08-26T15:25:23.264-0700] {processor.py:914} INFO - Processing file /home/jerson/airflow_venv/lib/python3.10/site-packages/airflow/example_dags/example_short_circuit_operator.py for tasks to queue
[2024-08-26T15:25:23.265-0700] {logging_mixin.py:190} INFO - [2024-08-26T15:25:23.265-0700] {dagbag.py:587} INFO - Filling up the DagBag from /home/jerson/airflow_venv/lib/python3.10/site-packages/airflow/example_dags/example_short_circuit_operator.py
[2024-08-26T15:25:23.270-0700] {processor.py:925} INFO - DAG(s) 'example_short_circuit_operator' retrieved from /home/jerson/airflow_venv/lib/python3.10/site-packages/airflow/example_dags/example_short_circuit_operator.py
[2024-08-26T15:25:23.285-0700] {logging_mixin.py:190} INFO - [2024-08-26T15:25:23.285-0700] {dag.py:3211} INFO - Sync 1 DAGs
[2024-08-26T15:25:23.296-0700] {logging_mixin.py:190} INFO - [2024-08-26T15:25:23.296-0700] {dag.py:4138} INFO - Setting next_dagrun for example_short_circuit_operator to 2024-08-25 00:00:00+00:00, run_after=2024-08-26 00:00:00+00:00
[2024-08-26T15:25:23.312-0700] {processor.py:208} INFO - Processing /home/jerson/airflow_venv/lib/python3.10/site-packages/airflow/example_dags/example_short_circuit_operator.py took 0.052 seconds
[2024-08-26T15:26:16.236-0700] {processor.py:186} INFO - Started process (PID=8913) to work on /home/jerson/airflow_venv/lib/python3.10/site-packages/airflow/example_dags/example_short_circuit_operator.py
[2024-08-26T15:26:16.238-0700] {processor.py:914} INFO - Processing file /home/jerson/airflow_venv/lib/python3.10/site-packages/airflow/example_dags/example_short_circuit_operator.py for tasks to queue
[2024-08-26T15:26:16.239-0700] {logging_mixin.py:190} INFO - [2024-08-26T15:26:16.239-0700] {dagbag.py:587} INFO - Filling up the DagBag from /home/jerson/airflow_venv/lib/python3.10/site-packages/airflow/example_dags/example_short_circuit_operator.py
[2024-08-26T15:26:16.244-0700] {processor.py:925} INFO - DAG(s) 'example_short_circuit_operator' retrieved from /home/jerson/airflow_venv/lib/python3.10/site-packages/airflow/example_dags/example_short_circuit_operator.py
[2024-08-26T15:26:16.436-0700] {logging_mixin.py:190} INFO - [2024-08-26T15:26:16.436-0700] {dag.py:3211} INFO - Sync 1 DAGs
[2024-08-26T15:26:16.888-0700] {logging_mixin.py:190} INFO - [2024-08-26T15:26:16.888-0700] {dag.py:4138} INFO - Setting next_dagrun for example_short_circuit_operator to 2024-08-25 00:00:00+00:00, run_after=2024-08-26 00:00:00+00:00
[2024-08-26T15:26:16.968-0700] {processor.py:208} INFO - Processing /home/jerson/airflow_venv/lib/python3.10/site-packages/airflow/example_dags/example_short_circuit_operator.py took 0.736 seconds
[2024-08-26T15:27:04.865-0700] {processor.py:186} INFO - Started process (PID=9159) to work on /home/jerson/airflow_venv/lib/python3.10/site-packages/airflow/example_dags/example_short_circuit_operator.py
[2024-08-26T15:27:04.866-0700] {processor.py:914} INFO - Processing file /home/jerson/airflow_venv/lib/python3.10/site-packages/airflow/example_dags/example_short_circuit_operator.py for tasks to queue
[2024-08-26T15:27:04.867-0700] {logging_mixin.py:190} INFO - [2024-08-26T15:27:04.866-0700] {dagbag.py:587} INFO - Filling up the DagBag from /home/jerson/airflow_venv/lib/python3.10/site-packages/airflow/example_dags/example_short_circuit_operator.py
[2024-08-26T15:27:04.872-0700] {processor.py:925} INFO - DAG(s) 'example_short_circuit_operator' retrieved from /home/jerson/airflow_venv/lib/python3.10/site-packages/airflow/example_dags/example_short_circuit_operator.py
[2024-08-26T15:27:04.883-0700] {logging_mixin.py:190} INFO - [2024-08-26T15:27:04.883-0700] {dag.py:3211} INFO - Sync 1 DAGs
[2024-08-26T15:27:04.894-0700] {logging_mixin.py:190} INFO - [2024-08-26T15:27:04.894-0700] {dag.py:4138} INFO - Setting next_dagrun for example_short_circuit_operator to 2024-08-25 00:00:00+00:00, run_after=2024-08-26 00:00:00+00:00
[2024-08-26T15:27:04.909-0700] {processor.py:208} INFO - Processing /home/jerson/airflow_venv/lib/python3.10/site-packages/airflow/example_dags/example_short_circuit_operator.py took 0.048 seconds
[2024-08-26T15:27:51.138-0700] {processor.py:186} INFO - Started process (PID=9391) to work on /home/jerson/airflow_venv/lib/python3.10/site-packages/airflow/example_dags/example_short_circuit_operator.py
[2024-08-26T15:27:51.139-0700] {processor.py:914} INFO - Processing file /home/jerson/airflow_venv/lib/python3.10/site-packages/airflow/example_dags/example_short_circuit_operator.py for tasks to queue
[2024-08-26T15:27:51.140-0700] {logging_mixin.py:190} INFO - [2024-08-26T15:27:51.140-0700] {dagbag.py:587} INFO - Filling up the DagBag from /home/jerson/airflow_venv/lib/python3.10/site-packages/airflow/example_dags/example_short_circuit_operator.py
[2024-08-26T15:27:51.145-0700] {processor.py:925} INFO - DAG(s) 'example_short_circuit_operator' retrieved from /home/jerson/airflow_venv/lib/python3.10/site-packages/airflow/example_dags/example_short_circuit_operator.py
[2024-08-26T15:27:51.155-0700] {logging_mixin.py:190} INFO - [2024-08-26T15:27:51.155-0700] {dag.py:3211} INFO - Sync 1 DAGs
[2024-08-26T15:27:51.167-0700] {logging_mixin.py:190} INFO - [2024-08-26T15:27:51.166-0700] {dag.py:4138} INFO - Setting next_dagrun for example_short_circuit_operator to 2024-08-25 00:00:00+00:00, run_after=2024-08-26 00:00:00+00:00
[2024-08-26T15:27:51.182-0700] {processor.py:208} INFO - Processing /home/jerson/airflow_venv/lib/python3.10/site-packages/airflow/example_dags/example_short_circuit_operator.py took 0.047 seconds
[2024-08-26T15:28:39.568-0700] {processor.py:186} INFO - Started process (PID=9641) to work on /home/jerson/airflow_venv/lib/python3.10/site-packages/airflow/example_dags/example_short_circuit_operator.py
[2024-08-26T15:28:39.569-0700] {processor.py:914} INFO - Processing file /home/jerson/airflow_venv/lib/python3.10/site-packages/airflow/example_dags/example_short_circuit_operator.py for tasks to queue
[2024-08-26T15:28:39.570-0700] {logging_mixin.py:190} INFO - [2024-08-26T15:28:39.570-0700] {dagbag.py:587} INFO - Filling up the DagBag from /home/jerson/airflow_venv/lib/python3.10/site-packages/airflow/example_dags/example_short_circuit_operator.py
[2024-08-26T15:28:39.575-0700] {processor.py:925} INFO - DAG(s) 'example_short_circuit_operator' retrieved from /home/jerson/airflow_venv/lib/python3.10/site-packages/airflow/example_dags/example_short_circuit_operator.py
[2024-08-26T15:28:39.586-0700] {logging_mixin.py:190} INFO - [2024-08-26T15:28:39.586-0700] {dag.py:3211} INFO - Sync 1 DAGs
[2024-08-26T15:28:39.597-0700] {logging_mixin.py:190} INFO - [2024-08-26T15:28:39.596-0700] {dag.py:4138} INFO - Setting next_dagrun for example_short_circuit_operator to 2024-08-25 00:00:00+00:00, run_after=2024-08-26 00:00:00+00:00
[2024-08-26T15:28:39.612-0700] {processor.py:208} INFO - Processing /home/jerson/airflow_venv/lib/python3.10/site-packages/airflow/example_dags/example_short_circuit_operator.py took 0.047 seconds
[2024-08-26T15:29:28.910-0700] {processor.py:186} INFO - Started process (PID=9973) to work on /home/jerson/airflow_venv/lib/python3.10/site-packages/airflow/example_dags/example_short_circuit_operator.py
[2024-08-26T15:29:28.911-0700] {processor.py:914} INFO - Processing file /home/jerson/airflow_venv/lib/python3.10/site-packages/airflow/example_dags/example_short_circuit_operator.py for tasks to queue
[2024-08-26T15:29:28.912-0700] {logging_mixin.py:190} INFO - [2024-08-26T15:29:28.912-0700] {dagbag.py:587} INFO - Filling up the DagBag from /home/jerson/airflow_venv/lib/python3.10/site-packages/airflow/example_dags/example_short_circuit_operator.py
[2024-08-26T15:29:28.918-0700] {processor.py:925} INFO - DAG(s) 'example_short_circuit_operator' retrieved from /home/jerson/airflow_venv/lib/python3.10/site-packages/airflow/example_dags/example_short_circuit_operator.py
[2024-08-26T15:29:28.928-0700] {logging_mixin.py:190} INFO - [2024-08-26T15:29:28.928-0700] {dag.py:3211} INFO - Sync 1 DAGs
[2024-08-26T15:29:28.940-0700] {logging_mixin.py:190} INFO - [2024-08-26T15:29:28.939-0700] {dag.py:4138} INFO - Setting next_dagrun for example_short_circuit_operator to 2024-08-25 00:00:00+00:00, run_after=2024-08-26 00:00:00+00:00
[2024-08-26T15:29:28.957-0700] {processor.py:208} INFO - Processing /home/jerson/airflow_venv/lib/python3.10/site-packages/airflow/example_dags/example_short_circuit_operator.py took 0.052 seconds
[2024-08-26T15:30:17.948-0700] {processor.py:186} INFO - Started process (PID=10220) to work on /home/jerson/airflow_venv/lib/python3.10/site-packages/airflow/example_dags/example_short_circuit_operator.py
[2024-08-26T15:30:17.949-0700] {processor.py:914} INFO - Processing file /home/jerson/airflow_venv/lib/python3.10/site-packages/airflow/example_dags/example_short_circuit_operator.py for tasks to queue
[2024-08-26T15:30:17.950-0700] {logging_mixin.py:190} INFO - [2024-08-26T15:30:17.949-0700] {dagbag.py:587} INFO - Filling up the DagBag from /home/jerson/airflow_venv/lib/python3.10/site-packages/airflow/example_dags/example_short_circuit_operator.py
[2024-08-26T15:30:17.955-0700] {processor.py:925} INFO - DAG(s) 'example_short_circuit_operator' retrieved from /home/jerson/airflow_venv/lib/python3.10/site-packages/airflow/example_dags/example_short_circuit_operator.py
[2024-08-26T15:30:17.967-0700] {logging_mixin.py:190} INFO - [2024-08-26T15:30:17.967-0700] {dag.py:3211} INFO - Sync 1 DAGs
[2024-08-26T15:30:17.979-0700] {logging_mixin.py:190} INFO - [2024-08-26T15:30:17.979-0700] {dag.py:4138} INFO - Setting next_dagrun for example_short_circuit_operator to 2024-08-25 00:00:00+00:00, run_after=2024-08-26 00:00:00+00:00
[2024-08-26T15:30:17.995-0700] {processor.py:208} INFO - Processing /home/jerson/airflow_venv/lib/python3.10/site-packages/airflow/example_dags/example_short_circuit_operator.py took 0.051 seconds
[2024-08-26T15:31:05.211-0700] {processor.py:186} INFO - Started process (PID=10474) to work on /home/jerson/airflow_venv/lib/python3.10/site-packages/airflow/example_dags/example_short_circuit_operator.py
[2024-08-26T15:31:05.212-0700] {processor.py:914} INFO - Processing file /home/jerson/airflow_venv/lib/python3.10/site-packages/airflow/example_dags/example_short_circuit_operator.py for tasks to queue
[2024-08-26T15:31:05.213-0700] {logging_mixin.py:190} INFO - [2024-08-26T15:31:05.213-0700] {dagbag.py:587} INFO - Filling up the DagBag from /home/jerson/airflow_venv/lib/python3.10/site-packages/airflow/example_dags/example_short_circuit_operator.py
[2024-08-26T15:31:05.218-0700] {processor.py:925} INFO - DAG(s) 'example_short_circuit_operator' retrieved from /home/jerson/airflow_venv/lib/python3.10/site-packages/airflow/example_dags/example_short_circuit_operator.py
[2024-08-26T15:31:05.231-0700] {logging_mixin.py:190} INFO - [2024-08-26T15:31:05.231-0700] {dag.py:3211} INFO - Sync 1 DAGs
[2024-08-26T15:31:05.246-0700] {logging_mixin.py:190} INFO - [2024-08-26T15:31:05.245-0700] {dag.py:4138} INFO - Setting next_dagrun for example_short_circuit_operator to 2024-08-25 00:00:00+00:00, run_after=2024-08-26 00:00:00+00:00
[2024-08-26T15:31:05.263-0700] {processor.py:208} INFO - Processing /home/jerson/airflow_venv/lib/python3.10/site-packages/airflow/example_dags/example_short_circuit_operator.py took 0.056 seconds
[2024-08-26T15:31:53.461-0700] {processor.py:186} INFO - Started process (PID=10728) to work on /home/jerson/airflow_venv/lib/python3.10/site-packages/airflow/example_dags/example_short_circuit_operator.py
[2024-08-26T15:31:53.462-0700] {processor.py:914} INFO - Processing file /home/jerson/airflow_venv/lib/python3.10/site-packages/airflow/example_dags/example_short_circuit_operator.py for tasks to queue
[2024-08-26T15:31:53.463-0700] {logging_mixin.py:190} INFO - [2024-08-26T15:31:53.463-0700] {dagbag.py:587} INFO - Filling up the DagBag from /home/jerson/airflow_venv/lib/python3.10/site-packages/airflow/example_dags/example_short_circuit_operator.py
[2024-08-26T15:31:53.468-0700] {processor.py:925} INFO - DAG(s) 'example_short_circuit_operator' retrieved from /home/jerson/airflow_venv/lib/python3.10/site-packages/airflow/example_dags/example_short_circuit_operator.py
[2024-08-26T15:31:53.479-0700] {logging_mixin.py:190} INFO - [2024-08-26T15:31:53.479-0700] {dag.py:3211} INFO - Sync 1 DAGs
[2024-08-26T15:31:53.491-0700] {logging_mixin.py:190} INFO - [2024-08-26T15:31:53.491-0700] {dag.py:4138} INFO - Setting next_dagrun for example_short_circuit_operator to 2024-08-25 00:00:00+00:00, run_after=2024-08-26 00:00:00+00:00
[2024-08-26T15:31:53.506-0700] {processor.py:208} INFO - Processing /home/jerson/airflow_venv/lib/python3.10/site-packages/airflow/example_dags/example_short_circuit_operator.py took 0.048 seconds
[2024-08-26T15:32:39.736-0700] {processor.py:186} INFO - Started process (PID=10974) to work on /home/jerson/airflow_venv/lib/python3.10/site-packages/airflow/example_dags/example_short_circuit_operator.py
[2024-08-26T15:32:39.737-0700] {processor.py:914} INFO - Processing file /home/jerson/airflow_venv/lib/python3.10/site-packages/airflow/example_dags/example_short_circuit_operator.py for tasks to queue
[2024-08-26T15:32:39.738-0700] {logging_mixin.py:190} INFO - [2024-08-26T15:32:39.738-0700] {dagbag.py:587} INFO - Filling up the DagBag from /home/jerson/airflow_venv/lib/python3.10/site-packages/airflow/example_dags/example_short_circuit_operator.py
[2024-08-26T15:32:39.744-0700] {processor.py:925} INFO - DAG(s) 'example_short_circuit_operator' retrieved from /home/jerson/airflow_venv/lib/python3.10/site-packages/airflow/example_dags/example_short_circuit_operator.py
[2024-08-26T15:32:39.756-0700] {logging_mixin.py:190} INFO - [2024-08-26T15:32:39.756-0700] {dag.py:3211} INFO - Sync 1 DAGs
[2024-08-26T15:32:39.771-0700] {logging_mixin.py:190} INFO - [2024-08-26T15:32:39.771-0700] {dag.py:4138} INFO - Setting next_dagrun for example_short_circuit_operator to 2024-08-25 00:00:00+00:00, run_after=2024-08-26 00:00:00+00:00
[2024-08-26T15:32:39.787-0700] {processor.py:208} INFO - Processing /home/jerson/airflow_venv/lib/python3.10/site-packages/airflow/example_dags/example_short_circuit_operator.py took 0.054 seconds
[2024-08-26T15:33:33.071-0700] {processor.py:186} INFO - Started process (PID=11240) to work on /home/jerson/airflow_venv/lib/python3.10/site-packages/airflow/example_dags/example_short_circuit_operator.py
[2024-08-26T15:33:33.072-0700] {processor.py:914} INFO - Processing file /home/jerson/airflow_venv/lib/python3.10/site-packages/airflow/example_dags/example_short_circuit_operator.py for tasks to queue
[2024-08-26T15:33:33.073-0700] {logging_mixin.py:190} INFO - [2024-08-26T15:33:33.073-0700] {dagbag.py:587} INFO - Filling up the DagBag from /home/jerson/airflow_venv/lib/python3.10/site-packages/airflow/example_dags/example_short_circuit_operator.py
[2024-08-26T15:33:33.078-0700] {processor.py:925} INFO - DAG(s) 'example_short_circuit_operator' retrieved from /home/jerson/airflow_venv/lib/python3.10/site-packages/airflow/example_dags/example_short_circuit_operator.py
[2024-08-26T15:33:33.089-0700] {logging_mixin.py:190} INFO - [2024-08-26T15:33:33.089-0700] {dag.py:3211} INFO - Sync 1 DAGs
[2024-08-26T15:33:33.099-0700] {logging_mixin.py:190} INFO - [2024-08-26T15:33:33.099-0700] {dag.py:4138} INFO - Setting next_dagrun for example_short_circuit_operator to 2024-08-25 00:00:00+00:00, run_after=2024-08-26 00:00:00+00:00
[2024-08-26T15:33:33.114-0700] {processor.py:208} INFO - Processing /home/jerson/airflow_venv/lib/python3.10/site-packages/airflow/example_dags/example_short_circuit_operator.py took 0.046 seconds
[2024-08-26T15:34:24.954-0700] {processor.py:186} INFO - Started process (PID=11514) to work on /home/jerson/airflow_venv/lib/python3.10/site-packages/airflow/example_dags/example_short_circuit_operator.py
[2024-08-26T15:34:24.955-0700] {processor.py:914} INFO - Processing file /home/jerson/airflow_venv/lib/python3.10/site-packages/airflow/example_dags/example_short_circuit_operator.py for tasks to queue
[2024-08-26T15:34:24.956-0700] {logging_mixin.py:190} INFO - [2024-08-26T15:34:24.956-0700] {dagbag.py:587} INFO - Filling up the DagBag from /home/jerson/airflow_venv/lib/python3.10/site-packages/airflow/example_dags/example_short_circuit_operator.py
[2024-08-26T15:34:24.961-0700] {processor.py:925} INFO - DAG(s) 'example_short_circuit_operator' retrieved from /home/jerson/airflow_venv/lib/python3.10/site-packages/airflow/example_dags/example_short_circuit_operator.py
[2024-08-26T15:34:24.972-0700] {logging_mixin.py:190} INFO - [2024-08-26T15:34:24.972-0700] {dag.py:3211} INFO - Sync 1 DAGs
[2024-08-26T15:34:24.984-0700] {logging_mixin.py:190} INFO - [2024-08-26T15:34:24.983-0700] {dag.py:4138} INFO - Setting next_dagrun for example_short_circuit_operator to 2024-08-25 00:00:00+00:00, run_after=2024-08-26 00:00:00+00:00
[2024-08-26T15:34:24.999-0700] {processor.py:208} INFO - Processing /home/jerson/airflow_venv/lib/python3.10/site-packages/airflow/example_dags/example_short_circuit_operator.py took 0.048 seconds
[2024-08-26T15:35:11.771-0700] {processor.py:186} INFO - Started process (PID=11765) to work on /home/jerson/airflow_venv/lib/python3.10/site-packages/airflow/example_dags/example_short_circuit_operator.py
[2024-08-26T15:35:11.772-0700] {processor.py:914} INFO - Processing file /home/jerson/airflow_venv/lib/python3.10/site-packages/airflow/example_dags/example_short_circuit_operator.py for tasks to queue
[2024-08-26T15:35:11.773-0700] {logging_mixin.py:190} INFO - [2024-08-26T15:35:11.773-0700] {dagbag.py:587} INFO - Filling up the DagBag from /home/jerson/airflow_venv/lib/python3.10/site-packages/airflow/example_dags/example_short_circuit_operator.py
[2024-08-26T15:35:11.780-0700] {processor.py:925} INFO - DAG(s) 'example_short_circuit_operator' retrieved from /home/jerson/airflow_venv/lib/python3.10/site-packages/airflow/example_dags/example_short_circuit_operator.py
[2024-08-26T15:35:11.791-0700] {logging_mixin.py:190} INFO - [2024-08-26T15:35:11.791-0700] {dag.py:3211} INFO - Sync 1 DAGs
[2024-08-26T15:35:11.801-0700] {logging_mixin.py:190} INFO - [2024-08-26T15:35:11.801-0700] {dag.py:4138} INFO - Setting next_dagrun for example_short_circuit_operator to 2024-08-25 00:00:00+00:00, run_after=2024-08-26 00:00:00+00:00
[2024-08-26T15:35:11.818-0700] {processor.py:208} INFO - Processing /home/jerson/airflow_venv/lib/python3.10/site-packages/airflow/example_dags/example_short_circuit_operator.py took 0.051 seconds
[2024-08-26T15:35:58.714-0700] {processor.py:186} INFO - Started process (PID=12032) to work on /home/jerson/airflow_venv/lib/python3.10/site-packages/airflow/example_dags/example_short_circuit_operator.py
[2024-08-26T15:35:58.715-0700] {processor.py:914} INFO - Processing file /home/jerson/airflow_venv/lib/python3.10/site-packages/airflow/example_dags/example_short_circuit_operator.py for tasks to queue
[2024-08-26T15:35:58.716-0700] {logging_mixin.py:190} INFO - [2024-08-26T15:35:58.716-0700] {dagbag.py:587} INFO - Filling up the DagBag from /home/jerson/airflow_venv/lib/python3.10/site-packages/airflow/example_dags/example_short_circuit_operator.py
[2024-08-26T15:35:58.722-0700] {processor.py:925} INFO - DAG(s) 'example_short_circuit_operator' retrieved from /home/jerson/airflow_venv/lib/python3.10/site-packages/airflow/example_dags/example_short_circuit_operator.py
[2024-08-26T15:35:58.732-0700] {logging_mixin.py:190} INFO - [2024-08-26T15:35:58.732-0700] {dag.py:3211} INFO - Sync 1 DAGs
[2024-08-26T15:35:58.743-0700] {logging_mixin.py:190} INFO - [2024-08-26T15:35:58.743-0700] {dag.py:4138} INFO - Setting next_dagrun for example_short_circuit_operator to 2024-08-25 00:00:00+00:00, run_after=2024-08-26 00:00:00+00:00
[2024-08-26T15:35:58.759-0700] {processor.py:208} INFO - Processing /home/jerson/airflow_venv/lib/python3.10/site-packages/airflow/example_dags/example_short_circuit_operator.py took 0.047 seconds
[2024-08-26T15:36:47.376-0700] {processor.py:186} INFO - Started process (PID=12480) to work on /home/jerson/airflow_venv/lib/python3.10/site-packages/airflow/example_dags/example_short_circuit_operator.py
[2024-08-26T15:36:47.377-0700] {processor.py:914} INFO - Processing file /home/jerson/airflow_venv/lib/python3.10/site-packages/airflow/example_dags/example_short_circuit_operator.py for tasks to queue
[2024-08-26T15:36:47.378-0700] {logging_mixin.py:190} INFO - [2024-08-26T15:36:47.378-0700] {dagbag.py:587} INFO - Filling up the DagBag from /home/jerson/airflow_venv/lib/python3.10/site-packages/airflow/example_dags/example_short_circuit_operator.py
[2024-08-26T15:36:47.385-0700] {processor.py:925} INFO - DAG(s) 'example_short_circuit_operator' retrieved from /home/jerson/airflow_venv/lib/python3.10/site-packages/airflow/example_dags/example_short_circuit_operator.py
[2024-08-26T15:36:47.397-0700] {logging_mixin.py:190} INFO - [2024-08-26T15:36:47.397-0700] {dag.py:3211} INFO - Sync 1 DAGs
[2024-08-26T15:36:47.410-0700] {logging_mixin.py:190} INFO - [2024-08-26T15:36:47.410-0700] {dag.py:4138} INFO - Setting next_dagrun for example_short_circuit_operator to 2024-08-25 00:00:00+00:00, run_after=2024-08-26 00:00:00+00:00
[2024-08-26T15:36:47.429-0700] {processor.py:208} INFO - Processing /home/jerson/airflow_venv/lib/python3.10/site-packages/airflow/example_dags/example_short_circuit_operator.py took 0.056 seconds
[2024-08-26T15:37:32.771-0700] {processor.py:186} INFO - Started process (PID=12884) to work on /home/jerson/airflow_venv/lib/python3.10/site-packages/airflow/example_dags/example_short_circuit_operator.py
[2024-08-26T15:37:32.772-0700] {processor.py:914} INFO - Processing file /home/jerson/airflow_venv/lib/python3.10/site-packages/airflow/example_dags/example_short_circuit_operator.py for tasks to queue
[2024-08-26T15:37:32.773-0700] {logging_mixin.py:190} INFO - [2024-08-26T15:37:32.772-0700] {dagbag.py:587} INFO - Filling up the DagBag from /home/jerson/airflow_venv/lib/python3.10/site-packages/airflow/example_dags/example_short_circuit_operator.py
[2024-08-26T15:37:32.778-0700] {processor.py:925} INFO - DAG(s) 'example_short_circuit_operator' retrieved from /home/jerson/airflow_venv/lib/python3.10/site-packages/airflow/example_dags/example_short_circuit_operator.py
[2024-08-26T15:37:32.788-0700] {logging_mixin.py:190} INFO - [2024-08-26T15:37:32.788-0700] {dag.py:3211} INFO - Sync 1 DAGs
[2024-08-26T15:37:32.798-0700] {logging_mixin.py:190} INFO - [2024-08-26T15:37:32.798-0700] {dag.py:4138} INFO - Setting next_dagrun for example_short_circuit_operator to 2024-08-25 00:00:00+00:00, run_after=2024-08-26 00:00:00+00:00
[2024-08-26T15:37:32.815-0700] {processor.py:208} INFO - Processing /home/jerson/airflow_venv/lib/python3.10/site-packages/airflow/example_dags/example_short_circuit_operator.py took 0.047 seconds
[2024-08-26T15:38:18.171-0700] {processor.py:186} INFO - Started process (PID=13308) to work on /home/jerson/airflow_venv/lib/python3.10/site-packages/airflow/example_dags/example_short_circuit_operator.py
[2024-08-26T15:38:18.172-0700] {processor.py:914} INFO - Processing file /home/jerson/airflow_venv/lib/python3.10/site-packages/airflow/example_dags/example_short_circuit_operator.py for tasks to queue
[2024-08-26T15:38:18.173-0700] {logging_mixin.py:190} INFO - [2024-08-26T15:38:18.173-0700] {dagbag.py:587} INFO - Filling up the DagBag from /home/jerson/airflow_venv/lib/python3.10/site-packages/airflow/example_dags/example_short_circuit_operator.py
[2024-08-26T15:38:18.178-0700] {processor.py:925} INFO - DAG(s) 'example_short_circuit_operator' retrieved from /home/jerson/airflow_venv/lib/python3.10/site-packages/airflow/example_dags/example_short_circuit_operator.py
[2024-08-26T15:38:18.190-0700] {logging_mixin.py:190} INFO - [2024-08-26T15:38:18.190-0700] {dag.py:3211} INFO - Sync 1 DAGs
[2024-08-26T15:38:18.201-0700] {logging_mixin.py:190} INFO - [2024-08-26T15:38:18.201-0700] {dag.py:4138} INFO - Setting next_dagrun for example_short_circuit_operator to 2024-08-25 00:00:00+00:00, run_after=2024-08-26 00:00:00+00:00
[2024-08-26T15:38:18.218-0700] {processor.py:208} INFO - Processing /home/jerson/airflow_venv/lib/python3.10/site-packages/airflow/example_dags/example_short_circuit_operator.py took 0.051 seconds
[2024-08-26T15:39:07.349-0700] {processor.py:186} INFO - Started process (PID=13771) to work on /home/jerson/airflow_venv/lib/python3.10/site-packages/airflow/example_dags/example_short_circuit_operator.py
[2024-08-26T15:39:07.350-0700] {processor.py:914} INFO - Processing file /home/jerson/airflow_venv/lib/python3.10/site-packages/airflow/example_dags/example_short_circuit_operator.py for tasks to queue
[2024-08-26T15:39:07.351-0700] {logging_mixin.py:190} INFO - [2024-08-26T15:39:07.351-0700] {dagbag.py:587} INFO - Filling up the DagBag from /home/jerson/airflow_venv/lib/python3.10/site-packages/airflow/example_dags/example_short_circuit_operator.py
[2024-08-26T15:39:07.356-0700] {processor.py:925} INFO - DAG(s) 'example_short_circuit_operator' retrieved from /home/jerson/airflow_venv/lib/python3.10/site-packages/airflow/example_dags/example_short_circuit_operator.py
[2024-08-26T15:39:07.366-0700] {logging_mixin.py:190} INFO - [2024-08-26T15:39:07.366-0700] {dag.py:3211} INFO - Sync 1 DAGs
[2024-08-26T15:39:07.377-0700] {logging_mixin.py:190} INFO - [2024-08-26T15:39:07.377-0700] {dag.py:4138} INFO - Setting next_dagrun for example_short_circuit_operator to 2024-08-25 00:00:00+00:00, run_after=2024-08-26 00:00:00+00:00
[2024-08-26T15:39:07.394-0700] {processor.py:208} INFO - Processing /home/jerson/airflow_venv/lib/python3.10/site-packages/airflow/example_dags/example_short_circuit_operator.py took 0.048 seconds
[2024-08-26T15:39:55.351-0700] {processor.py:186} INFO - Started process (PID=14295) to work on /home/jerson/airflow_venv/lib/python3.10/site-packages/airflow/example_dags/example_short_circuit_operator.py
[2024-08-26T15:39:55.351-0700] {processor.py:914} INFO - Processing file /home/jerson/airflow_venv/lib/python3.10/site-packages/airflow/example_dags/example_short_circuit_operator.py for tasks to queue
[2024-08-26T15:39:55.353-0700] {logging_mixin.py:190} INFO - [2024-08-26T15:39:55.352-0700] {dagbag.py:587} INFO - Filling up the DagBag from /home/jerson/airflow_venv/lib/python3.10/site-packages/airflow/example_dags/example_short_circuit_operator.py
[2024-08-26T15:39:55.358-0700] {processor.py:925} INFO - DAG(s) 'example_short_circuit_operator' retrieved from /home/jerson/airflow_venv/lib/python3.10/site-packages/airflow/example_dags/example_short_circuit_operator.py
[2024-08-26T15:39:55.368-0700] {logging_mixin.py:190} INFO - [2024-08-26T15:39:55.368-0700] {dag.py:3211} INFO - Sync 1 DAGs
[2024-08-26T15:39:55.379-0700] {logging_mixin.py:190} INFO - [2024-08-26T15:39:55.379-0700] {dag.py:4138} INFO - Setting next_dagrun for example_short_circuit_operator to 2024-08-25 00:00:00+00:00, run_after=2024-08-26 00:00:00+00:00
[2024-08-26T15:39:55.396-0700] {processor.py:208} INFO - Processing /home/jerson/airflow_venv/lib/python3.10/site-packages/airflow/example_dags/example_short_circuit_operator.py took 0.048 seconds
[2024-08-26T15:40:45.536-0700] {processor.py:186} INFO - Started process (PID=14763) to work on /home/jerson/airflow_venv/lib/python3.10/site-packages/airflow/example_dags/example_short_circuit_operator.py
[2024-08-26T15:40:45.537-0700] {processor.py:914} INFO - Processing file /home/jerson/airflow_venv/lib/python3.10/site-packages/airflow/example_dags/example_short_circuit_operator.py for tasks to queue
[2024-08-26T15:40:45.538-0700] {logging_mixin.py:190} INFO - [2024-08-26T15:40:45.538-0700] {dagbag.py:587} INFO - Filling up the DagBag from /home/jerson/airflow_venv/lib/python3.10/site-packages/airflow/example_dags/example_short_circuit_operator.py
[2024-08-26T15:40:45.544-0700] {processor.py:925} INFO - DAG(s) 'example_short_circuit_operator' retrieved from /home/jerson/airflow_venv/lib/python3.10/site-packages/airflow/example_dags/example_short_circuit_operator.py
[2024-08-26T15:40:45.554-0700] {logging_mixin.py:190} INFO - [2024-08-26T15:40:45.554-0700] {dag.py:3211} INFO - Sync 1 DAGs
[2024-08-26T15:40:45.566-0700] {logging_mixin.py:190} INFO - [2024-08-26T15:40:45.566-0700] {dag.py:4138} INFO - Setting next_dagrun for example_short_circuit_operator to 2024-08-25 00:00:00+00:00, run_after=2024-08-26 00:00:00+00:00
[2024-08-26T15:40:45.611-0700] {processor.py:208} INFO - Processing /home/jerson/airflow_venv/lib/python3.10/site-packages/airflow/example_dags/example_short_circuit_operator.py took 0.078 seconds
[2024-08-26T15:41:33.667-0700] {processor.py:186} INFO - Started process (PID=15170) to work on /home/jerson/airflow_venv/lib/python3.10/site-packages/airflow/example_dags/example_short_circuit_operator.py
[2024-08-26T15:41:33.668-0700] {processor.py:914} INFO - Processing file /home/jerson/airflow_venv/lib/python3.10/site-packages/airflow/example_dags/example_short_circuit_operator.py for tasks to queue
[2024-08-26T15:41:33.669-0700] {logging_mixin.py:190} INFO - [2024-08-26T15:41:33.669-0700] {dagbag.py:587} INFO - Filling up the DagBag from /home/jerson/airflow_venv/lib/python3.10/site-packages/airflow/example_dags/example_short_circuit_operator.py
[2024-08-26T15:41:33.674-0700] {processor.py:925} INFO - DAG(s) 'example_short_circuit_operator' retrieved from /home/jerson/airflow_venv/lib/python3.10/site-packages/airflow/example_dags/example_short_circuit_operator.py
[2024-08-26T15:41:33.685-0700] {logging_mixin.py:190} INFO - [2024-08-26T15:41:33.685-0700] {dag.py:3211} INFO - Sync 1 DAGs
[2024-08-26T15:41:33.696-0700] {logging_mixin.py:190} INFO - [2024-08-26T15:41:33.696-0700] {dag.py:4138} INFO - Setting next_dagrun for example_short_circuit_operator to 2024-08-25 00:00:00+00:00, run_after=2024-08-26 00:00:00+00:00
[2024-08-26T15:41:33.711-0700] {processor.py:208} INFO - Processing /home/jerson/airflow_venv/lib/python3.10/site-packages/airflow/example_dags/example_short_circuit_operator.py took 0.048 seconds
[2024-08-26T15:42:22.989-0700] {processor.py:186} INFO - Started process (PID=15645) to work on /home/jerson/airflow_venv/lib/python3.10/site-packages/airflow/example_dags/example_short_circuit_operator.py
[2024-08-26T15:42:22.990-0700] {processor.py:914} INFO - Processing file /home/jerson/airflow_venv/lib/python3.10/site-packages/airflow/example_dags/example_short_circuit_operator.py for tasks to queue
[2024-08-26T15:42:22.991-0700] {logging_mixin.py:190} INFO - [2024-08-26T15:42:22.991-0700] {dagbag.py:587} INFO - Filling up the DagBag from /home/jerson/airflow_venv/lib/python3.10/site-packages/airflow/example_dags/example_short_circuit_operator.py
[2024-08-26T15:42:22.997-0700] {processor.py:925} INFO - DAG(s) 'example_short_circuit_operator' retrieved from /home/jerson/airflow_venv/lib/python3.10/site-packages/airflow/example_dags/example_short_circuit_operator.py
[2024-08-26T15:42:23.008-0700] {logging_mixin.py:190} INFO - [2024-08-26T15:42:23.008-0700] {dag.py:3211} INFO - Sync 1 DAGs
[2024-08-26T15:42:23.023-0700] {logging_mixin.py:190} INFO - [2024-08-26T15:42:23.023-0700] {dag.py:4138} INFO - Setting next_dagrun for example_short_circuit_operator to 2024-08-25 00:00:00+00:00, run_after=2024-08-26 00:00:00+00:00
[2024-08-26T15:42:23.045-0700] {processor.py:208} INFO - Processing /home/jerson/airflow_venv/lib/python3.10/site-packages/airflow/example_dags/example_short_circuit_operator.py took 0.059 seconds
[2024-08-26T15:43:13.979-0700] {processor.py:186} INFO - Started process (PID=16155) to work on /home/jerson/airflow_venv/lib/python3.10/site-packages/airflow/example_dags/example_short_circuit_operator.py
[2024-08-26T15:43:13.981-0700] {processor.py:914} INFO - Processing file /home/jerson/airflow_venv/lib/python3.10/site-packages/airflow/example_dags/example_short_circuit_operator.py for tasks to queue
[2024-08-26T15:43:13.982-0700] {logging_mixin.py:190} INFO - [2024-08-26T15:43:13.982-0700] {dagbag.py:587} INFO - Filling up the DagBag from /home/jerson/airflow_venv/lib/python3.10/site-packages/airflow/example_dags/example_short_circuit_operator.py
[2024-08-26T15:43:13.987-0700] {processor.py:925} INFO - DAG(s) 'example_short_circuit_operator' retrieved from /home/jerson/airflow_venv/lib/python3.10/site-packages/airflow/example_dags/example_short_circuit_operator.py
[2024-08-26T15:43:13.999-0700] {logging_mixin.py:190} INFO - [2024-08-26T15:43:13.999-0700] {dag.py:3211} INFO - Sync 1 DAGs
[2024-08-26T15:43:14.012-0700] {logging_mixin.py:190} INFO - [2024-08-26T15:43:14.012-0700] {dag.py:4138} INFO - Setting next_dagrun for example_short_circuit_operator to 2024-08-25 00:00:00+00:00, run_after=2024-08-26 00:00:00+00:00
[2024-08-26T15:43:14.028-0700] {processor.py:208} INFO - Processing /home/jerson/airflow_venv/lib/python3.10/site-packages/airflow/example_dags/example_short_circuit_operator.py took 0.052 seconds
[2024-08-26T15:44:01.568-0700] {processor.py:186} INFO - Started process (PID=16581) to work on /home/jerson/airflow_venv/lib/python3.10/site-packages/airflow/example_dags/example_short_circuit_operator.py
[2024-08-26T15:44:01.569-0700] {processor.py:914} INFO - Processing file /home/jerson/airflow_venv/lib/python3.10/site-packages/airflow/example_dags/example_short_circuit_operator.py for tasks to queue
[2024-08-26T15:44:01.570-0700] {logging_mixin.py:190} INFO - [2024-08-26T15:44:01.570-0700] {dagbag.py:587} INFO - Filling up the DagBag from /home/jerson/airflow_venv/lib/python3.10/site-packages/airflow/example_dags/example_short_circuit_operator.py
[2024-08-26T15:44:01.576-0700] {processor.py:925} INFO - DAG(s) 'example_short_circuit_operator' retrieved from /home/jerson/airflow_venv/lib/python3.10/site-packages/airflow/example_dags/example_short_circuit_operator.py
[2024-08-26T15:44:01.587-0700] {logging_mixin.py:190} INFO - [2024-08-26T15:44:01.587-0700] {dag.py:3211} INFO - Sync 1 DAGs
[2024-08-26T15:44:01.599-0700] {logging_mixin.py:190} INFO - [2024-08-26T15:44:01.599-0700] {dag.py:4138} INFO - Setting next_dagrun for example_short_circuit_operator to 2024-08-25 00:00:00+00:00, run_after=2024-08-26 00:00:00+00:00
[2024-08-26T15:44:01.615-0700] {processor.py:208} INFO - Processing /home/jerson/airflow_venv/lib/python3.10/site-packages/airflow/example_dags/example_short_circuit_operator.py took 0.051 seconds
[2024-08-26T15:44:48.968-0700] {processor.py:186} INFO - Started process (PID=16963) to work on /home/jerson/airflow_venv/lib/python3.10/site-packages/airflow/example_dags/example_short_circuit_operator.py
[2024-08-26T15:44:48.968-0700] {processor.py:914} INFO - Processing file /home/jerson/airflow_venv/lib/python3.10/site-packages/airflow/example_dags/example_short_circuit_operator.py for tasks to queue
[2024-08-26T15:44:48.970-0700] {logging_mixin.py:190} INFO - [2024-08-26T15:44:48.969-0700] {dagbag.py:587} INFO - Filling up the DagBag from /home/jerson/airflow_venv/lib/python3.10/site-packages/airflow/example_dags/example_short_circuit_operator.py
[2024-08-26T15:44:48.976-0700] {processor.py:925} INFO - DAG(s) 'example_short_circuit_operator' retrieved from /home/jerson/airflow_venv/lib/python3.10/site-packages/airflow/example_dags/example_short_circuit_operator.py
[2024-08-26T15:44:48.989-0700] {logging_mixin.py:190} INFO - [2024-08-26T15:44:48.989-0700] {dag.py:3211} INFO - Sync 1 DAGs
[2024-08-26T15:44:49.003-0700] {logging_mixin.py:190} INFO - [2024-08-26T15:44:49.003-0700] {dag.py:4138} INFO - Setting next_dagrun for example_short_circuit_operator to 2024-08-25 00:00:00+00:00, run_after=2024-08-26 00:00:00+00:00
[2024-08-26T15:44:49.021-0700] {processor.py:208} INFO - Processing /home/jerson/airflow_venv/lib/python3.10/site-packages/airflow/example_dags/example_short_circuit_operator.py took 0.058 seconds
[2024-08-26T15:45:37.966-0700] {processor.py:186} INFO - Started process (PID=17358) to work on /home/jerson/airflow_venv/lib/python3.10/site-packages/airflow/example_dags/example_short_circuit_operator.py
[2024-08-26T15:45:37.967-0700] {processor.py:914} INFO - Processing file /home/jerson/airflow_venv/lib/python3.10/site-packages/airflow/example_dags/example_short_circuit_operator.py for tasks to queue
[2024-08-26T15:45:37.968-0700] {logging_mixin.py:190} INFO - [2024-08-26T15:45:37.968-0700] {dagbag.py:587} INFO - Filling up the DagBag from /home/jerson/airflow_venv/lib/python3.10/site-packages/airflow/example_dags/example_short_circuit_operator.py
[2024-08-26T15:45:37.974-0700] {processor.py:925} INFO - DAG(s) 'example_short_circuit_operator' retrieved from /home/jerson/airflow_venv/lib/python3.10/site-packages/airflow/example_dags/example_short_circuit_operator.py
[2024-08-26T15:45:37.985-0700] {logging_mixin.py:190} INFO - [2024-08-26T15:45:37.985-0700] {dag.py:3211} INFO - Sync 1 DAGs
[2024-08-26T15:45:37.998-0700] {logging_mixin.py:190} INFO - [2024-08-26T15:45:37.998-0700] {dag.py:4138} INFO - Setting next_dagrun for example_short_circuit_operator to 2024-08-25 00:00:00+00:00, run_after=2024-08-26 00:00:00+00:00
[2024-08-26T15:45:38.015-0700] {processor.py:208} INFO - Processing /home/jerson/airflow_venv/lib/python3.10/site-packages/airflow/example_dags/example_short_circuit_operator.py took 0.053 seconds
[2024-08-26T15:46:30.420-0700] {processor.py:186} INFO - Started process (PID=17876) to work on /home/jerson/airflow_venv/lib/python3.10/site-packages/airflow/example_dags/example_short_circuit_operator.py
[2024-08-26T15:46:30.421-0700] {processor.py:914} INFO - Processing file /home/jerson/airflow_venv/lib/python3.10/site-packages/airflow/example_dags/example_short_circuit_operator.py for tasks to queue
[2024-08-26T15:46:30.422-0700] {logging_mixin.py:190} INFO - [2024-08-26T15:46:30.422-0700] {dagbag.py:587} INFO - Filling up the DagBag from /home/jerson/airflow_venv/lib/python3.10/site-packages/airflow/example_dags/example_short_circuit_operator.py
[2024-08-26T15:46:30.428-0700] {processor.py:925} INFO - DAG(s) 'example_short_circuit_operator' retrieved from /home/jerson/airflow_venv/lib/python3.10/site-packages/airflow/example_dags/example_short_circuit_operator.py
[2024-08-26T15:46:30.439-0700] {logging_mixin.py:190} INFO - [2024-08-26T15:46:30.438-0700] {dag.py:3211} INFO - Sync 1 DAGs
[2024-08-26T15:46:30.450-0700] {logging_mixin.py:190} INFO - [2024-08-26T15:46:30.450-0700] {dag.py:4138} INFO - Setting next_dagrun for example_short_circuit_operator to 2024-08-25 00:00:00+00:00, run_after=2024-08-26 00:00:00+00:00
[2024-08-26T15:46:30.466-0700] {processor.py:208} INFO - Processing /home/jerson/airflow_venv/lib/python3.10/site-packages/airflow/example_dags/example_short_circuit_operator.py took 0.049 seconds
[2024-08-26T15:47:21.518-0700] {processor.py:186} INFO - Started process (PID=18293) to work on /home/jerson/airflow_venv/lib/python3.10/site-packages/airflow/example_dags/example_short_circuit_operator.py
[2024-08-26T15:47:21.519-0700] {processor.py:914} INFO - Processing file /home/jerson/airflow_venv/lib/python3.10/site-packages/airflow/example_dags/example_short_circuit_operator.py for tasks to queue
[2024-08-26T15:47:21.520-0700] {logging_mixin.py:190} INFO - [2024-08-26T15:47:21.520-0700] {dagbag.py:587} INFO - Filling up the DagBag from /home/jerson/airflow_venv/lib/python3.10/site-packages/airflow/example_dags/example_short_circuit_operator.py
[2024-08-26T15:47:21.527-0700] {processor.py:925} INFO - DAG(s) 'example_short_circuit_operator' retrieved from /home/jerson/airflow_venv/lib/python3.10/site-packages/airflow/example_dags/example_short_circuit_operator.py
[2024-08-26T15:47:21.539-0700] {logging_mixin.py:190} INFO - [2024-08-26T15:47:21.539-0700] {dag.py:3211} INFO - Sync 1 DAGs
[2024-08-26T15:47:21.551-0700] {logging_mixin.py:190} INFO - [2024-08-26T15:47:21.551-0700] {dag.py:4138} INFO - Setting next_dagrun for example_short_circuit_operator to 2024-08-25 00:00:00+00:00, run_after=2024-08-26 00:00:00+00:00
[2024-08-26T15:47:21.568-0700] {processor.py:208} INFO - Processing /home/jerson/airflow_venv/lib/python3.10/site-packages/airflow/example_dags/example_short_circuit_operator.py took 0.054 seconds
[2024-08-26T15:48:13.144-0700] {processor.py:186} INFO - Started process (PID=18742) to work on /home/jerson/airflow_venv/lib/python3.10/site-packages/airflow/example_dags/example_short_circuit_operator.py
[2024-08-26T15:48:13.145-0700] {processor.py:914} INFO - Processing file /home/jerson/airflow_venv/lib/python3.10/site-packages/airflow/example_dags/example_short_circuit_operator.py for tasks to queue
[2024-08-26T15:48:13.145-0700] {logging_mixin.py:190} INFO - [2024-08-26T15:48:13.145-0700] {dagbag.py:587} INFO - Filling up the DagBag from /home/jerson/airflow_venv/lib/python3.10/site-packages/airflow/example_dags/example_short_circuit_operator.py
[2024-08-26T15:48:13.151-0700] {processor.py:925} INFO - DAG(s) 'example_short_circuit_operator' retrieved from /home/jerson/airflow_venv/lib/python3.10/site-packages/airflow/example_dags/example_short_circuit_operator.py
[2024-08-26T15:48:13.161-0700] {logging_mixin.py:190} INFO - [2024-08-26T15:48:13.161-0700] {dag.py:3211} INFO - Sync 1 DAGs
[2024-08-26T15:48:13.176-0700] {logging_mixin.py:190} INFO - [2024-08-26T15:48:13.176-0700] {dag.py:4138} INFO - Setting next_dagrun for example_short_circuit_operator to 2024-08-25 00:00:00+00:00, run_after=2024-08-26 00:00:00+00:00
[2024-08-26T15:48:13.193-0700] {processor.py:208} INFO - Processing /home/jerson/airflow_venv/lib/python3.10/site-packages/airflow/example_dags/example_short_circuit_operator.py took 0.054 seconds
[2024-08-26T15:49:01.057-0700] {processor.py:186} INFO - Started process (PID=19449) to work on /home/jerson/airflow_venv/lib/python3.10/site-packages/airflow/example_dags/example_short_circuit_operator.py
[2024-08-26T15:49:01.058-0700] {processor.py:914} INFO - Processing file /home/jerson/airflow_venv/lib/python3.10/site-packages/airflow/example_dags/example_short_circuit_operator.py for tasks to queue
[2024-08-26T15:49:01.059-0700] {logging_mixin.py:190} INFO - [2024-08-26T15:49:01.059-0700] {dagbag.py:587} INFO - Filling up the DagBag from /home/jerson/airflow_venv/lib/python3.10/site-packages/airflow/example_dags/example_short_circuit_operator.py
[2024-08-26T15:49:01.065-0700] {processor.py:925} INFO - DAG(s) 'example_short_circuit_operator' retrieved from /home/jerson/airflow_venv/lib/python3.10/site-packages/airflow/example_dags/example_short_circuit_operator.py
[2024-08-26T15:49:01.075-0700] {logging_mixin.py:190} INFO - [2024-08-26T15:49:01.075-0700] {dag.py:3211} INFO - Sync 1 DAGs
[2024-08-26T15:49:01.086-0700] {logging_mixin.py:190} INFO - [2024-08-26T15:49:01.086-0700] {dag.py:4138} INFO - Setting next_dagrun for example_short_circuit_operator to 2024-08-25 00:00:00+00:00, run_after=2024-08-26 00:00:00+00:00
[2024-08-26T15:49:01.102-0700] {processor.py:208} INFO - Processing /home/jerson/airflow_venv/lib/python3.10/site-packages/airflow/example_dags/example_short_circuit_operator.py took 0.050 seconds
[2024-08-26T15:49:52.666-0700] {processor.py:186} INFO - Started process (PID=20048) to work on /home/jerson/airflow_venv/lib/python3.10/site-packages/airflow/example_dags/example_short_circuit_operator.py
[2024-08-26T15:49:52.667-0700] {processor.py:914} INFO - Processing file /home/jerson/airflow_venv/lib/python3.10/site-packages/airflow/example_dags/example_short_circuit_operator.py for tasks to queue
[2024-08-26T15:49:52.668-0700] {logging_mixin.py:190} INFO - [2024-08-26T15:49:52.668-0700] {dagbag.py:587} INFO - Filling up the DagBag from /home/jerson/airflow_venv/lib/python3.10/site-packages/airflow/example_dags/example_short_circuit_operator.py
[2024-08-26T15:49:52.673-0700] {processor.py:925} INFO - DAG(s) 'example_short_circuit_operator' retrieved from /home/jerson/airflow_venv/lib/python3.10/site-packages/airflow/example_dags/example_short_circuit_operator.py
[2024-08-26T15:49:52.684-0700] {logging_mixin.py:190} INFO - [2024-08-26T15:49:52.684-0700] {dag.py:3211} INFO - Sync 1 DAGs
[2024-08-26T15:49:52.695-0700] {logging_mixin.py:190} INFO - [2024-08-26T15:49:52.695-0700] {dag.py:4138} INFO - Setting next_dagrun for example_short_circuit_operator to 2024-08-25 00:00:00+00:00, run_after=2024-08-26 00:00:00+00:00
[2024-08-26T15:49:52.711-0700] {processor.py:208} INFO - Processing /home/jerson/airflow_venv/lib/python3.10/site-packages/airflow/example_dags/example_short_circuit_operator.py took 0.049 seconds
[2024-08-26T15:50:16.132-0700] {processor.py:186} INFO - Started process (PID=20348) to work on /home/jerson/airflow_venv/lib/python3.10/site-packages/airflow/example_dags/example_short_circuit_operator.py
[2024-08-26T15:50:16.132-0700] {processor.py:914} INFO - Processing file /home/jerson/airflow_venv/lib/python3.10/site-packages/airflow/example_dags/example_short_circuit_operator.py for tasks to queue
[2024-08-26T15:50:16.133-0700] {logging_mixin.py:190} INFO - [2024-08-26T15:50:16.133-0700] {dagbag.py:587} INFO - Filling up the DagBag from /home/jerson/airflow_venv/lib/python3.10/site-packages/airflow/example_dags/example_short_circuit_operator.py
[2024-08-26T15:50:16.139-0700] {processor.py:925} INFO - DAG(s) 'example_short_circuit_operator' retrieved from /home/jerson/airflow_venv/lib/python3.10/site-packages/airflow/example_dags/example_short_circuit_operator.py
[2024-08-26T15:50:16.154-0700] {logging_mixin.py:190} INFO - [2024-08-26T15:50:16.154-0700] {dag.py:3211} INFO - Sync 1 DAGs
[2024-08-26T15:50:16.168-0700] {logging_mixin.py:190} INFO - [2024-08-26T15:50:16.168-0700] {dag.py:4138} INFO - Setting next_dagrun for example_short_circuit_operator to 2024-08-25 00:00:00+00:00, run_after=2024-08-26 00:00:00+00:00
[2024-08-26T15:50:16.186-0700] {processor.py:208} INFO - Processing /home/jerson/airflow_venv/lib/python3.10/site-packages/airflow/example_dags/example_short_circuit_operator.py took 0.058 seconds
[2024-08-26T15:50:40.797-0700] {processor.py:186} INFO - Started process (PID=20612) to work on /home/jerson/airflow_venv/lib/python3.10/site-packages/airflow/example_dags/example_short_circuit_operator.py
[2024-08-26T15:50:40.798-0700] {processor.py:914} INFO - Processing file /home/jerson/airflow_venv/lib/python3.10/site-packages/airflow/example_dags/example_short_circuit_operator.py for tasks to queue
[2024-08-26T15:50:40.799-0700] {logging_mixin.py:190} INFO - [2024-08-26T15:50:40.799-0700] {dagbag.py:587} INFO - Filling up the DagBag from /home/jerson/airflow_venv/lib/python3.10/site-packages/airflow/example_dags/example_short_circuit_operator.py
[2024-08-26T15:50:40.805-0700] {processor.py:925} INFO - DAG(s) 'example_short_circuit_operator' retrieved from /home/jerson/airflow_venv/lib/python3.10/site-packages/airflow/example_dags/example_short_circuit_operator.py
[2024-08-26T15:50:40.816-0700] {logging_mixin.py:190} INFO - [2024-08-26T15:50:40.816-0700] {dag.py:3211} INFO - Sync 1 DAGs
[2024-08-26T15:50:40.828-0700] {logging_mixin.py:190} INFO - [2024-08-26T15:50:40.828-0700] {dag.py:4138} INFO - Setting next_dagrun for example_short_circuit_operator to 2024-08-25 00:00:00+00:00, run_after=2024-08-26 00:00:00+00:00
[2024-08-26T15:50:40.842-0700] {processor.py:208} INFO - Processing /home/jerson/airflow_venv/lib/python3.10/site-packages/airflow/example_dags/example_short_circuit_operator.py took 0.050 seconds
[2024-08-26T15:51:09.277-0700] {processor.py:186} INFO - Started process (PID=20947) to work on /home/jerson/airflow_venv/lib/python3.10/site-packages/airflow/example_dags/example_short_circuit_operator.py
[2024-08-26T15:51:09.277-0700] {processor.py:914} INFO - Processing file /home/jerson/airflow_venv/lib/python3.10/site-packages/airflow/example_dags/example_short_circuit_operator.py for tasks to queue
[2024-08-26T15:51:09.278-0700] {logging_mixin.py:190} INFO - [2024-08-26T15:51:09.278-0700] {dagbag.py:587} INFO - Filling up the DagBag from /home/jerson/airflow_venv/lib/python3.10/site-packages/airflow/example_dags/example_short_circuit_operator.py
[2024-08-26T15:51:09.284-0700] {processor.py:925} INFO - DAG(s) 'example_short_circuit_operator' retrieved from /home/jerson/airflow_venv/lib/python3.10/site-packages/airflow/example_dags/example_short_circuit_operator.py
[2024-08-26T15:51:09.294-0700] {logging_mixin.py:190} INFO - [2024-08-26T15:51:09.294-0700] {dag.py:3211} INFO - Sync 1 DAGs
[2024-08-26T15:51:09.305-0700] {logging_mixin.py:190} INFO - [2024-08-26T15:51:09.305-0700] {dag.py:4138} INFO - Setting next_dagrun for example_short_circuit_operator to 2024-08-25 00:00:00+00:00, run_after=2024-08-26 00:00:00+00:00
[2024-08-26T15:51:09.322-0700] {processor.py:208} INFO - Processing /home/jerson/airflow_venv/lib/python3.10/site-packages/airflow/example_dags/example_short_circuit_operator.py took 0.048 seconds
[2024-08-26T15:51:29.147-0700] {processor.py:186} INFO - Started process (PID=21195) to work on /home/jerson/airflow_venv/lib/python3.10/site-packages/airflow/example_dags/example_short_circuit_operator.py
[2024-08-26T15:51:29.148-0700] {processor.py:914} INFO - Processing file /home/jerson/airflow_venv/lib/python3.10/site-packages/airflow/example_dags/example_short_circuit_operator.py for tasks to queue
[2024-08-26T15:51:29.149-0700] {logging_mixin.py:190} INFO - [2024-08-26T15:51:29.149-0700] {dagbag.py:587} INFO - Filling up the DagBag from /home/jerson/airflow_venv/lib/python3.10/site-packages/airflow/example_dags/example_short_circuit_operator.py
[2024-08-26T15:51:29.155-0700] {processor.py:925} INFO - DAG(s) 'example_short_circuit_operator' retrieved from /home/jerson/airflow_venv/lib/python3.10/site-packages/airflow/example_dags/example_short_circuit_operator.py
[2024-08-26T15:51:29.167-0700] {logging_mixin.py:190} INFO - [2024-08-26T15:51:29.167-0700] {dag.py:3211} INFO - Sync 1 DAGs
[2024-08-26T15:51:29.179-0700] {logging_mixin.py:190} INFO - [2024-08-26T15:51:29.179-0700] {dag.py:4138} INFO - Setting next_dagrun for example_short_circuit_operator to 2024-08-25 00:00:00+00:00, run_after=2024-08-26 00:00:00+00:00
[2024-08-26T15:51:29.196-0700] {processor.py:208} INFO - Processing /home/jerson/airflow_venv/lib/python3.10/site-packages/airflow/example_dags/example_short_circuit_operator.py took 0.053 seconds
[2024-08-26T15:51:58.880-0700] {processor.py:186} INFO - Started process (PID=21500) to work on /home/jerson/airflow_venv/lib/python3.10/site-packages/airflow/example_dags/example_short_circuit_operator.py
[2024-08-26T15:51:58.881-0700] {processor.py:914} INFO - Processing file /home/jerson/airflow_venv/lib/python3.10/site-packages/airflow/example_dags/example_short_circuit_operator.py for tasks to queue
[2024-08-26T15:51:58.882-0700] {logging_mixin.py:190} INFO - [2024-08-26T15:51:58.882-0700] {dagbag.py:587} INFO - Filling up the DagBag from /home/jerson/airflow_venv/lib/python3.10/site-packages/airflow/example_dags/example_short_circuit_operator.py
[2024-08-26T15:51:58.887-0700] {processor.py:925} INFO - DAG(s) 'example_short_circuit_operator' retrieved from /home/jerson/airflow_venv/lib/python3.10/site-packages/airflow/example_dags/example_short_circuit_operator.py
[2024-08-26T15:51:58.898-0700] {logging_mixin.py:190} INFO - [2024-08-26T15:51:58.898-0700] {dag.py:3211} INFO - Sync 1 DAGs
[2024-08-26T15:51:58.909-0700] {logging_mixin.py:190} INFO - [2024-08-26T15:51:58.909-0700] {dag.py:4138} INFO - Setting next_dagrun for example_short_circuit_operator to 2024-08-25 00:00:00+00:00, run_after=2024-08-26 00:00:00+00:00
[2024-08-26T15:51:58.924-0700] {processor.py:208} INFO - Processing /home/jerson/airflow_venv/lib/python3.10/site-packages/airflow/example_dags/example_short_circuit_operator.py took 0.047 seconds
[2024-08-26T15:52:45.783-0700] {processor.py:186} INFO - Started process (PID=21914) to work on /home/jerson/airflow_venv/lib/python3.10/site-packages/airflow/example_dags/example_short_circuit_operator.py
[2024-08-26T15:52:45.784-0700] {processor.py:914} INFO - Processing file /home/jerson/airflow_venv/lib/python3.10/site-packages/airflow/example_dags/example_short_circuit_operator.py for tasks to queue
[2024-08-26T15:52:45.785-0700] {logging_mixin.py:190} INFO - [2024-08-26T15:52:45.785-0700] {dagbag.py:587} INFO - Filling up the DagBag from /home/jerson/airflow_venv/lib/python3.10/site-packages/airflow/example_dags/example_short_circuit_operator.py
[2024-08-26T15:52:45.790-0700] {processor.py:925} INFO - DAG(s) 'example_short_circuit_operator' retrieved from /home/jerson/airflow_venv/lib/python3.10/site-packages/airflow/example_dags/example_short_circuit_operator.py
[2024-08-26T15:52:45.801-0700] {logging_mixin.py:190} INFO - [2024-08-26T15:52:45.801-0700] {dag.py:3211} INFO - Sync 1 DAGs
[2024-08-26T15:52:45.812-0700] {logging_mixin.py:190} INFO - [2024-08-26T15:52:45.812-0700] {dag.py:4138} INFO - Setting next_dagrun for example_short_circuit_operator to 2024-08-25 00:00:00+00:00, run_after=2024-08-26 00:00:00+00:00
[2024-08-26T15:52:45.827-0700] {processor.py:208} INFO - Processing /home/jerson/airflow_venv/lib/python3.10/site-packages/airflow/example_dags/example_short_circuit_operator.py took 0.048 seconds
[2024-08-26T15:53:36.425-0700] {processor.py:186} INFO - Started process (PID=22414) to work on /home/jerson/airflow_venv/lib/python3.10/site-packages/airflow/example_dags/example_short_circuit_operator.py
[2024-08-26T15:53:36.426-0700] {processor.py:914} INFO - Processing file /home/jerson/airflow_venv/lib/python3.10/site-packages/airflow/example_dags/example_short_circuit_operator.py for tasks to queue
[2024-08-26T15:53:36.427-0700] {logging_mixin.py:190} INFO - [2024-08-26T15:53:36.427-0700] {dagbag.py:587} INFO - Filling up the DagBag from /home/jerson/airflow_venv/lib/python3.10/site-packages/airflow/example_dags/example_short_circuit_operator.py
[2024-08-26T15:53:36.433-0700] {processor.py:925} INFO - DAG(s) 'example_short_circuit_operator' retrieved from /home/jerson/airflow_venv/lib/python3.10/site-packages/airflow/example_dags/example_short_circuit_operator.py
[2024-08-26T15:53:36.443-0700] {logging_mixin.py:190} INFO - [2024-08-26T15:53:36.443-0700] {dag.py:3211} INFO - Sync 1 DAGs
[2024-08-26T15:53:36.454-0700] {logging_mixin.py:190} INFO - [2024-08-26T15:53:36.454-0700] {dag.py:4138} INFO - Setting next_dagrun for example_short_circuit_operator to 2024-08-25 00:00:00+00:00, run_after=2024-08-26 00:00:00+00:00
[2024-08-26T15:53:36.470-0700] {processor.py:208} INFO - Processing /home/jerson/airflow_venv/lib/python3.10/site-packages/airflow/example_dags/example_short_circuit_operator.py took 0.049 seconds
[2024-08-26T15:54:08.048-0700] {processor.py:186} INFO - Started process (PID=22734) to work on /home/jerson/airflow_venv/lib/python3.10/site-packages/airflow/example_dags/example_short_circuit_operator.py
[2024-08-26T15:54:08.049-0700] {processor.py:914} INFO - Processing file /home/jerson/airflow_venv/lib/python3.10/site-packages/airflow/example_dags/example_short_circuit_operator.py for tasks to queue
[2024-08-26T15:54:08.050-0700] {logging_mixin.py:190} INFO - [2024-08-26T15:54:08.050-0700] {dagbag.py:587} INFO - Filling up the DagBag from /home/jerson/airflow_venv/lib/python3.10/site-packages/airflow/example_dags/example_short_circuit_operator.py
[2024-08-26T15:54:08.056-0700] {processor.py:925} INFO - DAG(s) 'example_short_circuit_operator' retrieved from /home/jerson/airflow_venv/lib/python3.10/site-packages/airflow/example_dags/example_short_circuit_operator.py
[2024-08-26T15:54:08.071-0700] {logging_mixin.py:190} INFO - [2024-08-26T15:54:08.071-0700] {dag.py:3211} INFO - Sync 1 DAGs
[2024-08-26T15:54:08.082-0700] {logging_mixin.py:190} INFO - [2024-08-26T15:54:08.082-0700] {dag.py:4138} INFO - Setting next_dagrun for example_short_circuit_operator to 2024-08-25 00:00:00+00:00, run_after=2024-08-26 00:00:00+00:00
[2024-08-26T15:54:08.098-0700] {processor.py:208} INFO - Processing /home/jerson/airflow_venv/lib/python3.10/site-packages/airflow/example_dags/example_short_circuit_operator.py took 0.054 seconds
[2024-08-26T15:55:22.754-0700] {processor.py:186} INFO - Started process (PID=23406) to work on /home/jerson/airflow_venv/lib/python3.10/site-packages/airflow/example_dags/example_short_circuit_operator.py
[2024-08-26T15:55:22.755-0700] {processor.py:914} INFO - Processing file /home/jerson/airflow_venv/lib/python3.10/site-packages/airflow/example_dags/example_short_circuit_operator.py for tasks to queue
[2024-08-26T15:55:22.756-0700] {logging_mixin.py:190} INFO - [2024-08-26T15:55:22.756-0700] {dagbag.py:587} INFO - Filling up the DagBag from /home/jerson/airflow_venv/lib/python3.10/site-packages/airflow/example_dags/example_short_circuit_operator.py
[2024-08-26T15:55:22.761-0700] {processor.py:925} INFO - DAG(s) 'example_short_circuit_operator' retrieved from /home/jerson/airflow_venv/lib/python3.10/site-packages/airflow/example_dags/example_short_circuit_operator.py
[2024-08-26T15:55:22.775-0700] {logging_mixin.py:190} INFO - [2024-08-26T15:55:22.775-0700] {dag.py:3211} INFO - Sync 1 DAGs
[2024-08-26T15:55:22.785-0700] {logging_mixin.py:190} INFO - [2024-08-26T15:55:22.785-0700] {dag.py:4138} INFO - Setting next_dagrun for example_short_circuit_operator to 2024-08-25 00:00:00+00:00, run_after=2024-08-26 00:00:00+00:00
[2024-08-26T15:55:22.800-0700] {processor.py:208} INFO - Processing /home/jerson/airflow_venv/lib/python3.10/site-packages/airflow/example_dags/example_short_circuit_operator.py took 0.050 seconds
[2024-08-26T15:56:15.882-0700] {processor.py:186} INFO - Started process (PID=23962) to work on /home/jerson/airflow_venv/lib/python3.10/site-packages/airflow/example_dags/example_short_circuit_operator.py
[2024-08-26T15:56:15.883-0700] {processor.py:914} INFO - Processing file /home/jerson/airflow_venv/lib/python3.10/site-packages/airflow/example_dags/example_short_circuit_operator.py for tasks to queue
[2024-08-26T15:56:15.884-0700] {logging_mixin.py:190} INFO - [2024-08-26T15:56:15.884-0700] {dagbag.py:587} INFO - Filling up the DagBag from /home/jerson/airflow_venv/lib/python3.10/site-packages/airflow/example_dags/example_short_circuit_operator.py
[2024-08-26T15:56:15.889-0700] {processor.py:925} INFO - DAG(s) 'example_short_circuit_operator' retrieved from /home/jerson/airflow_venv/lib/python3.10/site-packages/airflow/example_dags/example_short_circuit_operator.py
[2024-08-26T15:56:15.900-0700] {logging_mixin.py:190} INFO - [2024-08-26T15:56:15.900-0700] {dag.py:3211} INFO - Sync 1 DAGs
[2024-08-26T15:56:15.912-0700] {logging_mixin.py:190} INFO - [2024-08-26T15:56:15.911-0700] {dag.py:4138} INFO - Setting next_dagrun for example_short_circuit_operator to 2024-08-25 00:00:00+00:00, run_after=2024-08-26 00:00:00+00:00
[2024-08-26T15:56:15.926-0700] {processor.py:208} INFO - Processing /home/jerson/airflow_venv/lib/python3.10/site-packages/airflow/example_dags/example_short_circuit_operator.py took 0.047 seconds
[2024-08-26T15:57:10.047-0700] {processor.py:186} INFO - Started process (PID=24779) to work on /home/jerson/airflow_venv/lib/python3.10/site-packages/airflow/example_dags/example_short_circuit_operator.py
[2024-08-26T15:57:10.048-0700] {processor.py:914} INFO - Processing file /home/jerson/airflow_venv/lib/python3.10/site-packages/airflow/example_dags/example_short_circuit_operator.py for tasks to queue
[2024-08-26T15:57:10.049-0700] {logging_mixin.py:190} INFO - [2024-08-26T15:57:10.049-0700] {dagbag.py:587} INFO - Filling up the DagBag from /home/jerson/airflow_venv/lib/python3.10/site-packages/airflow/example_dags/example_short_circuit_operator.py
[2024-08-26T15:57:10.054-0700] {processor.py:925} INFO - DAG(s) 'example_short_circuit_operator' retrieved from /home/jerson/airflow_venv/lib/python3.10/site-packages/airflow/example_dags/example_short_circuit_operator.py
[2024-08-26T15:57:10.065-0700] {logging_mixin.py:190} INFO - [2024-08-26T15:57:10.064-0700] {dag.py:3211} INFO - Sync 1 DAGs
[2024-08-26T15:57:10.076-0700] {logging_mixin.py:190} INFO - [2024-08-26T15:57:10.076-0700] {dag.py:4138} INFO - Setting next_dagrun for example_short_circuit_operator to 2024-08-25 00:00:00+00:00, run_after=2024-08-26 00:00:00+00:00
[2024-08-26T15:57:10.091-0700] {processor.py:208} INFO - Processing /home/jerson/airflow_venv/lib/python3.10/site-packages/airflow/example_dags/example_short_circuit_operator.py took 0.047 seconds
[2024-08-26T15:58:06.238-0700] {processor.py:186} INFO - Started process (PID=25258) to work on /home/jerson/airflow_venv/lib/python3.10/site-packages/airflow/example_dags/example_short_circuit_operator.py
[2024-08-26T15:58:06.239-0700] {processor.py:914} INFO - Processing file /home/jerson/airflow_venv/lib/python3.10/site-packages/airflow/example_dags/example_short_circuit_operator.py for tasks to queue
[2024-08-26T15:58:06.240-0700] {logging_mixin.py:190} INFO - [2024-08-26T15:58:06.240-0700] {dagbag.py:587} INFO - Filling up the DagBag from /home/jerson/airflow_venv/lib/python3.10/site-packages/airflow/example_dags/example_short_circuit_operator.py
[2024-08-26T15:58:06.245-0700] {processor.py:925} INFO - DAG(s) 'example_short_circuit_operator' retrieved from /home/jerson/airflow_venv/lib/python3.10/site-packages/airflow/example_dags/example_short_circuit_operator.py
[2024-08-26T15:58:06.256-0700] {logging_mixin.py:190} INFO - [2024-08-26T15:58:06.256-0700] {dag.py:3211} INFO - Sync 1 DAGs
[2024-08-26T15:58:06.267-0700] {logging_mixin.py:190} INFO - [2024-08-26T15:58:06.267-0700] {dag.py:4138} INFO - Setting next_dagrun for example_short_circuit_operator to 2024-08-25 00:00:00+00:00, run_after=2024-08-26 00:00:00+00:00
[2024-08-26T15:58:06.283-0700] {processor.py:208} INFO - Processing /home/jerson/airflow_venv/lib/python3.10/site-packages/airflow/example_dags/example_short_circuit_operator.py took 0.048 seconds
[2024-08-26T15:58:58.768-0700] {processor.py:186} INFO - Started process (PID=25676) to work on /home/jerson/airflow_venv/lib/python3.10/site-packages/airflow/example_dags/example_short_circuit_operator.py
[2024-08-26T15:58:58.777-0700] {processor.py:914} INFO - Processing file /home/jerson/airflow_venv/lib/python3.10/site-packages/airflow/example_dags/example_short_circuit_operator.py for tasks to queue
[2024-08-26T15:58:58.778-0700] {logging_mixin.py:190} INFO - [2024-08-26T15:58:58.778-0700] {dagbag.py:587} INFO - Filling up the DagBag from /home/jerson/airflow_venv/lib/python3.10/site-packages/airflow/example_dags/example_short_circuit_operator.py
[2024-08-26T15:58:58.783-0700] {processor.py:925} INFO - DAG(s) 'example_short_circuit_operator' retrieved from /home/jerson/airflow_venv/lib/python3.10/site-packages/airflow/example_dags/example_short_circuit_operator.py
[2024-08-26T15:58:58.794-0700] {logging_mixin.py:190} INFO - [2024-08-26T15:58:58.794-0700] {dag.py:3211} INFO - Sync 1 DAGs
[2024-08-26T15:58:58.805-0700] {logging_mixin.py:190} INFO - [2024-08-26T15:58:58.805-0700] {dag.py:4138} INFO - Setting next_dagrun for example_short_circuit_operator to 2024-08-25 00:00:00+00:00, run_after=2024-08-26 00:00:00+00:00
[2024-08-26T15:58:58.819-0700] {processor.py:208} INFO - Processing /home/jerson/airflow_venv/lib/python3.10/site-packages/airflow/example_dags/example_short_circuit_operator.py took 0.054 seconds
[2024-08-26T15:59:44.863-0700] {processor.py:186} INFO - Started process (PID=26048) to work on /home/jerson/airflow_venv/lib/python3.10/site-packages/airflow/example_dags/example_short_circuit_operator.py
[2024-08-26T15:59:44.864-0700] {processor.py:914} INFO - Processing file /home/jerson/airflow_venv/lib/python3.10/site-packages/airflow/example_dags/example_short_circuit_operator.py for tasks to queue
[2024-08-26T15:59:44.865-0700] {logging_mixin.py:190} INFO - [2024-08-26T15:59:44.865-0700] {dagbag.py:587} INFO - Filling up the DagBag from /home/jerson/airflow_venv/lib/python3.10/site-packages/airflow/example_dags/example_short_circuit_operator.py
[2024-08-26T15:59:44.871-0700] {processor.py:925} INFO - DAG(s) 'example_short_circuit_operator' retrieved from /home/jerson/airflow_venv/lib/python3.10/site-packages/airflow/example_dags/example_short_circuit_operator.py
[2024-08-26T15:59:44.881-0700] {logging_mixin.py:190} INFO - [2024-08-26T15:59:44.881-0700] {dag.py:3211} INFO - Sync 1 DAGs
[2024-08-26T15:59:44.892-0700] {logging_mixin.py:190} INFO - [2024-08-26T15:59:44.892-0700] {dag.py:4138} INFO - Setting next_dagrun for example_short_circuit_operator to 2024-08-25 00:00:00+00:00, run_after=2024-08-26 00:00:00+00:00
[2024-08-26T15:59:44.906-0700] {processor.py:208} INFO - Processing /home/jerson/airflow_venv/lib/python3.10/site-packages/airflow/example_dags/example_short_circuit_operator.py took 0.046 seconds
[2024-08-26T16:00:32.366-0700] {processor.py:186} INFO - Started process (PID=26452) to work on /home/jerson/airflow_venv/lib/python3.10/site-packages/airflow/example_dags/example_short_circuit_operator.py
[2024-08-26T16:00:32.367-0700] {processor.py:914} INFO - Processing file /home/jerson/airflow_venv/lib/python3.10/site-packages/airflow/example_dags/example_short_circuit_operator.py for tasks to queue
[2024-08-26T16:00:32.368-0700] {logging_mixin.py:190} INFO - [2024-08-26T16:00:32.368-0700] {dagbag.py:587} INFO - Filling up the DagBag from /home/jerson/airflow_venv/lib/python3.10/site-packages/airflow/example_dags/example_short_circuit_operator.py
[2024-08-26T16:00:32.373-0700] {processor.py:925} INFO - DAG(s) 'example_short_circuit_operator' retrieved from /home/jerson/airflow_venv/lib/python3.10/site-packages/airflow/example_dags/example_short_circuit_operator.py
[2024-08-26T16:00:32.383-0700] {logging_mixin.py:190} INFO - [2024-08-26T16:00:32.383-0700] {dag.py:3211} INFO - Sync 1 DAGs
[2024-08-26T16:00:32.394-0700] {logging_mixin.py:190} INFO - [2024-08-26T16:00:32.394-0700] {dag.py:4138} INFO - Setting next_dagrun for example_short_circuit_operator to 2024-08-25 00:00:00+00:00, run_after=2024-08-26 00:00:00+00:00
[2024-08-26T16:00:32.411-0700] {processor.py:208} INFO - Processing /home/jerson/airflow_venv/lib/python3.10/site-packages/airflow/example_dags/example_short_circuit_operator.py took 0.048 seconds
[2024-08-26T16:01:17.483-0700] {processor.py:186} INFO - Started process (PID=26819) to work on /home/jerson/airflow_venv/lib/python3.10/site-packages/airflow/example_dags/example_short_circuit_operator.py
[2024-08-26T16:01:17.484-0700] {processor.py:914} INFO - Processing file /home/jerson/airflow_venv/lib/python3.10/site-packages/airflow/example_dags/example_short_circuit_operator.py for tasks to queue
[2024-08-26T16:01:17.485-0700] {logging_mixin.py:190} INFO - [2024-08-26T16:01:17.484-0700] {dagbag.py:587} INFO - Filling up the DagBag from /home/jerson/airflow_venv/lib/python3.10/site-packages/airflow/example_dags/example_short_circuit_operator.py
[2024-08-26T16:01:17.490-0700] {processor.py:925} INFO - DAG(s) 'example_short_circuit_operator' retrieved from /home/jerson/airflow_venv/lib/python3.10/site-packages/airflow/example_dags/example_short_circuit_operator.py
[2024-08-26T16:01:17.501-0700] {logging_mixin.py:190} INFO - [2024-08-26T16:01:17.501-0700] {dag.py:3211} INFO - Sync 1 DAGs
[2024-08-26T16:01:17.516-0700] {logging_mixin.py:190} INFO - [2024-08-26T16:01:17.516-0700] {dag.py:4138} INFO - Setting next_dagrun for example_short_circuit_operator to 2024-08-25 00:00:00+00:00, run_after=2024-08-26 00:00:00+00:00
[2024-08-26T16:01:17.533-0700] {processor.py:208} INFO - Processing /home/jerson/airflow_venv/lib/python3.10/site-packages/airflow/example_dags/example_short_circuit_operator.py took 0.054 seconds
[2024-08-26T16:02:07.671-0700] {processor.py:186} INFO - Started process (PID=27211) to work on /home/jerson/airflow_venv/lib/python3.10/site-packages/airflow/example_dags/example_short_circuit_operator.py
[2024-08-26T16:02:07.672-0700] {processor.py:914} INFO - Processing file /home/jerson/airflow_venv/lib/python3.10/site-packages/airflow/example_dags/example_short_circuit_operator.py for tasks to queue
[2024-08-26T16:02:07.673-0700] {logging_mixin.py:190} INFO - [2024-08-26T16:02:07.673-0700] {dagbag.py:587} INFO - Filling up the DagBag from /home/jerson/airflow_venv/lib/python3.10/site-packages/airflow/example_dags/example_short_circuit_operator.py
[2024-08-26T16:02:07.678-0700] {processor.py:925} INFO - DAG(s) 'example_short_circuit_operator' retrieved from /home/jerson/airflow_venv/lib/python3.10/site-packages/airflow/example_dags/example_short_circuit_operator.py
[2024-08-26T16:02:07.689-0700] {logging_mixin.py:190} INFO - [2024-08-26T16:02:07.689-0700] {dag.py:3211} INFO - Sync 1 DAGs
[2024-08-26T16:02:07.700-0700] {logging_mixin.py:190} INFO - [2024-08-26T16:02:07.700-0700] {dag.py:4138} INFO - Setting next_dagrun for example_short_circuit_operator to 2024-08-25 00:00:00+00:00, run_after=2024-08-26 00:00:00+00:00
[2024-08-26T16:02:07.718-0700] {processor.py:208} INFO - Processing /home/jerson/airflow_venv/lib/python3.10/site-packages/airflow/example_dags/example_short_circuit_operator.py took 0.050 seconds
[2024-08-26T16:02:59.054-0700] {processor.py:186} INFO - Started process (PID=27624) to work on /home/jerson/airflow_venv/lib/python3.10/site-packages/airflow/example_dags/example_short_circuit_operator.py
[2024-08-26T16:02:59.055-0700] {processor.py:914} INFO - Processing file /home/jerson/airflow_venv/lib/python3.10/site-packages/airflow/example_dags/example_short_circuit_operator.py for tasks to queue
[2024-08-26T16:02:59.056-0700] {logging_mixin.py:190} INFO - [2024-08-26T16:02:59.056-0700] {dagbag.py:587} INFO - Filling up the DagBag from /home/jerson/airflow_venv/lib/python3.10/site-packages/airflow/example_dags/example_short_circuit_operator.py
[2024-08-26T16:02:59.061-0700] {processor.py:925} INFO - DAG(s) 'example_short_circuit_operator' retrieved from /home/jerson/airflow_venv/lib/python3.10/site-packages/airflow/example_dags/example_short_circuit_operator.py
[2024-08-26T16:02:59.073-0700] {logging_mixin.py:190} INFO - [2024-08-26T16:02:59.073-0700] {dag.py:3211} INFO - Sync 1 DAGs
[2024-08-26T16:02:59.085-0700] {logging_mixin.py:190} INFO - [2024-08-26T16:02:59.085-0700] {dag.py:4138} INFO - Setting next_dagrun for example_short_circuit_operator to 2024-08-25 00:00:00+00:00, run_after=2024-08-26 00:00:00+00:00
[2024-08-26T16:02:59.100-0700] {processor.py:208} INFO - Processing /home/jerson/airflow_venv/lib/python3.10/site-packages/airflow/example_dags/example_short_circuit_operator.py took 0.050 seconds
[2024-08-26T16:03:46.698-0700] {processor.py:186} INFO - Started process (PID=28002) to work on /home/jerson/airflow_venv/lib/python3.10/site-packages/airflow/example_dags/example_short_circuit_operator.py
[2024-08-26T16:03:46.708-0700] {processor.py:914} INFO - Processing file /home/jerson/airflow_venv/lib/python3.10/site-packages/airflow/example_dags/example_short_circuit_operator.py for tasks to queue
[2024-08-26T16:03:46.709-0700] {logging_mixin.py:190} INFO - [2024-08-26T16:03:46.709-0700] {dagbag.py:587} INFO - Filling up the DagBag from /home/jerson/airflow_venv/lib/python3.10/site-packages/airflow/example_dags/example_short_circuit_operator.py
[2024-08-26T16:03:46.714-0700] {processor.py:925} INFO - DAG(s) 'example_short_circuit_operator' retrieved from /home/jerson/airflow_venv/lib/python3.10/site-packages/airflow/example_dags/example_short_circuit_operator.py
[2024-08-26T16:03:46.725-0700] {logging_mixin.py:190} INFO - [2024-08-26T16:03:46.725-0700] {dag.py:3211} INFO - Sync 1 DAGs
[2024-08-26T16:03:46.735-0700] {logging_mixin.py:190} INFO - [2024-08-26T16:03:46.735-0700] {dag.py:4138} INFO - Setting next_dagrun for example_short_circuit_operator to 2024-08-25 00:00:00+00:00, run_after=2024-08-26 00:00:00+00:00
[2024-08-26T16:03:46.749-0700] {processor.py:208} INFO - Processing /home/jerson/airflow_venv/lib/python3.10/site-packages/airflow/example_dags/example_short_circuit_operator.py took 0.054 seconds
[2024-08-26T16:04:36.798-0700] {processor.py:186} INFO - Started process (PID=28401) to work on /home/jerson/airflow_venv/lib/python3.10/site-packages/airflow/example_dags/example_short_circuit_operator.py
[2024-08-26T16:04:36.799-0700] {processor.py:914} INFO - Processing file /home/jerson/airflow_venv/lib/python3.10/site-packages/airflow/example_dags/example_short_circuit_operator.py for tasks to queue
[2024-08-26T16:04:36.800-0700] {logging_mixin.py:190} INFO - [2024-08-26T16:04:36.800-0700] {dagbag.py:587} INFO - Filling up the DagBag from /home/jerson/airflow_venv/lib/python3.10/site-packages/airflow/example_dags/example_short_circuit_operator.py
[2024-08-26T16:04:36.805-0700] {processor.py:925} INFO - DAG(s) 'example_short_circuit_operator' retrieved from /home/jerson/airflow_venv/lib/python3.10/site-packages/airflow/example_dags/example_short_circuit_operator.py
[2024-08-26T16:04:36.816-0700] {logging_mixin.py:190} INFO - [2024-08-26T16:04:36.816-0700] {dag.py:3211} INFO - Sync 1 DAGs
[2024-08-26T16:04:36.826-0700] {logging_mixin.py:190} INFO - [2024-08-26T16:04:36.826-0700] {dag.py:4138} INFO - Setting next_dagrun for example_short_circuit_operator to 2024-08-25 00:00:00+00:00, run_after=2024-08-26 00:00:00+00:00
[2024-08-26T16:04:36.841-0700] {processor.py:208} INFO - Processing /home/jerson/airflow_venv/lib/python3.10/site-packages/airflow/example_dags/example_short_circuit_operator.py took 0.046 seconds
[2024-08-26T16:05:25.069-0700] {processor.py:186} INFO - Started process (PID=28819) to work on /home/jerson/airflow_venv/lib/python3.10/site-packages/airflow/example_dags/example_short_circuit_operator.py
[2024-08-26T16:05:25.070-0700] {processor.py:914} INFO - Processing file /home/jerson/airflow_venv/lib/python3.10/site-packages/airflow/example_dags/example_short_circuit_operator.py for tasks to queue
[2024-08-26T16:05:25.071-0700] {logging_mixin.py:190} INFO - [2024-08-26T16:05:25.071-0700] {dagbag.py:587} INFO - Filling up the DagBag from /home/jerson/airflow_venv/lib/python3.10/site-packages/airflow/example_dags/example_short_circuit_operator.py
[2024-08-26T16:05:25.076-0700] {processor.py:925} INFO - DAG(s) 'example_short_circuit_operator' retrieved from /home/jerson/airflow_venv/lib/python3.10/site-packages/airflow/example_dags/example_short_circuit_operator.py
[2024-08-26T16:05:25.087-0700] {logging_mixin.py:190} INFO - [2024-08-26T16:05:25.087-0700] {dag.py:3211} INFO - Sync 1 DAGs
[2024-08-26T16:05:25.098-0700] {logging_mixin.py:190} INFO - [2024-08-26T16:05:25.098-0700] {dag.py:4138} INFO - Setting next_dagrun for example_short_circuit_operator to 2024-08-25 00:00:00+00:00, run_after=2024-08-26 00:00:00+00:00
[2024-08-26T16:05:25.113-0700] {processor.py:208} INFO - Processing /home/jerson/airflow_venv/lib/python3.10/site-packages/airflow/example_dags/example_short_circuit_operator.py took 0.048 seconds
[2024-08-26T16:06:11.525-0700] {processor.py:186} INFO - Started process (PID=29188) to work on /home/jerson/airflow_venv/lib/python3.10/site-packages/airflow/example_dags/example_short_circuit_operator.py
[2024-08-26T16:06:11.527-0700] {processor.py:914} INFO - Processing file /home/jerson/airflow_venv/lib/python3.10/site-packages/airflow/example_dags/example_short_circuit_operator.py for tasks to queue
[2024-08-26T16:06:11.528-0700] {logging_mixin.py:190} INFO - [2024-08-26T16:06:11.528-0700] {dagbag.py:587} INFO - Filling up the DagBag from /home/jerson/airflow_venv/lib/python3.10/site-packages/airflow/example_dags/example_short_circuit_operator.py
[2024-08-26T16:06:11.533-0700] {processor.py:925} INFO - DAG(s) 'example_short_circuit_operator' retrieved from /home/jerson/airflow_venv/lib/python3.10/site-packages/airflow/example_dags/example_short_circuit_operator.py
[2024-08-26T16:06:11.544-0700] {logging_mixin.py:190} INFO - [2024-08-26T16:06:11.544-0700] {dag.py:3211} INFO - Sync 1 DAGs
[2024-08-26T16:06:11.555-0700] {logging_mixin.py:190} INFO - [2024-08-26T16:06:11.555-0700] {dag.py:4138} INFO - Setting next_dagrun for example_short_circuit_operator to 2024-08-25 00:00:00+00:00, run_after=2024-08-26 00:00:00+00:00
[2024-08-26T16:06:11.571-0700] {processor.py:208} INFO - Processing /home/jerson/airflow_venv/lib/python3.10/site-packages/airflow/example_dags/example_short_circuit_operator.py took 0.049 seconds
[2024-08-26T16:06:59.331-0700] {processor.py:186} INFO - Started process (PID=29568) to work on /home/jerson/airflow_venv/lib/python3.10/site-packages/airflow/example_dags/example_short_circuit_operator.py
[2024-08-26T16:06:59.332-0700] {processor.py:914} INFO - Processing file /home/jerson/airflow_venv/lib/python3.10/site-packages/airflow/example_dags/example_short_circuit_operator.py for tasks to queue
[2024-08-26T16:06:59.333-0700] {logging_mixin.py:190} INFO - [2024-08-26T16:06:59.333-0700] {dagbag.py:587} INFO - Filling up the DagBag from /home/jerson/airflow_venv/lib/python3.10/site-packages/airflow/example_dags/example_short_circuit_operator.py
[2024-08-26T16:06:59.338-0700] {processor.py:925} INFO - DAG(s) 'example_short_circuit_operator' retrieved from /home/jerson/airflow_venv/lib/python3.10/site-packages/airflow/example_dags/example_short_circuit_operator.py
[2024-08-26T16:06:59.349-0700] {logging_mixin.py:190} INFO - [2024-08-26T16:06:59.349-0700] {dag.py:3211} INFO - Sync 1 DAGs
[2024-08-26T16:06:59.359-0700] {logging_mixin.py:190} INFO - [2024-08-26T16:06:59.359-0700] {dag.py:4138} INFO - Setting next_dagrun for example_short_circuit_operator to 2024-08-25 00:00:00+00:00, run_after=2024-08-26 00:00:00+00:00
[2024-08-26T16:06:59.374-0700] {processor.py:208} INFO - Processing /home/jerson/airflow_venv/lib/python3.10/site-packages/airflow/example_dags/example_short_circuit_operator.py took 0.046 seconds
[2024-08-26T16:07:57.558-0700] {processor.py:186} INFO - Started process (PID=30023) to work on /home/jerson/airflow_venv/lib/python3.10/site-packages/airflow/example_dags/example_short_circuit_operator.py
[2024-08-26T16:07:57.559-0700] {processor.py:914} INFO - Processing file /home/jerson/airflow_venv/lib/python3.10/site-packages/airflow/example_dags/example_short_circuit_operator.py for tasks to queue
[2024-08-26T16:07:57.560-0700] {logging_mixin.py:190} INFO - [2024-08-26T16:07:57.560-0700] {dagbag.py:587} INFO - Filling up the DagBag from /home/jerson/airflow_venv/lib/python3.10/site-packages/airflow/example_dags/example_short_circuit_operator.py
[2024-08-26T16:07:57.565-0700] {processor.py:925} INFO - DAG(s) 'example_short_circuit_operator' retrieved from /home/jerson/airflow_venv/lib/python3.10/site-packages/airflow/example_dags/example_short_circuit_operator.py
[2024-08-26T16:07:57.576-0700] {logging_mixin.py:190} INFO - [2024-08-26T16:07:57.576-0700] {dag.py:3211} INFO - Sync 1 DAGs
[2024-08-26T16:07:57.587-0700] {logging_mixin.py:190} INFO - [2024-08-26T16:07:57.586-0700] {dag.py:4138} INFO - Setting next_dagrun for example_short_circuit_operator to 2024-08-25 00:00:00+00:00, run_after=2024-08-26 00:00:00+00:00
[2024-08-26T16:07:57.602-0700] {processor.py:208} INFO - Processing /home/jerson/airflow_venv/lib/python3.10/site-packages/airflow/example_dags/example_short_circuit_operator.py took 0.047 seconds
[2024-08-26T16:08:52.850-0700] {processor.py:186} INFO - Started process (PID=30461) to work on /home/jerson/airflow_venv/lib/python3.10/site-packages/airflow/example_dags/example_short_circuit_operator.py
[2024-08-26T16:08:52.851-0700] {processor.py:914} INFO - Processing file /home/jerson/airflow_venv/lib/python3.10/site-packages/airflow/example_dags/example_short_circuit_operator.py for tasks to queue
[2024-08-26T16:08:52.852-0700] {logging_mixin.py:190} INFO - [2024-08-26T16:08:52.851-0700] {dagbag.py:587} INFO - Filling up the DagBag from /home/jerson/airflow_venv/lib/python3.10/site-packages/airflow/example_dags/example_short_circuit_operator.py
[2024-08-26T16:08:52.858-0700] {processor.py:925} INFO - DAG(s) 'example_short_circuit_operator' retrieved from /home/jerson/airflow_venv/lib/python3.10/site-packages/airflow/example_dags/example_short_circuit_operator.py
[2024-08-26T16:08:52.868-0700] {logging_mixin.py:190} INFO - [2024-08-26T16:08:52.868-0700] {dag.py:3211} INFO - Sync 1 DAGs
[2024-08-26T16:08:52.879-0700] {logging_mixin.py:190} INFO - [2024-08-26T16:08:52.879-0700] {dag.py:4138} INFO - Setting next_dagrun for example_short_circuit_operator to 2024-08-25 00:00:00+00:00, run_after=2024-08-26 00:00:00+00:00
[2024-08-26T16:08:52.893-0700] {processor.py:208} INFO - Processing /home/jerson/airflow_venv/lib/python3.10/site-packages/airflow/example_dags/example_short_circuit_operator.py took 0.047 seconds
[2024-08-26T16:09:41.758-0700] {processor.py:186} INFO - Started process (PID=30850) to work on /home/jerson/airflow_venv/lib/python3.10/site-packages/airflow/example_dags/example_short_circuit_operator.py
[2024-08-26T16:09:41.759-0700] {processor.py:914} INFO - Processing file /home/jerson/airflow_venv/lib/python3.10/site-packages/airflow/example_dags/example_short_circuit_operator.py for tasks to queue
[2024-08-26T16:09:41.761-0700] {logging_mixin.py:190} INFO - [2024-08-26T16:09:41.760-0700] {dagbag.py:587} INFO - Filling up the DagBag from /home/jerson/airflow_venv/lib/python3.10/site-packages/airflow/example_dags/example_short_circuit_operator.py
[2024-08-26T16:09:41.766-0700] {processor.py:925} INFO - DAG(s) 'example_short_circuit_operator' retrieved from /home/jerson/airflow_venv/lib/python3.10/site-packages/airflow/example_dags/example_short_circuit_operator.py
[2024-08-26T16:09:41.776-0700] {logging_mixin.py:190} INFO - [2024-08-26T16:09:41.776-0700] {dag.py:3211} INFO - Sync 1 DAGs
[2024-08-26T16:09:41.787-0700] {logging_mixin.py:190} INFO - [2024-08-26T16:09:41.787-0700] {dag.py:4138} INFO - Setting next_dagrun for example_short_circuit_operator to 2024-08-25 00:00:00+00:00, run_after=2024-08-26 00:00:00+00:00
[2024-08-26T16:09:41.801-0700] {processor.py:208} INFO - Processing /home/jerson/airflow_venv/lib/python3.10/site-packages/airflow/example_dags/example_short_circuit_operator.py took 0.046 seconds
[2024-08-26T16:10:28.683-0700] {processor.py:186} INFO - Started process (PID=31253) to work on /home/jerson/airflow_venv/lib/python3.10/site-packages/airflow/example_dags/example_short_circuit_operator.py
[2024-08-26T16:10:28.684-0700] {processor.py:914} INFO - Processing file /home/jerson/airflow_venv/lib/python3.10/site-packages/airflow/example_dags/example_short_circuit_operator.py for tasks to queue
[2024-08-26T16:10:28.685-0700] {logging_mixin.py:190} INFO - [2024-08-26T16:10:28.685-0700] {dagbag.py:587} INFO - Filling up the DagBag from /home/jerson/airflow_venv/lib/python3.10/site-packages/airflow/example_dags/example_short_circuit_operator.py
[2024-08-26T16:10:28.690-0700] {processor.py:925} INFO - DAG(s) 'example_short_circuit_operator' retrieved from /home/jerson/airflow_venv/lib/python3.10/site-packages/airflow/example_dags/example_short_circuit_operator.py
[2024-08-26T16:10:28.701-0700] {logging_mixin.py:190} INFO - [2024-08-26T16:10:28.701-0700] {dag.py:3211} INFO - Sync 1 DAGs
[2024-08-26T16:10:28.711-0700] {logging_mixin.py:190} INFO - [2024-08-26T16:10:28.711-0700] {dag.py:4138} INFO - Setting next_dagrun for example_short_circuit_operator to 2024-08-25 00:00:00+00:00, run_after=2024-08-26 00:00:00+00:00
[2024-08-26T16:10:28.726-0700] {processor.py:208} INFO - Processing /home/jerson/airflow_venv/lib/python3.10/site-packages/airflow/example_dags/example_short_circuit_operator.py took 0.046 seconds
[2024-08-26T16:11:17.703-0700] {processor.py:186} INFO - Started process (PID=31648) to work on /home/jerson/airflow_venv/lib/python3.10/site-packages/airflow/example_dags/example_short_circuit_operator.py
[2024-08-26T16:11:17.704-0700] {processor.py:914} INFO - Processing file /home/jerson/airflow_venv/lib/python3.10/site-packages/airflow/example_dags/example_short_circuit_operator.py for tasks to queue
[2024-08-26T16:11:17.705-0700] {logging_mixin.py:190} INFO - [2024-08-26T16:11:17.705-0700] {dagbag.py:587} INFO - Filling up the DagBag from /home/jerson/airflow_venv/lib/python3.10/site-packages/airflow/example_dags/example_short_circuit_operator.py
[2024-08-26T16:11:17.710-0700] {processor.py:925} INFO - DAG(s) 'example_short_circuit_operator' retrieved from /home/jerson/airflow_venv/lib/python3.10/site-packages/airflow/example_dags/example_short_circuit_operator.py
[2024-08-26T16:11:17.721-0700] {logging_mixin.py:190} INFO - [2024-08-26T16:11:17.721-0700] {dag.py:3211} INFO - Sync 1 DAGs
[2024-08-26T16:11:17.732-0700] {logging_mixin.py:190} INFO - [2024-08-26T16:11:17.732-0700] {dag.py:4138} INFO - Setting next_dagrun for example_short_circuit_operator to 2024-08-25 00:00:00+00:00, run_after=2024-08-26 00:00:00+00:00
[2024-08-26T16:11:17.748-0700] {processor.py:208} INFO - Processing /home/jerson/airflow_venv/lib/python3.10/site-packages/airflow/example_dags/example_short_circuit_operator.py took 0.048 seconds
[2024-08-26T16:12:07.046-0700] {processor.py:186} INFO - Started process (PID=32037) to work on /home/jerson/airflow_venv/lib/python3.10/site-packages/airflow/example_dags/example_short_circuit_operator.py
[2024-08-26T16:12:07.047-0700] {processor.py:914} INFO - Processing file /home/jerson/airflow_venv/lib/python3.10/site-packages/airflow/example_dags/example_short_circuit_operator.py for tasks to queue
[2024-08-26T16:12:07.048-0700] {logging_mixin.py:190} INFO - [2024-08-26T16:12:07.048-0700] {dagbag.py:587} INFO - Filling up the DagBag from /home/jerson/airflow_venv/lib/python3.10/site-packages/airflow/example_dags/example_short_circuit_operator.py
[2024-08-26T16:12:07.053-0700] {processor.py:925} INFO - DAG(s) 'example_short_circuit_operator' retrieved from /home/jerson/airflow_venv/lib/python3.10/site-packages/airflow/example_dags/example_short_circuit_operator.py
[2024-08-26T16:12:07.063-0700] {logging_mixin.py:190} INFO - [2024-08-26T16:12:07.063-0700] {dag.py:3211} INFO - Sync 1 DAGs
[2024-08-26T16:12:07.074-0700] {logging_mixin.py:190} INFO - [2024-08-26T16:12:07.074-0700] {dag.py:4138} INFO - Setting next_dagrun for example_short_circuit_operator to 2024-08-25 00:00:00+00:00, run_after=2024-08-26 00:00:00+00:00
[2024-08-26T16:12:07.091-0700] {processor.py:208} INFO - Processing /home/jerson/airflow_venv/lib/python3.10/site-packages/airflow/example_dags/example_short_circuit_operator.py took 0.048 seconds
