[2024-08-26T15:22:10.169-0700] {processor.py:186} INFO - Started process (PID=7604) to work on /home/jerson/airflow_venv/lib/python3.10/site-packages/airflow/example_dags/example_trigger_target_dag.py
[2024-08-26T15:22:10.170-0700] {processor.py:914} INFO - Processing file /home/jerson/airflow_venv/lib/python3.10/site-packages/airflow/example_dags/example_trigger_target_dag.py for tasks to queue
[2024-08-26T15:22:10.171-0700] {logging_mixin.py:190} INFO - [2024-08-26T15:22:10.171-0700] {dagbag.py:587} INFO - Filling up the DagBag from /home/jerson/airflow_venv/lib/python3.10/site-packages/airflow/example_dags/example_trigger_target_dag.py
[2024-08-26T15:22:10.175-0700] {processor.py:925} INFO - DAG(s) 'example_trigger_target_dag' retrieved from /home/jerson/airflow_venv/lib/python3.10/site-packages/airflow/example_dags/example_trigger_target_dag.py
[2024-08-26T15:22:10.238-0700] {logging_mixin.py:190} INFO - [2024-08-26T15:22:10.237-0700] {override.py:1900} INFO - Created Permission View: can read on DAG:example_trigger_target_dag
[2024-08-26T15:22:10.248-0700] {logging_mixin.py:190} INFO - [2024-08-26T15:22:10.248-0700] {override.py:1900} INFO - Created Permission View: can delete on DAG:example_trigger_target_dag
[2024-08-26T15:22:10.257-0700] {logging_mixin.py:190} INFO - [2024-08-26T15:22:10.257-0700] {override.py:1900} INFO - Created Permission View: can edit on DAG:example_trigger_target_dag
[2024-08-26T15:22:10.270-0700] {logging_mixin.py:190} INFO - [2024-08-26T15:22:10.270-0700] {override.py:1900} INFO - Created Permission View: can read on DAG Run:example_trigger_target_dag
[2024-08-26T15:22:10.279-0700] {logging_mixin.py:190} INFO - [2024-08-26T15:22:10.279-0700] {override.py:1900} INFO - Created Permission View: can create on DAG Run:example_trigger_target_dag
[2024-08-26T15:22:10.288-0700] {logging_mixin.py:190} INFO - [2024-08-26T15:22:10.288-0700] {override.py:1900} INFO - Created Permission View: menu access on DAG Run:example_trigger_target_dag
[2024-08-26T15:22:10.297-0700] {logging_mixin.py:190} INFO - [2024-08-26T15:22:10.296-0700] {override.py:1900} INFO - Created Permission View: can delete on DAG Run:example_trigger_target_dag
[2024-08-26T15:22:10.297-0700] {logging_mixin.py:190} INFO - [2024-08-26T15:22:10.297-0700] {dag.py:3211} INFO - Sync 1 DAGs
[2024-08-26T15:22:10.303-0700] {logging_mixin.py:190} INFO - [2024-08-26T15:22:10.303-0700] {dag.py:3234} INFO - Creating ORM DAG for example_trigger_target_dag
[2024-08-26T15:22:10.304-0700] {logging_mixin.py:190} INFO - [2024-08-26T15:22:10.304-0700] {dag.py:4138} INFO - Setting next_dagrun for example_trigger_target_dag to None, run_after=None
[2024-08-26T15:22:10.321-0700] {processor.py:208} INFO - Processing /home/jerson/airflow_venv/lib/python3.10/site-packages/airflow/example_dags/example_trigger_target_dag.py took 0.155 seconds
[2024-08-26T15:23:03.364-0700] {processor.py:186} INFO - Started process (PID=7906) to work on /home/jerson/airflow_venv/lib/python3.10/site-packages/airflow/example_dags/example_trigger_target_dag.py
[2024-08-26T15:23:03.365-0700] {processor.py:914} INFO - Processing file /home/jerson/airflow_venv/lib/python3.10/site-packages/airflow/example_dags/example_trigger_target_dag.py for tasks to queue
[2024-08-26T15:23:03.367-0700] {logging_mixin.py:190} INFO - [2024-08-26T15:23:03.366-0700] {dagbag.py:587} INFO - Filling up the DagBag from /home/jerson/airflow_venv/lib/python3.10/site-packages/airflow/example_dags/example_trigger_target_dag.py
[2024-08-26T15:23:03.371-0700] {processor.py:925} INFO - DAG(s) 'example_trigger_target_dag' retrieved from /home/jerson/airflow_venv/lib/python3.10/site-packages/airflow/example_dags/example_trigger_target_dag.py
[2024-08-26T15:23:03.380-0700] {logging_mixin.py:190} INFO - [2024-08-26T15:23:03.380-0700] {dag.py:3211} INFO - Sync 1 DAGs
[2024-08-26T15:23:03.388-0700] {logging_mixin.py:190} INFO - [2024-08-26T15:23:03.387-0700] {dag.py:4138} INFO - Setting next_dagrun for example_trigger_target_dag to None, run_after=None
[2024-08-26T15:23:03.404-0700] {processor.py:208} INFO - Processing /home/jerson/airflow_venv/lib/python3.10/site-packages/airflow/example_dags/example_trigger_target_dag.py took 0.043 seconds
[2024-08-26T15:23:58.382-0700] {processor.py:186} INFO - Started process (PID=8206) to work on /home/jerson/airflow_venv/lib/python3.10/site-packages/airflow/example_dags/example_trigger_target_dag.py
[2024-08-26T15:23:58.383-0700] {processor.py:914} INFO - Processing file /home/jerson/airflow_venv/lib/python3.10/site-packages/airflow/example_dags/example_trigger_target_dag.py for tasks to queue
[2024-08-26T15:23:58.384-0700] {logging_mixin.py:190} INFO - [2024-08-26T15:23:58.384-0700] {dagbag.py:587} INFO - Filling up the DagBag from /home/jerson/airflow_venv/lib/python3.10/site-packages/airflow/example_dags/example_trigger_target_dag.py
[2024-08-26T15:23:58.389-0700] {processor.py:925} INFO - DAG(s) 'example_trigger_target_dag' retrieved from /home/jerson/airflow_venv/lib/python3.10/site-packages/airflow/example_dags/example_trigger_target_dag.py
[2024-08-26T15:23:58.397-0700] {logging_mixin.py:190} INFO - [2024-08-26T15:23:58.397-0700] {dag.py:3211} INFO - Sync 1 DAGs
[2024-08-26T15:23:58.405-0700] {logging_mixin.py:190} INFO - [2024-08-26T15:23:58.405-0700] {dag.py:4138} INFO - Setting next_dagrun for example_trigger_target_dag to None, run_after=None
[2024-08-26T15:23:58.424-0700] {processor.py:208} INFO - Processing /home/jerson/airflow_venv/lib/python3.10/site-packages/airflow/example_dags/example_trigger_target_dag.py took 0.046 seconds
[2024-08-26T15:25:48.965-0700] {processor.py:186} INFO - Started process (PID=8767) to work on /home/jerson/airflow_venv/lib/python3.10/site-packages/airflow/example_dags/example_trigger_target_dag.py
[2024-08-26T15:25:48.966-0700] {processor.py:914} INFO - Processing file /home/jerson/airflow_venv/lib/python3.10/site-packages/airflow/example_dags/example_trigger_target_dag.py for tasks to queue
[2024-08-26T15:25:48.967-0700] {logging_mixin.py:190} INFO - [2024-08-26T15:25:48.967-0700] {dagbag.py:587} INFO - Filling up the DagBag from /home/jerson/airflow_venv/lib/python3.10/site-packages/airflow/example_dags/example_trigger_target_dag.py
[2024-08-26T15:25:48.971-0700] {processor.py:925} INFO - DAG(s) 'example_trigger_target_dag' retrieved from /home/jerson/airflow_venv/lib/python3.10/site-packages/airflow/example_dags/example_trigger_target_dag.py
[2024-08-26T15:25:48.982-0700] {logging_mixin.py:190} INFO - [2024-08-26T15:25:48.982-0700] {dag.py:3211} INFO - Sync 1 DAGs
[2024-08-26T15:25:48.989-0700] {logging_mixin.py:190} INFO - [2024-08-26T15:25:48.989-0700] {dag.py:4138} INFO - Setting next_dagrun for example_trigger_target_dag to None, run_after=None
[2024-08-26T15:25:49.004-0700] {processor.py:208} INFO - Processing /home/jerson/airflow_venv/lib/python3.10/site-packages/airflow/example_dags/example_trigger_target_dag.py took 0.043 seconds
[2024-08-26T15:26:43.146-0700] {processor.py:186} INFO - Started process (PID=9051) to work on /home/jerson/airflow_venv/lib/python3.10/site-packages/airflow/example_dags/example_trigger_target_dag.py
[2024-08-26T15:26:43.147-0700] {processor.py:914} INFO - Processing file /home/jerson/airflow_venv/lib/python3.10/site-packages/airflow/example_dags/example_trigger_target_dag.py for tasks to queue
[2024-08-26T15:26:43.148-0700] {logging_mixin.py:190} INFO - [2024-08-26T15:26:43.147-0700] {dagbag.py:587} INFO - Filling up the DagBag from /home/jerson/airflow_venv/lib/python3.10/site-packages/airflow/example_dags/example_trigger_target_dag.py
[2024-08-26T15:26:43.152-0700] {processor.py:925} INFO - DAG(s) 'example_trigger_target_dag' retrieved from /home/jerson/airflow_venv/lib/python3.10/site-packages/airflow/example_dags/example_trigger_target_dag.py
[2024-08-26T15:26:43.160-0700] {logging_mixin.py:190} INFO - [2024-08-26T15:26:43.160-0700] {dag.py:3211} INFO - Sync 1 DAGs
[2024-08-26T15:26:43.167-0700] {logging_mixin.py:190} INFO - [2024-08-26T15:26:43.167-0700] {dag.py:4138} INFO - Setting next_dagrun for example_trigger_target_dag to None, run_after=None
[2024-08-26T15:26:43.183-0700] {processor.py:208} INFO - Processing /home/jerson/airflow_venv/lib/python3.10/site-packages/airflow/example_dags/example_trigger_target_dag.py took 0.040 seconds
[2024-08-26T15:27:35.717-0700] {processor.py:186} INFO - Started process (PID=9315) to work on /home/jerson/airflow_venv/lib/python3.10/site-packages/airflow/example_dags/example_trigger_target_dag.py
[2024-08-26T15:27:35.718-0700] {processor.py:914} INFO - Processing file /home/jerson/airflow_venv/lib/python3.10/site-packages/airflow/example_dags/example_trigger_target_dag.py for tasks to queue
[2024-08-26T15:27:35.720-0700] {logging_mixin.py:190} INFO - [2024-08-26T15:27:35.719-0700] {dagbag.py:587} INFO - Filling up the DagBag from /home/jerson/airflow_venv/lib/python3.10/site-packages/airflow/example_dags/example_trigger_target_dag.py
[2024-08-26T15:27:35.724-0700] {processor.py:925} INFO - DAG(s) 'example_trigger_target_dag' retrieved from /home/jerson/airflow_venv/lib/python3.10/site-packages/airflow/example_dags/example_trigger_target_dag.py
[2024-08-26T15:27:35.733-0700] {logging_mixin.py:190} INFO - [2024-08-26T15:27:35.732-0700] {dag.py:3211} INFO - Sync 1 DAGs
[2024-08-26T15:27:35.740-0700] {logging_mixin.py:190} INFO - [2024-08-26T15:27:35.740-0700] {dag.py:4138} INFO - Setting next_dagrun for example_trigger_target_dag to None, run_after=None
[2024-08-26T15:27:35.757-0700] {processor.py:208} INFO - Processing /home/jerson/airflow_venv/lib/python3.10/site-packages/airflow/example_dags/example_trigger_target_dag.py took 0.042 seconds
[2024-08-26T15:28:45.698-0700] {processor.py:186} INFO - Started process (PID=9671) to work on /home/jerson/airflow_venv/lib/python3.10/site-packages/airflow/example_dags/example_trigger_target_dag.py
[2024-08-26T15:28:45.699-0700] {processor.py:914} INFO - Processing file /home/jerson/airflow_venv/lib/python3.10/site-packages/airflow/example_dags/example_trigger_target_dag.py for tasks to queue
[2024-08-26T15:28:45.700-0700] {logging_mixin.py:190} INFO - [2024-08-26T15:28:45.700-0700] {dagbag.py:587} INFO - Filling up the DagBag from /home/jerson/airflow_venv/lib/python3.10/site-packages/airflow/example_dags/example_trigger_target_dag.py
[2024-08-26T15:28:45.704-0700] {processor.py:925} INFO - DAG(s) 'example_trigger_target_dag' retrieved from /home/jerson/airflow_venv/lib/python3.10/site-packages/airflow/example_dags/example_trigger_target_dag.py
[2024-08-26T15:28:45.712-0700] {logging_mixin.py:190} INFO - [2024-08-26T15:28:45.712-0700] {dag.py:3211} INFO - Sync 1 DAGs
[2024-08-26T15:28:45.719-0700] {logging_mixin.py:190} INFO - [2024-08-26T15:28:45.719-0700] {dag.py:4138} INFO - Setting next_dagrun for example_trigger_target_dag to None, run_after=None
[2024-08-26T15:28:45.735-0700] {processor.py:208} INFO - Processing /home/jerson/airflow_venv/lib/python3.10/site-packages/airflow/example_dags/example_trigger_target_dag.py took 0.040 seconds
[2024-08-26T15:29:35.165-0700] {processor.py:186} INFO - Started process (PID=10005) to work on /home/jerson/airflow_venv/lib/python3.10/site-packages/airflow/example_dags/example_trigger_target_dag.py
[2024-08-26T15:29:35.166-0700] {processor.py:914} INFO - Processing file /home/jerson/airflow_venv/lib/python3.10/site-packages/airflow/example_dags/example_trigger_target_dag.py for tasks to queue
[2024-08-26T15:29:35.168-0700] {logging_mixin.py:190} INFO - [2024-08-26T15:29:35.167-0700] {dagbag.py:587} INFO - Filling up the DagBag from /home/jerson/airflow_venv/lib/python3.10/site-packages/airflow/example_dags/example_trigger_target_dag.py
[2024-08-26T15:29:35.172-0700] {processor.py:925} INFO - DAG(s) 'example_trigger_target_dag' retrieved from /home/jerson/airflow_venv/lib/python3.10/site-packages/airflow/example_dags/example_trigger_target_dag.py
[2024-08-26T15:29:35.182-0700] {logging_mixin.py:190} INFO - [2024-08-26T15:29:35.182-0700] {dag.py:3211} INFO - Sync 1 DAGs
[2024-08-26T15:29:35.189-0700] {logging_mixin.py:190} INFO - [2024-08-26T15:29:35.189-0700] {dag.py:4138} INFO - Setting next_dagrun for example_trigger_target_dag to None, run_after=None
[2024-08-26T15:29:35.206-0700] {processor.py:208} INFO - Processing /home/jerson/airflow_venv/lib/python3.10/site-packages/airflow/example_dags/example_trigger_target_dag.py took 0.045 seconds
[2024-08-26T15:30:24.688-0700] {processor.py:186} INFO - Started process (PID=10253) to work on /home/jerson/airflow_venv/lib/python3.10/site-packages/airflow/example_dags/example_trigger_target_dag.py
[2024-08-26T15:30:24.689-0700] {processor.py:914} INFO - Processing file /home/jerson/airflow_venv/lib/python3.10/site-packages/airflow/example_dags/example_trigger_target_dag.py for tasks to queue
[2024-08-26T15:30:24.690-0700] {logging_mixin.py:190} INFO - [2024-08-26T15:30:24.690-0700] {dagbag.py:587} INFO - Filling up the DagBag from /home/jerson/airflow_venv/lib/python3.10/site-packages/airflow/example_dags/example_trigger_target_dag.py
[2024-08-26T15:30:24.695-0700] {processor.py:925} INFO - DAG(s) 'example_trigger_target_dag' retrieved from /home/jerson/airflow_venv/lib/python3.10/site-packages/airflow/example_dags/example_trigger_target_dag.py
[2024-08-26T15:30:24.704-0700] {logging_mixin.py:190} INFO - [2024-08-26T15:30:24.704-0700] {dag.py:3211} INFO - Sync 1 DAGs
[2024-08-26T15:30:24.712-0700] {logging_mixin.py:190} INFO - [2024-08-26T15:30:24.712-0700] {dag.py:4138} INFO - Setting next_dagrun for example_trigger_target_dag to None, run_after=None
[2024-08-26T15:30:24.729-0700] {processor.py:208} INFO - Processing /home/jerson/airflow_venv/lib/python3.10/site-packages/airflow/example_dags/example_trigger_target_dag.py took 0.045 seconds
[2024-08-26T15:31:35.765-0700] {processor.py:186} INFO - Started process (PID=10640) to work on /home/jerson/airflow_venv/lib/python3.10/site-packages/airflow/example_dags/example_trigger_target_dag.py
[2024-08-26T15:31:35.766-0700] {processor.py:914} INFO - Processing file /home/jerson/airflow_venv/lib/python3.10/site-packages/airflow/example_dags/example_trigger_target_dag.py for tasks to queue
[2024-08-26T15:31:35.767-0700] {logging_mixin.py:190} INFO - [2024-08-26T15:31:35.767-0700] {dagbag.py:587} INFO - Filling up the DagBag from /home/jerson/airflow_venv/lib/python3.10/site-packages/airflow/example_dags/example_trigger_target_dag.py
[2024-08-26T15:31:35.772-0700] {processor.py:925} INFO - DAG(s) 'example_trigger_target_dag' retrieved from /home/jerson/airflow_venv/lib/python3.10/site-packages/airflow/example_dags/example_trigger_target_dag.py
[2024-08-26T15:31:35.782-0700] {logging_mixin.py:190} INFO - [2024-08-26T15:31:35.782-0700] {dag.py:3211} INFO - Sync 1 DAGs
[2024-08-26T15:31:35.789-0700] {logging_mixin.py:190} INFO - [2024-08-26T15:31:35.789-0700] {dag.py:4138} INFO - Setting next_dagrun for example_trigger_target_dag to None, run_after=None
[2024-08-26T15:31:35.807-0700] {processor.py:208} INFO - Processing /home/jerson/airflow_venv/lib/python3.10/site-packages/airflow/example_dags/example_trigger_target_dag.py took 0.045 seconds
[2024-08-26T15:32:46.523-0700] {processor.py:186} INFO - Started process (PID=11009) to work on /home/jerson/airflow_venv/lib/python3.10/site-packages/airflow/example_dags/example_trigger_target_dag.py
[2024-08-26T15:32:46.524-0700] {processor.py:914} INFO - Processing file /home/jerson/airflow_venv/lib/python3.10/site-packages/airflow/example_dags/example_trigger_target_dag.py for tasks to queue
[2024-08-26T15:32:46.525-0700] {logging_mixin.py:190} INFO - [2024-08-26T15:32:46.525-0700] {dagbag.py:587} INFO - Filling up the DagBag from /home/jerson/airflow_venv/lib/python3.10/site-packages/airflow/example_dags/example_trigger_target_dag.py
[2024-08-26T15:32:46.530-0700] {processor.py:925} INFO - DAG(s) 'example_trigger_target_dag' retrieved from /home/jerson/airflow_venv/lib/python3.10/site-packages/airflow/example_dags/example_trigger_target_dag.py
[2024-08-26T15:32:46.538-0700] {logging_mixin.py:190} INFO - [2024-08-26T15:32:46.538-0700] {dag.py:3211} INFO - Sync 1 DAGs
[2024-08-26T15:32:46.545-0700] {logging_mixin.py:190} INFO - [2024-08-26T15:32:46.545-0700] {dag.py:4138} INFO - Setting next_dagrun for example_trigger_target_dag to None, run_after=None
[2024-08-26T15:32:46.559-0700] {processor.py:208} INFO - Processing /home/jerson/airflow_venv/lib/python3.10/site-packages/airflow/example_dags/example_trigger_target_dag.py took 0.040 seconds
[2024-08-26T15:33:40.460-0700] {processor.py:186} INFO - Started process (PID=11284) to work on /home/jerson/airflow_venv/lib/python3.10/site-packages/airflow/example_dags/example_trigger_target_dag.py
[2024-08-26T15:33:40.461-0700] {processor.py:914} INFO - Processing file /home/jerson/airflow_venv/lib/python3.10/site-packages/airflow/example_dags/example_trigger_target_dag.py for tasks to queue
[2024-08-26T15:33:40.462-0700] {logging_mixin.py:190} INFO - [2024-08-26T15:33:40.462-0700] {dagbag.py:587} INFO - Filling up the DagBag from /home/jerson/airflow_venv/lib/python3.10/site-packages/airflow/example_dags/example_trigger_target_dag.py
[2024-08-26T15:33:40.467-0700] {processor.py:925} INFO - DAG(s) 'example_trigger_target_dag' retrieved from /home/jerson/airflow_venv/lib/python3.10/site-packages/airflow/example_dags/example_trigger_target_dag.py
[2024-08-26T15:33:40.475-0700] {logging_mixin.py:190} INFO - [2024-08-26T15:33:40.475-0700] {dag.py:3211} INFO - Sync 1 DAGs
[2024-08-26T15:33:40.481-0700] {logging_mixin.py:190} INFO - [2024-08-26T15:33:40.481-0700] {dag.py:4138} INFO - Setting next_dagrun for example_trigger_target_dag to None, run_after=None
[2024-08-26T15:33:40.495-0700] {processor.py:208} INFO - Processing /home/jerson/airflow_venv/lib/python3.10/site-packages/airflow/example_dags/example_trigger_target_dag.py took 0.039 seconds
[2024-08-26T15:34:30.705-0700] {processor.py:186} INFO - Started process (PID=11547) to work on /home/jerson/airflow_venv/lib/python3.10/site-packages/airflow/example_dags/example_trigger_target_dag.py
[2024-08-26T15:34:30.705-0700] {processor.py:914} INFO - Processing file /home/jerson/airflow_venv/lib/python3.10/site-packages/airflow/example_dags/example_trigger_target_dag.py for tasks to queue
[2024-08-26T15:34:30.707-0700] {logging_mixin.py:190} INFO - [2024-08-26T15:34:30.707-0700] {dagbag.py:587} INFO - Filling up the DagBag from /home/jerson/airflow_venv/lib/python3.10/site-packages/airflow/example_dags/example_trigger_target_dag.py
[2024-08-26T15:34:30.711-0700] {processor.py:925} INFO - DAG(s) 'example_trigger_target_dag' retrieved from /home/jerson/airflow_venv/lib/python3.10/site-packages/airflow/example_dags/example_trigger_target_dag.py
[2024-08-26T15:34:30.720-0700] {logging_mixin.py:190} INFO - [2024-08-26T15:34:30.720-0700] {dag.py:3211} INFO - Sync 1 DAGs
[2024-08-26T15:34:30.728-0700] {logging_mixin.py:190} INFO - [2024-08-26T15:34:30.728-0700] {dag.py:4138} INFO - Setting next_dagrun for example_trigger_target_dag to None, run_after=None
[2024-08-26T15:34:30.743-0700] {processor.py:208} INFO - Processing /home/jerson/airflow_venv/lib/python3.10/site-packages/airflow/example_dags/example_trigger_target_dag.py took 0.042 seconds
[2024-08-26T15:35:41.844-0700] {processor.py:186} INFO - Started process (PID=11928) to work on /home/jerson/airflow_venv/lib/python3.10/site-packages/airflow/example_dags/example_trigger_target_dag.py
[2024-08-26T15:35:41.845-0700] {processor.py:914} INFO - Processing file /home/jerson/airflow_venv/lib/python3.10/site-packages/airflow/example_dags/example_trigger_target_dag.py for tasks to queue
[2024-08-26T15:35:41.846-0700] {logging_mixin.py:190} INFO - [2024-08-26T15:35:41.846-0700] {dagbag.py:587} INFO - Filling up the DagBag from /home/jerson/airflow_venv/lib/python3.10/site-packages/airflow/example_dags/example_trigger_target_dag.py
[2024-08-26T15:35:41.850-0700] {processor.py:925} INFO - DAG(s) 'example_trigger_target_dag' retrieved from /home/jerson/airflow_venv/lib/python3.10/site-packages/airflow/example_dags/example_trigger_target_dag.py
[2024-08-26T15:35:41.859-0700] {logging_mixin.py:190} INFO - [2024-08-26T15:35:41.859-0700] {dag.py:3211} INFO - Sync 1 DAGs
[2024-08-26T15:35:41.865-0700] {logging_mixin.py:190} INFO - [2024-08-26T15:35:41.865-0700] {dag.py:4138} INFO - Setting next_dagrun for example_trigger_target_dag to None, run_after=None
[2024-08-26T15:35:41.881-0700] {processor.py:208} INFO - Processing /home/jerson/airflow_venv/lib/python3.10/site-packages/airflow/example_dags/example_trigger_target_dag.py took 0.040 seconds
[2024-08-26T15:36:54.190-0700] {processor.py:186} INFO - Started process (PID=12575) to work on /home/jerson/airflow_venv/lib/python3.10/site-packages/airflow/example_dags/example_trigger_target_dag.py
[2024-08-26T15:36:54.358-0700] {processor.py:914} INFO - Processing file /home/jerson/airflow_venv/lib/python3.10/site-packages/airflow/example_dags/example_trigger_target_dag.py for tasks to queue
[2024-08-26T15:36:54.359-0700] {logging_mixin.py:190} INFO - [2024-08-26T15:36:54.359-0700] {dagbag.py:587} INFO - Filling up the DagBag from /home/jerson/airflow_venv/lib/python3.10/site-packages/airflow/example_dags/example_trigger_target_dag.py
[2024-08-26T15:36:54.363-0700] {processor.py:925} INFO - DAG(s) 'example_trigger_target_dag' retrieved from /home/jerson/airflow_venv/lib/python3.10/site-packages/airflow/example_dags/example_trigger_target_dag.py
[2024-08-26T15:36:54.371-0700] {logging_mixin.py:190} INFO - [2024-08-26T15:36:54.371-0700] {dag.py:3211} INFO - Sync 1 DAGs
[2024-08-26T15:36:54.378-0700] {logging_mixin.py:190} INFO - [2024-08-26T15:36:54.378-0700] {dag.py:4138} INFO - Setting next_dagrun for example_trigger_target_dag to None, run_after=None
[2024-08-26T15:36:54.406-0700] {processor.py:208} INFO - Processing /home/jerson/airflow_venv/lib/python3.10/site-packages/airflow/example_dags/example_trigger_target_dag.py took 0.219 seconds
[2024-08-26T15:38:01.345-0700] {processor.py:186} INFO - Started process (PID=13165) to work on /home/jerson/airflow_venv/lib/python3.10/site-packages/airflow/example_dags/example_trigger_target_dag.py
[2024-08-26T15:38:01.346-0700] {processor.py:914} INFO - Processing file /home/jerson/airflow_venv/lib/python3.10/site-packages/airflow/example_dags/example_trigger_target_dag.py for tasks to queue
[2024-08-26T15:38:01.347-0700] {logging_mixin.py:190} INFO - [2024-08-26T15:38:01.347-0700] {dagbag.py:587} INFO - Filling up the DagBag from /home/jerson/airflow_venv/lib/python3.10/site-packages/airflow/example_dags/example_trigger_target_dag.py
[2024-08-26T15:38:01.351-0700] {processor.py:925} INFO - DAG(s) 'example_trigger_target_dag' retrieved from /home/jerson/airflow_venv/lib/python3.10/site-packages/airflow/example_dags/example_trigger_target_dag.py
[2024-08-26T15:38:01.360-0700] {logging_mixin.py:190} INFO - [2024-08-26T15:38:01.360-0700] {dag.py:3211} INFO - Sync 1 DAGs
[2024-08-26T15:38:01.367-0700] {logging_mixin.py:190} INFO - [2024-08-26T15:38:01.367-0700] {dag.py:4138} INFO - Setting next_dagrun for example_trigger_target_dag to None, run_after=None
[2024-08-26T15:38:01.384-0700] {processor.py:208} INFO - Processing /home/jerson/airflow_venv/lib/python3.10/site-packages/airflow/example_dags/example_trigger_target_dag.py took 0.043 seconds
[2024-08-26T15:39:14.244-0700] {processor.py:186} INFO - Started process (PID=13855) to work on /home/jerson/airflow_venv/lib/python3.10/site-packages/airflow/example_dags/example_trigger_target_dag.py
[2024-08-26T15:39:14.245-0700] {processor.py:914} INFO - Processing file /home/jerson/airflow_venv/lib/python3.10/site-packages/airflow/example_dags/example_trigger_target_dag.py for tasks to queue
[2024-08-26T15:39:14.246-0700] {logging_mixin.py:190} INFO - [2024-08-26T15:39:14.246-0700] {dagbag.py:587} INFO - Filling up the DagBag from /home/jerson/airflow_venv/lib/python3.10/site-packages/airflow/example_dags/example_trigger_target_dag.py
[2024-08-26T15:39:14.250-0700] {processor.py:925} INFO - DAG(s) 'example_trigger_target_dag' retrieved from /home/jerson/airflow_venv/lib/python3.10/site-packages/airflow/example_dags/example_trigger_target_dag.py
[2024-08-26T15:39:14.258-0700] {logging_mixin.py:190} INFO - [2024-08-26T15:39:14.258-0700] {dag.py:3211} INFO - Sync 1 DAGs
[2024-08-26T15:39:14.266-0700] {logging_mixin.py:190} INFO - [2024-08-26T15:39:14.266-0700] {dag.py:4138} INFO - Setting next_dagrun for example_trigger_target_dag to None, run_after=None
[2024-08-26T15:39:14.281-0700] {processor.py:208} INFO - Processing /home/jerson/airflow_venv/lib/python3.10/site-packages/airflow/example_dags/example_trigger_target_dag.py took 0.040 seconds
[2024-08-26T15:40:27.249-0700] {processor.py:186} INFO - Started process (PID=14576) to work on /home/jerson/airflow_venv/lib/python3.10/site-packages/airflow/example_dags/example_trigger_target_dag.py
[2024-08-26T15:40:27.250-0700] {processor.py:914} INFO - Processing file /home/jerson/airflow_venv/lib/python3.10/site-packages/airflow/example_dags/example_trigger_target_dag.py for tasks to queue
[2024-08-26T15:40:27.251-0700] {logging_mixin.py:190} INFO - [2024-08-26T15:40:27.251-0700] {dagbag.py:587} INFO - Filling up the DagBag from /home/jerson/airflow_venv/lib/python3.10/site-packages/airflow/example_dags/example_trigger_target_dag.py
[2024-08-26T15:40:27.255-0700] {processor.py:925} INFO - DAG(s) 'example_trigger_target_dag' retrieved from /home/jerson/airflow_venv/lib/python3.10/site-packages/airflow/example_dags/example_trigger_target_dag.py
[2024-08-26T15:40:27.263-0700] {logging_mixin.py:190} INFO - [2024-08-26T15:40:27.263-0700] {dag.py:3211} INFO - Sync 1 DAGs
[2024-08-26T15:40:27.270-0700] {logging_mixin.py:190} INFO - [2024-08-26T15:40:27.270-0700] {dag.py:4138} INFO - Setting next_dagrun for example_trigger_target_dag to None, run_after=None
[2024-08-26T15:40:27.286-0700] {processor.py:208} INFO - Processing /home/jerson/airflow_venv/lib/python3.10/site-packages/airflow/example_dags/example_trigger_target_dag.py took 0.040 seconds
[2024-08-26T15:41:40.224-0700] {processor.py:186} INFO - Started process (PID=15226) to work on /home/jerson/airflow_venv/lib/python3.10/site-packages/airflow/example_dags/example_trigger_target_dag.py
[2024-08-26T15:41:40.225-0700] {processor.py:914} INFO - Processing file /home/jerson/airflow_venv/lib/python3.10/site-packages/airflow/example_dags/example_trigger_target_dag.py for tasks to queue
[2024-08-26T15:41:40.226-0700] {logging_mixin.py:190} INFO - [2024-08-26T15:41:40.226-0700] {dagbag.py:587} INFO - Filling up the DagBag from /home/jerson/airflow_venv/lib/python3.10/site-packages/airflow/example_dags/example_trigger_target_dag.py
[2024-08-26T15:41:40.231-0700] {processor.py:925} INFO - DAG(s) 'example_trigger_target_dag' retrieved from /home/jerson/airflow_venv/lib/python3.10/site-packages/airflow/example_dags/example_trigger_target_dag.py
[2024-08-26T15:41:40.241-0700] {logging_mixin.py:190} INFO - [2024-08-26T15:41:40.240-0700] {dag.py:3211} INFO - Sync 1 DAGs
[2024-08-26T15:41:40.248-0700] {logging_mixin.py:190} INFO - [2024-08-26T15:41:40.248-0700] {dag.py:4138} INFO - Setting next_dagrun for example_trigger_target_dag to None, run_after=None
[2024-08-26T15:41:40.265-0700] {processor.py:208} INFO - Processing /home/jerson/airflow_venv/lib/python3.10/site-packages/airflow/example_dags/example_trigger_target_dag.py took 0.045 seconds
[2024-08-26T15:42:55.474-0700] {processor.py:186} INFO - Started process (PID=15993) to work on /home/jerson/airflow_venv/lib/python3.10/site-packages/airflow/example_dags/example_trigger_target_dag.py
[2024-08-26T15:42:55.475-0700] {processor.py:914} INFO - Processing file /home/jerson/airflow_venv/lib/python3.10/site-packages/airflow/example_dags/example_trigger_target_dag.py for tasks to queue
[2024-08-26T15:42:55.476-0700] {logging_mixin.py:190} INFO - [2024-08-26T15:42:55.476-0700] {dagbag.py:587} INFO - Filling up the DagBag from /home/jerson/airflow_venv/lib/python3.10/site-packages/airflow/example_dags/example_trigger_target_dag.py
[2024-08-26T15:42:55.481-0700] {processor.py:925} INFO - DAG(s) 'example_trigger_target_dag' retrieved from /home/jerson/airflow_venv/lib/python3.10/site-packages/airflow/example_dags/example_trigger_target_dag.py
[2024-08-26T15:42:55.491-0700] {logging_mixin.py:190} INFO - [2024-08-26T15:42:55.491-0700] {dag.py:3211} INFO - Sync 1 DAGs
[2024-08-26T15:42:55.498-0700] {logging_mixin.py:190} INFO - [2024-08-26T15:42:55.498-0700] {dag.py:4138} INFO - Setting next_dagrun for example_trigger_target_dag to None, run_after=None
[2024-08-26T15:42:55.519-0700] {processor.py:208} INFO - Processing /home/jerson/airflow_venv/lib/python3.10/site-packages/airflow/example_dags/example_trigger_target_dag.py took 0.048 seconds
[2024-08-26T15:43:46.143-0700] {processor.py:186} INFO - Started process (PID=16459) to work on /home/jerson/airflow_venv/lib/python3.10/site-packages/airflow/example_dags/example_trigger_target_dag.py
[2024-08-26T15:43:46.144-0700] {processor.py:914} INFO - Processing file /home/jerson/airflow_venv/lib/python3.10/site-packages/airflow/example_dags/example_trigger_target_dag.py for tasks to queue
[2024-08-26T15:43:46.145-0700] {logging_mixin.py:190} INFO - [2024-08-26T15:43:46.145-0700] {dagbag.py:587} INFO - Filling up the DagBag from /home/jerson/airflow_venv/lib/python3.10/site-packages/airflow/example_dags/example_trigger_target_dag.py
[2024-08-26T15:43:46.150-0700] {processor.py:925} INFO - DAG(s) 'example_trigger_target_dag' retrieved from /home/jerson/airflow_venv/lib/python3.10/site-packages/airflow/example_dags/example_trigger_target_dag.py
[2024-08-26T15:43:46.160-0700] {logging_mixin.py:190} INFO - [2024-08-26T15:43:46.160-0700] {dag.py:3211} INFO - Sync 1 DAGs
[2024-08-26T15:43:46.169-0700] {logging_mixin.py:190} INFO - [2024-08-26T15:43:46.169-0700] {dag.py:4138} INFO - Setting next_dagrun for example_trigger_target_dag to None, run_after=None
[2024-08-26T15:43:46.187-0700] {processor.py:208} INFO - Processing /home/jerson/airflow_venv/lib/python3.10/site-packages/airflow/example_dags/example_trigger_target_dag.py took 0.048 seconds
[2024-08-26T15:44:56.977-0700] {processor.py:186} INFO - Started process (PID=17022) to work on /home/jerson/airflow_venv/lib/python3.10/site-packages/airflow/example_dags/example_trigger_target_dag.py
[2024-08-26T15:44:56.978-0700] {processor.py:914} INFO - Processing file /home/jerson/airflow_venv/lib/python3.10/site-packages/airflow/example_dags/example_trigger_target_dag.py for tasks to queue
[2024-08-26T15:44:56.979-0700] {logging_mixin.py:190} INFO - [2024-08-26T15:44:56.979-0700] {dagbag.py:587} INFO - Filling up the DagBag from /home/jerson/airflow_venv/lib/python3.10/site-packages/airflow/example_dags/example_trigger_target_dag.py
[2024-08-26T15:44:56.983-0700] {processor.py:925} INFO - DAG(s) 'example_trigger_target_dag' retrieved from /home/jerson/airflow_venv/lib/python3.10/site-packages/airflow/example_dags/example_trigger_target_dag.py
[2024-08-26T15:44:56.993-0700] {logging_mixin.py:190} INFO - [2024-08-26T15:44:56.993-0700] {dag.py:3211} INFO - Sync 1 DAGs
[2024-08-26T15:44:57.001-0700] {logging_mixin.py:190} INFO - [2024-08-26T15:44:57.001-0700] {dag.py:4138} INFO - Setting next_dagrun for example_trigger_target_dag to None, run_after=None
[2024-08-26T15:44:57.018-0700] {processor.py:208} INFO - Processing /home/jerson/airflow_venv/lib/python3.10/site-packages/airflow/example_dags/example_trigger_target_dag.py took 0.045 seconds
[2024-08-26T15:46:11.072-0700] {processor.py:186} INFO - Started process (PID=17699) to work on /home/jerson/airflow_venv/lib/python3.10/site-packages/airflow/example_dags/example_trigger_target_dag.py
[2024-08-26T15:46:11.073-0700] {processor.py:914} INFO - Processing file /home/jerson/airflow_venv/lib/python3.10/site-packages/airflow/example_dags/example_trigger_target_dag.py for tasks to queue
[2024-08-26T15:46:11.073-0700] {logging_mixin.py:190} INFO - [2024-08-26T15:46:11.073-0700] {dagbag.py:587} INFO - Filling up the DagBag from /home/jerson/airflow_venv/lib/python3.10/site-packages/airflow/example_dags/example_trigger_target_dag.py
[2024-08-26T15:46:11.078-0700] {processor.py:925} INFO - DAG(s) 'example_trigger_target_dag' retrieved from /home/jerson/airflow_venv/lib/python3.10/site-packages/airflow/example_dags/example_trigger_target_dag.py
[2024-08-26T15:46:11.087-0700] {logging_mixin.py:190} INFO - [2024-08-26T15:46:11.087-0700] {dag.py:3211} INFO - Sync 1 DAGs
[2024-08-26T15:46:11.095-0700] {logging_mixin.py:190} INFO - [2024-08-26T15:46:11.095-0700] {dag.py:4138} INFO - Setting next_dagrun for example_trigger_target_dag to None, run_after=None
[2024-08-26T15:46:11.112-0700] {processor.py:208} INFO - Processing /home/jerson/airflow_venv/lib/python3.10/site-packages/airflow/example_dags/example_trigger_target_dag.py took 0.045 seconds
[2024-08-26T15:47:01.250-0700] {processor.py:186} INFO - Started process (PID=18131) to work on /home/jerson/airflow_venv/lib/python3.10/site-packages/airflow/example_dags/example_trigger_target_dag.py
[2024-08-26T15:47:01.251-0700] {processor.py:914} INFO - Processing file /home/jerson/airflow_venv/lib/python3.10/site-packages/airflow/example_dags/example_trigger_target_dag.py for tasks to queue
[2024-08-26T15:47:01.251-0700] {logging_mixin.py:190} INFO - [2024-08-26T15:47:01.251-0700] {dagbag.py:587} INFO - Filling up the DagBag from /home/jerson/airflow_venv/lib/python3.10/site-packages/airflow/example_dags/example_trigger_target_dag.py
[2024-08-26T15:47:01.256-0700] {processor.py:925} INFO - DAG(s) 'example_trigger_target_dag' retrieved from /home/jerson/airflow_venv/lib/python3.10/site-packages/airflow/example_dags/example_trigger_target_dag.py
[2024-08-26T15:47:01.265-0700] {logging_mixin.py:190} INFO - [2024-08-26T15:47:01.265-0700] {dag.py:3211} INFO - Sync 1 DAGs
[2024-08-26T15:47:01.272-0700] {logging_mixin.py:190} INFO - [2024-08-26T15:47:01.272-0700] {dag.py:4138} INFO - Setting next_dagrun for example_trigger_target_dag to None, run_after=None
[2024-08-26T15:47:01.289-0700] {processor.py:208} INFO - Processing /home/jerson/airflow_venv/lib/python3.10/site-packages/airflow/example_dags/example_trigger_target_dag.py took 0.043 seconds
[2024-08-26T15:47:54.045-0700] {processor.py:186} INFO - Started process (PID=18588) to work on /home/jerson/airflow_venv/lib/python3.10/site-packages/airflow/example_dags/example_trigger_target_dag.py
[2024-08-26T15:47:54.045-0700] {processor.py:914} INFO - Processing file /home/jerson/airflow_venv/lib/python3.10/site-packages/airflow/example_dags/example_trigger_target_dag.py for tasks to queue
[2024-08-26T15:47:54.046-0700] {logging_mixin.py:190} INFO - [2024-08-26T15:47:54.046-0700] {dagbag.py:587} INFO - Filling up the DagBag from /home/jerson/airflow_venv/lib/python3.10/site-packages/airflow/example_dags/example_trigger_target_dag.py
[2024-08-26T15:47:54.050-0700] {processor.py:925} INFO - DAG(s) 'example_trigger_target_dag' retrieved from /home/jerson/airflow_venv/lib/python3.10/site-packages/airflow/example_dags/example_trigger_target_dag.py
[2024-08-26T15:47:54.059-0700] {logging_mixin.py:190} INFO - [2024-08-26T15:47:54.059-0700] {dag.py:3211} INFO - Sync 1 DAGs
[2024-08-26T15:47:54.066-0700] {logging_mixin.py:190} INFO - [2024-08-26T15:47:54.065-0700] {dag.py:4138} INFO - Setting next_dagrun for example_trigger_target_dag to None, run_after=None
[2024-08-26T15:47:54.082-0700] {processor.py:208} INFO - Processing /home/jerson/airflow_venv/lib/python3.10/site-packages/airflow/example_dags/example_trigger_target_dag.py took 0.042 seconds
[2024-08-26T15:48:45.100-0700] {processor.py:186} INFO - Started process (PID=19153) to work on /home/jerson/airflow_venv/lib/python3.10/site-packages/airflow/example_dags/example_trigger_target_dag.py
[2024-08-26T15:48:45.101-0700] {processor.py:914} INFO - Processing file /home/jerson/airflow_venv/lib/python3.10/site-packages/airflow/example_dags/example_trigger_target_dag.py for tasks to queue
[2024-08-26T15:48:45.102-0700] {logging_mixin.py:190} INFO - [2024-08-26T15:48:45.101-0700] {dagbag.py:587} INFO - Filling up the DagBag from /home/jerson/airflow_venv/lib/python3.10/site-packages/airflow/example_dags/example_trigger_target_dag.py
[2024-08-26T15:48:45.106-0700] {processor.py:925} INFO - DAG(s) 'example_trigger_target_dag' retrieved from /home/jerson/airflow_venv/lib/python3.10/site-packages/airflow/example_dags/example_trigger_target_dag.py
[2024-08-26T15:48:45.114-0700] {logging_mixin.py:190} INFO - [2024-08-26T15:48:45.114-0700] {dag.py:3211} INFO - Sync 1 DAGs
[2024-08-26T15:48:45.121-0700] {logging_mixin.py:190} INFO - [2024-08-26T15:48:45.121-0700] {dag.py:4138} INFO - Setting next_dagrun for example_trigger_target_dag to None, run_after=None
[2024-08-26T15:48:45.136-0700] {processor.py:208} INFO - Processing /home/jerson/airflow_venv/lib/python3.10/site-packages/airflow/example_dags/example_trigger_target_dag.py took 0.040 seconds
[2024-08-26T15:49:59.559-0700] {processor.py:186} INFO - Started process (PID=20106) to work on /home/jerson/airflow_venv/lib/python3.10/site-packages/airflow/example_dags/example_trigger_target_dag.py
[2024-08-26T15:49:59.560-0700] {processor.py:914} INFO - Processing file /home/jerson/airflow_venv/lib/python3.10/site-packages/airflow/example_dags/example_trigger_target_dag.py for tasks to queue
[2024-08-26T15:49:59.560-0700] {logging_mixin.py:190} INFO - [2024-08-26T15:49:59.560-0700] {dagbag.py:587} INFO - Filling up the DagBag from /home/jerson/airflow_venv/lib/python3.10/site-packages/airflow/example_dags/example_trigger_target_dag.py
[2024-08-26T15:49:59.565-0700] {processor.py:925} INFO - DAG(s) 'example_trigger_target_dag' retrieved from /home/jerson/airflow_venv/lib/python3.10/site-packages/airflow/example_dags/example_trigger_target_dag.py
[2024-08-26T15:49:59.577-0700] {logging_mixin.py:190} INFO - [2024-08-26T15:49:59.576-0700] {dag.py:3211} INFO - Sync 1 DAGs
[2024-08-26T15:49:59.585-0700] {logging_mixin.py:190} INFO - [2024-08-26T15:49:59.585-0700] {dag.py:4138} INFO - Setting next_dagrun for example_trigger_target_dag to None, run_after=None
[2024-08-26T15:49:59.600-0700] {processor.py:208} INFO - Processing /home/jerson/airflow_venv/lib/python3.10/site-packages/airflow/example_dags/example_trigger_target_dag.py took 0.046 seconds
[2024-08-26T15:50:41.834-0700] {processor.py:186} INFO - Started process (PID=20618) to work on /home/jerson/airflow_venv/lib/python3.10/site-packages/airflow/example_dags/example_trigger_target_dag.py
[2024-08-26T15:50:41.835-0700] {processor.py:914} INFO - Processing file /home/jerson/airflow_venv/lib/python3.10/site-packages/airflow/example_dags/example_trigger_target_dag.py for tasks to queue
[2024-08-26T15:50:41.836-0700] {logging_mixin.py:190} INFO - [2024-08-26T15:50:41.835-0700] {dagbag.py:587} INFO - Filling up the DagBag from /home/jerson/airflow_venv/lib/python3.10/site-packages/airflow/example_dags/example_trigger_target_dag.py
[2024-08-26T15:50:41.840-0700] {processor.py:925} INFO - DAG(s) 'example_trigger_target_dag' retrieved from /home/jerson/airflow_venv/lib/python3.10/site-packages/airflow/example_dags/example_trigger_target_dag.py
[2024-08-26T15:50:41.849-0700] {logging_mixin.py:190} INFO - [2024-08-26T15:50:41.849-0700] {dag.py:3211} INFO - Sync 1 DAGs
[2024-08-26T15:50:41.856-0700] {logging_mixin.py:190} INFO - [2024-08-26T15:50:41.856-0700] {dag.py:4138} INFO - Setting next_dagrun for example_trigger_target_dag to None, run_after=None
[2024-08-26T15:50:41.871-0700] {processor.py:208} INFO - Processing /home/jerson/airflow_venv/lib/python3.10/site-packages/airflow/example_dags/example_trigger_target_dag.py took 0.040 seconds
[2024-08-26T15:51:11.558-0700] {processor.py:186} INFO - Started process (PID=20977) to work on /home/jerson/airflow_venv/lib/python3.10/site-packages/airflow/example_dags/example_trigger_target_dag.py
[2024-08-26T15:51:11.558-0700] {processor.py:914} INFO - Processing file /home/jerson/airflow_venv/lib/python3.10/site-packages/airflow/example_dags/example_trigger_target_dag.py for tasks to queue
[2024-08-26T15:51:11.559-0700] {logging_mixin.py:190} INFO - [2024-08-26T15:51:11.559-0700] {dagbag.py:587} INFO - Filling up the DagBag from /home/jerson/airflow_venv/lib/python3.10/site-packages/airflow/example_dags/example_trigger_target_dag.py
[2024-08-26T15:51:11.563-0700] {processor.py:925} INFO - DAG(s) 'example_trigger_target_dag' retrieved from /home/jerson/airflow_venv/lib/python3.10/site-packages/airflow/example_dags/example_trigger_target_dag.py
[2024-08-26T15:51:11.573-0700] {logging_mixin.py:190} INFO - [2024-08-26T15:51:11.572-0700] {dag.py:3211} INFO - Sync 1 DAGs
[2024-08-26T15:51:11.579-0700] {logging_mixin.py:190} INFO - [2024-08-26T15:51:11.579-0700] {dag.py:4138} INFO - Setting next_dagrun for example_trigger_target_dag to None, run_after=None
[2024-08-26T15:51:11.606-0700] {processor.py:208} INFO - Processing /home/jerson/airflow_venv/lib/python3.10/site-packages/airflow/example_dags/example_trigger_target_dag.py took 0.053 seconds
[2024-08-26T15:51:36.062-0700] {processor.py:186} INFO - Started process (PID=21256) to work on /home/jerson/airflow_venv/lib/python3.10/site-packages/airflow/example_dags/example_trigger_target_dag.py
[2024-08-26T15:51:36.063-0700] {processor.py:914} INFO - Processing file /home/jerson/airflow_venv/lib/python3.10/site-packages/airflow/example_dags/example_trigger_target_dag.py for tasks to queue
[2024-08-26T15:51:36.064-0700] {logging_mixin.py:190} INFO - [2024-08-26T15:51:36.064-0700] {dagbag.py:587} INFO - Filling up the DagBag from /home/jerson/airflow_venv/lib/python3.10/site-packages/airflow/example_dags/example_trigger_target_dag.py
[2024-08-26T15:51:36.069-0700] {processor.py:925} INFO - DAG(s) 'example_trigger_target_dag' retrieved from /home/jerson/airflow_venv/lib/python3.10/site-packages/airflow/example_dags/example_trigger_target_dag.py
[2024-08-26T15:51:36.078-0700] {logging_mixin.py:190} INFO - [2024-08-26T15:51:36.078-0700] {dag.py:3211} INFO - Sync 1 DAGs
[2024-08-26T15:51:36.085-0700] {logging_mixin.py:190} INFO - [2024-08-26T15:51:36.085-0700] {dag.py:4138} INFO - Setting next_dagrun for example_trigger_target_dag to None, run_after=None
[2024-08-26T15:51:36.100-0700] {processor.py:208} INFO - Processing /home/jerson/airflow_venv/lib/python3.10/site-packages/airflow/example_dags/example_trigger_target_dag.py took 0.042 seconds
[2024-08-26T15:52:29.715-0700] {processor.py:186} INFO - Started process (PID=21775) to work on /home/jerson/airflow_venv/lib/python3.10/site-packages/airflow/example_dags/example_trigger_target_dag.py
[2024-08-26T15:52:29.716-0700] {processor.py:914} INFO - Processing file /home/jerson/airflow_venv/lib/python3.10/site-packages/airflow/example_dags/example_trigger_target_dag.py for tasks to queue
[2024-08-26T15:52:29.717-0700] {logging_mixin.py:190} INFO - [2024-08-26T15:52:29.717-0700] {dagbag.py:587} INFO - Filling up the DagBag from /home/jerson/airflow_venv/lib/python3.10/site-packages/airflow/example_dags/example_trigger_target_dag.py
[2024-08-26T15:52:29.721-0700] {processor.py:925} INFO - DAG(s) 'example_trigger_target_dag' retrieved from /home/jerson/airflow_venv/lib/python3.10/site-packages/airflow/example_dags/example_trigger_target_dag.py
[2024-08-26T15:52:29.731-0700] {logging_mixin.py:190} INFO - [2024-08-26T15:52:29.731-0700] {dag.py:3211} INFO - Sync 1 DAGs
[2024-08-26T15:52:29.738-0700] {logging_mixin.py:190} INFO - [2024-08-26T15:52:29.738-0700] {dag.py:4138} INFO - Setting next_dagrun for example_trigger_target_dag to None, run_after=None
[2024-08-26T15:52:29.755-0700] {processor.py:208} INFO - Processing /home/jerson/airflow_venv/lib/python3.10/site-packages/airflow/example_dags/example_trigger_target_dag.py took 0.043 seconds
[2024-08-26T15:53:41.558-0700] {processor.py:186} INFO - Started process (PID=22457) to work on /home/jerson/airflow_venv/lib/python3.10/site-packages/airflow/example_dags/example_trigger_target_dag.py
[2024-08-26T15:53:41.559-0700] {processor.py:914} INFO - Processing file /home/jerson/airflow_venv/lib/python3.10/site-packages/airflow/example_dags/example_trigger_target_dag.py for tasks to queue
[2024-08-26T15:53:41.560-0700] {logging_mixin.py:190} INFO - [2024-08-26T15:53:41.560-0700] {dagbag.py:587} INFO - Filling up the DagBag from /home/jerson/airflow_venv/lib/python3.10/site-packages/airflow/example_dags/example_trigger_target_dag.py
[2024-08-26T15:53:41.564-0700] {processor.py:925} INFO - DAG(s) 'example_trigger_target_dag' retrieved from /home/jerson/airflow_venv/lib/python3.10/site-packages/airflow/example_dags/example_trigger_target_dag.py
[2024-08-26T15:53:41.573-0700] {logging_mixin.py:190} INFO - [2024-08-26T15:53:41.572-0700] {dag.py:3211} INFO - Sync 1 DAGs
[2024-08-26T15:53:41.579-0700] {logging_mixin.py:190} INFO - [2024-08-26T15:53:41.579-0700] {dag.py:4138} INFO - Setting next_dagrun for example_trigger_target_dag to None, run_after=None
[2024-08-26T15:53:41.594-0700] {processor.py:208} INFO - Processing /home/jerson/airflow_venv/lib/python3.10/site-packages/airflow/example_dags/example_trigger_target_dag.py took 0.039 seconds
[2024-08-26T15:55:48.446-0700] {processor.py:186} INFO - Started process (PID=23621) to work on /home/jerson/airflow_venv/lib/python3.10/site-packages/airflow/example_dags/example_trigger_target_dag.py
[2024-08-26T15:55:48.447-0700] {processor.py:914} INFO - Processing file /home/jerson/airflow_venv/lib/python3.10/site-packages/airflow/example_dags/example_trigger_target_dag.py for tasks to queue
[2024-08-26T15:55:48.448-0700] {logging_mixin.py:190} INFO - [2024-08-26T15:55:48.448-0700] {dagbag.py:587} INFO - Filling up the DagBag from /home/jerson/airflow_venv/lib/python3.10/site-packages/airflow/example_dags/example_trigger_target_dag.py
[2024-08-26T15:55:48.453-0700] {processor.py:925} INFO - DAG(s) 'example_trigger_target_dag' retrieved from /home/jerson/airflow_venv/lib/python3.10/site-packages/airflow/example_dags/example_trigger_target_dag.py
[2024-08-26T15:55:48.463-0700] {logging_mixin.py:190} INFO - [2024-08-26T15:55:48.463-0700] {dag.py:3211} INFO - Sync 1 DAGs
[2024-08-26T15:55:48.470-0700] {logging_mixin.py:190} INFO - [2024-08-26T15:55:48.470-0700] {dag.py:4138} INFO - Setting next_dagrun for example_trigger_target_dag to None, run_after=None
[2024-08-26T15:55:48.486-0700] {processor.py:208} INFO - Processing /home/jerson/airflow_venv/lib/python3.10/site-packages/airflow/example_dags/example_trigger_target_dag.py took 0.044 seconds
[2024-08-26T15:56:43.750-0700] {processor.py:186} INFO - Started process (PID=24323) to work on /home/jerson/airflow_venv/lib/python3.10/site-packages/airflow/example_dags/example_trigger_target_dag.py
[2024-08-26T15:56:43.751-0700] {processor.py:914} INFO - Processing file /home/jerson/airflow_venv/lib/python3.10/site-packages/airflow/example_dags/example_trigger_target_dag.py for tasks to queue
[2024-08-26T15:56:43.752-0700] {logging_mixin.py:190} INFO - [2024-08-26T15:56:43.752-0700] {dagbag.py:587} INFO - Filling up the DagBag from /home/jerson/airflow_venv/lib/python3.10/site-packages/airflow/example_dags/example_trigger_target_dag.py
[2024-08-26T15:56:43.758-0700] {processor.py:925} INFO - DAG(s) 'example_trigger_target_dag' retrieved from /home/jerson/airflow_venv/lib/python3.10/site-packages/airflow/example_dags/example_trigger_target_dag.py
[2024-08-26T15:56:43.768-0700] {logging_mixin.py:190} INFO - [2024-08-26T15:56:43.768-0700] {dag.py:3211} INFO - Sync 1 DAGs
[2024-08-26T15:56:43.777-0700] {logging_mixin.py:190} INFO - [2024-08-26T15:56:43.777-0700] {dag.py:4138} INFO - Setting next_dagrun for example_trigger_target_dag to None, run_after=None
[2024-08-26T15:56:43.796-0700] {processor.py:208} INFO - Processing /home/jerson/airflow_venv/lib/python3.10/site-packages/airflow/example_dags/example_trigger_target_dag.py took 0.050 seconds
[2024-08-26T15:57:43.425-0700] {processor.py:186} INFO - Started process (PID=25078) to work on /home/jerson/airflow_venv/lib/python3.10/site-packages/airflow/example_dags/example_trigger_target_dag.py
[2024-08-26T15:57:43.426-0700] {processor.py:914} INFO - Processing file /home/jerson/airflow_venv/lib/python3.10/site-packages/airflow/example_dags/example_trigger_target_dag.py for tasks to queue
[2024-08-26T15:57:43.427-0700] {logging_mixin.py:190} INFO - [2024-08-26T15:57:43.427-0700] {dagbag.py:587} INFO - Filling up the DagBag from /home/jerson/airflow_venv/lib/python3.10/site-packages/airflow/example_dags/example_trigger_target_dag.py
[2024-08-26T15:57:43.432-0700] {processor.py:925} INFO - DAG(s) 'example_trigger_target_dag' retrieved from /home/jerson/airflow_venv/lib/python3.10/site-packages/airflow/example_dags/example_trigger_target_dag.py
[2024-08-26T15:57:43.440-0700] {logging_mixin.py:190} INFO - [2024-08-26T15:57:43.440-0700] {dag.py:3211} INFO - Sync 1 DAGs
[2024-08-26T15:57:43.447-0700] {logging_mixin.py:190} INFO - [2024-08-26T15:57:43.446-0700] {dag.py:4138} INFO - Setting next_dagrun for example_trigger_target_dag to None, run_after=None
[2024-08-26T15:57:43.462-0700] {processor.py:208} INFO - Processing /home/jerson/airflow_venv/lib/python3.10/site-packages/airflow/example_dags/example_trigger_target_dag.py took 0.041 seconds
[2024-08-26T15:58:39.328-0700] {processor.py:186} INFO - Started process (PID=25525) to work on /home/jerson/airflow_venv/lib/python3.10/site-packages/airflow/example_dags/example_trigger_target_dag.py
[2024-08-26T15:58:39.329-0700] {processor.py:914} INFO - Processing file /home/jerson/airflow_venv/lib/python3.10/site-packages/airflow/example_dags/example_trigger_target_dag.py for tasks to queue
[2024-08-26T15:58:39.330-0700] {logging_mixin.py:190} INFO - [2024-08-26T15:58:39.330-0700] {dagbag.py:587} INFO - Filling up the DagBag from /home/jerson/airflow_venv/lib/python3.10/site-packages/airflow/example_dags/example_trigger_target_dag.py
[2024-08-26T15:58:39.335-0700] {processor.py:925} INFO - DAG(s) 'example_trigger_target_dag' retrieved from /home/jerson/airflow_venv/lib/python3.10/site-packages/airflow/example_dags/example_trigger_target_dag.py
[2024-08-26T15:58:39.342-0700] {logging_mixin.py:190} INFO - [2024-08-26T15:58:39.342-0700] {dag.py:3211} INFO - Sync 1 DAGs
[2024-08-26T15:58:39.349-0700] {logging_mixin.py:190} INFO - [2024-08-26T15:58:39.349-0700] {dag.py:4138} INFO - Setting next_dagrun for example_trigger_target_dag to None, run_after=None
[2024-08-26T15:58:39.363-0700] {processor.py:208} INFO - Processing /home/jerson/airflow_venv/lib/python3.10/site-packages/airflow/example_dags/example_trigger_target_dag.py took 0.038 seconds
[2024-08-26T15:59:27.319-0700] {processor.py:186} INFO - Started process (PID=25906) to work on /home/jerson/airflow_venv/lib/python3.10/site-packages/airflow/example_dags/example_trigger_target_dag.py
[2024-08-26T15:59:27.320-0700] {processor.py:914} INFO - Processing file /home/jerson/airflow_venv/lib/python3.10/site-packages/airflow/example_dags/example_trigger_target_dag.py for tasks to queue
[2024-08-26T15:59:27.322-0700] {logging_mixin.py:190} INFO - [2024-08-26T15:59:27.321-0700] {dagbag.py:587} INFO - Filling up the DagBag from /home/jerson/airflow_venv/lib/python3.10/site-packages/airflow/example_dags/example_trigger_target_dag.py
[2024-08-26T15:59:27.326-0700] {processor.py:925} INFO - DAG(s) 'example_trigger_target_dag' retrieved from /home/jerson/airflow_venv/lib/python3.10/site-packages/airflow/example_dags/example_trigger_target_dag.py
[2024-08-26T15:59:27.334-0700] {logging_mixin.py:190} INFO - [2024-08-26T15:59:27.334-0700] {dag.py:3211} INFO - Sync 1 DAGs
[2024-08-26T15:59:27.340-0700] {logging_mixin.py:190} INFO - [2024-08-26T15:59:27.340-0700] {dag.py:4138} INFO - Setting next_dagrun for example_trigger_target_dag to None, run_after=None
[2024-08-26T15:59:27.357-0700] {processor.py:208} INFO - Processing /home/jerson/airflow_venv/lib/python3.10/site-packages/airflow/example_dags/example_trigger_target_dag.py took 0.041 seconds
[2024-08-26T16:00:37.768-0700] {processor.py:186} INFO - Started process (PID=26497) to work on /home/jerson/airflow_venv/lib/python3.10/site-packages/airflow/example_dags/example_trigger_target_dag.py
[2024-08-26T16:00:37.769-0700] {processor.py:914} INFO - Processing file /home/jerson/airflow_venv/lib/python3.10/site-packages/airflow/example_dags/example_trigger_target_dag.py for tasks to queue
[2024-08-26T16:00:37.770-0700] {logging_mixin.py:190} INFO - [2024-08-26T16:00:37.770-0700] {dagbag.py:587} INFO - Filling up the DagBag from /home/jerson/airflow_venv/lib/python3.10/site-packages/airflow/example_dags/example_trigger_target_dag.py
[2024-08-26T16:00:37.775-0700] {processor.py:925} INFO - DAG(s) 'example_trigger_target_dag' retrieved from /home/jerson/airflow_venv/lib/python3.10/site-packages/airflow/example_dags/example_trigger_target_dag.py
[2024-08-26T16:00:37.783-0700] {logging_mixin.py:190} INFO - [2024-08-26T16:00:37.783-0700] {dag.py:3211} INFO - Sync 1 DAGs
[2024-08-26T16:00:37.789-0700] {logging_mixin.py:190} INFO - [2024-08-26T16:00:37.789-0700] {dag.py:4138} INFO - Setting next_dagrun for example_trigger_target_dag to None, run_after=None
[2024-08-26T16:00:37.804-0700] {processor.py:208} INFO - Processing /home/jerson/airflow_venv/lib/python3.10/site-packages/airflow/example_dags/example_trigger_target_dag.py took 0.039 seconds
[2024-08-26T16:01:48.268-0700] {processor.py:186} INFO - Started process (PID=27061) to work on /home/jerson/airflow_venv/lib/python3.10/site-packages/airflow/example_dags/example_trigger_target_dag.py
[2024-08-26T16:01:48.269-0700] {processor.py:914} INFO - Processing file /home/jerson/airflow_venv/lib/python3.10/site-packages/airflow/example_dags/example_trigger_target_dag.py for tasks to queue
[2024-08-26T16:01:48.270-0700] {logging_mixin.py:190} INFO - [2024-08-26T16:01:48.270-0700] {dagbag.py:587} INFO - Filling up the DagBag from /home/jerson/airflow_venv/lib/python3.10/site-packages/airflow/example_dags/example_trigger_target_dag.py
[2024-08-26T16:01:48.274-0700] {processor.py:925} INFO - DAG(s) 'example_trigger_target_dag' retrieved from /home/jerson/airflow_venv/lib/python3.10/site-packages/airflow/example_dags/example_trigger_target_dag.py
[2024-08-26T16:01:48.283-0700] {logging_mixin.py:190} INFO - [2024-08-26T16:01:48.283-0700] {dag.py:3211} INFO - Sync 1 DAGs
[2024-08-26T16:01:48.290-0700] {logging_mixin.py:190} INFO - [2024-08-26T16:01:48.290-0700] {dag.py:4138} INFO - Setting next_dagrun for example_trigger_target_dag to None, run_after=None
[2024-08-26T16:01:48.306-0700] {processor.py:208} INFO - Processing /home/jerson/airflow_venv/lib/python3.10/site-packages/airflow/example_dags/example_trigger_target_dag.py took 0.041 seconds
[2024-08-26T16:02:39.619-0700] {processor.py:186} INFO - Started process (PID=27468) to work on /home/jerson/airflow_venv/lib/python3.10/site-packages/airflow/example_dags/example_trigger_target_dag.py
[2024-08-26T16:02:39.620-0700] {processor.py:914} INFO - Processing file /home/jerson/airflow_venv/lib/python3.10/site-packages/airflow/example_dags/example_trigger_target_dag.py for tasks to queue
[2024-08-26T16:02:39.621-0700] {logging_mixin.py:190} INFO - [2024-08-26T16:02:39.621-0700] {dagbag.py:587} INFO - Filling up the DagBag from /home/jerson/airflow_venv/lib/python3.10/site-packages/airflow/example_dags/example_trigger_target_dag.py
[2024-08-26T16:02:39.625-0700] {processor.py:925} INFO - DAG(s) 'example_trigger_target_dag' retrieved from /home/jerson/airflow_venv/lib/python3.10/site-packages/airflow/example_dags/example_trigger_target_dag.py
[2024-08-26T16:02:39.634-0700] {logging_mixin.py:190} INFO - [2024-08-26T16:02:39.634-0700] {dag.py:3211} INFO - Sync 1 DAGs
[2024-08-26T16:02:39.640-0700] {logging_mixin.py:190} INFO - [2024-08-26T16:02:39.640-0700] {dag.py:4138} INFO - Setting next_dagrun for example_trigger_target_dag to None, run_after=None
[2024-08-26T16:02:39.656-0700] {processor.py:208} INFO - Processing /home/jerson/airflow_venv/lib/python3.10/site-packages/airflow/example_dags/example_trigger_target_dag.py took 0.040 seconds
[2024-08-26T16:03:51.681-0700] {processor.py:186} INFO - Started process (PID=28045) to work on /home/jerson/airflow_venv/lib/python3.10/site-packages/airflow/example_dags/example_trigger_target_dag.py
[2024-08-26T16:03:51.775-0700] {processor.py:914} INFO - Processing file /home/jerson/airflow_venv/lib/python3.10/site-packages/airflow/example_dags/example_trigger_target_dag.py for tasks to queue
[2024-08-26T16:03:51.776-0700] {logging_mixin.py:190} INFO - [2024-08-26T16:03:51.776-0700] {dagbag.py:587} INFO - Filling up the DagBag from /home/jerson/airflow_venv/lib/python3.10/site-packages/airflow/example_dags/example_trigger_target_dag.py
[2024-08-26T16:03:51.781-0700] {processor.py:925} INFO - DAG(s) 'example_trigger_target_dag' retrieved from /home/jerson/airflow_venv/lib/python3.10/site-packages/airflow/example_dags/example_trigger_target_dag.py
[2024-08-26T16:03:51.789-0700] {logging_mixin.py:190} INFO - [2024-08-26T16:03:51.789-0700] {dag.py:3211} INFO - Sync 1 DAGs
[2024-08-26T16:03:51.796-0700] {logging_mixin.py:190} INFO - [2024-08-26T16:03:51.796-0700] {dag.py:4138} INFO - Setting next_dagrun for example_trigger_target_dag to None, run_after=None
[2024-08-26T16:03:51.813-0700] {processor.py:208} INFO - Processing /home/jerson/airflow_venv/lib/python3.10/site-packages/airflow/example_dags/example_trigger_target_dag.py took 0.135 seconds
[2024-08-26T16:04:41.939-0700] {processor.py:186} INFO - Started process (PID=28440) to work on /home/jerson/airflow_venv/lib/python3.10/site-packages/airflow/example_dags/example_trigger_target_dag.py
[2024-08-26T16:04:41.940-0700] {processor.py:914} INFO - Processing file /home/jerson/airflow_venv/lib/python3.10/site-packages/airflow/example_dags/example_trigger_target_dag.py for tasks to queue
[2024-08-26T16:04:41.942-0700] {logging_mixin.py:190} INFO - [2024-08-26T16:04:41.941-0700] {dagbag.py:587} INFO - Filling up the DagBag from /home/jerson/airflow_venv/lib/python3.10/site-packages/airflow/example_dags/example_trigger_target_dag.py
[2024-08-26T16:04:41.946-0700] {processor.py:925} INFO - DAG(s) 'example_trigger_target_dag' retrieved from /home/jerson/airflow_venv/lib/python3.10/site-packages/airflow/example_dags/example_trigger_target_dag.py
[2024-08-26T16:04:41.954-0700] {logging_mixin.py:190} INFO - [2024-08-26T16:04:41.954-0700] {dag.py:3211} INFO - Sync 1 DAGs
[2024-08-26T16:04:41.961-0700] {logging_mixin.py:190} INFO - [2024-08-26T16:04:41.961-0700] {dag.py:4138} INFO - Setting next_dagrun for example_trigger_target_dag to None, run_after=None
[2024-08-26T16:04:41.976-0700] {processor.py:208} INFO - Processing /home/jerson/airflow_venv/lib/python3.10/site-packages/airflow/example_dags/example_trigger_target_dag.py took 0.040 seconds
[2024-08-26T16:05:51.450-0700] {processor.py:186} INFO - Started process (PID=29028) to work on /home/jerson/airflow_venv/lib/python3.10/site-packages/airflow/example_dags/example_trigger_target_dag.py
[2024-08-26T16:05:51.451-0700] {processor.py:914} INFO - Processing file /home/jerson/airflow_venv/lib/python3.10/site-packages/airflow/example_dags/example_trigger_target_dag.py for tasks to queue
[2024-08-26T16:05:51.452-0700] {logging_mixin.py:190} INFO - [2024-08-26T16:05:51.452-0700] {dagbag.py:587} INFO - Filling up the DagBag from /home/jerson/airflow_venv/lib/python3.10/site-packages/airflow/example_dags/example_trigger_target_dag.py
[2024-08-26T16:05:51.456-0700] {processor.py:925} INFO - DAG(s) 'example_trigger_target_dag' retrieved from /home/jerson/airflow_venv/lib/python3.10/site-packages/airflow/example_dags/example_trigger_target_dag.py
[2024-08-26T16:05:51.464-0700] {logging_mixin.py:190} INFO - [2024-08-26T16:05:51.464-0700] {dag.py:3211} INFO - Sync 1 DAGs
[2024-08-26T16:05:51.471-0700] {logging_mixin.py:190} INFO - [2024-08-26T16:05:51.471-0700] {dag.py:4138} INFO - Setting next_dagrun for example_trigger_target_dag to None, run_after=None
[2024-08-26T16:05:51.487-0700] {processor.py:208} INFO - Processing /home/jerson/airflow_venv/lib/python3.10/site-packages/airflow/example_dags/example_trigger_target_dag.py took 0.041 seconds
[2024-08-26T16:06:39.891-0700] {processor.py:186} INFO - Started process (PID=29417) to work on /home/jerson/airflow_venv/lib/python3.10/site-packages/airflow/example_dags/example_trigger_target_dag.py
[2024-08-26T16:06:39.892-0700] {processor.py:914} INFO - Processing file /home/jerson/airflow_venv/lib/python3.10/site-packages/airflow/example_dags/example_trigger_target_dag.py for tasks to queue
[2024-08-26T16:06:39.893-0700] {logging_mixin.py:190} INFO - [2024-08-26T16:06:39.893-0700] {dagbag.py:587} INFO - Filling up the DagBag from /home/jerson/airflow_venv/lib/python3.10/site-packages/airflow/example_dags/example_trigger_target_dag.py
[2024-08-26T16:06:39.898-0700] {processor.py:925} INFO - DAG(s) 'example_trigger_target_dag' retrieved from /home/jerson/airflow_venv/lib/python3.10/site-packages/airflow/example_dags/example_trigger_target_dag.py
[2024-08-26T16:06:39.906-0700] {logging_mixin.py:190} INFO - [2024-08-26T16:06:39.906-0700] {dag.py:3211} INFO - Sync 1 DAGs
[2024-08-26T16:06:39.913-0700] {logging_mixin.py:190} INFO - [2024-08-26T16:06:39.913-0700] {dag.py:4138} INFO - Setting next_dagrun for example_trigger_target_dag to None, run_after=None
[2024-08-26T16:06:39.929-0700] {processor.py:208} INFO - Processing /home/jerson/airflow_venv/lib/python3.10/site-packages/airflow/example_dags/example_trigger_target_dag.py took 0.041 seconds
[2024-08-26T16:08:07.837-0700] {processor.py:186} INFO - Started process (PID=30104) to work on /home/jerson/airflow_venv/lib/python3.10/site-packages/airflow/example_dags/example_trigger_target_dag.py
[2024-08-26T16:08:07.838-0700] {processor.py:914} INFO - Processing file /home/jerson/airflow_venv/lib/python3.10/site-packages/airflow/example_dags/example_trigger_target_dag.py for tasks to queue
[2024-08-26T16:08:07.839-0700] {logging_mixin.py:190} INFO - [2024-08-26T16:08:07.839-0700] {dagbag.py:587} INFO - Filling up the DagBag from /home/jerson/airflow_venv/lib/python3.10/site-packages/airflow/example_dags/example_trigger_target_dag.py
[2024-08-26T16:08:07.844-0700] {processor.py:925} INFO - DAG(s) 'example_trigger_target_dag' retrieved from /home/jerson/airflow_venv/lib/python3.10/site-packages/airflow/example_dags/example_trigger_target_dag.py
[2024-08-26T16:08:07.854-0700] {logging_mixin.py:190} INFO - [2024-08-26T16:08:07.854-0700] {dag.py:3211} INFO - Sync 1 DAGs
[2024-08-26T16:08:07.862-0700] {logging_mixin.py:190} INFO - [2024-08-26T16:08:07.862-0700] {dag.py:4138} INFO - Setting next_dagrun for example_trigger_target_dag to None, run_after=None
[2024-08-26T16:08:07.879-0700] {processor.py:208} INFO - Processing /home/jerson/airflow_venv/lib/python3.10/site-packages/airflow/example_dags/example_trigger_target_dag.py took 0.046 seconds
[2024-08-26T16:09:03.128-0700] {processor.py:186} INFO - Started process (PID=30542) to work on /home/jerson/airflow_venv/lib/python3.10/site-packages/airflow/example_dags/example_trigger_target_dag.py
[2024-08-26T16:09:03.129-0700] {processor.py:914} INFO - Processing file /home/jerson/airflow_venv/lib/python3.10/site-packages/airflow/example_dags/example_trigger_target_dag.py for tasks to queue
[2024-08-26T16:09:03.130-0700] {logging_mixin.py:190} INFO - [2024-08-26T16:09:03.130-0700] {dagbag.py:587} INFO - Filling up the DagBag from /home/jerson/airflow_venv/lib/python3.10/site-packages/airflow/example_dags/example_trigger_target_dag.py
[2024-08-26T16:09:03.135-0700] {processor.py:925} INFO - DAG(s) 'example_trigger_target_dag' retrieved from /home/jerson/airflow_venv/lib/python3.10/site-packages/airflow/example_dags/example_trigger_target_dag.py
[2024-08-26T16:09:03.144-0700] {logging_mixin.py:190} INFO - [2024-08-26T16:09:03.144-0700] {dag.py:3211} INFO - Sync 1 DAGs
[2024-08-26T16:09:03.150-0700] {logging_mixin.py:190} INFO - [2024-08-26T16:09:03.150-0700] {dag.py:4138} INFO - Setting next_dagrun for example_trigger_target_dag to None, run_after=None
[2024-08-26T16:09:03.166-0700] {processor.py:208} INFO - Processing /home/jerson/airflow_venv/lib/python3.10/site-packages/airflow/example_dags/example_trigger_target_dag.py took 0.041 seconds
[2024-08-26T16:10:13.375-0700] {processor.py:186} INFO - Started process (PID=31134) to work on /home/jerson/airflow_venv/lib/python3.10/site-packages/airflow/example_dags/example_trigger_target_dag.py
[2024-08-26T16:10:13.376-0700] {processor.py:914} INFO - Processing file /home/jerson/airflow_venv/lib/python3.10/site-packages/airflow/example_dags/example_trigger_target_dag.py for tasks to queue
[2024-08-26T16:10:13.377-0700] {logging_mixin.py:190} INFO - [2024-08-26T16:10:13.377-0700] {dagbag.py:587} INFO - Filling up the DagBag from /home/jerson/airflow_venv/lib/python3.10/site-packages/airflow/example_dags/example_trigger_target_dag.py
[2024-08-26T16:10:13.381-0700] {processor.py:925} INFO - DAG(s) 'example_trigger_target_dag' retrieved from /home/jerson/airflow_venv/lib/python3.10/site-packages/airflow/example_dags/example_trigger_target_dag.py
[2024-08-26T16:10:13.390-0700] {logging_mixin.py:190} INFO - [2024-08-26T16:10:13.390-0700] {dag.py:3211} INFO - Sync 1 DAGs
[2024-08-26T16:10:13.396-0700] {logging_mixin.py:190} INFO - [2024-08-26T16:10:13.396-0700] {dag.py:4138} INFO - Setting next_dagrun for example_trigger_target_dag to None, run_after=None
[2024-08-26T16:10:13.411-0700] {processor.py:208} INFO - Processing /home/jerson/airflow_venv/lib/python3.10/site-packages/airflow/example_dags/example_trigger_target_dag.py took 0.039 seconds
[2024-08-26T16:11:05.154-0700] {processor.py:186} INFO - Started process (PID=31541) to work on /home/jerson/airflow_venv/lib/python3.10/site-packages/airflow/example_dags/example_trigger_target_dag.py
[2024-08-26T16:11:05.155-0700] {processor.py:914} INFO - Processing file /home/jerson/airflow_venv/lib/python3.10/site-packages/airflow/example_dags/example_trigger_target_dag.py for tasks to queue
[2024-08-26T16:11:05.156-0700] {logging_mixin.py:190} INFO - [2024-08-26T16:11:05.156-0700] {dagbag.py:587} INFO - Filling up the DagBag from /home/jerson/airflow_venv/lib/python3.10/site-packages/airflow/example_dags/example_trigger_target_dag.py
[2024-08-26T16:11:05.160-0700] {processor.py:925} INFO - DAG(s) 'example_trigger_target_dag' retrieved from /home/jerson/airflow_venv/lib/python3.10/site-packages/airflow/example_dags/example_trigger_target_dag.py
[2024-08-26T16:11:05.169-0700] {logging_mixin.py:190} INFO - [2024-08-26T16:11:05.169-0700] {dag.py:3211} INFO - Sync 1 DAGs
[2024-08-26T16:11:05.175-0700] {logging_mixin.py:190} INFO - [2024-08-26T16:11:05.175-0700] {dag.py:4138} INFO - Setting next_dagrun for example_trigger_target_dag to None, run_after=None
[2024-08-26T16:11:05.190-0700] {processor.py:208} INFO - Processing /home/jerson/airflow_venv/lib/python3.10/site-packages/airflow/example_dags/example_trigger_target_dag.py took 0.039 seconds
[2024-08-26T16:12:18.236-0700] {processor.py:186} INFO - Started process (PID=32124) to work on /home/jerson/airflow_venv/lib/python3.10/site-packages/airflow/example_dags/example_trigger_target_dag.py
[2024-08-26T16:12:18.237-0700] {processor.py:914} INFO - Processing file /home/jerson/airflow_venv/lib/python3.10/site-packages/airflow/example_dags/example_trigger_target_dag.py for tasks to queue
[2024-08-26T16:12:18.239-0700] {logging_mixin.py:190} INFO - [2024-08-26T16:12:18.238-0700] {dagbag.py:587} INFO - Filling up the DagBag from /home/jerson/airflow_venv/lib/python3.10/site-packages/airflow/example_dags/example_trigger_target_dag.py
[2024-08-26T16:12:18.243-0700] {processor.py:925} INFO - DAG(s) 'example_trigger_target_dag' retrieved from /home/jerson/airflow_venv/lib/python3.10/site-packages/airflow/example_dags/example_trigger_target_dag.py
[2024-08-26T16:12:18.251-0700] {logging_mixin.py:190} INFO - [2024-08-26T16:12:18.251-0700] {dag.py:3211} INFO - Sync 1 DAGs
[2024-08-26T16:12:18.259-0700] {logging_mixin.py:190} INFO - [2024-08-26T16:12:18.259-0700] {dag.py:4138} INFO - Setting next_dagrun for example_trigger_target_dag to None, run_after=None
[2024-08-26T16:12:18.275-0700] {processor.py:208} INFO - Processing /home/jerson/airflow_venv/lib/python3.10/site-packages/airflow/example_dags/example_trigger_target_dag.py took 0.042 seconds
