[2024-08-26T15:21:35.954-0700] {processor.py:186} INFO - Started process (PID=7381) to work on /home/jerson/airflow_venv/lib/python3.10/site-packages/airflow/example_dags/example_setup_teardown_taskflow.py
[2024-08-26T15:21:35.955-0700] {processor.py:914} INFO - Processing file /home/jerson/airflow_venv/lib/python3.10/site-packages/airflow/example_dags/example_setup_teardown_taskflow.py for tasks to queue
[2024-08-26T15:21:35.956-0700] {logging_mixin.py:190} INFO - [2024-08-26T15:21:35.956-0700] {dagbag.py:587} INFO - Filling up the DagBag from /home/jerson/airflow_venv/lib/python3.10/site-packages/airflow/example_dags/example_setup_teardown_taskflow.py
[2024-08-26T15:21:35.962-0700] {processor.py:925} INFO - DAG(s) 'example_setup_teardown_taskflow' retrieved from /home/jerson/airflow_venv/lib/python3.10/site-packages/airflow/example_dags/example_setup_teardown_taskflow.py
[2024-08-26T15:21:36.033-0700] {logging_mixin.py:190} INFO - [2024-08-26T15:21:36.033-0700] {override.py:1900} INFO - Created Permission View: can read on DAG:example_setup_teardown_taskflow
[2024-08-26T15:21:36.045-0700] {logging_mixin.py:190} INFO - [2024-08-26T15:21:36.045-0700] {override.py:1900} INFO - Created Permission View: can delete on DAG:example_setup_teardown_taskflow
[2024-08-26T15:21:36.055-0700] {logging_mixin.py:190} INFO - [2024-08-26T15:21:36.055-0700] {override.py:1900} INFO - Created Permission View: can edit on DAG:example_setup_teardown_taskflow
[2024-08-26T15:21:36.070-0700] {logging_mixin.py:190} INFO - [2024-08-26T15:21:36.070-0700] {override.py:1900} INFO - Created Permission View: can read on DAG Run:example_setup_teardown_taskflow
[2024-08-26T15:21:36.079-0700] {logging_mixin.py:190} INFO - [2024-08-26T15:21:36.079-0700] {override.py:1900} INFO - Created Permission View: can create on DAG Run:example_setup_teardown_taskflow
[2024-08-26T15:21:36.088-0700] {logging_mixin.py:190} INFO - [2024-08-26T15:21:36.088-0700] {override.py:1900} INFO - Created Permission View: menu access on DAG Run:example_setup_teardown_taskflow
[2024-08-26T15:21:36.097-0700] {logging_mixin.py:190} INFO - [2024-08-26T15:21:36.097-0700] {override.py:1900} INFO - Created Permission View: can delete on DAG Run:example_setup_teardown_taskflow
[2024-08-26T15:21:36.097-0700] {logging_mixin.py:190} INFO - [2024-08-26T15:21:36.097-0700] {dag.py:3211} INFO - Sync 1 DAGs
[2024-08-26T15:21:36.104-0700] {logging_mixin.py:190} INFO - [2024-08-26T15:21:36.104-0700] {dag.py:3234} INFO - Creating ORM DAG for example_setup_teardown_taskflow
[2024-08-26T15:21:36.108-0700] {logging_mixin.py:190} INFO - [2024-08-26T15:21:36.108-0700] {dag.py:4138} INFO - Setting next_dagrun for example_setup_teardown_taskflow to 2024-08-25 00:00:00+00:00, run_after=2024-08-26 00:00:00+00:00
[2024-08-26T15:21:36.125-0700] {processor.py:208} INFO - Processing /home/jerson/airflow_venv/lib/python3.10/site-packages/airflow/example_dags/example_setup_teardown_taskflow.py took 0.174 seconds
[2024-08-26T15:22:35.075-0700] {processor.py:186} INFO - Started process (PID=7765) to work on /home/jerson/airflow_venv/lib/python3.10/site-packages/airflow/example_dags/example_setup_teardown_taskflow.py
[2024-08-26T15:22:35.076-0700] {processor.py:914} INFO - Processing file /home/jerson/airflow_venv/lib/python3.10/site-packages/airflow/example_dags/example_setup_teardown_taskflow.py for tasks to queue
[2024-08-26T15:22:35.077-0700] {logging_mixin.py:190} INFO - [2024-08-26T15:22:35.077-0700] {dagbag.py:587} INFO - Filling up the DagBag from /home/jerson/airflow_venv/lib/python3.10/site-packages/airflow/example_dags/example_setup_teardown_taskflow.py
[2024-08-26T15:22:35.083-0700] {processor.py:925} INFO - DAG(s) 'example_setup_teardown_taskflow' retrieved from /home/jerson/airflow_venv/lib/python3.10/site-packages/airflow/example_dags/example_setup_teardown_taskflow.py
[2024-08-26T15:22:35.094-0700] {logging_mixin.py:190} INFO - [2024-08-26T15:22:35.093-0700] {dag.py:3211} INFO - Sync 1 DAGs
[2024-08-26T15:22:35.105-0700] {logging_mixin.py:190} INFO - [2024-08-26T15:22:35.105-0700] {dag.py:4138} INFO - Setting next_dagrun for example_setup_teardown_taskflow to 2024-08-25 00:00:00+00:00, run_after=2024-08-26 00:00:00+00:00
[2024-08-26T15:22:35.121-0700] {processor.py:208} INFO - Processing /home/jerson/airflow_venv/lib/python3.10/site-packages/airflow/example_dags/example_setup_teardown_taskflow.py took 0.050 seconds
[2024-08-26T15:23:26.862-0700] {processor.py:186} INFO - Started process (PID=8043) to work on /home/jerson/airflow_venv/lib/python3.10/site-packages/airflow/example_dags/example_setup_teardown_taskflow.py
[2024-08-26T15:23:26.863-0700] {processor.py:914} INFO - Processing file /home/jerson/airflow_venv/lib/python3.10/site-packages/airflow/example_dags/example_setup_teardown_taskflow.py for tasks to queue
[2024-08-26T15:23:26.864-0700] {logging_mixin.py:190} INFO - [2024-08-26T15:23:26.864-0700] {dagbag.py:587} INFO - Filling up the DagBag from /home/jerson/airflow_venv/lib/python3.10/site-packages/airflow/example_dags/example_setup_teardown_taskflow.py
[2024-08-26T15:23:26.870-0700] {processor.py:925} INFO - DAG(s) 'example_setup_teardown_taskflow' retrieved from /home/jerson/airflow_venv/lib/python3.10/site-packages/airflow/example_dags/example_setup_teardown_taskflow.py
[2024-08-26T15:23:26.880-0700] {logging_mixin.py:190} INFO - [2024-08-26T15:23:26.880-0700] {dag.py:3211} INFO - Sync 1 DAGs
[2024-08-26T15:23:26.890-0700] {logging_mixin.py:190} INFO - [2024-08-26T15:23:26.890-0700] {dag.py:4138} INFO - Setting next_dagrun for example_setup_teardown_taskflow to 2024-08-25 00:00:00+00:00, run_after=2024-08-26 00:00:00+00:00
[2024-08-26T15:23:26.907-0700] {processor.py:208} INFO - Processing /home/jerson/airflow_venv/lib/python3.10/site-packages/airflow/example_dags/example_setup_teardown_taskflow.py took 0.047 seconds
[2024-08-26T15:24:17.505-0700] {processor.py:186} INFO - Started process (PID=8309) to work on /home/jerson/airflow_venv/lib/python3.10/site-packages/airflow/example_dags/example_setup_teardown_taskflow.py
[2024-08-26T15:24:17.506-0700] {processor.py:914} INFO - Processing file /home/jerson/airflow_venv/lib/python3.10/site-packages/airflow/example_dags/example_setup_teardown_taskflow.py for tasks to queue
[2024-08-26T15:24:17.508-0700] {logging_mixin.py:190} INFO - [2024-08-26T15:24:17.507-0700] {dagbag.py:587} INFO - Filling up the DagBag from /home/jerson/airflow_venv/lib/python3.10/site-packages/airflow/example_dags/example_setup_teardown_taskflow.py
[2024-08-26T15:24:17.514-0700] {processor.py:925} INFO - DAG(s) 'example_setup_teardown_taskflow' retrieved from /home/jerson/airflow_venv/lib/python3.10/site-packages/airflow/example_dags/example_setup_teardown_taskflow.py
[2024-08-26T15:24:17.524-0700] {logging_mixin.py:190} INFO - [2024-08-26T15:24:17.523-0700] {dag.py:3211} INFO - Sync 1 DAGs
[2024-08-26T15:24:17.535-0700] {logging_mixin.py:190} INFO - [2024-08-26T15:24:17.535-0700] {dag.py:4138} INFO - Setting next_dagrun for example_setup_teardown_taskflow to 2024-08-25 00:00:00+00:00, run_after=2024-08-26 00:00:00+00:00
[2024-08-26T15:24:17.551-0700] {processor.py:208} INFO - Processing /home/jerson/airflow_venv/lib/python3.10/site-packages/airflow/example_dags/example_setup_teardown_taskflow.py took 0.051 seconds
[2024-08-26T15:25:20.996-0700] {processor.py:186} INFO - Started process (PID=8621) to work on /home/jerson/airflow_venv/lib/python3.10/site-packages/airflow/example_dags/example_setup_teardown_taskflow.py
[2024-08-26T15:25:20.997-0700] {processor.py:914} INFO - Processing file /home/jerson/airflow_venv/lib/python3.10/site-packages/airflow/example_dags/example_setup_teardown_taskflow.py for tasks to queue
[2024-08-26T15:25:20.998-0700] {logging_mixin.py:190} INFO - [2024-08-26T15:25:20.998-0700] {dagbag.py:587} INFO - Filling up the DagBag from /home/jerson/airflow_venv/lib/python3.10/site-packages/airflow/example_dags/example_setup_teardown_taskflow.py
[2024-08-26T15:25:21.004-0700] {processor.py:925} INFO - DAG(s) 'example_setup_teardown_taskflow' retrieved from /home/jerson/airflow_venv/lib/python3.10/site-packages/airflow/example_dags/example_setup_teardown_taskflow.py
[2024-08-26T15:25:21.018-0700] {logging_mixin.py:190} INFO - [2024-08-26T15:25:21.018-0700] {dag.py:3211} INFO - Sync 1 DAGs
[2024-08-26T15:25:21.029-0700] {logging_mixin.py:190} INFO - [2024-08-26T15:25:21.029-0700] {dag.py:4138} INFO - Setting next_dagrun for example_setup_teardown_taskflow to 2024-08-25 00:00:00+00:00, run_after=2024-08-26 00:00:00+00:00
[2024-08-26T15:25:21.044-0700] {processor.py:208} INFO - Processing /home/jerson/airflow_venv/lib/python3.10/site-packages/airflow/example_dags/example_setup_teardown_taskflow.py took 0.051 seconds
[2024-08-26T15:26:13.532-0700] {processor.py:186} INFO - Started process (PID=8900) to work on /home/jerson/airflow_venv/lib/python3.10/site-packages/airflow/example_dags/example_setup_teardown_taskflow.py
[2024-08-26T15:26:13.533-0700] {processor.py:914} INFO - Processing file /home/jerson/airflow_venv/lib/python3.10/site-packages/airflow/example_dags/example_setup_teardown_taskflow.py for tasks to queue
[2024-08-26T15:26:13.534-0700] {logging_mixin.py:190} INFO - [2024-08-26T15:26:13.534-0700] {dagbag.py:587} INFO - Filling up the DagBag from /home/jerson/airflow_venv/lib/python3.10/site-packages/airflow/example_dags/example_setup_teardown_taskflow.py
[2024-08-26T15:26:13.541-0700] {processor.py:925} INFO - DAG(s) 'example_setup_teardown_taskflow' retrieved from /home/jerson/airflow_venv/lib/python3.10/site-packages/airflow/example_dags/example_setup_teardown_taskflow.py
[2024-08-26T15:26:13.551-0700] {logging_mixin.py:190} INFO - [2024-08-26T15:26:13.551-0700] {dag.py:3211} INFO - Sync 1 DAGs
[2024-08-26T15:26:13.565-0700] {logging_mixin.py:190} INFO - [2024-08-26T15:26:13.564-0700] {dag.py:4138} INFO - Setting next_dagrun for example_setup_teardown_taskflow to 2024-08-25 00:00:00+00:00, run_after=2024-08-26 00:00:00+00:00
[2024-08-26T15:26:13.582-0700] {processor.py:208} INFO - Processing /home/jerson/airflow_venv/lib/python3.10/site-packages/airflow/example_dags/example_setup_teardown_taskflow.py took 0.053 seconds
[2024-08-26T15:27:03.260-0700] {processor.py:186} INFO - Started process (PID=9151) to work on /home/jerson/airflow_venv/lib/python3.10/site-packages/airflow/example_dags/example_setup_teardown_taskflow.py
[2024-08-26T15:27:03.261-0700] {processor.py:914} INFO - Processing file /home/jerson/airflow_venv/lib/python3.10/site-packages/airflow/example_dags/example_setup_teardown_taskflow.py for tasks to queue
[2024-08-26T15:27:03.262-0700] {logging_mixin.py:190} INFO - [2024-08-26T15:27:03.262-0700] {dagbag.py:587} INFO - Filling up the DagBag from /home/jerson/airflow_venv/lib/python3.10/site-packages/airflow/example_dags/example_setup_teardown_taskflow.py
[2024-08-26T15:27:03.269-0700] {processor.py:925} INFO - DAG(s) 'example_setup_teardown_taskflow' retrieved from /home/jerson/airflow_venv/lib/python3.10/site-packages/airflow/example_dags/example_setup_teardown_taskflow.py
[2024-08-26T15:27:03.279-0700] {logging_mixin.py:190} INFO - [2024-08-26T15:27:03.279-0700] {dag.py:3211} INFO - Sync 1 DAGs
[2024-08-26T15:27:03.290-0700] {logging_mixin.py:190} INFO - [2024-08-26T15:27:03.290-0700] {dag.py:4138} INFO - Setting next_dagrun for example_setup_teardown_taskflow to 2024-08-25 00:00:00+00:00, run_after=2024-08-26 00:00:00+00:00
[2024-08-26T15:27:03.304-0700] {processor.py:208} INFO - Processing /home/jerson/airflow_venv/lib/python3.10/site-packages/airflow/example_dags/example_setup_teardown_taskflow.py took 0.048 seconds
[2024-08-26T15:27:49.395-0700] {processor.py:186} INFO - Started process (PID=9382) to work on /home/jerson/airflow_venv/lib/python3.10/site-packages/airflow/example_dags/example_setup_teardown_taskflow.py
[2024-08-26T15:27:49.397-0700] {processor.py:914} INFO - Processing file /home/jerson/airflow_venv/lib/python3.10/site-packages/airflow/example_dags/example_setup_teardown_taskflow.py for tasks to queue
[2024-08-26T15:27:49.398-0700] {logging_mixin.py:190} INFO - [2024-08-26T15:27:49.398-0700] {dagbag.py:587} INFO - Filling up the DagBag from /home/jerson/airflow_venv/lib/python3.10/site-packages/airflow/example_dags/example_setup_teardown_taskflow.py
[2024-08-26T15:27:49.406-0700] {processor.py:925} INFO - DAG(s) 'example_setup_teardown_taskflow' retrieved from /home/jerson/airflow_venv/lib/python3.10/site-packages/airflow/example_dags/example_setup_teardown_taskflow.py
[2024-08-26T15:27:49.416-0700] {logging_mixin.py:190} INFO - [2024-08-26T15:27:49.416-0700] {dag.py:3211} INFO - Sync 1 DAGs
[2024-08-26T15:27:49.427-0700] {logging_mixin.py:190} INFO - [2024-08-26T15:27:49.427-0700] {dag.py:4138} INFO - Setting next_dagrun for example_setup_teardown_taskflow to 2024-08-25 00:00:00+00:00, run_after=2024-08-26 00:00:00+00:00
[2024-08-26T15:27:49.443-0700] {processor.py:208} INFO - Processing /home/jerson/airflow_venv/lib/python3.10/site-packages/airflow/example_dags/example_setup_teardown_taskflow.py took 0.052 seconds
[2024-08-26T15:28:37.310-0700] {processor.py:186} INFO - Started process (PID=9630) to work on /home/jerson/airflow_venv/lib/python3.10/site-packages/airflow/example_dags/example_setup_teardown_taskflow.py
[2024-08-26T15:28:37.311-0700] {processor.py:914} INFO - Processing file /home/jerson/airflow_venv/lib/python3.10/site-packages/airflow/example_dags/example_setup_teardown_taskflow.py for tasks to queue
[2024-08-26T15:28:37.312-0700] {logging_mixin.py:190} INFO - [2024-08-26T15:28:37.312-0700] {dagbag.py:587} INFO - Filling up the DagBag from /home/jerson/airflow_venv/lib/python3.10/site-packages/airflow/example_dags/example_setup_teardown_taskflow.py
[2024-08-26T15:28:37.318-0700] {processor.py:925} INFO - DAG(s) 'example_setup_teardown_taskflow' retrieved from /home/jerson/airflow_venv/lib/python3.10/site-packages/airflow/example_dags/example_setup_teardown_taskflow.py
[2024-08-26T15:28:37.328-0700] {logging_mixin.py:190} INFO - [2024-08-26T15:28:37.328-0700] {dag.py:3211} INFO - Sync 1 DAGs
[2024-08-26T15:28:37.341-0700] {logging_mixin.py:190} INFO - [2024-08-26T15:28:37.341-0700] {dag.py:4138} INFO - Setting next_dagrun for example_setup_teardown_taskflow to 2024-08-25 00:00:00+00:00, run_after=2024-08-26 00:00:00+00:00
[2024-08-26T15:28:37.359-0700] {processor.py:208} INFO - Processing /home/jerson/airflow_venv/lib/python3.10/site-packages/airflow/example_dags/example_setup_teardown_taskflow.py took 0.052 seconds
[2024-08-26T15:29:27.460-0700] {processor.py:186} INFO - Started process (PID=9965) to work on /home/jerson/airflow_venv/lib/python3.10/site-packages/airflow/example_dags/example_setup_teardown_taskflow.py
[2024-08-26T15:29:27.460-0700] {processor.py:914} INFO - Processing file /home/jerson/airflow_venv/lib/python3.10/site-packages/airflow/example_dags/example_setup_teardown_taskflow.py for tasks to queue
[2024-08-26T15:29:27.462-0700] {logging_mixin.py:190} INFO - [2024-08-26T15:29:27.461-0700] {dagbag.py:587} INFO - Filling up the DagBag from /home/jerson/airflow_venv/lib/python3.10/site-packages/airflow/example_dags/example_setup_teardown_taskflow.py
[2024-08-26T15:29:27.468-0700] {processor.py:925} INFO - DAG(s) 'example_setup_teardown_taskflow' retrieved from /home/jerson/airflow_venv/lib/python3.10/site-packages/airflow/example_dags/example_setup_teardown_taskflow.py
[2024-08-26T15:29:27.478-0700] {logging_mixin.py:190} INFO - [2024-08-26T15:29:27.478-0700] {dag.py:3211} INFO - Sync 1 DAGs
[2024-08-26T15:29:27.490-0700] {logging_mixin.py:190} INFO - [2024-08-26T15:29:27.490-0700] {dag.py:4138} INFO - Setting next_dagrun for example_setup_teardown_taskflow to 2024-08-25 00:00:00+00:00, run_after=2024-08-26 00:00:00+00:00
[2024-08-26T15:29:27.506-0700] {processor.py:208} INFO - Processing /home/jerson/airflow_venv/lib/python3.10/site-packages/airflow/example_dags/example_setup_teardown_taskflow.py took 0.049 seconds
[2024-08-26T15:30:15.689-0700] {processor.py:186} INFO - Started process (PID=10209) to work on /home/jerson/airflow_venv/lib/python3.10/site-packages/airflow/example_dags/example_setup_teardown_taskflow.py
[2024-08-26T15:30:15.690-0700] {processor.py:914} INFO - Processing file /home/jerson/airflow_venv/lib/python3.10/site-packages/airflow/example_dags/example_setup_teardown_taskflow.py for tasks to queue
[2024-08-26T15:30:15.691-0700] {logging_mixin.py:190} INFO - [2024-08-26T15:30:15.691-0700] {dagbag.py:587} INFO - Filling up the DagBag from /home/jerson/airflow_venv/lib/python3.10/site-packages/airflow/example_dags/example_setup_teardown_taskflow.py
[2024-08-26T15:30:15.698-0700] {processor.py:925} INFO - DAG(s) 'example_setup_teardown_taskflow' retrieved from /home/jerson/airflow_venv/lib/python3.10/site-packages/airflow/example_dags/example_setup_teardown_taskflow.py
[2024-08-26T15:30:15.709-0700] {logging_mixin.py:190} INFO - [2024-08-26T15:30:15.709-0700] {dag.py:3211} INFO - Sync 1 DAGs
[2024-08-26T15:30:15.722-0700] {logging_mixin.py:190} INFO - [2024-08-26T15:30:15.722-0700] {dag.py:4138} INFO - Setting next_dagrun for example_setup_teardown_taskflow to 2024-08-25 00:00:00+00:00, run_after=2024-08-26 00:00:00+00:00
[2024-08-26T15:30:15.753-0700] {processor.py:208} INFO - Processing /home/jerson/airflow_venv/lib/python3.10/site-packages/airflow/example_dags/example_setup_teardown_taskflow.py took 0.068 seconds
[2024-08-26T15:31:04.442-0700] {processor.py:186} INFO - Started process (PID=10469) to work on /home/jerson/airflow_venv/lib/python3.10/site-packages/airflow/example_dags/example_setup_teardown_taskflow.py
[2024-08-26T15:31:04.443-0700] {processor.py:914} INFO - Processing file /home/jerson/airflow_venv/lib/python3.10/site-packages/airflow/example_dags/example_setup_teardown_taskflow.py for tasks to queue
[2024-08-26T15:31:04.445-0700] {logging_mixin.py:190} INFO - [2024-08-26T15:31:04.445-0700] {dagbag.py:587} INFO - Filling up the DagBag from /home/jerson/airflow_venv/lib/python3.10/site-packages/airflow/example_dags/example_setup_teardown_taskflow.py
[2024-08-26T15:31:04.452-0700] {processor.py:925} INFO - DAG(s) 'example_setup_teardown_taskflow' retrieved from /home/jerson/airflow_venv/lib/python3.10/site-packages/airflow/example_dags/example_setup_teardown_taskflow.py
[2024-08-26T15:31:04.463-0700] {logging_mixin.py:190} INFO - [2024-08-26T15:31:04.463-0700] {dag.py:3211} INFO - Sync 1 DAGs
[2024-08-26T15:31:04.475-0700] {logging_mixin.py:190} INFO - [2024-08-26T15:31:04.475-0700] {dag.py:4138} INFO - Setting next_dagrun for example_setup_teardown_taskflow to 2024-08-25 00:00:00+00:00, run_after=2024-08-26 00:00:00+00:00
[2024-08-26T15:31:04.493-0700] {processor.py:208} INFO - Processing /home/jerson/airflow_venv/lib/python3.10/site-packages/airflow/example_dags/example_setup_teardown_taskflow.py took 0.053 seconds
[2024-08-26T15:31:51.188-0700] {processor.py:186} INFO - Started process (PID=10717) to work on /home/jerson/airflow_venv/lib/python3.10/site-packages/airflow/example_dags/example_setup_teardown_taskflow.py
[2024-08-26T15:31:51.189-0700] {processor.py:914} INFO - Processing file /home/jerson/airflow_venv/lib/python3.10/site-packages/airflow/example_dags/example_setup_teardown_taskflow.py for tasks to queue
[2024-08-26T15:31:51.190-0700] {logging_mixin.py:190} INFO - [2024-08-26T15:31:51.190-0700] {dagbag.py:587} INFO - Filling up the DagBag from /home/jerson/airflow_venv/lib/python3.10/site-packages/airflow/example_dags/example_setup_teardown_taskflow.py
[2024-08-26T15:31:51.197-0700] {processor.py:925} INFO - DAG(s) 'example_setup_teardown_taskflow' retrieved from /home/jerson/airflow_venv/lib/python3.10/site-packages/airflow/example_dags/example_setup_teardown_taskflow.py
[2024-08-26T15:31:51.207-0700] {logging_mixin.py:190} INFO - [2024-08-26T15:31:51.206-0700] {dag.py:3211} INFO - Sync 1 DAGs
[2024-08-26T15:31:51.218-0700] {logging_mixin.py:190} INFO - [2024-08-26T15:31:51.218-0700] {dag.py:4138} INFO - Setting next_dagrun for example_setup_teardown_taskflow to 2024-08-25 00:00:00+00:00, run_after=2024-08-26 00:00:00+00:00
[2024-08-26T15:31:51.234-0700] {processor.py:208} INFO - Processing /home/jerson/airflow_venv/lib/python3.10/site-packages/airflow/example_dags/example_setup_teardown_taskflow.py took 0.048 seconds
[2024-08-26T15:32:37.466-0700] {processor.py:186} INFO - Started process (PID=10963) to work on /home/jerson/airflow_venv/lib/python3.10/site-packages/airflow/example_dags/example_setup_teardown_taskflow.py
[2024-08-26T15:32:37.467-0700] {processor.py:914} INFO - Processing file /home/jerson/airflow_venv/lib/python3.10/site-packages/airflow/example_dags/example_setup_teardown_taskflow.py for tasks to queue
[2024-08-26T15:32:37.468-0700] {logging_mixin.py:190} INFO - [2024-08-26T15:32:37.468-0700] {dagbag.py:587} INFO - Filling up the DagBag from /home/jerson/airflow_venv/lib/python3.10/site-packages/airflow/example_dags/example_setup_teardown_taskflow.py
[2024-08-26T15:32:37.475-0700] {processor.py:925} INFO - DAG(s) 'example_setup_teardown_taskflow' retrieved from /home/jerson/airflow_venv/lib/python3.10/site-packages/airflow/example_dags/example_setup_teardown_taskflow.py
[2024-08-26T15:32:37.486-0700] {logging_mixin.py:190} INFO - [2024-08-26T15:32:37.486-0700] {dag.py:3211} INFO - Sync 1 DAGs
[2024-08-26T15:32:37.497-0700] {logging_mixin.py:190} INFO - [2024-08-26T15:32:37.497-0700] {dag.py:4138} INFO - Setting next_dagrun for example_setup_teardown_taskflow to 2024-08-25 00:00:00+00:00, run_after=2024-08-26 00:00:00+00:00
[2024-08-26T15:32:37.514-0700] {processor.py:208} INFO - Processing /home/jerson/airflow_venv/lib/python3.10/site-packages/airflow/example_dags/example_setup_teardown_taskflow.py took 0.051 seconds
[2024-08-26T15:33:30.809-0700] {processor.py:186} INFO - Started process (PID=11229) to work on /home/jerson/airflow_venv/lib/python3.10/site-packages/airflow/example_dags/example_setup_teardown_taskflow.py
[2024-08-26T15:33:30.809-0700] {processor.py:914} INFO - Processing file /home/jerson/airflow_venv/lib/python3.10/site-packages/airflow/example_dags/example_setup_teardown_taskflow.py for tasks to queue
[2024-08-26T15:33:30.811-0700] {logging_mixin.py:190} INFO - [2024-08-26T15:33:30.811-0700] {dagbag.py:587} INFO - Filling up the DagBag from /home/jerson/airflow_venv/lib/python3.10/site-packages/airflow/example_dags/example_setup_teardown_taskflow.py
[2024-08-26T15:33:30.818-0700] {processor.py:925} INFO - DAG(s) 'example_setup_teardown_taskflow' retrieved from /home/jerson/airflow_venv/lib/python3.10/site-packages/airflow/example_dags/example_setup_teardown_taskflow.py
[2024-08-26T15:33:30.828-0700] {logging_mixin.py:190} INFO - [2024-08-26T15:33:30.827-0700] {dag.py:3211} INFO - Sync 1 DAGs
[2024-08-26T15:33:30.839-0700] {logging_mixin.py:190} INFO - [2024-08-26T15:33:30.839-0700] {dag.py:4138} INFO - Setting next_dagrun for example_setup_teardown_taskflow to 2024-08-25 00:00:00+00:00, run_after=2024-08-26 00:00:00+00:00
[2024-08-26T15:33:30.854-0700] {processor.py:208} INFO - Processing /home/jerson/airflow_venv/lib/python3.10/site-packages/airflow/example_dags/example_setup_teardown_taskflow.py took 0.049 seconds
[2024-08-26T15:34:22.697-0700] {processor.py:186} INFO - Started process (PID=11503) to work on /home/jerson/airflow_venv/lib/python3.10/site-packages/airflow/example_dags/example_setup_teardown_taskflow.py
[2024-08-26T15:34:22.698-0700] {processor.py:914} INFO - Processing file /home/jerson/airflow_venv/lib/python3.10/site-packages/airflow/example_dags/example_setup_teardown_taskflow.py for tasks to queue
[2024-08-26T15:34:22.699-0700] {logging_mixin.py:190} INFO - [2024-08-26T15:34:22.699-0700] {dagbag.py:587} INFO - Filling up the DagBag from /home/jerson/airflow_venv/lib/python3.10/site-packages/airflow/example_dags/example_setup_teardown_taskflow.py
[2024-08-26T15:34:22.705-0700] {processor.py:925} INFO - DAG(s) 'example_setup_teardown_taskflow' retrieved from /home/jerson/airflow_venv/lib/python3.10/site-packages/airflow/example_dags/example_setup_teardown_taskflow.py
[2024-08-26T15:34:22.716-0700] {logging_mixin.py:190} INFO - [2024-08-26T15:34:22.715-0700] {dag.py:3211} INFO - Sync 1 DAGs
[2024-08-26T15:34:22.727-0700] {logging_mixin.py:190} INFO - [2024-08-26T15:34:22.727-0700] {dag.py:4138} INFO - Setting next_dagrun for example_setup_teardown_taskflow to 2024-08-25 00:00:00+00:00, run_after=2024-08-26 00:00:00+00:00
[2024-08-26T15:34:22.743-0700] {processor.py:208} INFO - Processing /home/jerson/airflow_venv/lib/python3.10/site-packages/airflow/example_dags/example_setup_teardown_taskflow.py took 0.050 seconds
[2024-08-26T15:35:11.016-0700] {processor.py:186} INFO - Started process (PID=11759) to work on /home/jerson/airflow_venv/lib/python3.10/site-packages/airflow/example_dags/example_setup_teardown_taskflow.py
[2024-08-26T15:35:11.017-0700] {processor.py:914} INFO - Processing file /home/jerson/airflow_venv/lib/python3.10/site-packages/airflow/example_dags/example_setup_teardown_taskflow.py for tasks to queue
[2024-08-26T15:35:11.018-0700] {logging_mixin.py:190} INFO - [2024-08-26T15:35:11.017-0700] {dagbag.py:587} INFO - Filling up the DagBag from /home/jerson/airflow_venv/lib/python3.10/site-packages/airflow/example_dags/example_setup_teardown_taskflow.py
[2024-08-26T15:35:11.024-0700] {processor.py:925} INFO - DAG(s) 'example_setup_teardown_taskflow' retrieved from /home/jerson/airflow_venv/lib/python3.10/site-packages/airflow/example_dags/example_setup_teardown_taskflow.py
[2024-08-26T15:35:11.033-0700] {logging_mixin.py:190} INFO - [2024-08-26T15:35:11.033-0700] {dag.py:3211} INFO - Sync 1 DAGs
[2024-08-26T15:35:11.044-0700] {logging_mixin.py:190} INFO - [2024-08-26T15:35:11.044-0700] {dag.py:4138} INFO - Setting next_dagrun for example_setup_teardown_taskflow to 2024-08-25 00:00:00+00:00, run_after=2024-08-26 00:00:00+00:00
[2024-08-26T15:35:11.058-0700] {processor.py:208} INFO - Processing /home/jerson/airflow_venv/lib/python3.10/site-packages/airflow/example_dags/example_setup_teardown_taskflow.py took 0.046 seconds
[2024-08-26T15:35:57.404-0700] {processor.py:186} INFO - Started process (PID=12024) to work on /home/jerson/airflow_venv/lib/python3.10/site-packages/airflow/example_dags/example_setup_teardown_taskflow.py
[2024-08-26T15:35:57.405-0700] {processor.py:914} INFO - Processing file /home/jerson/airflow_venv/lib/python3.10/site-packages/airflow/example_dags/example_setup_teardown_taskflow.py for tasks to queue
[2024-08-26T15:35:57.406-0700] {logging_mixin.py:190} INFO - [2024-08-26T15:35:57.406-0700] {dagbag.py:587} INFO - Filling up the DagBag from /home/jerson/airflow_venv/lib/python3.10/site-packages/airflow/example_dags/example_setup_teardown_taskflow.py
[2024-08-26T15:35:57.412-0700] {processor.py:925} INFO - DAG(s) 'example_setup_teardown_taskflow' retrieved from /home/jerson/airflow_venv/lib/python3.10/site-packages/airflow/example_dags/example_setup_teardown_taskflow.py
[2024-08-26T15:35:57.422-0700] {logging_mixin.py:190} INFO - [2024-08-26T15:35:57.422-0700] {dag.py:3211} INFO - Sync 1 DAGs
[2024-08-26T15:35:57.434-0700] {logging_mixin.py:190} INFO - [2024-08-26T15:35:57.433-0700] {dag.py:4138} INFO - Setting next_dagrun for example_setup_teardown_taskflow to 2024-08-25 00:00:00+00:00, run_after=2024-08-26 00:00:00+00:00
[2024-08-26T15:35:57.449-0700] {processor.py:208} INFO - Processing /home/jerson/airflow_venv/lib/python3.10/site-packages/airflow/example_dags/example_setup_teardown_taskflow.py took 0.048 seconds
[2024-08-26T15:36:45.360-0700] {processor.py:186} INFO - Started process (PID=12386) to work on /home/jerson/airflow_venv/lib/python3.10/site-packages/airflow/example_dags/example_setup_teardown_taskflow.py
[2024-08-26T15:36:45.361-0700] {processor.py:914} INFO - Processing file /home/jerson/airflow_venv/lib/python3.10/site-packages/airflow/example_dags/example_setup_teardown_taskflow.py for tasks to queue
[2024-08-26T15:36:45.362-0700] {logging_mixin.py:190} INFO - [2024-08-26T15:36:45.362-0700] {dagbag.py:587} INFO - Filling up the DagBag from /home/jerson/airflow_venv/lib/python3.10/site-packages/airflow/example_dags/example_setup_teardown_taskflow.py
[2024-08-26T15:36:45.372-0700] {processor.py:925} INFO - DAG(s) 'example_setup_teardown_taskflow' retrieved from /home/jerson/airflow_venv/lib/python3.10/site-packages/airflow/example_dags/example_setup_teardown_taskflow.py
[2024-08-26T15:36:45.388-0700] {logging_mixin.py:190} INFO - [2024-08-26T15:36:45.387-0700] {dag.py:3211} INFO - Sync 1 DAGs
[2024-08-26T15:36:45.408-0700] {logging_mixin.py:190} INFO - [2024-08-26T15:36:45.407-0700] {dag.py:4138} INFO - Setting next_dagrun for example_setup_teardown_taskflow to 2024-08-25 00:00:00+00:00, run_after=2024-08-26 00:00:00+00:00
[2024-08-26T15:36:45.430-0700] {processor.py:208} INFO - Processing /home/jerson/airflow_venv/lib/python3.10/site-packages/airflow/example_dags/example_setup_teardown_taskflow.py took 0.074 seconds
[2024-08-26T15:37:30.514-0700] {processor.py:186} INFO - Started process (PID=12867) to work on /home/jerson/airflow_venv/lib/python3.10/site-packages/airflow/example_dags/example_setup_teardown_taskflow.py
[2024-08-26T15:37:30.515-0700] {processor.py:914} INFO - Processing file /home/jerson/airflow_venv/lib/python3.10/site-packages/airflow/example_dags/example_setup_teardown_taskflow.py for tasks to queue
[2024-08-26T15:37:30.516-0700] {logging_mixin.py:190} INFO - [2024-08-26T15:37:30.516-0700] {dagbag.py:587} INFO - Filling up the DagBag from /home/jerson/airflow_venv/lib/python3.10/site-packages/airflow/example_dags/example_setup_teardown_taskflow.py
[2024-08-26T15:37:30.523-0700] {processor.py:925} INFO - DAG(s) 'example_setup_teardown_taskflow' retrieved from /home/jerson/airflow_venv/lib/python3.10/site-packages/airflow/example_dags/example_setup_teardown_taskflow.py
[2024-08-26T15:37:30.534-0700] {logging_mixin.py:190} INFO - [2024-08-26T15:37:30.534-0700] {dag.py:3211} INFO - Sync 1 DAGs
[2024-08-26T15:37:30.546-0700] {logging_mixin.py:190} INFO - [2024-08-26T15:37:30.546-0700] {dag.py:4138} INFO - Setting next_dagrun for example_setup_teardown_taskflow to 2024-08-25 00:00:00+00:00, run_after=2024-08-26 00:00:00+00:00
[2024-08-26T15:37:30.566-0700] {processor.py:208} INFO - Processing /home/jerson/airflow_venv/lib/python3.10/site-packages/airflow/example_dags/example_setup_teardown_taskflow.py took 0.056 seconds
[2024-08-26T15:38:16.691-0700] {processor.py:186} INFO - Started process (PID=13294) to work on /home/jerson/airflow_venv/lib/python3.10/site-packages/airflow/example_dags/example_setup_teardown_taskflow.py
[2024-08-26T15:38:16.692-0700] {processor.py:914} INFO - Processing file /home/jerson/airflow_venv/lib/python3.10/site-packages/airflow/example_dags/example_setup_teardown_taskflow.py for tasks to queue
[2024-08-26T15:38:16.693-0700] {logging_mixin.py:190} INFO - [2024-08-26T15:38:16.693-0700] {dagbag.py:587} INFO - Filling up the DagBag from /home/jerson/airflow_venv/lib/python3.10/site-packages/airflow/example_dags/example_setup_teardown_taskflow.py
[2024-08-26T15:38:16.699-0700] {processor.py:925} INFO - DAG(s) 'example_setup_teardown_taskflow' retrieved from /home/jerson/airflow_venv/lib/python3.10/site-packages/airflow/example_dags/example_setup_teardown_taskflow.py
[2024-08-26T15:38:16.709-0700] {logging_mixin.py:190} INFO - [2024-08-26T15:38:16.709-0700] {dag.py:3211} INFO - Sync 1 DAGs
[2024-08-26T15:38:16.719-0700] {logging_mixin.py:190} INFO - [2024-08-26T15:38:16.719-0700] {dag.py:4138} INFO - Setting next_dagrun for example_setup_teardown_taskflow to 2024-08-25 00:00:00+00:00, run_after=2024-08-26 00:00:00+00:00
[2024-08-26T15:38:16.734-0700] {processor.py:208} INFO - Processing /home/jerson/airflow_venv/lib/python3.10/site-packages/airflow/example_dags/example_setup_teardown_taskflow.py took 0.046 seconds
[2024-08-26T15:39:05.092-0700] {processor.py:186} INFO - Started process (PID=13745) to work on /home/jerson/airflow_venv/lib/python3.10/site-packages/airflow/example_dags/example_setup_teardown_taskflow.py
[2024-08-26T15:39:05.093-0700] {processor.py:914} INFO - Processing file /home/jerson/airflow_venv/lib/python3.10/site-packages/airflow/example_dags/example_setup_teardown_taskflow.py for tasks to queue
[2024-08-26T15:39:05.094-0700] {logging_mixin.py:190} INFO - [2024-08-26T15:39:05.094-0700] {dagbag.py:587} INFO - Filling up the DagBag from /home/jerson/airflow_venv/lib/python3.10/site-packages/airflow/example_dags/example_setup_teardown_taskflow.py
[2024-08-26T15:39:05.102-0700] {processor.py:925} INFO - DAG(s) 'example_setup_teardown_taskflow' retrieved from /home/jerson/airflow_venv/lib/python3.10/site-packages/airflow/example_dags/example_setup_teardown_taskflow.py
[2024-08-26T15:39:05.111-0700] {logging_mixin.py:190} INFO - [2024-08-26T15:39:05.111-0700] {dag.py:3211} INFO - Sync 1 DAGs
[2024-08-26T15:39:05.122-0700] {logging_mixin.py:190} INFO - [2024-08-26T15:39:05.122-0700] {dag.py:4138} INFO - Setting next_dagrun for example_setup_teardown_taskflow to 2024-08-25 00:00:00+00:00, run_after=2024-08-26 00:00:00+00:00
[2024-08-26T15:39:05.137-0700] {processor.py:208} INFO - Processing /home/jerson/airflow_venv/lib/python3.10/site-packages/airflow/example_dags/example_setup_teardown_taskflow.py took 0.049 seconds
[2024-08-26T15:39:53.164-0700] {processor.py:186} INFO - Started process (PID=14277) to work on /home/jerson/airflow_venv/lib/python3.10/site-packages/airflow/example_dags/example_setup_teardown_taskflow.py
[2024-08-26T15:39:53.164-0700] {processor.py:914} INFO - Processing file /home/jerson/airflow_venv/lib/python3.10/site-packages/airflow/example_dags/example_setup_teardown_taskflow.py for tasks to queue
[2024-08-26T15:39:53.166-0700] {logging_mixin.py:190} INFO - [2024-08-26T15:39:53.165-0700] {dagbag.py:587} INFO - Filling up the DagBag from /home/jerson/airflow_venv/lib/python3.10/site-packages/airflow/example_dags/example_setup_teardown_taskflow.py
[2024-08-26T15:39:53.172-0700] {processor.py:925} INFO - DAG(s) 'example_setup_teardown_taskflow' retrieved from /home/jerson/airflow_venv/lib/python3.10/site-packages/airflow/example_dags/example_setup_teardown_taskflow.py
[2024-08-26T15:39:53.182-0700] {logging_mixin.py:190} INFO - [2024-08-26T15:39:53.182-0700] {dag.py:3211} INFO - Sync 1 DAGs
[2024-08-26T15:39:53.194-0700] {logging_mixin.py:190} INFO - [2024-08-26T15:39:53.194-0700] {dag.py:4138} INFO - Setting next_dagrun for example_setup_teardown_taskflow to 2024-08-25 00:00:00+00:00, run_after=2024-08-26 00:00:00+00:00
[2024-08-26T15:39:53.210-0700] {processor.py:208} INFO - Processing /home/jerson/airflow_venv/lib/python3.10/site-packages/airflow/example_dags/example_setup_teardown_taskflow.py took 0.051 seconds
[2024-08-26T15:40:43.796-0700] {processor.py:186} INFO - Started process (PID=14736) to work on /home/jerson/airflow_venv/lib/python3.10/site-packages/airflow/example_dags/example_setup_teardown_taskflow.py
[2024-08-26T15:40:43.797-0700] {processor.py:914} INFO - Processing file /home/jerson/airflow_venv/lib/python3.10/site-packages/airflow/example_dags/example_setup_teardown_taskflow.py for tasks to queue
[2024-08-26T15:40:43.798-0700] {logging_mixin.py:190} INFO - [2024-08-26T15:40:43.798-0700] {dagbag.py:587} INFO - Filling up the DagBag from /home/jerson/airflow_venv/lib/python3.10/site-packages/airflow/example_dags/example_setup_teardown_taskflow.py
[2024-08-26T15:40:43.805-0700] {processor.py:925} INFO - DAG(s) 'example_setup_teardown_taskflow' retrieved from /home/jerson/airflow_venv/lib/python3.10/site-packages/airflow/example_dags/example_setup_teardown_taskflow.py
[2024-08-26T15:40:43.814-0700] {logging_mixin.py:190} INFO - [2024-08-26T15:40:43.814-0700] {dag.py:3211} INFO - Sync 1 DAGs
[2024-08-26T15:40:43.825-0700] {logging_mixin.py:190} INFO - [2024-08-26T15:40:43.825-0700] {dag.py:4138} INFO - Setting next_dagrun for example_setup_teardown_taskflow to 2024-08-25 00:00:00+00:00, run_after=2024-08-26 00:00:00+00:00
[2024-08-26T15:40:43.840-0700] {processor.py:208} INFO - Processing /home/jerson/airflow_venv/lib/python3.10/site-packages/airflow/example_dags/example_setup_teardown_taskflow.py took 0.047 seconds
[2024-08-26T15:41:32.824-0700] {processor.py:186} INFO - Started process (PID=15164) to work on /home/jerson/airflow_venv/lib/python3.10/site-packages/airflow/example_dags/example_setup_teardown_taskflow.py
[2024-08-26T15:41:32.825-0700] {processor.py:914} INFO - Processing file /home/jerson/airflow_venv/lib/python3.10/site-packages/airflow/example_dags/example_setup_teardown_taskflow.py for tasks to queue
[2024-08-26T15:41:32.827-0700] {logging_mixin.py:190} INFO - [2024-08-26T15:41:32.826-0700] {dagbag.py:587} INFO - Filling up the DagBag from /home/jerson/airflow_venv/lib/python3.10/site-packages/airflow/example_dags/example_setup_teardown_taskflow.py
[2024-08-26T15:41:32.833-0700] {processor.py:925} INFO - DAG(s) 'example_setup_teardown_taskflow' retrieved from /home/jerson/airflow_venv/lib/python3.10/site-packages/airflow/example_dags/example_setup_teardown_taskflow.py
[2024-08-26T15:41:32.843-0700] {logging_mixin.py:190} INFO - [2024-08-26T15:41:32.843-0700] {dag.py:3211} INFO - Sync 1 DAGs
[2024-08-26T15:41:32.854-0700] {logging_mixin.py:190} INFO - [2024-08-26T15:41:32.853-0700] {dag.py:4138} INFO - Setting next_dagrun for example_setup_teardown_taskflow to 2024-08-25 00:00:00+00:00, run_after=2024-08-26 00:00:00+00:00
[2024-08-26T15:41:32.868-0700] {processor.py:208} INFO - Processing /home/jerson/airflow_venv/lib/python3.10/site-packages/airflow/example_dags/example_setup_teardown_taskflow.py took 0.047 seconds
[2024-08-26T15:42:21.252-0700] {processor.py:186} INFO - Started process (PID=15630) to work on /home/jerson/airflow_venv/lib/python3.10/site-packages/airflow/example_dags/example_setup_teardown_taskflow.py
[2024-08-26T15:42:21.253-0700] {processor.py:914} INFO - Processing file /home/jerson/airflow_venv/lib/python3.10/site-packages/airflow/example_dags/example_setup_teardown_taskflow.py for tasks to queue
[2024-08-26T15:42:21.254-0700] {logging_mixin.py:190} INFO - [2024-08-26T15:42:21.254-0700] {dagbag.py:587} INFO - Filling up the DagBag from /home/jerson/airflow_venv/lib/python3.10/site-packages/airflow/example_dags/example_setup_teardown_taskflow.py
[2024-08-26T15:42:21.262-0700] {processor.py:925} INFO - DAG(s) 'example_setup_teardown_taskflow' retrieved from /home/jerson/airflow_venv/lib/python3.10/site-packages/airflow/example_dags/example_setup_teardown_taskflow.py
[2024-08-26T15:42:21.273-0700] {logging_mixin.py:190} INFO - [2024-08-26T15:42:21.273-0700] {dag.py:3211} INFO - Sync 1 DAGs
[2024-08-26T15:42:21.285-0700] {logging_mixin.py:190} INFO - [2024-08-26T15:42:21.285-0700] {dag.py:4138} INFO - Setting next_dagrun for example_setup_teardown_taskflow to 2024-08-25 00:00:00+00:00, run_after=2024-08-26 00:00:00+00:00
[2024-08-26T15:42:21.302-0700] {processor.py:208} INFO - Processing /home/jerson/airflow_venv/lib/python3.10/site-packages/airflow/example_dags/example_setup_teardown_taskflow.py took 0.053 seconds
[2024-08-26T15:43:11.794-0700] {processor.py:186} INFO - Started process (PID=16124) to work on /home/jerson/airflow_venv/lib/python3.10/site-packages/airflow/example_dags/example_setup_teardown_taskflow.py
[2024-08-26T15:43:11.795-0700] {processor.py:914} INFO - Processing file /home/jerson/airflow_venv/lib/python3.10/site-packages/airflow/example_dags/example_setup_teardown_taskflow.py for tasks to queue
[2024-08-26T15:43:11.796-0700] {logging_mixin.py:190} INFO - [2024-08-26T15:43:11.796-0700] {dagbag.py:587} INFO - Filling up the DagBag from /home/jerson/airflow_venv/lib/python3.10/site-packages/airflow/example_dags/example_setup_teardown_taskflow.py
[2024-08-26T15:43:11.803-0700] {processor.py:925} INFO - DAG(s) 'example_setup_teardown_taskflow' retrieved from /home/jerson/airflow_venv/lib/python3.10/site-packages/airflow/example_dags/example_setup_teardown_taskflow.py
[2024-08-26T15:43:11.813-0700] {logging_mixin.py:190} INFO - [2024-08-26T15:43:11.813-0700] {dag.py:3211} INFO - Sync 1 DAGs
[2024-08-26T15:43:11.825-0700] {logging_mixin.py:190} INFO - [2024-08-26T15:43:11.825-0700] {dag.py:4138} INFO - Setting next_dagrun for example_setup_teardown_taskflow to 2024-08-25 00:00:00+00:00, run_after=2024-08-26 00:00:00+00:00
[2024-08-26T15:43:11.842-0700] {processor.py:208} INFO - Processing /home/jerson/airflow_venv/lib/python3.10/site-packages/airflow/example_dags/example_setup_teardown_taskflow.py took 0.052 seconds
[2024-08-26T15:43:59.814-0700] {processor.py:186} INFO - Started process (PID=16566) to work on /home/jerson/airflow_venv/lib/python3.10/site-packages/airflow/example_dags/example_setup_teardown_taskflow.py
[2024-08-26T15:43:59.815-0700] {processor.py:914} INFO - Processing file /home/jerson/airflow_venv/lib/python3.10/site-packages/airflow/example_dags/example_setup_teardown_taskflow.py for tasks to queue
[2024-08-26T15:43:59.816-0700] {logging_mixin.py:190} INFO - [2024-08-26T15:43:59.816-0700] {dagbag.py:587} INFO - Filling up the DagBag from /home/jerson/airflow_venv/lib/python3.10/site-packages/airflow/example_dags/example_setup_teardown_taskflow.py
[2024-08-26T15:43:59.823-0700] {processor.py:925} INFO - DAG(s) 'example_setup_teardown_taskflow' retrieved from /home/jerson/airflow_venv/lib/python3.10/site-packages/airflow/example_dags/example_setup_teardown_taskflow.py
[2024-08-26T15:43:59.834-0700] {logging_mixin.py:190} INFO - [2024-08-26T15:43:59.834-0700] {dag.py:3211} INFO - Sync 1 DAGs
[2024-08-26T15:43:59.846-0700] {logging_mixin.py:190} INFO - [2024-08-26T15:43:59.846-0700] {dag.py:4138} INFO - Setting next_dagrun for example_setup_teardown_taskflow to 2024-08-25 00:00:00+00:00, run_after=2024-08-26 00:00:00+00:00
[2024-08-26T15:43:59.864-0700] {processor.py:208} INFO - Processing /home/jerson/airflow_venv/lib/python3.10/site-packages/airflow/example_dags/example_setup_teardown_taskflow.py took 0.054 seconds
[2024-08-26T15:44:46.697-0700] {processor.py:186} INFO - Started process (PID=16941) to work on /home/jerson/airflow_venv/lib/python3.10/site-packages/airflow/example_dags/example_setup_teardown_taskflow.py
[2024-08-26T15:44:46.698-0700] {processor.py:914} INFO - Processing file /home/jerson/airflow_venv/lib/python3.10/site-packages/airflow/example_dags/example_setup_teardown_taskflow.py for tasks to queue
[2024-08-26T15:44:46.700-0700] {logging_mixin.py:190} INFO - [2024-08-26T15:44:46.700-0700] {dagbag.py:587} INFO - Filling up the DagBag from /home/jerson/airflow_venv/lib/python3.10/site-packages/airflow/example_dags/example_setup_teardown_taskflow.py
[2024-08-26T15:44:46.707-0700] {processor.py:925} INFO - DAG(s) 'example_setup_teardown_taskflow' retrieved from /home/jerson/airflow_venv/lib/python3.10/site-packages/airflow/example_dags/example_setup_teardown_taskflow.py
[2024-08-26T15:44:46.717-0700] {logging_mixin.py:190} INFO - [2024-08-26T15:44:46.717-0700] {dag.py:3211} INFO - Sync 1 DAGs
[2024-08-26T15:44:46.730-0700] {logging_mixin.py:190} INFO - [2024-08-26T15:44:46.729-0700] {dag.py:4138} INFO - Setting next_dagrun for example_setup_teardown_taskflow to 2024-08-25 00:00:00+00:00, run_after=2024-08-26 00:00:00+00:00
[2024-08-26T15:44:46.747-0700] {processor.py:208} INFO - Processing /home/jerson/airflow_venv/lib/python3.10/site-packages/airflow/example_dags/example_setup_teardown_taskflow.py took 0.055 seconds
[2024-08-26T15:45:36.395-0700] {processor.py:186} INFO - Started process (PID=17343) to work on /home/jerson/airflow_venv/lib/python3.10/site-packages/airflow/example_dags/example_setup_teardown_taskflow.py
[2024-08-26T15:45:36.396-0700] {processor.py:914} INFO - Processing file /home/jerson/airflow_venv/lib/python3.10/site-packages/airflow/example_dags/example_setup_teardown_taskflow.py for tasks to queue
[2024-08-26T15:45:36.397-0700] {logging_mixin.py:190} INFO - [2024-08-26T15:45:36.397-0700] {dagbag.py:587} INFO - Filling up the DagBag from /home/jerson/airflow_venv/lib/python3.10/site-packages/airflow/example_dags/example_setup_teardown_taskflow.py
[2024-08-26T15:45:36.404-0700] {processor.py:925} INFO - DAG(s) 'example_setup_teardown_taskflow' retrieved from /home/jerson/airflow_venv/lib/python3.10/site-packages/airflow/example_dags/example_setup_teardown_taskflow.py
[2024-08-26T15:45:36.415-0700] {logging_mixin.py:190} INFO - [2024-08-26T15:45:36.414-0700] {dag.py:3211} INFO - Sync 1 DAGs
[2024-08-26T15:45:36.426-0700] {logging_mixin.py:190} INFO - [2024-08-26T15:45:36.425-0700] {dag.py:4138} INFO - Setting next_dagrun for example_setup_teardown_taskflow to 2024-08-25 00:00:00+00:00, run_after=2024-08-26 00:00:00+00:00
[2024-08-26T15:45:36.443-0700] {processor.py:208} INFO - Processing /home/jerson/airflow_venv/lib/python3.10/site-packages/airflow/example_dags/example_setup_teardown_taskflow.py took 0.051 seconds
[2024-08-26T15:46:28.152-0700] {processor.py:186} INFO - Started process (PID=17859) to work on /home/jerson/airflow_venv/lib/python3.10/site-packages/airflow/example_dags/example_setup_teardown_taskflow.py
[2024-08-26T15:46:28.153-0700] {processor.py:914} INFO - Processing file /home/jerson/airflow_venv/lib/python3.10/site-packages/airflow/example_dags/example_setup_teardown_taskflow.py for tasks to queue
[2024-08-26T15:46:28.154-0700] {logging_mixin.py:190} INFO - [2024-08-26T15:46:28.154-0700] {dagbag.py:587} INFO - Filling up the DagBag from /home/jerson/airflow_venv/lib/python3.10/site-packages/airflow/example_dags/example_setup_teardown_taskflow.py
[2024-08-26T15:46:28.161-0700] {processor.py:925} INFO - DAG(s) 'example_setup_teardown_taskflow' retrieved from /home/jerson/airflow_venv/lib/python3.10/site-packages/airflow/example_dags/example_setup_teardown_taskflow.py
[2024-08-26T15:46:28.172-0700] {logging_mixin.py:190} INFO - [2024-08-26T15:46:28.172-0700] {dag.py:3211} INFO - Sync 1 DAGs
[2024-08-26T15:46:28.185-0700] {logging_mixin.py:190} INFO - [2024-08-26T15:46:28.185-0700] {dag.py:4138} INFO - Setting next_dagrun for example_setup_teardown_taskflow to 2024-08-25 00:00:00+00:00, run_after=2024-08-26 00:00:00+00:00
[2024-08-26T15:46:28.203-0700] {processor.py:208} INFO - Processing /home/jerson/airflow_venv/lib/python3.10/site-packages/airflow/example_dags/example_setup_teardown_taskflow.py took 0.055 seconds
[2024-08-26T15:47:19.909-0700] {processor.py:186} INFO - Started process (PID=18278) to work on /home/jerson/airflow_venv/lib/python3.10/site-packages/airflow/example_dags/example_setup_teardown_taskflow.py
[2024-08-26T15:47:19.910-0700] {processor.py:914} INFO - Processing file /home/jerson/airflow_venv/lib/python3.10/site-packages/airflow/example_dags/example_setup_teardown_taskflow.py for tasks to queue
[2024-08-26T15:47:19.911-0700] {logging_mixin.py:190} INFO - [2024-08-26T15:47:19.911-0700] {dagbag.py:587} INFO - Filling up the DagBag from /home/jerson/airflow_venv/lib/python3.10/site-packages/airflow/example_dags/example_setup_teardown_taskflow.py
[2024-08-26T15:47:19.918-0700] {processor.py:925} INFO - DAG(s) 'example_setup_teardown_taskflow' retrieved from /home/jerson/airflow_venv/lib/python3.10/site-packages/airflow/example_dags/example_setup_teardown_taskflow.py
[2024-08-26T15:47:19.929-0700] {logging_mixin.py:190} INFO - [2024-08-26T15:47:19.928-0700] {dag.py:3211} INFO - Sync 1 DAGs
[2024-08-26T15:47:19.940-0700] {logging_mixin.py:190} INFO - [2024-08-26T15:47:19.940-0700] {dag.py:4138} INFO - Setting next_dagrun for example_setup_teardown_taskflow to 2024-08-25 00:00:00+00:00, run_after=2024-08-26 00:00:00+00:00
[2024-08-26T15:47:19.957-0700] {processor.py:208} INFO - Processing /home/jerson/airflow_venv/lib/python3.10/site-packages/airflow/example_dags/example_setup_teardown_taskflow.py took 0.053 seconds
[2024-08-26T15:48:11.563-0700] {processor.py:186} INFO - Started process (PID=18724) to work on /home/jerson/airflow_venv/lib/python3.10/site-packages/airflow/example_dags/example_setup_teardown_taskflow.py
[2024-08-26T15:48:11.564-0700] {processor.py:914} INFO - Processing file /home/jerson/airflow_venv/lib/python3.10/site-packages/airflow/example_dags/example_setup_teardown_taskflow.py for tasks to queue
[2024-08-26T15:48:11.565-0700] {logging_mixin.py:190} INFO - [2024-08-26T15:48:11.565-0700] {dagbag.py:587} INFO - Filling up the DagBag from /home/jerson/airflow_venv/lib/python3.10/site-packages/airflow/example_dags/example_setup_teardown_taskflow.py
[2024-08-26T15:48:11.572-0700] {processor.py:925} INFO - DAG(s) 'example_setup_teardown_taskflow' retrieved from /home/jerson/airflow_venv/lib/python3.10/site-packages/airflow/example_dags/example_setup_teardown_taskflow.py
[2024-08-26T15:48:11.582-0700] {logging_mixin.py:190} INFO - [2024-08-26T15:48:11.581-0700] {dag.py:3211} INFO - Sync 1 DAGs
[2024-08-26T15:48:11.592-0700] {logging_mixin.py:190} INFO - [2024-08-26T15:48:11.592-0700] {dag.py:4138} INFO - Setting next_dagrun for example_setup_teardown_taskflow to 2024-08-25 00:00:00+00:00, run_after=2024-08-26 00:00:00+00:00
[2024-08-26T15:48:11.608-0700] {processor.py:208} INFO - Processing /home/jerson/airflow_venv/lib/python3.10/site-packages/airflow/example_dags/example_setup_teardown_taskflow.py took 0.049 seconds
[2024-08-26T15:48:58.799-0700] {processor.py:186} INFO - Started process (PID=19423) to work on /home/jerson/airflow_venv/lib/python3.10/site-packages/airflow/example_dags/example_setup_teardown_taskflow.py
[2024-08-26T15:48:58.800-0700] {processor.py:914} INFO - Processing file /home/jerson/airflow_venv/lib/python3.10/site-packages/airflow/example_dags/example_setup_teardown_taskflow.py for tasks to queue
[2024-08-26T15:48:58.800-0700] {logging_mixin.py:190} INFO - [2024-08-26T15:48:58.800-0700] {dagbag.py:587} INFO - Filling up the DagBag from /home/jerson/airflow_venv/lib/python3.10/site-packages/airflow/example_dags/example_setup_teardown_taskflow.py
[2024-08-26T15:48:58.807-0700] {processor.py:925} INFO - DAG(s) 'example_setup_teardown_taskflow' retrieved from /home/jerson/airflow_venv/lib/python3.10/site-packages/airflow/example_dags/example_setup_teardown_taskflow.py
[2024-08-26T15:48:58.817-0700] {logging_mixin.py:190} INFO - [2024-08-26T15:48:58.817-0700] {dag.py:3211} INFO - Sync 1 DAGs
[2024-08-26T15:48:58.827-0700] {logging_mixin.py:190} INFO - [2024-08-26T15:48:58.827-0700] {dag.py:4138} INFO - Setting next_dagrun for example_setup_teardown_taskflow to 2024-08-25 00:00:00+00:00, run_after=2024-08-26 00:00:00+00:00
[2024-08-26T15:48:58.843-0700] {processor.py:208} INFO - Processing /home/jerson/airflow_venv/lib/python3.10/site-packages/airflow/example_dags/example_setup_teardown_taskflow.py took 0.048 seconds
[2024-08-26T15:49:50.559-0700] {processor.py:186} INFO - Started process (PID=20019) to work on /home/jerson/airflow_venv/lib/python3.10/site-packages/airflow/example_dags/example_setup_teardown_taskflow.py
[2024-08-26T15:49:50.560-0700] {processor.py:914} INFO - Processing file /home/jerson/airflow_venv/lib/python3.10/site-packages/airflow/example_dags/example_setup_teardown_taskflow.py for tasks to queue
[2024-08-26T15:49:50.561-0700] {logging_mixin.py:190} INFO - [2024-08-26T15:49:50.561-0700] {dagbag.py:587} INFO - Filling up the DagBag from /home/jerson/airflow_venv/lib/python3.10/site-packages/airflow/example_dags/example_setup_teardown_taskflow.py
[2024-08-26T15:49:50.567-0700] {processor.py:925} INFO - DAG(s) 'example_setup_teardown_taskflow' retrieved from /home/jerson/airflow_venv/lib/python3.10/site-packages/airflow/example_dags/example_setup_teardown_taskflow.py
[2024-08-26T15:49:50.577-0700] {logging_mixin.py:190} INFO - [2024-08-26T15:49:50.577-0700] {dag.py:3211} INFO - Sync 1 DAGs
[2024-08-26T15:49:50.589-0700] {logging_mixin.py:190} INFO - [2024-08-26T15:49:50.588-0700] {dag.py:4138} INFO - Setting next_dagrun for example_setup_teardown_taskflow to 2024-08-25 00:00:00+00:00, run_after=2024-08-26 00:00:00+00:00
[2024-08-26T15:49:50.604-0700] {processor.py:208} INFO - Processing /home/jerson/airflow_venv/lib/python3.10/site-packages/airflow/example_dags/example_setup_teardown_taskflow.py took 0.049 seconds
[2024-08-26T15:50:13.872-0700] {processor.py:186} INFO - Started process (PID=20317) to work on /home/jerson/airflow_venv/lib/python3.10/site-packages/airflow/example_dags/example_setup_teardown_taskflow.py
[2024-08-26T15:50:13.872-0700] {processor.py:914} INFO - Processing file /home/jerson/airflow_venv/lib/python3.10/site-packages/airflow/example_dags/example_setup_teardown_taskflow.py for tasks to queue
[2024-08-26T15:50:13.873-0700] {logging_mixin.py:190} INFO - [2024-08-26T15:50:13.873-0700] {dagbag.py:587} INFO - Filling up the DagBag from /home/jerson/airflow_venv/lib/python3.10/site-packages/airflow/example_dags/example_setup_teardown_taskflow.py
[2024-08-26T15:50:13.880-0700] {processor.py:925} INFO - DAG(s) 'example_setup_teardown_taskflow' retrieved from /home/jerson/airflow_venv/lib/python3.10/site-packages/airflow/example_dags/example_setup_teardown_taskflow.py
[2024-08-26T15:50:13.893-0700] {logging_mixin.py:190} INFO - [2024-08-26T15:50:13.893-0700] {dag.py:3211} INFO - Sync 1 DAGs
[2024-08-26T15:50:13.904-0700] {logging_mixin.py:190} INFO - [2024-08-26T15:50:13.904-0700] {dag.py:4138} INFO - Setting next_dagrun for example_setup_teardown_taskflow to 2024-08-25 00:00:00+00:00, run_after=2024-08-26 00:00:00+00:00
[2024-08-26T15:50:13.919-0700] {processor.py:208} INFO - Processing /home/jerson/airflow_venv/lib/python3.10/site-packages/airflow/example_dags/example_setup_teardown_taskflow.py took 0.050 seconds
[2024-08-26T15:50:39.192-0700] {processor.py:186} INFO - Started process (PID=20593) to work on /home/jerson/airflow_venv/lib/python3.10/site-packages/airflow/example_dags/example_setup_teardown_taskflow.py
[2024-08-26T15:50:39.193-0700] {processor.py:914} INFO - Processing file /home/jerson/airflow_venv/lib/python3.10/site-packages/airflow/example_dags/example_setup_teardown_taskflow.py for tasks to queue
[2024-08-26T15:50:39.194-0700] {logging_mixin.py:190} INFO - [2024-08-26T15:50:39.194-0700] {dagbag.py:587} INFO - Filling up the DagBag from /home/jerson/airflow_venv/lib/python3.10/site-packages/airflow/example_dags/example_setup_teardown_taskflow.py
[2024-08-26T15:50:39.201-0700] {processor.py:925} INFO - DAG(s) 'example_setup_teardown_taskflow' retrieved from /home/jerson/airflow_venv/lib/python3.10/site-packages/airflow/example_dags/example_setup_teardown_taskflow.py
[2024-08-26T15:50:39.211-0700] {logging_mixin.py:190} INFO - [2024-08-26T15:50:39.211-0700] {dag.py:3211} INFO - Sync 1 DAGs
[2024-08-26T15:50:39.223-0700] {logging_mixin.py:190} INFO - [2024-08-26T15:50:39.223-0700] {dag.py:4138} INFO - Setting next_dagrun for example_setup_teardown_taskflow to 2024-08-25 00:00:00+00:00, run_after=2024-08-26 00:00:00+00:00
[2024-08-26T15:50:39.238-0700] {processor.py:208} INFO - Processing /home/jerson/airflow_venv/lib/python3.10/site-packages/airflow/example_dags/example_setup_teardown_taskflow.py took 0.051 seconds
[2024-08-26T15:51:07.545-0700] {processor.py:186} INFO - Started process (PID=20930) to work on /home/jerson/airflow_venv/lib/python3.10/site-packages/airflow/example_dags/example_setup_teardown_taskflow.py
[2024-08-26T15:51:07.546-0700] {processor.py:914} INFO - Processing file /home/jerson/airflow_venv/lib/python3.10/site-packages/airflow/example_dags/example_setup_teardown_taskflow.py for tasks to queue
[2024-08-26T15:51:07.547-0700] {logging_mixin.py:190} INFO - [2024-08-26T15:51:07.547-0700] {dagbag.py:587} INFO - Filling up the DagBag from /home/jerson/airflow_venv/lib/python3.10/site-packages/airflow/example_dags/example_setup_teardown_taskflow.py
[2024-08-26T15:51:07.554-0700] {processor.py:925} INFO - DAG(s) 'example_setup_teardown_taskflow' retrieved from /home/jerson/airflow_venv/lib/python3.10/site-packages/airflow/example_dags/example_setup_teardown_taskflow.py
[2024-08-26T15:51:07.565-0700] {logging_mixin.py:190} INFO - [2024-08-26T15:51:07.565-0700] {dag.py:3211} INFO - Sync 1 DAGs
[2024-08-26T15:51:07.578-0700] {logging_mixin.py:190} INFO - [2024-08-26T15:51:07.577-0700] {dag.py:4138} INFO - Setting next_dagrun for example_setup_teardown_taskflow to 2024-08-25 00:00:00+00:00, run_after=2024-08-26 00:00:00+00:00
[2024-08-26T15:51:07.594-0700] {processor.py:208} INFO - Processing /home/jerson/airflow_venv/lib/python3.10/site-packages/airflow/example_dags/example_setup_teardown_taskflow.py took 0.052 seconds
[2024-08-26T15:51:26.851-0700] {processor.py:186} INFO - Started process (PID=21166) to work on /home/jerson/airflow_venv/lib/python3.10/site-packages/airflow/example_dags/example_setup_teardown_taskflow.py
[2024-08-26T15:51:26.852-0700] {processor.py:914} INFO - Processing file /home/jerson/airflow_venv/lib/python3.10/site-packages/airflow/example_dags/example_setup_teardown_taskflow.py for tasks to queue
[2024-08-26T15:51:26.853-0700] {logging_mixin.py:190} INFO - [2024-08-26T15:51:26.853-0700] {dagbag.py:587} INFO - Filling up the DagBag from /home/jerson/airflow_venv/lib/python3.10/site-packages/airflow/example_dags/example_setup_teardown_taskflow.py
[2024-08-26T15:51:26.859-0700] {processor.py:925} INFO - DAG(s) 'example_setup_teardown_taskflow' retrieved from /home/jerson/airflow_venv/lib/python3.10/site-packages/airflow/example_dags/example_setup_teardown_taskflow.py
[2024-08-26T15:51:26.869-0700] {logging_mixin.py:190} INFO - [2024-08-26T15:51:26.869-0700] {dag.py:3211} INFO - Sync 1 DAGs
[2024-08-26T15:51:26.880-0700] {logging_mixin.py:190} INFO - [2024-08-26T15:51:26.880-0700] {dag.py:4138} INFO - Setting next_dagrun for example_setup_teardown_taskflow to 2024-08-25 00:00:00+00:00, run_after=2024-08-26 00:00:00+00:00
[2024-08-26T15:51:26.896-0700] {processor.py:208} INFO - Processing /home/jerson/airflow_venv/lib/python3.10/site-packages/airflow/example_dags/example_setup_teardown_taskflow.py took 0.049 seconds
[2024-08-26T15:51:56.623-0700] {processor.py:186} INFO - Started process (PID=21483) to work on /home/jerson/airflow_venv/lib/python3.10/site-packages/airflow/example_dags/example_setup_teardown_taskflow.py
[2024-08-26T15:51:56.623-0700] {processor.py:914} INFO - Processing file /home/jerson/airflow_venv/lib/python3.10/site-packages/airflow/example_dags/example_setup_teardown_taskflow.py for tasks to queue
[2024-08-26T15:51:56.624-0700] {logging_mixin.py:190} INFO - [2024-08-26T15:51:56.624-0700] {dagbag.py:587} INFO - Filling up the DagBag from /home/jerson/airflow_venv/lib/python3.10/site-packages/airflow/example_dags/example_setup_teardown_taskflow.py
[2024-08-26T15:51:56.630-0700] {processor.py:925} INFO - DAG(s) 'example_setup_teardown_taskflow' retrieved from /home/jerson/airflow_venv/lib/python3.10/site-packages/airflow/example_dags/example_setup_teardown_taskflow.py
[2024-08-26T15:51:56.640-0700] {logging_mixin.py:190} INFO - [2024-08-26T15:51:56.640-0700] {dag.py:3211} INFO - Sync 1 DAGs
[2024-08-26T15:51:56.652-0700] {logging_mixin.py:190} INFO - [2024-08-26T15:51:56.652-0700] {dag.py:4138} INFO - Setting next_dagrun for example_setup_teardown_taskflow to 2024-08-25 00:00:00+00:00, run_after=2024-08-26 00:00:00+00:00
[2024-08-26T15:51:56.666-0700] {processor.py:208} INFO - Processing /home/jerson/airflow_venv/lib/python3.10/site-packages/airflow/example_dags/example_setup_teardown_taskflow.py took 0.046 seconds
[2024-08-26T15:52:44.005-0700] {processor.py:186} INFO - Started process (PID=21905) to work on /home/jerson/airflow_venv/lib/python3.10/site-packages/airflow/example_dags/example_setup_teardown_taskflow.py
[2024-08-26T15:52:44.006-0700] {processor.py:914} INFO - Processing file /home/jerson/airflow_venv/lib/python3.10/site-packages/airflow/example_dags/example_setup_teardown_taskflow.py for tasks to queue
[2024-08-26T15:52:44.007-0700] {logging_mixin.py:190} INFO - [2024-08-26T15:52:44.007-0700] {dagbag.py:587} INFO - Filling up the DagBag from /home/jerson/airflow_venv/lib/python3.10/site-packages/airflow/example_dags/example_setup_teardown_taskflow.py
[2024-08-26T15:52:44.014-0700] {processor.py:925} INFO - DAG(s) 'example_setup_teardown_taskflow' retrieved from /home/jerson/airflow_venv/lib/python3.10/site-packages/airflow/example_dags/example_setup_teardown_taskflow.py
[2024-08-26T15:52:44.024-0700] {logging_mixin.py:190} INFO - [2024-08-26T15:52:44.024-0700] {dag.py:3211} INFO - Sync 1 DAGs
[2024-08-26T15:52:44.035-0700] {logging_mixin.py:190} INFO - [2024-08-26T15:52:44.035-0700] {dag.py:4138} INFO - Setting next_dagrun for example_setup_teardown_taskflow to 2024-08-25 00:00:00+00:00, run_after=2024-08-26 00:00:00+00:00
[2024-08-26T15:52:44.051-0700] {processor.py:208} INFO - Processing /home/jerson/airflow_venv/lib/python3.10/site-packages/airflow/example_dags/example_setup_teardown_taskflow.py took 0.048 seconds
[2024-08-26T15:53:34.162-0700] {processor.py:186} INFO - Started process (PID=22397) to work on /home/jerson/airflow_venv/lib/python3.10/site-packages/airflow/example_dags/example_setup_teardown_taskflow.py
[2024-08-26T15:53:34.163-0700] {processor.py:914} INFO - Processing file /home/jerson/airflow_venv/lib/python3.10/site-packages/airflow/example_dags/example_setup_teardown_taskflow.py for tasks to queue
[2024-08-26T15:53:34.164-0700] {logging_mixin.py:190} INFO - [2024-08-26T15:53:34.164-0700] {dagbag.py:587} INFO - Filling up the DagBag from /home/jerson/airflow_venv/lib/python3.10/site-packages/airflow/example_dags/example_setup_teardown_taskflow.py
[2024-08-26T15:53:34.171-0700] {processor.py:925} INFO - DAG(s) 'example_setup_teardown_taskflow' retrieved from /home/jerson/airflow_venv/lib/python3.10/site-packages/airflow/example_dags/example_setup_teardown_taskflow.py
[2024-08-26T15:53:34.180-0700] {logging_mixin.py:190} INFO - [2024-08-26T15:53:34.180-0700] {dag.py:3211} INFO - Sync 1 DAGs
[2024-08-26T15:53:34.191-0700] {logging_mixin.py:190} INFO - [2024-08-26T15:53:34.191-0700] {dag.py:4138} INFO - Setting next_dagrun for example_setup_teardown_taskflow to 2024-08-25 00:00:00+00:00, run_after=2024-08-26 00:00:00+00:00
[2024-08-26T15:53:34.205-0700] {processor.py:208} INFO - Processing /home/jerson/airflow_venv/lib/python3.10/site-packages/airflow/example_dags/example_setup_teardown_taskflow.py took 0.046 seconds
[2024-08-26T15:54:05.786-0700] {processor.py:186} INFO - Started process (PID=22708) to work on /home/jerson/airflow_venv/lib/python3.10/site-packages/airflow/example_dags/example_setup_teardown_taskflow.py
[2024-08-26T15:54:05.787-0700] {processor.py:914} INFO - Processing file /home/jerson/airflow_venv/lib/python3.10/site-packages/airflow/example_dags/example_setup_teardown_taskflow.py for tasks to queue
[2024-08-26T15:54:05.788-0700] {logging_mixin.py:190} INFO - [2024-08-26T15:54:05.788-0700] {dagbag.py:587} INFO - Filling up the DagBag from /home/jerson/airflow_venv/lib/python3.10/site-packages/airflow/example_dags/example_setup_teardown_taskflow.py
[2024-08-26T15:54:05.795-0700] {processor.py:925} INFO - DAG(s) 'example_setup_teardown_taskflow' retrieved from /home/jerson/airflow_venv/lib/python3.10/site-packages/airflow/example_dags/example_setup_teardown_taskflow.py
[2024-08-26T15:54:05.810-0700] {logging_mixin.py:190} INFO - [2024-08-26T15:54:05.810-0700] {dag.py:3211} INFO - Sync 1 DAGs
[2024-08-26T15:54:05.822-0700] {logging_mixin.py:190} INFO - [2024-08-26T15:54:05.822-0700] {dag.py:4138} INFO - Setting next_dagrun for example_setup_teardown_taskflow to 2024-08-25 00:00:00+00:00, run_after=2024-08-26 00:00:00+00:00
[2024-08-26T15:54:05.837-0700] {processor.py:208} INFO - Processing /home/jerson/airflow_venv/lib/python3.10/site-packages/airflow/example_dags/example_setup_teardown_taskflow.py took 0.054 seconds
[2024-08-26T15:55:20.495-0700] {processor.py:186} INFO - Started process (PID=23389) to work on /home/jerson/airflow_venv/lib/python3.10/site-packages/airflow/example_dags/example_setup_teardown_taskflow.py
[2024-08-26T15:55:20.497-0700] {processor.py:914} INFO - Processing file /home/jerson/airflow_venv/lib/python3.10/site-packages/airflow/example_dags/example_setup_teardown_taskflow.py for tasks to queue
[2024-08-26T15:55:20.498-0700] {logging_mixin.py:190} INFO - [2024-08-26T15:55:20.498-0700] {dagbag.py:587} INFO - Filling up the DagBag from /home/jerson/airflow_venv/lib/python3.10/site-packages/airflow/example_dags/example_setup_teardown_taskflow.py
[2024-08-26T15:55:20.504-0700] {processor.py:925} INFO - DAG(s) 'example_setup_teardown_taskflow' retrieved from /home/jerson/airflow_venv/lib/python3.10/site-packages/airflow/example_dags/example_setup_teardown_taskflow.py
[2024-08-26T15:55:20.517-0700] {logging_mixin.py:190} INFO - [2024-08-26T15:55:20.517-0700] {dag.py:3211} INFO - Sync 1 DAGs
[2024-08-26T15:55:20.528-0700] {logging_mixin.py:190} INFO - [2024-08-26T15:55:20.527-0700] {dag.py:4138} INFO - Setting next_dagrun for example_setup_teardown_taskflow to 2024-08-25 00:00:00+00:00, run_after=2024-08-26 00:00:00+00:00
[2024-08-26T15:55:20.542-0700] {processor.py:208} INFO - Processing /home/jerson/airflow_venv/lib/python3.10/site-packages/airflow/example_dags/example_setup_teardown_taskflow.py took 0.050 seconds
[2024-08-26T15:56:14.141-0700] {processor.py:186} INFO - Started process (PID=23948) to work on /home/jerson/airflow_venv/lib/python3.10/site-packages/airflow/example_dags/example_setup_teardown_taskflow.py
[2024-08-26T15:56:14.142-0700] {processor.py:914} INFO - Processing file /home/jerson/airflow_venv/lib/python3.10/site-packages/airflow/example_dags/example_setup_teardown_taskflow.py for tasks to queue
[2024-08-26T15:56:14.143-0700] {logging_mixin.py:190} INFO - [2024-08-26T15:56:14.143-0700] {dagbag.py:587} INFO - Filling up the DagBag from /home/jerson/airflow_venv/lib/python3.10/site-packages/airflow/example_dags/example_setup_teardown_taskflow.py
[2024-08-26T15:56:14.149-0700] {processor.py:925} INFO - DAG(s) 'example_setup_teardown_taskflow' retrieved from /home/jerson/airflow_venv/lib/python3.10/site-packages/airflow/example_dags/example_setup_teardown_taskflow.py
[2024-08-26T15:56:14.159-0700] {logging_mixin.py:190} INFO - [2024-08-26T15:56:14.159-0700] {dag.py:3211} INFO - Sync 1 DAGs
[2024-08-26T15:56:14.170-0700] {logging_mixin.py:190} INFO - [2024-08-26T15:56:14.170-0700] {dag.py:4138} INFO - Setting next_dagrun for example_setup_teardown_taskflow to 2024-08-25 00:00:00+00:00, run_after=2024-08-26 00:00:00+00:00
[2024-08-26T15:56:14.186-0700] {processor.py:208} INFO - Processing /home/jerson/airflow_venv/lib/python3.10/site-packages/airflow/example_dags/example_setup_teardown_taskflow.py took 0.048 seconds
[2024-08-26T15:57:08.693-0700] {processor.py:186} INFO - Started process (PID=24766) to work on /home/jerson/airflow_venv/lib/python3.10/site-packages/airflow/example_dags/example_setup_teardown_taskflow.py
[2024-08-26T15:57:08.694-0700] {processor.py:914} INFO - Processing file /home/jerson/airflow_venv/lib/python3.10/site-packages/airflow/example_dags/example_setup_teardown_taskflow.py for tasks to queue
[2024-08-26T15:57:08.695-0700] {logging_mixin.py:190} INFO - [2024-08-26T15:57:08.695-0700] {dagbag.py:587} INFO - Filling up the DagBag from /home/jerson/airflow_venv/lib/python3.10/site-packages/airflow/example_dags/example_setup_teardown_taskflow.py
[2024-08-26T15:57:08.701-0700] {processor.py:925} INFO - DAG(s) 'example_setup_teardown_taskflow' retrieved from /home/jerson/airflow_venv/lib/python3.10/site-packages/airflow/example_dags/example_setup_teardown_taskflow.py
[2024-08-26T15:57:08.711-0700] {logging_mixin.py:190} INFO - [2024-08-26T15:57:08.711-0700] {dag.py:3211} INFO - Sync 1 DAGs
[2024-08-26T15:57:08.723-0700] {logging_mixin.py:190} INFO - [2024-08-26T15:57:08.723-0700] {dag.py:4138} INFO - Setting next_dagrun for example_setup_teardown_taskflow to 2024-08-25 00:00:00+00:00, run_after=2024-08-26 00:00:00+00:00
[2024-08-26T15:57:08.738-0700] {processor.py:208} INFO - Processing /home/jerson/airflow_venv/lib/python3.10/site-packages/airflow/example_dags/example_setup_teardown_taskflow.py took 0.048 seconds
[2024-08-26T15:58:04.813-0700] {processor.py:186} INFO - Started process (PID=25251) to work on /home/jerson/airflow_venv/lib/python3.10/site-packages/airflow/example_dags/example_setup_teardown_taskflow.py
[2024-08-26T15:58:04.814-0700] {processor.py:914} INFO - Processing file /home/jerson/airflow_venv/lib/python3.10/site-packages/airflow/example_dags/example_setup_teardown_taskflow.py for tasks to queue
[2024-08-26T15:58:04.815-0700] {logging_mixin.py:190} INFO - [2024-08-26T15:58:04.815-0700] {dagbag.py:587} INFO - Filling up the DagBag from /home/jerson/airflow_venv/lib/python3.10/site-packages/airflow/example_dags/example_setup_teardown_taskflow.py
[2024-08-26T15:58:04.821-0700] {processor.py:925} INFO - DAG(s) 'example_setup_teardown_taskflow' retrieved from /home/jerson/airflow_venv/lib/python3.10/site-packages/airflow/example_dags/example_setup_teardown_taskflow.py
[2024-08-26T15:58:04.831-0700] {logging_mixin.py:190} INFO - [2024-08-26T15:58:04.831-0700] {dag.py:3211} INFO - Sync 1 DAGs
[2024-08-26T15:58:04.842-0700] {logging_mixin.py:190} INFO - [2024-08-26T15:58:04.842-0700] {dag.py:4138} INFO - Setting next_dagrun for example_setup_teardown_taskflow to 2024-08-25 00:00:00+00:00, run_after=2024-08-26 00:00:00+00:00
[2024-08-26T15:58:04.856-0700] {processor.py:208} INFO - Processing /home/jerson/airflow_venv/lib/python3.10/site-packages/airflow/example_dags/example_setup_teardown_taskflow.py took 0.047 seconds
[2024-08-26T15:58:56.485-0700] {processor.py:186} INFO - Started process (PID=25659) to work on /home/jerson/airflow_venv/lib/python3.10/site-packages/airflow/example_dags/example_setup_teardown_taskflow.py
[2024-08-26T15:58:56.495-0700] {processor.py:914} INFO - Processing file /home/jerson/airflow_venv/lib/python3.10/site-packages/airflow/example_dags/example_setup_teardown_taskflow.py for tasks to queue
[2024-08-26T15:58:56.496-0700] {logging_mixin.py:190} INFO - [2024-08-26T15:58:56.495-0700] {dagbag.py:587} INFO - Filling up the DagBag from /home/jerson/airflow_venv/lib/python3.10/site-packages/airflow/example_dags/example_setup_teardown_taskflow.py
[2024-08-26T15:58:56.502-0700] {processor.py:925} INFO - DAG(s) 'example_setup_teardown_taskflow' retrieved from /home/jerson/airflow_venv/lib/python3.10/site-packages/airflow/example_dags/example_setup_teardown_taskflow.py
[2024-08-26T15:58:56.511-0700] {logging_mixin.py:190} INFO - [2024-08-26T15:58:56.511-0700] {dag.py:3211} INFO - Sync 1 DAGs
[2024-08-26T15:58:56.522-0700] {logging_mixin.py:190} INFO - [2024-08-26T15:58:56.522-0700] {dag.py:4138} INFO - Setting next_dagrun for example_setup_teardown_taskflow to 2024-08-25 00:00:00+00:00, run_after=2024-08-26 00:00:00+00:00
[2024-08-26T15:58:56.538-0700] {processor.py:208} INFO - Processing /home/jerson/airflow_venv/lib/python3.10/site-packages/airflow/example_dags/example_setup_teardown_taskflow.py took 0.056 seconds
[2024-08-26T15:59:42.889-0700] {processor.py:186} INFO - Started process (PID=26032) to work on /home/jerson/airflow_venv/lib/python3.10/site-packages/airflow/example_dags/example_setup_teardown_taskflow.py
[2024-08-26T15:59:42.890-0700] {processor.py:914} INFO - Processing file /home/jerson/airflow_venv/lib/python3.10/site-packages/airflow/example_dags/example_setup_teardown_taskflow.py for tasks to queue
[2024-08-26T15:59:42.891-0700] {logging_mixin.py:190} INFO - [2024-08-26T15:59:42.891-0700] {dagbag.py:587} INFO - Filling up the DagBag from /home/jerson/airflow_venv/lib/python3.10/site-packages/airflow/example_dags/example_setup_teardown_taskflow.py
[2024-08-26T15:59:42.897-0700] {processor.py:925} INFO - DAG(s) 'example_setup_teardown_taskflow' retrieved from /home/jerson/airflow_venv/lib/python3.10/site-packages/airflow/example_dags/example_setup_teardown_taskflow.py
[2024-08-26T15:59:42.907-0700] {logging_mixin.py:190} INFO - [2024-08-26T15:59:42.907-0700] {dag.py:3211} INFO - Sync 1 DAGs
[2024-08-26T15:59:42.917-0700] {logging_mixin.py:190} INFO - [2024-08-26T15:59:42.917-0700] {dag.py:4138} INFO - Setting next_dagrun for example_setup_teardown_taskflow to 2024-08-25 00:00:00+00:00, run_after=2024-08-26 00:00:00+00:00
[2024-08-26T15:59:42.933-0700] {processor.py:208} INFO - Processing /home/jerson/airflow_venv/lib/python3.10/site-packages/airflow/example_dags/example_setup_teardown_taskflow.py took 0.047 seconds
[2024-08-26T16:00:30.107-0700] {processor.py:186} INFO - Started process (PID=26435) to work on /home/jerson/airflow_venv/lib/python3.10/site-packages/airflow/example_dags/example_setup_teardown_taskflow.py
[2024-08-26T16:00:30.108-0700] {processor.py:914} INFO - Processing file /home/jerson/airflow_venv/lib/python3.10/site-packages/airflow/example_dags/example_setup_teardown_taskflow.py for tasks to queue
[2024-08-26T16:00:30.109-0700] {logging_mixin.py:190} INFO - [2024-08-26T16:00:30.109-0700] {dagbag.py:587} INFO - Filling up the DagBag from /home/jerson/airflow_venv/lib/python3.10/site-packages/airflow/example_dags/example_setup_teardown_taskflow.py
[2024-08-26T16:00:30.116-0700] {processor.py:925} INFO - DAG(s) 'example_setup_teardown_taskflow' retrieved from /home/jerson/airflow_venv/lib/python3.10/site-packages/airflow/example_dags/example_setup_teardown_taskflow.py
[2024-08-26T16:00:30.126-0700] {logging_mixin.py:190} INFO - [2024-08-26T16:00:30.125-0700] {dag.py:3211} INFO - Sync 1 DAGs
[2024-08-26T16:00:30.136-0700] {logging_mixin.py:190} INFO - [2024-08-26T16:00:30.136-0700] {dag.py:4138} INFO - Setting next_dagrun for example_setup_teardown_taskflow to 2024-08-25 00:00:00+00:00, run_after=2024-08-26 00:00:00+00:00
[2024-08-26T16:00:30.152-0700] {processor.py:208} INFO - Processing /home/jerson/airflow_venv/lib/python3.10/site-packages/airflow/example_dags/example_setup_teardown_taskflow.py took 0.048 seconds
[2024-08-26T16:01:15.214-0700] {processor.py:186} INFO - Started process (PID=26799) to work on /home/jerson/airflow_venv/lib/python3.10/site-packages/airflow/example_dags/example_setup_teardown_taskflow.py
[2024-08-26T16:01:15.215-0700] {processor.py:914} INFO - Processing file /home/jerson/airflow_venv/lib/python3.10/site-packages/airflow/example_dags/example_setup_teardown_taskflow.py for tasks to queue
[2024-08-26T16:01:15.216-0700] {logging_mixin.py:190} INFO - [2024-08-26T16:01:15.216-0700] {dagbag.py:587} INFO - Filling up the DagBag from /home/jerson/airflow_venv/lib/python3.10/site-packages/airflow/example_dags/example_setup_teardown_taskflow.py
[2024-08-26T16:01:15.223-0700] {processor.py:925} INFO - DAG(s) 'example_setup_teardown_taskflow' retrieved from /home/jerson/airflow_venv/lib/python3.10/site-packages/airflow/example_dags/example_setup_teardown_taskflow.py
[2024-08-26T16:01:15.233-0700] {logging_mixin.py:190} INFO - [2024-08-26T16:01:15.233-0700] {dag.py:3211} INFO - Sync 1 DAGs
[2024-08-26T16:01:15.244-0700] {logging_mixin.py:190} INFO - [2024-08-26T16:01:15.243-0700] {dag.py:4138} INFO - Setting next_dagrun for example_setup_teardown_taskflow to 2024-08-25 00:00:00+00:00, run_after=2024-08-26 00:00:00+00:00
[2024-08-26T16:01:15.259-0700] {processor.py:208} INFO - Processing /home/jerson/airflow_venv/lib/python3.10/site-packages/airflow/example_dags/example_setup_teardown_taskflow.py took 0.048 seconds
[2024-08-26T16:02:05.400-0700] {processor.py:186} INFO - Started process (PID=27194) to work on /home/jerson/airflow_venv/lib/python3.10/site-packages/airflow/example_dags/example_setup_teardown_taskflow.py
[2024-08-26T16:02:05.402-0700] {processor.py:914} INFO - Processing file /home/jerson/airflow_venv/lib/python3.10/site-packages/airflow/example_dags/example_setup_teardown_taskflow.py for tasks to queue
[2024-08-26T16:02:05.403-0700] {logging_mixin.py:190} INFO - [2024-08-26T16:02:05.403-0700] {dagbag.py:587} INFO - Filling up the DagBag from /home/jerson/airflow_venv/lib/python3.10/site-packages/airflow/example_dags/example_setup_teardown_taskflow.py
[2024-08-26T16:02:05.409-0700] {processor.py:925} INFO - DAG(s) 'example_setup_teardown_taskflow' retrieved from /home/jerson/airflow_venv/lib/python3.10/site-packages/airflow/example_dags/example_setup_teardown_taskflow.py
[2024-08-26T16:02:05.419-0700] {logging_mixin.py:190} INFO - [2024-08-26T16:02:05.419-0700] {dag.py:3211} INFO - Sync 1 DAGs
[2024-08-26T16:02:05.430-0700] {logging_mixin.py:190} INFO - [2024-08-26T16:02:05.430-0700] {dag.py:4138} INFO - Setting next_dagrun for example_setup_teardown_taskflow to 2024-08-25 00:00:00+00:00, run_after=2024-08-26 00:00:00+00:00
[2024-08-26T16:02:05.450-0700] {processor.py:208} INFO - Processing /home/jerson/airflow_venv/lib/python3.10/site-packages/airflow/example_dags/example_setup_teardown_taskflow.py took 0.053 seconds
[2024-08-26T16:02:57.181-0700] {processor.py:186} INFO - Started process (PID=27609) to work on /home/jerson/airflow_venv/lib/python3.10/site-packages/airflow/example_dags/example_setup_teardown_taskflow.py
[2024-08-26T16:02:57.182-0700] {processor.py:914} INFO - Processing file /home/jerson/airflow_venv/lib/python3.10/site-packages/airflow/example_dags/example_setup_teardown_taskflow.py for tasks to queue
[2024-08-26T16:02:57.183-0700] {logging_mixin.py:190} INFO - [2024-08-26T16:02:57.183-0700] {dagbag.py:587} INFO - Filling up the DagBag from /home/jerson/airflow_venv/lib/python3.10/site-packages/airflow/example_dags/example_setup_teardown_taskflow.py
[2024-08-26T16:02:57.189-0700] {processor.py:925} INFO - DAG(s) 'example_setup_teardown_taskflow' retrieved from /home/jerson/airflow_venv/lib/python3.10/site-packages/airflow/example_dags/example_setup_teardown_taskflow.py
[2024-08-26T16:02:57.199-0700] {logging_mixin.py:190} INFO - [2024-08-26T16:02:57.199-0700] {dag.py:3211} INFO - Sync 1 DAGs
[2024-08-26T16:02:57.210-0700] {logging_mixin.py:190} INFO - [2024-08-26T16:02:57.210-0700] {dag.py:4138} INFO - Setting next_dagrun for example_setup_teardown_taskflow to 2024-08-25 00:00:00+00:00, run_after=2024-08-26 00:00:00+00:00
[2024-08-26T16:02:57.226-0700] {processor.py:208} INFO - Processing /home/jerson/airflow_venv/lib/python3.10/site-packages/airflow/example_dags/example_setup_teardown_taskflow.py took 0.048 seconds
[2024-08-26T16:03:45.305-0700] {processor.py:186} INFO - Started process (PID=27991) to work on /home/jerson/airflow_venv/lib/python3.10/site-packages/airflow/example_dags/example_setup_teardown_taskflow.py
[2024-08-26T16:03:45.305-0700] {processor.py:914} INFO - Processing file /home/jerson/airflow_venv/lib/python3.10/site-packages/airflow/example_dags/example_setup_teardown_taskflow.py for tasks to queue
[2024-08-26T16:03:45.307-0700] {logging_mixin.py:190} INFO - [2024-08-26T16:03:45.306-0700] {dagbag.py:587} INFO - Filling up the DagBag from /home/jerson/airflow_venv/lib/python3.10/site-packages/airflow/example_dags/example_setup_teardown_taskflow.py
[2024-08-26T16:03:45.313-0700] {processor.py:925} INFO - DAG(s) 'example_setup_teardown_taskflow' retrieved from /home/jerson/airflow_venv/lib/python3.10/site-packages/airflow/example_dags/example_setup_teardown_taskflow.py
[2024-08-26T16:03:45.323-0700] {logging_mixin.py:190} INFO - [2024-08-26T16:03:45.322-0700] {dag.py:3211} INFO - Sync 1 DAGs
[2024-08-26T16:03:45.333-0700] {logging_mixin.py:190} INFO - [2024-08-26T16:03:45.333-0700] {dag.py:4138} INFO - Setting next_dagrun for example_setup_teardown_taskflow to 2024-08-25 00:00:00+00:00, run_after=2024-08-26 00:00:00+00:00
[2024-08-26T16:03:45.348-0700] {processor.py:208} INFO - Processing /home/jerson/airflow_venv/lib/python3.10/site-packages/airflow/example_dags/example_setup_teardown_taskflow.py took 0.047 seconds
[2024-08-26T16:04:35.046-0700] {processor.py:186} INFO - Started process (PID=28386) to work on /home/jerson/airflow_venv/lib/python3.10/site-packages/airflow/example_dags/example_setup_teardown_taskflow.py
[2024-08-26T16:04:35.047-0700] {processor.py:914} INFO - Processing file /home/jerson/airflow_venv/lib/python3.10/site-packages/airflow/example_dags/example_setup_teardown_taskflow.py for tasks to queue
[2024-08-26T16:04:35.048-0700] {logging_mixin.py:190} INFO - [2024-08-26T16:04:35.048-0700] {dagbag.py:587} INFO - Filling up the DagBag from /home/jerson/airflow_venv/lib/python3.10/site-packages/airflow/example_dags/example_setup_teardown_taskflow.py
[2024-08-26T16:04:35.054-0700] {processor.py:925} INFO - DAG(s) 'example_setup_teardown_taskflow' retrieved from /home/jerson/airflow_venv/lib/python3.10/site-packages/airflow/example_dags/example_setup_teardown_taskflow.py
[2024-08-26T16:04:35.064-0700] {logging_mixin.py:190} INFO - [2024-08-26T16:04:35.064-0700] {dag.py:3211} INFO - Sync 1 DAGs
[2024-08-26T16:04:35.075-0700] {logging_mixin.py:190} INFO - [2024-08-26T16:04:35.075-0700] {dag.py:4138} INFO - Setting next_dagrun for example_setup_teardown_taskflow to 2024-08-25 00:00:00+00:00, run_after=2024-08-26 00:00:00+00:00
[2024-08-26T16:04:35.090-0700] {processor.py:208} INFO - Processing /home/jerson/airflow_venv/lib/python3.10/site-packages/airflow/example_dags/example_setup_teardown_taskflow.py took 0.047 seconds
[2024-08-26T16:05:22.809-0700] {processor.py:186} INFO - Started process (PID=28803) to work on /home/jerson/airflow_venv/lib/python3.10/site-packages/airflow/example_dags/example_setup_teardown_taskflow.py
[2024-08-26T16:05:22.810-0700] {processor.py:914} INFO - Processing file /home/jerson/airflow_venv/lib/python3.10/site-packages/airflow/example_dags/example_setup_teardown_taskflow.py for tasks to queue
[2024-08-26T16:05:22.811-0700] {logging_mixin.py:190} INFO - [2024-08-26T16:05:22.811-0700] {dagbag.py:587} INFO - Filling up the DagBag from /home/jerson/airflow_venv/lib/python3.10/site-packages/airflow/example_dags/example_setup_teardown_taskflow.py
[2024-08-26T16:05:22.817-0700] {processor.py:925} INFO - DAG(s) 'example_setup_teardown_taskflow' retrieved from /home/jerson/airflow_venv/lib/python3.10/site-packages/airflow/example_dags/example_setup_teardown_taskflow.py
[2024-08-26T16:05:22.828-0700] {logging_mixin.py:190} INFO - [2024-08-26T16:05:22.827-0700] {dag.py:3211} INFO - Sync 1 DAGs
[2024-08-26T16:05:22.839-0700] {logging_mixin.py:190} INFO - [2024-08-26T16:05:22.838-0700] {dag.py:4138} INFO - Setting next_dagrun for example_setup_teardown_taskflow to 2024-08-25 00:00:00+00:00, run_after=2024-08-26 00:00:00+00:00
[2024-08-26T16:05:22.855-0700] {processor.py:208} INFO - Processing /home/jerson/airflow_venv/lib/python3.10/site-packages/airflow/example_dags/example_setup_teardown_taskflow.py took 0.049 seconds
[2024-08-26T16:06:09.452-0700] {processor.py:186} INFO - Started process (PID=29172) to work on /home/jerson/airflow_venv/lib/python3.10/site-packages/airflow/example_dags/example_setup_teardown_taskflow.py
[2024-08-26T16:06:09.453-0700] {processor.py:914} INFO - Processing file /home/jerson/airflow_venv/lib/python3.10/site-packages/airflow/example_dags/example_setup_teardown_taskflow.py for tasks to queue
[2024-08-26T16:06:09.454-0700] {logging_mixin.py:190} INFO - [2024-08-26T16:06:09.454-0700] {dagbag.py:587} INFO - Filling up the DagBag from /home/jerson/airflow_venv/lib/python3.10/site-packages/airflow/example_dags/example_setup_teardown_taskflow.py
[2024-08-26T16:06:09.461-0700] {processor.py:925} INFO - DAG(s) 'example_setup_teardown_taskflow' retrieved from /home/jerson/airflow_venv/lib/python3.10/site-packages/airflow/example_dags/example_setup_teardown_taskflow.py
[2024-08-26T16:06:09.476-0700] {logging_mixin.py:190} INFO - [2024-08-26T16:06:09.476-0700] {dag.py:3211} INFO - Sync 1 DAGs
[2024-08-26T16:06:09.493-0700] {logging_mixin.py:190} INFO - [2024-08-26T16:06:09.492-0700] {dag.py:4138} INFO - Setting next_dagrun for example_setup_teardown_taskflow to 2024-08-25 00:00:00+00:00, run_after=2024-08-26 00:00:00+00:00
[2024-08-26T16:06:09.517-0700] {processor.py:208} INFO - Processing /home/jerson/airflow_venv/lib/python3.10/site-packages/airflow/example_dags/example_setup_teardown_taskflow.py took 0.068 seconds
[2024-08-26T16:06:57.689-0700] {processor.py:186} INFO - Started process (PID=29553) to work on /home/jerson/airflow_venv/lib/python3.10/site-packages/airflow/example_dags/example_setup_teardown_taskflow.py
[2024-08-26T16:06:57.691-0700] {processor.py:914} INFO - Processing file /home/jerson/airflow_venv/lib/python3.10/site-packages/airflow/example_dags/example_setup_teardown_taskflow.py for tasks to queue
[2024-08-26T16:06:57.692-0700] {logging_mixin.py:190} INFO - [2024-08-26T16:06:57.692-0700] {dagbag.py:587} INFO - Filling up the DagBag from /home/jerson/airflow_venv/lib/python3.10/site-packages/airflow/example_dags/example_setup_teardown_taskflow.py
[2024-08-26T16:06:57.699-0700] {processor.py:925} INFO - DAG(s) 'example_setup_teardown_taskflow' retrieved from /home/jerson/airflow_venv/lib/python3.10/site-packages/airflow/example_dags/example_setup_teardown_taskflow.py
[2024-08-26T16:06:57.709-0700] {logging_mixin.py:190} INFO - [2024-08-26T16:06:57.709-0700] {dag.py:3211} INFO - Sync 1 DAGs
[2024-08-26T16:06:57.720-0700] {logging_mixin.py:190} INFO - [2024-08-26T16:06:57.719-0700] {dag.py:4138} INFO - Setting next_dagrun for example_setup_teardown_taskflow to 2024-08-25 00:00:00+00:00, run_after=2024-08-26 00:00:00+00:00
[2024-08-26T16:06:57.758-0700] {processor.py:208} INFO - Processing /home/jerson/airflow_venv/lib/python3.10/site-packages/airflow/example_dags/example_setup_teardown_taskflow.py took 0.072 seconds
[2024-08-26T16:07:55.807-0700] {processor.py:186} INFO - Started process (PID=30008) to work on /home/jerson/airflow_venv/lib/python3.10/site-packages/airflow/example_dags/example_setup_teardown_taskflow.py
[2024-08-26T16:07:55.808-0700] {processor.py:914} INFO - Processing file /home/jerson/airflow_venv/lib/python3.10/site-packages/airflow/example_dags/example_setup_teardown_taskflow.py for tasks to queue
[2024-08-26T16:07:55.809-0700] {logging_mixin.py:190} INFO - [2024-08-26T16:07:55.809-0700] {dagbag.py:587} INFO - Filling up the DagBag from /home/jerson/airflow_venv/lib/python3.10/site-packages/airflow/example_dags/example_setup_teardown_taskflow.py
[2024-08-26T16:07:55.816-0700] {processor.py:925} INFO - DAG(s) 'example_setup_teardown_taskflow' retrieved from /home/jerson/airflow_venv/lib/python3.10/site-packages/airflow/example_dags/example_setup_teardown_taskflow.py
[2024-08-26T16:07:55.826-0700] {logging_mixin.py:190} INFO - [2024-08-26T16:07:55.826-0700] {dag.py:3211} INFO - Sync 1 DAGs
[2024-08-26T16:07:55.838-0700] {logging_mixin.py:190} INFO - [2024-08-26T16:07:55.838-0700] {dag.py:4138} INFO - Setting next_dagrun for example_setup_teardown_taskflow to 2024-08-25 00:00:00+00:00, run_after=2024-08-26 00:00:00+00:00
[2024-08-26T16:07:55.853-0700] {processor.py:208} INFO - Processing /home/jerson/airflow_venv/lib/python3.10/site-packages/airflow/example_dags/example_setup_teardown_taskflow.py took 0.049 seconds
[2024-08-26T16:08:51.576-0700] {processor.py:186} INFO - Started process (PID=30454) to work on /home/jerson/airflow_venv/lib/python3.10/site-packages/airflow/example_dags/example_setup_teardown_taskflow.py
[2024-08-26T16:08:51.577-0700] {processor.py:914} INFO - Processing file /home/jerson/airflow_venv/lib/python3.10/site-packages/airflow/example_dags/example_setup_teardown_taskflow.py for tasks to queue
[2024-08-26T16:08:51.578-0700] {logging_mixin.py:190} INFO - [2024-08-26T16:08:51.578-0700] {dagbag.py:587} INFO - Filling up the DagBag from /home/jerson/airflow_venv/lib/python3.10/site-packages/airflow/example_dags/example_setup_teardown_taskflow.py
[2024-08-26T16:08:51.585-0700] {processor.py:925} INFO - DAG(s) 'example_setup_teardown_taskflow' retrieved from /home/jerson/airflow_venv/lib/python3.10/site-packages/airflow/example_dags/example_setup_teardown_taskflow.py
[2024-08-26T16:08:51.595-0700] {logging_mixin.py:190} INFO - [2024-08-26T16:08:51.595-0700] {dag.py:3211} INFO - Sync 1 DAGs
[2024-08-26T16:08:51.605-0700] {logging_mixin.py:190} INFO - [2024-08-26T16:08:51.605-0700] {dag.py:4138} INFO - Setting next_dagrun for example_setup_teardown_taskflow to 2024-08-25 00:00:00+00:00, run_after=2024-08-26 00:00:00+00:00
[2024-08-26T16:08:51.620-0700] {processor.py:208} INFO - Processing /home/jerson/airflow_venv/lib/python3.10/site-packages/airflow/example_dags/example_setup_teardown_taskflow.py took 0.048 seconds
[2024-08-26T16:09:40.168-0700] {processor.py:186} INFO - Started process (PID=30840) to work on /home/jerson/airflow_venv/lib/python3.10/site-packages/airflow/example_dags/example_setup_teardown_taskflow.py
[2024-08-26T16:09:40.169-0700] {processor.py:914} INFO - Processing file /home/jerson/airflow_venv/lib/python3.10/site-packages/airflow/example_dags/example_setup_teardown_taskflow.py for tasks to queue
[2024-08-26T16:09:40.170-0700] {logging_mixin.py:190} INFO - [2024-08-26T16:09:40.170-0700] {dagbag.py:587} INFO - Filling up the DagBag from /home/jerson/airflow_venv/lib/python3.10/site-packages/airflow/example_dags/example_setup_teardown_taskflow.py
[2024-08-26T16:09:40.177-0700] {processor.py:925} INFO - DAG(s) 'example_setup_teardown_taskflow' retrieved from /home/jerson/airflow_venv/lib/python3.10/site-packages/airflow/example_dags/example_setup_teardown_taskflow.py
[2024-08-26T16:09:40.187-0700] {logging_mixin.py:190} INFO - [2024-08-26T16:09:40.187-0700] {dag.py:3211} INFO - Sync 1 DAGs
[2024-08-26T16:09:40.198-0700] {logging_mixin.py:190} INFO - [2024-08-26T16:09:40.198-0700] {dag.py:4138} INFO - Setting next_dagrun for example_setup_teardown_taskflow to 2024-08-25 00:00:00+00:00, run_after=2024-08-26 00:00:00+00:00
[2024-08-26T16:09:40.213-0700] {processor.py:208} INFO - Processing /home/jerson/airflow_venv/lib/python3.10/site-packages/airflow/example_dags/example_setup_teardown_taskflow.py took 0.048 seconds
[2024-08-26T16:10:26.426-0700] {processor.py:186} INFO - Started process (PID=31236) to work on /home/jerson/airflow_venv/lib/python3.10/site-packages/airflow/example_dags/example_setup_teardown_taskflow.py
[2024-08-26T16:10:26.427-0700] {processor.py:914} INFO - Processing file /home/jerson/airflow_venv/lib/python3.10/site-packages/airflow/example_dags/example_setup_teardown_taskflow.py for tasks to queue
[2024-08-26T16:10:26.428-0700] {logging_mixin.py:190} INFO - [2024-08-26T16:10:26.428-0700] {dagbag.py:587} INFO - Filling up the DagBag from /home/jerson/airflow_venv/lib/python3.10/site-packages/airflow/example_dags/example_setup_teardown_taskflow.py
[2024-08-26T16:10:26.437-0700] {processor.py:925} INFO - DAG(s) 'example_setup_teardown_taskflow' retrieved from /home/jerson/airflow_venv/lib/python3.10/site-packages/airflow/example_dags/example_setup_teardown_taskflow.py
[2024-08-26T16:10:26.447-0700] {logging_mixin.py:190} INFO - [2024-08-26T16:10:26.447-0700] {dag.py:3211} INFO - Sync 1 DAGs
[2024-08-26T16:10:26.458-0700] {logging_mixin.py:190} INFO - [2024-08-26T16:10:26.457-0700] {dag.py:4138} INFO - Setting next_dagrun for example_setup_teardown_taskflow to 2024-08-25 00:00:00+00:00, run_after=2024-08-26 00:00:00+00:00
[2024-08-26T16:10:26.474-0700] {processor.py:208} INFO - Processing /home/jerson/airflow_venv/lib/python3.10/site-packages/airflow/example_dags/example_setup_teardown_taskflow.py took 0.051 seconds
[2024-08-26T16:11:16.416-0700] {processor.py:186} INFO - Started process (PID=31635) to work on /home/jerson/airflow_venv/lib/python3.10/site-packages/airflow/example_dags/example_setup_teardown_taskflow.py
[2024-08-26T16:11:16.417-0700] {processor.py:914} INFO - Processing file /home/jerson/airflow_venv/lib/python3.10/site-packages/airflow/example_dags/example_setup_teardown_taskflow.py for tasks to queue
[2024-08-26T16:11:16.418-0700] {logging_mixin.py:190} INFO - [2024-08-26T16:11:16.418-0700] {dagbag.py:587} INFO - Filling up the DagBag from /home/jerson/airflow_venv/lib/python3.10/site-packages/airflow/example_dags/example_setup_teardown_taskflow.py
[2024-08-26T16:11:16.424-0700] {processor.py:925} INFO - DAG(s) 'example_setup_teardown_taskflow' retrieved from /home/jerson/airflow_venv/lib/python3.10/site-packages/airflow/example_dags/example_setup_teardown_taskflow.py
[2024-08-26T16:11:16.434-0700] {logging_mixin.py:190} INFO - [2024-08-26T16:11:16.434-0700] {dag.py:3211} INFO - Sync 1 DAGs
[2024-08-26T16:11:16.445-0700] {logging_mixin.py:190} INFO - [2024-08-26T16:11:16.445-0700] {dag.py:4138} INFO - Setting next_dagrun for example_setup_teardown_taskflow to 2024-08-25 00:00:00+00:00, run_after=2024-08-26 00:00:00+00:00
[2024-08-26T16:11:16.461-0700] {processor.py:208} INFO - Processing /home/jerson/airflow_venv/lib/python3.10/site-packages/airflow/example_dags/example_setup_teardown_taskflow.py took 0.049 seconds
[2024-08-26T16:12:04.789-0700] {processor.py:186} INFO - Started process (PID=32020) to work on /home/jerson/airflow_venv/lib/python3.10/site-packages/airflow/example_dags/example_setup_teardown_taskflow.py
[2024-08-26T16:12:04.790-0700] {processor.py:914} INFO - Processing file /home/jerson/airflow_venv/lib/python3.10/site-packages/airflow/example_dags/example_setup_teardown_taskflow.py for tasks to queue
[2024-08-26T16:12:04.791-0700] {logging_mixin.py:190} INFO - [2024-08-26T16:12:04.791-0700] {dagbag.py:587} INFO - Filling up the DagBag from /home/jerson/airflow_venv/lib/python3.10/site-packages/airflow/example_dags/example_setup_teardown_taskflow.py
[2024-08-26T16:12:04.797-0700] {processor.py:925} INFO - DAG(s) 'example_setup_teardown_taskflow' retrieved from /home/jerson/airflow_venv/lib/python3.10/site-packages/airflow/example_dags/example_setup_teardown_taskflow.py
[2024-08-26T16:12:04.807-0700] {logging_mixin.py:190} INFO - [2024-08-26T16:12:04.807-0700] {dag.py:3211} INFO - Sync 1 DAGs
[2024-08-26T16:12:04.818-0700] {logging_mixin.py:190} INFO - [2024-08-26T16:12:04.818-0700] {dag.py:4138} INFO - Setting next_dagrun for example_setup_teardown_taskflow to 2024-08-25 00:00:00+00:00, run_after=2024-08-26 00:00:00+00:00
[2024-08-26T16:12:04.833-0700] {processor.py:208} INFO - Processing /home/jerson/airflow_venv/lib/python3.10/site-packages/airflow/example_dags/example_setup_teardown_taskflow.py took 0.047 seconds
