[2024-08-26T15:21:32.293-0700] {processor.py:186} INFO - Started process (PID=7363) to work on /home/jerson/airflow_venv/lib/python3.10/site-packages/airflow/example_dags/example_setup_teardown.py
[2024-08-26T15:21:32.293-0700] {processor.py:914} INFO - Processing file /home/jerson/airflow_venv/lib/python3.10/site-packages/airflow/example_dags/example_setup_teardown.py for tasks to queue
[2024-08-26T15:21:32.294-0700] {logging_mixin.py:190} INFO - [2024-08-26T15:21:32.294-0700] {dagbag.py:587} INFO - Filling up the DagBag from /home/jerson/airflow_venv/lib/python3.10/site-packages/airflow/example_dags/example_setup_teardown.py
[2024-08-26T15:21:32.299-0700] {processor.py:925} INFO - DAG(s) 'example_setup_teardown' retrieved from /home/jerson/airflow_venv/lib/python3.10/site-packages/airflow/example_dags/example_setup_teardown.py
[2024-08-26T15:21:32.368-0700] {logging_mixin.py:190} INFO - [2024-08-26T15:21:32.367-0700] {override.py:1900} INFO - Created Permission View: can read on DAG:example_setup_teardown
[2024-08-26T15:21:32.380-0700] {logging_mixin.py:190} INFO - [2024-08-26T15:21:32.379-0700] {override.py:1900} INFO - Created Permission View: can delete on DAG:example_setup_teardown
[2024-08-26T15:21:32.389-0700] {logging_mixin.py:190} INFO - [2024-08-26T15:21:32.389-0700] {override.py:1900} INFO - Created Permission View: can edit on DAG:example_setup_teardown
[2024-08-26T15:21:32.405-0700] {logging_mixin.py:190} INFO - [2024-08-26T15:21:32.405-0700] {override.py:1900} INFO - Created Permission View: can read on DAG Run:example_setup_teardown
[2024-08-26T15:21:32.413-0700] {logging_mixin.py:190} INFO - [2024-08-26T15:21:32.413-0700] {override.py:1900} INFO - Created Permission View: can create on DAG Run:example_setup_teardown
[2024-08-26T15:21:32.422-0700] {logging_mixin.py:190} INFO - [2024-08-26T15:21:32.422-0700] {override.py:1900} INFO - Created Permission View: menu access on DAG Run:example_setup_teardown
[2024-08-26T15:21:32.432-0700] {logging_mixin.py:190} INFO - [2024-08-26T15:21:32.431-0700] {override.py:1900} INFO - Created Permission View: can delete on DAG Run:example_setup_teardown
[2024-08-26T15:21:32.432-0700] {logging_mixin.py:190} INFO - [2024-08-26T15:21:32.432-0700] {dag.py:3211} INFO - Sync 1 DAGs
[2024-08-26T15:21:32.439-0700] {logging_mixin.py:190} INFO - [2024-08-26T15:21:32.439-0700] {dag.py:3234} INFO - Creating ORM DAG for example_setup_teardown
[2024-08-26T15:21:32.443-0700] {logging_mixin.py:190} INFO - [2024-08-26T15:21:32.443-0700] {dag.py:4138} INFO - Setting next_dagrun for example_setup_teardown to 2024-08-25 00:00:00+00:00, run_after=2024-08-26 00:00:00+00:00
[2024-08-26T15:21:32.459-0700] {processor.py:208} INFO - Processing /home/jerson/airflow_venv/lib/python3.10/site-packages/airflow/example_dags/example_setup_teardown.py took 0.169 seconds
[2024-08-26T15:22:32.582-0700] {processor.py:186} INFO - Started process (PID=7752) to work on /home/jerson/airflow_venv/lib/python3.10/site-packages/airflow/example_dags/example_setup_teardown.py
[2024-08-26T15:22:32.583-0700] {processor.py:914} INFO - Processing file /home/jerson/airflow_venv/lib/python3.10/site-packages/airflow/example_dags/example_setup_teardown.py for tasks to queue
[2024-08-26T15:22:32.584-0700] {logging_mixin.py:190} INFO - [2024-08-26T15:22:32.584-0700] {dagbag.py:587} INFO - Filling up the DagBag from /home/jerson/airflow_venv/lib/python3.10/site-packages/airflow/example_dags/example_setup_teardown.py
[2024-08-26T15:22:32.589-0700] {processor.py:925} INFO - DAG(s) 'example_setup_teardown' retrieved from /home/jerson/airflow_venv/lib/python3.10/site-packages/airflow/example_dags/example_setup_teardown.py
[2024-08-26T15:22:32.599-0700] {logging_mixin.py:190} INFO - [2024-08-26T15:22:32.599-0700] {dag.py:3211} INFO - Sync 1 DAGs
[2024-08-26T15:22:32.610-0700] {logging_mixin.py:190} INFO - [2024-08-26T15:22:32.610-0700] {dag.py:4138} INFO - Setting next_dagrun for example_setup_teardown to 2024-08-25 00:00:00+00:00, run_after=2024-08-26 00:00:00+00:00
[2024-08-26T15:22:32.626-0700] {processor.py:208} INFO - Processing /home/jerson/airflow_venv/lib/python3.10/site-packages/airflow/example_dags/example_setup_teardown.py took 0.047 seconds
[2024-08-26T15:23:23.611-0700] {processor.py:186} INFO - Started process (PID=8022) to work on /home/jerson/airflow_venv/lib/python3.10/site-packages/airflow/example_dags/example_setup_teardown.py
[2024-08-26T15:23:23.612-0700] {processor.py:914} INFO - Processing file /home/jerson/airflow_venv/lib/python3.10/site-packages/airflow/example_dags/example_setup_teardown.py for tasks to queue
[2024-08-26T15:23:23.613-0700] {logging_mixin.py:190} INFO - [2024-08-26T15:23:23.613-0700] {dagbag.py:587} INFO - Filling up the DagBag from /home/jerson/airflow_venv/lib/python3.10/site-packages/airflow/example_dags/example_setup_teardown.py
[2024-08-26T15:23:23.618-0700] {processor.py:925} INFO - DAG(s) 'example_setup_teardown' retrieved from /home/jerson/airflow_venv/lib/python3.10/site-packages/airflow/example_dags/example_setup_teardown.py
[2024-08-26T15:23:23.627-0700] {logging_mixin.py:190} INFO - [2024-08-26T15:23:23.627-0700] {dag.py:3211} INFO - Sync 1 DAGs
[2024-08-26T15:23:23.638-0700] {logging_mixin.py:190} INFO - [2024-08-26T15:23:23.638-0700] {dag.py:4138} INFO - Setting next_dagrun for example_setup_teardown to 2024-08-25 00:00:00+00:00, run_after=2024-08-26 00:00:00+00:00
[2024-08-26T15:23:23.659-0700] {processor.py:208} INFO - Processing /home/jerson/airflow_venv/lib/python3.10/site-packages/airflow/example_dags/example_setup_teardown.py took 0.051 seconds
[2024-08-26T15:24:14.099-0700] {processor.py:186} INFO - Started process (PID=8292) to work on /home/jerson/airflow_venv/lib/python3.10/site-packages/airflow/example_dags/example_setup_teardown.py
[2024-08-26T15:24:14.099-0700] {processor.py:914} INFO - Processing file /home/jerson/airflow_venv/lib/python3.10/site-packages/airflow/example_dags/example_setup_teardown.py for tasks to queue
[2024-08-26T15:24:14.101-0700] {logging_mixin.py:190} INFO - [2024-08-26T15:24:14.100-0700] {dagbag.py:587} INFO - Filling up the DagBag from /home/jerson/airflow_venv/lib/python3.10/site-packages/airflow/example_dags/example_setup_teardown.py
[2024-08-26T15:24:14.106-0700] {processor.py:925} INFO - DAG(s) 'example_setup_teardown' retrieved from /home/jerson/airflow_venv/lib/python3.10/site-packages/airflow/example_dags/example_setup_teardown.py
[2024-08-26T15:24:14.116-0700] {logging_mixin.py:190} INFO - [2024-08-26T15:24:14.116-0700] {dag.py:3211} INFO - Sync 1 DAGs
[2024-08-26T15:24:14.129-0700] {logging_mixin.py:190} INFO - [2024-08-26T15:24:14.129-0700] {dag.py:4138} INFO - Setting next_dagrun for example_setup_teardown to 2024-08-25 00:00:00+00:00, run_after=2024-08-26 00:00:00+00:00
[2024-08-26T15:24:14.146-0700] {processor.py:208} INFO - Processing /home/jerson/airflow_venv/lib/python3.10/site-packages/airflow/example_dags/example_setup_teardown.py took 0.051 seconds
[2024-08-26T15:25:19.256-0700] {processor.py:186} INFO - Started process (PID=8611) to work on /home/jerson/airflow_venv/lib/python3.10/site-packages/airflow/example_dags/example_setup_teardown.py
[2024-08-26T15:25:19.257-0700] {processor.py:914} INFO - Processing file /home/jerson/airflow_venv/lib/python3.10/site-packages/airflow/example_dags/example_setup_teardown.py for tasks to queue
[2024-08-26T15:25:19.258-0700] {logging_mixin.py:190} INFO - [2024-08-26T15:25:19.258-0700] {dagbag.py:587} INFO - Filling up the DagBag from /home/jerson/airflow_venv/lib/python3.10/site-packages/airflow/example_dags/example_setup_teardown.py
[2024-08-26T15:25:19.263-0700] {processor.py:925} INFO - DAG(s) 'example_setup_teardown' retrieved from /home/jerson/airflow_venv/lib/python3.10/site-packages/airflow/example_dags/example_setup_teardown.py
[2024-08-26T15:25:19.276-0700] {logging_mixin.py:190} INFO - [2024-08-26T15:25:19.275-0700] {dag.py:3211} INFO - Sync 1 DAGs
[2024-08-26T15:25:19.286-0700] {logging_mixin.py:190} INFO - [2024-08-26T15:25:19.286-0700] {dag.py:4138} INFO - Setting next_dagrun for example_setup_teardown to 2024-08-25 00:00:00+00:00, run_after=2024-08-26 00:00:00+00:00
[2024-08-26T15:25:19.302-0700] {processor.py:208} INFO - Processing /home/jerson/airflow_venv/lib/python3.10/site-packages/airflow/example_dags/example_setup_teardown.py took 0.049 seconds
[2024-08-26T15:26:11.205-0700] {processor.py:186} INFO - Started process (PID=8885) to work on /home/jerson/airflow_venv/lib/python3.10/site-packages/airflow/example_dags/example_setup_teardown.py
[2024-08-26T15:26:11.205-0700] {processor.py:914} INFO - Processing file /home/jerson/airflow_venv/lib/python3.10/site-packages/airflow/example_dags/example_setup_teardown.py for tasks to queue
[2024-08-26T15:26:11.207-0700] {logging_mixin.py:190} INFO - [2024-08-26T15:26:11.206-0700] {dagbag.py:587} INFO - Filling up the DagBag from /home/jerson/airflow_venv/lib/python3.10/site-packages/airflow/example_dags/example_setup_teardown.py
[2024-08-26T15:26:11.211-0700] {processor.py:925} INFO - DAG(s) 'example_setup_teardown' retrieved from /home/jerson/airflow_venv/lib/python3.10/site-packages/airflow/example_dags/example_setup_teardown.py
[2024-08-26T15:26:11.220-0700] {logging_mixin.py:190} INFO - [2024-08-26T15:26:11.220-0700] {dag.py:3211} INFO - Sync 1 DAGs
[2024-08-26T15:26:11.232-0700] {logging_mixin.py:190} INFO - [2024-08-26T15:26:11.231-0700] {dag.py:4138} INFO - Setting next_dagrun for example_setup_teardown to 2024-08-25 00:00:00+00:00, run_after=2024-08-26 00:00:00+00:00
[2024-08-26T15:26:11.246-0700] {processor.py:208} INFO - Processing /home/jerson/airflow_venv/lib/python3.10/site-packages/airflow/example_dags/example_setup_teardown.py took 0.045 seconds
[2024-08-26T15:27:00.855-0700] {processor.py:186} INFO - Started process (PID=9138) to work on /home/jerson/airflow_venv/lib/python3.10/site-packages/airflow/example_dags/example_setup_teardown.py
[2024-08-26T15:27:00.856-0700] {processor.py:914} INFO - Processing file /home/jerson/airflow_venv/lib/python3.10/site-packages/airflow/example_dags/example_setup_teardown.py for tasks to queue
[2024-08-26T15:27:00.857-0700] {logging_mixin.py:190} INFO - [2024-08-26T15:27:00.857-0700] {dagbag.py:587} INFO - Filling up the DagBag from /home/jerson/airflow_venv/lib/python3.10/site-packages/airflow/example_dags/example_setup_teardown.py
[2024-08-26T15:27:00.862-0700] {processor.py:925} INFO - DAG(s) 'example_setup_teardown' retrieved from /home/jerson/airflow_venv/lib/python3.10/site-packages/airflow/example_dags/example_setup_teardown.py
[2024-08-26T15:27:00.873-0700] {logging_mixin.py:190} INFO - [2024-08-26T15:27:00.873-0700] {dag.py:3211} INFO - Sync 1 DAGs
[2024-08-26T15:27:00.884-0700] {logging_mixin.py:190} INFO - [2024-08-26T15:27:00.884-0700] {dag.py:4138} INFO - Setting next_dagrun for example_setup_teardown to 2024-08-25 00:00:00+00:00, run_after=2024-08-26 00:00:00+00:00
[2024-08-26T15:27:00.901-0700] {processor.py:208} INFO - Processing /home/jerson/airflow_venv/lib/python3.10/site-packages/airflow/example_dags/example_setup_teardown.py took 0.049 seconds
[2024-08-26T15:27:46.000-0700] {processor.py:186} INFO - Started process (PID=9365) to work on /home/jerson/airflow_venv/lib/python3.10/site-packages/airflow/example_dags/example_setup_teardown.py
[2024-08-26T15:27:46.001-0700] {processor.py:914} INFO - Processing file /home/jerson/airflow_venv/lib/python3.10/site-packages/airflow/example_dags/example_setup_teardown.py for tasks to queue
[2024-08-26T15:27:46.002-0700] {logging_mixin.py:190} INFO - [2024-08-26T15:27:46.002-0700] {dagbag.py:587} INFO - Filling up the DagBag from /home/jerson/airflow_venv/lib/python3.10/site-packages/airflow/example_dags/example_setup_teardown.py
[2024-08-26T15:27:46.008-0700] {processor.py:925} INFO - DAG(s) 'example_setup_teardown' retrieved from /home/jerson/airflow_venv/lib/python3.10/site-packages/airflow/example_dags/example_setup_teardown.py
[2024-08-26T15:27:46.019-0700] {logging_mixin.py:190} INFO - [2024-08-26T15:27:46.019-0700] {dag.py:3211} INFO - Sync 1 DAGs
[2024-08-26T15:27:46.032-0700] {logging_mixin.py:190} INFO - [2024-08-26T15:27:46.032-0700] {dag.py:4138} INFO - Setting next_dagrun for example_setup_teardown to 2024-08-25 00:00:00+00:00, run_after=2024-08-26 00:00:00+00:00
[2024-08-26T15:27:46.047-0700] {processor.py:208} INFO - Processing /home/jerson/airflow_venv/lib/python3.10/site-packages/airflow/example_dags/example_setup_teardown.py took 0.050 seconds
[2024-08-26T15:28:34.435-0700] {processor.py:186} INFO - Started process (PID=9615) to work on /home/jerson/airflow_venv/lib/python3.10/site-packages/airflow/example_dags/example_setup_teardown.py
[2024-08-26T15:28:34.436-0700] {processor.py:914} INFO - Processing file /home/jerson/airflow_venv/lib/python3.10/site-packages/airflow/example_dags/example_setup_teardown.py for tasks to queue
[2024-08-26T15:28:34.437-0700] {logging_mixin.py:190} INFO - [2024-08-26T15:28:34.437-0700] {dagbag.py:587} INFO - Filling up the DagBag from /home/jerson/airflow_venv/lib/python3.10/site-packages/airflow/example_dags/example_setup_teardown.py
[2024-08-26T15:28:34.442-0700] {processor.py:925} INFO - DAG(s) 'example_setup_teardown' retrieved from /home/jerson/airflow_venv/lib/python3.10/site-packages/airflow/example_dags/example_setup_teardown.py
[2024-08-26T15:28:34.451-0700] {logging_mixin.py:190} INFO - [2024-08-26T15:28:34.451-0700] {dag.py:3211} INFO - Sync 1 DAGs
[2024-08-26T15:28:34.463-0700] {logging_mixin.py:190} INFO - [2024-08-26T15:28:34.463-0700] {dag.py:4138} INFO - Setting next_dagrun for example_setup_teardown to 2024-08-25 00:00:00+00:00, run_after=2024-08-26 00:00:00+00:00
[2024-08-26T15:28:34.482-0700] {processor.py:208} INFO - Processing /home/jerson/airflow_venv/lib/python3.10/site-packages/airflow/example_dags/example_setup_teardown.py took 0.050 seconds
[2024-08-26T15:29:25.036-0700] {processor.py:186} INFO - Started process (PID=9953) to work on /home/jerson/airflow_venv/lib/python3.10/site-packages/airflow/example_dags/example_setup_teardown.py
[2024-08-26T15:29:25.036-0700] {processor.py:914} INFO - Processing file /home/jerson/airflow_venv/lib/python3.10/site-packages/airflow/example_dags/example_setup_teardown.py for tasks to queue
[2024-08-26T15:29:25.037-0700] {logging_mixin.py:190} INFO - [2024-08-26T15:29:25.037-0700] {dagbag.py:587} INFO - Filling up the DagBag from /home/jerson/airflow_venv/lib/python3.10/site-packages/airflow/example_dags/example_setup_teardown.py
[2024-08-26T15:29:25.043-0700] {processor.py:925} INFO - DAG(s) 'example_setup_teardown' retrieved from /home/jerson/airflow_venv/lib/python3.10/site-packages/airflow/example_dags/example_setup_teardown.py
[2024-08-26T15:29:25.052-0700] {logging_mixin.py:190} INFO - [2024-08-26T15:29:25.052-0700] {dag.py:3211} INFO - Sync 1 DAGs
[2024-08-26T15:29:25.064-0700] {logging_mixin.py:190} INFO - [2024-08-26T15:29:25.064-0700] {dag.py:4138} INFO - Setting next_dagrun for example_setup_teardown to 2024-08-25 00:00:00+00:00, run_after=2024-08-26 00:00:00+00:00
[2024-08-26T15:29:25.082-0700] {processor.py:208} INFO - Processing /home/jerson/airflow_venv/lib/python3.10/site-packages/airflow/example_dags/example_setup_teardown.py took 0.050 seconds
[2024-08-26T15:30:13.164-0700] {processor.py:186} INFO - Started process (PID=10196) to work on /home/jerson/airflow_venv/lib/python3.10/site-packages/airflow/example_dags/example_setup_teardown.py
[2024-08-26T15:30:13.164-0700] {processor.py:914} INFO - Processing file /home/jerson/airflow_venv/lib/python3.10/site-packages/airflow/example_dags/example_setup_teardown.py for tasks to queue
[2024-08-26T15:30:13.166-0700] {logging_mixin.py:190} INFO - [2024-08-26T15:30:13.165-0700] {dagbag.py:587} INFO - Filling up the DagBag from /home/jerson/airflow_venv/lib/python3.10/site-packages/airflow/example_dags/example_setup_teardown.py
[2024-08-26T15:30:13.171-0700] {processor.py:925} INFO - DAG(s) 'example_setup_teardown' retrieved from /home/jerson/airflow_venv/lib/python3.10/site-packages/airflow/example_dags/example_setup_teardown.py
[2024-08-26T15:30:13.179-0700] {logging_mixin.py:190} INFO - [2024-08-26T15:30:13.179-0700] {dag.py:3211} INFO - Sync 1 DAGs
[2024-08-26T15:30:13.190-0700] {logging_mixin.py:190} INFO - [2024-08-26T15:30:13.190-0700] {dag.py:4138} INFO - Setting next_dagrun for example_setup_teardown to 2024-08-25 00:00:00+00:00, run_after=2024-08-26 00:00:00+00:00
[2024-08-26T15:30:13.205-0700] {processor.py:208} INFO - Processing /home/jerson/airflow_venv/lib/python3.10/site-packages/airflow/example_dags/example_setup_teardown.py took 0.044 seconds
[2024-08-26T15:31:01.052-0700] {processor.py:186} INFO - Started process (PID=10452) to work on /home/jerson/airflow_venv/lib/python3.10/site-packages/airflow/example_dags/example_setup_teardown.py
[2024-08-26T15:31:01.053-0700] {processor.py:914} INFO - Processing file /home/jerson/airflow_venv/lib/python3.10/site-packages/airflow/example_dags/example_setup_teardown.py for tasks to queue
[2024-08-26T15:31:01.055-0700] {logging_mixin.py:190} INFO - [2024-08-26T15:31:01.054-0700] {dagbag.py:587} INFO - Filling up the DagBag from /home/jerson/airflow_venv/lib/python3.10/site-packages/airflow/example_dags/example_setup_teardown.py
[2024-08-26T15:31:01.060-0700] {processor.py:925} INFO - DAG(s) 'example_setup_teardown' retrieved from /home/jerson/airflow_venv/lib/python3.10/site-packages/airflow/example_dags/example_setup_teardown.py
[2024-08-26T15:31:01.071-0700] {logging_mixin.py:190} INFO - [2024-08-26T15:31:01.071-0700] {dag.py:3211} INFO - Sync 1 DAGs
[2024-08-26T15:31:01.082-0700] {logging_mixin.py:190} INFO - [2024-08-26T15:31:01.082-0700] {dag.py:4138} INFO - Setting next_dagrun for example_setup_teardown to 2024-08-25 00:00:00+00:00, run_after=2024-08-26 00:00:00+00:00
[2024-08-26T15:31:01.100-0700] {processor.py:208} INFO - Processing /home/jerson/airflow_venv/lib/python3.10/site-packages/airflow/example_dags/example_setup_teardown.py took 0.051 seconds
[2024-08-26T15:31:48.319-0700] {processor.py:186} INFO - Started process (PID=10703) to work on /home/jerson/airflow_venv/lib/python3.10/site-packages/airflow/example_dags/example_setup_teardown.py
[2024-08-26T15:31:48.320-0700] {processor.py:914} INFO - Processing file /home/jerson/airflow_venv/lib/python3.10/site-packages/airflow/example_dags/example_setup_teardown.py for tasks to queue
[2024-08-26T15:31:48.321-0700] {logging_mixin.py:190} INFO - [2024-08-26T15:31:48.321-0700] {dagbag.py:587} INFO - Filling up the DagBag from /home/jerson/airflow_venv/lib/python3.10/site-packages/airflow/example_dags/example_setup_teardown.py
[2024-08-26T15:31:48.326-0700] {processor.py:925} INFO - DAG(s) 'example_setup_teardown' retrieved from /home/jerson/airflow_venv/lib/python3.10/site-packages/airflow/example_dags/example_setup_teardown.py
[2024-08-26T15:31:48.337-0700] {logging_mixin.py:190} INFO - [2024-08-26T15:31:48.337-0700] {dag.py:3211} INFO - Sync 1 DAGs
[2024-08-26T15:31:48.352-0700] {logging_mixin.py:190} INFO - [2024-08-26T15:31:48.351-0700] {dag.py:4138} INFO - Setting next_dagrun for example_setup_teardown to 2024-08-25 00:00:00+00:00, run_after=2024-08-26 00:00:00+00:00
[2024-08-26T15:31:48.369-0700] {processor.py:208} INFO - Processing /home/jerson/airflow_venv/lib/python3.10/site-packages/airflow/example_dags/example_setup_teardown.py took 0.054 seconds
[2024-08-26T15:32:34.595-0700] {processor.py:186} INFO - Started process (PID=10949) to work on /home/jerson/airflow_venv/lib/python3.10/site-packages/airflow/example_dags/example_setup_teardown.py
[2024-08-26T15:32:34.596-0700] {processor.py:914} INFO - Processing file /home/jerson/airflow_venv/lib/python3.10/site-packages/airflow/example_dags/example_setup_teardown.py for tasks to queue
[2024-08-26T15:32:34.597-0700] {logging_mixin.py:190} INFO - [2024-08-26T15:32:34.597-0700] {dagbag.py:587} INFO - Filling up the DagBag from /home/jerson/airflow_venv/lib/python3.10/site-packages/airflow/example_dags/example_setup_teardown.py
[2024-08-26T15:32:34.602-0700] {processor.py:925} INFO - DAG(s) 'example_setup_teardown' retrieved from /home/jerson/airflow_venv/lib/python3.10/site-packages/airflow/example_dags/example_setup_teardown.py
[2024-08-26T15:32:34.612-0700] {logging_mixin.py:190} INFO - [2024-08-26T15:32:34.612-0700] {dag.py:3211} INFO - Sync 1 DAGs
[2024-08-26T15:32:34.624-0700] {logging_mixin.py:190} INFO - [2024-08-26T15:32:34.624-0700] {dag.py:4138} INFO - Setting next_dagrun for example_setup_teardown to 2024-08-25 00:00:00+00:00, run_after=2024-08-26 00:00:00+00:00
[2024-08-26T15:32:34.640-0700] {processor.py:208} INFO - Processing /home/jerson/airflow_venv/lib/python3.10/site-packages/airflow/example_dags/example_setup_teardown.py took 0.048 seconds
[2024-08-26T15:33:28.064-0700] {processor.py:186} INFO - Started process (PID=11215) to work on /home/jerson/airflow_venv/lib/python3.10/site-packages/airflow/example_dags/example_setup_teardown.py
[2024-08-26T15:33:28.065-0700] {processor.py:914} INFO - Processing file /home/jerson/airflow_venv/lib/python3.10/site-packages/airflow/example_dags/example_setup_teardown.py for tasks to queue
[2024-08-26T15:33:28.066-0700] {logging_mixin.py:190} INFO - [2024-08-26T15:33:28.066-0700] {dagbag.py:587} INFO - Filling up the DagBag from /home/jerson/airflow_venv/lib/python3.10/site-packages/airflow/example_dags/example_setup_teardown.py
[2024-08-26T15:33:28.071-0700] {processor.py:925} INFO - DAG(s) 'example_setup_teardown' retrieved from /home/jerson/airflow_venv/lib/python3.10/site-packages/airflow/example_dags/example_setup_teardown.py
[2024-08-26T15:33:28.081-0700] {logging_mixin.py:190} INFO - [2024-08-26T15:33:28.080-0700] {dag.py:3211} INFO - Sync 1 DAGs
[2024-08-26T15:33:28.092-0700] {logging_mixin.py:190} INFO - [2024-08-26T15:33:28.092-0700] {dag.py:4138} INFO - Setting next_dagrun for example_setup_teardown to 2024-08-25 00:00:00+00:00, run_after=2024-08-26 00:00:00+00:00
[2024-08-26T15:33:28.108-0700] {processor.py:208} INFO - Processing /home/jerson/airflow_venv/lib/python3.10/site-packages/airflow/example_dags/example_setup_teardown.py took 0.047 seconds
[2024-08-26T15:34:19.672-0700] {processor.py:186} INFO - Started process (PID=11488) to work on /home/jerson/airflow_venv/lib/python3.10/site-packages/airflow/example_dags/example_setup_teardown.py
[2024-08-26T15:34:19.672-0700] {processor.py:914} INFO - Processing file /home/jerson/airflow_venv/lib/python3.10/site-packages/airflow/example_dags/example_setup_teardown.py for tasks to queue
[2024-08-26T15:34:19.674-0700] {logging_mixin.py:190} INFO - [2024-08-26T15:34:19.673-0700] {dagbag.py:587} INFO - Filling up the DagBag from /home/jerson/airflow_venv/lib/python3.10/site-packages/airflow/example_dags/example_setup_teardown.py
[2024-08-26T15:34:19.678-0700] {processor.py:925} INFO - DAG(s) 'example_setup_teardown' retrieved from /home/jerson/airflow_venv/lib/python3.10/site-packages/airflow/example_dags/example_setup_teardown.py
[2024-08-26T15:34:19.688-0700] {logging_mixin.py:190} INFO - [2024-08-26T15:34:19.687-0700] {dag.py:3211} INFO - Sync 1 DAGs
[2024-08-26T15:34:19.699-0700] {logging_mixin.py:190} INFO - [2024-08-26T15:34:19.699-0700] {dag.py:4138} INFO - Setting next_dagrun for example_setup_teardown to 2024-08-25 00:00:00+00:00, run_after=2024-08-26 00:00:00+00:00
[2024-08-26T15:34:19.715-0700] {processor.py:208} INFO - Processing /home/jerson/airflow_venv/lib/python3.10/site-packages/airflow/example_dags/example_setup_teardown.py took 0.047 seconds
[2024-08-26T15:35:08.066-0700] {processor.py:186} INFO - Started process (PID=11744) to work on /home/jerson/airflow_venv/lib/python3.10/site-packages/airflow/example_dags/example_setup_teardown.py
[2024-08-26T15:35:08.067-0700] {processor.py:914} INFO - Processing file /home/jerson/airflow_venv/lib/python3.10/site-packages/airflow/example_dags/example_setup_teardown.py for tasks to queue
[2024-08-26T15:35:08.068-0700] {logging_mixin.py:190} INFO - [2024-08-26T15:35:08.068-0700] {dagbag.py:587} INFO - Filling up the DagBag from /home/jerson/airflow_venv/lib/python3.10/site-packages/airflow/example_dags/example_setup_teardown.py
[2024-08-26T15:35:08.073-0700] {processor.py:925} INFO - DAG(s) 'example_setup_teardown' retrieved from /home/jerson/airflow_venv/lib/python3.10/site-packages/airflow/example_dags/example_setup_teardown.py
[2024-08-26T15:35:08.085-0700] {logging_mixin.py:190} INFO - [2024-08-26T15:35:08.085-0700] {dag.py:3211} INFO - Sync 1 DAGs
[2024-08-26T15:35:08.097-0700] {logging_mixin.py:190} INFO - [2024-08-26T15:35:08.097-0700] {dag.py:4138} INFO - Setting next_dagrun for example_setup_teardown to 2024-08-25 00:00:00+00:00, run_after=2024-08-26 00:00:00+00:00
[2024-08-26T15:35:08.117-0700] {processor.py:208} INFO - Processing /home/jerson/airflow_venv/lib/python3.10/site-packages/airflow/example_dags/example_setup_teardown.py took 0.054 seconds
[2024-08-26T15:35:54.018-0700] {processor.py:186} INFO - Started process (PID=12008) to work on /home/jerson/airflow_venv/lib/python3.10/site-packages/airflow/example_dags/example_setup_teardown.py
[2024-08-26T15:35:54.019-0700] {processor.py:914} INFO - Processing file /home/jerson/airflow_venv/lib/python3.10/site-packages/airflow/example_dags/example_setup_teardown.py for tasks to queue
[2024-08-26T15:35:54.020-0700] {logging_mixin.py:190} INFO - [2024-08-26T15:35:54.020-0700] {dagbag.py:587} INFO - Filling up the DagBag from /home/jerson/airflow_venv/lib/python3.10/site-packages/airflow/example_dags/example_setup_teardown.py
[2024-08-26T15:35:54.025-0700] {processor.py:925} INFO - DAG(s) 'example_setup_teardown' retrieved from /home/jerson/airflow_venv/lib/python3.10/site-packages/airflow/example_dags/example_setup_teardown.py
[2024-08-26T15:35:54.034-0700] {logging_mixin.py:190} INFO - [2024-08-26T15:35:54.034-0700] {dag.py:3211} INFO - Sync 1 DAGs
[2024-08-26T15:35:54.044-0700] {logging_mixin.py:190} INFO - [2024-08-26T15:35:54.044-0700] {dag.py:4138} INFO - Setting next_dagrun for example_setup_teardown to 2024-08-25 00:00:00+00:00, run_after=2024-08-26 00:00:00+00:00
[2024-08-26T15:35:54.059-0700] {processor.py:208} INFO - Processing /home/jerson/airflow_venv/lib/python3.10/site-packages/airflow/example_dags/example_setup_teardown.py took 0.044 seconds
[2024-08-26T15:36:42.621-0700] {processor.py:186} INFO - Started process (PID=12288) to work on /home/jerson/airflow_venv/lib/python3.10/site-packages/airflow/example_dags/example_setup_teardown.py
[2024-08-26T15:36:42.622-0700] {processor.py:914} INFO - Processing file /home/jerson/airflow_venv/lib/python3.10/site-packages/airflow/example_dags/example_setup_teardown.py for tasks to queue
[2024-08-26T15:36:42.623-0700] {logging_mixin.py:190} INFO - [2024-08-26T15:36:42.623-0700] {dagbag.py:587} INFO - Filling up the DagBag from /home/jerson/airflow_venv/lib/python3.10/site-packages/airflow/example_dags/example_setup_teardown.py
[2024-08-26T15:36:42.629-0700] {processor.py:925} INFO - DAG(s) 'example_setup_teardown' retrieved from /home/jerson/airflow_venv/lib/python3.10/site-packages/airflow/example_dags/example_setup_teardown.py
[2024-08-26T15:36:42.641-0700] {logging_mixin.py:190} INFO - [2024-08-26T15:36:42.641-0700] {dag.py:3211} INFO - Sync 1 DAGs
[2024-08-26T15:36:42.652-0700] {logging_mixin.py:190} INFO - [2024-08-26T15:36:42.652-0700] {dag.py:4138} INFO - Setting next_dagrun for example_setup_teardown to 2024-08-25 00:00:00+00:00, run_after=2024-08-26 00:00:00+00:00
[2024-08-26T15:36:42.667-0700] {processor.py:208} INFO - Processing /home/jerson/airflow_venv/lib/python3.10/site-packages/airflow/example_dags/example_setup_teardown.py took 0.049 seconds
[2024-08-26T15:37:28.775-0700] {processor.py:186} INFO - Started process (PID=12851) to work on /home/jerson/airflow_venv/lib/python3.10/site-packages/airflow/example_dags/example_setup_teardown.py
[2024-08-26T15:37:28.777-0700] {processor.py:914} INFO - Processing file /home/jerson/airflow_venv/lib/python3.10/site-packages/airflow/example_dags/example_setup_teardown.py for tasks to queue
[2024-08-26T15:37:28.778-0700] {logging_mixin.py:190} INFO - [2024-08-26T15:37:28.778-0700] {dagbag.py:587} INFO - Filling up the DagBag from /home/jerson/airflow_venv/lib/python3.10/site-packages/airflow/example_dags/example_setup_teardown.py
[2024-08-26T15:37:28.783-0700] {processor.py:925} INFO - DAG(s) 'example_setup_teardown' retrieved from /home/jerson/airflow_venv/lib/python3.10/site-packages/airflow/example_dags/example_setup_teardown.py
[2024-08-26T15:37:28.792-0700] {logging_mixin.py:190} INFO - [2024-08-26T15:37:28.792-0700] {dag.py:3211} INFO - Sync 1 DAGs
[2024-08-26T15:37:28.804-0700] {logging_mixin.py:190} INFO - [2024-08-26T15:37:28.804-0700] {dag.py:4138} INFO - Setting next_dagrun for example_setup_teardown to 2024-08-25 00:00:00+00:00, run_after=2024-08-26 00:00:00+00:00
[2024-08-26T15:37:28.819-0700] {processor.py:208} INFO - Processing /home/jerson/airflow_venv/lib/python3.10/site-packages/airflow/example_dags/example_setup_teardown.py took 0.047 seconds
[2024-08-26T15:38:13.304-0700] {processor.py:186} INFO - Started process (PID=13272) to work on /home/jerson/airflow_venv/lib/python3.10/site-packages/airflow/example_dags/example_setup_teardown.py
[2024-08-26T15:38:13.305-0700] {processor.py:914} INFO - Processing file /home/jerson/airflow_venv/lib/python3.10/site-packages/airflow/example_dags/example_setup_teardown.py for tasks to queue
[2024-08-26T15:38:13.306-0700] {logging_mixin.py:190} INFO - [2024-08-26T15:38:13.306-0700] {dagbag.py:587} INFO - Filling up the DagBag from /home/jerson/airflow_venv/lib/python3.10/site-packages/airflow/example_dags/example_setup_teardown.py
[2024-08-26T15:38:13.310-0700] {processor.py:925} INFO - DAG(s) 'example_setup_teardown' retrieved from /home/jerson/airflow_venv/lib/python3.10/site-packages/airflow/example_dags/example_setup_teardown.py
[2024-08-26T15:38:13.319-0700] {logging_mixin.py:190} INFO - [2024-08-26T15:38:13.319-0700] {dag.py:3211} INFO - Sync 1 DAGs
[2024-08-26T15:38:13.330-0700] {logging_mixin.py:190} INFO - [2024-08-26T15:38:13.330-0700] {dag.py:4138} INFO - Setting next_dagrun for example_setup_teardown to 2024-08-25 00:00:00+00:00, run_after=2024-08-26 00:00:00+00:00
[2024-08-26T15:38:13.344-0700] {processor.py:208} INFO - Processing /home/jerson/airflow_venv/lib/python3.10/site-packages/airflow/example_dags/example_setup_teardown.py took 0.043 seconds
[2024-08-26T15:39:02.385-0700] {processor.py:186} INFO - Started process (PID=13725) to work on /home/jerson/airflow_venv/lib/python3.10/site-packages/airflow/example_dags/example_setup_teardown.py
[2024-08-26T15:39:02.386-0700] {processor.py:914} INFO - Processing file /home/jerson/airflow_venv/lib/python3.10/site-packages/airflow/example_dags/example_setup_teardown.py for tasks to queue
[2024-08-26T15:39:02.387-0700] {logging_mixin.py:190} INFO - [2024-08-26T15:39:02.387-0700] {dagbag.py:587} INFO - Filling up the DagBag from /home/jerson/airflow_venv/lib/python3.10/site-packages/airflow/example_dags/example_setup_teardown.py
[2024-08-26T15:39:02.391-0700] {processor.py:925} INFO - DAG(s) 'example_setup_teardown' retrieved from /home/jerson/airflow_venv/lib/python3.10/site-packages/airflow/example_dags/example_setup_teardown.py
[2024-08-26T15:39:02.401-0700] {logging_mixin.py:190} INFO - [2024-08-26T15:39:02.400-0700] {dag.py:3211} INFO - Sync 1 DAGs
[2024-08-26T15:39:02.411-0700] {logging_mixin.py:190} INFO - [2024-08-26T15:39:02.411-0700] {dag.py:4138} INFO - Setting next_dagrun for example_setup_teardown to 2024-08-25 00:00:00+00:00, run_after=2024-08-26 00:00:00+00:00
[2024-08-26T15:39:02.426-0700] {processor.py:208} INFO - Processing /home/jerson/airflow_venv/lib/python3.10/site-packages/airflow/example_dags/example_setup_teardown.py took 0.044 seconds
[2024-08-26T15:39:50.212-0700] {processor.py:186} INFO - Started process (PID=14250) to work on /home/jerson/airflow_venv/lib/python3.10/site-packages/airflow/example_dags/example_setup_teardown.py
[2024-08-26T15:39:50.212-0700] {processor.py:914} INFO - Processing file /home/jerson/airflow_venv/lib/python3.10/site-packages/airflow/example_dags/example_setup_teardown.py for tasks to queue
[2024-08-26T15:39:50.214-0700] {logging_mixin.py:190} INFO - [2024-08-26T15:39:50.214-0700] {dagbag.py:587} INFO - Filling up the DagBag from /home/jerson/airflow_venv/lib/python3.10/site-packages/airflow/example_dags/example_setup_teardown.py
[2024-08-26T15:39:50.219-0700] {processor.py:925} INFO - DAG(s) 'example_setup_teardown' retrieved from /home/jerson/airflow_venv/lib/python3.10/site-packages/airflow/example_dags/example_setup_teardown.py
[2024-08-26T15:39:50.228-0700] {logging_mixin.py:190} INFO - [2024-08-26T15:39:50.228-0700] {dag.py:3211} INFO - Sync 1 DAGs
[2024-08-26T15:39:50.239-0700] {logging_mixin.py:190} INFO - [2024-08-26T15:39:50.239-0700] {dag.py:4138} INFO - Setting next_dagrun for example_setup_teardown to 2024-08-25 00:00:00+00:00, run_after=2024-08-26 00:00:00+00:00
[2024-08-26T15:39:50.254-0700] {processor.py:208} INFO - Processing /home/jerson/airflow_venv/lib/python3.10/site-packages/airflow/example_dags/example_setup_teardown.py took 0.046 seconds
[2024-08-26T15:40:40.396-0700] {processor.py:186} INFO - Started process (PID=14705) to work on /home/jerson/airflow_venv/lib/python3.10/site-packages/airflow/example_dags/example_setup_teardown.py
[2024-08-26T15:40:40.397-0700] {processor.py:914} INFO - Processing file /home/jerson/airflow_venv/lib/python3.10/site-packages/airflow/example_dags/example_setup_teardown.py for tasks to queue
[2024-08-26T15:40:40.398-0700] {logging_mixin.py:190} INFO - [2024-08-26T15:40:40.398-0700] {dagbag.py:587} INFO - Filling up the DagBag from /home/jerson/airflow_venv/lib/python3.10/site-packages/airflow/example_dags/example_setup_teardown.py
[2024-08-26T15:40:40.404-0700] {processor.py:925} INFO - DAG(s) 'example_setup_teardown' retrieved from /home/jerson/airflow_venv/lib/python3.10/site-packages/airflow/example_dags/example_setup_teardown.py
[2024-08-26T15:40:40.413-0700] {logging_mixin.py:190} INFO - [2024-08-26T15:40:40.413-0700] {dag.py:3211} INFO - Sync 1 DAGs
[2024-08-26T15:40:40.424-0700] {logging_mixin.py:190} INFO - [2024-08-26T15:40:40.424-0700] {dag.py:4138} INFO - Setting next_dagrun for example_setup_teardown to 2024-08-25 00:00:00+00:00, run_after=2024-08-26 00:00:00+00:00
[2024-08-26T15:40:40.440-0700] {processor.py:208} INFO - Processing /home/jerson/airflow_venv/lib/python3.10/site-packages/airflow/example_dags/example_setup_teardown.py took 0.047 seconds
[2024-08-26T15:41:29.944-0700] {processor.py:186} INFO - Started process (PID=15144) to work on /home/jerson/airflow_venv/lib/python3.10/site-packages/airflow/example_dags/example_setup_teardown.py
[2024-08-26T15:41:29.945-0700] {processor.py:914} INFO - Processing file /home/jerson/airflow_venv/lib/python3.10/site-packages/airflow/example_dags/example_setup_teardown.py for tasks to queue
[2024-08-26T15:41:29.947-0700] {logging_mixin.py:190} INFO - [2024-08-26T15:41:29.946-0700] {dagbag.py:587} INFO - Filling up the DagBag from /home/jerson/airflow_venv/lib/python3.10/site-packages/airflow/example_dags/example_setup_teardown.py
[2024-08-26T15:41:29.953-0700] {processor.py:925} INFO - DAG(s) 'example_setup_teardown' retrieved from /home/jerson/airflow_venv/lib/python3.10/site-packages/airflow/example_dags/example_setup_teardown.py
[2024-08-26T15:41:29.966-0700] {logging_mixin.py:190} INFO - [2024-08-26T15:41:29.966-0700] {dag.py:3211} INFO - Sync 1 DAGs
[2024-08-26T15:41:29.981-0700] {logging_mixin.py:190} INFO - [2024-08-26T15:41:29.981-0700] {dag.py:4138} INFO - Setting next_dagrun for example_setup_teardown to 2024-08-25 00:00:00+00:00, run_after=2024-08-26 00:00:00+00:00
[2024-08-26T15:41:30.007-0700] {processor.py:208} INFO - Processing /home/jerson/airflow_venv/lib/python3.10/site-packages/airflow/example_dags/example_setup_teardown.py took 0.068 seconds
[2024-08-26T15:42:17.848-0700] {processor.py:186} INFO - Started process (PID=15587) to work on /home/jerson/airflow_venv/lib/python3.10/site-packages/airflow/example_dags/example_setup_teardown.py
[2024-08-26T15:42:17.850-0700] {processor.py:914} INFO - Processing file /home/jerson/airflow_venv/lib/python3.10/site-packages/airflow/example_dags/example_setup_teardown.py for tasks to queue
[2024-08-26T15:42:17.851-0700] {logging_mixin.py:190} INFO - [2024-08-26T15:42:17.851-0700] {dagbag.py:587} INFO - Filling up the DagBag from /home/jerson/airflow_venv/lib/python3.10/site-packages/airflow/example_dags/example_setup_teardown.py
[2024-08-26T15:42:17.856-0700] {processor.py:925} INFO - DAG(s) 'example_setup_teardown' retrieved from /home/jerson/airflow_venv/lib/python3.10/site-packages/airflow/example_dags/example_setup_teardown.py
[2024-08-26T15:42:17.866-0700] {logging_mixin.py:190} INFO - [2024-08-26T15:42:17.866-0700] {dag.py:3211} INFO - Sync 1 DAGs
[2024-08-26T15:42:17.879-0700] {logging_mixin.py:190} INFO - [2024-08-26T15:42:17.879-0700] {dag.py:4138} INFO - Setting next_dagrun for example_setup_teardown to 2024-08-25 00:00:00+00:00, run_after=2024-08-26 00:00:00+00:00
[2024-08-26T15:42:17.895-0700] {processor.py:208} INFO - Processing /home/jerson/airflow_venv/lib/python3.10/site-packages/airflow/example_dags/example_setup_teardown.py took 0.051 seconds
[2024-08-26T15:43:09.144-0700] {processor.py:186} INFO - Started process (PID=16097) to work on /home/jerson/airflow_venv/lib/python3.10/site-packages/airflow/example_dags/example_setup_teardown.py
[2024-08-26T15:43:09.145-0700] {processor.py:914} INFO - Processing file /home/jerson/airflow_venv/lib/python3.10/site-packages/airflow/example_dags/example_setup_teardown.py for tasks to queue
[2024-08-26T15:43:09.147-0700] {logging_mixin.py:190} INFO - [2024-08-26T15:43:09.147-0700] {dagbag.py:587} INFO - Filling up the DagBag from /home/jerson/airflow_venv/lib/python3.10/site-packages/airflow/example_dags/example_setup_teardown.py
[2024-08-26T15:43:09.156-0700] {processor.py:925} INFO - DAG(s) 'example_setup_teardown' retrieved from /home/jerson/airflow_venv/lib/python3.10/site-packages/airflow/example_dags/example_setup_teardown.py
[2024-08-26T15:43:09.167-0700] {logging_mixin.py:190} INFO - [2024-08-26T15:43:09.167-0700] {dag.py:3211} INFO - Sync 1 DAGs
[2024-08-26T15:43:09.184-0700] {logging_mixin.py:190} INFO - [2024-08-26T15:43:09.183-0700] {dag.py:4138} INFO - Setting next_dagrun for example_setup_teardown to 2024-08-25 00:00:00+00:00, run_after=2024-08-26 00:00:00+00:00
[2024-08-26T15:43:09.218-0700] {processor.py:208} INFO - Processing /home/jerson/airflow_venv/lib/python3.10/site-packages/airflow/example_dags/example_setup_teardown.py took 0.077 seconds
[2024-08-26T15:43:56.426-0700] {processor.py:186} INFO - Started process (PID=16543) to work on /home/jerson/airflow_venv/lib/python3.10/site-packages/airflow/example_dags/example_setup_teardown.py
[2024-08-26T15:43:56.427-0700] {processor.py:914} INFO - Processing file /home/jerson/airflow_venv/lib/python3.10/site-packages/airflow/example_dags/example_setup_teardown.py for tasks to queue
[2024-08-26T15:43:56.428-0700] {logging_mixin.py:190} INFO - [2024-08-26T15:43:56.428-0700] {dagbag.py:587} INFO - Filling up the DagBag from /home/jerson/airflow_venv/lib/python3.10/site-packages/airflow/example_dags/example_setup_teardown.py
[2024-08-26T15:43:56.433-0700] {processor.py:925} INFO - DAG(s) 'example_setup_teardown' retrieved from /home/jerson/airflow_venv/lib/python3.10/site-packages/airflow/example_dags/example_setup_teardown.py
[2024-08-26T15:43:56.444-0700] {logging_mixin.py:190} INFO - [2024-08-26T15:43:56.444-0700] {dag.py:3211} INFO - Sync 1 DAGs
[2024-08-26T15:43:56.457-0700] {logging_mixin.py:190} INFO - [2024-08-26T15:43:56.457-0700] {dag.py:4138} INFO - Setting next_dagrun for example_setup_teardown to 2024-08-25 00:00:00+00:00, run_after=2024-08-26 00:00:00+00:00
[2024-08-26T15:43:56.473-0700] {processor.py:208} INFO - Processing /home/jerson/airflow_venv/lib/python3.10/site-packages/airflow/example_dags/example_setup_teardown.py took 0.051 seconds
[2024-08-26T15:44:43.827-0700] {processor.py:186} INFO - Started process (PID=16920) to work on /home/jerson/airflow_venv/lib/python3.10/site-packages/airflow/example_dags/example_setup_teardown.py
[2024-08-26T15:44:43.828-0700] {processor.py:914} INFO - Processing file /home/jerson/airflow_venv/lib/python3.10/site-packages/airflow/example_dags/example_setup_teardown.py for tasks to queue
[2024-08-26T15:44:43.829-0700] {logging_mixin.py:190} INFO - [2024-08-26T15:44:43.829-0700] {dagbag.py:587} INFO - Filling up the DagBag from /home/jerson/airflow_venv/lib/python3.10/site-packages/airflow/example_dags/example_setup_teardown.py
[2024-08-26T15:44:43.834-0700] {processor.py:925} INFO - DAG(s) 'example_setup_teardown' retrieved from /home/jerson/airflow_venv/lib/python3.10/site-packages/airflow/example_dags/example_setup_teardown.py
[2024-08-26T15:44:43.845-0700] {logging_mixin.py:190} INFO - [2024-08-26T15:44:43.845-0700] {dag.py:3211} INFO - Sync 1 DAGs
[2024-08-26T15:44:43.858-0700] {logging_mixin.py:190} INFO - [2024-08-26T15:44:43.857-0700] {dag.py:4138} INFO - Setting next_dagrun for example_setup_teardown to 2024-08-25 00:00:00+00:00, run_after=2024-08-26 00:00:00+00:00
[2024-08-26T15:44:43.876-0700] {processor.py:208} INFO - Processing /home/jerson/airflow_venv/lib/python3.10/site-packages/airflow/example_dags/example_setup_teardown.py took 0.053 seconds
[2024-08-26T15:45:33.967-0700] {processor.py:186} INFO - Started process (PID=17325) to work on /home/jerson/airflow_venv/lib/python3.10/site-packages/airflow/example_dags/example_setup_teardown.py
[2024-08-26T15:45:33.968-0700] {processor.py:914} INFO - Processing file /home/jerson/airflow_venv/lib/python3.10/site-packages/airflow/example_dags/example_setup_teardown.py for tasks to queue
[2024-08-26T15:45:33.968-0700] {logging_mixin.py:190} INFO - [2024-08-26T15:45:33.968-0700] {dagbag.py:587} INFO - Filling up the DagBag from /home/jerson/airflow_venv/lib/python3.10/site-packages/airflow/example_dags/example_setup_teardown.py
[2024-08-26T15:45:33.974-0700] {processor.py:925} INFO - DAG(s) 'example_setup_teardown' retrieved from /home/jerson/airflow_venv/lib/python3.10/site-packages/airflow/example_dags/example_setup_teardown.py
[2024-08-26T15:45:33.986-0700] {logging_mixin.py:190} INFO - [2024-08-26T15:45:33.985-0700] {dag.py:3211} INFO - Sync 1 DAGs
[2024-08-26T15:45:33.999-0700] {logging_mixin.py:190} INFO - [2024-08-26T15:45:33.999-0700] {dag.py:4138} INFO - Setting next_dagrun for example_setup_teardown to 2024-08-25 00:00:00+00:00, run_after=2024-08-26 00:00:00+00:00
[2024-08-26T15:45:34.015-0700] {processor.py:208} INFO - Processing /home/jerson/airflow_venv/lib/python3.10/site-packages/airflow/example_dags/example_setup_teardown.py took 0.052 seconds
[2024-08-26T15:46:25.365-0700] {processor.py:186} INFO - Started process (PID=17839) to work on /home/jerson/airflow_venv/lib/python3.10/site-packages/airflow/example_dags/example_setup_teardown.py
[2024-08-26T15:46:25.366-0700] {processor.py:914} INFO - Processing file /home/jerson/airflow_venv/lib/python3.10/site-packages/airflow/example_dags/example_setup_teardown.py for tasks to queue
[2024-08-26T15:46:25.368-0700] {logging_mixin.py:190} INFO - [2024-08-26T15:46:25.367-0700] {dagbag.py:587} INFO - Filling up the DagBag from /home/jerson/airflow_venv/lib/python3.10/site-packages/airflow/example_dags/example_setup_teardown.py
[2024-08-26T15:46:25.375-0700] {processor.py:925} INFO - DAG(s) 'example_setup_teardown' retrieved from /home/jerson/airflow_venv/lib/python3.10/site-packages/airflow/example_dags/example_setup_teardown.py
[2024-08-26T15:46:25.388-0700] {logging_mixin.py:190} INFO - [2024-08-26T15:46:25.388-0700] {dag.py:3211} INFO - Sync 1 DAGs
[2024-08-26T15:46:25.401-0700] {logging_mixin.py:190} INFO - [2024-08-26T15:46:25.401-0700] {dag.py:4138} INFO - Setting next_dagrun for example_setup_teardown to 2024-08-25 00:00:00+00:00, run_after=2024-08-26 00:00:00+00:00
[2024-08-26T15:46:25.418-0700] {processor.py:208} INFO - Processing /home/jerson/airflow_venv/lib/python3.10/site-packages/airflow/example_dags/example_setup_teardown.py took 0.058 seconds
[2024-08-26T15:47:16.669-0700] {processor.py:186} INFO - Started process (PID=18251) to work on /home/jerson/airflow_venv/lib/python3.10/site-packages/airflow/example_dags/example_setup_teardown.py
[2024-08-26T15:47:16.670-0700] {processor.py:914} INFO - Processing file /home/jerson/airflow_venv/lib/python3.10/site-packages/airflow/example_dags/example_setup_teardown.py for tasks to queue
[2024-08-26T15:47:16.671-0700] {logging_mixin.py:190} INFO - [2024-08-26T15:47:16.671-0700] {dagbag.py:587} INFO - Filling up the DagBag from /home/jerson/airflow_venv/lib/python3.10/site-packages/airflow/example_dags/example_setup_teardown.py
[2024-08-26T15:47:16.676-0700] {processor.py:925} INFO - DAG(s) 'example_setup_teardown' retrieved from /home/jerson/airflow_venv/lib/python3.10/site-packages/airflow/example_dags/example_setup_teardown.py
[2024-08-26T15:47:16.686-0700] {logging_mixin.py:190} INFO - [2024-08-26T15:47:16.685-0700] {dag.py:3211} INFO - Sync 1 DAGs
[2024-08-26T15:47:16.698-0700] {logging_mixin.py:190} INFO - [2024-08-26T15:47:16.697-0700] {dag.py:4138} INFO - Setting next_dagrun for example_setup_teardown to 2024-08-25 00:00:00+00:00, run_after=2024-08-26 00:00:00+00:00
[2024-08-26T15:47:16.713-0700] {processor.py:208} INFO - Processing /home/jerson/airflow_venv/lib/python3.10/site-packages/airflow/example_dags/example_setup_teardown.py took 0.048 seconds
[2024-08-26T15:48:08.177-0700] {processor.py:186} INFO - Started process (PID=18702) to work on /home/jerson/airflow_venv/lib/python3.10/site-packages/airflow/example_dags/example_setup_teardown.py
[2024-08-26T15:48:08.178-0700] {processor.py:914} INFO - Processing file /home/jerson/airflow_venv/lib/python3.10/site-packages/airflow/example_dags/example_setup_teardown.py for tasks to queue
[2024-08-26T15:48:08.179-0700] {logging_mixin.py:190} INFO - [2024-08-26T15:48:08.178-0700] {dagbag.py:587} INFO - Filling up the DagBag from /home/jerson/airflow_venv/lib/python3.10/site-packages/airflow/example_dags/example_setup_teardown.py
[2024-08-26T15:48:08.186-0700] {processor.py:925} INFO - DAG(s) 'example_setup_teardown' retrieved from /home/jerson/airflow_venv/lib/python3.10/site-packages/airflow/example_dags/example_setup_teardown.py
[2024-08-26T15:48:08.200-0700] {logging_mixin.py:190} INFO - [2024-08-26T15:48:08.200-0700] {dag.py:3211} INFO - Sync 1 DAGs
[2024-08-26T15:48:08.218-0700] {logging_mixin.py:190} INFO - [2024-08-26T15:48:08.217-0700] {dag.py:4138} INFO - Setting next_dagrun for example_setup_teardown to 2024-08-25 00:00:00+00:00, run_after=2024-08-26 00:00:00+00:00
[2024-08-26T15:48:08.234-0700] {processor.py:208} INFO - Processing /home/jerson/airflow_venv/lib/python3.10/site-packages/airflow/example_dags/example_setup_teardown.py took 0.062 seconds
[2024-08-26T15:48:56.503-0700] {processor.py:186} INFO - Started process (PID=19378) to work on /home/jerson/airflow_venv/lib/python3.10/site-packages/airflow/example_dags/example_setup_teardown.py
[2024-08-26T15:48:56.504-0700] {processor.py:914} INFO - Processing file /home/jerson/airflow_venv/lib/python3.10/site-packages/airflow/example_dags/example_setup_teardown.py for tasks to queue
[2024-08-26T15:48:56.505-0700] {logging_mixin.py:190} INFO - [2024-08-26T15:48:56.504-0700] {dagbag.py:587} INFO - Filling up the DagBag from /home/jerson/airflow_venv/lib/python3.10/site-packages/airflow/example_dags/example_setup_teardown.py
[2024-08-26T15:48:56.509-0700] {processor.py:925} INFO - DAG(s) 'example_setup_teardown' retrieved from /home/jerson/airflow_venv/lib/python3.10/site-packages/airflow/example_dags/example_setup_teardown.py
[2024-08-26T15:48:56.518-0700] {logging_mixin.py:190} INFO - [2024-08-26T15:48:56.518-0700] {dag.py:3211} INFO - Sync 1 DAGs
[2024-08-26T15:48:56.529-0700] {logging_mixin.py:190} INFO - [2024-08-26T15:48:56.529-0700] {dag.py:4138} INFO - Setting next_dagrun for example_setup_teardown to 2024-08-25 00:00:00+00:00, run_after=2024-08-26 00:00:00+00:00
[2024-08-26T15:48:56.544-0700] {processor.py:208} INFO - Processing /home/jerson/airflow_venv/lib/python3.10/site-packages/airflow/example_dags/example_setup_teardown.py took 0.045 seconds
[2024-08-26T15:49:47.812-0700] {processor.py:186} INFO - Started process (PID=19997) to work on /home/jerson/airflow_venv/lib/python3.10/site-packages/airflow/example_dags/example_setup_teardown.py
[2024-08-26T15:49:47.812-0700] {processor.py:914} INFO - Processing file /home/jerson/airflow_venv/lib/python3.10/site-packages/airflow/example_dags/example_setup_teardown.py for tasks to queue
[2024-08-26T15:49:47.813-0700] {logging_mixin.py:190} INFO - [2024-08-26T15:49:47.813-0700] {dagbag.py:587} INFO - Filling up the DagBag from /home/jerson/airflow_venv/lib/python3.10/site-packages/airflow/example_dags/example_setup_teardown.py
[2024-08-26T15:49:47.818-0700] {processor.py:925} INFO - DAG(s) 'example_setup_teardown' retrieved from /home/jerson/airflow_venv/lib/python3.10/site-packages/airflow/example_dags/example_setup_teardown.py
[2024-08-26T15:49:47.827-0700] {logging_mixin.py:190} INFO - [2024-08-26T15:49:47.827-0700] {dag.py:3211} INFO - Sync 1 DAGs
[2024-08-26T15:49:47.838-0700] {logging_mixin.py:190} INFO - [2024-08-26T15:49:47.838-0700] {dag.py:4138} INFO - Setting next_dagrun for example_setup_teardown to 2024-08-25 00:00:00+00:00, run_after=2024-08-26 00:00:00+00:00
[2024-08-26T15:49:47.853-0700] {processor.py:208} INFO - Processing /home/jerson/airflow_venv/lib/python3.10/site-packages/airflow/example_dags/example_setup_teardown.py took 0.045 seconds
[2024-08-26T15:50:12.126-0700] {processor.py:186} INFO - Started process (PID=20278) to work on /home/jerson/airflow_venv/lib/python3.10/site-packages/airflow/example_dags/example_setup_teardown.py
[2024-08-26T15:50:12.127-0700] {processor.py:914} INFO - Processing file /home/jerson/airflow_venv/lib/python3.10/site-packages/airflow/example_dags/example_setup_teardown.py for tasks to queue
[2024-08-26T15:50:12.128-0700] {logging_mixin.py:190} INFO - [2024-08-26T15:50:12.128-0700] {dagbag.py:587} INFO - Filling up the DagBag from /home/jerson/airflow_venv/lib/python3.10/site-packages/airflow/example_dags/example_setup_teardown.py
[2024-08-26T15:50:12.133-0700] {processor.py:925} INFO - DAG(s) 'example_setup_teardown' retrieved from /home/jerson/airflow_venv/lib/python3.10/site-packages/airflow/example_dags/example_setup_teardown.py
[2024-08-26T15:50:12.147-0700] {logging_mixin.py:190} INFO - [2024-08-26T15:50:12.147-0700] {dag.py:3211} INFO - Sync 1 DAGs
[2024-08-26T15:50:12.158-0700] {logging_mixin.py:190} INFO - [2024-08-26T15:50:12.158-0700] {dag.py:4138} INFO - Setting next_dagrun for example_setup_teardown to 2024-08-25 00:00:00+00:00, run_after=2024-08-26 00:00:00+00:00
[2024-08-26T15:50:12.173-0700] {processor.py:208} INFO - Processing /home/jerson/airflow_venv/lib/python3.10/site-packages/airflow/example_dags/example_setup_teardown.py took 0.050 seconds
[2024-08-26T15:50:36.799-0700] {processor.py:186} INFO - Started process (PID=20564) to work on /home/jerson/airflow_venv/lib/python3.10/site-packages/airflow/example_dags/example_setup_teardown.py
[2024-08-26T15:50:36.799-0700] {processor.py:914} INFO - Processing file /home/jerson/airflow_venv/lib/python3.10/site-packages/airflow/example_dags/example_setup_teardown.py for tasks to queue
[2024-08-26T15:50:36.800-0700] {logging_mixin.py:190} INFO - [2024-08-26T15:50:36.800-0700] {dagbag.py:587} INFO - Filling up the DagBag from /home/jerson/airflow_venv/lib/python3.10/site-packages/airflow/example_dags/example_setup_teardown.py
[2024-08-26T15:50:36.805-0700] {processor.py:925} INFO - DAG(s) 'example_setup_teardown' retrieved from /home/jerson/airflow_venv/lib/python3.10/site-packages/airflow/example_dags/example_setup_teardown.py
[2024-08-26T15:50:36.814-0700] {logging_mixin.py:190} INFO - [2024-08-26T15:50:36.814-0700] {dag.py:3211} INFO - Sync 1 DAGs
[2024-08-26T15:50:36.825-0700] {logging_mixin.py:190} INFO - [2024-08-26T15:50:36.825-0700] {dag.py:4138} INFO - Setting next_dagrun for example_setup_teardown to 2024-08-25 00:00:00+00:00, run_after=2024-08-26 00:00:00+00:00
[2024-08-26T15:50:36.840-0700] {processor.py:208} INFO - Processing /home/jerson/airflow_venv/lib/python3.10/site-packages/airflow/example_dags/example_setup_teardown.py took 0.046 seconds
[2024-08-26T15:51:04.138-0700] {processor.py:186} INFO - Started process (PID=20899) to work on /home/jerson/airflow_venv/lib/python3.10/site-packages/airflow/example_dags/example_setup_teardown.py
[2024-08-26T15:51:04.138-0700] {processor.py:914} INFO - Processing file /home/jerson/airflow_venv/lib/python3.10/site-packages/airflow/example_dags/example_setup_teardown.py for tasks to queue
[2024-08-26T15:51:04.139-0700] {logging_mixin.py:190} INFO - [2024-08-26T15:51:04.139-0700] {dagbag.py:587} INFO - Filling up the DagBag from /home/jerson/airflow_venv/lib/python3.10/site-packages/airflow/example_dags/example_setup_teardown.py
[2024-08-26T15:51:04.144-0700] {processor.py:925} INFO - DAG(s) 'example_setup_teardown' retrieved from /home/jerson/airflow_venv/lib/python3.10/site-packages/airflow/example_dags/example_setup_teardown.py
[2024-08-26T15:51:04.153-0700] {logging_mixin.py:190} INFO - [2024-08-26T15:51:04.153-0700] {dag.py:3211} INFO - Sync 1 DAGs
[2024-08-26T15:51:04.165-0700] {logging_mixin.py:190} INFO - [2024-08-26T15:51:04.165-0700] {dag.py:4138} INFO - Setting next_dagrun for example_setup_teardown to 2024-08-25 00:00:00+00:00, run_after=2024-08-26 00:00:00+00:00
[2024-08-26T15:51:04.180-0700] {processor.py:208} INFO - Processing /home/jerson/airflow_venv/lib/python3.10/site-packages/airflow/example_dags/example_setup_teardown.py took 0.045 seconds
[2024-08-26T15:51:23.459-0700] {processor.py:186} INFO - Started process (PID=21127) to work on /home/jerson/airflow_venv/lib/python3.10/site-packages/airflow/example_dags/example_setup_teardown.py
[2024-08-26T15:51:23.460-0700] {processor.py:914} INFO - Processing file /home/jerson/airflow_venv/lib/python3.10/site-packages/airflow/example_dags/example_setup_teardown.py for tasks to queue
[2024-08-26T15:51:23.461-0700] {logging_mixin.py:190} INFO - [2024-08-26T15:51:23.461-0700] {dagbag.py:587} INFO - Filling up the DagBag from /home/jerson/airflow_venv/lib/python3.10/site-packages/airflow/example_dags/example_setup_teardown.py
[2024-08-26T15:51:23.467-0700] {processor.py:925} INFO - DAG(s) 'example_setup_teardown' retrieved from /home/jerson/airflow_venv/lib/python3.10/site-packages/airflow/example_dags/example_setup_teardown.py
[2024-08-26T15:51:23.477-0700] {logging_mixin.py:190} INFO - [2024-08-26T15:51:23.476-0700] {dag.py:3211} INFO - Sync 1 DAGs
[2024-08-26T15:51:23.488-0700] {logging_mixin.py:190} INFO - [2024-08-26T15:51:23.488-0700] {dag.py:4138} INFO - Setting next_dagrun for example_setup_teardown to 2024-08-25 00:00:00+00:00, run_after=2024-08-26 00:00:00+00:00
[2024-08-26T15:51:23.504-0700] {processor.py:208} INFO - Processing /home/jerson/airflow_venv/lib/python3.10/site-packages/airflow/example_dags/example_setup_teardown.py took 0.050 seconds
[2024-08-26T15:51:53.902-0700] {processor.py:186} INFO - Started process (PID=21464) to work on /home/jerson/airflow_venv/lib/python3.10/site-packages/airflow/example_dags/example_setup_teardown.py
[2024-08-26T15:51:53.902-0700] {processor.py:914} INFO - Processing file /home/jerson/airflow_venv/lib/python3.10/site-packages/airflow/example_dags/example_setup_teardown.py for tasks to queue
[2024-08-26T15:51:53.903-0700] {logging_mixin.py:190} INFO - [2024-08-26T15:51:53.903-0700] {dagbag.py:587} INFO - Filling up the DagBag from /home/jerson/airflow_venv/lib/python3.10/site-packages/airflow/example_dags/example_setup_teardown.py
[2024-08-26T15:51:53.909-0700] {processor.py:925} INFO - DAG(s) 'example_setup_teardown' retrieved from /home/jerson/airflow_venv/lib/python3.10/site-packages/airflow/example_dags/example_setup_teardown.py
[2024-08-26T15:51:53.918-0700] {logging_mixin.py:190} INFO - [2024-08-26T15:51:53.918-0700] {dag.py:3211} INFO - Sync 1 DAGs
[2024-08-26T15:51:53.930-0700] {logging_mixin.py:190} INFO - [2024-08-26T15:51:53.930-0700] {dag.py:4138} INFO - Setting next_dagrun for example_setup_teardown to 2024-08-25 00:00:00+00:00, run_after=2024-08-26 00:00:00+00:00
[2024-08-26T15:51:54.005-0700] {processor.py:208} INFO - Processing /home/jerson/airflow_venv/lib/python3.10/site-packages/airflow/example_dags/example_setup_teardown.py took 0.106 seconds
[2024-08-26T15:52:41.122-0700] {processor.py:186} INFO - Started process (PID=21867) to work on /home/jerson/airflow_venv/lib/python3.10/site-packages/airflow/example_dags/example_setup_teardown.py
[2024-08-26T15:52:41.123-0700] {processor.py:914} INFO - Processing file /home/jerson/airflow_venv/lib/python3.10/site-packages/airflow/example_dags/example_setup_teardown.py for tasks to queue
[2024-08-26T15:52:41.124-0700] {logging_mixin.py:190} INFO - [2024-08-26T15:52:41.124-0700] {dagbag.py:587} INFO - Filling up the DagBag from /home/jerson/airflow_venv/lib/python3.10/site-packages/airflow/example_dags/example_setup_teardown.py
[2024-08-26T15:52:41.129-0700] {processor.py:925} INFO - DAG(s) 'example_setup_teardown' retrieved from /home/jerson/airflow_venv/lib/python3.10/site-packages/airflow/example_dags/example_setup_teardown.py
[2024-08-26T15:52:41.139-0700] {logging_mixin.py:190} INFO - [2024-08-26T15:52:41.139-0700] {dag.py:3211} INFO - Sync 1 DAGs
[2024-08-26T15:52:41.150-0700] {logging_mixin.py:190} INFO - [2024-08-26T15:52:41.150-0700] {dag.py:4138} INFO - Setting next_dagrun for example_setup_teardown to 2024-08-25 00:00:00+00:00, run_after=2024-08-26 00:00:00+00:00
[2024-08-26T15:52:41.167-0700] {processor.py:208} INFO - Processing /home/jerson/airflow_venv/lib/python3.10/site-packages/airflow/example_dags/example_setup_teardown.py took 0.049 seconds
[2024-08-26T15:53:31.277-0700] {processor.py:186} INFO - Started process (PID=22374) to work on /home/jerson/airflow_venv/lib/python3.10/site-packages/airflow/example_dags/example_setup_teardown.py
[2024-08-26T15:53:31.278-0700] {processor.py:914} INFO - Processing file /home/jerson/airflow_venv/lib/python3.10/site-packages/airflow/example_dags/example_setup_teardown.py for tasks to queue
[2024-08-26T15:53:31.279-0700] {logging_mixin.py:190} INFO - [2024-08-26T15:53:31.279-0700] {dagbag.py:587} INFO - Filling up the DagBag from /home/jerson/airflow_venv/lib/python3.10/site-packages/airflow/example_dags/example_setup_teardown.py
[2024-08-26T15:53:31.284-0700] {processor.py:925} INFO - DAG(s) 'example_setup_teardown' retrieved from /home/jerson/airflow_venv/lib/python3.10/site-packages/airflow/example_dags/example_setup_teardown.py
[2024-08-26T15:53:31.292-0700] {logging_mixin.py:190} INFO - [2024-08-26T15:53:31.292-0700] {dag.py:3211} INFO - Sync 1 DAGs
[2024-08-26T15:53:31.303-0700] {logging_mixin.py:190} INFO - [2024-08-26T15:53:31.303-0700] {dag.py:4138} INFO - Setting next_dagrun for example_setup_teardown to 2024-08-25 00:00:00+00:00, run_after=2024-08-26 00:00:00+00:00
[2024-08-26T15:53:31.317-0700] {processor.py:208} INFO - Processing /home/jerson/airflow_venv/lib/python3.10/site-packages/airflow/example_dags/example_setup_teardown.py took 0.044 seconds
[2024-08-26T15:54:04.046-0700] {processor.py:186} INFO - Started process (PID=22680) to work on /home/jerson/airflow_venv/lib/python3.10/site-packages/airflow/example_dags/example_setup_teardown.py
[2024-08-26T15:54:04.047-0700] {processor.py:914} INFO - Processing file /home/jerson/airflow_venv/lib/python3.10/site-packages/airflow/example_dags/example_setup_teardown.py for tasks to queue
[2024-08-26T15:54:04.048-0700] {logging_mixin.py:190} INFO - [2024-08-26T15:54:04.048-0700] {dagbag.py:587} INFO - Filling up the DagBag from /home/jerson/airflow_venv/lib/python3.10/site-packages/airflow/example_dags/example_setup_teardown.py
[2024-08-26T15:54:04.053-0700] {processor.py:925} INFO - DAG(s) 'example_setup_teardown' retrieved from /home/jerson/airflow_venv/lib/python3.10/site-packages/airflow/example_dags/example_setup_teardown.py
[2024-08-26T15:54:04.069-0700] {logging_mixin.py:190} INFO - [2024-08-26T15:54:04.069-0700] {dag.py:3211} INFO - Sync 1 DAGs
[2024-08-26T15:54:04.080-0700] {logging_mixin.py:190} INFO - [2024-08-26T15:54:04.080-0700] {dag.py:4138} INFO - Setting next_dagrun for example_setup_teardown to 2024-08-25 00:00:00+00:00, run_after=2024-08-26 00:00:00+00:00
[2024-08-26T15:54:04.097-0700] {processor.py:208} INFO - Processing /home/jerson/airflow_venv/lib/python3.10/site-packages/airflow/example_dags/example_setup_teardown.py took 0.055 seconds
[2024-08-26T15:55:18.750-0700] {processor.py:186} INFO - Started process (PID=23373) to work on /home/jerson/airflow_venv/lib/python3.10/site-packages/airflow/example_dags/example_setup_teardown.py
[2024-08-26T15:55:18.751-0700] {processor.py:914} INFO - Processing file /home/jerson/airflow_venv/lib/python3.10/site-packages/airflow/example_dags/example_setup_teardown.py for tasks to queue
[2024-08-26T15:55:18.752-0700] {logging_mixin.py:190} INFO - [2024-08-26T15:55:18.752-0700] {dagbag.py:587} INFO - Filling up the DagBag from /home/jerson/airflow_venv/lib/python3.10/site-packages/airflow/example_dags/example_setup_teardown.py
[2024-08-26T15:55:18.757-0700] {processor.py:925} INFO - DAG(s) 'example_setup_teardown' retrieved from /home/jerson/airflow_venv/lib/python3.10/site-packages/airflow/example_dags/example_setup_teardown.py
[2024-08-26T15:55:18.770-0700] {logging_mixin.py:190} INFO - [2024-08-26T15:55:18.770-0700] {dag.py:3211} INFO - Sync 1 DAGs
[2024-08-26T15:55:18.780-0700] {logging_mixin.py:190} INFO - [2024-08-26T15:55:18.780-0700] {dag.py:4138} INFO - Setting next_dagrun for example_setup_teardown to 2024-08-25 00:00:00+00:00, run_after=2024-08-26 00:00:00+00:00
[2024-08-26T15:55:18.797-0700] {processor.py:208} INFO - Processing /home/jerson/airflow_venv/lib/python3.10/site-packages/airflow/example_dags/example_setup_teardown.py took 0.050 seconds
[2024-08-26T15:56:10.743-0700] {processor.py:186} INFO - Started process (PID=23903) to work on /home/jerson/airflow_venv/lib/python3.10/site-packages/airflow/example_dags/example_setup_teardown.py
[2024-08-26T15:56:10.744-0700] {processor.py:914} INFO - Processing file /home/jerson/airflow_venv/lib/python3.10/site-packages/airflow/example_dags/example_setup_teardown.py for tasks to queue
[2024-08-26T15:56:10.746-0700] {logging_mixin.py:190} INFO - [2024-08-26T15:56:10.745-0700] {dagbag.py:587} INFO - Filling up the DagBag from /home/jerson/airflow_venv/lib/python3.10/site-packages/airflow/example_dags/example_setup_teardown.py
[2024-08-26T15:56:10.751-0700] {processor.py:925} INFO - DAG(s) 'example_setup_teardown' retrieved from /home/jerson/airflow_venv/lib/python3.10/site-packages/airflow/example_dags/example_setup_teardown.py
[2024-08-26T15:56:10.760-0700] {logging_mixin.py:190} INFO - [2024-08-26T15:56:10.759-0700] {dag.py:3211} INFO - Sync 1 DAGs
[2024-08-26T15:56:10.771-0700] {logging_mixin.py:190} INFO - [2024-08-26T15:56:10.770-0700] {dag.py:4138} INFO - Setting next_dagrun for example_setup_teardown to 2024-08-25 00:00:00+00:00, run_after=2024-08-26 00:00:00+00:00
[2024-08-26T15:56:10.788-0700] {processor.py:208} INFO - Processing /home/jerson/airflow_venv/lib/python3.10/site-packages/airflow/example_dags/example_setup_teardown.py took 0.047 seconds
[2024-08-26T15:57:05.963-0700] {processor.py:186} INFO - Started process (PID=24703) to work on /home/jerson/airflow_venv/lib/python3.10/site-packages/airflow/example_dags/example_setup_teardown.py
[2024-08-26T15:57:05.964-0700] {processor.py:914} INFO - Processing file /home/jerson/airflow_venv/lib/python3.10/site-packages/airflow/example_dags/example_setup_teardown.py for tasks to queue
[2024-08-26T15:57:05.965-0700] {logging_mixin.py:190} INFO - [2024-08-26T15:57:05.965-0700] {dagbag.py:587} INFO - Filling up the DagBag from /home/jerson/airflow_venv/lib/python3.10/site-packages/airflow/example_dags/example_setup_teardown.py
[2024-08-26T15:57:05.970-0700] {processor.py:925} INFO - DAG(s) 'example_setup_teardown' retrieved from /home/jerson/airflow_venv/lib/python3.10/site-packages/airflow/example_dags/example_setup_teardown.py
[2024-08-26T15:57:05.979-0700] {logging_mixin.py:190} INFO - [2024-08-26T15:57:05.979-0700] {dag.py:3211} INFO - Sync 1 DAGs
[2024-08-26T15:57:05.990-0700] {logging_mixin.py:190} INFO - [2024-08-26T15:57:05.990-0700] {dag.py:4138} INFO - Setting next_dagrun for example_setup_teardown to 2024-08-25 00:00:00+00:00, run_after=2024-08-26 00:00:00+00:00
[2024-08-26T15:57:06.007-0700] {processor.py:208} INFO - Processing /home/jerson/airflow_venv/lib/python3.10/site-packages/airflow/example_dags/example_setup_teardown.py took 0.048 seconds
[2024-08-26T15:58:02.228-0700] {processor.py:186} INFO - Started process (PID=25226) to work on /home/jerson/airflow_venv/lib/python3.10/site-packages/airflow/example_dags/example_setup_teardown.py
[2024-08-26T15:58:02.229-0700] {processor.py:914} INFO - Processing file /home/jerson/airflow_venv/lib/python3.10/site-packages/airflow/example_dags/example_setup_teardown.py for tasks to queue
[2024-08-26T15:58:02.230-0700] {logging_mixin.py:190} INFO - [2024-08-26T15:58:02.230-0700] {dagbag.py:587} INFO - Filling up the DagBag from /home/jerson/airflow_venv/lib/python3.10/site-packages/airflow/example_dags/example_setup_teardown.py
[2024-08-26T15:58:02.235-0700] {processor.py:925} INFO - DAG(s) 'example_setup_teardown' retrieved from /home/jerson/airflow_venv/lib/python3.10/site-packages/airflow/example_dags/example_setup_teardown.py
[2024-08-26T15:58:02.244-0700] {logging_mixin.py:190} INFO - [2024-08-26T15:58:02.243-0700] {dag.py:3211} INFO - Sync 1 DAGs
[2024-08-26T15:58:02.254-0700] {logging_mixin.py:190} INFO - [2024-08-26T15:58:02.254-0700] {dag.py:4138} INFO - Setting next_dagrun for example_setup_teardown to 2024-08-25 00:00:00+00:00, run_after=2024-08-26 00:00:00+00:00
[2024-08-26T15:58:02.270-0700] {processor.py:208} INFO - Processing /home/jerson/airflow_venv/lib/python3.10/site-packages/airflow/example_dags/example_setup_teardown.py took 0.045 seconds
[2024-08-26T15:58:54.306-0700] {processor.py:186} INFO - Started process (PID=25642) to work on /home/jerson/airflow_venv/lib/python3.10/site-packages/airflow/example_dags/example_setup_teardown.py
[2024-08-26T15:58:54.312-0700] {processor.py:914} INFO - Processing file /home/jerson/airflow_venv/lib/python3.10/site-packages/airflow/example_dags/example_setup_teardown.py for tasks to queue
[2024-08-26T15:58:54.313-0700] {logging_mixin.py:190} INFO - [2024-08-26T15:58:54.313-0700] {dagbag.py:587} INFO - Filling up the DagBag from /home/jerson/airflow_venv/lib/python3.10/site-packages/airflow/example_dags/example_setup_teardown.py
[2024-08-26T15:58:54.318-0700] {processor.py:925} INFO - DAG(s) 'example_setup_teardown' retrieved from /home/jerson/airflow_venv/lib/python3.10/site-packages/airflow/example_dags/example_setup_teardown.py
[2024-08-26T15:58:54.327-0700] {logging_mixin.py:190} INFO - [2024-08-26T15:58:54.326-0700] {dag.py:3211} INFO - Sync 1 DAGs
[2024-08-26T15:58:54.337-0700] {logging_mixin.py:190} INFO - [2024-08-26T15:58:54.337-0700] {dag.py:4138} INFO - Setting next_dagrun for example_setup_teardown to 2024-08-25 00:00:00+00:00, run_after=2024-08-26 00:00:00+00:00
[2024-08-26T15:58:54.353-0700] {processor.py:208} INFO - Processing /home/jerson/airflow_venv/lib/python3.10/site-packages/airflow/example_dags/example_setup_teardown.py took 0.049 seconds
[2024-08-26T15:59:41.148-0700] {processor.py:186} INFO - Started process (PID=26016) to work on /home/jerson/airflow_venv/lib/python3.10/site-packages/airflow/example_dags/example_setup_teardown.py
[2024-08-26T15:59:41.149-0700] {processor.py:914} INFO - Processing file /home/jerson/airflow_venv/lib/python3.10/site-packages/airflow/example_dags/example_setup_teardown.py for tasks to queue
[2024-08-26T15:59:41.150-0700] {logging_mixin.py:190} INFO - [2024-08-26T15:59:41.150-0700] {dagbag.py:587} INFO - Filling up the DagBag from /home/jerson/airflow_venv/lib/python3.10/site-packages/airflow/example_dags/example_setup_teardown.py
[2024-08-26T15:59:41.155-0700] {processor.py:925} INFO - DAG(s) 'example_setup_teardown' retrieved from /home/jerson/airflow_venv/lib/python3.10/site-packages/airflow/example_dags/example_setup_teardown.py
[2024-08-26T15:59:41.163-0700] {logging_mixin.py:190} INFO - [2024-08-26T15:59:41.163-0700] {dag.py:3211} INFO - Sync 1 DAGs
[2024-08-26T15:59:41.174-0700] {logging_mixin.py:190} INFO - [2024-08-26T15:59:41.174-0700] {dag.py:4138} INFO - Setting next_dagrun for example_setup_teardown to 2024-08-25 00:00:00+00:00, run_after=2024-08-26 00:00:00+00:00
[2024-08-26T15:59:41.189-0700] {processor.py:208} INFO - Processing /home/jerson/airflow_venv/lib/python3.10/site-packages/airflow/example_dags/example_setup_teardown.py took 0.044 seconds
[2024-08-26T16:00:26.710-0700] {processor.py:186} INFO - Started process (PID=26413) to work on /home/jerson/airflow_venv/lib/python3.10/site-packages/airflow/example_dags/example_setup_teardown.py
[2024-08-26T16:00:26.711-0700] {processor.py:914} INFO - Processing file /home/jerson/airflow_venv/lib/python3.10/site-packages/airflow/example_dags/example_setup_teardown.py for tasks to queue
[2024-08-26T16:00:26.712-0700] {logging_mixin.py:190} INFO - [2024-08-26T16:00:26.712-0700] {dagbag.py:587} INFO - Filling up the DagBag from /home/jerson/airflow_venv/lib/python3.10/site-packages/airflow/example_dags/example_setup_teardown.py
[2024-08-26T16:00:26.717-0700] {processor.py:925} INFO - DAG(s) 'example_setup_teardown' retrieved from /home/jerson/airflow_venv/lib/python3.10/site-packages/airflow/example_dags/example_setup_teardown.py
[2024-08-26T16:00:26.725-0700] {logging_mixin.py:190} INFO - [2024-08-26T16:00:26.725-0700] {dag.py:3211} INFO - Sync 1 DAGs
[2024-08-26T16:00:26.736-0700] {logging_mixin.py:190} INFO - [2024-08-26T16:00:26.736-0700] {dag.py:4138} INFO - Setting next_dagrun for example_setup_teardown to 2024-08-25 00:00:00+00:00, run_after=2024-08-26 00:00:00+00:00
[2024-08-26T16:00:26.752-0700] {processor.py:208} INFO - Processing /home/jerson/airflow_venv/lib/python3.10/site-packages/airflow/example_dags/example_setup_teardown.py took 0.045 seconds
[2024-08-26T16:01:13.191-0700] {processor.py:186} INFO - Started process (PID=26782) to work on /home/jerson/airflow_venv/lib/python3.10/site-packages/airflow/example_dags/example_setup_teardown.py
[2024-08-26T16:01:13.192-0700] {processor.py:914} INFO - Processing file /home/jerson/airflow_venv/lib/python3.10/site-packages/airflow/example_dags/example_setup_teardown.py for tasks to queue
[2024-08-26T16:01:13.193-0700] {logging_mixin.py:190} INFO - [2024-08-26T16:01:13.193-0700] {dagbag.py:587} INFO - Filling up the DagBag from /home/jerson/airflow_venv/lib/python3.10/site-packages/airflow/example_dags/example_setup_teardown.py
[2024-08-26T16:01:13.198-0700] {processor.py:925} INFO - DAG(s) 'example_setup_teardown' retrieved from /home/jerson/airflow_venv/lib/python3.10/site-packages/airflow/example_dags/example_setup_teardown.py
[2024-08-26T16:01:13.207-0700] {logging_mixin.py:190} INFO - [2024-08-26T16:01:13.207-0700] {dag.py:3211} INFO - Sync 1 DAGs
[2024-08-26T16:01:13.218-0700] {logging_mixin.py:190} INFO - [2024-08-26T16:01:13.218-0700] {dag.py:4138} INFO - Setting next_dagrun for example_setup_teardown to 2024-08-25 00:00:00+00:00, run_after=2024-08-26 00:00:00+00:00
[2024-08-26T16:01:13.235-0700] {processor.py:208} INFO - Processing /home/jerson/airflow_venv/lib/python3.10/site-packages/airflow/example_dags/example_setup_teardown.py took 0.048 seconds
[2024-08-26T16:02:02.560-0700] {processor.py:186} INFO - Started process (PID=27173) to work on /home/jerson/airflow_venv/lib/python3.10/site-packages/airflow/example_dags/example_setup_teardown.py
[2024-08-26T16:02:02.563-0700] {processor.py:914} INFO - Processing file /home/jerson/airflow_venv/lib/python3.10/site-packages/airflow/example_dags/example_setup_teardown.py for tasks to queue
[2024-08-26T16:02:02.564-0700] {logging_mixin.py:190} INFO - [2024-08-26T16:02:02.564-0700] {dagbag.py:587} INFO - Filling up the DagBag from /home/jerson/airflow_venv/lib/python3.10/site-packages/airflow/example_dags/example_setup_teardown.py
[2024-08-26T16:02:02.569-0700] {processor.py:925} INFO - DAG(s) 'example_setup_teardown' retrieved from /home/jerson/airflow_venv/lib/python3.10/site-packages/airflow/example_dags/example_setup_teardown.py
[2024-08-26T16:02:02.579-0700] {logging_mixin.py:190} INFO - [2024-08-26T16:02:02.579-0700] {dag.py:3211} INFO - Sync 1 DAGs
[2024-08-26T16:02:02.591-0700] {logging_mixin.py:190} INFO - [2024-08-26T16:02:02.591-0700] {dag.py:4138} INFO - Setting next_dagrun for example_setup_teardown to 2024-08-25 00:00:00+00:00, run_after=2024-08-26 00:00:00+00:00
[2024-08-26T16:02:02.613-0700] {processor.py:208} INFO - Processing /home/jerson/airflow_venv/lib/python3.10/site-packages/airflow/example_dags/example_setup_teardown.py took 0.055 seconds
[2024-08-26T16:02:53.913-0700] {processor.py:186} INFO - Started process (PID=27581) to work on /home/jerson/airflow_venv/lib/python3.10/site-packages/airflow/example_dags/example_setup_teardown.py
[2024-08-26T16:02:54.239-0700] {processor.py:914} INFO - Processing file /home/jerson/airflow_venv/lib/python3.10/site-packages/airflow/example_dags/example_setup_teardown.py for tasks to queue
[2024-08-26T16:02:54.240-0700] {logging_mixin.py:190} INFO - [2024-08-26T16:02:54.240-0700] {dagbag.py:587} INFO - Filling up the DagBag from /home/jerson/airflow_venv/lib/python3.10/site-packages/airflow/example_dags/example_setup_teardown.py
[2024-08-26T16:02:54.245-0700] {processor.py:925} INFO - DAG(s) 'example_setup_teardown' retrieved from /home/jerson/airflow_venv/lib/python3.10/site-packages/airflow/example_dags/example_setup_teardown.py
[2024-08-26T16:02:54.254-0700] {logging_mixin.py:190} INFO - [2024-08-26T16:02:54.254-0700] {dag.py:3211} INFO - Sync 1 DAGs
[2024-08-26T16:02:54.265-0700] {logging_mixin.py:190} INFO - [2024-08-26T16:02:54.265-0700] {dag.py:4138} INFO - Setting next_dagrun for example_setup_teardown to 2024-08-25 00:00:00+00:00, run_after=2024-08-26 00:00:00+00:00
[2024-08-26T16:02:54.313-0700] {processor.py:208} INFO - Processing /home/jerson/airflow_venv/lib/python3.10/site-packages/airflow/example_dags/example_setup_teardown.py took 0.403 seconds
[2024-08-26T16:03:42.617-0700] {processor.py:186} INFO - Started process (PID=27969) to work on /home/jerson/airflow_venv/lib/python3.10/site-packages/airflow/example_dags/example_setup_teardown.py
[2024-08-26T16:03:42.619-0700] {processor.py:914} INFO - Processing file /home/jerson/airflow_venv/lib/python3.10/site-packages/airflow/example_dags/example_setup_teardown.py for tasks to queue
[2024-08-26T16:03:42.621-0700] {logging_mixin.py:190} INFO - [2024-08-26T16:03:42.620-0700] {dagbag.py:587} INFO - Filling up the DagBag from /home/jerson/airflow_venv/lib/python3.10/site-packages/airflow/example_dags/example_setup_teardown.py
[2024-08-26T16:03:42.625-0700] {processor.py:925} INFO - DAG(s) 'example_setup_teardown' retrieved from /home/jerson/airflow_venv/lib/python3.10/site-packages/airflow/example_dags/example_setup_teardown.py
[2024-08-26T16:03:42.635-0700] {logging_mixin.py:190} INFO - [2024-08-26T16:03:42.634-0700] {dag.py:3211} INFO - Sync 1 DAGs
[2024-08-26T16:03:42.645-0700] {logging_mixin.py:190} INFO - [2024-08-26T16:03:42.645-0700] {dag.py:4138} INFO - Setting next_dagrun for example_setup_teardown to 2024-08-25 00:00:00+00:00, run_after=2024-08-26 00:00:00+00:00
[2024-08-26T16:03:42.672-0700] {processor.py:208} INFO - Processing /home/jerson/airflow_venv/lib/python3.10/site-packages/airflow/example_dags/example_setup_teardown.py took 0.058 seconds
[2024-08-26T16:04:31.660-0700] {processor.py:186} INFO - Started process (PID=28358) to work on /home/jerson/airflow_venv/lib/python3.10/site-packages/airflow/example_dags/example_setup_teardown.py
[2024-08-26T16:04:31.667-0700] {processor.py:914} INFO - Processing file /home/jerson/airflow_venv/lib/python3.10/site-packages/airflow/example_dags/example_setup_teardown.py for tasks to queue
[2024-08-26T16:04:31.668-0700] {logging_mixin.py:190} INFO - [2024-08-26T16:04:31.668-0700] {dagbag.py:587} INFO - Filling up the DagBag from /home/jerson/airflow_venv/lib/python3.10/site-packages/airflow/example_dags/example_setup_teardown.py
[2024-08-26T16:04:31.673-0700] {processor.py:925} INFO - DAG(s) 'example_setup_teardown' retrieved from /home/jerson/airflow_venv/lib/python3.10/site-packages/airflow/example_dags/example_setup_teardown.py
[2024-08-26T16:04:31.682-0700] {logging_mixin.py:190} INFO - [2024-08-26T16:04:31.682-0700] {dag.py:3211} INFO - Sync 1 DAGs
[2024-08-26T16:04:31.693-0700] {logging_mixin.py:190} INFO - [2024-08-26T16:04:31.693-0700] {dag.py:4138} INFO - Setting next_dagrun for example_setup_teardown to 2024-08-25 00:00:00+00:00, run_after=2024-08-26 00:00:00+00:00
[2024-08-26T16:04:31.722-0700] {processor.py:208} INFO - Processing /home/jerson/airflow_venv/lib/python3.10/site-packages/airflow/example_dags/example_setup_teardown.py took 0.066 seconds
[2024-08-26T16:05:19.930-0700] {processor.py:186} INFO - Started process (PID=28776) to work on /home/jerson/airflow_venv/lib/python3.10/site-packages/airflow/example_dags/example_setup_teardown.py
[2024-08-26T16:05:19.931-0700] {processor.py:914} INFO - Processing file /home/jerson/airflow_venv/lib/python3.10/site-packages/airflow/example_dags/example_setup_teardown.py for tasks to queue
[2024-08-26T16:05:19.932-0700] {logging_mixin.py:190} INFO - [2024-08-26T16:05:19.932-0700] {dagbag.py:587} INFO - Filling up the DagBag from /home/jerson/airflow_venv/lib/python3.10/site-packages/airflow/example_dags/example_setup_teardown.py
[2024-08-26T16:05:19.937-0700] {processor.py:925} INFO - DAG(s) 'example_setup_teardown' retrieved from /home/jerson/airflow_venv/lib/python3.10/site-packages/airflow/example_dags/example_setup_teardown.py
[2024-08-26T16:05:19.946-0700] {logging_mixin.py:190} INFO - [2024-08-26T16:05:19.946-0700] {dag.py:3211} INFO - Sync 1 DAGs
[2024-08-26T16:05:19.957-0700] {logging_mixin.py:190} INFO - [2024-08-26T16:05:19.957-0700] {dag.py:4138} INFO - Setting next_dagrun for example_setup_teardown to 2024-08-25 00:00:00+00:00, run_after=2024-08-26 00:00:00+00:00
[2024-08-26T16:05:19.973-0700] {processor.py:208} INFO - Processing /home/jerson/airflow_venv/lib/python3.10/site-packages/airflow/example_dags/example_setup_teardown.py took 0.047 seconds
[2024-08-26T16:06:07.309-0700] {processor.py:186} INFO - Started process (PID=29155) to work on /home/jerson/airflow_venv/lib/python3.10/site-packages/airflow/example_dags/example_setup_teardown.py
[2024-08-26T16:06:07.309-0700] {processor.py:914} INFO - Processing file /home/jerson/airflow_venv/lib/python3.10/site-packages/airflow/example_dags/example_setup_teardown.py for tasks to queue
[2024-08-26T16:06:07.311-0700] {logging_mixin.py:190} INFO - [2024-08-26T16:06:07.310-0700] {dagbag.py:587} INFO - Filling up the DagBag from /home/jerson/airflow_venv/lib/python3.10/site-packages/airflow/example_dags/example_setup_teardown.py
[2024-08-26T16:06:07.316-0700] {processor.py:925} INFO - DAG(s) 'example_setup_teardown' retrieved from /home/jerson/airflow_venv/lib/python3.10/site-packages/airflow/example_dags/example_setup_teardown.py
[2024-08-26T16:06:07.325-0700] {logging_mixin.py:190} INFO - [2024-08-26T16:06:07.325-0700] {dag.py:3211} INFO - Sync 1 DAGs
[2024-08-26T16:06:07.335-0700] {logging_mixin.py:190} INFO - [2024-08-26T16:06:07.335-0700] {dag.py:4138} INFO - Setting next_dagrun for example_setup_teardown to 2024-08-25 00:00:00+00:00, run_after=2024-08-26 00:00:00+00:00
[2024-08-26T16:06:07.350-0700] {processor.py:208} INFO - Processing /home/jerson/airflow_venv/lib/python3.10/site-packages/airflow/example_dags/example_setup_teardown.py took 0.044 seconds
[2024-08-26T16:06:54.191-0700] {processor.py:186} INFO - Started process (PID=29531) to work on /home/jerson/airflow_venv/lib/python3.10/site-packages/airflow/example_dags/example_setup_teardown.py
[2024-08-26T16:06:54.192-0700] {processor.py:914} INFO - Processing file /home/jerson/airflow_venv/lib/python3.10/site-packages/airflow/example_dags/example_setup_teardown.py for tasks to queue
[2024-08-26T16:06:54.193-0700] {logging_mixin.py:190} INFO - [2024-08-26T16:06:54.193-0700] {dagbag.py:587} INFO - Filling up the DagBag from /home/jerson/airflow_venv/lib/python3.10/site-packages/airflow/example_dags/example_setup_teardown.py
[2024-08-26T16:06:54.198-0700] {processor.py:925} INFO - DAG(s) 'example_setup_teardown' retrieved from /home/jerson/airflow_venv/lib/python3.10/site-packages/airflow/example_dags/example_setup_teardown.py
[2024-08-26T16:06:54.209-0700] {logging_mixin.py:190} INFO - [2024-08-26T16:06:54.208-0700] {dag.py:3211} INFO - Sync 1 DAGs
[2024-08-26T16:06:54.219-0700] {logging_mixin.py:190} INFO - [2024-08-26T16:06:54.219-0700] {dag.py:4138} INFO - Setting next_dagrun for example_setup_teardown to 2024-08-25 00:00:00+00:00, run_after=2024-08-26 00:00:00+00:00
[2024-08-26T16:06:54.239-0700] {processor.py:208} INFO - Processing /home/jerson/airflow_venv/lib/python3.10/site-packages/airflow/example_dags/example_setup_teardown.py took 0.051 seconds
[2024-08-26T16:07:52.417-0700] {processor.py:186} INFO - Started process (PID=29980) to work on /home/jerson/airflow_venv/lib/python3.10/site-packages/airflow/example_dags/example_setup_teardown.py
[2024-08-26T16:07:52.418-0700] {processor.py:914} INFO - Processing file /home/jerson/airflow_venv/lib/python3.10/site-packages/airflow/example_dags/example_setup_teardown.py for tasks to queue
[2024-08-26T16:07:52.419-0700] {logging_mixin.py:190} INFO - [2024-08-26T16:07:52.419-0700] {dagbag.py:587} INFO - Filling up the DagBag from /home/jerson/airflow_venv/lib/python3.10/site-packages/airflow/example_dags/example_setup_teardown.py
[2024-08-26T16:07:52.424-0700] {processor.py:925} INFO - DAG(s) 'example_setup_teardown' retrieved from /home/jerson/airflow_venv/lib/python3.10/site-packages/airflow/example_dags/example_setup_teardown.py
[2024-08-26T16:07:52.433-0700] {logging_mixin.py:190} INFO - [2024-08-26T16:07:52.433-0700] {dag.py:3211} INFO - Sync 1 DAGs
[2024-08-26T16:07:52.444-0700] {logging_mixin.py:190} INFO - [2024-08-26T16:07:52.444-0700] {dag.py:4138} INFO - Setting next_dagrun for example_setup_teardown to 2024-08-25 00:00:00+00:00, run_after=2024-08-26 00:00:00+00:00
[2024-08-26T16:07:52.460-0700] {processor.py:208} INFO - Processing /home/jerson/airflow_venv/lib/python3.10/site-packages/airflow/example_dags/example_setup_teardown.py took 0.046 seconds
[2024-08-26T16:08:48.852-0700] {processor.py:186} INFO - Started process (PID=30428) to work on /home/jerson/airflow_venv/lib/python3.10/site-packages/airflow/example_dags/example_setup_teardown.py
[2024-08-26T16:08:48.853-0700] {processor.py:914} INFO - Processing file /home/jerson/airflow_venv/lib/python3.10/site-packages/airflow/example_dags/example_setup_teardown.py for tasks to queue
[2024-08-26T16:08:48.854-0700] {logging_mixin.py:190} INFO - [2024-08-26T16:08:48.854-0700] {dagbag.py:587} INFO - Filling up the DagBag from /home/jerson/airflow_venv/lib/python3.10/site-packages/airflow/example_dags/example_setup_teardown.py
[2024-08-26T16:08:48.859-0700] {processor.py:925} INFO - DAG(s) 'example_setup_teardown' retrieved from /home/jerson/airflow_venv/lib/python3.10/site-packages/airflow/example_dags/example_setup_teardown.py
[2024-08-26T16:08:48.868-0700] {logging_mixin.py:190} INFO - [2024-08-26T16:08:48.868-0700] {dag.py:3211} INFO - Sync 1 DAGs
[2024-08-26T16:08:48.879-0700] {logging_mixin.py:190} INFO - [2024-08-26T16:08:48.878-0700] {dag.py:4138} INFO - Setting next_dagrun for example_setup_teardown to 2024-08-25 00:00:00+00:00, run_after=2024-08-26 00:00:00+00:00
[2024-08-26T16:08:48.895-0700] {processor.py:208} INFO - Processing /home/jerson/airflow_venv/lib/python3.10/site-packages/airflow/example_dags/example_setup_teardown.py took 0.046 seconds
[2024-08-26T16:09:37.267-0700] {processor.py:186} INFO - Started process (PID=30815) to work on /home/jerson/airflow_venv/lib/python3.10/site-packages/airflow/example_dags/example_setup_teardown.py
[2024-08-26T16:09:37.268-0700] {processor.py:914} INFO - Processing file /home/jerson/airflow_venv/lib/python3.10/site-packages/airflow/example_dags/example_setup_teardown.py for tasks to queue
[2024-08-26T16:09:37.269-0700] {logging_mixin.py:190} INFO - [2024-08-26T16:09:37.269-0700] {dagbag.py:587} INFO - Filling up the DagBag from /home/jerson/airflow_venv/lib/python3.10/site-packages/airflow/example_dags/example_setup_teardown.py
[2024-08-26T16:09:37.274-0700] {processor.py:925} INFO - DAG(s) 'example_setup_teardown' retrieved from /home/jerson/airflow_venv/lib/python3.10/site-packages/airflow/example_dags/example_setup_teardown.py
[2024-08-26T16:09:37.283-0700] {logging_mixin.py:190} INFO - [2024-08-26T16:09:37.283-0700] {dag.py:3211} INFO - Sync 1 DAGs
[2024-08-26T16:09:37.293-0700] {logging_mixin.py:190} INFO - [2024-08-26T16:09:37.293-0700] {dag.py:4138} INFO - Setting next_dagrun for example_setup_teardown to 2024-08-25 00:00:00+00:00, run_after=2024-08-26 00:00:00+00:00
[2024-08-26T16:09:37.310-0700] {processor.py:208} INFO - Processing /home/jerson/airflow_venv/lib/python3.10/site-packages/airflow/example_dags/example_setup_teardown.py took 0.045 seconds
[2024-08-26T16:10:23.786-0700] {processor.py:186} INFO - Started process (PID=31216) to work on /home/jerson/airflow_venv/lib/python3.10/site-packages/airflow/example_dags/example_setup_teardown.py
[2024-08-26T16:10:23.787-0700] {processor.py:914} INFO - Processing file /home/jerson/airflow_venv/lib/python3.10/site-packages/airflow/example_dags/example_setup_teardown.py for tasks to queue
[2024-08-26T16:10:23.788-0700] {logging_mixin.py:190} INFO - [2024-08-26T16:10:23.788-0700] {dagbag.py:587} INFO - Filling up the DagBag from /home/jerson/airflow_venv/lib/python3.10/site-packages/airflow/example_dags/example_setup_teardown.py
[2024-08-26T16:10:23.793-0700] {processor.py:925} INFO - DAG(s) 'example_setup_teardown' retrieved from /home/jerson/airflow_venv/lib/python3.10/site-packages/airflow/example_dags/example_setup_teardown.py
[2024-08-26T16:10:23.802-0700] {logging_mixin.py:190} INFO - [2024-08-26T16:10:23.802-0700] {dag.py:3211} INFO - Sync 1 DAGs
[2024-08-26T16:10:23.813-0700] {logging_mixin.py:190} INFO - [2024-08-26T16:10:23.813-0700] {dag.py:4138} INFO - Setting next_dagrun for example_setup_teardown to 2024-08-25 00:00:00+00:00, run_after=2024-08-26 00:00:00+00:00
[2024-08-26T16:10:23.829-0700] {processor.py:208} INFO - Processing /home/jerson/airflow_venv/lib/python3.10/site-packages/airflow/example_dags/example_setup_teardown.py took 0.046 seconds
[2024-08-26T16:11:13.024-0700] {processor.py:186} INFO - Started process (PID=31606) to work on /home/jerson/airflow_venv/lib/python3.10/site-packages/airflow/example_dags/example_setup_teardown.py
[2024-08-26T16:11:13.025-0700] {processor.py:914} INFO - Processing file /home/jerson/airflow_venv/lib/python3.10/site-packages/airflow/example_dags/example_setup_teardown.py for tasks to queue
[2024-08-26T16:11:13.026-0700] {logging_mixin.py:190} INFO - [2024-08-26T16:11:13.026-0700] {dagbag.py:587} INFO - Filling up the DagBag from /home/jerson/airflow_venv/lib/python3.10/site-packages/airflow/example_dags/example_setup_teardown.py
[2024-08-26T16:11:13.032-0700] {processor.py:925} INFO - DAG(s) 'example_setup_teardown' retrieved from /home/jerson/airflow_venv/lib/python3.10/site-packages/airflow/example_dags/example_setup_teardown.py
[2024-08-26T16:11:13.041-0700] {logging_mixin.py:190} INFO - [2024-08-26T16:11:13.040-0700] {dag.py:3211} INFO - Sync 1 DAGs
[2024-08-26T16:11:13.052-0700] {logging_mixin.py:190} INFO - [2024-08-26T16:11:13.052-0700] {dag.py:4138} INFO - Setting next_dagrun for example_setup_teardown to 2024-08-25 00:00:00+00:00, run_after=2024-08-26 00:00:00+00:00
[2024-08-26T16:11:13.068-0700] {processor.py:208} INFO - Processing /home/jerson/airflow_venv/lib/python3.10/site-packages/airflow/example_dags/example_setup_teardown.py took 0.047 seconds
[2024-08-26T16:12:02.203-0700] {processor.py:186} INFO - Started process (PID=32001) to work on /home/jerson/airflow_venv/lib/python3.10/site-packages/airflow/example_dags/example_setup_teardown.py
[2024-08-26T16:12:02.204-0700] {processor.py:914} INFO - Processing file /home/jerson/airflow_venv/lib/python3.10/site-packages/airflow/example_dags/example_setup_teardown.py for tasks to queue
[2024-08-26T16:12:02.205-0700] {logging_mixin.py:190} INFO - [2024-08-26T16:12:02.205-0700] {dagbag.py:587} INFO - Filling up the DagBag from /home/jerson/airflow_venv/lib/python3.10/site-packages/airflow/example_dags/example_setup_teardown.py
[2024-08-26T16:12:02.210-0700] {processor.py:925} INFO - DAG(s) 'example_setup_teardown' retrieved from /home/jerson/airflow_venv/lib/python3.10/site-packages/airflow/example_dags/example_setup_teardown.py
[2024-08-26T16:12:02.219-0700] {logging_mixin.py:190} INFO - [2024-08-26T16:12:02.219-0700] {dag.py:3211} INFO - Sync 1 DAGs
[2024-08-26T16:12:02.230-0700] {logging_mixin.py:190} INFO - [2024-08-26T16:12:02.230-0700] {dag.py:4138} INFO - Setting next_dagrun for example_setup_teardown to 2024-08-25 00:00:00+00:00, run_after=2024-08-26 00:00:00+00:00
[2024-08-26T16:12:02.245-0700] {processor.py:208} INFO - Processing /home/jerson/airflow_venv/lib/python3.10/site-packages/airflow/example_dags/example_setup_teardown.py took 0.045 seconds
