[2024-08-26T15:22:24.171-0700] {processor.py:186} INFO - Started process (PID=7704) to work on /home/jerson/airflow_venv/lib/python3.10/site-packages/airflow/example_dags/example_dynamic_task_mapping.py
[2024-08-26T15:22:24.172-0700] {processor.py:914} INFO - Processing file /home/jerson/airflow_venv/lib/python3.10/site-packages/airflow/example_dags/example_dynamic_task_mapping.py for tasks to queue
[2024-08-26T15:22:24.173-0700] {logging_mixin.py:190} INFO - [2024-08-26T15:22:24.173-0700] {dagbag.py:587} INFO - Filling up the DagBag from /home/jerson/airflow_venv/lib/python3.10/site-packages/airflow/example_dags/example_dynamic_task_mapping.py
[2024-08-26T15:22:24.178-0700] {processor.py:925} INFO - DAG(s) 'example_dynamic_task_mapping' retrieved from /home/jerson/airflow_venv/lib/python3.10/site-packages/airflow/example_dags/example_dynamic_task_mapping.py
[2024-08-26T15:22:24.243-0700] {logging_mixin.py:190} INFO - [2024-08-26T15:22:24.242-0700] {override.py:1900} INFO - Created Permission View: can read on DAG:example_dynamic_task_mapping
[2024-08-26T15:22:24.254-0700] {logging_mixin.py:190} INFO - [2024-08-26T15:22:24.253-0700] {override.py:1900} INFO - Created Permission View: can delete on DAG:example_dynamic_task_mapping
[2024-08-26T15:22:24.262-0700] {logging_mixin.py:190} INFO - [2024-08-26T15:22:24.262-0700] {override.py:1900} INFO - Created Permission View: can edit on DAG:example_dynamic_task_mapping
[2024-08-26T15:22:24.276-0700] {logging_mixin.py:190} INFO - [2024-08-26T15:22:24.275-0700] {override.py:1900} INFO - Created Permission View: can read on DAG Run:example_dynamic_task_mapping
[2024-08-26T15:22:24.285-0700] {logging_mixin.py:190} INFO - [2024-08-26T15:22:24.285-0700] {override.py:1900} INFO - Created Permission View: can create on DAG Run:example_dynamic_task_mapping
[2024-08-26T15:22:24.293-0700] {logging_mixin.py:190} INFO - [2024-08-26T15:22:24.293-0700] {override.py:1900} INFO - Created Permission View: menu access on DAG Run:example_dynamic_task_mapping
[2024-08-26T15:22:24.302-0700] {logging_mixin.py:190} INFO - [2024-08-26T15:22:24.302-0700] {override.py:1900} INFO - Created Permission View: can delete on DAG Run:example_dynamic_task_mapping
[2024-08-26T15:22:24.302-0700] {logging_mixin.py:190} INFO - [2024-08-26T15:22:24.302-0700] {dag.py:3211} INFO - Sync 1 DAGs
[2024-08-26T15:22:24.310-0700] {logging_mixin.py:190} INFO - [2024-08-26T15:22:24.310-0700] {dag.py:3234} INFO - Creating ORM DAG for example_dynamic_task_mapping
[2024-08-26T15:22:24.315-0700] {logging_mixin.py:190} INFO - [2024-08-26T15:22:24.315-0700] {dag.py:4138} INFO - Setting next_dagrun for example_dynamic_task_mapping to 2022-03-04 00:00:00+00:00, run_after=2022-03-05 00:00:00+00:00
[2024-08-26T15:22:24.331-0700] {processor.py:208} INFO - Processing /home/jerson/airflow_venv/lib/python3.10/site-packages/airflow/example_dags/example_dynamic_task_mapping.py took 0.164 seconds
[2024-08-26T15:23:41.008-0700] {processor.py:186} INFO - Started process (PID=8120) to work on /home/jerson/airflow_venv/lib/python3.10/site-packages/airflow/example_dags/example_dynamic_task_mapping.py
[2024-08-26T15:23:41.009-0700] {processor.py:914} INFO - Processing file /home/jerson/airflow_venv/lib/python3.10/site-packages/airflow/example_dags/example_dynamic_task_mapping.py for tasks to queue
[2024-08-26T15:23:41.010-0700] {logging_mixin.py:190} INFO - [2024-08-26T15:23:41.010-0700] {dagbag.py:587} INFO - Filling up the DagBag from /home/jerson/airflow_venv/lib/python3.10/site-packages/airflow/example_dags/example_dynamic_task_mapping.py
[2024-08-26T15:23:41.015-0700] {processor.py:925} INFO - DAG(s) 'example_dynamic_task_mapping' retrieved from /home/jerson/airflow_venv/lib/python3.10/site-packages/airflow/example_dags/example_dynamic_task_mapping.py
[2024-08-26T15:23:41.024-0700] {logging_mixin.py:190} INFO - [2024-08-26T15:23:41.023-0700] {dag.py:3211} INFO - Sync 1 DAGs
[2024-08-26T15:23:41.036-0700] {logging_mixin.py:190} INFO - [2024-08-26T15:23:41.035-0700] {dag.py:4138} INFO - Setting next_dagrun for example_dynamic_task_mapping to 2022-03-04 00:00:00+00:00, run_after=2022-03-05 00:00:00+00:00
[2024-08-26T15:23:41.050-0700] {processor.py:208} INFO - Processing /home/jerson/airflow_venv/lib/python3.10/site-packages/airflow/example_dags/example_dynamic_task_mapping.py took 0.046 seconds
[2024-08-26T15:26:03.254-0700] {processor.py:186} INFO - Started process (PID=8843) to work on /home/jerson/airflow_venv/lib/python3.10/site-packages/airflow/example_dags/example_dynamic_task_mapping.py
[2024-08-26T15:26:03.255-0700] {processor.py:914} INFO - Processing file /home/jerson/airflow_venv/lib/python3.10/site-packages/airflow/example_dags/example_dynamic_task_mapping.py for tasks to queue
[2024-08-26T15:26:03.256-0700] {logging_mixin.py:190} INFO - [2024-08-26T15:26:03.256-0700] {dagbag.py:587} INFO - Filling up the DagBag from /home/jerson/airflow_venv/lib/python3.10/site-packages/airflow/example_dags/example_dynamic_task_mapping.py
[2024-08-26T15:26:03.260-0700] {processor.py:925} INFO - DAG(s) 'example_dynamic_task_mapping' retrieved from /home/jerson/airflow_venv/lib/python3.10/site-packages/airflow/example_dags/example_dynamic_task_mapping.py
[2024-08-26T15:26:03.269-0700] {logging_mixin.py:190} INFO - [2024-08-26T15:26:03.269-0700] {dag.py:3211} INFO - Sync 1 DAGs
[2024-08-26T15:26:03.280-0700] {logging_mixin.py:190} INFO - [2024-08-26T15:26:03.280-0700] {dag.py:4138} INFO - Setting next_dagrun for example_dynamic_task_mapping to 2022-03-04 00:00:00+00:00, run_after=2022-03-05 00:00:00+00:00
[2024-08-26T15:26:03.295-0700] {processor.py:208} INFO - Processing /home/jerson/airflow_venv/lib/python3.10/site-packages/airflow/example_dags/example_dynamic_task_mapping.py took 0.045 seconds
[2024-08-26T15:27:14.002-0700] {processor.py:186} INFO - Started process (PID=9207) to work on /home/jerson/airflow_venv/lib/python3.10/site-packages/airflow/example_dags/example_dynamic_task_mapping.py
[2024-08-26T15:27:14.003-0700] {processor.py:914} INFO - Processing file /home/jerson/airflow_venv/lib/python3.10/site-packages/airflow/example_dags/example_dynamic_task_mapping.py for tasks to queue
[2024-08-26T15:27:14.004-0700] {logging_mixin.py:190} INFO - [2024-08-26T15:27:14.004-0700] {dagbag.py:587} INFO - Filling up the DagBag from /home/jerson/airflow_venv/lib/python3.10/site-packages/airflow/example_dags/example_dynamic_task_mapping.py
[2024-08-26T15:27:14.009-0700] {processor.py:925} INFO - DAG(s) 'example_dynamic_task_mapping' retrieved from /home/jerson/airflow_venv/lib/python3.10/site-packages/airflow/example_dags/example_dynamic_task_mapping.py
[2024-08-26T15:27:14.017-0700] {logging_mixin.py:190} INFO - [2024-08-26T15:27:14.017-0700] {dag.py:3211} INFO - Sync 1 DAGs
[2024-08-26T15:27:14.029-0700] {logging_mixin.py:190} INFO - [2024-08-26T15:27:14.029-0700] {dag.py:4138} INFO - Setting next_dagrun for example_dynamic_task_mapping to 2022-03-04 00:00:00+00:00, run_after=2022-03-05 00:00:00+00:00
[2024-08-26T15:27:14.046-0700] {processor.py:208} INFO - Processing /home/jerson/airflow_venv/lib/python3.10/site-packages/airflow/example_dags/example_dynamic_task_mapping.py took 0.047 seconds
[2024-08-26T15:28:25.885-0700] {processor.py:186} INFO - Started process (PID=9573) to work on /home/jerson/airflow_venv/lib/python3.10/site-packages/airflow/example_dags/example_dynamic_task_mapping.py
[2024-08-26T15:28:25.886-0700] {processor.py:914} INFO - Processing file /home/jerson/airflow_venv/lib/python3.10/site-packages/airflow/example_dags/example_dynamic_task_mapping.py for tasks to queue
[2024-08-26T15:28:25.888-0700] {logging_mixin.py:190} INFO - [2024-08-26T15:28:25.888-0700] {dagbag.py:587} INFO - Filling up the DagBag from /home/jerson/airflow_venv/lib/python3.10/site-packages/airflow/example_dags/example_dynamic_task_mapping.py
[2024-08-26T15:28:25.892-0700] {processor.py:925} INFO - DAG(s) 'example_dynamic_task_mapping' retrieved from /home/jerson/airflow_venv/lib/python3.10/site-packages/airflow/example_dags/example_dynamic_task_mapping.py
[2024-08-26T15:28:25.901-0700] {logging_mixin.py:190} INFO - [2024-08-26T15:28:25.900-0700] {dag.py:3211} INFO - Sync 1 DAGs
[2024-08-26T15:28:25.911-0700] {logging_mixin.py:190} INFO - [2024-08-26T15:28:25.911-0700] {dag.py:4138} INFO - Setting next_dagrun for example_dynamic_task_mapping to 2022-03-04 00:00:00+00:00, run_after=2022-03-05 00:00:00+00:00
[2024-08-26T15:28:25.926-0700] {processor.py:208} INFO - Processing /home/jerson/airflow_venv/lib/python3.10/site-packages/airflow/example_dags/example_dynamic_task_mapping.py took 0.044 seconds
[2024-08-26T15:29:41.157-0700] {processor.py:186} INFO - Started process (PID=10034) to work on /home/jerson/airflow_venv/lib/python3.10/site-packages/airflow/example_dags/example_dynamic_task_mapping.py
[2024-08-26T15:29:41.158-0700] {processor.py:914} INFO - Processing file /home/jerson/airflow_venv/lib/python3.10/site-packages/airflow/example_dags/example_dynamic_task_mapping.py for tasks to queue
[2024-08-26T15:29:41.159-0700] {logging_mixin.py:190} INFO - [2024-08-26T15:29:41.159-0700] {dagbag.py:587} INFO - Filling up the DagBag from /home/jerson/airflow_venv/lib/python3.10/site-packages/airflow/example_dags/example_dynamic_task_mapping.py
[2024-08-26T15:29:41.165-0700] {processor.py:925} INFO - DAG(s) 'example_dynamic_task_mapping' retrieved from /home/jerson/airflow_venv/lib/python3.10/site-packages/airflow/example_dags/example_dynamic_task_mapping.py
[2024-08-26T15:29:41.173-0700] {logging_mixin.py:190} INFO - [2024-08-26T15:29:41.173-0700] {dag.py:3211} INFO - Sync 1 DAGs
[2024-08-26T15:29:41.185-0700] {logging_mixin.py:190} INFO - [2024-08-26T15:29:41.185-0700] {dag.py:4138} INFO - Setting next_dagrun for example_dynamic_task_mapping to 2022-03-04 00:00:00+00:00, run_after=2022-03-05 00:00:00+00:00
[2024-08-26T15:29:41.200-0700] {processor.py:208} INFO - Processing /home/jerson/airflow_venv/lib/python3.10/site-packages/airflow/example_dags/example_dynamic_task_mapping.py took 0.047 seconds
[2024-08-26T15:30:53.033-0700] {processor.py:186} INFO - Started process (PID=10394) to work on /home/jerson/airflow_venv/lib/python3.10/site-packages/airflow/example_dags/example_dynamic_task_mapping.py
[2024-08-26T15:30:53.034-0700] {processor.py:914} INFO - Processing file /home/jerson/airflow_venv/lib/python3.10/site-packages/airflow/example_dags/example_dynamic_task_mapping.py for tasks to queue
[2024-08-26T15:30:53.036-0700] {logging_mixin.py:190} INFO - [2024-08-26T15:30:53.036-0700] {dagbag.py:587} INFO - Filling up the DagBag from /home/jerson/airflow_venv/lib/python3.10/site-packages/airflow/example_dags/example_dynamic_task_mapping.py
[2024-08-26T15:30:53.043-0700] {processor.py:925} INFO - DAG(s) 'example_dynamic_task_mapping' retrieved from /home/jerson/airflow_venv/lib/python3.10/site-packages/airflow/example_dags/example_dynamic_task_mapping.py
[2024-08-26T15:30:53.057-0700] {logging_mixin.py:190} INFO - [2024-08-26T15:30:53.056-0700] {dag.py:3211} INFO - Sync 1 DAGs
[2024-08-26T15:30:53.076-0700] {logging_mixin.py:190} INFO - [2024-08-26T15:30:53.075-0700] {dag.py:4138} INFO - Setting next_dagrun for example_dynamic_task_mapping to 2022-03-04 00:00:00+00:00, run_after=2022-03-05 00:00:00+00:00
[2024-08-26T15:30:53.099-0700] {processor.py:208} INFO - Processing /home/jerson/airflow_venv/lib/python3.10/site-packages/airflow/example_dags/example_dynamic_task_mapping.py took 0.071 seconds
[2024-08-26T15:32:02.611-0700] {processor.py:186} INFO - Started process (PID=10775) to work on /home/jerson/airflow_venv/lib/python3.10/site-packages/airflow/example_dags/example_dynamic_task_mapping.py
[2024-08-26T15:32:02.612-0700] {processor.py:914} INFO - Processing file /home/jerson/airflow_venv/lib/python3.10/site-packages/airflow/example_dags/example_dynamic_task_mapping.py for tasks to queue
[2024-08-26T15:32:02.613-0700] {logging_mixin.py:190} INFO - [2024-08-26T15:32:02.613-0700] {dagbag.py:587} INFO - Filling up the DagBag from /home/jerson/airflow_venv/lib/python3.10/site-packages/airflow/example_dags/example_dynamic_task_mapping.py
[2024-08-26T15:32:02.618-0700] {processor.py:925} INFO - DAG(s) 'example_dynamic_task_mapping' retrieved from /home/jerson/airflow_venv/lib/python3.10/site-packages/airflow/example_dags/example_dynamic_task_mapping.py
[2024-08-26T15:32:02.627-0700] {logging_mixin.py:190} INFO - [2024-08-26T15:32:02.627-0700] {dag.py:3211} INFO - Sync 1 DAGs
[2024-08-26T15:32:02.638-0700] {logging_mixin.py:190} INFO - [2024-08-26T15:32:02.638-0700] {dag.py:4138} INFO - Setting next_dagrun for example_dynamic_task_mapping to 2022-03-04 00:00:00+00:00, run_after=2022-03-05 00:00:00+00:00
[2024-08-26T15:32:02.654-0700] {processor.py:208} INFO - Processing /home/jerson/airflow_venv/lib/python3.10/site-packages/airflow/example_dags/example_dynamic_task_mapping.py took 0.048 seconds
[2024-08-26T15:33:18.837-0700] {processor.py:186} INFO - Started process (PID=11169) to work on /home/jerson/airflow_venv/lib/python3.10/site-packages/airflow/example_dags/example_dynamic_task_mapping.py
[2024-08-26T15:33:18.837-0700] {processor.py:914} INFO - Processing file /home/jerson/airflow_venv/lib/python3.10/site-packages/airflow/example_dags/example_dynamic_task_mapping.py for tasks to queue
[2024-08-26T15:33:18.839-0700] {logging_mixin.py:190} INFO - [2024-08-26T15:33:18.839-0700] {dagbag.py:587} INFO - Filling up the DagBag from /home/jerson/airflow_venv/lib/python3.10/site-packages/airflow/example_dags/example_dynamic_task_mapping.py
[2024-08-26T15:33:18.843-0700] {processor.py:925} INFO - DAG(s) 'example_dynamic_task_mapping' retrieved from /home/jerson/airflow_venv/lib/python3.10/site-packages/airflow/example_dags/example_dynamic_task_mapping.py
[2024-08-26T15:33:18.852-0700] {logging_mixin.py:190} INFO - [2024-08-26T15:33:18.852-0700] {dag.py:3211} INFO - Sync 1 DAGs
[2024-08-26T15:33:18.863-0700] {logging_mixin.py:190} INFO - [2024-08-26T15:33:18.863-0700] {dag.py:4138} INFO - Setting next_dagrun for example_dynamic_task_mapping to 2022-03-04 00:00:00+00:00, run_after=2022-03-05 00:00:00+00:00
[2024-08-26T15:33:18.879-0700] {processor.py:208} INFO - Processing /home/jerson/airflow_venv/lib/python3.10/site-packages/airflow/example_dags/example_dynamic_task_mapping.py took 0.046 seconds
[2024-08-26T15:34:34.102-0700] {processor.py:186} INFO - Started process (PID=11568) to work on /home/jerson/airflow_venv/lib/python3.10/site-packages/airflow/example_dags/example_dynamic_task_mapping.py
[2024-08-26T15:34:34.103-0700] {processor.py:914} INFO - Processing file /home/jerson/airflow_venv/lib/python3.10/site-packages/airflow/example_dags/example_dynamic_task_mapping.py for tasks to queue
[2024-08-26T15:34:34.104-0700] {logging_mixin.py:190} INFO - [2024-08-26T15:34:34.104-0700] {dagbag.py:587} INFO - Filling up the DagBag from /home/jerson/airflow_venv/lib/python3.10/site-packages/airflow/example_dags/example_dynamic_task_mapping.py
[2024-08-26T15:34:34.109-0700] {processor.py:925} INFO - DAG(s) 'example_dynamic_task_mapping' retrieved from /home/jerson/airflow_venv/lib/python3.10/site-packages/airflow/example_dags/example_dynamic_task_mapping.py
[2024-08-26T15:34:34.118-0700] {logging_mixin.py:190} INFO - [2024-08-26T15:34:34.117-0700] {dag.py:3211} INFO - Sync 1 DAGs
[2024-08-26T15:34:34.129-0700] {logging_mixin.py:190} INFO - [2024-08-26T15:34:34.129-0700] {dag.py:4138} INFO - Setting next_dagrun for example_dynamic_task_mapping to 2022-03-04 00:00:00+00:00, run_after=2022-03-05 00:00:00+00:00
[2024-08-26T15:34:34.144-0700] {processor.py:208} INFO - Processing /home/jerson/airflow_venv/lib/python3.10/site-packages/airflow/example_dags/example_dynamic_task_mapping.py took 0.045 seconds
[2024-08-26T15:35:44.866-0700] {processor.py:186} INFO - Started process (PID=11947) to work on /home/jerson/airflow_venv/lib/python3.10/site-packages/airflow/example_dags/example_dynamic_task_mapping.py
[2024-08-26T15:35:44.867-0700] {processor.py:914} INFO - Processing file /home/jerson/airflow_venv/lib/python3.10/site-packages/airflow/example_dags/example_dynamic_task_mapping.py for tasks to queue
[2024-08-26T15:35:44.868-0700] {logging_mixin.py:190} INFO - [2024-08-26T15:35:44.868-0700] {dagbag.py:587} INFO - Filling up the DagBag from /home/jerson/airflow_venv/lib/python3.10/site-packages/airflow/example_dags/example_dynamic_task_mapping.py
[2024-08-26T15:35:44.873-0700] {processor.py:925} INFO - DAG(s) 'example_dynamic_task_mapping' retrieved from /home/jerson/airflow_venv/lib/python3.10/site-packages/airflow/example_dags/example_dynamic_task_mapping.py
[2024-08-26T15:35:44.881-0700] {logging_mixin.py:190} INFO - [2024-08-26T15:35:44.881-0700] {dag.py:3211} INFO - Sync 1 DAGs
[2024-08-26T15:35:44.892-0700] {logging_mixin.py:190} INFO - [2024-08-26T15:35:44.891-0700] {dag.py:4138} INFO - Setting next_dagrun for example_dynamic_task_mapping to 2022-03-04 00:00:00+00:00, run_after=2022-03-05 00:00:00+00:00
[2024-08-26T15:35:44.907-0700] {processor.py:208} INFO - Processing /home/jerson/airflow_venv/lib/python3.10/site-packages/airflow/example_dags/example_dynamic_task_mapping.py took 0.044 seconds
[2024-08-26T15:36:57.071-0700] {processor.py:186} INFO - Started process (PID=12595) to work on /home/jerson/airflow_venv/lib/python3.10/site-packages/airflow/example_dags/example_dynamic_task_mapping.py
[2024-08-26T15:36:57.078-0700] {processor.py:914} INFO - Processing file /home/jerson/airflow_venv/lib/python3.10/site-packages/airflow/example_dags/example_dynamic_task_mapping.py for tasks to queue
[2024-08-26T15:36:57.080-0700] {logging_mixin.py:190} INFO - [2024-08-26T15:36:57.080-0700] {dagbag.py:587} INFO - Filling up the DagBag from /home/jerson/airflow_venv/lib/python3.10/site-packages/airflow/example_dags/example_dynamic_task_mapping.py
[2024-08-26T15:36:57.085-0700] {processor.py:925} INFO - DAG(s) 'example_dynamic_task_mapping' retrieved from /home/jerson/airflow_venv/lib/python3.10/site-packages/airflow/example_dags/example_dynamic_task_mapping.py
[2024-08-26T15:36:57.093-0700] {logging_mixin.py:190} INFO - [2024-08-26T15:36:57.093-0700] {dag.py:3211} INFO - Sync 1 DAGs
[2024-08-26T15:36:57.104-0700] {logging_mixin.py:190} INFO - [2024-08-26T15:36:57.104-0700] {dag.py:4138} INFO - Setting next_dagrun for example_dynamic_task_mapping to 2022-03-04 00:00:00+00:00, run_after=2022-03-05 00:00:00+00:00
[2024-08-26T15:36:57.118-0700] {processor.py:208} INFO - Processing /home/jerson/airflow_venv/lib/python3.10/site-packages/airflow/example_dags/example_dynamic_task_mapping.py took 0.050 seconds
[2024-08-26T15:38:04.165-0700] {processor.py:186} INFO - Started process (PID=13185) to work on /home/jerson/airflow_venv/lib/python3.10/site-packages/airflow/example_dags/example_dynamic_task_mapping.py
[2024-08-26T15:38:04.166-0700] {processor.py:914} INFO - Processing file /home/jerson/airflow_venv/lib/python3.10/site-packages/airflow/example_dags/example_dynamic_task_mapping.py for tasks to queue
[2024-08-26T15:38:04.167-0700] {logging_mixin.py:190} INFO - [2024-08-26T15:38:04.167-0700] {dagbag.py:587} INFO - Filling up the DagBag from /home/jerson/airflow_venv/lib/python3.10/site-packages/airflow/example_dags/example_dynamic_task_mapping.py
[2024-08-26T15:38:04.173-0700] {processor.py:925} INFO - DAG(s) 'example_dynamic_task_mapping' retrieved from /home/jerson/airflow_venv/lib/python3.10/site-packages/airflow/example_dags/example_dynamic_task_mapping.py
[2024-08-26T15:38:04.182-0700] {logging_mixin.py:190} INFO - [2024-08-26T15:38:04.182-0700] {dag.py:3211} INFO - Sync 1 DAGs
[2024-08-26T15:38:04.194-0700] {logging_mixin.py:190} INFO - [2024-08-26T15:38:04.193-0700] {dag.py:4138} INFO - Setting next_dagrun for example_dynamic_task_mapping to 2022-03-04 00:00:00+00:00, run_after=2022-03-05 00:00:00+00:00
[2024-08-26T15:38:04.210-0700] {processor.py:208} INFO - Processing /home/jerson/airflow_venv/lib/python3.10/site-packages/airflow/example_dags/example_dynamic_task_mapping.py took 0.048 seconds
[2024-08-26T15:39:17.515-0700] {processor.py:186} INFO - Started process (PID=13892) to work on /home/jerson/airflow_venv/lib/python3.10/site-packages/airflow/example_dags/example_dynamic_task_mapping.py
[2024-08-26T15:39:17.516-0700] {processor.py:914} INFO - Processing file /home/jerson/airflow_venv/lib/python3.10/site-packages/airflow/example_dags/example_dynamic_task_mapping.py for tasks to queue
[2024-08-26T15:39:17.517-0700] {logging_mixin.py:190} INFO - [2024-08-26T15:39:17.517-0700] {dagbag.py:587} INFO - Filling up the DagBag from /home/jerson/airflow_venv/lib/python3.10/site-packages/airflow/example_dags/example_dynamic_task_mapping.py
[2024-08-26T15:39:17.521-0700] {processor.py:925} INFO - DAG(s) 'example_dynamic_task_mapping' retrieved from /home/jerson/airflow_venv/lib/python3.10/site-packages/airflow/example_dags/example_dynamic_task_mapping.py
[2024-08-26T15:39:17.530-0700] {logging_mixin.py:190} INFO - [2024-08-26T15:39:17.530-0700] {dag.py:3211} INFO - Sync 1 DAGs
[2024-08-26T15:39:17.541-0700] {logging_mixin.py:190} INFO - [2024-08-26T15:39:17.540-0700] {dag.py:4138} INFO - Setting next_dagrun for example_dynamic_task_mapping to 2022-03-04 00:00:00+00:00, run_after=2022-03-05 00:00:00+00:00
[2024-08-26T15:39:17.556-0700] {processor.py:208} INFO - Processing /home/jerson/airflow_venv/lib/python3.10/site-packages/airflow/example_dags/example_dynamic_task_mapping.py took 0.045 seconds
[2024-08-26T15:40:32.387-0700] {processor.py:186} INFO - Started process (PID=14613) to work on /home/jerson/airflow_venv/lib/python3.10/site-packages/airflow/example_dags/example_dynamic_task_mapping.py
[2024-08-26T15:40:32.387-0700] {processor.py:914} INFO - Processing file /home/jerson/airflow_venv/lib/python3.10/site-packages/airflow/example_dags/example_dynamic_task_mapping.py for tasks to queue
[2024-08-26T15:40:32.388-0700] {logging_mixin.py:190} INFO - [2024-08-26T15:40:32.388-0700] {dagbag.py:587} INFO - Filling up the DagBag from /home/jerson/airflow_venv/lib/python3.10/site-packages/airflow/example_dags/example_dynamic_task_mapping.py
[2024-08-26T15:40:32.393-0700] {processor.py:925} INFO - DAG(s) 'example_dynamic_task_mapping' retrieved from /home/jerson/airflow_venv/lib/python3.10/site-packages/airflow/example_dags/example_dynamic_task_mapping.py
[2024-08-26T15:40:32.401-0700] {logging_mixin.py:190} INFO - [2024-08-26T15:40:32.401-0700] {dag.py:3211} INFO - Sync 1 DAGs
[2024-08-26T15:40:32.412-0700] {logging_mixin.py:190} INFO - [2024-08-26T15:40:32.411-0700] {dag.py:4138} INFO - Setting next_dagrun for example_dynamic_task_mapping to 2022-03-04 00:00:00+00:00, run_after=2022-03-05 00:00:00+00:00
[2024-08-26T15:40:32.427-0700] {processor.py:208} INFO - Processing /home/jerson/airflow_venv/lib/python3.10/site-packages/airflow/example_dags/example_dynamic_task_mapping.py took 0.044 seconds
[2024-08-26T15:41:44.579-0700] {processor.py:186} INFO - Started process (PID=15260) to work on /home/jerson/airflow_venv/lib/python3.10/site-packages/airflow/example_dags/example_dynamic_task_mapping.py
[2024-08-26T15:41:44.580-0700] {processor.py:914} INFO - Processing file /home/jerson/airflow_venv/lib/python3.10/site-packages/airflow/example_dags/example_dynamic_task_mapping.py for tasks to queue
[2024-08-26T15:41:44.581-0700] {logging_mixin.py:190} INFO - [2024-08-26T15:41:44.581-0700] {dagbag.py:587} INFO - Filling up the DagBag from /home/jerson/airflow_venv/lib/python3.10/site-packages/airflow/example_dags/example_dynamic_task_mapping.py
[2024-08-26T15:41:44.586-0700] {processor.py:925} INFO - DAG(s) 'example_dynamic_task_mapping' retrieved from /home/jerson/airflow_venv/lib/python3.10/site-packages/airflow/example_dags/example_dynamic_task_mapping.py
[2024-08-26T15:41:44.594-0700] {logging_mixin.py:190} INFO - [2024-08-26T15:41:44.594-0700] {dag.py:3211} INFO - Sync 1 DAGs
[2024-08-26T15:41:44.605-0700] {logging_mixin.py:190} INFO - [2024-08-26T15:41:44.605-0700] {dag.py:4138} INFO - Setting next_dagrun for example_dynamic_task_mapping to 2022-03-04 00:00:00+00:00, run_after=2022-03-05 00:00:00+00:00
[2024-08-26T15:41:44.620-0700] {processor.py:208} INFO - Processing /home/jerson/airflow_venv/lib/python3.10/site-packages/airflow/example_dags/example_dynamic_task_mapping.py took 0.044 seconds
[2024-08-26T15:43:01.131-0700] {processor.py:186} INFO - Started process (PID=16033) to work on /home/jerson/airflow_venv/lib/python3.10/site-packages/airflow/example_dags/example_dynamic_task_mapping.py
[2024-08-26T15:43:01.132-0700] {processor.py:914} INFO - Processing file /home/jerson/airflow_venv/lib/python3.10/site-packages/airflow/example_dags/example_dynamic_task_mapping.py for tasks to queue
[2024-08-26T15:43:01.134-0700] {logging_mixin.py:190} INFO - [2024-08-26T15:43:01.133-0700] {dagbag.py:587} INFO - Filling up the DagBag from /home/jerson/airflow_venv/lib/python3.10/site-packages/airflow/example_dags/example_dynamic_task_mapping.py
[2024-08-26T15:43:01.139-0700] {processor.py:925} INFO - DAG(s) 'example_dynamic_task_mapping' retrieved from /home/jerson/airflow_venv/lib/python3.10/site-packages/airflow/example_dags/example_dynamic_task_mapping.py
[2024-08-26T15:43:01.148-0700] {logging_mixin.py:190} INFO - [2024-08-26T15:43:01.148-0700] {dag.py:3211} INFO - Sync 1 DAGs
[2024-08-26T15:43:01.160-0700] {logging_mixin.py:190} INFO - [2024-08-26T15:43:01.160-0700] {dag.py:4138} INFO - Setting next_dagrun for example_dynamic_task_mapping to 2022-03-04 00:00:00+00:00, run_after=2022-03-05 00:00:00+00:00
[2024-08-26T15:43:01.176-0700] {processor.py:208} INFO - Processing /home/jerson/airflow_venv/lib/python3.10/site-packages/airflow/example_dags/example_dynamic_task_mapping.py took 0.048 seconds
[2024-08-26T15:44:11.849-0700] {processor.py:186} INFO - Started process (PID=16666) to work on /home/jerson/airflow_venv/lib/python3.10/site-packages/airflow/example_dags/example_dynamic_task_mapping.py
[2024-08-26T15:44:11.850-0700] {processor.py:914} INFO - Processing file /home/jerson/airflow_venv/lib/python3.10/site-packages/airflow/example_dags/example_dynamic_task_mapping.py for tasks to queue
[2024-08-26T15:44:11.851-0700] {logging_mixin.py:190} INFO - [2024-08-26T15:44:11.851-0700] {dagbag.py:587} INFO - Filling up the DagBag from /home/jerson/airflow_venv/lib/python3.10/site-packages/airflow/example_dags/example_dynamic_task_mapping.py
[2024-08-26T15:44:11.856-0700] {processor.py:925} INFO - DAG(s) 'example_dynamic_task_mapping' retrieved from /home/jerson/airflow_venv/lib/python3.10/site-packages/airflow/example_dags/example_dynamic_task_mapping.py
[2024-08-26T15:44:11.865-0700] {logging_mixin.py:190} INFO - [2024-08-26T15:44:11.865-0700] {dag.py:3211} INFO - Sync 1 DAGs
[2024-08-26T15:44:11.876-0700] {logging_mixin.py:190} INFO - [2024-08-26T15:44:11.876-0700] {dag.py:4138} INFO - Setting next_dagrun for example_dynamic_task_mapping to 2022-03-04 00:00:00+00:00, run_after=2022-03-05 00:00:00+00:00
[2024-08-26T15:44:11.892-0700] {processor.py:208} INFO - Processing /home/jerson/airflow_venv/lib/python3.10/site-packages/airflow/example_dags/example_dynamic_task_mapping.py took 0.047 seconds
[2024-08-26T15:45:25.947-0700] {processor.py:186} INFO - Started process (PID=17260) to work on /home/jerson/airflow_venv/lib/python3.10/site-packages/airflow/example_dags/example_dynamic_task_mapping.py
[2024-08-26T15:45:25.948-0700] {processor.py:914} INFO - Processing file /home/jerson/airflow_venv/lib/python3.10/site-packages/airflow/example_dags/example_dynamic_task_mapping.py for tasks to queue
[2024-08-26T15:45:25.948-0700] {logging_mixin.py:190} INFO - [2024-08-26T15:45:25.948-0700] {dagbag.py:587} INFO - Filling up the DagBag from /home/jerson/airflow_venv/lib/python3.10/site-packages/airflow/example_dags/example_dynamic_task_mapping.py
[2024-08-26T15:45:25.954-0700] {processor.py:925} INFO - DAG(s) 'example_dynamic_task_mapping' retrieved from /home/jerson/airflow_venv/lib/python3.10/site-packages/airflow/example_dags/example_dynamic_task_mapping.py
[2024-08-26T15:45:25.963-0700] {logging_mixin.py:190} INFO - [2024-08-26T15:45:25.963-0700] {dag.py:3211} INFO - Sync 1 DAGs
[2024-08-26T15:45:25.974-0700] {logging_mixin.py:190} INFO - [2024-08-26T15:45:25.974-0700] {dag.py:4138} INFO - Setting next_dagrun for example_dynamic_task_mapping to 2022-03-04 00:00:00+00:00, run_after=2022-03-05 00:00:00+00:00
[2024-08-26T15:45:25.989-0700] {processor.py:208} INFO - Processing /home/jerson/airflow_venv/lib/python3.10/site-packages/airflow/example_dags/example_dynamic_task_mapping.py took 0.045 seconds
[2024-08-26T15:46:42.953-0700] {processor.py:186} INFO - Started process (PID=17984) to work on /home/jerson/airflow_venv/lib/python3.10/site-packages/airflow/example_dags/example_dynamic_task_mapping.py
[2024-08-26T15:46:42.953-0700] {processor.py:914} INFO - Processing file /home/jerson/airflow_venv/lib/python3.10/site-packages/airflow/example_dags/example_dynamic_task_mapping.py for tasks to queue
[2024-08-26T15:46:42.954-0700] {logging_mixin.py:190} INFO - [2024-08-26T15:46:42.954-0700] {dagbag.py:587} INFO - Filling up the DagBag from /home/jerson/airflow_venv/lib/python3.10/site-packages/airflow/example_dags/example_dynamic_task_mapping.py
[2024-08-26T15:46:42.961-0700] {processor.py:925} INFO - DAG(s) 'example_dynamic_task_mapping' retrieved from /home/jerson/airflow_venv/lib/python3.10/site-packages/airflow/example_dags/example_dynamic_task_mapping.py
[2024-08-26T15:46:42.971-0700] {logging_mixin.py:190} INFO - [2024-08-26T15:46:42.971-0700] {dag.py:3211} INFO - Sync 1 DAGs
[2024-08-26T15:46:42.983-0700] {logging_mixin.py:190} INFO - [2024-08-26T15:46:42.983-0700] {dag.py:4138} INFO - Setting next_dagrun for example_dynamic_task_mapping to 2022-03-04 00:00:00+00:00, run_after=2022-03-05 00:00:00+00:00
[2024-08-26T15:46:43.000-0700] {processor.py:208} INFO - Processing /home/jerson/airflow_venv/lib/python3.10/site-packages/airflow/example_dags/example_dynamic_task_mapping.py took 0.052 seconds
[2024-08-26T15:48:00.303-0700] {processor.py:186} INFO - Started process (PID=18638) to work on /home/jerson/airflow_venv/lib/python3.10/site-packages/airflow/example_dags/example_dynamic_task_mapping.py
[2024-08-26T15:48:00.304-0700] {processor.py:914} INFO - Processing file /home/jerson/airflow_venv/lib/python3.10/site-packages/airflow/example_dags/example_dynamic_task_mapping.py for tasks to queue
[2024-08-26T15:48:00.305-0700] {logging_mixin.py:190} INFO - [2024-08-26T15:48:00.304-0700] {dagbag.py:587} INFO - Filling up the DagBag from /home/jerson/airflow_venv/lib/python3.10/site-packages/airflow/example_dags/example_dynamic_task_mapping.py
[2024-08-26T15:48:00.309-0700] {processor.py:925} INFO - DAG(s) 'example_dynamic_task_mapping' retrieved from /home/jerson/airflow_venv/lib/python3.10/site-packages/airflow/example_dags/example_dynamic_task_mapping.py
[2024-08-26T15:48:00.318-0700] {logging_mixin.py:190} INFO - [2024-08-26T15:48:00.318-0700] {dag.py:3211} INFO - Sync 1 DAGs
[2024-08-26T15:48:00.330-0700] {logging_mixin.py:190} INFO - [2024-08-26T15:48:00.330-0700] {dag.py:4138} INFO - Setting next_dagrun for example_dynamic_task_mapping to 2022-03-04 00:00:00+00:00, run_after=2022-03-05 00:00:00+00:00
[2024-08-26T15:48:00.345-0700] {processor.py:208} INFO - Processing /home/jerson/airflow_venv/lib/python3.10/site-packages/airflow/example_dags/example_dynamic_task_mapping.py took 0.047 seconds
[2024-08-26T15:49:13.589-0700] {processor.py:186} INFO - Started process (PID=19631) to work on /home/jerson/airflow_venv/lib/python3.10/site-packages/airflow/example_dags/example_dynamic_task_mapping.py
[2024-08-26T15:49:13.590-0700] {processor.py:914} INFO - Processing file /home/jerson/airflow_venv/lib/python3.10/site-packages/airflow/example_dags/example_dynamic_task_mapping.py for tasks to queue
[2024-08-26T15:49:13.591-0700] {logging_mixin.py:190} INFO - [2024-08-26T15:49:13.590-0700] {dagbag.py:587} INFO - Filling up the DagBag from /home/jerson/airflow_venv/lib/python3.10/site-packages/airflow/example_dags/example_dynamic_task_mapping.py
[2024-08-26T15:49:13.595-0700] {processor.py:925} INFO - DAG(s) 'example_dynamic_task_mapping' retrieved from /home/jerson/airflow_venv/lib/python3.10/site-packages/airflow/example_dags/example_dynamic_task_mapping.py
[2024-08-26T15:49:13.604-0700] {logging_mixin.py:190} INFO - [2024-08-26T15:49:13.603-0700] {dag.py:3211} INFO - Sync 1 DAGs
[2024-08-26T15:49:13.614-0700] {logging_mixin.py:190} INFO - [2024-08-26T15:49:13.614-0700] {dag.py:4138} INFO - Setting next_dagrun for example_dynamic_task_mapping to 2022-03-04 00:00:00+00:00, run_after=2022-03-05 00:00:00+00:00
[2024-08-26T15:49:13.632-0700] {processor.py:208} INFO - Processing /home/jerson/airflow_venv/lib/python3.10/site-packages/airflow/example_dags/example_dynamic_task_mapping.py took 0.047 seconds
[2024-08-26T15:50:27.649-0700] {processor.py:186} INFO - Started process (PID=20463) to work on /home/jerson/airflow_venv/lib/python3.10/site-packages/airflow/example_dags/example_dynamic_task_mapping.py
[2024-08-26T15:50:27.650-0700] {processor.py:914} INFO - Processing file /home/jerson/airflow_venv/lib/python3.10/site-packages/airflow/example_dags/example_dynamic_task_mapping.py for tasks to queue
[2024-08-26T15:50:27.651-0700] {logging_mixin.py:190} INFO - [2024-08-26T15:50:27.650-0700] {dagbag.py:587} INFO - Filling up the DagBag from /home/jerson/airflow_venv/lib/python3.10/site-packages/airflow/example_dags/example_dynamic_task_mapping.py
[2024-08-26T15:50:27.656-0700] {processor.py:925} INFO - DAG(s) 'example_dynamic_task_mapping' retrieved from /home/jerson/airflow_venv/lib/python3.10/site-packages/airflow/example_dags/example_dynamic_task_mapping.py
[2024-08-26T15:50:27.664-0700] {logging_mixin.py:190} INFO - [2024-08-26T15:50:27.664-0700] {dag.py:3211} INFO - Sync 1 DAGs
[2024-08-26T15:50:27.675-0700] {logging_mixin.py:190} INFO - [2024-08-26T15:50:27.675-0700] {dag.py:4138} INFO - Setting next_dagrun for example_dynamic_task_mapping to 2022-03-04 00:00:00+00:00, run_after=2022-03-05 00:00:00+00:00
[2024-08-26T15:50:27.690-0700] {processor.py:208} INFO - Processing /home/jerson/airflow_venv/lib/python3.10/site-packages/airflow/example_dags/example_dynamic_task_mapping.py took 0.046 seconds
[2024-08-26T15:50:56.132-0700] {processor.py:186} INFO - Started process (PID=20785) to work on /home/jerson/airflow_venv/lib/python3.10/site-packages/airflow/example_dags/example_dynamic_task_mapping.py
[2024-08-26T15:50:56.133-0700] {processor.py:914} INFO - Processing file /home/jerson/airflow_venv/lib/python3.10/site-packages/airflow/example_dags/example_dynamic_task_mapping.py for tasks to queue
[2024-08-26T15:50:56.134-0700] {logging_mixin.py:190} INFO - [2024-08-26T15:50:56.134-0700] {dagbag.py:587} INFO - Filling up the DagBag from /home/jerson/airflow_venv/lib/python3.10/site-packages/airflow/example_dags/example_dynamic_task_mapping.py
[2024-08-26T15:50:56.142-0700] {processor.py:925} INFO - DAG(s) 'example_dynamic_task_mapping' retrieved from /home/jerson/airflow_venv/lib/python3.10/site-packages/airflow/example_dags/example_dynamic_task_mapping.py
[2024-08-26T15:50:56.153-0700] {logging_mixin.py:190} INFO - [2024-08-26T15:50:56.153-0700] {dag.py:3211} INFO - Sync 1 DAGs
[2024-08-26T15:50:56.170-0700] {logging_mixin.py:190} INFO - [2024-08-26T15:50:56.170-0700] {dag.py:4138} INFO - Setting next_dagrun for example_dynamic_task_mapping to 2022-03-04 00:00:00+00:00, run_after=2022-03-05 00:00:00+00:00
[2024-08-26T15:50:56.189-0700] {processor.py:208} INFO - Processing /home/jerson/airflow_venv/lib/python3.10/site-packages/airflow/example_dags/example_dynamic_task_mapping.py took 0.064 seconds
[2024-08-26T15:52:06.909-0700] {processor.py:186} INFO - Started process (PID=21568) to work on /home/jerson/airflow_venv/lib/python3.10/site-packages/airflow/example_dags/example_dynamic_task_mapping.py
[2024-08-26T15:52:06.910-0700] {processor.py:914} INFO - Processing file /home/jerson/airflow_venv/lib/python3.10/site-packages/airflow/example_dags/example_dynamic_task_mapping.py for tasks to queue
[2024-08-26T15:52:06.911-0700] {logging_mixin.py:190} INFO - [2024-08-26T15:52:06.911-0700] {dagbag.py:587} INFO - Filling up the DagBag from /home/jerson/airflow_venv/lib/python3.10/site-packages/airflow/example_dags/example_dynamic_task_mapping.py
[2024-08-26T15:52:06.916-0700] {processor.py:925} INFO - DAG(s) 'example_dynamic_task_mapping' retrieved from /home/jerson/airflow_venv/lib/python3.10/site-packages/airflow/example_dags/example_dynamic_task_mapping.py
[2024-08-26T15:52:06.925-0700] {logging_mixin.py:190} INFO - [2024-08-26T15:52:06.925-0700] {dag.py:3211} INFO - Sync 1 DAGs
[2024-08-26T15:52:06.937-0700] {logging_mixin.py:190} INFO - [2024-08-26T15:52:06.937-0700] {dag.py:4138} INFO - Setting next_dagrun for example_dynamic_task_mapping to 2022-03-04 00:00:00+00:00, run_after=2022-03-05 00:00:00+00:00
[2024-08-26T15:52:06.952-0700] {processor.py:208} INFO - Processing /home/jerson/airflow_venv/lib/python3.10/site-packages/airflow/example_dags/example_dynamic_task_mapping.py took 0.046 seconds
[2024-08-26T15:53:22.494-0700] {processor.py:186} INFO - Started process (PID=22278) to work on /home/jerson/airflow_venv/lib/python3.10/site-packages/airflow/example_dags/example_dynamic_task_mapping.py
[2024-08-26T15:53:22.495-0700] {processor.py:914} INFO - Processing file /home/jerson/airflow_venv/lib/python3.10/site-packages/airflow/example_dags/example_dynamic_task_mapping.py for tasks to queue
[2024-08-26T15:53:22.496-0700] {logging_mixin.py:190} INFO - [2024-08-26T15:53:22.496-0700] {dagbag.py:587} INFO - Filling up the DagBag from /home/jerson/airflow_venv/lib/python3.10/site-packages/airflow/example_dags/example_dynamic_task_mapping.py
[2024-08-26T15:53:22.500-0700] {processor.py:925} INFO - DAG(s) 'example_dynamic_task_mapping' retrieved from /home/jerson/airflow_venv/lib/python3.10/site-packages/airflow/example_dags/example_dynamic_task_mapping.py
[2024-08-26T15:53:22.509-0700] {logging_mixin.py:190} INFO - [2024-08-26T15:53:22.509-0700] {dag.py:3211} INFO - Sync 1 DAGs
[2024-08-26T15:53:22.520-0700] {logging_mixin.py:190} INFO - [2024-08-26T15:53:22.520-0700] {dag.py:4138} INFO - Setting next_dagrun for example_dynamic_task_mapping to 2022-03-04 00:00:00+00:00, run_after=2022-03-05 00:00:00+00:00
[2024-08-26T15:53:22.536-0700] {processor.py:208} INFO - Processing /home/jerson/airflow_venv/lib/python3.10/site-packages/airflow/example_dags/example_dynamic_task_mapping.py took 0.045 seconds
[2024-08-26T15:56:02.733-0700] {processor.py:186} INFO - Started process (PID=23800) to work on /home/jerson/airflow_venv/lib/python3.10/site-packages/airflow/example_dags/example_dynamic_task_mapping.py
[2024-08-26T15:56:02.734-0700] {processor.py:914} INFO - Processing file /home/jerson/airflow_venv/lib/python3.10/site-packages/airflow/example_dags/example_dynamic_task_mapping.py for tasks to queue
[2024-08-26T15:56:02.735-0700] {logging_mixin.py:190} INFO - [2024-08-26T15:56:02.735-0700] {dagbag.py:587} INFO - Filling up the DagBag from /home/jerson/airflow_venv/lib/python3.10/site-packages/airflow/example_dags/example_dynamic_task_mapping.py
[2024-08-26T15:56:02.740-0700] {processor.py:925} INFO - DAG(s) 'example_dynamic_task_mapping' retrieved from /home/jerson/airflow_venv/lib/python3.10/site-packages/airflow/example_dags/example_dynamic_task_mapping.py
[2024-08-26T15:56:02.748-0700] {logging_mixin.py:190} INFO - [2024-08-26T15:56:02.748-0700] {dag.py:3211} INFO - Sync 1 DAGs
[2024-08-26T15:56:02.760-0700] {logging_mixin.py:190} INFO - [2024-08-26T15:56:02.760-0700] {dag.py:4138} INFO - Setting next_dagrun for example_dynamic_task_mapping to 2022-03-04 00:00:00+00:00, run_after=2022-03-05 00:00:00+00:00
[2024-08-26T15:56:02.774-0700] {processor.py:208} INFO - Processing /home/jerson/airflow_venv/lib/python3.10/site-packages/airflow/example_dags/example_dynamic_task_mapping.py took 0.045 seconds
[2024-08-26T15:57:21.237-0700] {processor.py:186} INFO - Started process (PID=24903) to work on /home/jerson/airflow_venv/lib/python3.10/site-packages/airflow/example_dags/example_dynamic_task_mapping.py
[2024-08-26T15:57:21.238-0700] {processor.py:914} INFO - Processing file /home/jerson/airflow_venv/lib/python3.10/site-packages/airflow/example_dags/example_dynamic_task_mapping.py for tasks to queue
[2024-08-26T15:57:21.240-0700] {logging_mixin.py:190} INFO - [2024-08-26T15:57:21.240-0700] {dagbag.py:587} INFO - Filling up the DagBag from /home/jerson/airflow_venv/lib/python3.10/site-packages/airflow/example_dags/example_dynamic_task_mapping.py
[2024-08-26T15:57:21.245-0700] {processor.py:925} INFO - DAG(s) 'example_dynamic_task_mapping' retrieved from /home/jerson/airflow_venv/lib/python3.10/site-packages/airflow/example_dags/example_dynamic_task_mapping.py
[2024-08-26T15:57:21.253-0700] {logging_mixin.py:190} INFO - [2024-08-26T15:57:21.253-0700] {dag.py:3211} INFO - Sync 1 DAGs
[2024-08-26T15:57:21.264-0700] {logging_mixin.py:190} INFO - [2024-08-26T15:57:21.264-0700] {dag.py:4138} INFO - Setting next_dagrun for example_dynamic_task_mapping to 2022-03-04 00:00:00+00:00, run_after=2022-03-05 00:00:00+00:00
[2024-08-26T15:57:21.280-0700] {processor.py:208} INFO - Processing /home/jerson/airflow_venv/lib/python3.10/site-packages/airflow/example_dags/example_dynamic_task_mapping.py took 0.045 seconds
[2024-08-26T15:58:18.773-0700] {processor.py:186} INFO - Started process (PID=25361) to work on /home/jerson/airflow_venv/lib/python3.10/site-packages/airflow/example_dags/example_dynamic_task_mapping.py
[2024-08-26T15:58:18.774-0700] {processor.py:914} INFO - Processing file /home/jerson/airflow_venv/lib/python3.10/site-packages/airflow/example_dags/example_dynamic_task_mapping.py for tasks to queue
[2024-08-26T15:58:18.776-0700] {logging_mixin.py:190} INFO - [2024-08-26T15:58:18.775-0700] {dagbag.py:587} INFO - Filling up the DagBag from /home/jerson/airflow_venv/lib/python3.10/site-packages/airflow/example_dags/example_dynamic_task_mapping.py
[2024-08-26T15:58:18.780-0700] {processor.py:925} INFO - DAG(s) 'example_dynamic_task_mapping' retrieved from /home/jerson/airflow_venv/lib/python3.10/site-packages/airflow/example_dags/example_dynamic_task_mapping.py
[2024-08-26T15:58:18.788-0700] {logging_mixin.py:190} INFO - [2024-08-26T15:58:18.788-0700] {dag.py:3211} INFO - Sync 1 DAGs
[2024-08-26T15:58:18.799-0700] {logging_mixin.py:190} INFO - [2024-08-26T15:58:18.799-0700] {dag.py:4138} INFO - Setting next_dagrun for example_dynamic_task_mapping to 2022-03-04 00:00:00+00:00, run_after=2022-03-05 00:00:00+00:00
[2024-08-26T15:58:18.815-0700] {processor.py:208} INFO - Processing /home/jerson/airflow_venv/lib/python3.10/site-packages/airflow/example_dags/example_dynamic_task_mapping.py took 0.045 seconds
[2024-08-26T15:59:30.867-0700] {processor.py:186} INFO - Started process (PID=25936) to work on /home/jerson/airflow_venv/lib/python3.10/site-packages/airflow/example_dags/example_dynamic_task_mapping.py
[2024-08-26T15:59:30.868-0700] {processor.py:914} INFO - Processing file /home/jerson/airflow_venv/lib/python3.10/site-packages/airflow/example_dags/example_dynamic_task_mapping.py for tasks to queue
[2024-08-26T15:59:30.869-0700] {logging_mixin.py:190} INFO - [2024-08-26T15:59:30.869-0700] {dagbag.py:587} INFO - Filling up the DagBag from /home/jerson/airflow_venv/lib/python3.10/site-packages/airflow/example_dags/example_dynamic_task_mapping.py
[2024-08-26T15:59:30.874-0700] {processor.py:925} INFO - DAG(s) 'example_dynamic_task_mapping' retrieved from /home/jerson/airflow_venv/lib/python3.10/site-packages/airflow/example_dags/example_dynamic_task_mapping.py
[2024-08-26T15:59:30.882-0700] {logging_mixin.py:190} INFO - [2024-08-26T15:59:30.882-0700] {dag.py:3211} INFO - Sync 1 DAGs
[2024-08-26T15:59:30.892-0700] {logging_mixin.py:190} INFO - [2024-08-26T15:59:30.892-0700] {dag.py:4138} INFO - Setting next_dagrun for example_dynamic_task_mapping to 2022-03-04 00:00:00+00:00, run_after=2022-03-05 00:00:00+00:00
[2024-08-26T15:59:30.908-0700] {processor.py:208} INFO - Processing /home/jerson/airflow_venv/lib/python3.10/site-packages/airflow/example_dags/example_dynamic_task_mapping.py took 0.044 seconds
[2024-08-26T16:00:41.514-0700] {processor.py:186} INFO - Started process (PID=26528) to work on /home/jerson/airflow_venv/lib/python3.10/site-packages/airflow/example_dags/example_dynamic_task_mapping.py
[2024-08-26T16:00:41.515-0700] {processor.py:914} INFO - Processing file /home/jerson/airflow_venv/lib/python3.10/site-packages/airflow/example_dags/example_dynamic_task_mapping.py for tasks to queue
[2024-08-26T16:00:41.516-0700] {logging_mixin.py:190} INFO - [2024-08-26T16:00:41.516-0700] {dagbag.py:587} INFO - Filling up the DagBag from /home/jerson/airflow_venv/lib/python3.10/site-packages/airflow/example_dags/example_dynamic_task_mapping.py
[2024-08-26T16:00:41.520-0700] {processor.py:925} INFO - DAG(s) 'example_dynamic_task_mapping' retrieved from /home/jerson/airflow_venv/lib/python3.10/site-packages/airflow/example_dags/example_dynamic_task_mapping.py
[2024-08-26T16:00:41.528-0700] {logging_mixin.py:190} INFO - [2024-08-26T16:00:41.528-0700] {dag.py:3211} INFO - Sync 1 DAGs
[2024-08-26T16:00:41.539-0700] {logging_mixin.py:190} INFO - [2024-08-26T16:00:41.539-0700] {dag.py:4138} INFO - Setting next_dagrun for example_dynamic_task_mapping to 2022-03-04 00:00:00+00:00, run_after=2022-03-05 00:00:00+00:00
[2024-08-26T16:00:41.555-0700] {processor.py:208} INFO - Processing /home/jerson/airflow_venv/lib/python3.10/site-packages/airflow/example_dags/example_dynamic_task_mapping.py took 0.044 seconds
[2024-08-26T16:01:52.276-0700] {processor.py:186} INFO - Started process (PID=27093) to work on /home/jerson/airflow_venv/lib/python3.10/site-packages/airflow/example_dags/example_dynamic_task_mapping.py
[2024-08-26T16:01:52.277-0700] {processor.py:914} INFO - Processing file /home/jerson/airflow_venv/lib/python3.10/site-packages/airflow/example_dags/example_dynamic_task_mapping.py for tasks to queue
[2024-08-26T16:01:52.278-0700] {logging_mixin.py:190} INFO - [2024-08-26T16:01:52.278-0700] {dagbag.py:587} INFO - Filling up the DagBag from /home/jerson/airflow_venv/lib/python3.10/site-packages/airflow/example_dags/example_dynamic_task_mapping.py
[2024-08-26T16:01:52.283-0700] {processor.py:925} INFO - DAG(s) 'example_dynamic_task_mapping' retrieved from /home/jerson/airflow_venv/lib/python3.10/site-packages/airflow/example_dags/example_dynamic_task_mapping.py
[2024-08-26T16:01:52.291-0700] {logging_mixin.py:190} INFO - [2024-08-26T16:01:52.291-0700] {dag.py:3211} INFO - Sync 1 DAGs
[2024-08-26T16:01:52.302-0700] {logging_mixin.py:190} INFO - [2024-08-26T16:01:52.302-0700] {dag.py:4138} INFO - Setting next_dagrun for example_dynamic_task_mapping to 2022-03-04 00:00:00+00:00, run_after=2022-03-05 00:00:00+00:00
[2024-08-26T16:01:52.318-0700] {processor.py:208} INFO - Processing /home/jerson/airflow_venv/lib/python3.10/site-packages/airflow/example_dags/example_dynamic_task_mapping.py took 0.045 seconds
[2024-08-26T16:03:09.329-0700] {processor.py:186} INFO - Started process (PID=27705) to work on /home/jerson/airflow_venv/lib/python3.10/site-packages/airflow/example_dags/example_dynamic_task_mapping.py
[2024-08-26T16:03:09.330-0700] {processor.py:914} INFO - Processing file /home/jerson/airflow_venv/lib/python3.10/site-packages/airflow/example_dags/example_dynamic_task_mapping.py for tasks to queue
[2024-08-26T16:03:09.332-0700] {logging_mixin.py:190} INFO - [2024-08-26T16:03:09.331-0700] {dagbag.py:587} INFO - Filling up the DagBag from /home/jerson/airflow_venv/lib/python3.10/site-packages/airflow/example_dags/example_dynamic_task_mapping.py
[2024-08-26T16:03:09.336-0700] {processor.py:925} INFO - DAG(s) 'example_dynamic_task_mapping' retrieved from /home/jerson/airflow_venv/lib/python3.10/site-packages/airflow/example_dags/example_dynamic_task_mapping.py
[2024-08-26T16:03:09.344-0700] {logging_mixin.py:190} INFO - [2024-08-26T16:03:09.344-0700] {dag.py:3211} INFO - Sync 1 DAGs
[2024-08-26T16:03:09.355-0700] {logging_mixin.py:190} INFO - [2024-08-26T16:03:09.355-0700] {dag.py:4138} INFO - Setting next_dagrun for example_dynamic_task_mapping to 2022-03-04 00:00:00+00:00, run_after=2022-03-05 00:00:00+00:00
[2024-08-26T16:03:09.368-0700] {processor.py:208} INFO - Processing /home/jerson/airflow_venv/lib/python3.10/site-packages/airflow/example_dags/example_dynamic_task_mapping.py took 0.042 seconds
[2024-08-26T16:04:22.440-0700] {processor.py:186} INFO - Started process (PID=28288) to work on /home/jerson/airflow_venv/lib/python3.10/site-packages/airflow/example_dags/example_dynamic_task_mapping.py
[2024-08-26T16:04:22.610-0700] {processor.py:914} INFO - Processing file /home/jerson/airflow_venv/lib/python3.10/site-packages/airflow/example_dags/example_dynamic_task_mapping.py for tasks to queue
[2024-08-26T16:04:22.612-0700] {logging_mixin.py:190} INFO - [2024-08-26T16:04:22.611-0700] {dagbag.py:587} INFO - Filling up the DagBag from /home/jerson/airflow_venv/lib/python3.10/site-packages/airflow/example_dags/example_dynamic_task_mapping.py
[2024-08-26T16:04:22.616-0700] {processor.py:925} INFO - DAG(s) 'example_dynamic_task_mapping' retrieved from /home/jerson/airflow_venv/lib/python3.10/site-packages/airflow/example_dags/example_dynamic_task_mapping.py
[2024-08-26T16:04:22.625-0700] {logging_mixin.py:190} INFO - [2024-08-26T16:04:22.624-0700] {dag.py:3211} INFO - Sync 1 DAGs
[2024-08-26T16:04:22.636-0700] {logging_mixin.py:190} INFO - [2024-08-26T16:04:22.635-0700] {dag.py:4138} INFO - Setting next_dagrun for example_dynamic_task_mapping to 2022-03-04 00:00:00+00:00, run_after=2022-03-05 00:00:00+00:00
[2024-08-26T16:04:22.651-0700] {processor.py:208} INFO - Processing /home/jerson/airflow_venv/lib/python3.10/site-packages/airflow/example_dags/example_dynamic_task_mapping.py took 0.214 seconds
[2024-08-26T16:05:33.087-0700] {processor.py:186} INFO - Started process (PID=28884) to work on /home/jerson/airflow_venv/lib/python3.10/site-packages/airflow/example_dags/example_dynamic_task_mapping.py
[2024-08-26T16:05:33.088-0700] {processor.py:914} INFO - Processing file /home/jerson/airflow_venv/lib/python3.10/site-packages/airflow/example_dags/example_dynamic_task_mapping.py for tasks to queue
[2024-08-26T16:05:33.089-0700] {logging_mixin.py:190} INFO - [2024-08-26T16:05:33.089-0700] {dagbag.py:587} INFO - Filling up the DagBag from /home/jerson/airflow_venv/lib/python3.10/site-packages/airflow/example_dags/example_dynamic_task_mapping.py
[2024-08-26T16:05:33.094-0700] {processor.py:925} INFO - DAG(s) 'example_dynamic_task_mapping' retrieved from /home/jerson/airflow_venv/lib/python3.10/site-packages/airflow/example_dags/example_dynamic_task_mapping.py
[2024-08-26T16:05:33.102-0700] {logging_mixin.py:190} INFO - [2024-08-26T16:05:33.102-0700] {dag.py:3211} INFO - Sync 1 DAGs
[2024-08-26T16:05:33.113-0700] {logging_mixin.py:190} INFO - [2024-08-26T16:05:33.113-0700] {dag.py:4138} INFO - Setting next_dagrun for example_dynamic_task_mapping to 2022-03-04 00:00:00+00:00, run_after=2022-03-05 00:00:00+00:00
[2024-08-26T16:05:33.129-0700] {processor.py:208} INFO - Processing /home/jerson/airflow_venv/lib/python3.10/site-packages/airflow/example_dags/example_dynamic_task_mapping.py took 0.045 seconds
[2024-08-26T16:06:44.889-0700] {processor.py:186} INFO - Started process (PID=29454) to work on /home/jerson/airflow_venv/lib/python3.10/site-packages/airflow/example_dags/example_dynamic_task_mapping.py
[2024-08-26T16:06:44.890-0700] {processor.py:914} INFO - Processing file /home/jerson/airflow_venv/lib/python3.10/site-packages/airflow/example_dags/example_dynamic_task_mapping.py for tasks to queue
[2024-08-26T16:06:44.891-0700] {logging_mixin.py:190} INFO - [2024-08-26T16:06:44.891-0700] {dagbag.py:587} INFO - Filling up the DagBag from /home/jerson/airflow_venv/lib/python3.10/site-packages/airflow/example_dags/example_dynamic_task_mapping.py
[2024-08-26T16:06:44.895-0700] {processor.py:925} INFO - DAG(s) 'example_dynamic_task_mapping' retrieved from /home/jerson/airflow_venv/lib/python3.10/site-packages/airflow/example_dags/example_dynamic_task_mapping.py
[2024-08-26T16:06:44.904-0700] {logging_mixin.py:190} INFO - [2024-08-26T16:06:44.904-0700] {dag.py:3211} INFO - Sync 1 DAGs
[2024-08-26T16:06:44.915-0700] {logging_mixin.py:190} INFO - [2024-08-26T16:06:44.915-0700] {dag.py:4138} INFO - Setting next_dagrun for example_dynamic_task_mapping to 2022-03-04 00:00:00+00:00, run_after=2022-03-05 00:00:00+00:00
[2024-08-26T16:06:44.930-0700] {processor.py:208} INFO - Processing /home/jerson/airflow_venv/lib/python3.10/site-packages/airflow/example_dags/example_dynamic_task_mapping.py took 0.044 seconds
[2024-08-26T16:08:18.010-0700] {processor.py:186} INFO - Started process (PID=30185) to work on /home/jerson/airflow_venv/lib/python3.10/site-packages/airflow/example_dags/example_dynamic_task_mapping.py
[2024-08-26T16:08:18.011-0700] {processor.py:914} INFO - Processing file /home/jerson/airflow_venv/lib/python3.10/site-packages/airflow/example_dags/example_dynamic_task_mapping.py for tasks to queue
[2024-08-26T16:08:18.012-0700] {logging_mixin.py:190} INFO - [2024-08-26T16:08:18.012-0700] {dagbag.py:587} INFO - Filling up the DagBag from /home/jerson/airflow_venv/lib/python3.10/site-packages/airflow/example_dags/example_dynamic_task_mapping.py
[2024-08-26T16:08:18.017-0700] {processor.py:925} INFO - DAG(s) 'example_dynamic_task_mapping' retrieved from /home/jerson/airflow_venv/lib/python3.10/site-packages/airflow/example_dags/example_dynamic_task_mapping.py
[2024-08-26T16:08:18.025-0700] {logging_mixin.py:190} INFO - [2024-08-26T16:08:18.025-0700] {dag.py:3211} INFO - Sync 1 DAGs
[2024-08-26T16:08:18.036-0700] {logging_mixin.py:190} INFO - [2024-08-26T16:08:18.036-0700] {dag.py:4138} INFO - Setting next_dagrun for example_dynamic_task_mapping to 2022-03-04 00:00:00+00:00, run_after=2022-03-05 00:00:00+00:00
[2024-08-26T16:08:18.051-0700] {processor.py:208} INFO - Processing /home/jerson/airflow_venv/lib/python3.10/site-packages/airflow/example_dags/example_dynamic_task_mapping.py took 0.044 seconds
[2024-08-26T16:09:31.629-0700] {processor.py:186} INFO - Started process (PID=30770) to work on /home/jerson/airflow_venv/lib/python3.10/site-packages/airflow/example_dags/example_dynamic_task_mapping.py
[2024-08-26T16:09:31.630-0700] {processor.py:914} INFO - Processing file /home/jerson/airflow_venv/lib/python3.10/site-packages/airflow/example_dags/example_dynamic_task_mapping.py for tasks to queue
[2024-08-26T16:09:31.631-0700] {logging_mixin.py:190} INFO - [2024-08-26T16:09:31.631-0700] {dagbag.py:587} INFO - Filling up the DagBag from /home/jerson/airflow_venv/lib/python3.10/site-packages/airflow/example_dags/example_dynamic_task_mapping.py
[2024-08-26T16:09:31.636-0700] {processor.py:925} INFO - DAG(s) 'example_dynamic_task_mapping' retrieved from /home/jerson/airflow_venv/lib/python3.10/site-packages/airflow/example_dags/example_dynamic_task_mapping.py
[2024-08-26T16:09:31.644-0700] {logging_mixin.py:190} INFO - [2024-08-26T16:09:31.644-0700] {dag.py:3211} INFO - Sync 1 DAGs
[2024-08-26T16:09:31.654-0700] {logging_mixin.py:190} INFO - [2024-08-26T16:09:31.654-0700] {dag.py:4138} INFO - Setting next_dagrun for example_dynamic_task_mapping to 2022-03-04 00:00:00+00:00, run_after=2022-03-05 00:00:00+00:00
[2024-08-26T16:09:31.669-0700] {processor.py:208} INFO - Processing /home/jerson/airflow_venv/lib/python3.10/site-packages/airflow/example_dags/example_dynamic_task_mapping.py took 0.043 seconds
[2024-08-26T16:10:42.635-0700] {processor.py:186} INFO - Started process (PID=31364) to work on /home/jerson/airflow_venv/lib/python3.10/site-packages/airflow/example_dags/example_dynamic_task_mapping.py
[2024-08-26T16:10:42.636-0700] {processor.py:914} INFO - Processing file /home/jerson/airflow_venv/lib/python3.10/site-packages/airflow/example_dags/example_dynamic_task_mapping.py for tasks to queue
[2024-08-26T16:10:42.638-0700] {logging_mixin.py:190} INFO - [2024-08-26T16:10:42.637-0700] {dagbag.py:587} INFO - Filling up the DagBag from /home/jerson/airflow_venv/lib/python3.10/site-packages/airflow/example_dags/example_dynamic_task_mapping.py
[2024-08-26T16:10:42.642-0700] {processor.py:925} INFO - DAG(s) 'example_dynamic_task_mapping' retrieved from /home/jerson/airflow_venv/lib/python3.10/site-packages/airflow/example_dags/example_dynamic_task_mapping.py
[2024-08-26T16:10:42.650-0700] {logging_mixin.py:190} INFO - [2024-08-26T16:10:42.650-0700] {dag.py:3211} INFO - Sync 1 DAGs
[2024-08-26T16:10:42.661-0700] {logging_mixin.py:190} INFO - [2024-08-26T16:10:42.661-0700] {dag.py:4138} INFO - Setting next_dagrun for example_dynamic_task_mapping to 2022-03-04 00:00:00+00:00, run_after=2022-03-05 00:00:00+00:00
[2024-08-26T16:10:42.676-0700] {processor.py:208} INFO - Processing /home/jerson/airflow_venv/lib/python3.10/site-packages/airflow/example_dags/example_dynamic_task_mapping.py took 0.044 seconds
[2024-08-26T16:11:56.918-0700] {processor.py:186} INFO - Started process (PID=31957) to work on /home/jerson/airflow_venv/lib/python3.10/site-packages/airflow/example_dags/example_dynamic_task_mapping.py
[2024-08-26T16:11:56.918-0700] {processor.py:914} INFO - Processing file /home/jerson/airflow_venv/lib/python3.10/site-packages/airflow/example_dags/example_dynamic_task_mapping.py for tasks to queue
[2024-08-26T16:11:56.919-0700] {logging_mixin.py:190} INFO - [2024-08-26T16:11:56.919-0700] {dagbag.py:587} INFO - Filling up the DagBag from /home/jerson/airflow_venv/lib/python3.10/site-packages/airflow/example_dags/example_dynamic_task_mapping.py
[2024-08-26T16:11:56.925-0700] {processor.py:925} INFO - DAG(s) 'example_dynamic_task_mapping' retrieved from /home/jerson/airflow_venv/lib/python3.10/site-packages/airflow/example_dags/example_dynamic_task_mapping.py
[2024-08-26T16:11:56.932-0700] {logging_mixin.py:190} INFO - [2024-08-26T16:11:56.932-0700] {dag.py:3211} INFO - Sync 1 DAGs
[2024-08-26T16:11:56.943-0700] {logging_mixin.py:190} INFO - [2024-08-26T16:11:56.943-0700] {dag.py:4138} INFO - Setting next_dagrun for example_dynamic_task_mapping to 2022-03-04 00:00:00+00:00, run_after=2022-03-05 00:00:00+00:00
[2024-08-26T16:11:56.958-0700] {processor.py:208} INFO - Processing /home/jerson/airflow_venv/lib/python3.10/site-packages/airflow/example_dags/example_dynamic_task_mapping.py took 0.044 seconds
