[2024-08-26T15:22:05.143-0700] {processor.py:186} INFO - Started process (PID=7581) to work on /home/jerson/airflow_venv/lib/python3.10/site-packages/airflow/example_dags/example_latest_only.py
[2024-08-26T15:22:05.143-0700] {processor.py:914} INFO - Processing file /home/jerson/airflow_venv/lib/python3.10/site-packages/airflow/example_dags/example_latest_only.py for tasks to queue
[2024-08-26T15:22:05.144-0700] {logging_mixin.py:190} INFO - [2024-08-26T15:22:05.144-0700] {dagbag.py:587} INFO - Filling up the DagBag from /home/jerson/airflow_venv/lib/python3.10/site-packages/airflow/example_dags/example_latest_only.py
[2024-08-26T15:22:05.148-0700] {processor.py:925} INFO - DAG(s) 'latest_only' retrieved from /home/jerson/airflow_venv/lib/python3.10/site-packages/airflow/example_dags/example_latest_only.py
[2024-08-26T15:22:05.232-0700] {logging_mixin.py:190} INFO - [2024-08-26T15:22:05.231-0700] {override.py:1900} INFO - Created Permission View: can read on DAG:latest_only
[2024-08-26T15:22:05.245-0700] {logging_mixin.py:190} INFO - [2024-08-26T15:22:05.245-0700] {override.py:1900} INFO - Created Permission View: can delete on DAG:latest_only
[2024-08-26T15:22:05.254-0700] {logging_mixin.py:190} INFO - [2024-08-26T15:22:05.254-0700] {override.py:1900} INFO - Created Permission View: can edit on DAG:latest_only
[2024-08-26T15:22:05.283-0700] {logging_mixin.py:190} INFO - [2024-08-26T15:22:05.283-0700] {override.py:1900} INFO - Created Permission View: can read on DAG Run:latest_only
[2024-08-26T15:22:05.298-0700] {logging_mixin.py:190} INFO - [2024-08-26T15:22:05.298-0700] {override.py:1900} INFO - Created Permission View: can create on DAG Run:latest_only
[2024-08-26T15:22:05.367-0700] {logging_mixin.py:190} INFO - [2024-08-26T15:22:05.367-0700] {override.py:1900} INFO - Created Permission View: menu access on DAG Run:latest_only
[2024-08-26T15:22:05.377-0700] {logging_mixin.py:190} INFO - [2024-08-26T15:22:05.377-0700] {override.py:1900} INFO - Created Permission View: can delete on DAG Run:latest_only
[2024-08-26T15:22:05.377-0700] {logging_mixin.py:190} INFO - [2024-08-26T15:22:05.377-0700] {dag.py:3211} INFO - Sync 1 DAGs
[2024-08-26T15:22:05.386-0700] {logging_mixin.py:190} INFO - [2024-08-26T15:22:05.386-0700] {dag.py:3234} INFO - Creating ORM DAG for latest_only
[2024-08-26T15:22:05.391-0700] {logging_mixin.py:190} INFO - [2024-08-26T15:22:05.391-0700] {dag.py:4138} INFO - Setting next_dagrun for latest_only to 2024-08-26 16:00:00+00:00, run_after=2024-08-26 20:00:00+00:00
[2024-08-26T15:22:05.416-0700] {processor.py:208} INFO - Processing /home/jerson/airflow_venv/lib/python3.10/site-packages/airflow/example_dags/example_latest_only.py took 0.278 seconds
[2024-08-26T15:23:00.484-0700] {processor.py:186} INFO - Started process (PID=7892) to work on /home/jerson/airflow_venv/lib/python3.10/site-packages/airflow/example_dags/example_latest_only.py
[2024-08-26T15:23:00.485-0700] {processor.py:914} INFO - Processing file /home/jerson/airflow_venv/lib/python3.10/site-packages/airflow/example_dags/example_latest_only.py for tasks to queue
[2024-08-26T15:23:00.486-0700] {logging_mixin.py:190} INFO - [2024-08-26T15:23:00.486-0700] {dagbag.py:587} INFO - Filling up the DagBag from /home/jerson/airflow_venv/lib/python3.10/site-packages/airflow/example_dags/example_latest_only.py
[2024-08-26T15:23:00.490-0700] {processor.py:925} INFO - DAG(s) 'latest_only' retrieved from /home/jerson/airflow_venv/lib/python3.10/site-packages/airflow/example_dags/example_latest_only.py
[2024-08-26T15:23:00.500-0700] {logging_mixin.py:190} INFO - [2024-08-26T15:23:00.499-0700] {dag.py:3211} INFO - Sync 1 DAGs
[2024-08-26T15:23:00.511-0700] {logging_mixin.py:190} INFO - [2024-08-26T15:23:00.511-0700] {dag.py:4138} INFO - Setting next_dagrun for latest_only to 2024-08-26 16:00:00+00:00, run_after=2024-08-26 20:00:00+00:00
[2024-08-26T15:23:00.525-0700] {processor.py:208} INFO - Processing /home/jerson/airflow_venv/lib/python3.10/site-packages/airflow/example_dags/example_latest_only.py took 0.045 seconds
[2024-08-26T15:23:55.008-0700] {processor.py:186} INFO - Started process (PID=8190) to work on /home/jerson/airflow_venv/lib/python3.10/site-packages/airflow/example_dags/example_latest_only.py
[2024-08-26T15:23:55.009-0700] {processor.py:914} INFO - Processing file /home/jerson/airflow_venv/lib/python3.10/site-packages/airflow/example_dags/example_latest_only.py for tasks to queue
[2024-08-26T15:23:55.010-0700] {logging_mixin.py:190} INFO - [2024-08-26T15:23:55.010-0700] {dagbag.py:587} INFO - Filling up the DagBag from /home/jerson/airflow_venv/lib/python3.10/site-packages/airflow/example_dags/example_latest_only.py
[2024-08-26T15:23:55.014-0700] {processor.py:925} INFO - DAG(s) 'latest_only' retrieved from /home/jerson/airflow_venv/lib/python3.10/site-packages/airflow/example_dags/example_latest_only.py
[2024-08-26T15:23:55.024-0700] {logging_mixin.py:190} INFO - [2024-08-26T15:23:55.024-0700] {dag.py:3211} INFO - Sync 1 DAGs
[2024-08-26T15:23:55.036-0700] {logging_mixin.py:190} INFO - [2024-08-26T15:23:55.036-0700] {dag.py:4138} INFO - Setting next_dagrun for latest_only to 2024-08-26 16:00:00+00:00, run_after=2024-08-26 20:00:00+00:00
[2024-08-26T15:23:55.052-0700] {processor.py:208} INFO - Processing /home/jerson/airflow_venv/lib/python3.10/site-packages/airflow/example_dags/example_latest_only.py took 0.048 seconds
[2024-08-26T15:25:46.082-0700] {processor.py:186} INFO - Started process (PID=8750) to work on /home/jerson/airflow_venv/lib/python3.10/site-packages/airflow/example_dags/example_latest_only.py
[2024-08-26T15:25:46.083-0700] {processor.py:914} INFO - Processing file /home/jerson/airflow_venv/lib/python3.10/site-packages/airflow/example_dags/example_latest_only.py for tasks to queue
[2024-08-26T15:25:46.084-0700] {logging_mixin.py:190} INFO - [2024-08-26T15:25:46.084-0700] {dagbag.py:587} INFO - Filling up the DagBag from /home/jerson/airflow_venv/lib/python3.10/site-packages/airflow/example_dags/example_latest_only.py
[2024-08-26T15:25:46.088-0700] {processor.py:925} INFO - DAG(s) 'latest_only' retrieved from /home/jerson/airflow_venv/lib/python3.10/site-packages/airflow/example_dags/example_latest_only.py
[2024-08-26T15:25:46.097-0700] {logging_mixin.py:190} INFO - [2024-08-26T15:25:46.097-0700] {dag.py:3211} INFO - Sync 1 DAGs
[2024-08-26T15:25:46.110-0700] {logging_mixin.py:190} INFO - [2024-08-26T15:25:46.110-0700] {dag.py:4138} INFO - Setting next_dagrun for latest_only to 2024-08-26 16:00:00+00:00, run_after=2024-08-26 20:00:00+00:00
[2024-08-26T15:25:46.124-0700] {processor.py:208} INFO - Processing /home/jerson/airflow_venv/lib/python3.10/site-packages/airflow/example_dags/example_latest_only.py took 0.045 seconds
[2024-08-26T15:26:41.408-0700] {processor.py:186} INFO - Started process (PID=9041) to work on /home/jerson/airflow_venv/lib/python3.10/site-packages/airflow/example_dags/example_latest_only.py
[2024-08-26T15:26:41.409-0700] {processor.py:914} INFO - Processing file /home/jerson/airflow_venv/lib/python3.10/site-packages/airflow/example_dags/example_latest_only.py for tasks to queue
[2024-08-26T15:26:41.411-0700] {logging_mixin.py:190} INFO - [2024-08-26T15:26:41.411-0700] {dagbag.py:587} INFO - Filling up the DagBag from /home/jerson/airflow_venv/lib/python3.10/site-packages/airflow/example_dags/example_latest_only.py
[2024-08-26T15:26:41.415-0700] {processor.py:925} INFO - DAG(s) 'latest_only' retrieved from /home/jerson/airflow_venv/lib/python3.10/site-packages/airflow/example_dags/example_latest_only.py
[2024-08-26T15:26:41.424-0700] {logging_mixin.py:190} INFO - [2024-08-26T15:26:41.423-0700] {dag.py:3211} INFO - Sync 1 DAGs
[2024-08-26T15:26:41.435-0700] {logging_mixin.py:190} INFO - [2024-08-26T15:26:41.435-0700] {dag.py:4138} INFO - Setting next_dagrun for latest_only to 2024-08-26 16:00:00+00:00, run_after=2024-08-26 20:00:00+00:00
[2024-08-26T15:26:41.450-0700] {processor.py:208} INFO - Processing /home/jerson/airflow_venv/lib/python3.10/site-packages/airflow/example_dags/example_latest_only.py took 0.045 seconds
[2024-08-26T15:27:32.520-0700] {processor.py:186} INFO - Started process (PID=9299) to work on /home/jerson/airflow_venv/lib/python3.10/site-packages/airflow/example_dags/example_latest_only.py
[2024-08-26T15:27:32.521-0700] {processor.py:914} INFO - Processing file /home/jerson/airflow_venv/lib/python3.10/site-packages/airflow/example_dags/example_latest_only.py for tasks to queue
[2024-08-26T15:27:32.522-0700] {logging_mixin.py:190} INFO - [2024-08-26T15:27:32.522-0700] {dagbag.py:587} INFO - Filling up the DagBag from /home/jerson/airflow_venv/lib/python3.10/site-packages/airflow/example_dags/example_latest_only.py
[2024-08-26T15:27:32.526-0700] {processor.py:925} INFO - DAG(s) 'latest_only' retrieved from /home/jerson/airflow_venv/lib/python3.10/site-packages/airflow/example_dags/example_latest_only.py
[2024-08-26T15:27:32.536-0700] {logging_mixin.py:190} INFO - [2024-08-26T15:27:32.536-0700] {dag.py:3211} INFO - Sync 1 DAGs
[2024-08-26T15:27:32.548-0700] {logging_mixin.py:190} INFO - [2024-08-26T15:27:32.548-0700] {dag.py:4138} INFO - Setting next_dagrun for latest_only to 2024-08-26 16:00:00+00:00, run_after=2024-08-26 20:00:00+00:00
[2024-08-26T15:27:32.563-0700] {processor.py:208} INFO - Processing /home/jerson/airflow_venv/lib/python3.10/site-packages/airflow/example_dags/example_latest_only.py took 0.047 seconds
[2024-08-26T15:28:42.379-0700] {processor.py:186} INFO - Started process (PID=9655) to work on /home/jerson/airflow_venv/lib/python3.10/site-packages/airflow/example_dags/example_latest_only.py
[2024-08-26T15:28:42.379-0700] {processor.py:914} INFO - Processing file /home/jerson/airflow_venv/lib/python3.10/site-packages/airflow/example_dags/example_latest_only.py for tasks to queue
[2024-08-26T15:28:42.381-0700] {logging_mixin.py:190} INFO - [2024-08-26T15:28:42.381-0700] {dagbag.py:587} INFO - Filling up the DagBag from /home/jerson/airflow_venv/lib/python3.10/site-packages/airflow/example_dags/example_latest_only.py
[2024-08-26T15:28:42.385-0700] {processor.py:925} INFO - DAG(s) 'latest_only' retrieved from /home/jerson/airflow_venv/lib/python3.10/site-packages/airflow/example_dags/example_latest_only.py
[2024-08-26T15:28:42.393-0700] {logging_mixin.py:190} INFO - [2024-08-26T15:28:42.393-0700] {dag.py:3211} INFO - Sync 1 DAGs
[2024-08-26T15:28:42.404-0700] {logging_mixin.py:190} INFO - [2024-08-26T15:28:42.404-0700] {dag.py:4138} INFO - Setting next_dagrun for latest_only to 2024-08-26 16:00:00+00:00, run_after=2024-08-26 20:00:00+00:00
[2024-08-26T15:28:42.420-0700] {processor.py:208} INFO - Processing /home/jerson/airflow_venv/lib/python3.10/site-packages/airflow/example_dags/example_latest_only.py took 0.045 seconds
[2024-08-26T15:29:32.606-0700] {processor.py:186} INFO - Started process (PID=9992) to work on /home/jerson/airflow_venv/lib/python3.10/site-packages/airflow/example_dags/example_latest_only.py
[2024-08-26T15:29:32.607-0700] {processor.py:914} INFO - Processing file /home/jerson/airflow_venv/lib/python3.10/site-packages/airflow/example_dags/example_latest_only.py for tasks to queue
[2024-08-26T15:29:32.608-0700] {logging_mixin.py:190} INFO - [2024-08-26T15:29:32.608-0700] {dagbag.py:587} INFO - Filling up the DagBag from /home/jerson/airflow_venv/lib/python3.10/site-packages/airflow/example_dags/example_latest_only.py
[2024-08-26T15:29:32.612-0700] {processor.py:925} INFO - DAG(s) 'latest_only' retrieved from /home/jerson/airflow_venv/lib/python3.10/site-packages/airflow/example_dags/example_latest_only.py
[2024-08-26T15:29:32.620-0700] {logging_mixin.py:190} INFO - [2024-08-26T15:29:32.620-0700] {dag.py:3211} INFO - Sync 1 DAGs
[2024-08-26T15:29:32.631-0700] {logging_mixin.py:190} INFO - [2024-08-26T15:29:32.631-0700] {dag.py:4138} INFO - Setting next_dagrun for latest_only to 2024-08-26 16:00:00+00:00, run_after=2024-08-26 20:00:00+00:00
[2024-08-26T15:29:32.647-0700] {processor.py:208} INFO - Processing /home/jerson/airflow_venv/lib/python3.10/site-packages/airflow/example_dags/example_latest_only.py took 0.044 seconds
[2024-08-26T15:30:22.268-0700] {processor.py:186} INFO - Started process (PID=10241) to work on /home/jerson/airflow_venv/lib/python3.10/site-packages/airflow/example_dags/example_latest_only.py
[2024-08-26T15:30:22.269-0700] {processor.py:914} INFO - Processing file /home/jerson/airflow_venv/lib/python3.10/site-packages/airflow/example_dags/example_latest_only.py for tasks to queue
[2024-08-26T15:30:22.270-0700] {logging_mixin.py:190} INFO - [2024-08-26T15:30:22.270-0700] {dagbag.py:587} INFO - Filling up the DagBag from /home/jerson/airflow_venv/lib/python3.10/site-packages/airflow/example_dags/example_latest_only.py
[2024-08-26T15:30:22.274-0700] {processor.py:925} INFO - DAG(s) 'latest_only' retrieved from /home/jerson/airflow_venv/lib/python3.10/site-packages/airflow/example_dags/example_latest_only.py
[2024-08-26T15:30:22.285-0700] {logging_mixin.py:190} INFO - [2024-08-26T15:30:22.285-0700] {dag.py:3211} INFO - Sync 1 DAGs
[2024-08-26T15:30:22.298-0700] {logging_mixin.py:190} INFO - [2024-08-26T15:30:22.298-0700] {dag.py:4138} INFO - Setting next_dagrun for latest_only to 2024-08-26 16:00:00+00:00, run_after=2024-08-26 20:00:00+00:00
[2024-08-26T15:30:22.316-0700] {processor.py:208} INFO - Processing /home/jerson/airflow_venv/lib/python3.10/site-packages/airflow/example_dags/example_latest_only.py took 0.052 seconds
[2024-08-26T15:31:11.131-0700] {processor.py:186} INFO - Started process (PID=10507) to work on /home/jerson/airflow_venv/lib/python3.10/site-packages/airflow/example_dags/example_latest_only.py
[2024-08-26T15:31:11.132-0700] {processor.py:914} INFO - Processing file /home/jerson/airflow_venv/lib/python3.10/site-packages/airflow/example_dags/example_latest_only.py for tasks to queue
[2024-08-26T15:31:11.134-0700] {logging_mixin.py:190} INFO - [2024-08-26T15:31:11.134-0700] {dagbag.py:587} INFO - Filling up the DagBag from /home/jerson/airflow_venv/lib/python3.10/site-packages/airflow/example_dags/example_latest_only.py
[2024-08-26T15:31:11.138-0700] {processor.py:925} INFO - DAG(s) 'latest_only' retrieved from /home/jerson/airflow_venv/lib/python3.10/site-packages/airflow/example_dags/example_latest_only.py
[2024-08-26T15:31:11.147-0700] {logging_mixin.py:190} INFO - [2024-08-26T15:31:11.147-0700] {dag.py:3211} INFO - Sync 1 DAGs
[2024-08-26T15:31:11.159-0700] {logging_mixin.py:190} INFO - [2024-08-26T15:31:11.159-0700] {dag.py:4138} INFO - Setting next_dagrun for latest_only to 2024-08-26 16:00:00+00:00, run_after=2024-08-26 20:00:00+00:00
[2024-08-26T15:31:11.177-0700] {processor.py:208} INFO - Processing /home/jerson/airflow_venv/lib/python3.10/site-packages/airflow/example_dags/example_latest_only.py took 0.049 seconds
[2024-08-26T15:32:19.156-0700] {processor.py:186} INFO - Started process (PID=10868) to work on /home/jerson/airflow_venv/lib/python3.10/site-packages/airflow/example_dags/example_latest_only.py
[2024-08-26T15:32:19.157-0700] {processor.py:914} INFO - Processing file /home/jerson/airflow_venv/lib/python3.10/site-packages/airflow/example_dags/example_latest_only.py for tasks to queue
[2024-08-26T15:32:19.158-0700] {logging_mixin.py:190} INFO - [2024-08-26T15:32:19.158-0700] {dagbag.py:587} INFO - Filling up the DagBag from /home/jerson/airflow_venv/lib/python3.10/site-packages/airflow/example_dags/example_latest_only.py
[2024-08-26T15:32:19.162-0700] {processor.py:925} INFO - DAG(s) 'latest_only' retrieved from /home/jerson/airflow_venv/lib/python3.10/site-packages/airflow/example_dags/example_latest_only.py
[2024-08-26T15:32:19.172-0700] {logging_mixin.py:190} INFO - [2024-08-26T15:32:19.171-0700] {dag.py:3211} INFO - Sync 1 DAGs
[2024-08-26T15:32:19.184-0700] {logging_mixin.py:190} INFO - [2024-08-26T15:32:19.184-0700] {dag.py:4138} INFO - Setting next_dagrun for latest_only to 2024-08-26 16:00:00+00:00, run_after=2024-08-26 20:00:00+00:00
[2024-08-26T15:32:19.201-0700] {processor.py:208} INFO - Processing /home/jerson/airflow_venv/lib/python3.10/site-packages/airflow/example_dags/example_latest_only.py took 0.048 seconds
[2024-08-26T15:33:10.827-0700] {processor.py:186} INFO - Started process (PID=11128) to work on /home/jerson/airflow_venv/lib/python3.10/site-packages/airflow/example_dags/example_latest_only.py
[2024-08-26T15:33:10.827-0700] {processor.py:914} INFO - Processing file /home/jerson/airflow_venv/lib/python3.10/site-packages/airflow/example_dags/example_latest_only.py for tasks to queue
[2024-08-26T15:33:10.829-0700] {logging_mixin.py:190} INFO - [2024-08-26T15:33:10.828-0700] {dagbag.py:587} INFO - Filling up the DagBag from /home/jerson/airflow_venv/lib/python3.10/site-packages/airflow/example_dags/example_latest_only.py
[2024-08-26T15:33:10.832-0700] {processor.py:925} INFO - DAG(s) 'latest_only' retrieved from /home/jerson/airflow_venv/lib/python3.10/site-packages/airflow/example_dags/example_latest_only.py
[2024-08-26T15:33:10.842-0700] {logging_mixin.py:190} INFO - [2024-08-26T15:33:10.841-0700] {dag.py:3211} INFO - Sync 1 DAGs
[2024-08-26T15:33:10.853-0700] {logging_mixin.py:190} INFO - [2024-08-26T15:33:10.853-0700] {dag.py:4138} INFO - Setting next_dagrun for latest_only to 2024-08-26 16:00:00+00:00, run_after=2024-08-26 20:00:00+00:00
[2024-08-26T15:33:10.870-0700] {processor.py:208} INFO - Processing /home/jerson/airflow_venv/lib/python3.10/site-packages/airflow/example_dags/example_latest_only.py took 0.046 seconds
[2024-08-26T15:34:03.273-0700] {processor.py:186} INFO - Started process (PID=11399) to work on /home/jerson/airflow_venv/lib/python3.10/site-packages/airflow/example_dags/example_latest_only.py
[2024-08-26T15:34:03.274-0700] {processor.py:914} INFO - Processing file /home/jerson/airflow_venv/lib/python3.10/site-packages/airflow/example_dags/example_latest_only.py for tasks to queue
[2024-08-26T15:34:03.276-0700] {logging_mixin.py:190} INFO - [2024-08-26T15:34:03.275-0700] {dagbag.py:587} INFO - Filling up the DagBag from /home/jerson/airflow_venv/lib/python3.10/site-packages/airflow/example_dags/example_latest_only.py
[2024-08-26T15:34:03.279-0700] {processor.py:925} INFO - DAG(s) 'latest_only' retrieved from /home/jerson/airflow_venv/lib/python3.10/site-packages/airflow/example_dags/example_latest_only.py
[2024-08-26T15:34:03.288-0700] {logging_mixin.py:190} INFO - [2024-08-26T15:34:03.287-0700] {dag.py:3211} INFO - Sync 1 DAGs
[2024-08-26T15:34:03.298-0700] {logging_mixin.py:190} INFO - [2024-08-26T15:34:03.298-0700] {dag.py:4138} INFO - Setting next_dagrun for latest_only to 2024-08-26 16:00:00+00:00, run_after=2024-08-26 20:00:00+00:00
[2024-08-26T15:34:03.314-0700] {processor.py:208} INFO - Processing /home/jerson/airflow_venv/lib/python3.10/site-packages/airflow/example_dags/example_latest_only.py took 0.044 seconds
[2024-08-26T15:34:53.462-0700] {processor.py:186} INFO - Started process (PID=11663) to work on /home/jerson/airflow_venv/lib/python3.10/site-packages/airflow/example_dags/example_latest_only.py
[2024-08-26T15:34:53.463-0700] {processor.py:914} INFO - Processing file /home/jerson/airflow_venv/lib/python3.10/site-packages/airflow/example_dags/example_latest_only.py for tasks to queue
[2024-08-26T15:34:53.464-0700] {logging_mixin.py:190} INFO - [2024-08-26T15:34:53.463-0700] {dagbag.py:587} INFO - Filling up the DagBag from /home/jerson/airflow_venv/lib/python3.10/site-packages/airflow/example_dags/example_latest_only.py
[2024-08-26T15:34:53.468-0700] {processor.py:925} INFO - DAG(s) 'latest_only' retrieved from /home/jerson/airflow_venv/lib/python3.10/site-packages/airflow/example_dags/example_latest_only.py
[2024-08-26T15:34:53.478-0700] {logging_mixin.py:190} INFO - [2024-08-26T15:34:53.477-0700] {dag.py:3211} INFO - Sync 1 DAGs
[2024-08-26T15:34:53.489-0700] {logging_mixin.py:190} INFO - [2024-08-26T15:34:53.489-0700] {dag.py:4138} INFO - Setting next_dagrun for latest_only to 2024-08-26 16:00:00+00:00, run_after=2024-08-26 20:00:00+00:00
[2024-08-26T15:34:53.506-0700] {processor.py:208} INFO - Processing /home/jerson/airflow_venv/lib/python3.10/site-packages/airflow/example_dags/example_latest_only.py took 0.047 seconds
[2024-08-26T15:36:04.240-0700] {processor.py:186} INFO - Started process (PID=12058) to work on /home/jerson/airflow_venv/lib/python3.10/site-packages/airflow/example_dags/example_latest_only.py
[2024-08-26T15:36:04.241-0700] {processor.py:914} INFO - Processing file /home/jerson/airflow_venv/lib/python3.10/site-packages/airflow/example_dags/example_latest_only.py for tasks to queue
[2024-08-26T15:36:04.243-0700] {logging_mixin.py:190} INFO - [2024-08-26T15:36:04.243-0700] {dagbag.py:587} INFO - Filling up the DagBag from /home/jerson/airflow_venv/lib/python3.10/site-packages/airflow/example_dags/example_latest_only.py
[2024-08-26T15:36:04.247-0700] {processor.py:925} INFO - DAG(s) 'latest_only' retrieved from /home/jerson/airflow_venv/lib/python3.10/site-packages/airflow/example_dags/example_latest_only.py
[2024-08-26T15:36:04.255-0700] {logging_mixin.py:190} INFO - [2024-08-26T15:36:04.255-0700] {dag.py:3211} INFO - Sync 1 DAGs
[2024-08-26T15:36:04.266-0700] {logging_mixin.py:190} INFO - [2024-08-26T15:36:04.266-0700] {dag.py:4138} INFO - Setting next_dagrun for latest_only to 2024-08-26 16:00:00+00:00, run_after=2024-08-26 20:00:00+00:00
[2024-08-26T15:36:04.282-0700] {processor.py:208} INFO - Processing /home/jerson/airflow_venv/lib/python3.10/site-packages/airflow/example_dags/example_latest_only.py took 0.044 seconds
[2024-08-26T15:36:53.060-0700] {processor.py:186} INFO - Started process (PID=12552) to work on /home/jerson/airflow_venv/lib/python3.10/site-packages/airflow/example_dags/example_latest_only.py
[2024-08-26T15:36:53.061-0700] {processor.py:914} INFO - Processing file /home/jerson/airflow_venv/lib/python3.10/site-packages/airflow/example_dags/example_latest_only.py for tasks to queue
[2024-08-26T15:36:53.063-0700] {logging_mixin.py:190} INFO - [2024-08-26T15:36:53.062-0700] {dagbag.py:587} INFO - Filling up the DagBag from /home/jerson/airflow_venv/lib/python3.10/site-packages/airflow/example_dags/example_latest_only.py
[2024-08-26T15:36:53.067-0700] {processor.py:925} INFO - DAG(s) 'latest_only' retrieved from /home/jerson/airflow_venv/lib/python3.10/site-packages/airflow/example_dags/example_latest_only.py
[2024-08-26T15:36:53.076-0700] {logging_mixin.py:190} INFO - [2024-08-26T15:36:53.076-0700] {dag.py:3211} INFO - Sync 1 DAGs
[2024-08-26T15:36:53.088-0700] {logging_mixin.py:190} INFO - [2024-08-26T15:36:53.088-0700] {dag.py:4138} INFO - Setting next_dagrun for latest_only to 2024-08-26 16:00:00+00:00, run_after=2024-08-26 20:00:00+00:00
[2024-08-26T15:36:53.105-0700] {processor.py:208} INFO - Processing /home/jerson/airflow_venv/lib/python3.10/site-packages/airflow/example_dags/example_latest_only.py took 0.048 seconds
[2024-08-26T15:38:00.619-0700] {processor.py:186} INFO - Started process (PID=13155) to work on /home/jerson/airflow_venv/lib/python3.10/site-packages/airflow/example_dags/example_latest_only.py
[2024-08-26T15:38:00.619-0700] {processor.py:914} INFO - Processing file /home/jerson/airflow_venv/lib/python3.10/site-packages/airflow/example_dags/example_latest_only.py for tasks to queue
[2024-08-26T15:38:00.621-0700] {logging_mixin.py:190} INFO - [2024-08-26T15:38:00.620-0700] {dagbag.py:587} INFO - Filling up the DagBag from /home/jerson/airflow_venv/lib/python3.10/site-packages/airflow/example_dags/example_latest_only.py
[2024-08-26T15:38:00.624-0700] {processor.py:925} INFO - DAG(s) 'latest_only' retrieved from /home/jerson/airflow_venv/lib/python3.10/site-packages/airflow/example_dags/example_latest_only.py
[2024-08-26T15:38:00.632-0700] {logging_mixin.py:190} INFO - [2024-08-26T15:38:00.632-0700] {dag.py:3211} INFO - Sync 1 DAGs
[2024-08-26T15:38:00.643-0700] {logging_mixin.py:190} INFO - [2024-08-26T15:38:00.643-0700] {dag.py:4138} INFO - Setting next_dagrun for latest_only to 2024-08-26 16:00:00+00:00, run_after=2024-08-26 20:00:00+00:00
[2024-08-26T15:38:00.659-0700] {processor.py:208} INFO - Processing /home/jerson/airflow_venv/lib/python3.10/site-packages/airflow/example_dags/example_latest_only.py took 0.044 seconds
[2024-08-26T15:39:11.531-0700] {processor.py:186} INFO - Started process (PID=13817) to work on /home/jerson/airflow_venv/lib/python3.10/site-packages/airflow/example_dags/example_latest_only.py
[2024-08-26T15:39:11.532-0700] {processor.py:914} INFO - Processing file /home/jerson/airflow_venv/lib/python3.10/site-packages/airflow/example_dags/example_latest_only.py for tasks to queue
[2024-08-26T15:39:11.534-0700] {logging_mixin.py:190} INFO - [2024-08-26T15:39:11.533-0700] {dagbag.py:587} INFO - Filling up the DagBag from /home/jerson/airflow_venv/lib/python3.10/site-packages/airflow/example_dags/example_latest_only.py
[2024-08-26T15:39:11.537-0700] {processor.py:925} INFO - DAG(s) 'latest_only' retrieved from /home/jerson/airflow_venv/lib/python3.10/site-packages/airflow/example_dags/example_latest_only.py
[2024-08-26T15:39:11.546-0700] {logging_mixin.py:190} INFO - [2024-08-26T15:39:11.546-0700] {dag.py:3211} INFO - Sync 1 DAGs
[2024-08-26T15:39:11.557-0700] {logging_mixin.py:190} INFO - [2024-08-26T15:39:11.556-0700] {dag.py:4138} INFO - Setting next_dagrun for latest_only to 2024-08-26 16:00:00+00:00, run_after=2024-08-26 20:00:00+00:00
[2024-08-26T15:39:11.572-0700] {processor.py:208} INFO - Processing /home/jerson/airflow_venv/lib/python3.10/site-packages/airflow/example_dags/example_latest_only.py took 0.044 seconds
[2024-08-26T15:40:01.622-0700] {processor.py:186} INFO - Started process (PID=14356) to work on /home/jerson/airflow_venv/lib/python3.10/site-packages/airflow/example_dags/example_latest_only.py
[2024-08-26T15:40:01.623-0700] {processor.py:914} INFO - Processing file /home/jerson/airflow_venv/lib/python3.10/site-packages/airflow/example_dags/example_latest_only.py for tasks to queue
[2024-08-26T15:40:01.625-0700] {logging_mixin.py:190} INFO - [2024-08-26T15:40:01.624-0700] {dagbag.py:587} INFO - Filling up the DagBag from /home/jerson/airflow_venv/lib/python3.10/site-packages/airflow/example_dags/example_latest_only.py
[2024-08-26T15:40:01.628-0700] {processor.py:925} INFO - DAG(s) 'latest_only' retrieved from /home/jerson/airflow_venv/lib/python3.10/site-packages/airflow/example_dags/example_latest_only.py
[2024-08-26T15:40:01.636-0700] {logging_mixin.py:190} INFO - [2024-08-26T15:40:01.636-0700] {dag.py:3211} INFO - Sync 1 DAGs
[2024-08-26T15:40:01.647-0700] {logging_mixin.py:190} INFO - [2024-08-26T15:40:01.647-0700] {dag.py:4138} INFO - Setting next_dagrun for latest_only to 2024-08-26 16:00:00+00:00, run_after=2024-08-26 20:00:00+00:00
[2024-08-26T15:40:01.663-0700] {processor.py:208} INFO - Processing /home/jerson/airflow_venv/lib/python3.10/site-packages/airflow/example_dags/example_latest_only.py took 0.044 seconds
[2024-08-26T15:40:51.708-0700] {processor.py:186} INFO - Started process (PID=14811) to work on /home/jerson/airflow_venv/lib/python3.10/site-packages/airflow/example_dags/example_latest_only.py
[2024-08-26T15:40:51.709-0700] {processor.py:914} INFO - Processing file /home/jerson/airflow_venv/lib/python3.10/site-packages/airflow/example_dags/example_latest_only.py for tasks to queue
[2024-08-26T15:40:51.711-0700] {logging_mixin.py:190} INFO - [2024-08-26T15:40:51.710-0700] {dagbag.py:587} INFO - Filling up the DagBag from /home/jerson/airflow_venv/lib/python3.10/site-packages/airflow/example_dags/example_latest_only.py
[2024-08-26T15:40:51.715-0700] {processor.py:925} INFO - DAG(s) 'latest_only' retrieved from /home/jerson/airflow_venv/lib/python3.10/site-packages/airflow/example_dags/example_latest_only.py
[2024-08-26T15:40:51.725-0700] {logging_mixin.py:190} INFO - [2024-08-26T15:40:51.724-0700] {dag.py:3211} INFO - Sync 1 DAGs
[2024-08-26T15:40:51.740-0700] {logging_mixin.py:190} INFO - [2024-08-26T15:40:51.740-0700] {dag.py:4138} INFO - Setting next_dagrun for latest_only to 2024-08-26 16:00:00+00:00, run_after=2024-08-26 20:00:00+00:00
[2024-08-26T15:40:51.759-0700] {processor.py:208} INFO - Processing /home/jerson/airflow_venv/lib/python3.10/site-packages/airflow/example_dags/example_latest_only.py took 0.054 seconds
[2024-08-26T15:42:03.680-0700] {processor.py:186} INFO - Started process (PID=15435) to work on /home/jerson/airflow_venv/lib/python3.10/site-packages/airflow/example_dags/example_latest_only.py
[2024-08-26T15:42:03.685-0700] {processor.py:914} INFO - Processing file /home/jerson/airflow_venv/lib/python3.10/site-packages/airflow/example_dags/example_latest_only.py for tasks to queue
[2024-08-26T15:42:03.687-0700] {logging_mixin.py:190} INFO - [2024-08-26T15:42:03.686-0700] {dagbag.py:587} INFO - Filling up the DagBag from /home/jerson/airflow_venv/lib/python3.10/site-packages/airflow/example_dags/example_latest_only.py
[2024-08-26T15:42:03.692-0700] {processor.py:925} INFO - DAG(s) 'latest_only' retrieved from /home/jerson/airflow_venv/lib/python3.10/site-packages/airflow/example_dags/example_latest_only.py
[2024-08-26T15:42:03.703-0700] {logging_mixin.py:190} INFO - [2024-08-26T15:42:03.703-0700] {dag.py:3211} INFO - Sync 1 DAGs
[2024-08-26T15:42:03.717-0700] {logging_mixin.py:190} INFO - [2024-08-26T15:42:03.717-0700] {dag.py:4138} INFO - Setting next_dagrun for latest_only to 2024-08-26 16:00:00+00:00, run_after=2024-08-26 20:00:00+00:00
[2024-08-26T15:42:03.735-0700] {processor.py:208} INFO - Processing /home/jerson/airflow_venv/lib/python3.10/site-packages/airflow/example_dags/example_latest_only.py took 0.060 seconds
[2024-08-26T15:42:53.732-0700] {processor.py:186} INFO - Started process (PID=15978) to work on /home/jerson/airflow_venv/lib/python3.10/site-packages/airflow/example_dags/example_latest_only.py
[2024-08-26T15:42:53.733-0700] {processor.py:914} INFO - Processing file /home/jerson/airflow_venv/lib/python3.10/site-packages/airflow/example_dags/example_latest_only.py for tasks to queue
[2024-08-26T15:42:53.734-0700] {logging_mixin.py:190} INFO - [2024-08-26T15:42:53.734-0700] {dagbag.py:587} INFO - Filling up the DagBag from /home/jerson/airflow_venv/lib/python3.10/site-packages/airflow/example_dags/example_latest_only.py
[2024-08-26T15:42:53.739-0700] {processor.py:925} INFO - DAG(s) 'latest_only' retrieved from /home/jerson/airflow_venv/lib/python3.10/site-packages/airflow/example_dags/example_latest_only.py
[2024-08-26T15:42:53.749-0700] {logging_mixin.py:190} INFO - [2024-08-26T15:42:53.749-0700] {dag.py:3211} INFO - Sync 1 DAGs
[2024-08-26T15:42:53.763-0700] {logging_mixin.py:190} INFO - [2024-08-26T15:42:53.762-0700] {dag.py:4138} INFO - Setting next_dagrun for latest_only to 2024-08-26 16:00:00+00:00, run_after=2024-08-26 20:00:00+00:00
[2024-08-26T15:42:53.781-0700] {processor.py:208} INFO - Processing /home/jerson/airflow_venv/lib/python3.10/site-packages/airflow/example_dags/example_latest_only.py took 0.053 seconds
[2024-08-26T15:43:44.857-0700] {processor.py:186} INFO - Started process (PID=16446) to work on /home/jerson/airflow_venv/lib/python3.10/site-packages/airflow/example_dags/example_latest_only.py
[2024-08-26T15:43:44.858-0700] {processor.py:914} INFO - Processing file /home/jerson/airflow_venv/lib/python3.10/site-packages/airflow/example_dags/example_latest_only.py for tasks to queue
[2024-08-26T15:43:44.859-0700] {logging_mixin.py:190} INFO - [2024-08-26T15:43:44.859-0700] {dagbag.py:587} INFO - Filling up the DagBag from /home/jerson/airflow_venv/lib/python3.10/site-packages/airflow/example_dags/example_latest_only.py
[2024-08-26T15:43:44.864-0700] {processor.py:925} INFO - DAG(s) 'latest_only' retrieved from /home/jerson/airflow_venv/lib/python3.10/site-packages/airflow/example_dags/example_latest_only.py
[2024-08-26T15:43:44.874-0700] {logging_mixin.py:190} INFO - [2024-08-26T15:43:44.874-0700] {dag.py:3211} INFO - Sync 1 DAGs
[2024-08-26T15:43:44.887-0700] {logging_mixin.py:190} INFO - [2024-08-26T15:43:44.886-0700] {dag.py:4138} INFO - Setting next_dagrun for latest_only to 2024-08-26 16:00:00+00:00, run_after=2024-08-26 20:00:00+00:00
[2024-08-26T15:43:44.903-0700] {processor.py:208} INFO - Processing /home/jerson/airflow_venv/lib/python3.10/site-packages/airflow/example_dags/example_latest_only.py took 0.049 seconds
[2024-08-26T15:44:55.237-0700] {processor.py:186} INFO - Started process (PID=17013) to work on /home/jerson/airflow_venv/lib/python3.10/site-packages/airflow/example_dags/example_latest_only.py
[2024-08-26T15:44:55.238-0700] {processor.py:914} INFO - Processing file /home/jerson/airflow_venv/lib/python3.10/site-packages/airflow/example_dags/example_latest_only.py for tasks to queue
[2024-08-26T15:44:55.240-0700] {logging_mixin.py:190} INFO - [2024-08-26T15:44:55.240-0700] {dagbag.py:587} INFO - Filling up the DagBag from /home/jerson/airflow_venv/lib/python3.10/site-packages/airflow/example_dags/example_latest_only.py
[2024-08-26T15:44:55.244-0700] {processor.py:925} INFO - DAG(s) 'latest_only' retrieved from /home/jerson/airflow_venv/lib/python3.10/site-packages/airflow/example_dags/example_latest_only.py
[2024-08-26T15:44:55.254-0700] {logging_mixin.py:190} INFO - [2024-08-26T15:44:55.254-0700] {dag.py:3211} INFO - Sync 1 DAGs
[2024-08-26T15:44:55.269-0700] {logging_mixin.py:190} INFO - [2024-08-26T15:44:55.269-0700] {dag.py:4138} INFO - Setting next_dagrun for latest_only to 2024-08-26 16:00:00+00:00, run_after=2024-08-26 20:00:00+00:00
[2024-08-26T15:44:55.287-0700] {processor.py:208} INFO - Processing /home/jerson/airflow_venv/lib/python3.10/site-packages/airflow/example_dags/example_latest_only.py took 0.054 seconds
[2024-08-26T15:45:45.370-0700] {processor.py:186} INFO - Started process (PID=17429) to work on /home/jerson/airflow_venv/lib/python3.10/site-packages/airflow/example_dags/example_latest_only.py
[2024-08-26T15:45:45.371-0700] {processor.py:914} INFO - Processing file /home/jerson/airflow_venv/lib/python3.10/site-packages/airflow/example_dags/example_latest_only.py for tasks to queue
[2024-08-26T15:45:45.372-0700] {logging_mixin.py:190} INFO - [2024-08-26T15:45:45.371-0700] {dagbag.py:587} INFO - Filling up the DagBag from /home/jerson/airflow_venv/lib/python3.10/site-packages/airflow/example_dags/example_latest_only.py
[2024-08-26T15:45:45.376-0700] {processor.py:925} INFO - DAG(s) 'latest_only' retrieved from /home/jerson/airflow_venv/lib/python3.10/site-packages/airflow/example_dags/example_latest_only.py
[2024-08-26T15:45:45.384-0700] {logging_mixin.py:190} INFO - [2024-08-26T15:45:45.384-0700] {dag.py:3211} INFO - Sync 1 DAGs
[2024-08-26T15:45:45.394-0700] {logging_mixin.py:190} INFO - [2024-08-26T15:45:45.394-0700] {dag.py:4138} INFO - Setting next_dagrun for latest_only to 2024-08-26 16:00:00+00:00, run_after=2024-08-26 20:00:00+00:00
[2024-08-26T15:45:45.415-0700] {processor.py:208} INFO - Processing /home/jerson/airflow_venv/lib/python3.10/site-packages/airflow/example_dags/example_latest_only.py took 0.048 seconds
[2024-08-26T15:46:37.154-0700] {processor.py:186} INFO - Started process (PID=17937) to work on /home/jerson/airflow_venv/lib/python3.10/site-packages/airflow/example_dags/example_latest_only.py
[2024-08-26T15:46:37.155-0700] {processor.py:914} INFO - Processing file /home/jerson/airflow_venv/lib/python3.10/site-packages/airflow/example_dags/example_latest_only.py for tasks to queue
[2024-08-26T15:46:37.155-0700] {logging_mixin.py:190} INFO - [2024-08-26T15:46:37.155-0700] {dagbag.py:587} INFO - Filling up the DagBag from /home/jerson/airflow_venv/lib/python3.10/site-packages/airflow/example_dags/example_latest_only.py
[2024-08-26T15:46:37.160-0700] {processor.py:925} INFO - DAG(s) 'latest_only' retrieved from /home/jerson/airflow_venv/lib/python3.10/site-packages/airflow/example_dags/example_latest_only.py
[2024-08-26T15:46:37.171-0700] {logging_mixin.py:190} INFO - [2024-08-26T15:46:37.171-0700] {dag.py:3211} INFO - Sync 1 DAGs
[2024-08-26T15:46:37.184-0700] {logging_mixin.py:190} INFO - [2024-08-26T15:46:37.184-0700] {dag.py:4138} INFO - Setting next_dagrun for latest_only to 2024-08-26 16:00:00+00:00, run_after=2024-08-26 20:00:00+00:00
[2024-08-26T15:46:37.199-0700] {processor.py:208} INFO - Processing /home/jerson/airflow_venv/lib/python3.10/site-packages/airflow/example_dags/example_latest_only.py took 0.051 seconds
[2024-08-26T15:47:28.907-0700] {processor.py:186} INFO - Started process (PID=18370) to work on /home/jerson/airflow_venv/lib/python3.10/site-packages/airflow/example_dags/example_latest_only.py
[2024-08-26T15:47:28.908-0700] {processor.py:914} INFO - Processing file /home/jerson/airflow_venv/lib/python3.10/site-packages/airflow/example_dags/example_latest_only.py for tasks to queue
[2024-08-26T15:47:28.909-0700] {logging_mixin.py:190} INFO - [2024-08-26T15:47:28.909-0700] {dagbag.py:587} INFO - Filling up the DagBag from /home/jerson/airflow_venv/lib/python3.10/site-packages/airflow/example_dags/example_latest_only.py
[2024-08-26T15:47:28.913-0700] {processor.py:925} INFO - DAG(s) 'latest_only' retrieved from /home/jerson/airflow_venv/lib/python3.10/site-packages/airflow/example_dags/example_latest_only.py
[2024-08-26T15:47:28.921-0700] {logging_mixin.py:190} INFO - [2024-08-26T15:47:28.921-0700] {dag.py:3211} INFO - Sync 1 DAGs
[2024-08-26T15:47:28.932-0700] {logging_mixin.py:190} INFO - [2024-08-26T15:47:28.932-0700] {dag.py:4138} INFO - Setting next_dagrun for latest_only to 2024-08-26 16:00:00+00:00, run_after=2024-08-26 20:00:00+00:00
[2024-08-26T15:47:28.949-0700] {processor.py:208} INFO - Processing /home/jerson/airflow_venv/lib/python3.10/site-packages/airflow/example_dags/example_latest_only.py took 0.046 seconds
[2024-08-26T15:48:19.410-0700] {processor.py:186} INFO - Started process (PID=18831) to work on /home/jerson/airflow_venv/lib/python3.10/site-packages/airflow/example_dags/example_latest_only.py
[2024-08-26T15:48:19.411-0700] {processor.py:914} INFO - Processing file /home/jerson/airflow_venv/lib/python3.10/site-packages/airflow/example_dags/example_latest_only.py for tasks to queue
[2024-08-26T15:48:19.412-0700] {logging_mixin.py:190} INFO - [2024-08-26T15:48:19.412-0700] {dagbag.py:587} INFO - Filling up the DagBag from /home/jerson/airflow_venv/lib/python3.10/site-packages/airflow/example_dags/example_latest_only.py
[2024-08-26T15:48:19.416-0700] {processor.py:925} INFO - DAG(s) 'latest_only' retrieved from /home/jerson/airflow_venv/lib/python3.10/site-packages/airflow/example_dags/example_latest_only.py
[2024-08-26T15:48:19.425-0700] {logging_mixin.py:190} INFO - [2024-08-26T15:48:19.424-0700] {dag.py:3211} INFO - Sync 1 DAGs
[2024-08-26T15:48:19.435-0700] {logging_mixin.py:190} INFO - [2024-08-26T15:48:19.435-0700] {dag.py:4138} INFO - Setting next_dagrun for latest_only to 2024-08-26 16:00:00+00:00, run_after=2024-08-26 20:00:00+00:00
[2024-08-26T15:48:19.451-0700] {processor.py:208} INFO - Processing /home/jerson/airflow_venv/lib/python3.10/site-packages/airflow/example_dags/example_latest_only.py took 0.045 seconds
[2024-08-26T15:49:32.573-0700] {processor.py:186} INFO - Started process (PID=19805) to work on /home/jerson/airflow_venv/lib/python3.10/site-packages/airflow/example_dags/example_latest_only.py
[2024-08-26T15:49:32.574-0700] {processor.py:914} INFO - Processing file /home/jerson/airflow_venv/lib/python3.10/site-packages/airflow/example_dags/example_latest_only.py for tasks to queue
[2024-08-26T15:49:32.575-0700] {logging_mixin.py:190} INFO - [2024-08-26T15:49:32.575-0700] {dagbag.py:587} INFO - Filling up the DagBag from /home/jerson/airflow_venv/lib/python3.10/site-packages/airflow/example_dags/example_latest_only.py
[2024-08-26T15:49:32.579-0700] {processor.py:925} INFO - DAG(s) 'latest_only' retrieved from /home/jerson/airflow_venv/lib/python3.10/site-packages/airflow/example_dags/example_latest_only.py
[2024-08-26T15:49:32.587-0700] {logging_mixin.py:190} INFO - [2024-08-26T15:49:32.587-0700] {dag.py:3211} INFO - Sync 1 DAGs
[2024-08-26T15:49:32.598-0700] {logging_mixin.py:190} INFO - [2024-08-26T15:49:32.598-0700] {dag.py:4138} INFO - Setting next_dagrun for latest_only to 2024-08-26 16:00:00+00:00, run_after=2024-08-26 20:00:00+00:00
[2024-08-26T15:49:32.614-0700] {processor.py:208} INFO - Processing /home/jerson/airflow_venv/lib/python3.10/site-packages/airflow/example_dags/example_latest_only.py took 0.045 seconds
[2024-08-26T15:50:21.385-0700] {processor.py:186} INFO - Started process (PID=20394) to work on /home/jerson/airflow_venv/lib/python3.10/site-packages/airflow/example_dags/example_latest_only.py
[2024-08-26T15:50:21.386-0700] {processor.py:914} INFO - Processing file /home/jerson/airflow_venv/lib/python3.10/site-packages/airflow/example_dags/example_latest_only.py for tasks to queue
[2024-08-26T15:50:21.387-0700] {logging_mixin.py:190} INFO - [2024-08-26T15:50:21.387-0700] {dagbag.py:587} INFO - Filling up the DagBag from /home/jerson/airflow_venv/lib/python3.10/site-packages/airflow/example_dags/example_latest_only.py
[2024-08-26T15:50:21.391-0700] {processor.py:925} INFO - DAG(s) 'latest_only' retrieved from /home/jerson/airflow_venv/lib/python3.10/site-packages/airflow/example_dags/example_latest_only.py
[2024-08-26T15:50:21.399-0700] {logging_mixin.py:190} INFO - [2024-08-26T15:50:21.399-0700] {dag.py:3211} INFO - Sync 1 DAGs
[2024-08-26T15:50:21.410-0700] {logging_mixin.py:190} INFO - [2024-08-26T15:50:21.410-0700] {dag.py:4138} INFO - Setting next_dagrun for latest_only to 2024-08-26 16:00:00+00:00, run_after=2024-08-26 20:00:00+00:00
[2024-08-26T15:50:21.425-0700] {processor.py:208} INFO - Processing /home/jerson/airflow_venv/lib/python3.10/site-packages/airflow/example_dags/example_latest_only.py took 0.044 seconds
[2024-08-26T15:50:38.433-0700] {processor.py:186} INFO - Started process (PID=20589) to work on /home/jerson/airflow_venv/lib/python3.10/site-packages/airflow/example_dags/example_latest_only.py
[2024-08-26T15:50:38.433-0700] {processor.py:914} INFO - Processing file /home/jerson/airflow_venv/lib/python3.10/site-packages/airflow/example_dags/example_latest_only.py for tasks to queue
[2024-08-26T15:50:38.434-0700] {logging_mixin.py:190} INFO - [2024-08-26T15:50:38.434-0700] {dagbag.py:587} INFO - Filling up the DagBag from /home/jerson/airflow_venv/lib/python3.10/site-packages/airflow/example_dags/example_latest_only.py
[2024-08-26T15:50:38.438-0700] {processor.py:925} INFO - DAG(s) 'latest_only' retrieved from /home/jerson/airflow_venv/lib/python3.10/site-packages/airflow/example_dags/example_latest_only.py
[2024-08-26T15:50:38.447-0700] {logging_mixin.py:190} INFO - [2024-08-26T15:50:38.447-0700] {dag.py:3211} INFO - Sync 1 DAGs
[2024-08-26T15:50:38.458-0700] {logging_mixin.py:190} INFO - [2024-08-26T15:50:38.458-0700] {dag.py:4138} INFO - Setting next_dagrun for latest_only to 2024-08-26 16:00:00+00:00, run_after=2024-08-26 20:00:00+00:00
[2024-08-26T15:50:38.474-0700] {processor.py:208} INFO - Processing /home/jerson/airflow_venv/lib/python3.10/site-packages/airflow/example_dags/example_latest_only.py took 0.045 seconds
[2024-08-26T15:51:33.642-0700] {processor.py:186} INFO - Started process (PID=21236) to work on /home/jerson/airflow_venv/lib/python3.10/site-packages/airflow/example_dags/example_latest_only.py
[2024-08-26T15:51:33.643-0700] {processor.py:914} INFO - Processing file /home/jerson/airflow_venv/lib/python3.10/site-packages/airflow/example_dags/example_latest_only.py for tasks to queue
[2024-08-26T15:51:33.645-0700] {logging_mixin.py:190} INFO - [2024-08-26T15:51:33.645-0700] {dagbag.py:587} INFO - Filling up the DagBag from /home/jerson/airflow_venv/lib/python3.10/site-packages/airflow/example_dags/example_latest_only.py
[2024-08-26T15:51:33.649-0700] {processor.py:925} INFO - DAG(s) 'latest_only' retrieved from /home/jerson/airflow_venv/lib/python3.10/site-packages/airflow/example_dags/example_latest_only.py
[2024-08-26T15:51:33.660-0700] {logging_mixin.py:190} INFO - [2024-08-26T15:51:33.659-0700] {dag.py:3211} INFO - Sync 1 DAGs
[2024-08-26T15:51:33.671-0700] {logging_mixin.py:190} INFO - [2024-08-26T15:51:33.671-0700] {dag.py:4138} INFO - Setting next_dagrun for latest_only to 2024-08-26 16:00:00+00:00, run_after=2024-08-26 20:00:00+00:00
[2024-08-26T15:51:33.688-0700] {processor.py:208} INFO - Processing /home/jerson/airflow_venv/lib/python3.10/site-packages/airflow/example_dags/example_latest_only.py took 0.049 seconds
[2024-08-26T15:51:34.263-0700] {processor.py:186} INFO - Started process (PID=21239) to work on /home/jerson/airflow_venv/lib/python3.10/site-packages/airflow/example_dags/example_latest_only.py
[2024-08-26T15:51:34.263-0700] {processor.py:914} INFO - Processing file /home/jerson/airflow_venv/lib/python3.10/site-packages/airflow/example_dags/example_latest_only.py for tasks to queue
[2024-08-26T15:51:34.264-0700] {logging_mixin.py:190} INFO - [2024-08-26T15:51:34.264-0700] {dagbag.py:587} INFO - Filling up the DagBag from /home/jerson/airflow_venv/lib/python3.10/site-packages/airflow/example_dags/example_latest_only.py
[2024-08-26T15:51:34.268-0700] {processor.py:925} INFO - DAG(s) 'latest_only' retrieved from /home/jerson/airflow_venv/lib/python3.10/site-packages/airflow/example_dags/example_latest_only.py
[2024-08-26T15:51:34.277-0700] {logging_mixin.py:190} INFO - [2024-08-26T15:51:34.277-0700] {dag.py:3211} INFO - Sync 1 DAGs
[2024-08-26T15:51:34.289-0700] {logging_mixin.py:190} INFO - [2024-08-26T15:51:34.289-0700] {dag.py:4138} INFO - Setting next_dagrun for latest_only to 2024-08-26 16:00:00+00:00, run_after=2024-08-26 20:00:00+00:00
[2024-08-26T15:51:34.305-0700] {processor.py:208} INFO - Processing /home/jerson/airflow_venv/lib/python3.10/site-packages/airflow/example_dags/example_latest_only.py took 0.047 seconds
[2024-08-26T15:52:26.317-0700] {processor.py:186} INFO - Started process (PID=21753) to work on /home/jerson/airflow_venv/lib/python3.10/site-packages/airflow/example_dags/example_latest_only.py
[2024-08-26T15:52:26.318-0700] {processor.py:914} INFO - Processing file /home/jerson/airflow_venv/lib/python3.10/site-packages/airflow/example_dags/example_latest_only.py for tasks to queue
[2024-08-26T15:52:26.320-0700] {logging_mixin.py:190} INFO - [2024-08-26T15:52:26.319-0700] {dagbag.py:587} INFO - Filling up the DagBag from /home/jerson/airflow_venv/lib/python3.10/site-packages/airflow/example_dags/example_latest_only.py
[2024-08-26T15:52:26.324-0700] {processor.py:925} INFO - DAG(s) 'latest_only' retrieved from /home/jerson/airflow_venv/lib/python3.10/site-packages/airflow/example_dags/example_latest_only.py
[2024-08-26T15:52:26.333-0700] {logging_mixin.py:190} INFO - [2024-08-26T15:52:26.333-0700] {dag.py:3211} INFO - Sync 1 DAGs
[2024-08-26T15:52:26.346-0700] {logging_mixin.py:190} INFO - [2024-08-26T15:52:26.346-0700] {dag.py:4138} INFO - Setting next_dagrun for latest_only to 2024-08-26 16:00:00+00:00, run_after=2024-08-26 20:00:00+00:00
[2024-08-26T15:52:26.362-0700] {processor.py:208} INFO - Processing /home/jerson/airflow_venv/lib/python3.10/site-packages/airflow/example_dags/example_latest_only.py took 0.048 seconds
[2024-08-26T15:53:17.603-0700] {processor.py:186} INFO - Started process (PID=22230) to work on /home/jerson/airflow_venv/lib/python3.10/site-packages/airflow/example_dags/example_latest_only.py
[2024-08-26T15:53:17.604-0700] {processor.py:914} INFO - Processing file /home/jerson/airflow_venv/lib/python3.10/site-packages/airflow/example_dags/example_latest_only.py for tasks to queue
[2024-08-26T15:53:17.605-0700] {logging_mixin.py:190} INFO - [2024-08-26T15:53:17.605-0700] {dagbag.py:587} INFO - Filling up the DagBag from /home/jerson/airflow_venv/lib/python3.10/site-packages/airflow/example_dags/example_latest_only.py
[2024-08-26T15:53:17.608-0700] {processor.py:925} INFO - DAG(s) 'latest_only' retrieved from /home/jerson/airflow_venv/lib/python3.10/site-packages/airflow/example_dags/example_latest_only.py
[2024-08-26T15:53:17.617-0700] {logging_mixin.py:190} INFO - [2024-08-26T15:53:17.617-0700] {dag.py:3211} INFO - Sync 1 DAGs
[2024-08-26T15:53:17.631-0700] {logging_mixin.py:190} INFO - [2024-08-26T15:53:17.630-0700] {dag.py:4138} INFO - Setting next_dagrun for latest_only to 2024-08-26 16:00:00+00:00, run_after=2024-08-26 20:00:00+00:00
[2024-08-26T15:53:17.647-0700] {processor.py:208} INFO - Processing /home/jerson/airflow_venv/lib/python3.10/site-packages/airflow/example_dags/example_latest_only.py took 0.048 seconds
[2024-08-26T15:55:45.048-0700] {processor.py:186} INFO - Started process (PID=23585) to work on /home/jerson/airflow_venv/lib/python3.10/site-packages/airflow/example_dags/example_latest_only.py
[2024-08-26T15:55:45.048-0700] {processor.py:914} INFO - Processing file /home/jerson/airflow_venv/lib/python3.10/site-packages/airflow/example_dags/example_latest_only.py for tasks to queue
[2024-08-26T15:55:45.050-0700] {logging_mixin.py:190} INFO - [2024-08-26T15:55:45.050-0700] {dagbag.py:587} INFO - Filling up the DagBag from /home/jerson/airflow_venv/lib/python3.10/site-packages/airflow/example_dags/example_latest_only.py
[2024-08-26T15:55:45.054-0700] {processor.py:925} INFO - DAG(s) 'latest_only' retrieved from /home/jerson/airflow_venv/lib/python3.10/site-packages/airflow/example_dags/example_latest_only.py
[2024-08-26T15:55:45.063-0700] {logging_mixin.py:190} INFO - [2024-08-26T15:55:45.063-0700] {dag.py:3211} INFO - Sync 1 DAGs
[2024-08-26T15:55:45.074-0700] {logging_mixin.py:190} INFO - [2024-08-26T15:55:45.074-0700] {dag.py:4138} INFO - Setting next_dagrun for latest_only to 2024-08-26 16:00:00+00:00, run_after=2024-08-26 20:00:00+00:00
[2024-08-26T15:55:45.090-0700] {processor.py:208} INFO - Processing /home/jerson/airflow_venv/lib/python3.10/site-packages/airflow/example_dags/example_latest_only.py took 0.046 seconds
[2024-08-26T15:56:40.232-0700] {processor.py:186} INFO - Started process (PID=24263) to work on /home/jerson/airflow_venv/lib/python3.10/site-packages/airflow/example_dags/example_latest_only.py
[2024-08-26T15:56:40.234-0700] {processor.py:914} INFO - Processing file /home/jerson/airflow_venv/lib/python3.10/site-packages/airflow/example_dags/example_latest_only.py for tasks to queue
[2024-08-26T15:56:40.236-0700] {logging_mixin.py:190} INFO - [2024-08-26T15:56:40.236-0700] {dagbag.py:587} INFO - Filling up the DagBag from /home/jerson/airflow_venv/lib/python3.10/site-packages/airflow/example_dags/example_latest_only.py
[2024-08-26T15:56:40.242-0700] {processor.py:925} INFO - DAG(s) 'latest_only' retrieved from /home/jerson/airflow_venv/lib/python3.10/site-packages/airflow/example_dags/example_latest_only.py
[2024-08-26T15:56:40.254-0700] {logging_mixin.py:190} INFO - [2024-08-26T15:56:40.254-0700] {dag.py:3211} INFO - Sync 1 DAGs
[2024-08-26T15:56:40.269-0700] {logging_mixin.py:190} INFO - [2024-08-26T15:56:40.269-0700] {dag.py:4138} INFO - Setting next_dagrun for latest_only to 2024-08-26 16:00:00+00:00, run_after=2024-08-26 20:00:00+00:00
[2024-08-26T15:56:40.287-0700] {processor.py:208} INFO - Processing /home/jerson/airflow_venv/lib/python3.10/site-packages/airflow/example_dags/example_latest_only.py took 0.061 seconds
[2024-08-26T15:57:40.311-0700] {processor.py:186} INFO - Started process (PID=25057) to work on /home/jerson/airflow_venv/lib/python3.10/site-packages/airflow/example_dags/example_latest_only.py
[2024-08-26T15:57:40.312-0700] {processor.py:914} INFO - Processing file /home/jerson/airflow_venv/lib/python3.10/site-packages/airflow/example_dags/example_latest_only.py for tasks to queue
[2024-08-26T15:57:40.313-0700] {logging_mixin.py:190} INFO - [2024-08-26T15:57:40.313-0700] {dagbag.py:587} INFO - Filling up the DagBag from /home/jerson/airflow_venv/lib/python3.10/site-packages/airflow/example_dags/example_latest_only.py
[2024-08-26T15:57:40.317-0700] {processor.py:925} INFO - DAG(s) 'latest_only' retrieved from /home/jerson/airflow_venv/lib/python3.10/site-packages/airflow/example_dags/example_latest_only.py
[2024-08-26T15:57:40.325-0700] {logging_mixin.py:190} INFO - [2024-08-26T15:57:40.325-0700] {dag.py:3211} INFO - Sync 1 DAGs
[2024-08-26T15:57:40.336-0700] {logging_mixin.py:190} INFO - [2024-08-26T15:57:40.336-0700] {dag.py:4138} INFO - Setting next_dagrun for latest_only to 2024-08-26 16:00:00+00:00, run_after=2024-08-26 20:00:00+00:00
[2024-08-26T15:57:40.351-0700] {processor.py:208} INFO - Processing /home/jerson/airflow_venv/lib/python3.10/site-packages/airflow/example_dags/example_latest_only.py took 0.044 seconds
[2024-08-26T15:58:35.932-0700] {processor.py:186} INFO - Started process (PID=25496) to work on /home/jerson/airflow_venv/lib/python3.10/site-packages/airflow/example_dags/example_latest_only.py
[2024-08-26T15:58:35.933-0700] {processor.py:914} INFO - Processing file /home/jerson/airflow_venv/lib/python3.10/site-packages/airflow/example_dags/example_latest_only.py for tasks to queue
[2024-08-26T15:58:35.935-0700] {logging_mixin.py:190} INFO - [2024-08-26T15:58:35.934-0700] {dagbag.py:587} INFO - Filling up the DagBag from /home/jerson/airflow_venv/lib/python3.10/site-packages/airflow/example_dags/example_latest_only.py
[2024-08-26T15:58:35.938-0700] {processor.py:925} INFO - DAG(s) 'latest_only' retrieved from /home/jerson/airflow_venv/lib/python3.10/site-packages/airflow/example_dags/example_latest_only.py
[2024-08-26T15:58:35.947-0700] {logging_mixin.py:190} INFO - [2024-08-26T15:58:35.947-0700] {dag.py:3211} INFO - Sync 1 DAGs
[2024-08-26T15:58:35.958-0700] {logging_mixin.py:190} INFO - [2024-08-26T15:58:35.958-0700] {dag.py:4138} INFO - Setting next_dagrun for latest_only to 2024-08-26 16:00:00+00:00, run_after=2024-08-26 20:00:00+00:00
[2024-08-26T15:58:35.972-0700] {processor.py:208} INFO - Processing /home/jerson/airflow_venv/lib/python3.10/site-packages/airflow/example_dags/example_latest_only.py took 0.043 seconds
[2024-08-26T15:59:24.602-0700] {processor.py:186} INFO - Started process (PID=25886) to work on /home/jerson/airflow_venv/lib/python3.10/site-packages/airflow/example_dags/example_latest_only.py
[2024-08-26T15:59:24.603-0700] {processor.py:914} INFO - Processing file /home/jerson/airflow_venv/lib/python3.10/site-packages/airflow/example_dags/example_latest_only.py for tasks to queue
[2024-08-26T15:59:24.604-0700] {logging_mixin.py:190} INFO - [2024-08-26T15:59:24.604-0700] {dagbag.py:587} INFO - Filling up the DagBag from /home/jerson/airflow_venv/lib/python3.10/site-packages/airflow/example_dags/example_latest_only.py
[2024-08-26T15:59:24.607-0700] {processor.py:925} INFO - DAG(s) 'latest_only' retrieved from /home/jerson/airflow_venv/lib/python3.10/site-packages/airflow/example_dags/example_latest_only.py
[2024-08-26T15:59:24.617-0700] {logging_mixin.py:190} INFO - [2024-08-26T15:59:24.616-0700] {dag.py:3211} INFO - Sync 1 DAGs
[2024-08-26T15:59:24.627-0700] {logging_mixin.py:190} INFO - [2024-08-26T15:59:24.627-0700] {dag.py:4138} INFO - Setting next_dagrun for latest_only to 2024-08-26 16:00:00+00:00, run_after=2024-08-26 20:00:00+00:00
[2024-08-26T15:59:24.642-0700] {processor.py:208} INFO - Processing /home/jerson/airflow_venv/lib/python3.10/site-packages/airflow/example_dags/example_latest_only.py took 0.043 seconds
[2024-08-26T16:00:14.121-0700] {processor.py:186} INFO - Started process (PID=26307) to work on /home/jerson/airflow_venv/lib/python3.10/site-packages/airflow/example_dags/example_latest_only.py
[2024-08-26T16:00:14.122-0700] {processor.py:914} INFO - Processing file /home/jerson/airflow_venv/lib/python3.10/site-packages/airflow/example_dags/example_latest_only.py for tasks to queue
[2024-08-26T16:00:14.123-0700] {logging_mixin.py:190} INFO - [2024-08-26T16:00:14.123-0700] {dagbag.py:587} INFO - Filling up the DagBag from /home/jerson/airflow_venv/lib/python3.10/site-packages/airflow/example_dags/example_latest_only.py
[2024-08-26T16:00:14.127-0700] {processor.py:925} INFO - DAG(s) 'latest_only' retrieved from /home/jerson/airflow_venv/lib/python3.10/site-packages/airflow/example_dags/example_latest_only.py
[2024-08-26T16:00:14.135-0700] {logging_mixin.py:190} INFO - [2024-08-26T16:00:14.135-0700] {dag.py:3211} INFO - Sync 1 DAGs
[2024-08-26T16:00:14.146-0700] {logging_mixin.py:190} INFO - [2024-08-26T16:00:14.146-0700] {dag.py:4138} INFO - Setting next_dagrun for latest_only to 2024-08-26 16:00:00+00:00, run_after=2024-08-26 20:00:00+00:00
[2024-08-26T16:00:14.161-0700] {processor.py:208} INFO - Processing /home/jerson/airflow_venv/lib/python3.10/site-packages/airflow/example_dags/example_latest_only.py took 0.043 seconds
[2024-08-26T16:01:23.750-0700] {processor.py:186} INFO - Started process (PID=26867) to work on /home/jerson/airflow_venv/lib/python3.10/site-packages/airflow/example_dags/example_latest_only.py
[2024-08-26T16:01:23.751-0700] {processor.py:914} INFO - Processing file /home/jerson/airflow_venv/lib/python3.10/site-packages/airflow/example_dags/example_latest_only.py for tasks to queue
[2024-08-26T16:01:23.752-0700] {logging_mixin.py:190} INFO - [2024-08-26T16:01:23.752-0700] {dagbag.py:587} INFO - Filling up the DagBag from /home/jerson/airflow_venv/lib/python3.10/site-packages/airflow/example_dags/example_latest_only.py
[2024-08-26T16:01:23.756-0700] {processor.py:925} INFO - DAG(s) 'latest_only' retrieved from /home/jerson/airflow_venv/lib/python3.10/site-packages/airflow/example_dags/example_latest_only.py
[2024-08-26T16:01:23.765-0700] {logging_mixin.py:190} INFO - [2024-08-26T16:01:23.765-0700] {dag.py:3211} INFO - Sync 1 DAGs
[2024-08-26T16:01:23.776-0700] {logging_mixin.py:190} INFO - [2024-08-26T16:01:23.776-0700] {dag.py:4138} INFO - Setting next_dagrun for latest_only to 2024-08-26 16:00:00+00:00, run_after=2024-08-26 20:00:00+00:00
[2024-08-26T16:01:23.791-0700] {processor.py:208} INFO - Processing /home/jerson/airflow_venv/lib/python3.10/site-packages/airflow/example_dags/example_latest_only.py took 0.044 seconds
[2024-08-26T16:02:36.920-0700] {processor.py:186} INFO - Started process (PID=27448) to work on /home/jerson/airflow_venv/lib/python3.10/site-packages/airflow/example_dags/example_latest_only.py
[2024-08-26T16:02:36.921-0700] {processor.py:914} INFO - Processing file /home/jerson/airflow_venv/lib/python3.10/site-packages/airflow/example_dags/example_latest_only.py for tasks to queue
[2024-08-26T16:02:36.922-0700] {logging_mixin.py:190} INFO - [2024-08-26T16:02:36.922-0700] {dagbag.py:587} INFO - Filling up the DagBag from /home/jerson/airflow_venv/lib/python3.10/site-packages/airflow/example_dags/example_latest_only.py
[2024-08-26T16:02:36.926-0700] {processor.py:925} INFO - DAG(s) 'latest_only' retrieved from /home/jerson/airflow_venv/lib/python3.10/site-packages/airflow/example_dags/example_latest_only.py
[2024-08-26T16:02:36.934-0700] {logging_mixin.py:190} INFO - [2024-08-26T16:02:36.934-0700] {dag.py:3211} INFO - Sync 1 DAGs
[2024-08-26T16:02:36.945-0700] {logging_mixin.py:190} INFO - [2024-08-26T16:02:36.945-0700] {dag.py:4138} INFO - Setting next_dagrun for latest_only to 2024-08-26 16:00:00+00:00, run_after=2024-08-26 20:00:00+00:00
[2024-08-26T16:02:36.960-0700] {processor.py:208} INFO - Processing /home/jerson/airflow_venv/lib/python3.10/site-packages/airflow/example_dags/example_latest_only.py took 0.043 seconds
[2024-08-26T16:03:26.439-0700] {processor.py:186} INFO - Started process (PID=27840) to work on /home/jerson/airflow_venv/lib/python3.10/site-packages/airflow/example_dags/example_latest_only.py
[2024-08-26T16:03:26.440-0700] {processor.py:914} INFO - Processing file /home/jerson/airflow_venv/lib/python3.10/site-packages/airflow/example_dags/example_latest_only.py for tasks to queue
[2024-08-26T16:03:26.441-0700] {logging_mixin.py:190} INFO - [2024-08-26T16:03:26.441-0700] {dagbag.py:587} INFO - Filling up the DagBag from /home/jerson/airflow_venv/lib/python3.10/site-packages/airflow/example_dags/example_latest_only.py
[2024-08-26T16:03:26.445-0700] {processor.py:925} INFO - DAG(s) 'latest_only' retrieved from /home/jerson/airflow_venv/lib/python3.10/site-packages/airflow/example_dags/example_latest_only.py
[2024-08-26T16:03:26.454-0700] {logging_mixin.py:190} INFO - [2024-08-26T16:03:26.454-0700] {dag.py:3211} INFO - Sync 1 DAGs
[2024-08-26T16:03:26.466-0700] {logging_mixin.py:190} INFO - [2024-08-26T16:03:26.465-0700] {dag.py:4138} INFO - Setting next_dagrun for latest_only to 2024-08-26 16:00:00+00:00, run_after=2024-08-26 20:00:00+00:00
[2024-08-26T16:03:26.480-0700] {processor.py:208} INFO - Processing /home/jerson/airflow_venv/lib/python3.10/site-packages/airflow/example_dags/example_latest_only.py took 0.044 seconds
[2024-08-26T16:04:16.993-0700] {processor.py:186} INFO - Started process (PID=28243) to work on /home/jerson/airflow_venv/lib/python3.10/site-packages/airflow/example_dags/example_latest_only.py
[2024-08-26T16:04:16.994-0700] {processor.py:914} INFO - Processing file /home/jerson/airflow_venv/lib/python3.10/site-packages/airflow/example_dags/example_latest_only.py for tasks to queue
[2024-08-26T16:04:16.995-0700] {logging_mixin.py:190} INFO - [2024-08-26T16:04:16.995-0700] {dagbag.py:587} INFO - Filling up the DagBag from /home/jerson/airflow_venv/lib/python3.10/site-packages/airflow/example_dags/example_latest_only.py
[2024-08-26T16:04:16.999-0700] {processor.py:925} INFO - DAG(s) 'latest_only' retrieved from /home/jerson/airflow_venv/lib/python3.10/site-packages/airflow/example_dags/example_latest_only.py
[2024-08-26T16:04:17.007-0700] {logging_mixin.py:190} INFO - [2024-08-26T16:04:17.006-0700] {dag.py:3211} INFO - Sync 1 DAGs
[2024-08-26T16:04:17.018-0700] {logging_mixin.py:190} INFO - [2024-08-26T16:04:17.018-0700] {dag.py:4138} INFO - Setting next_dagrun for latest_only to 2024-08-26 16:00:00+00:00, run_after=2024-08-26 20:00:00+00:00
[2024-08-26T16:04:17.045-0700] {processor.py:208} INFO - Processing /home/jerson/airflow_venv/lib/python3.10/site-packages/airflow/example_dags/example_latest_only.py took 0.055 seconds
[2024-08-26T16:05:07.512-0700] {processor.py:186} INFO - Started process (PID=28648) to work on /home/jerson/airflow_venv/lib/python3.10/site-packages/airflow/example_dags/example_latest_only.py
[2024-08-26T16:05:07.513-0700] {processor.py:914} INFO - Processing file /home/jerson/airflow_venv/lib/python3.10/site-packages/airflow/example_dags/example_latest_only.py for tasks to queue
[2024-08-26T16:05:07.514-0700] {logging_mixin.py:190} INFO - [2024-08-26T16:05:07.514-0700] {dagbag.py:587} INFO - Filling up the DagBag from /home/jerson/airflow_venv/lib/python3.10/site-packages/airflow/example_dags/example_latest_only.py
[2024-08-26T16:05:07.518-0700] {processor.py:925} INFO - DAG(s) 'latest_only' retrieved from /home/jerson/airflow_venv/lib/python3.10/site-packages/airflow/example_dags/example_latest_only.py
[2024-08-26T16:05:07.526-0700] {logging_mixin.py:190} INFO - [2024-08-26T16:05:07.526-0700] {dag.py:3211} INFO - Sync 1 DAGs
[2024-08-26T16:05:07.537-0700] {logging_mixin.py:190} INFO - [2024-08-26T16:05:07.537-0700] {dag.py:4138} INFO - Setting next_dagrun for latest_only to 2024-08-26 16:00:00+00:00, run_after=2024-08-26 20:00:00+00:00
[2024-08-26T16:05:07.551-0700] {processor.py:208} INFO - Processing /home/jerson/airflow_venv/lib/python3.10/site-packages/airflow/example_dags/example_latest_only.py took 0.043 seconds
[2024-08-26T16:06:18.017-0700] {processor.py:186} INFO - Started process (PID=29240) to work on /home/jerson/airflow_venv/lib/python3.10/site-packages/airflow/example_dags/example_latest_only.py
[2024-08-26T16:06:18.018-0700] {processor.py:914} INFO - Processing file /home/jerson/airflow_venv/lib/python3.10/site-packages/airflow/example_dags/example_latest_only.py for tasks to queue
[2024-08-26T16:06:18.019-0700] {logging_mixin.py:190} INFO - [2024-08-26T16:06:18.019-0700] {dagbag.py:587} INFO - Filling up the DagBag from /home/jerson/airflow_venv/lib/python3.10/site-packages/airflow/example_dags/example_latest_only.py
[2024-08-26T16:06:18.023-0700] {processor.py:925} INFO - DAG(s) 'latest_only' retrieved from /home/jerson/airflow_venv/lib/python3.10/site-packages/airflow/example_dags/example_latest_only.py
[2024-08-26T16:06:18.031-0700] {logging_mixin.py:190} INFO - [2024-08-26T16:06:18.031-0700] {dag.py:3211} INFO - Sync 1 DAGs
[2024-08-26T16:06:18.042-0700] {logging_mixin.py:190} INFO - [2024-08-26T16:06:18.042-0700] {dag.py:4138} INFO - Setting next_dagrun for latest_only to 2024-08-26 16:00:00+00:00, run_after=2024-08-26 20:00:00+00:00
[2024-08-26T16:06:18.057-0700] {processor.py:208} INFO - Processing /home/jerson/airflow_venv/lib/python3.10/site-packages/airflow/example_dags/example_latest_only.py took 0.043 seconds
[2024-08-26T16:07:37.001-0700] {processor.py:186} INFO - Started process (PID=29861) to work on /home/jerson/airflow_venv/lib/python3.10/site-packages/airflow/example_dags/example_latest_only.py
[2024-08-26T16:07:37.005-0700] {processor.py:914} INFO - Processing file /home/jerson/airflow_venv/lib/python3.10/site-packages/airflow/example_dags/example_latest_only.py for tasks to queue
[2024-08-26T16:07:37.007-0700] {logging_mixin.py:190} INFO - [2024-08-26T16:07:37.006-0700] {dagbag.py:587} INFO - Filling up the DagBag from /home/jerson/airflow_venv/lib/python3.10/site-packages/airflow/example_dags/example_latest_only.py
[2024-08-26T16:07:37.013-0700] {processor.py:925} INFO - DAG(s) 'latest_only' retrieved from /home/jerson/airflow_venv/lib/python3.10/site-packages/airflow/example_dags/example_latest_only.py
[2024-08-26T16:07:37.021-0700] {logging_mixin.py:190} INFO - [2024-08-26T16:07:37.021-0700] {dag.py:3211} INFO - Sync 1 DAGs
[2024-08-26T16:07:37.033-0700] {logging_mixin.py:190} INFO - [2024-08-26T16:07:37.033-0700] {dag.py:4138} INFO - Setting next_dagrun for latest_only to 2024-08-26 16:00:00+00:00, run_after=2024-08-26 20:00:00+00:00
[2024-08-26T16:07:37.076-0700] {processor.py:208} INFO - Processing /home/jerson/airflow_venv/lib/python3.10/site-packages/airflow/example_dags/example_latest_only.py took 0.078 seconds
[2024-08-26T16:08:38.579-0700] {processor.py:186} INFO - Started process (PID=30347) to work on /home/jerson/airflow_venv/lib/python3.10/site-packages/airflow/example_dags/example_latest_only.py
[2024-08-26T16:08:38.579-0700] {processor.py:914} INFO - Processing file /home/jerson/airflow_venv/lib/python3.10/site-packages/airflow/example_dags/example_latest_only.py for tasks to queue
[2024-08-26T16:08:38.580-0700] {logging_mixin.py:190} INFO - [2024-08-26T16:08:38.580-0700] {dagbag.py:587} INFO - Filling up the DagBag from /home/jerson/airflow_venv/lib/python3.10/site-packages/airflow/example_dags/example_latest_only.py
[2024-08-26T16:08:38.586-0700] {processor.py:925} INFO - DAG(s) 'latest_only' retrieved from /home/jerson/airflow_venv/lib/python3.10/site-packages/airflow/example_dags/example_latest_only.py
[2024-08-26T16:08:38.595-0700] {logging_mixin.py:190} INFO - [2024-08-26T16:08:38.595-0700] {dag.py:3211} INFO - Sync 1 DAGs
[2024-08-26T16:08:38.608-0700] {logging_mixin.py:190} INFO - [2024-08-26T16:08:38.608-0700] {dag.py:4138} INFO - Setting next_dagrun for latest_only to 2024-08-26 16:00:00+00:00, run_after=2024-08-26 20:00:00+00:00
[2024-08-26T16:08:38.625-0700] {processor.py:208} INFO - Processing /home/jerson/airflow_venv/lib/python3.10/site-packages/airflow/example_dags/example_latest_only.py took 0.050 seconds
[2024-08-26T16:09:28.339-0700] {processor.py:186} INFO - Started process (PID=30747) to work on /home/jerson/airflow_venv/lib/python3.10/site-packages/airflow/example_dags/example_latest_only.py
[2024-08-26T16:09:28.345-0700] {processor.py:914} INFO - Processing file /home/jerson/airflow_venv/lib/python3.10/site-packages/airflow/example_dags/example_latest_only.py for tasks to queue
[2024-08-26T16:09:28.346-0700] {logging_mixin.py:190} INFO - [2024-08-26T16:09:28.346-0700] {dagbag.py:587} INFO - Filling up the DagBag from /home/jerson/airflow_venv/lib/python3.10/site-packages/airflow/example_dags/example_latest_only.py
[2024-08-26T16:09:28.350-0700] {processor.py:925} INFO - DAG(s) 'latest_only' retrieved from /home/jerson/airflow_venv/lib/python3.10/site-packages/airflow/example_dags/example_latest_only.py
[2024-08-26T16:09:28.358-0700] {logging_mixin.py:190} INFO - [2024-08-26T16:09:28.358-0700] {dag.py:3211} INFO - Sync 1 DAGs
[2024-08-26T16:09:28.369-0700] {logging_mixin.py:190} INFO - [2024-08-26T16:09:28.369-0700] {dag.py:4138} INFO - Setting next_dagrun for latest_only to 2024-08-26 16:00:00+00:00, run_after=2024-08-26 20:00:00+00:00
[2024-08-26T16:09:28.392-0700] {processor.py:208} INFO - Processing /home/jerson/airflow_venv/lib/python3.10/site-packages/airflow/example_dags/example_latest_only.py took 0.056 seconds
[2024-08-26T16:10:38.916-0700] {processor.py:186} INFO - Started process (PID=31333) to work on /home/jerson/airflow_venv/lib/python3.10/site-packages/airflow/example_dags/example_latest_only.py
[2024-08-26T16:10:38.917-0700] {processor.py:914} INFO - Processing file /home/jerson/airflow_venv/lib/python3.10/site-packages/airflow/example_dags/example_latest_only.py for tasks to queue
[2024-08-26T16:10:38.918-0700] {logging_mixin.py:190} INFO - [2024-08-26T16:10:38.918-0700] {dagbag.py:587} INFO - Filling up the DagBag from /home/jerson/airflow_venv/lib/python3.10/site-packages/airflow/example_dags/example_latest_only.py
[2024-08-26T16:10:38.922-0700] {processor.py:925} INFO - DAG(s) 'latest_only' retrieved from /home/jerson/airflow_venv/lib/python3.10/site-packages/airflow/example_dags/example_latest_only.py
[2024-08-26T16:10:38.931-0700] {logging_mixin.py:190} INFO - [2024-08-26T16:10:38.930-0700] {dag.py:3211} INFO - Sync 1 DAGs
[2024-08-26T16:10:38.941-0700] {logging_mixin.py:190} INFO - [2024-08-26T16:10:38.941-0700] {dag.py:4138} INFO - Setting next_dagrun for latest_only to 2024-08-26 16:00:00+00:00, run_after=2024-08-26 20:00:00+00:00
[2024-08-26T16:10:38.958-0700] {processor.py:208} INFO - Processing /home/jerson/airflow_venv/lib/python3.10/site-packages/airflow/example_dags/example_latest_only.py took 0.045 seconds
[2024-08-26T16:11:26.839-0700] {processor.py:186} INFO - Started process (PID=31718) to work on /home/jerson/airflow_venv/lib/python3.10/site-packages/airflow/example_dags/example_latest_only.py
[2024-08-26T16:11:26.840-0700] {processor.py:914} INFO - Processing file /home/jerson/airflow_venv/lib/python3.10/site-packages/airflow/example_dags/example_latest_only.py for tasks to queue
[2024-08-26T16:11:26.841-0700] {logging_mixin.py:190} INFO - [2024-08-26T16:11:26.841-0700] {dagbag.py:587} INFO - Filling up the DagBag from /home/jerson/airflow_venv/lib/python3.10/site-packages/airflow/example_dags/example_latest_only.py
[2024-08-26T16:11:26.846-0700] {processor.py:925} INFO - DAG(s) 'latest_only' retrieved from /home/jerson/airflow_venv/lib/python3.10/site-packages/airflow/example_dags/example_latest_only.py
[2024-08-26T16:11:26.854-0700] {logging_mixin.py:190} INFO - [2024-08-26T16:11:26.854-0700] {dag.py:3211} INFO - Sync 1 DAGs
[2024-08-26T16:11:26.866-0700] {logging_mixin.py:190} INFO - [2024-08-26T16:11:26.865-0700] {dag.py:4138} INFO - Setting next_dagrun for latest_only to 2024-08-26 16:00:00+00:00, run_after=2024-08-26 20:00:00+00:00
[2024-08-26T16:11:26.880-0700] {processor.py:208} INFO - Processing /home/jerson/airflow_venv/lib/python3.10/site-packages/airflow/example_dags/example_latest_only.py took 0.044 seconds
[2024-08-26T16:12:16.046-0700] {processor.py:186} INFO - Started process (PID=32107) to work on /home/jerson/airflow_venv/lib/python3.10/site-packages/airflow/example_dags/example_latest_only.py
[2024-08-26T16:12:16.047-0700] {processor.py:914} INFO - Processing file /home/jerson/airflow_venv/lib/python3.10/site-packages/airflow/example_dags/example_latest_only.py for tasks to queue
[2024-08-26T16:12:16.048-0700] {logging_mixin.py:190} INFO - [2024-08-26T16:12:16.048-0700] {dagbag.py:587} INFO - Filling up the DagBag from /home/jerson/airflow_venv/lib/python3.10/site-packages/airflow/example_dags/example_latest_only.py
[2024-08-26T16:12:16.052-0700] {processor.py:925} INFO - DAG(s) 'latest_only' retrieved from /home/jerson/airflow_venv/lib/python3.10/site-packages/airflow/example_dags/example_latest_only.py
[2024-08-26T16:12:16.060-0700] {logging_mixin.py:190} INFO - [2024-08-26T16:12:16.060-0700] {dag.py:3211} INFO - Sync 1 DAGs
[2024-08-26T16:12:16.071-0700] {logging_mixin.py:190} INFO - [2024-08-26T16:12:16.071-0700] {dag.py:4138} INFO - Setting next_dagrun for latest_only to 2024-08-26 16:00:00+00:00, run_after=2024-08-26 20:00:00+00:00
[2024-08-26T16:12:16.087-0700] {processor.py:208} INFO - Processing /home/jerson/airflow_venv/lib/python3.10/site-packages/airflow/example_dags/example_latest_only.py took 0.044 seconds
