[2024-08-26T15:22:23.381-0700] {processor.py:186} INFO - Started process (PID=7695) to work on /home/jerson/airflow_venv/lib/python3.10/site-packages/airflow/example_dags/example_branch_python_dop_operator_3.py
[2024-08-26T15:22:23.381-0700] {processor.py:914} INFO - Processing file /home/jerson/airflow_venv/lib/python3.10/site-packages/airflow/example_dags/example_branch_python_dop_operator_3.py for tasks to queue
[2024-08-26T15:22:23.382-0700] {logging_mixin.py:190} INFO - [2024-08-26T15:22:23.382-0700] {dagbag.py:587} INFO - Filling up the DagBag from /home/jerson/airflow_venv/lib/python3.10/site-packages/airflow/example_dags/example_branch_python_dop_operator_3.py
[2024-08-26T15:22:23.388-0700] {processor.py:925} INFO - DAG(s) 'example_branch_dop_operator_v3' retrieved from /home/jerson/airflow_venv/lib/python3.10/site-packages/airflow/example_dags/example_branch_python_dop_operator_3.py
[2024-08-26T15:22:23.452-0700] {logging_mixin.py:190} INFO - [2024-08-26T15:22:23.452-0700] {override.py:1900} INFO - Created Permission View: can read on DAG:example_branch_dop_operator_v3
[2024-08-26T15:22:23.463-0700] {logging_mixin.py:190} INFO - [2024-08-26T15:22:23.462-0700] {override.py:1900} INFO - Created Permission View: can delete on DAG:example_branch_dop_operator_v3
[2024-08-26T15:22:23.471-0700] {logging_mixin.py:190} INFO - [2024-08-26T15:22:23.471-0700] {override.py:1900} INFO - Created Permission View: can edit on DAG:example_branch_dop_operator_v3
[2024-08-26T15:22:23.486-0700] {logging_mixin.py:190} INFO - [2024-08-26T15:22:23.486-0700] {override.py:1900} INFO - Created Permission View: can read on DAG Run:example_branch_dop_operator_v3
[2024-08-26T15:22:23.495-0700] {logging_mixin.py:190} INFO - [2024-08-26T15:22:23.495-0700] {override.py:1900} INFO - Created Permission View: can create on DAG Run:example_branch_dop_operator_v3
[2024-08-26T15:22:23.503-0700] {logging_mixin.py:190} INFO - [2024-08-26T15:22:23.503-0700] {override.py:1900} INFO - Created Permission View: menu access on DAG Run:example_branch_dop_operator_v3
[2024-08-26T15:22:23.512-0700] {logging_mixin.py:190} INFO - [2024-08-26T15:22:23.512-0700] {override.py:1900} INFO - Created Permission View: can delete on DAG Run:example_branch_dop_operator_v3
[2024-08-26T15:22:23.512-0700] {logging_mixin.py:190} INFO - [2024-08-26T15:22:23.512-0700] {dag.py:3211} INFO - Sync 1 DAGs
[2024-08-26T15:22:23.520-0700] {logging_mixin.py:190} INFO - [2024-08-26T15:22:23.519-0700] {dag.py:3234} INFO - Creating ORM DAG for example_branch_dop_operator_v3
[2024-08-26T15:22:23.527-0700] {logging_mixin.py:190} INFO - [2024-08-26T15:22:23.526-0700] {dag.py:4138} INFO - Setting next_dagrun for example_branch_dop_operator_v3 to 2024-08-26 22:21:00+00:00, run_after=2024-08-26 22:22:00+00:00
[2024-08-26T15:22:23.542-0700] {processor.py:208} INFO - Processing /home/jerson/airflow_venv/lib/python3.10/site-packages/airflow/example_dags/example_branch_python_dop_operator_3.py took 0.164 seconds
[2024-08-26T15:23:39.878-0700] {processor.py:186} INFO - Started process (PID=8114) to work on /home/jerson/airflow_venv/lib/python3.10/site-packages/airflow/example_dags/example_branch_python_dop_operator_3.py
[2024-08-26T15:23:39.879-0700] {processor.py:914} INFO - Processing file /home/jerson/airflow_venv/lib/python3.10/site-packages/airflow/example_dags/example_branch_python_dop_operator_3.py for tasks to queue
[2024-08-26T15:23:39.880-0700] {logging_mixin.py:190} INFO - [2024-08-26T15:23:39.880-0700] {dagbag.py:587} INFO - Filling up the DagBag from /home/jerson/airflow_venv/lib/python3.10/site-packages/airflow/example_dags/example_branch_python_dop_operator_3.py
[2024-08-26T15:23:39.885-0700] {processor.py:925} INFO - DAG(s) 'example_branch_dop_operator_v3' retrieved from /home/jerson/airflow_venv/lib/python3.10/site-packages/airflow/example_dags/example_branch_python_dop_operator_3.py
[2024-08-26T15:23:39.894-0700] {logging_mixin.py:190} INFO - [2024-08-26T15:23:39.894-0700] {dag.py:3211} INFO - Sync 1 DAGs
[2024-08-26T15:23:39.907-0700] {logging_mixin.py:190} INFO - [2024-08-26T15:23:39.906-0700] {dag.py:4138} INFO - Setting next_dagrun for example_branch_dop_operator_v3 to 2024-08-26 22:22:00+00:00, run_after=2024-08-26 22:23:00+00:00
[2024-08-26T15:23:39.922-0700] {processor.py:208} INFO - Processing /home/jerson/airflow_venv/lib/python3.10/site-packages/airflow/example_dags/example_branch_python_dop_operator_3.py took 0.048 seconds
[2024-08-26T15:26:02.115-0700] {processor.py:186} INFO - Started process (PID=8838) to work on /home/jerson/airflow_venv/lib/python3.10/site-packages/airflow/example_dags/example_branch_python_dop_operator_3.py
[2024-08-26T15:26:02.116-0700] {processor.py:914} INFO - Processing file /home/jerson/airflow_venv/lib/python3.10/site-packages/airflow/example_dags/example_branch_python_dop_operator_3.py for tasks to queue
[2024-08-26T15:26:02.118-0700] {logging_mixin.py:190} INFO - [2024-08-26T15:26:02.118-0700] {dagbag.py:587} INFO - Filling up the DagBag from /home/jerson/airflow_venv/lib/python3.10/site-packages/airflow/example_dags/example_branch_python_dop_operator_3.py
[2024-08-26T15:26:02.125-0700] {processor.py:925} INFO - DAG(s) 'example_branch_dop_operator_v3' retrieved from /home/jerson/airflow_venv/lib/python3.10/site-packages/airflow/example_dags/example_branch_python_dop_operator_3.py
[2024-08-26T15:26:02.137-0700] {logging_mixin.py:190} INFO - [2024-08-26T15:26:02.136-0700] {dag.py:3211} INFO - Sync 1 DAGs
[2024-08-26T15:26:02.151-0700] {logging_mixin.py:190} INFO - [2024-08-26T15:26:02.151-0700] {dag.py:4138} INFO - Setting next_dagrun for example_branch_dop_operator_v3 to 2024-08-26 22:25:00+00:00, run_after=2024-08-26 22:26:00+00:00
[2024-08-26T15:26:02.167-0700] {processor.py:208} INFO - Processing /home/jerson/airflow_venv/lib/python3.10/site-packages/airflow/example_dags/example_branch_python_dop_operator_3.py took 0.056 seconds
[2024-08-26T15:27:13.389-0700] {processor.py:186} INFO - Started process (PID=9204) to work on /home/jerson/airflow_venv/lib/python3.10/site-packages/airflow/example_dags/example_branch_python_dop_operator_3.py
[2024-08-26T15:27:13.390-0700] {processor.py:914} INFO - Processing file /home/jerson/airflow_venv/lib/python3.10/site-packages/airflow/example_dags/example_branch_python_dop_operator_3.py for tasks to queue
[2024-08-26T15:27:13.391-0700] {logging_mixin.py:190} INFO - [2024-08-26T15:27:13.391-0700] {dagbag.py:587} INFO - Filling up the DagBag from /home/jerson/airflow_venv/lib/python3.10/site-packages/airflow/example_dags/example_branch_python_dop_operator_3.py
[2024-08-26T15:27:13.397-0700] {processor.py:925} INFO - DAG(s) 'example_branch_dop_operator_v3' retrieved from /home/jerson/airflow_venv/lib/python3.10/site-packages/airflow/example_dags/example_branch_python_dop_operator_3.py
[2024-08-26T15:27:13.406-0700] {logging_mixin.py:190} INFO - [2024-08-26T15:27:13.406-0700] {dag.py:3211} INFO - Sync 1 DAGs
[2024-08-26T15:27:13.420-0700] {logging_mixin.py:190} INFO - [2024-08-26T15:27:13.420-0700] {dag.py:4138} INFO - Setting next_dagrun for example_branch_dop_operator_v3 to 2024-08-26 22:26:00+00:00, run_after=2024-08-26 22:27:00+00:00
[2024-08-26T15:27:13.436-0700] {processor.py:208} INFO - Processing /home/jerson/airflow_venv/lib/python3.10/site-packages/airflow/example_dags/example_branch_python_dop_operator_3.py took 0.050 seconds
[2024-08-26T15:28:25.432-0700] {processor.py:186} INFO - Started process (PID=9570) to work on /home/jerson/airflow_venv/lib/python3.10/site-packages/airflow/example_dags/example_branch_python_dop_operator_3.py
[2024-08-26T15:28:25.433-0700] {processor.py:914} INFO - Processing file /home/jerson/airflow_venv/lib/python3.10/site-packages/airflow/example_dags/example_branch_python_dop_operator_3.py for tasks to queue
[2024-08-26T15:28:25.434-0700] {logging_mixin.py:190} INFO - [2024-08-26T15:28:25.434-0700] {dagbag.py:587} INFO - Filling up the DagBag from /home/jerson/airflow_venv/lib/python3.10/site-packages/airflow/example_dags/example_branch_python_dop_operator_3.py
[2024-08-26T15:28:25.440-0700] {processor.py:925} INFO - DAG(s) 'example_branch_dop_operator_v3' retrieved from /home/jerson/airflow_venv/lib/python3.10/site-packages/airflow/example_dags/example_branch_python_dop_operator_3.py
[2024-08-26T15:28:25.448-0700] {logging_mixin.py:190} INFO - [2024-08-26T15:28:25.448-0700] {dag.py:3211} INFO - Sync 1 DAGs
[2024-08-26T15:28:25.462-0700] {logging_mixin.py:190} INFO - [2024-08-26T15:28:25.462-0700] {dag.py:4138} INFO - Setting next_dagrun for example_branch_dop_operator_v3 to 2024-08-26 22:27:00+00:00, run_after=2024-08-26 22:28:00+00:00
[2024-08-26T15:28:25.477-0700] {processor.py:208} INFO - Processing /home/jerson/airflow_venv/lib/python3.10/site-packages/airflow/example_dags/example_branch_python_dop_operator_3.py took 0.049 seconds
[2024-08-26T15:29:40.023-0700] {processor.py:186} INFO - Started process (PID=10029) to work on /home/jerson/airflow_venv/lib/python3.10/site-packages/airflow/example_dags/example_branch_python_dop_operator_3.py
[2024-08-26T15:29:40.024-0700] {processor.py:914} INFO - Processing file /home/jerson/airflow_venv/lib/python3.10/site-packages/airflow/example_dags/example_branch_python_dop_operator_3.py for tasks to queue
[2024-08-26T15:29:40.026-0700] {logging_mixin.py:190} INFO - [2024-08-26T15:29:40.026-0700] {dagbag.py:587} INFO - Filling up the DagBag from /home/jerson/airflow_venv/lib/python3.10/site-packages/airflow/example_dags/example_branch_python_dop_operator_3.py
[2024-08-26T15:29:40.031-0700] {processor.py:925} INFO - DAG(s) 'example_branch_dop_operator_v3' retrieved from /home/jerson/airflow_venv/lib/python3.10/site-packages/airflow/example_dags/example_branch_python_dop_operator_3.py
[2024-08-26T15:29:40.040-0700] {logging_mixin.py:190} INFO - [2024-08-26T15:29:40.040-0700] {dag.py:3211} INFO - Sync 1 DAGs
[2024-08-26T15:29:40.054-0700] {logging_mixin.py:190} INFO - [2024-08-26T15:29:40.054-0700] {dag.py:4138} INFO - Setting next_dagrun for example_branch_dop_operator_v3 to 2024-08-26 22:28:00+00:00, run_after=2024-08-26 22:29:00+00:00
[2024-08-26T15:29:40.069-0700] {processor.py:208} INFO - Processing /home/jerson/airflow_venv/lib/python3.10/site-packages/airflow/example_dags/example_branch_python_dop_operator_3.py took 0.049 seconds
[2024-08-26T15:30:51.899-0700] {processor.py:186} INFO - Started process (PID=10388) to work on /home/jerson/airflow_venv/lib/python3.10/site-packages/airflow/example_dags/example_branch_python_dop_operator_3.py
[2024-08-26T15:30:51.900-0700] {processor.py:914} INFO - Processing file /home/jerson/airflow_venv/lib/python3.10/site-packages/airflow/example_dags/example_branch_python_dop_operator_3.py for tasks to queue
[2024-08-26T15:30:51.902-0700] {logging_mixin.py:190} INFO - [2024-08-26T15:30:51.901-0700] {dagbag.py:587} INFO - Filling up the DagBag from /home/jerson/airflow_venv/lib/python3.10/site-packages/airflow/example_dags/example_branch_python_dop_operator_3.py
[2024-08-26T15:30:51.909-0700] {processor.py:925} INFO - DAG(s) 'example_branch_dop_operator_v3' retrieved from /home/jerson/airflow_venv/lib/python3.10/site-packages/airflow/example_dags/example_branch_python_dop_operator_3.py
[2024-08-26T15:30:51.920-0700] {logging_mixin.py:190} INFO - [2024-08-26T15:30:51.920-0700] {dag.py:3211} INFO - Sync 1 DAGs
[2024-08-26T15:30:51.941-0700] {logging_mixin.py:190} INFO - [2024-08-26T15:30:51.941-0700] {dag.py:4138} INFO - Setting next_dagrun for example_branch_dop_operator_v3 to 2024-08-26 22:29:00+00:00, run_after=2024-08-26 22:30:00+00:00
[2024-08-26T15:30:51.962-0700] {processor.py:208} INFO - Processing /home/jerson/airflow_venv/lib/python3.10/site-packages/airflow/example_dags/example_branch_python_dop_operator_3.py took 0.068 seconds
[2024-08-26T15:32:01.470-0700] {processor.py:186} INFO - Started process (PID=10770) to work on /home/jerson/airflow_venv/lib/python3.10/site-packages/airflow/example_dags/example_branch_python_dop_operator_3.py
[2024-08-26T15:32:01.471-0700] {processor.py:914} INFO - Processing file /home/jerson/airflow_venv/lib/python3.10/site-packages/airflow/example_dags/example_branch_python_dop_operator_3.py for tasks to queue
[2024-08-26T15:32:01.473-0700] {logging_mixin.py:190} INFO - [2024-08-26T15:32:01.473-0700] {dagbag.py:587} INFO - Filling up the DagBag from /home/jerson/airflow_venv/lib/python3.10/site-packages/airflow/example_dags/example_branch_python_dop_operator_3.py
[2024-08-26T15:32:01.484-0700] {processor.py:925} INFO - DAG(s) 'example_branch_dop_operator_v3' retrieved from /home/jerson/airflow_venv/lib/python3.10/site-packages/airflow/example_dags/example_branch_python_dop_operator_3.py
[2024-08-26T15:32:01.501-0700] {logging_mixin.py:190} INFO - [2024-08-26T15:32:01.500-0700] {dag.py:3211} INFO - Sync 1 DAGs
[2024-08-26T15:32:01.520-0700] {logging_mixin.py:190} INFO - [2024-08-26T15:32:01.520-0700] {dag.py:4138} INFO - Setting next_dagrun for example_branch_dop_operator_v3 to 2024-08-26 22:31:00+00:00, run_after=2024-08-26 22:32:00+00:00
[2024-08-26T15:32:01.539-0700] {processor.py:208} INFO - Processing /home/jerson/airflow_venv/lib/python3.10/site-packages/airflow/example_dags/example_branch_python_dop_operator_3.py took 0.073 seconds
[2024-08-26T15:33:17.931-0700] {processor.py:186} INFO - Started process (PID=11165) to work on /home/jerson/airflow_venv/lib/python3.10/site-packages/airflow/example_dags/example_branch_python_dop_operator_3.py
[2024-08-26T15:33:17.932-0700] {processor.py:914} INFO - Processing file /home/jerson/airflow_venv/lib/python3.10/site-packages/airflow/example_dags/example_branch_python_dop_operator_3.py for tasks to queue
[2024-08-26T15:33:17.933-0700] {logging_mixin.py:190} INFO - [2024-08-26T15:33:17.933-0700] {dagbag.py:587} INFO - Filling up the DagBag from /home/jerson/airflow_venv/lib/python3.10/site-packages/airflow/example_dags/example_branch_python_dop_operator_3.py
[2024-08-26T15:33:17.939-0700] {processor.py:925} INFO - DAG(s) 'example_branch_dop_operator_v3' retrieved from /home/jerson/airflow_venv/lib/python3.10/site-packages/airflow/example_dags/example_branch_python_dop_operator_3.py
[2024-08-26T15:33:17.948-0700] {logging_mixin.py:190} INFO - [2024-08-26T15:33:17.948-0700] {dag.py:3211} INFO - Sync 1 DAGs
[2024-08-26T15:33:17.963-0700] {logging_mixin.py:190} INFO - [2024-08-26T15:33:17.963-0700] {dag.py:4138} INFO - Setting next_dagrun for example_branch_dop_operator_v3 to 2024-08-26 22:32:00+00:00, run_after=2024-08-26 22:33:00+00:00
[2024-08-26T15:33:17.980-0700] {processor.py:208} INFO - Processing /home/jerson/airflow_venv/lib/python3.10/site-packages/airflow/example_dags/example_branch_python_dop_operator_3.py took 0.052 seconds
[2024-08-26T15:34:32.973-0700] {processor.py:186} INFO - Started process (PID=11563) to work on /home/jerson/airflow_venv/lib/python3.10/site-packages/airflow/example_dags/example_branch_python_dop_operator_3.py
[2024-08-26T15:34:32.974-0700] {processor.py:914} INFO - Processing file /home/jerson/airflow_venv/lib/python3.10/site-packages/airflow/example_dags/example_branch_python_dop_operator_3.py for tasks to queue
[2024-08-26T15:34:32.976-0700] {logging_mixin.py:190} INFO - [2024-08-26T15:34:32.976-0700] {dagbag.py:587} INFO - Filling up the DagBag from /home/jerson/airflow_venv/lib/python3.10/site-packages/airflow/example_dags/example_branch_python_dop_operator_3.py
[2024-08-26T15:34:32.982-0700] {processor.py:925} INFO - DAG(s) 'example_branch_dop_operator_v3' retrieved from /home/jerson/airflow_venv/lib/python3.10/site-packages/airflow/example_dags/example_branch_python_dop_operator_3.py
[2024-08-26T15:34:32.991-0700] {logging_mixin.py:190} INFO - [2024-08-26T15:34:32.991-0700] {dag.py:3211} INFO - Sync 1 DAGs
[2024-08-26T15:34:33.004-0700] {logging_mixin.py:190} INFO - [2024-08-26T15:34:33.004-0700] {dag.py:4138} INFO - Setting next_dagrun for example_branch_dop_operator_v3 to 2024-08-26 22:33:00+00:00, run_after=2024-08-26 22:34:00+00:00
[2024-08-26T15:34:33.020-0700] {processor.py:208} INFO - Processing /home/jerson/airflow_venv/lib/python3.10/site-packages/airflow/example_dags/example_branch_python_dop_operator_3.py took 0.049 seconds
[2024-08-26T15:35:43.738-0700] {processor.py:186} INFO - Started process (PID=11938) to work on /home/jerson/airflow_venv/lib/python3.10/site-packages/airflow/example_dags/example_branch_python_dop_operator_3.py
[2024-08-26T15:35:43.739-0700] {processor.py:914} INFO - Processing file /home/jerson/airflow_venv/lib/python3.10/site-packages/airflow/example_dags/example_branch_python_dop_operator_3.py for tasks to queue
[2024-08-26T15:35:43.740-0700] {logging_mixin.py:190} INFO - [2024-08-26T15:35:43.740-0700] {dagbag.py:587} INFO - Filling up the DagBag from /home/jerson/airflow_venv/lib/python3.10/site-packages/airflow/example_dags/example_branch_python_dop_operator_3.py
[2024-08-26T15:35:43.746-0700] {processor.py:925} INFO - DAG(s) 'example_branch_dop_operator_v3' retrieved from /home/jerson/airflow_venv/lib/python3.10/site-packages/airflow/example_dags/example_branch_python_dop_operator_3.py
[2024-08-26T15:35:43.754-0700] {logging_mixin.py:190} INFO - [2024-08-26T15:35:43.754-0700] {dag.py:3211} INFO - Sync 1 DAGs
[2024-08-26T15:35:43.767-0700] {logging_mixin.py:190} INFO - [2024-08-26T15:35:43.767-0700] {dag.py:4138} INFO - Setting next_dagrun for example_branch_dop_operator_v3 to 2024-08-26 22:34:00+00:00, run_after=2024-08-26 22:35:00+00:00
[2024-08-26T15:35:43.782-0700] {processor.py:208} INFO - Processing /home/jerson/airflow_venv/lib/python3.10/site-packages/airflow/example_dags/example_branch_python_dop_operator_3.py took 0.047 seconds
[2024-08-26T15:36:55.942-0700] {processor.py:186} INFO - Started process (PID=12590) to work on /home/jerson/airflow_venv/lib/python3.10/site-packages/airflow/example_dags/example_branch_python_dop_operator_3.py
[2024-08-26T15:36:55.953-0700] {processor.py:914} INFO - Processing file /home/jerson/airflow_venv/lib/python3.10/site-packages/airflow/example_dags/example_branch_python_dop_operator_3.py for tasks to queue
[2024-08-26T15:36:55.954-0700] {logging_mixin.py:190} INFO - [2024-08-26T15:36:55.954-0700] {dagbag.py:587} INFO - Filling up the DagBag from /home/jerson/airflow_venv/lib/python3.10/site-packages/airflow/example_dags/example_branch_python_dop_operator_3.py
[2024-08-26T15:36:55.960-0700] {processor.py:925} INFO - DAG(s) 'example_branch_dop_operator_v3' retrieved from /home/jerson/airflow_venv/lib/python3.10/site-packages/airflow/example_dags/example_branch_python_dop_operator_3.py
[2024-08-26T15:36:55.969-0700] {logging_mixin.py:190} INFO - [2024-08-26T15:36:55.969-0700] {dag.py:3211} INFO - Sync 1 DAGs
[2024-08-26T15:36:55.983-0700] {logging_mixin.py:190} INFO - [2024-08-26T15:36:55.982-0700] {dag.py:4138} INFO - Setting next_dagrun for example_branch_dop_operator_v3 to 2024-08-26 22:35:00+00:00, run_after=2024-08-26 22:36:00+00:00
[2024-08-26T15:36:56.006-0700] {processor.py:208} INFO - Processing /home/jerson/airflow_venv/lib/python3.10/site-packages/airflow/example_dags/example_branch_python_dop_operator_3.py took 0.067 seconds
[2024-08-26T15:38:03.036-0700] {processor.py:186} INFO - Started process (PID=13180) to work on /home/jerson/airflow_venv/lib/python3.10/site-packages/airflow/example_dags/example_branch_python_dop_operator_3.py
[2024-08-26T15:38:03.037-0700] {processor.py:914} INFO - Processing file /home/jerson/airflow_venv/lib/python3.10/site-packages/airflow/example_dags/example_branch_python_dop_operator_3.py for tasks to queue
[2024-08-26T15:38:03.038-0700] {logging_mixin.py:190} INFO - [2024-08-26T15:38:03.038-0700] {dagbag.py:587} INFO - Filling up the DagBag from /home/jerson/airflow_venv/lib/python3.10/site-packages/airflow/example_dags/example_branch_python_dop_operator_3.py
[2024-08-26T15:38:03.044-0700] {processor.py:925} INFO - DAG(s) 'example_branch_dop_operator_v3' retrieved from /home/jerson/airflow_venv/lib/python3.10/site-packages/airflow/example_dags/example_branch_python_dop_operator_3.py
[2024-08-26T15:38:03.053-0700] {logging_mixin.py:190} INFO - [2024-08-26T15:38:03.053-0700] {dag.py:3211} INFO - Sync 1 DAGs
[2024-08-26T15:38:03.067-0700] {logging_mixin.py:190} INFO - [2024-08-26T15:38:03.067-0700] {dag.py:4138} INFO - Setting next_dagrun for example_branch_dop_operator_v3 to 2024-08-26 22:37:00+00:00, run_after=2024-08-26 22:38:00+00:00
[2024-08-26T15:38:03.085-0700] {processor.py:208} INFO - Processing /home/jerson/airflow_venv/lib/python3.10/site-packages/airflow/example_dags/example_branch_python_dop_operator_3.py took 0.051 seconds
[2024-08-26T15:39:16.503-0700] {processor.py:186} INFO - Started process (PID=13884) to work on /home/jerson/airflow_venv/lib/python3.10/site-packages/airflow/example_dags/example_branch_python_dop_operator_3.py
[2024-08-26T15:39:16.504-0700] {processor.py:914} INFO - Processing file /home/jerson/airflow_venv/lib/python3.10/site-packages/airflow/example_dags/example_branch_python_dop_operator_3.py for tasks to queue
[2024-08-26T15:39:16.505-0700] {logging_mixin.py:190} INFO - [2024-08-26T15:39:16.505-0700] {dagbag.py:587} INFO - Filling up the DagBag from /home/jerson/airflow_venv/lib/python3.10/site-packages/airflow/example_dags/example_branch_python_dop_operator_3.py
[2024-08-26T15:39:16.512-0700] {processor.py:925} INFO - DAG(s) 'example_branch_dop_operator_v3' retrieved from /home/jerson/airflow_venv/lib/python3.10/site-packages/airflow/example_dags/example_branch_python_dop_operator_3.py
[2024-08-26T15:39:16.521-0700] {logging_mixin.py:190} INFO - [2024-08-26T15:39:16.521-0700] {dag.py:3211} INFO - Sync 1 DAGs
[2024-08-26T15:39:16.535-0700] {logging_mixin.py:190} INFO - [2024-08-26T15:39:16.534-0700] {dag.py:4138} INFO - Setting next_dagrun for example_branch_dop_operator_v3 to 2024-08-26 22:38:00+00:00, run_after=2024-08-26 22:39:00+00:00
[2024-08-26T15:39:16.549-0700] {processor.py:208} INFO - Processing /home/jerson/airflow_venv/lib/python3.10/site-packages/airflow/example_dags/example_branch_python_dop_operator_3.py took 0.051 seconds
[2024-08-26T15:40:31.258-0700] {processor.py:186} INFO - Started process (PID=14608) to work on /home/jerson/airflow_venv/lib/python3.10/site-packages/airflow/example_dags/example_branch_python_dop_operator_3.py
[2024-08-26T15:40:31.259-0700] {processor.py:914} INFO - Processing file /home/jerson/airflow_venv/lib/python3.10/site-packages/airflow/example_dags/example_branch_python_dop_operator_3.py for tasks to queue
[2024-08-26T15:40:31.260-0700] {logging_mixin.py:190} INFO - [2024-08-26T15:40:31.260-0700] {dagbag.py:587} INFO - Filling up the DagBag from /home/jerson/airflow_venv/lib/python3.10/site-packages/airflow/example_dags/example_branch_python_dop_operator_3.py
[2024-08-26T15:40:31.267-0700] {processor.py:925} INFO - DAG(s) 'example_branch_dop_operator_v3' retrieved from /home/jerson/airflow_venv/lib/python3.10/site-packages/airflow/example_dags/example_branch_python_dop_operator_3.py
[2024-08-26T15:40:31.276-0700] {logging_mixin.py:190} INFO - [2024-08-26T15:40:31.276-0700] {dag.py:3211} INFO - Sync 1 DAGs
[2024-08-26T15:40:31.289-0700] {logging_mixin.py:190} INFO - [2024-08-26T15:40:31.289-0700] {dag.py:4138} INFO - Setting next_dagrun for example_branch_dop_operator_v3 to 2024-08-26 22:39:00+00:00, run_after=2024-08-26 22:40:00+00:00
[2024-08-26T15:40:31.304-0700] {processor.py:208} INFO - Processing /home/jerson/airflow_venv/lib/python3.10/site-packages/airflow/example_dags/example_branch_python_dop_operator_3.py took 0.049 seconds
[2024-08-26T15:41:43.450-0700] {processor.py:186} INFO - Started process (PID=15248) to work on /home/jerson/airflow_venv/lib/python3.10/site-packages/airflow/example_dags/example_branch_python_dop_operator_3.py
[2024-08-26T15:41:43.451-0700] {processor.py:914} INFO - Processing file /home/jerson/airflow_venv/lib/python3.10/site-packages/airflow/example_dags/example_branch_python_dop_operator_3.py for tasks to queue
[2024-08-26T15:41:43.452-0700] {logging_mixin.py:190} INFO - [2024-08-26T15:41:43.451-0700] {dagbag.py:587} INFO - Filling up the DagBag from /home/jerson/airflow_venv/lib/python3.10/site-packages/airflow/example_dags/example_branch_python_dop_operator_3.py
[2024-08-26T15:41:43.458-0700] {processor.py:925} INFO - DAG(s) 'example_branch_dop_operator_v3' retrieved from /home/jerson/airflow_venv/lib/python3.10/site-packages/airflow/example_dags/example_branch_python_dop_operator_3.py
[2024-08-26T15:41:43.467-0700] {logging_mixin.py:190} INFO - [2024-08-26T15:41:43.467-0700] {dag.py:3211} INFO - Sync 1 DAGs
[2024-08-26T15:41:43.481-0700] {logging_mixin.py:190} INFO - [2024-08-26T15:41:43.481-0700] {dag.py:4138} INFO - Setting next_dagrun for example_branch_dop_operator_v3 to 2024-08-26 22:40:00+00:00, run_after=2024-08-26 22:41:00+00:00
[2024-08-26T15:41:43.497-0700] {processor.py:208} INFO - Processing /home/jerson/airflow_venv/lib/python3.10/site-packages/airflow/example_dags/example_branch_python_dop_operator_3.py took 0.050 seconds
[2024-08-26T15:43:00.002-0700] {processor.py:186} INFO - Started process (PID=16027) to work on /home/jerson/airflow_venv/lib/python3.10/site-packages/airflow/example_dags/example_branch_python_dop_operator_3.py
[2024-08-26T15:43:00.003-0700] {processor.py:914} INFO - Processing file /home/jerson/airflow_venv/lib/python3.10/site-packages/airflow/example_dags/example_branch_python_dop_operator_3.py for tasks to queue
[2024-08-26T15:43:00.004-0700] {logging_mixin.py:190} INFO - [2024-08-26T15:43:00.004-0700] {dagbag.py:587} INFO - Filling up the DagBag from /home/jerson/airflow_venv/lib/python3.10/site-packages/airflow/example_dags/example_branch_python_dop_operator_3.py
[2024-08-26T15:43:00.013-0700] {processor.py:925} INFO - DAG(s) 'example_branch_dop_operator_v3' retrieved from /home/jerson/airflow_venv/lib/python3.10/site-packages/airflow/example_dags/example_branch_python_dop_operator_3.py
[2024-08-26T15:43:00.026-0700] {logging_mixin.py:190} INFO - [2024-08-26T15:43:00.026-0700] {dag.py:3211} INFO - Sync 1 DAGs
[2024-08-26T15:43:00.042-0700] {logging_mixin.py:190} INFO - [2024-08-26T15:43:00.041-0700] {dag.py:4138} INFO - Setting next_dagrun for example_branch_dop_operator_v3 to 2024-08-26 22:42:00+00:00, run_after=2024-08-26 22:43:00+00:00
[2024-08-26T15:43:00.058-0700] {processor.py:208} INFO - Processing /home/jerson/airflow_venv/lib/python3.10/site-packages/airflow/example_dags/example_branch_python_dop_operator_3.py took 0.060 seconds
[2024-08-26T15:44:10.710-0700] {processor.py:186} INFO - Started process (PID=16660) to work on /home/jerson/airflow_venv/lib/python3.10/site-packages/airflow/example_dags/example_branch_python_dop_operator_3.py
[2024-08-26T15:44:10.711-0700] {processor.py:914} INFO - Processing file /home/jerson/airflow_venv/lib/python3.10/site-packages/airflow/example_dags/example_branch_python_dop_operator_3.py for tasks to queue
[2024-08-26T15:44:10.713-0700] {logging_mixin.py:190} INFO - [2024-08-26T15:44:10.712-0700] {dagbag.py:587} INFO - Filling up the DagBag from /home/jerson/airflow_venv/lib/python3.10/site-packages/airflow/example_dags/example_branch_python_dop_operator_3.py
[2024-08-26T15:44:10.719-0700] {processor.py:925} INFO - DAG(s) 'example_branch_dop_operator_v3' retrieved from /home/jerson/airflow_venv/lib/python3.10/site-packages/airflow/example_dags/example_branch_python_dop_operator_3.py
[2024-08-26T15:44:10.729-0700] {logging_mixin.py:190} INFO - [2024-08-26T15:44:10.729-0700] {dag.py:3211} INFO - Sync 1 DAGs
[2024-08-26T15:44:10.743-0700] {logging_mixin.py:190} INFO - [2024-08-26T15:44:10.742-0700] {dag.py:4138} INFO - Setting next_dagrun for example_branch_dop_operator_v3 to 2024-08-26 22:43:00+00:00, run_after=2024-08-26 22:44:00+00:00
[2024-08-26T15:44:10.758-0700] {processor.py:208} INFO - Processing /home/jerson/airflow_venv/lib/python3.10/site-packages/airflow/example_dags/example_branch_python_dop_operator_3.py took 0.052 seconds
[2024-08-26T15:45:24.819-0700] {processor.py:186} INFO - Started process (PID=17249) to work on /home/jerson/airflow_venv/lib/python3.10/site-packages/airflow/example_dags/example_branch_python_dop_operator_3.py
[2024-08-26T15:45:24.820-0700] {processor.py:914} INFO - Processing file /home/jerson/airflow_venv/lib/python3.10/site-packages/airflow/example_dags/example_branch_python_dop_operator_3.py for tasks to queue
[2024-08-26T15:45:24.821-0700] {logging_mixin.py:190} INFO - [2024-08-26T15:45:24.820-0700] {dagbag.py:587} INFO - Filling up the DagBag from /home/jerson/airflow_venv/lib/python3.10/site-packages/airflow/example_dags/example_branch_python_dop_operator_3.py
[2024-08-26T15:45:24.828-0700] {processor.py:925} INFO - DAG(s) 'example_branch_dop_operator_v3' retrieved from /home/jerson/airflow_venv/lib/python3.10/site-packages/airflow/example_dags/example_branch_python_dop_operator_3.py
[2024-08-26T15:45:24.837-0700] {logging_mixin.py:190} INFO - [2024-08-26T15:45:24.837-0700] {dag.py:3211} INFO - Sync 1 DAGs
[2024-08-26T15:45:24.851-0700] {logging_mixin.py:190} INFO - [2024-08-26T15:45:24.851-0700] {dag.py:4138} INFO - Setting next_dagrun for example_branch_dop_operator_v3 to 2024-08-26 22:44:00+00:00, run_after=2024-08-26 22:45:00+00:00
[2024-08-26T15:45:24.865-0700] {processor.py:208} INFO - Processing /home/jerson/airflow_venv/lib/python3.10/site-packages/airflow/example_dags/example_branch_python_dop_operator_3.py took 0.050 seconds
[2024-08-26T15:46:41.825-0700] {processor.py:186} INFO - Started process (PID=17972) to work on /home/jerson/airflow_venv/lib/python3.10/site-packages/airflow/example_dags/example_branch_python_dop_operator_3.py
[2024-08-26T15:46:41.826-0700] {processor.py:914} INFO - Processing file /home/jerson/airflow_venv/lib/python3.10/site-packages/airflow/example_dags/example_branch_python_dop_operator_3.py for tasks to queue
[2024-08-26T15:46:41.827-0700] {logging_mixin.py:190} INFO - [2024-08-26T15:46:41.826-0700] {dagbag.py:587} INFO - Filling up the DagBag from /home/jerson/airflow_venv/lib/python3.10/site-packages/airflow/example_dags/example_branch_python_dop_operator_3.py
[2024-08-26T15:46:41.832-0700] {processor.py:925} INFO - DAG(s) 'example_branch_dop_operator_v3' retrieved from /home/jerson/airflow_venv/lib/python3.10/site-packages/airflow/example_dags/example_branch_python_dop_operator_3.py
[2024-08-26T15:46:41.841-0700] {logging_mixin.py:190} INFO - [2024-08-26T15:46:41.841-0700] {dag.py:3211} INFO - Sync 1 DAGs
[2024-08-26T15:46:41.855-0700] {logging_mixin.py:190} INFO - [2024-08-26T15:46:41.854-0700] {dag.py:4138} INFO - Setting next_dagrun for example_branch_dop_operator_v3 to 2024-08-26 22:45:00+00:00, run_after=2024-08-26 22:46:00+00:00
[2024-08-26T15:46:41.870-0700] {processor.py:208} INFO - Processing /home/jerson/airflow_venv/lib/python3.10/site-packages/airflow/example_dags/example_branch_python_dop_operator_3.py took 0.050 seconds
[2024-08-26T15:47:59.175-0700] {processor.py:186} INFO - Started process (PID=18626) to work on /home/jerson/airflow_venv/lib/python3.10/site-packages/airflow/example_dags/example_branch_python_dop_operator_3.py
[2024-08-26T15:47:59.176-0700] {processor.py:914} INFO - Processing file /home/jerson/airflow_venv/lib/python3.10/site-packages/airflow/example_dags/example_branch_python_dop_operator_3.py for tasks to queue
[2024-08-26T15:47:59.177-0700] {logging_mixin.py:190} INFO - [2024-08-26T15:47:59.177-0700] {dagbag.py:587} INFO - Filling up the DagBag from /home/jerson/airflow_venv/lib/python3.10/site-packages/airflow/example_dags/example_branch_python_dop_operator_3.py
[2024-08-26T15:47:59.183-0700] {processor.py:925} INFO - DAG(s) 'example_branch_dop_operator_v3' retrieved from /home/jerson/airflow_venv/lib/python3.10/site-packages/airflow/example_dags/example_branch_python_dop_operator_3.py
[2024-08-26T15:47:59.192-0700] {logging_mixin.py:190} INFO - [2024-08-26T15:47:59.192-0700] {dag.py:3211} INFO - Sync 1 DAGs
[2024-08-26T15:47:59.205-0700] {logging_mixin.py:190} INFO - [2024-08-26T15:47:59.205-0700] {dag.py:4138} INFO - Setting next_dagrun for example_branch_dop_operator_v3 to 2024-08-26 22:46:00+00:00, run_after=2024-08-26 22:47:00+00:00
[2024-08-26T15:47:59.221-0700] {processor.py:208} INFO - Processing /home/jerson/airflow_venv/lib/python3.10/site-packages/airflow/example_dags/example_branch_python_dop_operator_3.py took 0.050 seconds
[2024-08-26T15:49:13.314-0700] {processor.py:186} INFO - Started process (PID=19629) to work on /home/jerson/airflow_venv/lib/python3.10/site-packages/airflow/example_dags/example_branch_python_dop_operator_3.py
[2024-08-26T15:49:13.314-0700] {processor.py:914} INFO - Processing file /home/jerson/airflow_venv/lib/python3.10/site-packages/airflow/example_dags/example_branch_python_dop_operator_3.py for tasks to queue
[2024-08-26T15:49:13.315-0700] {logging_mixin.py:190} INFO - [2024-08-26T15:49:13.315-0700] {dagbag.py:587} INFO - Filling up the DagBag from /home/jerson/airflow_venv/lib/python3.10/site-packages/airflow/example_dags/example_branch_python_dop_operator_3.py
[2024-08-26T15:49:13.321-0700] {processor.py:925} INFO - DAG(s) 'example_branch_dop_operator_v3' retrieved from /home/jerson/airflow_venv/lib/python3.10/site-packages/airflow/example_dags/example_branch_python_dop_operator_3.py
[2024-08-26T15:49:13.330-0700] {logging_mixin.py:190} INFO - [2024-08-26T15:49:13.330-0700] {dag.py:3211} INFO - Sync 1 DAGs
[2024-08-26T15:49:13.343-0700] {logging_mixin.py:190} INFO - [2024-08-26T15:49:13.343-0700] {dag.py:4138} INFO - Setting next_dagrun for example_branch_dop_operator_v3 to 2024-08-26 22:48:00+00:00, run_after=2024-08-26 22:49:00+00:00
[2024-08-26T15:49:13.360-0700] {processor.py:208} INFO - Processing /home/jerson/airflow_venv/lib/python3.10/site-packages/airflow/example_dags/example_branch_python_dop_operator_3.py took 0.050 seconds
[2024-08-26T15:50:26.521-0700] {processor.py:186} INFO - Started process (PID=20456) to work on /home/jerson/airflow_venv/lib/python3.10/site-packages/airflow/example_dags/example_branch_python_dop_operator_3.py
[2024-08-26T15:50:26.522-0700] {processor.py:914} INFO - Processing file /home/jerson/airflow_venv/lib/python3.10/site-packages/airflow/example_dags/example_branch_python_dop_operator_3.py for tasks to queue
[2024-08-26T15:50:26.523-0700] {logging_mixin.py:190} INFO - [2024-08-26T15:50:26.523-0700] {dagbag.py:587} INFO - Filling up the DagBag from /home/jerson/airflow_venv/lib/python3.10/site-packages/airflow/example_dags/example_branch_python_dop_operator_3.py
[2024-08-26T15:50:26.529-0700] {processor.py:925} INFO - DAG(s) 'example_branch_dop_operator_v3' retrieved from /home/jerson/airflow_venv/lib/python3.10/site-packages/airflow/example_dags/example_branch_python_dop_operator_3.py
[2024-08-26T15:50:26.538-0700] {logging_mixin.py:190} INFO - [2024-08-26T15:50:26.538-0700] {dag.py:3211} INFO - Sync 1 DAGs
[2024-08-26T15:50:26.552-0700] {logging_mixin.py:190} INFO - [2024-08-26T15:50:26.552-0700] {dag.py:4138} INFO - Setting next_dagrun for example_branch_dop_operator_v3 to 2024-08-26 22:49:00+00:00, run_after=2024-08-26 22:50:00+00:00
[2024-08-26T15:50:26.570-0700] {processor.py:208} INFO - Processing /home/jerson/airflow_venv/lib/python3.10/site-packages/airflow/example_dags/example_branch_python_dop_operator_3.py took 0.053 seconds
[2024-08-26T15:50:54.999-0700] {processor.py:186} INFO - Started process (PID=20765) to work on /home/jerson/airflow_venv/lib/python3.10/site-packages/airflow/example_dags/example_branch_python_dop_operator_3.py
[2024-08-26T15:50:54.999-0700] {processor.py:914} INFO - Processing file /home/jerson/airflow_venv/lib/python3.10/site-packages/airflow/example_dags/example_branch_python_dop_operator_3.py for tasks to queue
[2024-08-26T15:50:55.001-0700] {logging_mixin.py:190} INFO - [2024-08-26T15:50:55.001-0700] {dagbag.py:587} INFO - Filling up the DagBag from /home/jerson/airflow_venv/lib/python3.10/site-packages/airflow/example_dags/example_branch_python_dop_operator_3.py
[2024-08-26T15:50:55.006-0700] {processor.py:925} INFO - DAG(s) 'example_branch_dop_operator_v3' retrieved from /home/jerson/airflow_venv/lib/python3.10/site-packages/airflow/example_dags/example_branch_python_dop_operator_3.py
[2024-08-26T15:50:55.015-0700] {logging_mixin.py:190} INFO - [2024-08-26T15:50:55.015-0700] {dag.py:3211} INFO - Sync 1 DAGs
[2024-08-26T15:50:55.031-0700] {logging_mixin.py:190} INFO - [2024-08-26T15:50:55.031-0700] {dag.py:4138} INFO - Setting next_dagrun for example_branch_dop_operator_v3 to 2024-08-26 22:49:00+00:00, run_after=2024-08-26 22:50:00+00:00
[2024-08-26T15:50:55.047-0700] {processor.py:208} INFO - Processing /home/jerson/airflow_venv/lib/python3.10/site-packages/airflow/example_dags/example_branch_python_dop_operator_3.py took 0.052 seconds
[2024-08-26T15:52:05.762-0700] {processor.py:186} INFO - Started process (PID=21560) to work on /home/jerson/airflow_venv/lib/python3.10/site-packages/airflow/example_dags/example_branch_python_dop_operator_3.py
[2024-08-26T15:52:05.763-0700] {processor.py:914} INFO - Processing file /home/jerson/airflow_venv/lib/python3.10/site-packages/airflow/example_dags/example_branch_python_dop_operator_3.py for tasks to queue
[2024-08-26T15:52:05.764-0700] {logging_mixin.py:190} INFO - [2024-08-26T15:52:05.764-0700] {dagbag.py:587} INFO - Filling up the DagBag from /home/jerson/airflow_venv/lib/python3.10/site-packages/airflow/example_dags/example_branch_python_dop_operator_3.py
[2024-08-26T15:52:05.770-0700] {processor.py:925} INFO - DAG(s) 'example_branch_dop_operator_v3' retrieved from /home/jerson/airflow_venv/lib/python3.10/site-packages/airflow/example_dags/example_branch_python_dop_operator_3.py
[2024-08-26T15:52:05.778-0700] {logging_mixin.py:190} INFO - [2024-08-26T15:52:05.778-0700] {dag.py:3211} INFO - Sync 1 DAGs
[2024-08-26T15:52:05.792-0700] {logging_mixin.py:190} INFO - [2024-08-26T15:52:05.792-0700] {dag.py:4138} INFO - Setting next_dagrun for example_branch_dop_operator_v3 to 2024-08-26 22:51:00+00:00, run_after=2024-08-26 22:52:00+00:00
[2024-08-26T15:52:05.808-0700] {processor.py:208} INFO - Processing /home/jerson/airflow_venv/lib/python3.10/site-packages/airflow/example_dags/example_branch_python_dop_operator_3.py took 0.049 seconds
[2024-08-26T15:53:21.365-0700] {processor.py:186} INFO - Started process (PID=22270) to work on /home/jerson/airflow_venv/lib/python3.10/site-packages/airflow/example_dags/example_branch_python_dop_operator_3.py
[2024-08-26T15:53:21.366-0700] {processor.py:914} INFO - Processing file /home/jerson/airflow_venv/lib/python3.10/site-packages/airflow/example_dags/example_branch_python_dop_operator_3.py for tasks to queue
[2024-08-26T15:53:21.368-0700] {logging_mixin.py:190} INFO - [2024-08-26T15:53:21.368-0700] {dagbag.py:587} INFO - Filling up the DagBag from /home/jerson/airflow_venv/lib/python3.10/site-packages/airflow/example_dags/example_branch_python_dop_operator_3.py
[2024-08-26T15:53:21.375-0700] {processor.py:925} INFO - DAG(s) 'example_branch_dop_operator_v3' retrieved from /home/jerson/airflow_venv/lib/python3.10/site-packages/airflow/example_dags/example_branch_python_dop_operator_3.py
[2024-08-26T15:53:21.384-0700] {logging_mixin.py:190} INFO - [2024-08-26T15:53:21.384-0700] {dag.py:3211} INFO - Sync 1 DAGs
[2024-08-26T15:53:21.398-0700] {logging_mixin.py:190} INFO - [2024-08-26T15:53:21.398-0700] {dag.py:4138} INFO - Setting next_dagrun for example_branch_dop_operator_v3 to 2024-08-26 22:52:00+00:00, run_after=2024-08-26 22:53:00+00:00
[2024-08-26T15:53:21.415-0700] {processor.py:208} INFO - Processing /home/jerson/airflow_venv/lib/python3.10/site-packages/airflow/example_dags/example_branch_python_dop_operator_3.py took 0.053 seconds
[2024-08-26T15:56:01.604-0700] {processor.py:186} INFO - Started process (PID=23785) to work on /home/jerson/airflow_venv/lib/python3.10/site-packages/airflow/example_dags/example_branch_python_dop_operator_3.py
[2024-08-26T15:56:01.605-0700] {processor.py:914} INFO - Processing file /home/jerson/airflow_venv/lib/python3.10/site-packages/airflow/example_dags/example_branch_python_dop_operator_3.py for tasks to queue
[2024-08-26T15:56:01.606-0700] {logging_mixin.py:190} INFO - [2024-08-26T15:56:01.606-0700] {dagbag.py:587} INFO - Filling up the DagBag from /home/jerson/airflow_venv/lib/python3.10/site-packages/airflow/example_dags/example_branch_python_dop_operator_3.py
[2024-08-26T15:56:01.612-0700] {processor.py:925} INFO - DAG(s) 'example_branch_dop_operator_v3' retrieved from /home/jerson/airflow_venv/lib/python3.10/site-packages/airflow/example_dags/example_branch_python_dop_operator_3.py
[2024-08-26T15:56:01.621-0700] {logging_mixin.py:190} INFO - [2024-08-26T15:56:01.621-0700] {dag.py:3211} INFO - Sync 1 DAGs
[2024-08-26T15:56:01.634-0700] {logging_mixin.py:190} INFO - [2024-08-26T15:56:01.634-0700] {dag.py:4138} INFO - Setting next_dagrun for example_branch_dop_operator_v3 to 2024-08-26 22:55:00+00:00, run_after=2024-08-26 22:56:00+00:00
[2024-08-26T15:56:01.650-0700] {processor.py:208} INFO - Processing /home/jerson/airflow_venv/lib/python3.10/site-packages/airflow/example_dags/example_branch_python_dop_operator_3.py took 0.049 seconds
[2024-08-26T15:57:20.108-0700] {processor.py:186} INFO - Started process (PID=24893) to work on /home/jerson/airflow_venv/lib/python3.10/site-packages/airflow/example_dags/example_branch_python_dop_operator_3.py
[2024-08-26T15:57:20.109-0700] {processor.py:914} INFO - Processing file /home/jerson/airflow_venv/lib/python3.10/site-packages/airflow/example_dags/example_branch_python_dop_operator_3.py for tasks to queue
[2024-08-26T15:57:20.111-0700] {logging_mixin.py:190} INFO - [2024-08-26T15:57:20.110-0700] {dagbag.py:587} INFO - Filling up the DagBag from /home/jerson/airflow_venv/lib/python3.10/site-packages/airflow/example_dags/example_branch_python_dop_operator_3.py
[2024-08-26T15:57:20.116-0700] {processor.py:925} INFO - DAG(s) 'example_branch_dop_operator_v3' retrieved from /home/jerson/airflow_venv/lib/python3.10/site-packages/airflow/example_dags/example_branch_python_dop_operator_3.py
[2024-08-26T15:57:20.125-0700] {logging_mixin.py:190} INFO - [2024-08-26T15:57:20.125-0700] {dag.py:3211} INFO - Sync 1 DAGs
[2024-08-26T15:57:20.139-0700] {logging_mixin.py:190} INFO - [2024-08-26T15:57:20.139-0700] {dag.py:4138} INFO - Setting next_dagrun for example_branch_dop_operator_v3 to 2024-08-26 22:56:00+00:00, run_after=2024-08-26 22:57:00+00:00
[2024-08-26T15:57:20.153-0700] {processor.py:208} INFO - Processing /home/jerson/airflow_venv/lib/python3.10/site-packages/airflow/example_dags/example_branch_python_dop_operator_3.py took 0.047 seconds
[2024-08-26T15:58:17.645-0700] {processor.py:186} INFO - Started process (PID=25352) to work on /home/jerson/airflow_venv/lib/python3.10/site-packages/airflow/example_dags/example_branch_python_dop_operator_3.py
[2024-08-26T15:58:17.646-0700] {processor.py:914} INFO - Processing file /home/jerson/airflow_venv/lib/python3.10/site-packages/airflow/example_dags/example_branch_python_dop_operator_3.py for tasks to queue
[2024-08-26T15:58:17.647-0700] {logging_mixin.py:190} INFO - [2024-08-26T15:58:17.647-0700] {dagbag.py:587} INFO - Filling up the DagBag from /home/jerson/airflow_venv/lib/python3.10/site-packages/airflow/example_dags/example_branch_python_dop_operator_3.py
[2024-08-26T15:58:17.653-0700] {processor.py:925} INFO - DAG(s) 'example_branch_dop_operator_v3' retrieved from /home/jerson/airflow_venv/lib/python3.10/site-packages/airflow/example_dags/example_branch_python_dop_operator_3.py
[2024-08-26T15:58:17.661-0700] {logging_mixin.py:190} INFO - [2024-08-26T15:58:17.661-0700] {dag.py:3211} INFO - Sync 1 DAGs
[2024-08-26T15:58:17.673-0700] {logging_mixin.py:190} INFO - [2024-08-26T15:58:17.673-0700] {dag.py:4138} INFO - Setting next_dagrun for example_branch_dop_operator_v3 to 2024-08-26 22:57:00+00:00, run_after=2024-08-26 22:58:00+00:00
[2024-08-26T15:58:17.688-0700] {processor.py:208} INFO - Processing /home/jerson/airflow_venv/lib/python3.10/site-packages/airflow/example_dags/example_branch_python_dop_operator_3.py took 0.047 seconds
[2024-08-26T15:59:29.739-0700] {processor.py:186} INFO - Started process (PID=25924) to work on /home/jerson/airflow_venv/lib/python3.10/site-packages/airflow/example_dags/example_branch_python_dop_operator_3.py
[2024-08-26T15:59:29.740-0700] {processor.py:914} INFO - Processing file /home/jerson/airflow_venv/lib/python3.10/site-packages/airflow/example_dags/example_branch_python_dop_operator_3.py for tasks to queue
[2024-08-26T15:59:29.741-0700] {logging_mixin.py:190} INFO - [2024-08-26T15:59:29.741-0700] {dagbag.py:587} INFO - Filling up the DagBag from /home/jerson/airflow_venv/lib/python3.10/site-packages/airflow/example_dags/example_branch_python_dop_operator_3.py
[2024-08-26T15:59:29.747-0700] {processor.py:925} INFO - DAG(s) 'example_branch_dop_operator_v3' retrieved from /home/jerson/airflow_venv/lib/python3.10/site-packages/airflow/example_dags/example_branch_python_dop_operator_3.py
[2024-08-26T15:59:29.756-0700] {logging_mixin.py:190} INFO - [2024-08-26T15:59:29.755-0700] {dag.py:3211} INFO - Sync 1 DAGs
[2024-08-26T15:59:29.769-0700] {logging_mixin.py:190} INFO - [2024-08-26T15:59:29.769-0700] {dag.py:4138} INFO - Setting next_dagrun for example_branch_dop_operator_v3 to 2024-08-26 22:58:00+00:00, run_after=2024-08-26 22:59:00+00:00
[2024-08-26T15:59:29.787-0700] {processor.py:208} INFO - Processing /home/jerson/airflow_venv/lib/python3.10/site-packages/airflow/example_dags/example_branch_python_dop_operator_3.py took 0.051 seconds
[2024-08-26T16:00:40.385-0700] {processor.py:186} INFO - Started process (PID=26517) to work on /home/jerson/airflow_venv/lib/python3.10/site-packages/airflow/example_dags/example_branch_python_dop_operator_3.py
[2024-08-26T16:00:40.385-0700] {processor.py:914} INFO - Processing file /home/jerson/airflow_venv/lib/python3.10/site-packages/airflow/example_dags/example_branch_python_dop_operator_3.py for tasks to queue
[2024-08-26T16:00:40.387-0700] {logging_mixin.py:190} INFO - [2024-08-26T16:00:40.386-0700] {dagbag.py:587} INFO - Filling up the DagBag from /home/jerson/airflow_venv/lib/python3.10/site-packages/airflow/example_dags/example_branch_python_dop_operator_3.py
[2024-08-26T16:00:40.392-0700] {processor.py:925} INFO - DAG(s) 'example_branch_dop_operator_v3' retrieved from /home/jerson/airflow_venv/lib/python3.10/site-packages/airflow/example_dags/example_branch_python_dop_operator_3.py
[2024-08-26T16:00:40.401-0700] {logging_mixin.py:190} INFO - [2024-08-26T16:00:40.401-0700] {dag.py:3211} INFO - Sync 1 DAGs
[2024-08-26T16:00:40.414-0700] {logging_mixin.py:190} INFO - [2024-08-26T16:00:40.414-0700] {dag.py:4138} INFO - Setting next_dagrun for example_branch_dop_operator_v3 to 2024-08-26 22:59:00+00:00, run_after=2024-08-26 23:00:00+00:00
[2024-08-26T16:00:40.431-0700] {processor.py:208} INFO - Processing /home/jerson/airflow_venv/lib/python3.10/site-packages/airflow/example_dags/example_branch_python_dop_operator_3.py took 0.050 seconds
[2024-08-26T16:01:51.137-0700] {processor.py:186} INFO - Started process (PID=27081) to work on /home/jerson/airflow_venv/lib/python3.10/site-packages/airflow/example_dags/example_branch_python_dop_operator_3.py
[2024-08-26T16:01:51.138-0700] {processor.py:914} INFO - Processing file /home/jerson/airflow_venv/lib/python3.10/site-packages/airflow/example_dags/example_branch_python_dop_operator_3.py for tasks to queue
[2024-08-26T16:01:51.139-0700] {logging_mixin.py:190} INFO - [2024-08-26T16:01:51.139-0700] {dagbag.py:587} INFO - Filling up the DagBag from /home/jerson/airflow_venv/lib/python3.10/site-packages/airflow/example_dags/example_branch_python_dop_operator_3.py
[2024-08-26T16:01:51.145-0700] {processor.py:925} INFO - DAG(s) 'example_branch_dop_operator_v3' retrieved from /home/jerson/airflow_venv/lib/python3.10/site-packages/airflow/example_dags/example_branch_python_dop_operator_3.py
[2024-08-26T16:01:51.154-0700] {logging_mixin.py:190} INFO - [2024-08-26T16:01:51.154-0700] {dag.py:3211} INFO - Sync 1 DAGs
[2024-08-26T16:01:51.168-0700] {logging_mixin.py:190} INFO - [2024-08-26T16:01:51.168-0700] {dag.py:4138} INFO - Setting next_dagrun for example_branch_dop_operator_v3 to 2024-08-26 23:00:00+00:00, run_after=2024-08-26 23:01:00+00:00
[2024-08-26T16:01:51.184-0700] {processor.py:208} INFO - Processing /home/jerson/airflow_venv/lib/python3.10/site-packages/airflow/example_dags/example_branch_python_dop_operator_3.py took 0.050 seconds
[2024-08-26T16:03:08.190-0700] {processor.py:186} INFO - Started process (PID=27693) to work on /home/jerson/airflow_venv/lib/python3.10/site-packages/airflow/example_dags/example_branch_python_dop_operator_3.py
[2024-08-26T16:03:08.191-0700] {processor.py:914} INFO - Processing file /home/jerson/airflow_venv/lib/python3.10/site-packages/airflow/example_dags/example_branch_python_dop_operator_3.py for tasks to queue
[2024-08-26T16:03:08.193-0700] {logging_mixin.py:190} INFO - [2024-08-26T16:03:08.193-0700] {dagbag.py:587} INFO - Filling up the DagBag from /home/jerson/airflow_venv/lib/python3.10/site-packages/airflow/example_dags/example_branch_python_dop_operator_3.py
[2024-08-26T16:03:08.198-0700] {processor.py:925} INFO - DAG(s) 'example_branch_dop_operator_v3' retrieved from /home/jerson/airflow_venv/lib/python3.10/site-packages/airflow/example_dags/example_branch_python_dop_operator_3.py
[2024-08-26T16:03:08.207-0700] {logging_mixin.py:190} INFO - [2024-08-26T16:03:08.207-0700] {dag.py:3211} INFO - Sync 1 DAGs
[2024-08-26T16:03:08.220-0700] {logging_mixin.py:190} INFO - [2024-08-26T16:03:08.220-0700] {dag.py:4138} INFO - Setting next_dagrun for example_branch_dop_operator_v3 to 2024-08-26 23:02:00+00:00, run_after=2024-08-26 23:03:00+00:00
[2024-08-26T16:03:08.235-0700] {processor.py:208} INFO - Processing /home/jerson/airflow_venv/lib/python3.10/site-packages/airflow/example_dags/example_branch_python_dop_operator_3.py took 0.048 seconds
[2024-08-26T16:04:21.311-0700] {processor.py:186} INFO - Started process (PID=28276) to work on /home/jerson/airflow_venv/lib/python3.10/site-packages/airflow/example_dags/example_branch_python_dop_operator_3.py
[2024-08-26T16:04:21.312-0700] {processor.py:914} INFO - Processing file /home/jerson/airflow_venv/lib/python3.10/site-packages/airflow/example_dags/example_branch_python_dop_operator_3.py for tasks to queue
[2024-08-26T16:04:21.313-0700] {logging_mixin.py:190} INFO - [2024-08-26T16:04:21.313-0700] {dagbag.py:587} INFO - Filling up the DagBag from /home/jerson/airflow_venv/lib/python3.10/site-packages/airflow/example_dags/example_branch_python_dop_operator_3.py
[2024-08-26T16:04:21.319-0700] {processor.py:925} INFO - DAG(s) 'example_branch_dop_operator_v3' retrieved from /home/jerson/airflow_venv/lib/python3.10/site-packages/airflow/example_dags/example_branch_python_dop_operator_3.py
[2024-08-26T16:04:21.328-0700] {logging_mixin.py:190} INFO - [2024-08-26T16:04:21.328-0700] {dag.py:3211} INFO - Sync 1 DAGs
[2024-08-26T16:04:21.342-0700] {logging_mixin.py:190} INFO - [2024-08-26T16:04:21.342-0700] {dag.py:4138} INFO - Setting next_dagrun for example_branch_dop_operator_v3 to 2024-08-26 23:03:00+00:00, run_after=2024-08-26 23:04:00+00:00
[2024-08-26T16:04:21.357-0700] {processor.py:208} INFO - Processing /home/jerson/airflow_venv/lib/python3.10/site-packages/airflow/example_dags/example_branch_python_dop_operator_3.py took 0.049 seconds
[2024-08-26T16:05:31.948-0700] {processor.py:186} INFO - Started process (PID=28873) to work on /home/jerson/airflow_venv/lib/python3.10/site-packages/airflow/example_dags/example_branch_python_dop_operator_3.py
[2024-08-26T16:05:31.949-0700] {processor.py:914} INFO - Processing file /home/jerson/airflow_venv/lib/python3.10/site-packages/airflow/example_dags/example_branch_python_dop_operator_3.py for tasks to queue
[2024-08-26T16:05:31.951-0700] {logging_mixin.py:190} INFO - [2024-08-26T16:05:31.950-0700] {dagbag.py:587} INFO - Filling up the DagBag from /home/jerson/airflow_venv/lib/python3.10/site-packages/airflow/example_dags/example_branch_python_dop_operator_3.py
[2024-08-26T16:05:31.956-0700] {processor.py:925} INFO - DAG(s) 'example_branch_dop_operator_v3' retrieved from /home/jerson/airflow_venv/lib/python3.10/site-packages/airflow/example_dags/example_branch_python_dop_operator_3.py
[2024-08-26T16:05:31.965-0700] {logging_mixin.py:190} INFO - [2024-08-26T16:05:31.965-0700] {dag.py:3211} INFO - Sync 1 DAGs
[2024-08-26T16:05:31.978-0700] {logging_mixin.py:190} INFO - [2024-08-26T16:05:31.978-0700] {dag.py:4138} INFO - Setting next_dagrun for example_branch_dop_operator_v3 to 2024-08-26 23:04:00+00:00, run_after=2024-08-26 23:05:00+00:00
[2024-08-26T16:05:31.995-0700] {processor.py:208} INFO - Processing /home/jerson/airflow_venv/lib/python3.10/site-packages/airflow/example_dags/example_branch_python_dop_operator_3.py took 0.050 seconds
[2024-08-26T16:06:43.890-0700] {processor.py:186} INFO - Started process (PID=29449) to work on /home/jerson/airflow_venv/lib/python3.10/site-packages/airflow/example_dags/example_branch_python_dop_operator_3.py
[2024-08-26T16:06:43.891-0700] {processor.py:914} INFO - Processing file /home/jerson/airflow_venv/lib/python3.10/site-packages/airflow/example_dags/example_branch_python_dop_operator_3.py for tasks to queue
[2024-08-26T16:06:43.893-0700] {logging_mixin.py:190} INFO - [2024-08-26T16:06:43.892-0700] {dagbag.py:587} INFO - Filling up the DagBag from /home/jerson/airflow_venv/lib/python3.10/site-packages/airflow/example_dags/example_branch_python_dop_operator_3.py
[2024-08-26T16:06:43.898-0700] {processor.py:925} INFO - DAG(s) 'example_branch_dop_operator_v3' retrieved from /home/jerson/airflow_venv/lib/python3.10/site-packages/airflow/example_dags/example_branch_python_dop_operator_3.py
[2024-08-26T16:06:43.907-0700] {logging_mixin.py:190} INFO - [2024-08-26T16:06:43.907-0700] {dag.py:3211} INFO - Sync 1 DAGs
[2024-08-26T16:06:43.921-0700] {logging_mixin.py:190} INFO - [2024-08-26T16:06:43.921-0700] {dag.py:4138} INFO - Setting next_dagrun for example_branch_dop_operator_v3 to 2024-08-26 23:05:00+00:00, run_after=2024-08-26 23:06:00+00:00
[2024-08-26T16:06:43.935-0700] {processor.py:208} INFO - Processing /home/jerson/airflow_venv/lib/python3.10/site-packages/airflow/example_dags/example_branch_python_dop_operator_3.py took 0.048 seconds
[2024-08-26T16:08:16.871-0700] {processor.py:186} INFO - Started process (PID=30173) to work on /home/jerson/airflow_venv/lib/python3.10/site-packages/airflow/example_dags/example_branch_python_dop_operator_3.py
[2024-08-26T16:08:16.871-0700] {processor.py:914} INFO - Processing file /home/jerson/airflow_venv/lib/python3.10/site-packages/airflow/example_dags/example_branch_python_dop_operator_3.py for tasks to queue
[2024-08-26T16:08:16.873-0700] {logging_mixin.py:190} INFO - [2024-08-26T16:08:16.872-0700] {dagbag.py:587} INFO - Filling up the DagBag from /home/jerson/airflow_venv/lib/python3.10/site-packages/airflow/example_dags/example_branch_python_dop_operator_3.py
[2024-08-26T16:08:16.879-0700] {processor.py:925} INFO - DAG(s) 'example_branch_dop_operator_v3' retrieved from /home/jerson/airflow_venv/lib/python3.10/site-packages/airflow/example_dags/example_branch_python_dop_operator_3.py
[2024-08-26T16:08:16.887-0700] {logging_mixin.py:190} INFO - [2024-08-26T16:08:16.887-0700] {dag.py:3211} INFO - Sync 1 DAGs
[2024-08-26T16:08:16.901-0700] {logging_mixin.py:190} INFO - [2024-08-26T16:08:16.901-0700] {dag.py:4138} INFO - Setting next_dagrun for example_branch_dop_operator_v3 to 2024-08-26 23:07:00+00:00, run_after=2024-08-26 23:08:00+00:00
[2024-08-26T16:08:16.915-0700] {processor.py:208} INFO - Processing /home/jerson/airflow_venv/lib/python3.10/site-packages/airflow/example_dags/example_branch_python_dop_operator_3.py took 0.048 seconds
[2024-08-26T16:09:31.112-0700] {processor.py:186} INFO - Started process (PID=30767) to work on /home/jerson/airflow_venv/lib/python3.10/site-packages/airflow/example_dags/example_branch_python_dop_operator_3.py
[2024-08-26T16:09:31.113-0700] {processor.py:914} INFO - Processing file /home/jerson/airflow_venv/lib/python3.10/site-packages/airflow/example_dags/example_branch_python_dop_operator_3.py for tasks to queue
[2024-08-26T16:09:31.114-0700] {logging_mixin.py:190} INFO - [2024-08-26T16:09:31.114-0700] {dagbag.py:587} INFO - Filling up the DagBag from /home/jerson/airflow_venv/lib/python3.10/site-packages/airflow/example_dags/example_branch_python_dop_operator_3.py
[2024-08-26T16:09:31.120-0700] {processor.py:925} INFO - DAG(s) 'example_branch_dop_operator_v3' retrieved from /home/jerson/airflow_venv/lib/python3.10/site-packages/airflow/example_dags/example_branch_python_dop_operator_3.py
[2024-08-26T16:09:31.128-0700] {logging_mixin.py:190} INFO - [2024-08-26T16:09:31.128-0700] {dag.py:3211} INFO - Sync 1 DAGs
[2024-08-26T16:09:31.141-0700] {logging_mixin.py:190} INFO - [2024-08-26T16:09:31.141-0700] {dag.py:4138} INFO - Setting next_dagrun for example_branch_dop_operator_v3 to 2024-08-26 23:08:00+00:00, run_after=2024-08-26 23:09:00+00:00
[2024-08-26T16:09:31.209-0700] {processor.py:208} INFO - Processing /home/jerson/airflow_venv/lib/python3.10/site-packages/airflow/example_dags/example_branch_python_dop_operator_3.py took 0.101 seconds
[2024-08-26T16:10:41.840-0700] {processor.py:186} INFO - Started process (PID=31359) to work on /home/jerson/airflow_venv/lib/python3.10/site-packages/airflow/example_dags/example_branch_python_dop_operator_3.py
[2024-08-26T16:10:41.841-0700] {processor.py:914} INFO - Processing file /home/jerson/airflow_venv/lib/python3.10/site-packages/airflow/example_dags/example_branch_python_dop_operator_3.py for tasks to queue
[2024-08-26T16:10:41.842-0700] {logging_mixin.py:190} INFO - [2024-08-26T16:10:41.842-0700] {dagbag.py:587} INFO - Filling up the DagBag from /home/jerson/airflow_venv/lib/python3.10/site-packages/airflow/example_dags/example_branch_python_dop_operator_3.py
[2024-08-26T16:10:41.850-0700] {processor.py:925} INFO - DAG(s) 'example_branch_dop_operator_v3' retrieved from /home/jerson/airflow_venv/lib/python3.10/site-packages/airflow/example_dags/example_branch_python_dop_operator_3.py
[2024-08-26T16:10:41.861-0700] {logging_mixin.py:190} INFO - [2024-08-26T16:10:41.861-0700] {dag.py:3211} INFO - Sync 1 DAGs
[2024-08-26T16:10:41.876-0700] {logging_mixin.py:190} INFO - [2024-08-26T16:10:41.876-0700] {dag.py:4138} INFO - Setting next_dagrun for example_branch_dop_operator_v3 to 2024-08-26 23:09:00+00:00, run_after=2024-08-26 23:10:00+00:00
[2024-08-26T16:10:41.891-0700] {processor.py:208} INFO - Processing /home/jerson/airflow_venv/lib/python3.10/site-packages/airflow/example_dags/example_branch_python_dop_operator_3.py took 0.054 seconds
[2024-08-26T16:11:55.789-0700] {processor.py:186} INFO - Started process (PID=31946) to work on /home/jerson/airflow_venv/lib/python3.10/site-packages/airflow/example_dags/example_branch_python_dop_operator_3.py
[2024-08-26T16:11:55.789-0700] {processor.py:914} INFO - Processing file /home/jerson/airflow_venv/lib/python3.10/site-packages/airflow/example_dags/example_branch_python_dop_operator_3.py for tasks to queue
[2024-08-26T16:11:55.791-0700] {logging_mixin.py:190} INFO - [2024-08-26T16:11:55.790-0700] {dagbag.py:587} INFO - Filling up the DagBag from /home/jerson/airflow_venv/lib/python3.10/site-packages/airflow/example_dags/example_branch_python_dop_operator_3.py
[2024-08-26T16:11:55.797-0700] {processor.py:925} INFO - DAG(s) 'example_branch_dop_operator_v3' retrieved from /home/jerson/airflow_venv/lib/python3.10/site-packages/airflow/example_dags/example_branch_python_dop_operator_3.py
[2024-08-26T16:11:55.806-0700] {logging_mixin.py:190} INFO - [2024-08-26T16:11:55.806-0700] {dag.py:3211} INFO - Sync 1 DAGs
[2024-08-26T16:11:55.818-0700] {logging_mixin.py:190} INFO - [2024-08-26T16:11:55.818-0700] {dag.py:4138} INFO - Setting next_dagrun for example_branch_dop_operator_v3 to 2024-08-26 23:10:00+00:00, run_after=2024-08-26 23:11:00+00:00
[2024-08-26T16:11:55.833-0700] {processor.py:208} INFO - Processing /home/jerson/airflow_venv/lib/python3.10/site-packages/airflow/example_dags/example_branch_python_dop_operator_3.py took 0.047 seconds
