[2024-08-26T15:21:42.628-0700] {processor.py:186} INFO - Started process (PID=7442) to work on /home/jerson/airflow_venv/lib/python3.10/site-packages/airflow/example_dags/example_trigger_controller_dag.py
[2024-08-26T15:21:42.628-0700] {processor.py:914} INFO - Processing file /home/jerson/airflow_venv/lib/python3.10/site-packages/airflow/example_dags/example_trigger_controller_dag.py for tasks to queue
[2024-08-26T15:21:42.629-0700] {logging_mixin.py:190} INFO - [2024-08-26T15:21:42.629-0700] {dagbag.py:587} INFO - Filling up the DagBag from /home/jerson/airflow_venv/lib/python3.10/site-packages/airflow/example_dags/example_trigger_controller_dag.py
[2024-08-26T15:21:42.632-0700] {processor.py:925} INFO - DAG(s) 'example_trigger_controller_dag' retrieved from /home/jerson/airflow_venv/lib/python3.10/site-packages/airflow/example_dags/example_trigger_controller_dag.py
[2024-08-26T15:21:42.697-0700] {logging_mixin.py:190} INFO - [2024-08-26T15:21:42.696-0700] {override.py:1900} INFO - Created Permission View: can read on DAG:example_trigger_controller_dag
[2024-08-26T15:21:42.707-0700] {logging_mixin.py:190} INFO - [2024-08-26T15:21:42.706-0700] {override.py:1900} INFO - Created Permission View: can delete on DAG:example_trigger_controller_dag
[2024-08-26T15:21:42.716-0700] {logging_mixin.py:190} INFO - [2024-08-26T15:21:42.715-0700] {override.py:1900} INFO - Created Permission View: can edit on DAG:example_trigger_controller_dag
[2024-08-26T15:21:42.729-0700] {logging_mixin.py:190} INFO - [2024-08-26T15:21:42.729-0700] {override.py:1900} INFO - Created Permission View: can read on DAG Run:example_trigger_controller_dag
[2024-08-26T15:21:42.737-0700] {logging_mixin.py:190} INFO - [2024-08-26T15:21:42.737-0700] {override.py:1900} INFO - Created Permission View: can create on DAG Run:example_trigger_controller_dag
[2024-08-26T15:21:42.746-0700] {logging_mixin.py:190} INFO - [2024-08-26T15:21:42.746-0700] {override.py:1900} INFO - Created Permission View: menu access on DAG Run:example_trigger_controller_dag
[2024-08-26T15:21:42.754-0700] {logging_mixin.py:190} INFO - [2024-08-26T15:21:42.754-0700] {override.py:1900} INFO - Created Permission View: can delete on DAG Run:example_trigger_controller_dag
[2024-08-26T15:21:42.755-0700] {logging_mixin.py:190} INFO - [2024-08-26T15:21:42.755-0700] {dag.py:3211} INFO - Sync 1 DAGs
[2024-08-26T15:21:42.762-0700] {logging_mixin.py:190} INFO - [2024-08-26T15:21:42.762-0700] {dag.py:3234} INFO - Creating ORM DAG for example_trigger_controller_dag
[2024-08-26T15:21:42.766-0700] {logging_mixin.py:190} INFO - [2024-08-26T15:21:42.766-0700] {dag.py:4138} INFO - Setting next_dagrun for example_trigger_controller_dag to 2021-01-01 00:00:00+00:00, run_after=2021-01-01 00:00:00+00:00
[2024-08-26T15:21:42.782-0700] {processor.py:208} INFO - Processing /home/jerson/airflow_venv/lib/python3.10/site-packages/airflow/example_dags/example_trigger_controller_dag.py took 0.157 seconds
[2024-08-26T15:22:40.535-0700] {processor.py:186} INFO - Started process (PID=7792) to work on /home/jerson/airflow_venv/lib/python3.10/site-packages/airflow/example_dags/example_trigger_controller_dag.py
[2024-08-26T15:22:40.536-0700] {processor.py:914} INFO - Processing file /home/jerson/airflow_venv/lib/python3.10/site-packages/airflow/example_dags/example_trigger_controller_dag.py for tasks to queue
[2024-08-26T15:22:40.537-0700] {logging_mixin.py:190} INFO - [2024-08-26T15:22:40.537-0700] {dagbag.py:587} INFO - Filling up the DagBag from /home/jerson/airflow_venv/lib/python3.10/site-packages/airflow/example_dags/example_trigger_controller_dag.py
[2024-08-26T15:22:40.540-0700] {processor.py:925} INFO - DAG(s) 'example_trigger_controller_dag' retrieved from /home/jerson/airflow_venv/lib/python3.10/site-packages/airflow/example_dags/example_trigger_controller_dag.py
[2024-08-26T15:22:40.548-0700] {logging_mixin.py:190} INFO - [2024-08-26T15:22:40.548-0700] {dag.py:3211} INFO - Sync 1 DAGs
[2024-08-26T15:22:40.559-0700] {logging_mixin.py:190} INFO - [2024-08-26T15:22:40.559-0700] {dag.py:4138} INFO - Setting next_dagrun for example_trigger_controller_dag to 2021-01-01 00:00:00+00:00, run_after=2021-01-01 00:00:00+00:00
[2024-08-26T15:22:40.575-0700] {processor.py:208} INFO - Processing /home/jerson/airflow_venv/lib/python3.10/site-packages/airflow/example_dags/example_trigger_controller_dag.py took 0.044 seconds
[2024-08-26T15:23:33.068-0700] {processor.py:186} INFO - Started process (PID=8078) to work on /home/jerson/airflow_venv/lib/python3.10/site-packages/airflow/example_dags/example_trigger_controller_dag.py
[2024-08-26T15:23:33.069-0700] {processor.py:914} INFO - Processing file /home/jerson/airflow_venv/lib/python3.10/site-packages/airflow/example_dags/example_trigger_controller_dag.py for tasks to queue
[2024-08-26T15:23:33.070-0700] {logging_mixin.py:190} INFO - [2024-08-26T15:23:33.070-0700] {dagbag.py:587} INFO - Filling up the DagBag from /home/jerson/airflow_venv/lib/python3.10/site-packages/airflow/example_dags/example_trigger_controller_dag.py
[2024-08-26T15:23:33.074-0700] {processor.py:925} INFO - DAG(s) 'example_trigger_controller_dag' retrieved from /home/jerson/airflow_venv/lib/python3.10/site-packages/airflow/example_dags/example_trigger_controller_dag.py
[2024-08-26T15:23:33.084-0700] {logging_mixin.py:190} INFO - [2024-08-26T15:23:33.083-0700] {dag.py:3211} INFO - Sync 1 DAGs
[2024-08-26T15:23:33.094-0700] {logging_mixin.py:190} INFO - [2024-08-26T15:23:33.094-0700] {dag.py:4138} INFO - Setting next_dagrun for example_trigger_controller_dag to 2021-01-01 00:00:00+00:00, run_after=2021-01-01 00:00:00+00:00
[2024-08-26T15:23:33.110-0700] {processor.py:208} INFO - Processing /home/jerson/airflow_venv/lib/python3.10/site-packages/airflow/example_dags/example_trigger_controller_dag.py took 0.045 seconds
[2024-08-26T15:24:23.741-0700] {processor.py:186} INFO - Started process (PID=8345) to work on /home/jerson/airflow_venv/lib/python3.10/site-packages/airflow/example_dags/example_trigger_controller_dag.py
[2024-08-26T15:24:23.742-0700] {processor.py:914} INFO - Processing file /home/jerson/airflow_venv/lib/python3.10/site-packages/airflow/example_dags/example_trigger_controller_dag.py for tasks to queue
[2024-08-26T15:24:23.744-0700] {logging_mixin.py:190} INFO - [2024-08-26T15:24:23.743-0700] {dagbag.py:587} INFO - Filling up the DagBag from /home/jerson/airflow_venv/lib/python3.10/site-packages/airflow/example_dags/example_trigger_controller_dag.py
[2024-08-26T15:24:23.747-0700] {processor.py:925} INFO - DAG(s) 'example_trigger_controller_dag' retrieved from /home/jerson/airflow_venv/lib/python3.10/site-packages/airflow/example_dags/example_trigger_controller_dag.py
[2024-08-26T15:24:23.755-0700] {logging_mixin.py:190} INFO - [2024-08-26T15:24:23.755-0700] {dag.py:3211} INFO - Sync 1 DAGs
[2024-08-26T15:24:23.765-0700] {logging_mixin.py:190} INFO - [2024-08-26T15:24:23.765-0700] {dag.py:4138} INFO - Setting next_dagrun for example_trigger_controller_dag to 2021-01-01 00:00:00+00:00, run_after=2021-01-01 00:00:00+00:00
[2024-08-26T15:24:23.780-0700] {processor.py:208} INFO - Processing /home/jerson/airflow_venv/lib/python3.10/site-packages/airflow/example_dags/example_trigger_controller_dag.py took 0.042 seconds
[2024-08-26T15:25:26.136-0700] {processor.py:186} INFO - Started process (PID=8647) to work on /home/jerson/airflow_venv/lib/python3.10/site-packages/airflow/example_dags/example_trigger_controller_dag.py
[2024-08-26T15:25:26.137-0700] {processor.py:914} INFO - Processing file /home/jerson/airflow_venv/lib/python3.10/site-packages/airflow/example_dags/example_trigger_controller_dag.py for tasks to queue
[2024-08-26T15:25:26.138-0700] {logging_mixin.py:190} INFO - [2024-08-26T15:25:26.138-0700] {dagbag.py:587} INFO - Filling up the DagBag from /home/jerson/airflow_venv/lib/python3.10/site-packages/airflow/example_dags/example_trigger_controller_dag.py
[2024-08-26T15:25:26.142-0700] {processor.py:925} INFO - DAG(s) 'example_trigger_controller_dag' retrieved from /home/jerson/airflow_venv/lib/python3.10/site-packages/airflow/example_dags/example_trigger_controller_dag.py
[2024-08-26T15:25:26.152-0700] {logging_mixin.py:190} INFO - [2024-08-26T15:25:26.152-0700] {dag.py:3211} INFO - Sync 1 DAGs
[2024-08-26T15:25:26.162-0700] {logging_mixin.py:190} INFO - [2024-08-26T15:25:26.162-0700] {dag.py:4138} INFO - Setting next_dagrun for example_trigger_controller_dag to 2021-01-01 00:00:00+00:00, run_after=2021-01-01 00:00:00+00:00
[2024-08-26T15:25:26.178-0700] {processor.py:208} INFO - Processing /home/jerson/airflow_venv/lib/python3.10/site-packages/airflow/example_dags/example_trigger_controller_dag.py took 0.045 seconds
[2024-08-26T15:26:20.928-0700] {processor.py:186} INFO - Started process (PID=8939) to work on /home/jerson/airflow_venv/lib/python3.10/site-packages/airflow/example_dags/example_trigger_controller_dag.py
[2024-08-26T15:26:20.929-0700] {processor.py:914} INFO - Processing file /home/jerson/airflow_venv/lib/python3.10/site-packages/airflow/example_dags/example_trigger_controller_dag.py for tasks to queue
[2024-08-26T15:26:20.930-0700] {logging_mixin.py:190} INFO - [2024-08-26T15:26:20.930-0700] {dagbag.py:587} INFO - Filling up the DagBag from /home/jerson/airflow_venv/lib/python3.10/site-packages/airflow/example_dags/example_trigger_controller_dag.py
[2024-08-26T15:26:20.934-0700] {processor.py:925} INFO - DAG(s) 'example_trigger_controller_dag' retrieved from /home/jerson/airflow_venv/lib/python3.10/site-packages/airflow/example_dags/example_trigger_controller_dag.py
[2024-08-26T15:26:20.942-0700] {logging_mixin.py:190} INFO - [2024-08-26T15:26:20.942-0700] {dag.py:3211} INFO - Sync 1 DAGs
[2024-08-26T15:26:20.954-0700] {logging_mixin.py:190} INFO - [2024-08-26T15:26:20.953-0700] {dag.py:4138} INFO - Setting next_dagrun for example_trigger_controller_dag to 2021-01-01 00:00:00+00:00, run_after=2021-01-01 00:00:00+00:00
[2024-08-26T15:26:20.970-0700] {processor.py:208} INFO - Processing /home/jerson/airflow_venv/lib/python3.10/site-packages/airflow/example_dags/example_trigger_controller_dag.py took 0.045 seconds
[2024-08-26T15:27:08.865-0700] {processor.py:186} INFO - Started process (PID=9179) to work on /home/jerson/airflow_venv/lib/python3.10/site-packages/airflow/example_dags/example_trigger_controller_dag.py
[2024-08-26T15:27:08.866-0700] {processor.py:914} INFO - Processing file /home/jerson/airflow_venv/lib/python3.10/site-packages/airflow/example_dags/example_trigger_controller_dag.py for tasks to queue
[2024-08-26T15:27:08.867-0700] {logging_mixin.py:190} INFO - [2024-08-26T15:27:08.867-0700] {dagbag.py:587} INFO - Filling up the DagBag from /home/jerson/airflow_venv/lib/python3.10/site-packages/airflow/example_dags/example_trigger_controller_dag.py
[2024-08-26T15:27:08.870-0700] {processor.py:925} INFO - DAG(s) 'example_trigger_controller_dag' retrieved from /home/jerson/airflow_venv/lib/python3.10/site-packages/airflow/example_dags/example_trigger_controller_dag.py
[2024-08-26T15:27:08.879-0700] {logging_mixin.py:190} INFO - [2024-08-26T15:27:08.879-0700] {dag.py:3211} INFO - Sync 1 DAGs
[2024-08-26T15:27:08.889-0700] {logging_mixin.py:190} INFO - [2024-08-26T15:27:08.889-0700] {dag.py:4138} INFO - Setting next_dagrun for example_trigger_controller_dag to 2021-01-01 00:00:00+00:00, run_after=2021-01-01 00:00:00+00:00
[2024-08-26T15:27:08.905-0700] {processor.py:208} INFO - Processing /home/jerson/airflow_venv/lib/python3.10/site-packages/airflow/example_dags/example_trigger_controller_dag.py took 0.044 seconds
[2024-08-26T15:28:02.912-0700] {processor.py:186} INFO - Started process (PID=9449) to work on /home/jerson/airflow_venv/lib/python3.10/site-packages/airflow/example_dags/example_trigger_controller_dag.py
[2024-08-26T15:28:02.913-0700] {processor.py:914} INFO - Processing file /home/jerson/airflow_venv/lib/python3.10/site-packages/airflow/example_dags/example_trigger_controller_dag.py for tasks to queue
[2024-08-26T15:28:02.914-0700] {logging_mixin.py:190} INFO - [2024-08-26T15:28:02.914-0700] {dagbag.py:587} INFO - Filling up the DagBag from /home/jerson/airflow_venv/lib/python3.10/site-packages/airflow/example_dags/example_trigger_controller_dag.py
[2024-08-26T15:28:02.918-0700] {processor.py:925} INFO - DAG(s) 'example_trigger_controller_dag' retrieved from /home/jerson/airflow_venv/lib/python3.10/site-packages/airflow/example_dags/example_trigger_controller_dag.py
[2024-08-26T15:28:02.926-0700] {logging_mixin.py:190} INFO - [2024-08-26T15:28:02.926-0700] {dag.py:3211} INFO - Sync 1 DAGs
[2024-08-26T15:28:02.938-0700] {logging_mixin.py:190} INFO - [2024-08-26T15:28:02.938-0700] {dag.py:4138} INFO - Setting next_dagrun for example_trigger_controller_dag to 2021-01-01 00:00:00+00:00, run_after=2021-01-01 00:00:00+00:00
[2024-08-26T15:28:02.955-0700] {processor.py:208} INFO - Processing /home/jerson/airflow_venv/lib/python3.10/site-packages/airflow/example_dags/example_trigger_controller_dag.py took 0.046 seconds
[2024-08-26T15:28:51.587-0700] {processor.py:186} INFO - Started process (PID=9700) to work on /home/jerson/airflow_venv/lib/python3.10/site-packages/airflow/example_dags/example_trigger_controller_dag.py
[2024-08-26T15:28:51.588-0700] {processor.py:914} INFO - Processing file /home/jerson/airflow_venv/lib/python3.10/site-packages/airflow/example_dags/example_trigger_controller_dag.py for tasks to queue
[2024-08-26T15:28:51.589-0700] {logging_mixin.py:190} INFO - [2024-08-26T15:28:51.589-0700] {dagbag.py:587} INFO - Filling up the DagBag from /home/jerson/airflow_venv/lib/python3.10/site-packages/airflow/example_dags/example_trigger_controller_dag.py
[2024-08-26T15:28:51.593-0700] {processor.py:925} INFO - DAG(s) 'example_trigger_controller_dag' retrieved from /home/jerson/airflow_venv/lib/python3.10/site-packages/airflow/example_dags/example_trigger_controller_dag.py
[2024-08-26T15:28:51.601-0700] {logging_mixin.py:190} INFO - [2024-08-26T15:28:51.601-0700] {dag.py:3211} INFO - Sync 1 DAGs
[2024-08-26T15:28:51.612-0700] {logging_mixin.py:190} INFO - [2024-08-26T15:28:51.612-0700] {dag.py:4138} INFO - Setting next_dagrun for example_trigger_controller_dag to 2021-01-01 00:00:00+00:00, run_after=2021-01-01 00:00:00+00:00
[2024-08-26T15:28:51.629-0700] {processor.py:208} INFO - Processing /home/jerson/airflow_venv/lib/python3.10/site-packages/airflow/example_dags/example_trigger_controller_dag.py took 0.045 seconds
[2024-08-26T15:29:42.894-0700] {processor.py:186} INFO - Started process (PID=10043) to work on /home/jerson/airflow_venv/lib/python3.10/site-packages/airflow/example_dags/example_trigger_controller_dag.py
[2024-08-26T15:29:42.895-0700] {processor.py:914} INFO - Processing file /home/jerson/airflow_venv/lib/python3.10/site-packages/airflow/example_dags/example_trigger_controller_dag.py for tasks to queue
[2024-08-26T15:29:42.896-0700] {logging_mixin.py:190} INFO - [2024-08-26T15:29:42.896-0700] {dagbag.py:587} INFO - Filling up the DagBag from /home/jerson/airflow_venv/lib/python3.10/site-packages/airflow/example_dags/example_trigger_controller_dag.py
[2024-08-26T15:29:42.899-0700] {processor.py:925} INFO - DAG(s) 'example_trigger_controller_dag' retrieved from /home/jerson/airflow_venv/lib/python3.10/site-packages/airflow/example_dags/example_trigger_controller_dag.py
[2024-08-26T15:29:42.908-0700] {logging_mixin.py:190} INFO - [2024-08-26T15:29:42.907-0700] {dag.py:3211} INFO - Sync 1 DAGs
[2024-08-26T15:29:42.919-0700] {logging_mixin.py:190} INFO - [2024-08-26T15:29:42.919-0700] {dag.py:4138} INFO - Setting next_dagrun for example_trigger_controller_dag to 2021-01-01 00:00:00+00:00, run_after=2021-01-01 00:00:00+00:00
[2024-08-26T15:29:42.933-0700] {processor.py:208} INFO - Processing /home/jerson/airflow_venv/lib/python3.10/site-packages/airflow/example_dags/example_trigger_controller_dag.py took 0.043 seconds
[2024-08-26T15:30:30.290-0700] {processor.py:186} INFO - Started process (PID=10281) to work on /home/jerson/airflow_venv/lib/python3.10/site-packages/airflow/example_dags/example_trigger_controller_dag.py
[2024-08-26T15:30:30.290-0700] {processor.py:914} INFO - Processing file /home/jerson/airflow_venv/lib/python3.10/site-packages/airflow/example_dags/example_trigger_controller_dag.py for tasks to queue
[2024-08-26T15:30:30.292-0700] {logging_mixin.py:190} INFO - [2024-08-26T15:30:30.291-0700] {dagbag.py:587} INFO - Filling up the DagBag from /home/jerson/airflow_venv/lib/python3.10/site-packages/airflow/example_dags/example_trigger_controller_dag.py
[2024-08-26T15:30:30.296-0700] {processor.py:925} INFO - DAG(s) 'example_trigger_controller_dag' retrieved from /home/jerson/airflow_venv/lib/python3.10/site-packages/airflow/example_dags/example_trigger_controller_dag.py
[2024-08-26T15:30:30.306-0700] {logging_mixin.py:190} INFO - [2024-08-26T15:30:30.305-0700] {dag.py:3211} INFO - Sync 1 DAGs
[2024-08-26T15:30:30.319-0700] {logging_mixin.py:190} INFO - [2024-08-26T15:30:30.318-0700] {dag.py:4138} INFO - Setting next_dagrun for example_trigger_controller_dag to 2021-01-01 00:00:00+00:00, run_after=2021-01-01 00:00:00+00:00
[2024-08-26T15:30:30.337-0700] {processor.py:208} INFO - Processing /home/jerson/airflow_venv/lib/python3.10/site-packages/airflow/example_dags/example_trigger_controller_dag.py took 0.052 seconds
[2024-08-26T15:31:18.928-0700] {processor.py:186} INFO - Started process (PID=10551) to work on /home/jerson/airflow_venv/lib/python3.10/site-packages/airflow/example_dags/example_trigger_controller_dag.py
[2024-08-26T15:31:18.977-0700] {processor.py:914} INFO - Processing file /home/jerson/airflow_venv/lib/python3.10/site-packages/airflow/example_dags/example_trigger_controller_dag.py for tasks to queue
[2024-08-26T15:31:18.978-0700] {logging_mixin.py:190} INFO - [2024-08-26T15:31:18.978-0700] {dagbag.py:587} INFO - Filling up the DagBag from /home/jerson/airflow_venv/lib/python3.10/site-packages/airflow/example_dags/example_trigger_controller_dag.py
[2024-08-26T15:31:18.982-0700] {processor.py:925} INFO - DAG(s) 'example_trigger_controller_dag' retrieved from /home/jerson/airflow_venv/lib/python3.10/site-packages/airflow/example_dags/example_trigger_controller_dag.py
[2024-08-26T15:31:18.990-0700] {logging_mixin.py:190} INFO - [2024-08-26T15:31:18.990-0700] {dag.py:3211} INFO - Sync 1 DAGs
[2024-08-26T15:31:19.002-0700] {logging_mixin.py:190} INFO - [2024-08-26T15:31:19.002-0700] {dag.py:4138} INFO - Setting next_dagrun for example_trigger_controller_dag to 2021-01-01 00:00:00+00:00, run_after=2021-01-01 00:00:00+00:00
[2024-08-26T15:31:19.044-0700] {processor.py:208} INFO - Processing /home/jerson/airflow_venv/lib/python3.10/site-packages/airflow/example_dags/example_trigger_controller_dag.py took 0.119 seconds
[2024-08-26T15:32:04.869-0700] {processor.py:186} INFO - Started process (PID=10786) to work on /home/jerson/airflow_venv/lib/python3.10/site-packages/airflow/example_dags/example_trigger_controller_dag.py
[2024-08-26T15:32:04.870-0700] {processor.py:914} INFO - Processing file /home/jerson/airflow_venv/lib/python3.10/site-packages/airflow/example_dags/example_trigger_controller_dag.py for tasks to queue
[2024-08-26T15:32:04.871-0700] {logging_mixin.py:190} INFO - [2024-08-26T15:32:04.871-0700] {dagbag.py:587} INFO - Filling up the DagBag from /home/jerson/airflow_venv/lib/python3.10/site-packages/airflow/example_dags/example_trigger_controller_dag.py
[2024-08-26T15:32:04.875-0700] {processor.py:925} INFO - DAG(s) 'example_trigger_controller_dag' retrieved from /home/jerson/airflow_venv/lib/python3.10/site-packages/airflow/example_dags/example_trigger_controller_dag.py
[2024-08-26T15:32:04.883-0700] {logging_mixin.py:190} INFO - [2024-08-26T15:32:04.883-0700] {dag.py:3211} INFO - Sync 1 DAGs
[2024-08-26T15:32:04.894-0700] {logging_mixin.py:190} INFO - [2024-08-26T15:32:04.894-0700] {dag.py:4138} INFO - Setting next_dagrun for example_trigger_controller_dag to 2021-01-01 00:00:00+00:00, run_after=2021-01-01 00:00:00+00:00
[2024-08-26T15:32:04.909-0700] {processor.py:208} INFO - Processing /home/jerson/airflow_venv/lib/python3.10/site-packages/airflow/example_dags/example_trigger_controller_dag.py took 0.043 seconds
[2024-08-26T15:32:53.142-0700] {processor.py:186} INFO - Started process (PID=11041) to work on /home/jerson/airflow_venv/lib/python3.10/site-packages/airflow/example_dags/example_trigger_controller_dag.py
[2024-08-26T15:32:53.143-0700] {processor.py:914} INFO - Processing file /home/jerson/airflow_venv/lib/python3.10/site-packages/airflow/example_dags/example_trigger_controller_dag.py for tasks to queue
[2024-08-26T15:32:53.144-0700] {logging_mixin.py:190} INFO - [2024-08-26T15:32:53.144-0700] {dagbag.py:587} INFO - Filling up the DagBag from /home/jerson/airflow_venv/lib/python3.10/site-packages/airflow/example_dags/example_trigger_controller_dag.py
[2024-08-26T15:32:53.148-0700] {processor.py:925} INFO - DAG(s) 'example_trigger_controller_dag' retrieved from /home/jerson/airflow_venv/lib/python3.10/site-packages/airflow/example_dags/example_trigger_controller_dag.py
[2024-08-26T15:32:53.156-0700] {logging_mixin.py:190} INFO - [2024-08-26T15:32:53.156-0700] {dag.py:3211} INFO - Sync 1 DAGs
[2024-08-26T15:32:53.166-0700] {logging_mixin.py:190} INFO - [2024-08-26T15:32:53.166-0700] {dag.py:4138} INFO - Setting next_dagrun for example_trigger_controller_dag to 2021-01-01 00:00:00+00:00, run_after=2021-01-01 00:00:00+00:00
[2024-08-26T15:32:53.182-0700] {processor.py:208} INFO - Processing /home/jerson/airflow_venv/lib/python3.10/site-packages/airflow/example_dags/example_trigger_controller_dag.py took 0.043 seconds
[2024-08-26T15:33:47.066-0700] {processor.py:186} INFO - Started process (PID=11317) to work on /home/jerson/airflow_venv/lib/python3.10/site-packages/airflow/example_dags/example_trigger_controller_dag.py
[2024-08-26T15:33:47.067-0700] {processor.py:914} INFO - Processing file /home/jerson/airflow_venv/lib/python3.10/site-packages/airflow/example_dags/example_trigger_controller_dag.py for tasks to queue
[2024-08-26T15:33:47.068-0700] {logging_mixin.py:190} INFO - [2024-08-26T15:33:47.068-0700] {dagbag.py:587} INFO - Filling up the DagBag from /home/jerson/airflow_venv/lib/python3.10/site-packages/airflow/example_dags/example_trigger_controller_dag.py
[2024-08-26T15:33:47.072-0700] {processor.py:925} INFO - DAG(s) 'example_trigger_controller_dag' retrieved from /home/jerson/airflow_venv/lib/python3.10/site-packages/airflow/example_dags/example_trigger_controller_dag.py
[2024-08-26T15:33:47.080-0700] {logging_mixin.py:190} INFO - [2024-08-26T15:33:47.080-0700] {dag.py:3211} INFO - Sync 1 DAGs
[2024-08-26T15:33:47.090-0700] {logging_mixin.py:190} INFO - [2024-08-26T15:33:47.090-0700] {dag.py:4138} INFO - Setting next_dagrun for example_trigger_controller_dag to 2021-01-01 00:00:00+00:00, run_after=2021-01-01 00:00:00+00:00
[2024-08-26T15:33:47.105-0700] {processor.py:208} INFO - Processing /home/jerson/airflow_venv/lib/python3.10/site-packages/airflow/example_dags/example_trigger_controller_dag.py took 0.042 seconds
[2024-08-26T15:34:35.844-0700] {processor.py:186} INFO - Started process (PID=11577) to work on /home/jerson/airflow_venv/lib/python3.10/site-packages/airflow/example_dags/example_trigger_controller_dag.py
[2024-08-26T15:34:35.845-0700] {processor.py:914} INFO - Processing file /home/jerson/airflow_venv/lib/python3.10/site-packages/airflow/example_dags/example_trigger_controller_dag.py for tasks to queue
[2024-08-26T15:34:35.846-0700] {logging_mixin.py:190} INFO - [2024-08-26T15:34:35.846-0700] {dagbag.py:587} INFO - Filling up the DagBag from /home/jerson/airflow_venv/lib/python3.10/site-packages/airflow/example_dags/example_trigger_controller_dag.py
[2024-08-26T15:34:35.850-0700] {processor.py:925} INFO - DAG(s) 'example_trigger_controller_dag' retrieved from /home/jerson/airflow_venv/lib/python3.10/site-packages/airflow/example_dags/example_trigger_controller_dag.py
[2024-08-26T15:34:35.858-0700] {logging_mixin.py:190} INFO - [2024-08-26T15:34:35.858-0700] {dag.py:3211} INFO - Sync 1 DAGs
[2024-08-26T15:34:35.869-0700] {logging_mixin.py:190} INFO - [2024-08-26T15:34:35.869-0700] {dag.py:4138} INFO - Setting next_dagrun for example_trigger_controller_dag to 2021-01-01 00:00:00+00:00, run_after=2021-01-01 00:00:00+00:00
[2024-08-26T15:34:35.883-0700] {processor.py:208} INFO - Processing /home/jerson/airflow_venv/lib/python3.10/site-packages/airflow/example_dags/example_trigger_controller_dag.py took 0.043 seconds
[2024-08-26T15:35:24.314-0700] {processor.py:186} INFO - Started process (PID=11838) to work on /home/jerson/airflow_venv/lib/python3.10/site-packages/airflow/example_dags/example_trigger_controller_dag.py
[2024-08-26T15:35:24.317-0700] {processor.py:914} INFO - Processing file /home/jerson/airflow_venv/lib/python3.10/site-packages/airflow/example_dags/example_trigger_controller_dag.py for tasks to queue
[2024-08-26T15:35:24.318-0700] {logging_mixin.py:190} INFO - [2024-08-26T15:35:24.318-0700] {dagbag.py:587} INFO - Filling up the DagBag from /home/jerson/airflow_venv/lib/python3.10/site-packages/airflow/example_dags/example_trigger_controller_dag.py
[2024-08-26T15:35:24.322-0700] {processor.py:925} INFO - DAG(s) 'example_trigger_controller_dag' retrieved from /home/jerson/airflow_venv/lib/python3.10/site-packages/airflow/example_dags/example_trigger_controller_dag.py
[2024-08-26T15:35:24.329-0700] {logging_mixin.py:190} INFO - [2024-08-26T15:35:24.329-0700] {dag.py:3211} INFO - Sync 1 DAGs
[2024-08-26T15:35:24.340-0700] {logging_mixin.py:190} INFO - [2024-08-26T15:35:24.340-0700] {dag.py:4138} INFO - Setting next_dagrun for example_trigger_controller_dag to 2021-01-01 00:00:00+00:00, run_after=2021-01-01 00:00:00+00:00
[2024-08-26T15:35:24.357-0700] {processor.py:208} INFO - Processing /home/jerson/airflow_venv/lib/python3.10/site-packages/airflow/example_dags/example_trigger_controller_dag.py took 0.046 seconds
[2024-08-26T15:36:13.042-0700] {processor.py:186} INFO - Started process (PID=12106) to work on /home/jerson/airflow_venv/lib/python3.10/site-packages/airflow/example_dags/example_trigger_controller_dag.py
[2024-08-26T15:36:13.043-0700] {processor.py:914} INFO - Processing file /home/jerson/airflow_venv/lib/python3.10/site-packages/airflow/example_dags/example_trigger_controller_dag.py for tasks to queue
[2024-08-26T15:36:13.044-0700] {logging_mixin.py:190} INFO - [2024-08-26T15:36:13.044-0700] {dagbag.py:587} INFO - Filling up the DagBag from /home/jerson/airflow_venv/lib/python3.10/site-packages/airflow/example_dags/example_trigger_controller_dag.py
[2024-08-26T15:36:13.048-0700] {processor.py:925} INFO - DAG(s) 'example_trigger_controller_dag' retrieved from /home/jerson/airflow_venv/lib/python3.10/site-packages/airflow/example_dags/example_trigger_controller_dag.py
[2024-08-26T15:36:13.056-0700] {logging_mixin.py:190} INFO - [2024-08-26T15:36:13.056-0700] {dag.py:3211} INFO - Sync 1 DAGs
[2024-08-26T15:36:13.067-0700] {logging_mixin.py:190} INFO - [2024-08-26T15:36:13.066-0700] {dag.py:4138} INFO - Setting next_dagrun for example_trigger_controller_dag to 2021-01-01 00:00:00+00:00, run_after=2021-01-01 00:00:00+00:00
[2024-08-26T15:36:13.082-0700] {processor.py:208} INFO - Processing /home/jerson/airflow_venv/lib/python3.10/site-packages/airflow/example_dags/example_trigger_controller_dag.py took 0.043 seconds
[2024-08-26T15:36:59.329-0700] {processor.py:186} INFO - Started process (PID=12612) to work on /home/jerson/airflow_venv/lib/python3.10/site-packages/airflow/example_dags/example_trigger_controller_dag.py
[2024-08-26T15:36:59.340-0700] {processor.py:914} INFO - Processing file /home/jerson/airflow_venv/lib/python3.10/site-packages/airflow/example_dags/example_trigger_controller_dag.py for tasks to queue
[2024-08-26T15:36:59.341-0700] {logging_mixin.py:190} INFO - [2024-08-26T15:36:59.341-0700] {dagbag.py:587} INFO - Filling up the DagBag from /home/jerson/airflow_venv/lib/python3.10/site-packages/airflow/example_dags/example_trigger_controller_dag.py
[2024-08-26T15:36:59.345-0700] {processor.py:925} INFO - DAG(s) 'example_trigger_controller_dag' retrieved from /home/jerson/airflow_venv/lib/python3.10/site-packages/airflow/example_dags/example_trigger_controller_dag.py
[2024-08-26T15:36:59.354-0700] {logging_mixin.py:190} INFO - [2024-08-26T15:36:59.354-0700] {dag.py:3211} INFO - Sync 1 DAGs
[2024-08-26T15:36:59.366-0700] {logging_mixin.py:190} INFO - [2024-08-26T15:36:59.366-0700] {dag.py:4138} INFO - Setting next_dagrun for example_trigger_controller_dag to 2021-01-01 00:00:00+00:00, run_after=2021-01-01 00:00:00+00:00
[2024-08-26T15:36:59.391-0700] {processor.py:208} INFO - Processing /home/jerson/airflow_venv/lib/python3.10/site-packages/airflow/example_dags/example_trigger_controller_dag.py took 0.065 seconds
[2024-08-26T15:37:44.186-0700] {processor.py:186} INFO - Started process (PID=13025) to work on /home/jerson/airflow_venv/lib/python3.10/site-packages/airflow/example_dags/example_trigger_controller_dag.py
[2024-08-26T15:37:44.187-0700] {processor.py:914} INFO - Processing file /home/jerson/airflow_venv/lib/python3.10/site-packages/airflow/example_dags/example_trigger_controller_dag.py for tasks to queue
[2024-08-26T15:37:44.188-0700] {logging_mixin.py:190} INFO - [2024-08-26T15:37:44.188-0700] {dagbag.py:587} INFO - Filling up the DagBag from /home/jerson/airflow_venv/lib/python3.10/site-packages/airflow/example_dags/example_trigger_controller_dag.py
[2024-08-26T15:37:44.192-0700] {processor.py:925} INFO - DAG(s) 'example_trigger_controller_dag' retrieved from /home/jerson/airflow_venv/lib/python3.10/site-packages/airflow/example_dags/example_trigger_controller_dag.py
[2024-08-26T15:37:44.200-0700] {logging_mixin.py:190} INFO - [2024-08-26T15:37:44.200-0700] {dag.py:3211} INFO - Sync 1 DAGs
[2024-08-26T15:37:44.211-0700] {logging_mixin.py:190} INFO - [2024-08-26T15:37:44.211-0700] {dag.py:4138} INFO - Setting next_dagrun for example_trigger_controller_dag to 2021-01-01 00:00:00+00:00, run_after=2021-01-01 00:00:00+00:00
[2024-08-26T15:37:44.227-0700] {processor.py:208} INFO - Processing /home/jerson/airflow_venv/lib/python3.10/site-packages/airflow/example_dags/example_trigger_controller_dag.py took 0.045 seconds
[2024-08-26T15:38:31.010-0700] {processor.py:186} INFO - Started process (PID=13409) to work on /home/jerson/airflow_venv/lib/python3.10/site-packages/airflow/example_dags/example_trigger_controller_dag.py
[2024-08-26T15:38:31.011-0700] {processor.py:914} INFO - Processing file /home/jerson/airflow_venv/lib/python3.10/site-packages/airflow/example_dags/example_trigger_controller_dag.py for tasks to queue
[2024-08-26T15:38:31.012-0700] {logging_mixin.py:190} INFO - [2024-08-26T15:38:31.012-0700] {dagbag.py:587} INFO - Filling up the DagBag from /home/jerson/airflow_venv/lib/python3.10/site-packages/airflow/example_dags/example_trigger_controller_dag.py
[2024-08-26T15:38:31.016-0700] {processor.py:925} INFO - DAG(s) 'example_trigger_controller_dag' retrieved from /home/jerson/airflow_venv/lib/python3.10/site-packages/airflow/example_dags/example_trigger_controller_dag.py
[2024-08-26T15:38:31.024-0700] {logging_mixin.py:190} INFO - [2024-08-26T15:38:31.024-0700] {dag.py:3211} INFO - Sync 1 DAGs
[2024-08-26T15:38:31.036-0700] {logging_mixin.py:190} INFO - [2024-08-26T15:38:31.036-0700] {dag.py:4138} INFO - Setting next_dagrun for example_trigger_controller_dag to 2021-01-01 00:00:00+00:00, run_after=2021-01-01 00:00:00+00:00
[2024-08-26T15:38:31.053-0700] {processor.py:208} INFO - Processing /home/jerson/airflow_venv/lib/python3.10/site-packages/airflow/example_dags/example_trigger_controller_dag.py took 0.046 seconds
[2024-08-26T15:39:19.382-0700] {processor.py:186} INFO - Started process (PID=13907) to work on /home/jerson/airflow_venv/lib/python3.10/site-packages/airflow/example_dags/example_trigger_controller_dag.py
[2024-08-26T15:39:19.383-0700] {processor.py:914} INFO - Processing file /home/jerson/airflow_venv/lib/python3.10/site-packages/airflow/example_dags/example_trigger_controller_dag.py for tasks to queue
[2024-08-26T15:39:19.384-0700] {logging_mixin.py:190} INFO - [2024-08-26T15:39:19.384-0700] {dagbag.py:587} INFO - Filling up the DagBag from /home/jerson/airflow_venv/lib/python3.10/site-packages/airflow/example_dags/example_trigger_controller_dag.py
[2024-08-26T15:39:19.388-0700] {processor.py:925} INFO - DAG(s) 'example_trigger_controller_dag' retrieved from /home/jerson/airflow_venv/lib/python3.10/site-packages/airflow/example_dags/example_trigger_controller_dag.py
[2024-08-26T15:39:19.400-0700] {logging_mixin.py:190} INFO - [2024-08-26T15:39:19.399-0700] {dag.py:3211} INFO - Sync 1 DAGs
[2024-08-26T15:39:19.412-0700] {logging_mixin.py:190} INFO - [2024-08-26T15:39:19.412-0700] {dag.py:4138} INFO - Setting next_dagrun for example_trigger_controller_dag to 2021-01-01 00:00:00+00:00, run_after=2021-01-01 00:00:00+00:00
[2024-08-26T15:39:19.428-0700] {processor.py:208} INFO - Processing /home/jerson/airflow_venv/lib/python3.10/site-packages/airflow/example_dags/example_trigger_controller_dag.py took 0.049 seconds
[2024-08-26T15:40:09.627-0700] {processor.py:186} INFO - Started process (PID=14421) to work on /home/jerson/airflow_venv/lib/python3.10/site-packages/airflow/example_dags/example_trigger_controller_dag.py
[2024-08-26T15:40:09.628-0700] {processor.py:914} INFO - Processing file /home/jerson/airflow_venv/lib/python3.10/site-packages/airflow/example_dags/example_trigger_controller_dag.py for tasks to queue
[2024-08-26T15:40:09.629-0700] {logging_mixin.py:190} INFO - [2024-08-26T15:40:09.629-0700] {dagbag.py:587} INFO - Filling up the DagBag from /home/jerson/airflow_venv/lib/python3.10/site-packages/airflow/example_dags/example_trigger_controller_dag.py
[2024-08-26T15:40:09.633-0700] {processor.py:925} INFO - DAG(s) 'example_trigger_controller_dag' retrieved from /home/jerson/airflow_venv/lib/python3.10/site-packages/airflow/example_dags/example_trigger_controller_dag.py
[2024-08-26T15:40:09.642-0700] {logging_mixin.py:190} INFO - [2024-08-26T15:40:09.641-0700] {dag.py:3211} INFO - Sync 1 DAGs
[2024-08-26T15:40:09.653-0700] {logging_mixin.py:190} INFO - [2024-08-26T15:40:09.653-0700] {dag.py:4138} INFO - Setting next_dagrun for example_trigger_controller_dag to 2021-01-01 00:00:00+00:00, run_after=2021-01-01 00:00:00+00:00
[2024-08-26T15:40:09.668-0700] {processor.py:208} INFO - Processing /home/jerson/airflow_venv/lib/python3.10/site-packages/airflow/example_dags/example_trigger_controller_dag.py took 0.044 seconds
[2024-08-26T15:40:57.976-0700] {processor.py:186} INFO - Started process (PID=14860) to work on /home/jerson/airflow_venv/lib/python3.10/site-packages/airflow/example_dags/example_trigger_controller_dag.py
[2024-08-26T15:40:57.977-0700] {processor.py:914} INFO - Processing file /home/jerson/airflow_venv/lib/python3.10/site-packages/airflow/example_dags/example_trigger_controller_dag.py for tasks to queue
[2024-08-26T15:40:57.978-0700] {logging_mixin.py:190} INFO - [2024-08-26T15:40:57.978-0700] {dagbag.py:587} INFO - Filling up the DagBag from /home/jerson/airflow_venv/lib/python3.10/site-packages/airflow/example_dags/example_trigger_controller_dag.py
[2024-08-26T15:40:57.982-0700] {processor.py:925} INFO - DAG(s) 'example_trigger_controller_dag' retrieved from /home/jerson/airflow_venv/lib/python3.10/site-packages/airflow/example_dags/example_trigger_controller_dag.py
[2024-08-26T15:40:57.990-0700] {logging_mixin.py:190} INFO - [2024-08-26T15:40:57.990-0700] {dag.py:3211} INFO - Sync 1 DAGs
[2024-08-26T15:40:58.001-0700] {logging_mixin.py:190} INFO - [2024-08-26T15:40:58.000-0700] {dag.py:4138} INFO - Setting next_dagrun for example_trigger_controller_dag to 2021-01-01 00:00:00+00:00, run_after=2021-01-01 00:00:00+00:00
[2024-08-26T15:40:58.015-0700] {processor.py:208} INFO - Processing /home/jerson/airflow_venv/lib/python3.10/site-packages/airflow/example_dags/example_trigger_controller_dag.py took 0.043 seconds
[2024-08-26T15:41:46.841-0700] {processor.py:186} INFO - Started process (PID=15277) to work on /home/jerson/airflow_venv/lib/python3.10/site-packages/airflow/example_dags/example_trigger_controller_dag.py
[2024-08-26T15:41:46.841-0700] {processor.py:914} INFO - Processing file /home/jerson/airflow_venv/lib/python3.10/site-packages/airflow/example_dags/example_trigger_controller_dag.py for tasks to queue
[2024-08-26T15:41:46.843-0700] {logging_mixin.py:190} INFO - [2024-08-26T15:41:46.842-0700] {dagbag.py:587} INFO - Filling up the DagBag from /home/jerson/airflow_venv/lib/python3.10/site-packages/airflow/example_dags/example_trigger_controller_dag.py
[2024-08-26T15:41:46.847-0700] {processor.py:925} INFO - DAG(s) 'example_trigger_controller_dag' retrieved from /home/jerson/airflow_venv/lib/python3.10/site-packages/airflow/example_dags/example_trigger_controller_dag.py
[2024-08-26T15:41:46.857-0700] {logging_mixin.py:190} INFO - [2024-08-26T15:41:46.856-0700] {dag.py:3211} INFO - Sync 1 DAGs
[2024-08-26T15:41:46.869-0700] {logging_mixin.py:190} INFO - [2024-08-26T15:41:46.868-0700] {dag.py:4138} INFO - Setting next_dagrun for example_trigger_controller_dag to 2021-01-01 00:00:00+00:00, run_after=2021-01-01 00:00:00+00:00
[2024-08-26T15:41:46.885-0700] {processor.py:208} INFO - Processing /home/jerson/airflow_venv/lib/python3.10/site-packages/airflow/example_dags/example_trigger_controller_dag.py took 0.048 seconds
[2024-08-26T15:42:35.213-0700] {processor.py:186} INFO - Started process (PID=15753) to work on /home/jerson/airflow_venv/lib/python3.10/site-packages/airflow/example_dags/example_trigger_controller_dag.py
[2024-08-26T15:42:35.214-0700] {processor.py:914} INFO - Processing file /home/jerson/airflow_venv/lib/python3.10/site-packages/airflow/example_dags/example_trigger_controller_dag.py for tasks to queue
[2024-08-26T15:42:35.215-0700] {logging_mixin.py:190} INFO - [2024-08-26T15:42:35.215-0700] {dagbag.py:587} INFO - Filling up the DagBag from /home/jerson/airflow_venv/lib/python3.10/site-packages/airflow/example_dags/example_trigger_controller_dag.py
[2024-08-26T15:42:35.220-0700] {processor.py:925} INFO - DAG(s) 'example_trigger_controller_dag' retrieved from /home/jerson/airflow_venv/lib/python3.10/site-packages/airflow/example_dags/example_trigger_controller_dag.py
[2024-08-26T15:42:35.229-0700] {logging_mixin.py:190} INFO - [2024-08-26T15:42:35.229-0700] {dag.py:3211} INFO - Sync 1 DAGs
[2024-08-26T15:42:35.242-0700] {logging_mixin.py:190} INFO - [2024-08-26T15:42:35.242-0700] {dag.py:4138} INFO - Setting next_dagrun for example_trigger_controller_dag to 2021-01-01 00:00:00+00:00, run_after=2021-01-01 00:00:00+00:00
[2024-08-26T15:42:35.261-0700] {processor.py:208} INFO - Processing /home/jerson/airflow_venv/lib/python3.10/site-packages/airflow/example_dags/example_trigger_controller_dag.py took 0.053 seconds
[2024-08-26T15:43:27.975-0700] {processor.py:186} INFO - Started process (PID=16301) to work on /home/jerson/airflow_venv/lib/python3.10/site-packages/airflow/example_dags/example_trigger_controller_dag.py
[2024-08-26T15:43:27.976-0700] {processor.py:914} INFO - Processing file /home/jerson/airflow_venv/lib/python3.10/site-packages/airflow/example_dags/example_trigger_controller_dag.py for tasks to queue
[2024-08-26T15:43:27.977-0700] {logging_mixin.py:190} INFO - [2024-08-26T15:43:27.977-0700] {dagbag.py:587} INFO - Filling up the DagBag from /home/jerson/airflow_venv/lib/python3.10/site-packages/airflow/example_dags/example_trigger_controller_dag.py
[2024-08-26T15:43:27.982-0700] {processor.py:925} INFO - DAG(s) 'example_trigger_controller_dag' retrieved from /home/jerson/airflow_venv/lib/python3.10/site-packages/airflow/example_dags/example_trigger_controller_dag.py
[2024-08-26T15:43:27.991-0700] {logging_mixin.py:190} INFO - [2024-08-26T15:43:27.991-0700] {dag.py:3211} INFO - Sync 1 DAGs
[2024-08-26T15:43:28.003-0700] {logging_mixin.py:190} INFO - [2024-08-26T15:43:28.003-0700] {dag.py:4138} INFO - Setting next_dagrun for example_trigger_controller_dag to 2021-01-01 00:00:00+00:00, run_after=2021-01-01 00:00:00+00:00
[2024-08-26T15:43:28.021-0700] {processor.py:208} INFO - Processing /home/jerson/airflow_venv/lib/python3.10/site-packages/airflow/example_dags/example_trigger_controller_dag.py took 0.049 seconds
[2024-08-26T15:44:14.112-0700] {processor.py:186} INFO - Started process (PID=16683) to work on /home/jerson/airflow_venv/lib/python3.10/site-packages/airflow/example_dags/example_trigger_controller_dag.py
[2024-08-26T15:44:14.113-0700] {processor.py:914} INFO - Processing file /home/jerson/airflow_venv/lib/python3.10/site-packages/airflow/example_dags/example_trigger_controller_dag.py for tasks to queue
[2024-08-26T15:44:14.114-0700] {logging_mixin.py:190} INFO - [2024-08-26T15:44:14.114-0700] {dagbag.py:587} INFO - Filling up the DagBag from /home/jerson/airflow_venv/lib/python3.10/site-packages/airflow/example_dags/example_trigger_controller_dag.py
[2024-08-26T15:44:14.118-0700] {processor.py:925} INFO - DAG(s) 'example_trigger_controller_dag' retrieved from /home/jerson/airflow_venv/lib/python3.10/site-packages/airflow/example_dags/example_trigger_controller_dag.py
[2024-08-26T15:44:14.127-0700] {logging_mixin.py:190} INFO - [2024-08-26T15:44:14.127-0700] {dag.py:3211} INFO - Sync 1 DAGs
[2024-08-26T15:44:14.139-0700] {logging_mixin.py:190} INFO - [2024-08-26T15:44:14.139-0700] {dag.py:4138} INFO - Setting next_dagrun for example_trigger_controller_dag to 2021-01-01 00:00:00+00:00, run_after=2021-01-01 00:00:00+00:00
[2024-08-26T15:44:14.156-0700] {processor.py:208} INFO - Processing /home/jerson/airflow_venv/lib/python3.10/site-packages/airflow/example_dags/example_trigger_controller_dag.py took 0.047 seconds
[2024-08-26T15:45:02.119-0700] {processor.py:186} INFO - Started process (PID=17068) to work on /home/jerson/airflow_venv/lib/python3.10/site-packages/airflow/example_dags/example_trigger_controller_dag.py
[2024-08-26T15:45:02.120-0700] {processor.py:914} INFO - Processing file /home/jerson/airflow_venv/lib/python3.10/site-packages/airflow/example_dags/example_trigger_controller_dag.py for tasks to queue
[2024-08-26T15:45:02.121-0700] {logging_mixin.py:190} INFO - [2024-08-26T15:45:02.121-0700] {dagbag.py:587} INFO - Filling up the DagBag from /home/jerson/airflow_venv/lib/python3.10/site-packages/airflow/example_dags/example_trigger_controller_dag.py
[2024-08-26T15:45:02.126-0700] {processor.py:925} INFO - DAG(s) 'example_trigger_controller_dag' retrieved from /home/jerson/airflow_venv/lib/python3.10/site-packages/airflow/example_dags/example_trigger_controller_dag.py
[2024-08-26T15:45:02.136-0700] {logging_mixin.py:190} INFO - [2024-08-26T15:45:02.135-0700] {dag.py:3211} INFO - Sync 1 DAGs
[2024-08-26T15:45:02.148-0700] {logging_mixin.py:190} INFO - [2024-08-26T15:45:02.148-0700] {dag.py:4138} INFO - Setting next_dagrun for example_trigger_controller_dag to 2021-01-01 00:00:00+00:00, run_after=2021-01-01 00:00:00+00:00
[2024-08-26T15:45:02.167-0700] {processor.py:208} INFO - Processing /home/jerson/airflow_venv/lib/python3.10/site-packages/airflow/example_dags/example_trigger_controller_dag.py took 0.054 seconds
[2024-08-26T15:45:53.027-0700] {processor.py:186} INFO - Started process (PID=17521) to work on /home/jerson/airflow_venv/lib/python3.10/site-packages/airflow/example_dags/example_trigger_controller_dag.py
[2024-08-26T15:45:53.028-0700] {processor.py:914} INFO - Processing file /home/jerson/airflow_venv/lib/python3.10/site-packages/airflow/example_dags/example_trigger_controller_dag.py for tasks to queue
[2024-08-26T15:45:53.029-0700] {logging_mixin.py:190} INFO - [2024-08-26T15:45:53.029-0700] {dagbag.py:587} INFO - Filling up the DagBag from /home/jerson/airflow_venv/lib/python3.10/site-packages/airflow/example_dags/example_trigger_controller_dag.py
[2024-08-26T15:45:53.033-0700] {processor.py:925} INFO - DAG(s) 'example_trigger_controller_dag' retrieved from /home/jerson/airflow_venv/lib/python3.10/site-packages/airflow/example_dags/example_trigger_controller_dag.py
[2024-08-26T15:45:53.042-0700] {logging_mixin.py:190} INFO - [2024-08-26T15:45:53.042-0700] {dag.py:3211} INFO - Sync 1 DAGs
[2024-08-26T15:45:53.053-0700] {logging_mixin.py:190} INFO - [2024-08-26T15:45:53.053-0700] {dag.py:4138} INFO - Setting next_dagrun for example_trigger_controller_dag to 2021-01-01 00:00:00+00:00, run_after=2021-01-01 00:00:00+00:00
[2024-08-26T15:45:53.069-0700] {processor.py:208} INFO - Processing /home/jerson/airflow_venv/lib/python3.10/site-packages/airflow/example_dags/example_trigger_controller_dag.py took 0.044 seconds
[2024-08-26T15:46:45.837-0700] {processor.py:186} INFO - Started process (PID=18004) to work on /home/jerson/airflow_venv/lib/python3.10/site-packages/airflow/example_dags/example_trigger_controller_dag.py
[2024-08-26T15:46:45.838-0700] {processor.py:914} INFO - Processing file /home/jerson/airflow_venv/lib/python3.10/site-packages/airflow/example_dags/example_trigger_controller_dag.py for tasks to queue
[2024-08-26T15:46:45.838-0700] {logging_mixin.py:190} INFO - [2024-08-26T15:46:45.838-0700] {dagbag.py:587} INFO - Filling up the DagBag from /home/jerson/airflow_venv/lib/python3.10/site-packages/airflow/example_dags/example_trigger_controller_dag.py
[2024-08-26T15:46:45.842-0700] {processor.py:925} INFO - DAG(s) 'example_trigger_controller_dag' retrieved from /home/jerson/airflow_venv/lib/python3.10/site-packages/airflow/example_dags/example_trigger_controller_dag.py
[2024-08-26T15:46:45.850-0700] {logging_mixin.py:190} INFO - [2024-08-26T15:46:45.850-0700] {dag.py:3211} INFO - Sync 1 DAGs
[2024-08-26T15:46:45.860-0700] {logging_mixin.py:190} INFO - [2024-08-26T15:46:45.860-0700] {dag.py:4138} INFO - Setting next_dagrun for example_trigger_controller_dag to 2021-01-01 00:00:00+00:00, run_after=2021-01-01 00:00:00+00:00
[2024-08-26T15:46:45.878-0700] {processor.py:208} INFO - Processing /home/jerson/airflow_venv/lib/python3.10/site-packages/airflow/example_dags/example_trigger_controller_dag.py took 0.046 seconds
[2024-08-26T15:47:36.652-0700] {processor.py:186} INFO - Started process (PID=18445) to work on /home/jerson/airflow_venv/lib/python3.10/site-packages/airflow/example_dags/example_trigger_controller_dag.py
[2024-08-26T15:47:36.653-0700] {processor.py:914} INFO - Processing file /home/jerson/airflow_venv/lib/python3.10/site-packages/airflow/example_dags/example_trigger_controller_dag.py for tasks to queue
[2024-08-26T15:47:36.654-0700] {logging_mixin.py:190} INFO - [2024-08-26T15:47:36.654-0700] {dagbag.py:587} INFO - Filling up the DagBag from /home/jerson/airflow_venv/lib/python3.10/site-packages/airflow/example_dags/example_trigger_controller_dag.py
[2024-08-26T15:47:36.658-0700] {processor.py:925} INFO - DAG(s) 'example_trigger_controller_dag' retrieved from /home/jerson/airflow_venv/lib/python3.10/site-packages/airflow/example_dags/example_trigger_controller_dag.py
[2024-08-26T15:47:36.667-0700] {logging_mixin.py:190} INFO - [2024-08-26T15:47:36.667-0700] {dag.py:3211} INFO - Sync 1 DAGs
[2024-08-26T15:47:36.678-0700] {logging_mixin.py:190} INFO - [2024-08-26T15:47:36.678-0700] {dag.py:4138} INFO - Setting next_dagrun for example_trigger_controller_dag to 2021-01-01 00:00:00+00:00, run_after=2021-01-01 00:00:00+00:00
[2024-08-26T15:47:36.693-0700] {processor.py:208} INFO - Processing /home/jerson/airflow_venv/lib/python3.10/site-packages/airflow/example_dags/example_trigger_controller_dag.py took 0.045 seconds
[2024-08-26T15:48:26.802-0700] {processor.py:186} INFO - Started process (PID=18921) to work on /home/jerson/airflow_venv/lib/python3.10/site-packages/airflow/example_dags/example_trigger_controller_dag.py
[2024-08-26T15:48:26.803-0700] {processor.py:914} INFO - Processing file /home/jerson/airflow_venv/lib/python3.10/site-packages/airflow/example_dags/example_trigger_controller_dag.py for tasks to queue
[2024-08-26T15:48:26.804-0700] {logging_mixin.py:190} INFO - [2024-08-26T15:48:26.804-0700] {dagbag.py:587} INFO - Filling up the DagBag from /home/jerson/airflow_venv/lib/python3.10/site-packages/airflow/example_dags/example_trigger_controller_dag.py
[2024-08-26T15:48:26.807-0700] {processor.py:925} INFO - DAG(s) 'example_trigger_controller_dag' retrieved from /home/jerson/airflow_venv/lib/python3.10/site-packages/airflow/example_dags/example_trigger_controller_dag.py
[2024-08-26T15:48:26.816-0700] {logging_mixin.py:190} INFO - [2024-08-26T15:48:26.816-0700] {dag.py:3211} INFO - Sync 1 DAGs
[2024-08-26T15:48:26.827-0700] {logging_mixin.py:190} INFO - [2024-08-26T15:48:26.827-0700] {dag.py:4138} INFO - Setting next_dagrun for example_trigger_controller_dag to 2021-01-01 00:00:00+00:00, run_after=2021-01-01 00:00:00+00:00
[2024-08-26T15:48:26.843-0700] {processor.py:208} INFO - Processing /home/jerson/airflow_venv/lib/python3.10/site-packages/airflow/example_dags/example_trigger_controller_dag.py took 0.045 seconds
[2024-08-26T15:49:16.990-0700] {processor.py:186} INFO - Started process (PID=19662) to work on /home/jerson/airflow_venv/lib/python3.10/site-packages/airflow/example_dags/example_trigger_controller_dag.py
[2024-08-26T15:49:16.991-0700] {processor.py:914} INFO - Processing file /home/jerson/airflow_venv/lib/python3.10/site-packages/airflow/example_dags/example_trigger_controller_dag.py for tasks to queue
[2024-08-26T15:49:16.992-0700] {logging_mixin.py:190} INFO - [2024-08-26T15:49:16.991-0700] {dagbag.py:587} INFO - Filling up the DagBag from /home/jerson/airflow_venv/lib/python3.10/site-packages/airflow/example_dags/example_trigger_controller_dag.py
[2024-08-26T15:49:16.995-0700] {processor.py:925} INFO - DAG(s) 'example_trigger_controller_dag' retrieved from /home/jerson/airflow_venv/lib/python3.10/site-packages/airflow/example_dags/example_trigger_controller_dag.py
[2024-08-26T15:49:17.004-0700] {logging_mixin.py:190} INFO - [2024-08-26T15:49:17.004-0700] {dag.py:3211} INFO - Sync 1 DAGs
[2024-08-26T15:49:17.014-0700] {logging_mixin.py:190} INFO - [2024-08-26T15:49:17.014-0700] {dag.py:4138} INFO - Setting next_dagrun for example_trigger_controller_dag to 2021-01-01 00:00:00+00:00, run_after=2021-01-01 00:00:00+00:00
[2024-08-26T15:49:17.036-0700] {processor.py:208} INFO - Processing /home/jerson/airflow_venv/lib/python3.10/site-packages/airflow/example_dags/example_trigger_controller_dag.py took 0.051 seconds
[2024-08-26T15:50:07.102-0700] {processor.py:186} INFO - Started process (PID=20193) to work on /home/jerson/airflow_venv/lib/python3.10/site-packages/airflow/example_dags/example_trigger_controller_dag.py
[2024-08-26T15:50:07.103-0700] {processor.py:914} INFO - Processing file /home/jerson/airflow_venv/lib/python3.10/site-packages/airflow/example_dags/example_trigger_controller_dag.py for tasks to queue
[2024-08-26T15:50:07.104-0700] {logging_mixin.py:190} INFO - [2024-08-26T15:50:07.104-0700] {dagbag.py:587} INFO - Filling up the DagBag from /home/jerson/airflow_venv/lib/python3.10/site-packages/airflow/example_dags/example_trigger_controller_dag.py
[2024-08-26T15:50:07.108-0700] {processor.py:925} INFO - DAG(s) 'example_trigger_controller_dag' retrieved from /home/jerson/airflow_venv/lib/python3.10/site-packages/airflow/example_dags/example_trigger_controller_dag.py
[2024-08-26T15:50:07.117-0700] {logging_mixin.py:190} INFO - [2024-08-26T15:50:07.117-0700] {dag.py:3211} INFO - Sync 1 DAGs
[2024-08-26T15:50:07.128-0700] {logging_mixin.py:190} INFO - [2024-08-26T15:50:07.128-0700] {dag.py:4138} INFO - Setting next_dagrun for example_trigger_controller_dag to 2021-01-01 00:00:00+00:00, run_after=2021-01-01 00:00:00+00:00
[2024-08-26T15:50:07.145-0700] {processor.py:208} INFO - Processing /home/jerson/airflow_venv/lib/python3.10/site-packages/airflow/example_dags/example_trigger_controller_dag.py took 0.047 seconds
[2024-08-26T15:50:19.013-0700] {processor.py:186} INFO - Started process (PID=20373) to work on /home/jerson/airflow_venv/lib/python3.10/site-packages/airflow/example_dags/example_trigger_controller_dag.py
[2024-08-26T15:50:19.014-0700] {processor.py:914} INFO - Processing file /home/jerson/airflow_venv/lib/python3.10/site-packages/airflow/example_dags/example_trigger_controller_dag.py for tasks to queue
[2024-08-26T15:50:19.015-0700] {logging_mixin.py:190} INFO - [2024-08-26T15:50:19.015-0700] {dagbag.py:587} INFO - Filling up the DagBag from /home/jerson/airflow_venv/lib/python3.10/site-packages/airflow/example_dags/example_trigger_controller_dag.py
[2024-08-26T15:50:19.019-0700] {processor.py:925} INFO - DAG(s) 'example_trigger_controller_dag' retrieved from /home/jerson/airflow_venv/lib/python3.10/site-packages/airflow/example_dags/example_trigger_controller_dag.py
[2024-08-26T15:50:19.030-0700] {logging_mixin.py:190} INFO - [2024-08-26T15:50:19.030-0700] {dag.py:3211} INFO - Sync 1 DAGs
[2024-08-26T15:50:19.041-0700] {logging_mixin.py:190} INFO - [2024-08-26T15:50:19.041-0700] {dag.py:4138} INFO - Setting next_dagrun for example_trigger_controller_dag to 2021-01-01 00:00:00+00:00, run_after=2021-01-01 00:00:00+00:00
[2024-08-26T15:50:19.057-0700] {processor.py:208} INFO - Processing /home/jerson/airflow_venv/lib/python3.10/site-packages/airflow/example_dags/example_trigger_controller_dag.py took 0.047 seconds
[2024-08-26T15:50:53.197-0700] {processor.py:186} INFO - Started process (PID=20735) to work on /home/jerson/airflow_venv/lib/python3.10/site-packages/airflow/example_dags/example_trigger_controller_dag.py
[2024-08-26T15:50:53.198-0700] {processor.py:914} INFO - Processing file /home/jerson/airflow_venv/lib/python3.10/site-packages/airflow/example_dags/example_trigger_controller_dag.py for tasks to queue
[2024-08-26T15:50:53.199-0700] {logging_mixin.py:190} INFO - [2024-08-26T15:50:53.199-0700] {dagbag.py:587} INFO - Filling up the DagBag from /home/jerson/airflow_venv/lib/python3.10/site-packages/airflow/example_dags/example_trigger_controller_dag.py
[2024-08-26T15:50:53.205-0700] {processor.py:925} INFO - DAG(s) 'example_trigger_controller_dag' retrieved from /home/jerson/airflow_venv/lib/python3.10/site-packages/airflow/example_dags/example_trigger_controller_dag.py
[2024-08-26T15:50:53.216-0700] {logging_mixin.py:190} INFO - [2024-08-26T15:50:53.215-0700] {dag.py:3211} INFO - Sync 1 DAGs
[2024-08-26T15:50:53.228-0700] {logging_mixin.py:190} INFO - [2024-08-26T15:50:53.228-0700] {dag.py:4138} INFO - Setting next_dagrun for example_trigger_controller_dag to 2021-01-01 00:00:00+00:00, run_after=2021-01-01 00:00:00+00:00
[2024-08-26T15:50:53.245-0700] {processor.py:208} INFO - Processing /home/jerson/airflow_venv/lib/python3.10/site-packages/airflow/example_dags/example_trigger_controller_dag.py took 0.055 seconds
[2024-08-26T15:51:13.367-0700] {processor.py:186} INFO - Started process (PID=20997) to work on /home/jerson/airflow_venv/lib/python3.10/site-packages/airflow/example_dags/example_trigger_controller_dag.py
[2024-08-26T15:51:13.367-0700] {processor.py:914} INFO - Processing file /home/jerson/airflow_venv/lib/python3.10/site-packages/airflow/example_dags/example_trigger_controller_dag.py for tasks to queue
[2024-08-26T15:51:13.369-0700] {logging_mixin.py:190} INFO - [2024-08-26T15:51:13.368-0700] {dagbag.py:587} INFO - Filling up the DagBag from /home/jerson/airflow_venv/lib/python3.10/site-packages/airflow/example_dags/example_trigger_controller_dag.py
[2024-08-26T15:51:13.372-0700] {processor.py:925} INFO - DAG(s) 'example_trigger_controller_dag' retrieved from /home/jerson/airflow_venv/lib/python3.10/site-packages/airflow/example_dags/example_trigger_controller_dag.py
[2024-08-26T15:51:13.381-0700] {logging_mixin.py:190} INFO - [2024-08-26T15:51:13.381-0700] {dag.py:3211} INFO - Sync 1 DAGs
[2024-08-26T15:51:13.392-0700] {logging_mixin.py:190} INFO - [2024-08-26T15:51:13.392-0700] {dag.py:4138} INFO - Setting next_dagrun for example_trigger_controller_dag to 2021-01-01 00:00:00+00:00, run_after=2021-01-01 00:00:00+00:00
[2024-08-26T15:51:13.409-0700] {processor.py:208} INFO - Processing /home/jerson/airflow_venv/lib/python3.10/site-packages/airflow/example_dags/example_trigger_controller_dag.py took 0.045 seconds
[2024-08-26T15:52:02.589-0700] {processor.py:186} INFO - Started process (PID=21531) to work on /home/jerson/airflow_venv/lib/python3.10/site-packages/airflow/example_dags/example_trigger_controller_dag.py
[2024-08-26T15:52:02.593-0700] {processor.py:914} INFO - Processing file /home/jerson/airflow_venv/lib/python3.10/site-packages/airflow/example_dags/example_trigger_controller_dag.py for tasks to queue
[2024-08-26T15:52:02.594-0700] {logging_mixin.py:190} INFO - [2024-08-26T15:52:02.594-0700] {dagbag.py:587} INFO - Filling up the DagBag from /home/jerson/airflow_venv/lib/python3.10/site-packages/airflow/example_dags/example_trigger_controller_dag.py
[2024-08-26T15:52:02.598-0700] {processor.py:925} INFO - DAG(s) 'example_trigger_controller_dag' retrieved from /home/jerson/airflow_venv/lib/python3.10/site-packages/airflow/example_dags/example_trigger_controller_dag.py
[2024-08-26T15:52:02.607-0700] {logging_mixin.py:190} INFO - [2024-08-26T15:52:02.607-0700] {dag.py:3211} INFO - Sync 1 DAGs
[2024-08-26T15:52:02.618-0700] {logging_mixin.py:190} INFO - [2024-08-26T15:52:02.618-0700] {dag.py:4138} INFO - Setting next_dagrun for example_trigger_controller_dag to 2021-01-01 00:00:00+00:00, run_after=2021-01-01 00:00:00+00:00
[2024-08-26T15:52:02.634-0700] {processor.py:208} INFO - Processing /home/jerson/airflow_venv/lib/python3.10/site-packages/airflow/example_dags/example_trigger_controller_dag.py took 0.048 seconds
[2024-08-26T15:52:58.185-0700] {processor.py:186} INFO - Started process (PID=22041) to work on /home/jerson/airflow_venv/lib/python3.10/site-packages/airflow/example_dags/example_trigger_controller_dag.py
[2024-08-26T15:52:58.186-0700] {processor.py:914} INFO - Processing file /home/jerson/airflow_venv/lib/python3.10/site-packages/airflow/example_dags/example_trigger_controller_dag.py for tasks to queue
[2024-08-26T15:52:58.187-0700] {logging_mixin.py:190} INFO - [2024-08-26T15:52:58.187-0700] {dagbag.py:587} INFO - Filling up the DagBag from /home/jerson/airflow_venv/lib/python3.10/site-packages/airflow/example_dags/example_trigger_controller_dag.py
[2024-08-26T15:52:58.191-0700] {processor.py:925} INFO - DAG(s) 'example_trigger_controller_dag' retrieved from /home/jerson/airflow_venv/lib/python3.10/site-packages/airflow/example_dags/example_trigger_controller_dag.py
[2024-08-26T15:52:58.199-0700] {logging_mixin.py:190} INFO - [2024-08-26T15:52:58.199-0700] {dag.py:3211} INFO - Sync 1 DAGs
[2024-08-26T15:52:58.210-0700] {logging_mixin.py:190} INFO - [2024-08-26T15:52:58.210-0700] {dag.py:4138} INFO - Setting next_dagrun for example_trigger_controller_dag to 2021-01-01 00:00:00+00:00, run_after=2021-01-01 00:00:00+00:00
[2024-08-26T15:52:58.226-0700] {processor.py:208} INFO - Processing /home/jerson/airflow_venv/lib/python3.10/site-packages/airflow/example_dags/example_trigger_controller_dag.py took 0.045 seconds
[2024-08-26T15:54:10.928-0700] {processor.py:186} INFO - Started process (PID=22755) to work on /home/jerson/airflow_venv/lib/python3.10/site-packages/airflow/example_dags/example_trigger_controller_dag.py
[2024-08-26T15:54:10.929-0700] {processor.py:914} INFO - Processing file /home/jerson/airflow_venv/lib/python3.10/site-packages/airflow/example_dags/example_trigger_controller_dag.py for tasks to queue
[2024-08-26T15:54:10.930-0700] {logging_mixin.py:190} INFO - [2024-08-26T15:54:10.930-0700] {dagbag.py:587} INFO - Filling up the DagBag from /home/jerson/airflow_venv/lib/python3.10/site-packages/airflow/example_dags/example_trigger_controller_dag.py
[2024-08-26T15:54:10.933-0700] {processor.py:925} INFO - DAG(s) 'example_trigger_controller_dag' retrieved from /home/jerson/airflow_venv/lib/python3.10/site-packages/airflow/example_dags/example_trigger_controller_dag.py
[2024-08-26T15:54:10.944-0700] {logging_mixin.py:190} INFO - [2024-08-26T15:54:10.943-0700] {dag.py:3211} INFO - Sync 1 DAGs
[2024-08-26T15:54:10.954-0700] {logging_mixin.py:190} INFO - [2024-08-26T15:54:10.954-0700] {dag.py:4138} INFO - Setting next_dagrun for example_trigger_controller_dag to 2021-01-01 00:00:00+00:00, run_after=2021-01-01 00:00:00+00:00
[2024-08-26T15:54:10.971-0700] {processor.py:208} INFO - Processing /home/jerson/airflow_venv/lib/python3.10/site-packages/airflow/example_dags/example_trigger_controller_dag.py took 0.047 seconds
[2024-08-26T15:55:25.636-0700] {processor.py:186} INFO - Started process (PID=23427) to work on /home/jerson/airflow_venv/lib/python3.10/site-packages/airflow/example_dags/example_trigger_controller_dag.py
[2024-08-26T15:55:25.637-0700] {processor.py:914} INFO - Processing file /home/jerson/airflow_venv/lib/python3.10/site-packages/airflow/example_dags/example_trigger_controller_dag.py for tasks to queue
[2024-08-26T15:55:25.638-0700] {logging_mixin.py:190} INFO - [2024-08-26T15:55:25.638-0700] {dagbag.py:587} INFO - Filling up the DagBag from /home/jerson/airflow_venv/lib/python3.10/site-packages/airflow/example_dags/example_trigger_controller_dag.py
[2024-08-26T15:55:25.641-0700] {processor.py:925} INFO - DAG(s) 'example_trigger_controller_dag' retrieved from /home/jerson/airflow_venv/lib/python3.10/site-packages/airflow/example_dags/example_trigger_controller_dag.py
[2024-08-26T15:55:25.651-0700] {logging_mixin.py:190} INFO - [2024-08-26T15:55:25.651-0700] {dag.py:3211} INFO - Sync 1 DAGs
[2024-08-26T15:55:25.661-0700] {logging_mixin.py:190} INFO - [2024-08-26T15:55:25.661-0700] {dag.py:4138} INFO - Setting next_dagrun for example_trigger_controller_dag to 2021-01-01 00:00:00+00:00, run_after=2021-01-01 00:00:00+00:00
[2024-08-26T15:55:25.675-0700] {processor.py:208} INFO - Processing /home/jerson/airflow_venv/lib/python3.10/site-packages/airflow/example_dags/example_trigger_controller_dag.py took 0.043 seconds
[2024-08-26T15:56:19.966-0700] {processor.py:186} INFO - Started process (PID=24007) to work on /home/jerson/airflow_venv/lib/python3.10/site-packages/airflow/example_dags/example_trigger_controller_dag.py
[2024-08-26T15:56:19.967-0700] {processor.py:914} INFO - Processing file /home/jerson/airflow_venv/lib/python3.10/site-packages/airflow/example_dags/example_trigger_controller_dag.py for tasks to queue
[2024-08-26T15:56:19.968-0700] {logging_mixin.py:190} INFO - [2024-08-26T15:56:19.968-0700] {dagbag.py:587} INFO - Filling up the DagBag from /home/jerson/airflow_venv/lib/python3.10/site-packages/airflow/example_dags/example_trigger_controller_dag.py
[2024-08-26T15:56:19.972-0700] {processor.py:925} INFO - DAG(s) 'example_trigger_controller_dag' retrieved from /home/jerson/airflow_venv/lib/python3.10/site-packages/airflow/example_dags/example_trigger_controller_dag.py
[2024-08-26T15:56:19.980-0700] {logging_mixin.py:190} INFO - [2024-08-26T15:56:19.980-0700] {dag.py:3211} INFO - Sync 1 DAGs
[2024-08-26T15:56:19.990-0700] {logging_mixin.py:190} INFO - [2024-08-26T15:56:19.990-0700] {dag.py:4138} INFO - Setting next_dagrun for example_trigger_controller_dag to 2021-01-01 00:00:00+00:00, run_after=2021-01-01 00:00:00+00:00
[2024-08-26T15:56:20.005-0700] {processor.py:208} INFO - Processing /home/jerson/airflow_venv/lib/python3.10/site-packages/airflow/example_dags/example_trigger_controller_dag.py took 0.042 seconds
[2024-08-26T15:57:13.831-0700] {processor.py:186} INFO - Started process (PID=24838) to work on /home/jerson/airflow_venv/lib/python3.10/site-packages/airflow/example_dags/example_trigger_controller_dag.py
[2024-08-26T15:57:13.832-0700] {processor.py:914} INFO - Processing file /home/jerson/airflow_venv/lib/python3.10/site-packages/airflow/example_dags/example_trigger_controller_dag.py for tasks to queue
[2024-08-26T15:57:13.833-0700] {logging_mixin.py:190} INFO - [2024-08-26T15:57:13.833-0700] {dagbag.py:587} INFO - Filling up the DagBag from /home/jerson/airflow_venv/lib/python3.10/site-packages/airflow/example_dags/example_trigger_controller_dag.py
[2024-08-26T15:57:13.837-0700] {processor.py:925} INFO - DAG(s) 'example_trigger_controller_dag' retrieved from /home/jerson/airflow_venv/lib/python3.10/site-packages/airflow/example_dags/example_trigger_controller_dag.py
[2024-08-26T15:57:13.847-0700] {logging_mixin.py:190} INFO - [2024-08-26T15:57:13.847-0700] {dag.py:3211} INFO - Sync 1 DAGs
[2024-08-26T15:57:13.859-0700] {logging_mixin.py:190} INFO - [2024-08-26T15:57:13.859-0700] {dag.py:4138} INFO - Setting next_dagrun for example_trigger_controller_dag to 2021-01-01 00:00:00+00:00, run_after=2021-01-01 00:00:00+00:00
[2024-08-26T15:57:13.875-0700] {processor.py:208} INFO - Processing /home/jerson/airflow_venv/lib/python3.10/site-packages/airflow/example_dags/example_trigger_controller_dag.py took 0.048 seconds
[2024-08-26T15:58:10.238-0700] {processor.py:186} INFO - Started process (PID=25290) to work on /home/jerson/airflow_venv/lib/python3.10/site-packages/airflow/example_dags/example_trigger_controller_dag.py
[2024-08-26T15:58:10.239-0700] {processor.py:914} INFO - Processing file /home/jerson/airflow_venv/lib/python3.10/site-packages/airflow/example_dags/example_trigger_controller_dag.py for tasks to queue
[2024-08-26T15:58:10.241-0700] {logging_mixin.py:190} INFO - [2024-08-26T15:58:10.241-0700] {dagbag.py:587} INFO - Filling up the DagBag from /home/jerson/airflow_venv/lib/python3.10/site-packages/airflow/example_dags/example_trigger_controller_dag.py
[2024-08-26T15:58:10.245-0700] {processor.py:925} INFO - DAG(s) 'example_trigger_controller_dag' retrieved from /home/jerson/airflow_venv/lib/python3.10/site-packages/airflow/example_dags/example_trigger_controller_dag.py
[2024-08-26T15:58:10.252-0700] {logging_mixin.py:190} INFO - [2024-08-26T15:58:10.252-0700] {dag.py:3211} INFO - Sync 1 DAGs
[2024-08-26T15:58:10.262-0700] {logging_mixin.py:190} INFO - [2024-08-26T15:58:10.262-0700] {dag.py:4138} INFO - Setting next_dagrun for example_trigger_controller_dag to 2021-01-01 00:00:00+00:00, run_after=2021-01-01 00:00:00+00:00
[2024-08-26T15:58:10.278-0700] {processor.py:208} INFO - Processing /home/jerson/airflow_venv/lib/python3.10/site-packages/airflow/example_dags/example_trigger_controller_dag.py took 0.043 seconds
[2024-08-26T15:59:02.929-0700] {processor.py:186} INFO - Started process (PID=25709) to work on /home/jerson/airflow_venv/lib/python3.10/site-packages/airflow/example_dags/example_trigger_controller_dag.py
[2024-08-26T15:59:02.930-0700] {processor.py:914} INFO - Processing file /home/jerson/airflow_venv/lib/python3.10/site-packages/airflow/example_dags/example_trigger_controller_dag.py for tasks to queue
[2024-08-26T15:59:02.931-0700] {logging_mixin.py:190} INFO - [2024-08-26T15:59:02.931-0700] {dagbag.py:587} INFO - Filling up the DagBag from /home/jerson/airflow_venv/lib/python3.10/site-packages/airflow/example_dags/example_trigger_controller_dag.py
[2024-08-26T15:59:02.935-0700] {processor.py:925} INFO - DAG(s) 'example_trigger_controller_dag' retrieved from /home/jerson/airflow_venv/lib/python3.10/site-packages/airflow/example_dags/example_trigger_controller_dag.py
[2024-08-26T15:59:02.943-0700] {logging_mixin.py:190} INFO - [2024-08-26T15:59:02.943-0700] {dag.py:3211} INFO - Sync 1 DAGs
[2024-08-26T15:59:02.953-0700] {logging_mixin.py:190} INFO - [2024-08-26T15:59:02.953-0700] {dag.py:4138} INFO - Setting next_dagrun for example_trigger_controller_dag to 2021-01-01 00:00:00+00:00, run_after=2021-01-01 00:00:00+00:00
[2024-08-26T15:59:02.968-0700] {processor.py:208} INFO - Processing /home/jerson/airflow_venv/lib/python3.10/site-packages/airflow/example_dags/example_trigger_controller_dag.py took 0.042 seconds
[2024-08-26T15:59:54.992-0700] {processor.py:186} INFO - Started process (PID=26128) to work on /home/jerson/airflow_venv/lib/python3.10/site-packages/airflow/example_dags/example_trigger_controller_dag.py
[2024-08-26T15:59:54.993-0700] {processor.py:914} INFO - Processing file /home/jerson/airflow_venv/lib/python3.10/site-packages/airflow/example_dags/example_trigger_controller_dag.py for tasks to queue
[2024-08-26T15:59:54.994-0700] {logging_mixin.py:190} INFO - [2024-08-26T15:59:54.994-0700] {dagbag.py:587} INFO - Filling up the DagBag from /home/jerson/airflow_venv/lib/python3.10/site-packages/airflow/example_dags/example_trigger_controller_dag.py
[2024-08-26T15:59:54.998-0700] {processor.py:925} INFO - DAG(s) 'example_trigger_controller_dag' retrieved from /home/jerson/airflow_venv/lib/python3.10/site-packages/airflow/example_dags/example_trigger_controller_dag.py
[2024-08-26T15:59:55.007-0700] {logging_mixin.py:190} INFO - [2024-08-26T15:59:55.007-0700] {dag.py:3211} INFO - Sync 1 DAGs
[2024-08-26T15:59:55.018-0700] {logging_mixin.py:190} INFO - [2024-08-26T15:59:55.018-0700] {dag.py:4138} INFO - Setting next_dagrun for example_trigger_controller_dag to 2021-01-01 00:00:00+00:00, run_after=2021-01-01 00:00:00+00:00
[2024-08-26T15:59:55.035-0700] {processor.py:208} INFO - Processing /home/jerson/airflow_venv/lib/python3.10/site-packages/airflow/example_dags/example_trigger_controller_dag.py took 0.046 seconds
[2024-08-26T16:00:41.839-0700] {processor.py:186} INFO - Started process (PID=26530) to work on /home/jerson/airflow_venv/lib/python3.10/site-packages/airflow/example_dags/example_trigger_controller_dag.py
[2024-08-26T16:00:41.840-0700] {processor.py:914} INFO - Processing file /home/jerson/airflow_venv/lib/python3.10/site-packages/airflow/example_dags/example_trigger_controller_dag.py for tasks to queue
[2024-08-26T16:00:41.841-0700] {logging_mixin.py:190} INFO - [2024-08-26T16:00:41.841-0700] {dagbag.py:587} INFO - Filling up the DagBag from /home/jerson/airflow_venv/lib/python3.10/site-packages/airflow/example_dags/example_trigger_controller_dag.py
[2024-08-26T16:00:41.845-0700] {processor.py:925} INFO - DAG(s) 'example_trigger_controller_dag' retrieved from /home/jerson/airflow_venv/lib/python3.10/site-packages/airflow/example_dags/example_trigger_controller_dag.py
[2024-08-26T16:00:41.854-0700] {logging_mixin.py:190} INFO - [2024-08-26T16:00:41.854-0700] {dag.py:3211} INFO - Sync 1 DAGs
[2024-08-26T16:00:41.865-0700] {logging_mixin.py:190} INFO - [2024-08-26T16:00:41.864-0700] {dag.py:4138} INFO - Setting next_dagrun for example_trigger_controller_dag to 2021-01-01 00:00:00+00:00, run_after=2021-01-01 00:00:00+00:00
[2024-08-26T16:00:41.881-0700] {processor.py:208} INFO - Processing /home/jerson/airflow_venv/lib/python3.10/site-packages/airflow/example_dags/example_trigger_controller_dag.py took 0.045 seconds
[2024-08-26T16:01:28.320-0700] {processor.py:186} INFO - Started process (PID=26902) to work on /home/jerson/airflow_venv/lib/python3.10/site-packages/airflow/example_dags/example_trigger_controller_dag.py
[2024-08-26T16:01:28.321-0700] {processor.py:914} INFO - Processing file /home/jerson/airflow_venv/lib/python3.10/site-packages/airflow/example_dags/example_trigger_controller_dag.py for tasks to queue
[2024-08-26T16:01:28.322-0700] {logging_mixin.py:190} INFO - [2024-08-26T16:01:28.322-0700] {dagbag.py:587} INFO - Filling up the DagBag from /home/jerson/airflow_venv/lib/python3.10/site-packages/airflow/example_dags/example_trigger_controller_dag.py
[2024-08-26T16:01:28.326-0700] {processor.py:925} INFO - DAG(s) 'example_trigger_controller_dag' retrieved from /home/jerson/airflow_venv/lib/python3.10/site-packages/airflow/example_dags/example_trigger_controller_dag.py
[2024-08-26T16:01:28.335-0700] {logging_mixin.py:190} INFO - [2024-08-26T16:01:28.335-0700] {dag.py:3211} INFO - Sync 1 DAGs
[2024-08-26T16:01:28.348-0700] {logging_mixin.py:190} INFO - [2024-08-26T16:01:28.347-0700] {dag.py:4138} INFO - Setting next_dagrun for example_trigger_controller_dag to 2021-01-01 00:00:00+00:00, run_after=2021-01-01 00:00:00+00:00
[2024-08-26T16:01:28.364-0700] {processor.py:208} INFO - Processing /home/jerson/airflow_venv/lib/python3.10/site-packages/airflow/example_dags/example_trigger_controller_dag.py took 0.048 seconds
[2024-08-26T16:02:20.412-0700] {processor.py:186} INFO - Started process (PID=27317) to work on /home/jerson/airflow_venv/lib/python3.10/site-packages/airflow/example_dags/example_trigger_controller_dag.py
[2024-08-26T16:02:20.412-0700] {processor.py:914} INFO - Processing file /home/jerson/airflow_venv/lib/python3.10/site-packages/airflow/example_dags/example_trigger_controller_dag.py for tasks to queue
[2024-08-26T16:02:20.414-0700] {logging_mixin.py:190} INFO - [2024-08-26T16:02:20.413-0700] {dagbag.py:587} INFO - Filling up the DagBag from /home/jerson/airflow_venv/lib/python3.10/site-packages/airflow/example_dags/example_trigger_controller_dag.py
[2024-08-26T16:02:20.418-0700] {processor.py:925} INFO - DAG(s) 'example_trigger_controller_dag' retrieved from /home/jerson/airflow_venv/lib/python3.10/site-packages/airflow/example_dags/example_trigger_controller_dag.py
[2024-08-26T16:02:20.427-0700] {logging_mixin.py:190} INFO - [2024-08-26T16:02:20.427-0700] {dag.py:3211} INFO - Sync 1 DAGs
[2024-08-26T16:02:20.440-0700] {logging_mixin.py:190} INFO - [2024-08-26T16:02:20.440-0700] {dag.py:4138} INFO - Setting next_dagrun for example_trigger_controller_dag to 2021-01-01 00:00:00+00:00, run_after=2021-01-01 00:00:00+00:00
[2024-08-26T16:02:20.457-0700] {processor.py:208} INFO - Processing /home/jerson/airflow_venv/lib/python3.10/site-packages/airflow/example_dags/example_trigger_controller_dag.py took 0.049 seconds
[2024-08-26T16:03:09.593-0700] {processor.py:186} INFO - Started process (PID=27707) to work on /home/jerson/airflow_venv/lib/python3.10/site-packages/airflow/example_dags/example_trigger_controller_dag.py
[2024-08-26T16:03:09.594-0700] {processor.py:914} INFO - Processing file /home/jerson/airflow_venv/lib/python3.10/site-packages/airflow/example_dags/example_trigger_controller_dag.py for tasks to queue
[2024-08-26T16:03:09.595-0700] {logging_mixin.py:190} INFO - [2024-08-26T16:03:09.595-0700] {dagbag.py:587} INFO - Filling up the DagBag from /home/jerson/airflow_venv/lib/python3.10/site-packages/airflow/example_dags/example_trigger_controller_dag.py
[2024-08-26T16:03:09.599-0700] {processor.py:925} INFO - DAG(s) 'example_trigger_controller_dag' retrieved from /home/jerson/airflow_venv/lib/python3.10/site-packages/airflow/example_dags/example_trigger_controller_dag.py
[2024-08-26T16:03:09.606-0700] {logging_mixin.py:190} INFO - [2024-08-26T16:03:09.606-0700] {dag.py:3211} INFO - Sync 1 DAGs
[2024-08-26T16:03:09.617-0700] {logging_mixin.py:190} INFO - [2024-08-26T16:03:09.617-0700] {dag.py:4138} INFO - Setting next_dagrun for example_trigger_controller_dag to 2021-01-01 00:00:00+00:00, run_after=2021-01-01 00:00:00+00:00
[2024-08-26T16:03:09.631-0700] {processor.py:208} INFO - Processing /home/jerson/airflow_venv/lib/python3.10/site-packages/airflow/example_dags/example_trigger_controller_dag.py took 0.041 seconds
[2024-08-26T16:03:57.863-0700] {processor.py:186} INFO - Started process (PID=28093) to work on /home/jerson/airflow_venv/lib/python3.10/site-packages/airflow/example_dags/example_trigger_controller_dag.py
[2024-08-26T16:03:57.870-0700] {processor.py:914} INFO - Processing file /home/jerson/airflow_venv/lib/python3.10/site-packages/airflow/example_dags/example_trigger_controller_dag.py for tasks to queue
[2024-08-26T16:03:57.872-0700] {logging_mixin.py:190} INFO - [2024-08-26T16:03:57.871-0700] {dagbag.py:587} INFO - Filling up the DagBag from /home/jerson/airflow_venv/lib/python3.10/site-packages/airflow/example_dags/example_trigger_controller_dag.py
[2024-08-26T16:03:57.876-0700] {processor.py:925} INFO - DAG(s) 'example_trigger_controller_dag' retrieved from /home/jerson/airflow_venv/lib/python3.10/site-packages/airflow/example_dags/example_trigger_controller_dag.py
[2024-08-26T16:03:57.884-0700] {logging_mixin.py:190} INFO - [2024-08-26T16:03:57.884-0700] {dag.py:3211} INFO - Sync 1 DAGs
[2024-08-26T16:03:57.894-0700] {logging_mixin.py:190} INFO - [2024-08-26T16:03:57.894-0700] {dag.py:4138} INFO - Setting next_dagrun for example_trigger_controller_dag to 2021-01-01 00:00:00+00:00, run_after=2021-01-01 00:00:00+00:00
[2024-08-26T16:03:57.909-0700] {processor.py:208} INFO - Processing /home/jerson/airflow_venv/lib/python3.10/site-packages/airflow/example_dags/example_trigger_controller_dag.py took 0.049 seconds
[2024-08-26T16:04:48.515-0700] {processor.py:186} INFO - Started process (PID=28496) to work on /home/jerson/airflow_venv/lib/python3.10/site-packages/airflow/example_dags/example_trigger_controller_dag.py
[2024-08-26T16:04:48.516-0700] {processor.py:914} INFO - Processing file /home/jerson/airflow_venv/lib/python3.10/site-packages/airflow/example_dags/example_trigger_controller_dag.py for tasks to queue
[2024-08-26T16:04:48.517-0700] {logging_mixin.py:190} INFO - [2024-08-26T16:04:48.517-0700] {dagbag.py:587} INFO - Filling up the DagBag from /home/jerson/airflow_venv/lib/python3.10/site-packages/airflow/example_dags/example_trigger_controller_dag.py
[2024-08-26T16:04:48.521-0700] {processor.py:925} INFO - DAG(s) 'example_trigger_controller_dag' retrieved from /home/jerson/airflow_venv/lib/python3.10/site-packages/airflow/example_dags/example_trigger_controller_dag.py
[2024-08-26T16:04:48.530-0700] {logging_mixin.py:190} INFO - [2024-08-26T16:04:48.530-0700] {dag.py:3211} INFO - Sync 1 DAGs
[2024-08-26T16:04:48.540-0700] {logging_mixin.py:190} INFO - [2024-08-26T16:04:48.540-0700] {dag.py:4138} INFO - Setting next_dagrun for example_trigger_controller_dag to 2021-01-01 00:00:00+00:00, run_after=2021-01-01 00:00:00+00:00
[2024-08-26T16:04:48.555-0700] {processor.py:208} INFO - Processing /home/jerson/airflow_venv/lib/python3.10/site-packages/airflow/example_dags/example_trigger_controller_dag.py took 0.043 seconds
[2024-08-26T16:05:34.217-0700] {processor.py:186} INFO - Started process (PID=28889) to work on /home/jerson/airflow_venv/lib/python3.10/site-packages/airflow/example_dags/example_trigger_controller_dag.py
[2024-08-26T16:05:34.217-0700] {processor.py:914} INFO - Processing file /home/jerson/airflow_venv/lib/python3.10/site-packages/airflow/example_dags/example_trigger_controller_dag.py for tasks to queue
[2024-08-26T16:05:34.219-0700] {logging_mixin.py:190} INFO - [2024-08-26T16:05:34.219-0700] {dagbag.py:587} INFO - Filling up the DagBag from /home/jerson/airflow_venv/lib/python3.10/site-packages/airflow/example_dags/example_trigger_controller_dag.py
[2024-08-26T16:05:34.222-0700] {processor.py:925} INFO - DAG(s) 'example_trigger_controller_dag' retrieved from /home/jerson/airflow_venv/lib/python3.10/site-packages/airflow/example_dags/example_trigger_controller_dag.py
[2024-08-26T16:05:34.230-0700] {logging_mixin.py:190} INFO - [2024-08-26T16:05:34.230-0700] {dag.py:3211} INFO - Sync 1 DAGs
[2024-08-26T16:05:34.241-0700] {logging_mixin.py:190} INFO - [2024-08-26T16:05:34.241-0700] {dag.py:4138} INFO - Setting next_dagrun for example_trigger_controller_dag to 2021-01-01 00:00:00+00:00, run_after=2021-01-01 00:00:00+00:00
[2024-08-26T16:05:34.257-0700] {processor.py:208} INFO - Processing /home/jerson/airflow_venv/lib/python3.10/site-packages/airflow/example_dags/example_trigger_controller_dag.py took 0.043 seconds
[2024-08-26T16:06:22.969-0700] {processor.py:186} INFO - Started process (PID=29278) to work on /home/jerson/airflow_venv/lib/python3.10/site-packages/airflow/example_dags/example_trigger_controller_dag.py
[2024-08-26T16:06:22.969-0700] {processor.py:914} INFO - Processing file /home/jerson/airflow_venv/lib/python3.10/site-packages/airflow/example_dags/example_trigger_controller_dag.py for tasks to queue
[2024-08-26T16:06:22.971-0700] {logging_mixin.py:190} INFO - [2024-08-26T16:06:22.970-0700] {dagbag.py:587} INFO - Filling up the DagBag from /home/jerson/airflow_venv/lib/python3.10/site-packages/airflow/example_dags/example_trigger_controller_dag.py
[2024-08-26T16:06:22.975-0700] {processor.py:925} INFO - DAG(s) 'example_trigger_controller_dag' retrieved from /home/jerson/airflow_venv/lib/python3.10/site-packages/airflow/example_dags/example_trigger_controller_dag.py
[2024-08-26T16:06:22.983-0700] {logging_mixin.py:190} INFO - [2024-08-26T16:06:22.983-0700] {dag.py:3211} INFO - Sync 1 DAGs
[2024-08-26T16:06:22.994-0700] {logging_mixin.py:190} INFO - [2024-08-26T16:06:22.993-0700] {dag.py:4138} INFO - Setting next_dagrun for example_trigger_controller_dag to 2021-01-01 00:00:00+00:00, run_after=2021-01-01 00:00:00+00:00
[2024-08-26T16:06:23.009-0700] {processor.py:208} INFO - Processing /home/jerson/airflow_venv/lib/python3.10/site-packages/airflow/example_dags/example_trigger_controller_dag.py took 0.044 seconds
[2024-08-26T16:07:09.856-0700] {processor.py:186} INFO - Started process (PID=29650) to work on /home/jerson/airflow_venv/lib/python3.10/site-packages/airflow/example_dags/example_trigger_controller_dag.py
[2024-08-26T16:07:09.858-0700] {processor.py:914} INFO - Processing file /home/jerson/airflow_venv/lib/python3.10/site-packages/airflow/example_dags/example_trigger_controller_dag.py for tasks to queue
[2024-08-26T16:07:09.861-0700] {logging_mixin.py:190} INFO - [2024-08-26T16:07:09.860-0700] {dagbag.py:587} INFO - Filling up the DagBag from /home/jerson/airflow_venv/lib/python3.10/site-packages/airflow/example_dags/example_trigger_controller_dag.py
[2024-08-26T16:07:09.869-0700] {processor.py:925} INFO - DAG(s) 'example_trigger_controller_dag' retrieved from /home/jerson/airflow_venv/lib/python3.10/site-packages/airflow/example_dags/example_trigger_controller_dag.py
[2024-08-26T16:07:09.886-0700] {logging_mixin.py:190} INFO - [2024-08-26T16:07:09.885-0700] {dag.py:3211} INFO - Sync 1 DAGs
[2024-08-26T16:07:09.909-0700] {logging_mixin.py:190} INFO - [2024-08-26T16:07:09.909-0700] {dag.py:4138} INFO - Setting next_dagrun for example_trigger_controller_dag to 2021-01-01 00:00:00+00:00, run_after=2021-01-01 00:00:00+00:00
[2024-08-26T16:07:09.929-0700] {processor.py:208} INFO - Processing /home/jerson/airflow_venv/lib/python3.10/site-packages/airflow/example_dags/example_trigger_controller_dag.py took 0.077 seconds
[2024-08-26T16:08:01.557-0700] {processor.py:186} INFO - Started process (PID=30055) to work on /home/jerson/airflow_venv/lib/python3.10/site-packages/airflow/example_dags/example_trigger_controller_dag.py
[2024-08-26T16:08:01.558-0700] {processor.py:914} INFO - Processing file /home/jerson/airflow_venv/lib/python3.10/site-packages/airflow/example_dags/example_trigger_controller_dag.py for tasks to queue
[2024-08-26T16:08:01.559-0700] {logging_mixin.py:190} INFO - [2024-08-26T16:08:01.559-0700] {dagbag.py:587} INFO - Filling up the DagBag from /home/jerson/airflow_venv/lib/python3.10/site-packages/airflow/example_dags/example_trigger_controller_dag.py
[2024-08-26T16:08:01.563-0700] {processor.py:925} INFO - DAG(s) 'example_trigger_controller_dag' retrieved from /home/jerson/airflow_venv/lib/python3.10/site-packages/airflow/example_dags/example_trigger_controller_dag.py
[2024-08-26T16:08:01.571-0700] {logging_mixin.py:190} INFO - [2024-08-26T16:08:01.571-0700] {dag.py:3211} INFO - Sync 1 DAGs
[2024-08-26T16:08:01.583-0700] {logging_mixin.py:190} INFO - [2024-08-26T16:08:01.582-0700] {dag.py:4138} INFO - Setting next_dagrun for example_trigger_controller_dag to 2021-01-01 00:00:00+00:00, run_after=2021-01-01 00:00:00+00:00
[2024-08-26T16:08:01.598-0700] {processor.py:208} INFO - Processing /home/jerson/airflow_venv/lib/python3.10/site-packages/airflow/example_dags/example_trigger_controller_dag.py took 0.045 seconds
[2024-08-26T16:08:57.377-0700] {processor.py:186} INFO - Started process (PID=30495) to work on /home/jerson/airflow_venv/lib/python3.10/site-packages/airflow/example_dags/example_trigger_controller_dag.py
[2024-08-26T16:08:57.379-0700] {processor.py:914} INFO - Processing file /home/jerson/airflow_venv/lib/python3.10/site-packages/airflow/example_dags/example_trigger_controller_dag.py for tasks to queue
[2024-08-26T16:08:57.380-0700] {logging_mixin.py:190} INFO - [2024-08-26T16:08:57.380-0700] {dagbag.py:587} INFO - Filling up the DagBag from /home/jerson/airflow_venv/lib/python3.10/site-packages/airflow/example_dags/example_trigger_controller_dag.py
[2024-08-26T16:08:57.384-0700] {processor.py:925} INFO - DAG(s) 'example_trigger_controller_dag' retrieved from /home/jerson/airflow_venv/lib/python3.10/site-packages/airflow/example_dags/example_trigger_controller_dag.py
[2024-08-26T16:08:57.391-0700] {logging_mixin.py:190} INFO - [2024-08-26T16:08:57.391-0700] {dag.py:3211} INFO - Sync 1 DAGs
[2024-08-26T16:08:57.402-0700] {logging_mixin.py:190} INFO - [2024-08-26T16:08:57.401-0700] {dag.py:4138} INFO - Setting next_dagrun for example_trigger_controller_dag to 2021-01-01 00:00:00+00:00, run_after=2021-01-01 00:00:00+00:00
[2024-08-26T16:08:57.417-0700] {processor.py:208} INFO - Processing /home/jerson/airflow_venv/lib/python3.10/site-packages/airflow/example_dags/example_trigger_controller_dag.py took 0.044 seconds
[2024-08-26T16:09:45.306-0700] {processor.py:186} INFO - Started process (PID=30880) to work on /home/jerson/airflow_venv/lib/python3.10/site-packages/airflow/example_dags/example_trigger_controller_dag.py
[2024-08-26T16:09:45.307-0700] {processor.py:914} INFO - Processing file /home/jerson/airflow_venv/lib/python3.10/site-packages/airflow/example_dags/example_trigger_controller_dag.py for tasks to queue
[2024-08-26T16:09:45.308-0700] {logging_mixin.py:190} INFO - [2024-08-26T16:09:45.308-0700] {dagbag.py:587} INFO - Filling up the DagBag from /home/jerson/airflow_venv/lib/python3.10/site-packages/airflow/example_dags/example_trigger_controller_dag.py
[2024-08-26T16:09:45.312-0700] {processor.py:925} INFO - DAG(s) 'example_trigger_controller_dag' retrieved from /home/jerson/airflow_venv/lib/python3.10/site-packages/airflow/example_dags/example_trigger_controller_dag.py
[2024-08-26T16:09:45.320-0700] {logging_mixin.py:190} INFO - [2024-08-26T16:09:45.320-0700] {dag.py:3211} INFO - Sync 1 DAGs
[2024-08-26T16:09:45.330-0700] {logging_mixin.py:190} INFO - [2024-08-26T16:09:45.330-0700] {dag.py:4138} INFO - Setting next_dagrun for example_trigger_controller_dag to 2021-01-01 00:00:00+00:00, run_after=2021-01-01 00:00:00+00:00
[2024-08-26T16:09:45.345-0700] {processor.py:208} INFO - Processing /home/jerson/airflow_venv/lib/python3.10/site-packages/airflow/example_dags/example_trigger_controller_dag.py took 0.042 seconds
[2024-08-26T16:10:32.505-0700] {processor.py:186} INFO - Started process (PID=31284) to work on /home/jerson/airflow_venv/lib/python3.10/site-packages/airflow/example_dags/example_trigger_controller_dag.py
[2024-08-26T16:10:32.506-0700] {processor.py:914} INFO - Processing file /home/jerson/airflow_venv/lib/python3.10/site-packages/airflow/example_dags/example_trigger_controller_dag.py for tasks to queue
[2024-08-26T16:10:32.507-0700] {logging_mixin.py:190} INFO - [2024-08-26T16:10:32.507-0700] {dagbag.py:587} INFO - Filling up the DagBag from /home/jerson/airflow_venv/lib/python3.10/site-packages/airflow/example_dags/example_trigger_controller_dag.py
[2024-08-26T16:10:32.511-0700] {processor.py:925} INFO - DAG(s) 'example_trigger_controller_dag' retrieved from /home/jerson/airflow_venv/lib/python3.10/site-packages/airflow/example_dags/example_trigger_controller_dag.py
[2024-08-26T16:10:32.519-0700] {logging_mixin.py:190} INFO - [2024-08-26T16:10:32.519-0700] {dag.py:3211} INFO - Sync 1 DAGs
[2024-08-26T16:10:32.530-0700] {logging_mixin.py:190} INFO - [2024-08-26T16:10:32.530-0700] {dag.py:4138} INFO - Setting next_dagrun for example_trigger_controller_dag to 2021-01-01 00:00:00+00:00, run_after=2021-01-01 00:00:00+00:00
[2024-08-26T16:10:32.546-0700] {processor.py:208} INFO - Processing /home/jerson/airflow_venv/lib/python3.10/site-packages/airflow/example_dags/example_trigger_controller_dag.py took 0.044 seconds
[2024-08-26T16:11:21.702-0700] {processor.py:186} INFO - Started process (PID=31679) to work on /home/jerson/airflow_venv/lib/python3.10/site-packages/airflow/example_dags/example_trigger_controller_dag.py
[2024-08-26T16:11:21.702-0700] {processor.py:914} INFO - Processing file /home/jerson/airflow_venv/lib/python3.10/site-packages/airflow/example_dags/example_trigger_controller_dag.py for tasks to queue
[2024-08-26T16:11:21.704-0700] {logging_mixin.py:190} INFO - [2024-08-26T16:11:21.703-0700] {dagbag.py:587} INFO - Filling up the DagBag from /home/jerson/airflow_venv/lib/python3.10/site-packages/airflow/example_dags/example_trigger_controller_dag.py
[2024-08-26T16:11:21.708-0700] {processor.py:925} INFO - DAG(s) 'example_trigger_controller_dag' retrieved from /home/jerson/airflow_venv/lib/python3.10/site-packages/airflow/example_dags/example_trigger_controller_dag.py
[2024-08-26T16:11:21.716-0700] {logging_mixin.py:190} INFO - [2024-08-26T16:11:21.716-0700] {dag.py:3211} INFO - Sync 1 DAGs
[2024-08-26T16:11:21.727-0700] {logging_mixin.py:190} INFO - [2024-08-26T16:11:21.726-0700] {dag.py:4138} INFO - Setting next_dagrun for example_trigger_controller_dag to 2021-01-01 00:00:00+00:00, run_after=2021-01-01 00:00:00+00:00
[2024-08-26T16:11:21.741-0700] {processor.py:208} INFO - Processing /home/jerson/airflow_venv/lib/python3.10/site-packages/airflow/example_dags/example_trigger_controller_dag.py took 0.043 seconds
[2024-08-26T16:12:10.778-0700] {processor.py:186} INFO - Started process (PID=32068) to work on /home/jerson/airflow_venv/lib/python3.10/site-packages/airflow/example_dags/example_trigger_controller_dag.py
[2024-08-26T16:12:10.779-0700] {processor.py:914} INFO - Processing file /home/jerson/airflow_venv/lib/python3.10/site-packages/airflow/example_dags/example_trigger_controller_dag.py for tasks to queue
[2024-08-26T16:12:10.780-0700] {logging_mixin.py:190} INFO - [2024-08-26T16:12:10.780-0700] {dagbag.py:587} INFO - Filling up the DagBag from /home/jerson/airflow_venv/lib/python3.10/site-packages/airflow/example_dags/example_trigger_controller_dag.py
[2024-08-26T16:12:10.783-0700] {processor.py:925} INFO - DAG(s) 'example_trigger_controller_dag' retrieved from /home/jerson/airflow_venv/lib/python3.10/site-packages/airflow/example_dags/example_trigger_controller_dag.py
[2024-08-26T16:12:10.792-0700] {logging_mixin.py:190} INFO - [2024-08-26T16:12:10.792-0700] {dag.py:3211} INFO - Sync 1 DAGs
[2024-08-26T16:12:10.802-0700] {logging_mixin.py:190} INFO - [2024-08-26T16:12:10.802-0700] {dag.py:4138} INFO - Setting next_dagrun for example_trigger_controller_dag to 2021-01-01 00:00:00+00:00, run_after=2021-01-01 00:00:00+00:00
[2024-08-26T16:12:10.819-0700] {processor.py:208} INFO - Processing /home/jerson/airflow_venv/lib/python3.10/site-packages/airflow/example_dags/example_trigger_controller_dag.py took 0.045 seconds
