[2024-08-26T15:22:20.968-0700] {processor.py:186} INFO - Started process (PID=7673) to work on /home/jerson/airflow_venv/lib/python3.10/site-packages/airflow/example_dags/example_external_task_marker_dag.py
[2024-08-26T15:22:20.968-0700] {processor.py:914} INFO - Processing file /home/jerson/airflow_venv/lib/python3.10/site-packages/airflow/example_dags/example_external_task_marker_dag.py for tasks to queue
[2024-08-26T15:22:20.970-0700] {logging_mixin.py:190} INFO - [2024-08-26T15:22:20.969-0700] {dagbag.py:587} INFO - Filling up the DagBag from /home/jerson/airflow_venv/lib/python3.10/site-packages/airflow/example_dags/example_external_task_marker_dag.py
[2024-08-26T15:22:20.974-0700] {processor.py:925} INFO - DAG(s) 'example_external_task_marker_child', 'example_external_task_marker_parent' retrieved from /home/jerson/airflow_venv/lib/python3.10/site-packages/airflow/example_dags/example_external_task_marker_dag.py
[2024-08-26T15:22:21.039-0700] {logging_mixin.py:190} INFO - [2024-08-26T15:22:21.038-0700] {override.py:1900} INFO - Created Permission View: can read on DAG:example_external_task_marker_child
[2024-08-26T15:22:21.049-0700] {logging_mixin.py:190} INFO - [2024-08-26T15:22:21.048-0700] {override.py:1900} INFO - Created Permission View: can delete on DAG:example_external_task_marker_child
[2024-08-26T15:22:21.058-0700] {logging_mixin.py:190} INFO - [2024-08-26T15:22:21.057-0700] {override.py:1900} INFO - Created Permission View: can edit on DAG:example_external_task_marker_child
[2024-08-26T15:22:21.072-0700] {logging_mixin.py:190} INFO - [2024-08-26T15:22:21.072-0700] {override.py:1900} INFO - Created Permission View: can read on DAG Run:example_external_task_marker_child
[2024-08-26T15:22:21.081-0700] {logging_mixin.py:190} INFO - [2024-08-26T15:22:21.081-0700] {override.py:1900} INFO - Created Permission View: can create on DAG Run:example_external_task_marker_child
[2024-08-26T15:22:21.090-0700] {logging_mixin.py:190} INFO - [2024-08-26T15:22:21.090-0700] {override.py:1900} INFO - Created Permission View: menu access on DAG Run:example_external_task_marker_child
[2024-08-26T15:22:21.099-0700] {logging_mixin.py:190} INFO - [2024-08-26T15:22:21.099-0700] {override.py:1900} INFO - Created Permission View: can delete on DAG Run:example_external_task_marker_child
[2024-08-26T15:22:21.119-0700] {logging_mixin.py:190} INFO - [2024-08-26T15:22:21.119-0700] {override.py:1900} INFO - Created Permission View: can read on DAG:example_external_task_marker_parent
[2024-08-26T15:22:21.127-0700] {logging_mixin.py:190} INFO - [2024-08-26T15:22:21.127-0700] {override.py:1900} INFO - Created Permission View: can delete on DAG:example_external_task_marker_parent
[2024-08-26T15:22:21.135-0700] {logging_mixin.py:190} INFO - [2024-08-26T15:22:21.135-0700] {override.py:1900} INFO - Created Permission View: can edit on DAG:example_external_task_marker_parent
[2024-08-26T15:22:21.150-0700] {logging_mixin.py:190} INFO - [2024-08-26T15:22:21.150-0700] {override.py:1900} INFO - Created Permission View: can read on DAG Run:example_external_task_marker_parent
[2024-08-26T15:22:21.159-0700] {logging_mixin.py:190} INFO - [2024-08-26T15:22:21.159-0700] {override.py:1900} INFO - Created Permission View: can create on DAG Run:example_external_task_marker_parent
[2024-08-26T15:22:21.167-0700] {logging_mixin.py:190} INFO - [2024-08-26T15:22:21.167-0700] {override.py:1900} INFO - Created Permission View: menu access on DAG Run:example_external_task_marker_parent
[2024-08-26T15:22:21.176-0700] {logging_mixin.py:190} INFO - [2024-08-26T15:22:21.176-0700] {override.py:1900} INFO - Created Permission View: can delete on DAG Run:example_external_task_marker_parent
[2024-08-26T15:22:21.176-0700] {logging_mixin.py:190} INFO - [2024-08-26T15:22:21.176-0700] {dag.py:3211} INFO - Sync 2 DAGs
[2024-08-26T15:22:21.184-0700] {logging_mixin.py:190} INFO - [2024-08-26T15:22:21.183-0700] {dag.py:3234} INFO - Creating ORM DAG for example_external_task_marker_child
[2024-08-26T15:22:21.184-0700] {logging_mixin.py:190} INFO - [2024-08-26T15:22:21.184-0700] {dag.py:3234} INFO - Creating ORM DAG for example_external_task_marker_parent
[2024-08-26T15:22:21.184-0700] {logging_mixin.py:190} INFO - [2024-08-26T15:22:21.184-0700] {dag.py:4138} INFO - Setting next_dagrun for example_external_task_marker_child to None, run_after=None
[2024-08-26T15:22:21.185-0700] {logging_mixin.py:190} INFO - [2024-08-26T15:22:21.184-0700] {dag.py:4138} INFO - Setting next_dagrun for example_external_task_marker_parent to None, run_after=None
[2024-08-26T15:22:21.202-0700] {processor.py:208} INFO - Processing /home/jerson/airflow_venv/lib/python3.10/site-packages/airflow/example_dags/example_external_task_marker_dag.py took 0.238 seconds
[2024-08-26T15:23:14.774-0700] {processor.py:186} INFO - Started process (PID=7963) to work on /home/jerson/airflow_venv/lib/python3.10/site-packages/airflow/example_dags/example_external_task_marker_dag.py
[2024-08-26T15:23:14.775-0700] {processor.py:914} INFO - Processing file /home/jerson/airflow_venv/lib/python3.10/site-packages/airflow/example_dags/example_external_task_marker_dag.py for tasks to queue
[2024-08-26T15:23:14.776-0700] {logging_mixin.py:190} INFO - [2024-08-26T15:23:14.775-0700] {dagbag.py:587} INFO - Filling up the DagBag from /home/jerson/airflow_venv/lib/python3.10/site-packages/airflow/example_dags/example_external_task_marker_dag.py
[2024-08-26T15:23:14.780-0700] {processor.py:925} INFO - DAG(s) 'example_external_task_marker_child', 'example_external_task_marker_parent' retrieved from /home/jerson/airflow_venv/lib/python3.10/site-packages/airflow/example_dags/example_external_task_marker_dag.py
[2024-08-26T15:23:14.791-0700] {logging_mixin.py:190} INFO - [2024-08-26T15:23:14.791-0700] {dag.py:3211} INFO - Sync 2 DAGs
[2024-08-26T15:23:14.798-0700] {logging_mixin.py:190} INFO - [2024-08-26T15:23:14.798-0700] {dag.py:4138} INFO - Setting next_dagrun for example_external_task_marker_child to None, run_after=None
[2024-08-26T15:23:14.800-0700] {logging_mixin.py:190} INFO - [2024-08-26T15:23:14.800-0700] {dag.py:4138} INFO - Setting next_dagrun for example_external_task_marker_parent to None, run_after=None
[2024-08-26T15:23:14.815-0700] {processor.py:208} INFO - Processing /home/jerson/airflow_venv/lib/python3.10/site-packages/airflow/example_dags/example_external_task_marker_dag.py took 0.045 seconds
[2024-08-26T15:26:00.373-0700] {processor.py:186} INFO - Started process (PID=8829) to work on /home/jerson/airflow_venv/lib/python3.10/site-packages/airflow/example_dags/example_external_task_marker_dag.py
[2024-08-26T15:26:00.374-0700] {processor.py:914} INFO - Processing file /home/jerson/airflow_venv/lib/python3.10/site-packages/airflow/example_dags/example_external_task_marker_dag.py for tasks to queue
[2024-08-26T15:26:00.376-0700] {logging_mixin.py:190} INFO - [2024-08-26T15:26:00.375-0700] {dagbag.py:587} INFO - Filling up the DagBag from /home/jerson/airflow_venv/lib/python3.10/site-packages/airflow/example_dags/example_external_task_marker_dag.py
[2024-08-26T15:26:00.380-0700] {processor.py:925} INFO - DAG(s) 'example_external_task_marker_parent', 'example_external_task_marker_child' retrieved from /home/jerson/airflow_venv/lib/python3.10/site-packages/airflow/example_dags/example_external_task_marker_dag.py
[2024-08-26T15:26:00.390-0700] {logging_mixin.py:190} INFO - [2024-08-26T15:26:00.390-0700] {dag.py:3211} INFO - Sync 2 DAGs
[2024-08-26T15:26:00.397-0700] {logging_mixin.py:190} INFO - [2024-08-26T15:26:00.397-0700] {dag.py:4138} INFO - Setting next_dagrun for example_external_task_marker_child to None, run_after=None
[2024-08-26T15:26:00.398-0700] {logging_mixin.py:190} INFO - [2024-08-26T15:26:00.398-0700] {dag.py:4138} INFO - Setting next_dagrun for example_external_task_marker_parent to None, run_after=None
[2024-08-26T15:26:00.413-0700] {processor.py:208} INFO - Processing /home/jerson/airflow_venv/lib/python3.10/site-packages/airflow/example_dags/example_external_task_marker_dag.py took 0.043 seconds
[2024-08-26T15:27:11.671-0700] {processor.py:186} INFO - Started process (PID=9195) to work on /home/jerson/airflow_venv/lib/python3.10/site-packages/airflow/example_dags/example_external_task_marker_dag.py
[2024-08-26T15:27:11.672-0700] {processor.py:914} INFO - Processing file /home/jerson/airflow_venv/lib/python3.10/site-packages/airflow/example_dags/example_external_task_marker_dag.py for tasks to queue
[2024-08-26T15:27:11.673-0700] {logging_mixin.py:190} INFO - [2024-08-26T15:27:11.673-0700] {dagbag.py:587} INFO - Filling up the DagBag from /home/jerson/airflow_venv/lib/python3.10/site-packages/airflow/example_dags/example_external_task_marker_dag.py
[2024-08-26T15:27:11.678-0700] {processor.py:925} INFO - DAG(s) 'example_external_task_marker_parent', 'example_external_task_marker_child' retrieved from /home/jerson/airflow_venv/lib/python3.10/site-packages/airflow/example_dags/example_external_task_marker_dag.py
[2024-08-26T15:27:11.688-0700] {logging_mixin.py:190} INFO - [2024-08-26T15:27:11.687-0700] {dag.py:3211} INFO - Sync 2 DAGs
[2024-08-26T15:27:11.695-0700] {logging_mixin.py:190} INFO - [2024-08-26T15:27:11.695-0700] {dag.py:4138} INFO - Setting next_dagrun for example_external_task_marker_child to None, run_after=None
[2024-08-26T15:27:11.697-0700] {logging_mixin.py:190} INFO - [2024-08-26T15:27:11.696-0700] {dag.py:4138} INFO - Setting next_dagrun for example_external_task_marker_parent to None, run_after=None
[2024-08-26T15:27:11.711-0700] {processor.py:208} INFO - Processing /home/jerson/airflow_venv/lib/python3.10/site-packages/airflow/example_dags/example_external_task_marker_dag.py took 0.042 seconds
[2024-08-26T15:28:23.173-0700] {processor.py:186} INFO - Started process (PID=9559) to work on /home/jerson/airflow_venv/lib/python3.10/site-packages/airflow/example_dags/example_external_task_marker_dag.py
[2024-08-26T15:28:23.174-0700] {processor.py:914} INFO - Processing file /home/jerson/airflow_venv/lib/python3.10/site-packages/airflow/example_dags/example_external_task_marker_dag.py for tasks to queue
[2024-08-26T15:28:23.175-0700] {logging_mixin.py:190} INFO - [2024-08-26T15:28:23.175-0700] {dagbag.py:587} INFO - Filling up the DagBag from /home/jerson/airflow_venv/lib/python3.10/site-packages/airflow/example_dags/example_external_task_marker_dag.py
[2024-08-26T15:28:23.180-0700] {processor.py:925} INFO - DAG(s) 'example_external_task_marker_child', 'example_external_task_marker_parent' retrieved from /home/jerson/airflow_venv/lib/python3.10/site-packages/airflow/example_dags/example_external_task_marker_dag.py
[2024-08-26T15:28:23.189-0700] {logging_mixin.py:190} INFO - [2024-08-26T15:28:23.189-0700] {dag.py:3211} INFO - Sync 2 DAGs
[2024-08-26T15:28:23.197-0700] {logging_mixin.py:190} INFO - [2024-08-26T15:28:23.196-0700] {dag.py:4138} INFO - Setting next_dagrun for example_external_task_marker_child to None, run_after=None
[2024-08-26T15:28:23.198-0700] {logging_mixin.py:190} INFO - [2024-08-26T15:28:23.198-0700] {dag.py:4138} INFO - Setting next_dagrun for example_external_task_marker_parent to None, run_after=None
[2024-08-26T15:28:23.213-0700] {processor.py:208} INFO - Processing /home/jerson/airflow_venv/lib/python3.10/site-packages/airflow/example_dags/example_external_task_marker_dag.py took 0.043 seconds
[2024-08-26T15:29:37.751-0700] {processor.py:186} INFO - Started process (PID=10018) to work on /home/jerson/airflow_venv/lib/python3.10/site-packages/airflow/example_dags/example_external_task_marker_dag.py
[2024-08-26T15:29:37.752-0700] {processor.py:914} INFO - Processing file /home/jerson/airflow_venv/lib/python3.10/site-packages/airflow/example_dags/example_external_task_marker_dag.py for tasks to queue
[2024-08-26T15:29:37.753-0700] {logging_mixin.py:190} INFO - [2024-08-26T15:29:37.753-0700] {dagbag.py:587} INFO - Filling up the DagBag from /home/jerson/airflow_venv/lib/python3.10/site-packages/airflow/example_dags/example_external_task_marker_dag.py
[2024-08-26T15:29:37.760-0700] {processor.py:925} INFO - DAG(s) 'example_external_task_marker_parent', 'example_external_task_marker_child' retrieved from /home/jerson/airflow_venv/lib/python3.10/site-packages/airflow/example_dags/example_external_task_marker_dag.py
[2024-08-26T15:29:37.776-0700] {logging_mixin.py:190} INFO - [2024-08-26T15:29:37.775-0700] {dag.py:3211} INFO - Sync 2 DAGs
[2024-08-26T15:29:37.784-0700] {logging_mixin.py:190} INFO - [2024-08-26T15:29:37.784-0700] {dag.py:4138} INFO - Setting next_dagrun for example_external_task_marker_child to None, run_after=None
[2024-08-26T15:29:37.787-0700] {logging_mixin.py:190} INFO - [2024-08-26T15:29:37.786-0700] {dag.py:4138} INFO - Setting next_dagrun for example_external_task_marker_parent to None, run_after=None
[2024-08-26T15:29:37.811-0700] {processor.py:208} INFO - Processing /home/jerson/airflow_venv/lib/python3.10/site-packages/airflow/example_dags/example_external_task_marker_dag.py took 0.065 seconds
[2024-08-26T15:30:49.627-0700] {processor.py:186} INFO - Started process (PID=10377) to work on /home/jerson/airflow_venv/lib/python3.10/site-packages/airflow/example_dags/example_external_task_marker_dag.py
[2024-08-26T15:30:49.628-0700] {processor.py:914} INFO - Processing file /home/jerson/airflow_venv/lib/python3.10/site-packages/airflow/example_dags/example_external_task_marker_dag.py for tasks to queue
[2024-08-26T15:30:49.629-0700] {logging_mixin.py:190} INFO - [2024-08-26T15:30:49.629-0700] {dagbag.py:587} INFO - Filling up the DagBag from /home/jerson/airflow_venv/lib/python3.10/site-packages/airflow/example_dags/example_external_task_marker_dag.py
[2024-08-26T15:30:49.634-0700] {processor.py:925} INFO - DAG(s) 'example_external_task_marker_child', 'example_external_task_marker_parent' retrieved from /home/jerson/airflow_venv/lib/python3.10/site-packages/airflow/example_dags/example_external_task_marker_dag.py
[2024-08-26T15:30:49.645-0700] {logging_mixin.py:190} INFO - [2024-08-26T15:30:49.645-0700] {dag.py:3211} INFO - Sync 2 DAGs
[2024-08-26T15:30:49.653-0700] {logging_mixin.py:190} INFO - [2024-08-26T15:30:49.653-0700] {dag.py:4138} INFO - Setting next_dagrun for example_external_task_marker_child to None, run_after=None
[2024-08-26T15:30:49.655-0700] {logging_mixin.py:190} INFO - [2024-08-26T15:30:49.655-0700] {dag.py:4138} INFO - Setting next_dagrun for example_external_task_marker_parent to None, run_after=None
[2024-08-26T15:30:49.671-0700] {processor.py:208} INFO - Processing /home/jerson/airflow_venv/lib/python3.10/site-packages/airflow/example_dags/example_external_task_marker_dag.py took 0.048 seconds
[2024-08-26T15:32:00.061-0700] {processor.py:186} INFO - Started process (PID=10762) to work on /home/jerson/airflow_venv/lib/python3.10/site-packages/airflow/example_dags/example_external_task_marker_dag.py
[2024-08-26T15:32:00.062-0700] {processor.py:914} INFO - Processing file /home/jerson/airflow_venv/lib/python3.10/site-packages/airflow/example_dags/example_external_task_marker_dag.py for tasks to queue
[2024-08-26T15:32:00.063-0700] {logging_mixin.py:190} INFO - [2024-08-26T15:32:00.063-0700] {dagbag.py:587} INFO - Filling up the DagBag from /home/jerson/airflow_venv/lib/python3.10/site-packages/airflow/example_dags/example_external_task_marker_dag.py
[2024-08-26T15:32:00.068-0700] {processor.py:925} INFO - DAG(s) 'example_external_task_marker_child', 'example_external_task_marker_parent' retrieved from /home/jerson/airflow_venv/lib/python3.10/site-packages/airflow/example_dags/example_external_task_marker_dag.py
[2024-08-26T15:32:00.080-0700] {logging_mixin.py:190} INFO - [2024-08-26T15:32:00.080-0700] {dag.py:3211} INFO - Sync 2 DAGs
[2024-08-26T15:32:00.088-0700] {logging_mixin.py:190} INFO - [2024-08-26T15:32:00.087-0700] {dag.py:4138} INFO - Setting next_dagrun for example_external_task_marker_child to None, run_after=None
[2024-08-26T15:32:00.089-0700] {logging_mixin.py:190} INFO - [2024-08-26T15:32:00.089-0700] {dag.py:4138} INFO - Setting next_dagrun for example_external_task_marker_parent to None, run_after=None
[2024-08-26T15:32:00.105-0700] {processor.py:208} INFO - Processing /home/jerson/airflow_venv/lib/python3.10/site-packages/airflow/example_dags/example_external_task_marker_dag.py took 0.048 seconds
[2024-08-26T15:33:15.676-0700] {processor.py:186} INFO - Started process (PID=11154) to work on /home/jerson/airflow_venv/lib/python3.10/site-packages/airflow/example_dags/example_external_task_marker_dag.py
[2024-08-26T15:33:15.677-0700] {processor.py:914} INFO - Processing file /home/jerson/airflow_venv/lib/python3.10/site-packages/airflow/example_dags/example_external_task_marker_dag.py for tasks to queue
[2024-08-26T15:33:15.678-0700] {logging_mixin.py:190} INFO - [2024-08-26T15:33:15.678-0700] {dagbag.py:587} INFO - Filling up the DagBag from /home/jerson/airflow_venv/lib/python3.10/site-packages/airflow/example_dags/example_external_task_marker_dag.py
[2024-08-26T15:33:15.682-0700] {processor.py:925} INFO - DAG(s) 'example_external_task_marker_parent', 'example_external_task_marker_child' retrieved from /home/jerson/airflow_venv/lib/python3.10/site-packages/airflow/example_dags/example_external_task_marker_dag.py
[2024-08-26T15:33:15.693-0700] {logging_mixin.py:190} INFO - [2024-08-26T15:33:15.693-0700] {dag.py:3211} INFO - Sync 2 DAGs
[2024-08-26T15:33:15.700-0700] {logging_mixin.py:190} INFO - [2024-08-26T15:33:15.700-0700] {dag.py:4138} INFO - Setting next_dagrun for example_external_task_marker_child to None, run_after=None
[2024-08-26T15:33:15.702-0700] {logging_mixin.py:190} INFO - [2024-08-26T15:33:15.702-0700] {dag.py:4138} INFO - Setting next_dagrun for example_external_task_marker_parent to None, run_after=None
[2024-08-26T15:33:15.715-0700] {processor.py:208} INFO - Processing /home/jerson/airflow_venv/lib/python3.10/site-packages/airflow/example_dags/example_external_task_marker_dag.py took 0.043 seconds
[2024-08-26T15:34:11.293-0700] {processor.py:186} INFO - Started process (PID=11441) to work on /home/jerson/airflow_venv/lib/python3.10/site-packages/airflow/example_dags/example_external_task_marker_dag.py
[2024-08-26T15:34:11.294-0700] {processor.py:914} INFO - Processing file /home/jerson/airflow_venv/lib/python3.10/site-packages/airflow/example_dags/example_external_task_marker_dag.py for tasks to queue
[2024-08-26T15:34:11.296-0700] {logging_mixin.py:190} INFO - [2024-08-26T15:34:11.295-0700] {dagbag.py:587} INFO - Filling up the DagBag from /home/jerson/airflow_venv/lib/python3.10/site-packages/airflow/example_dags/example_external_task_marker_dag.py
[2024-08-26T15:34:11.301-0700] {processor.py:925} INFO - DAG(s) 'example_external_task_marker_child', 'example_external_task_marker_parent' retrieved from /home/jerson/airflow_venv/lib/python3.10/site-packages/airflow/example_dags/example_external_task_marker_dag.py
[2024-08-26T15:34:11.311-0700] {logging_mixin.py:190} INFO - [2024-08-26T15:34:11.311-0700] {dag.py:3211} INFO - Sync 2 DAGs
[2024-08-26T15:34:11.318-0700] {logging_mixin.py:190} INFO - [2024-08-26T15:34:11.318-0700] {dag.py:4138} INFO - Setting next_dagrun for example_external_task_marker_child to None, run_after=None
[2024-08-26T15:34:11.320-0700] {logging_mixin.py:190} INFO - [2024-08-26T15:34:11.320-0700] {dag.py:4138} INFO - Setting next_dagrun for example_external_task_marker_parent to None, run_after=None
[2024-08-26T15:34:11.334-0700] {processor.py:208} INFO - Processing /home/jerson/airflow_venv/lib/python3.10/site-packages/airflow/example_dags/example_external_task_marker_dag.py took 0.045 seconds
[2024-08-26T15:35:22.046-0700] {processor.py:186} INFO - Started process (PID=11827) to work on /home/jerson/airflow_venv/lib/python3.10/site-packages/airflow/example_dags/example_external_task_marker_dag.py
[2024-08-26T15:35:22.046-0700] {processor.py:914} INFO - Processing file /home/jerson/airflow_venv/lib/python3.10/site-packages/airflow/example_dags/example_external_task_marker_dag.py for tasks to queue
[2024-08-26T15:35:22.048-0700] {logging_mixin.py:190} INFO - [2024-08-26T15:35:22.047-0700] {dagbag.py:587} INFO - Filling up the DagBag from /home/jerson/airflow_venv/lib/python3.10/site-packages/airflow/example_dags/example_external_task_marker_dag.py
[2024-08-26T15:35:22.052-0700] {processor.py:925} INFO - DAG(s) 'example_external_task_marker_child', 'example_external_task_marker_parent' retrieved from /home/jerson/airflow_venv/lib/python3.10/site-packages/airflow/example_dags/example_external_task_marker_dag.py
[2024-08-26T15:35:22.062-0700] {logging_mixin.py:190} INFO - [2024-08-26T15:35:22.062-0700] {dag.py:3211} INFO - Sync 2 DAGs
[2024-08-26T15:35:22.069-0700] {logging_mixin.py:190} INFO - [2024-08-26T15:35:22.069-0700] {dag.py:4138} INFO - Setting next_dagrun for example_external_task_marker_child to None, run_after=None
[2024-08-26T15:35:22.071-0700] {logging_mixin.py:190} INFO - [2024-08-26T15:35:22.071-0700] {dag.py:4138} INFO - Setting next_dagrun for example_external_task_marker_parent to None, run_after=None
[2024-08-26T15:35:22.085-0700] {processor.py:208} INFO - Processing /home/jerson/airflow_venv/lib/python3.10/site-packages/airflow/example_dags/example_external_task_marker_dag.py took 0.043 seconds
[2024-08-26T15:36:33.931-0700] {processor.py:186} INFO - Started process (PID=12212) to work on /home/jerson/airflow_venv/lib/python3.10/site-packages/airflow/example_dags/example_external_task_marker_dag.py
[2024-08-26T15:36:33.932-0700] {processor.py:914} INFO - Processing file /home/jerson/airflow_venv/lib/python3.10/site-packages/airflow/example_dags/example_external_task_marker_dag.py for tasks to queue
[2024-08-26T15:36:33.933-0700] {logging_mixin.py:190} INFO - [2024-08-26T15:36:33.933-0700] {dagbag.py:587} INFO - Filling up the DagBag from /home/jerson/airflow_venv/lib/python3.10/site-packages/airflow/example_dags/example_external_task_marker_dag.py
[2024-08-26T15:36:33.937-0700] {processor.py:925} INFO - DAG(s) 'example_external_task_marker_child', 'example_external_task_marker_parent' retrieved from /home/jerson/airflow_venv/lib/python3.10/site-packages/airflow/example_dags/example_external_task_marker_dag.py
[2024-08-26T15:36:33.948-0700] {logging_mixin.py:190} INFO - [2024-08-26T15:36:33.947-0700] {dag.py:3211} INFO - Sync 2 DAGs
[2024-08-26T15:36:33.954-0700] {logging_mixin.py:190} INFO - [2024-08-26T15:36:33.954-0700] {dag.py:4138} INFO - Setting next_dagrun for example_external_task_marker_child to None, run_after=None
[2024-08-26T15:36:33.956-0700] {logging_mixin.py:190} INFO - [2024-08-26T15:36:33.956-0700] {dag.py:4138} INFO - Setting next_dagrun for example_external_task_marker_parent to None, run_after=None
[2024-08-26T15:36:33.969-0700] {processor.py:208} INFO - Processing /home/jerson/airflow_venv/lib/python3.10/site-packages/airflow/example_dags/example_external_task_marker_dag.py took 0.042 seconds
[2024-08-26T15:37:41.928-0700] {processor.py:186} INFO - Started process (PID=12996) to work on /home/jerson/airflow_venv/lib/python3.10/site-packages/airflow/example_dags/example_external_task_marker_dag.py
[2024-08-26T15:37:41.929-0700] {processor.py:914} INFO - Processing file /home/jerson/airflow_venv/lib/python3.10/site-packages/airflow/example_dags/example_external_task_marker_dag.py for tasks to queue
[2024-08-26T15:37:41.930-0700] {logging_mixin.py:190} INFO - [2024-08-26T15:37:41.930-0700] {dagbag.py:587} INFO - Filling up the DagBag from /home/jerson/airflow_venv/lib/python3.10/site-packages/airflow/example_dags/example_external_task_marker_dag.py
[2024-08-26T15:37:41.935-0700] {processor.py:925} INFO - DAG(s) 'example_external_task_marker_child', 'example_external_task_marker_parent' retrieved from /home/jerson/airflow_venv/lib/python3.10/site-packages/airflow/example_dags/example_external_task_marker_dag.py
[2024-08-26T15:37:41.945-0700] {logging_mixin.py:190} INFO - [2024-08-26T15:37:41.945-0700] {dag.py:3211} INFO - Sync 2 DAGs
[2024-08-26T15:37:41.952-0700] {logging_mixin.py:190} INFO - [2024-08-26T15:37:41.952-0700] {dag.py:4138} INFO - Setting next_dagrun for example_external_task_marker_child to None, run_after=None
[2024-08-26T15:37:41.954-0700] {logging_mixin.py:190} INFO - [2024-08-26T15:37:41.953-0700] {dag.py:4138} INFO - Setting next_dagrun for example_external_task_marker_parent to None, run_after=None
[2024-08-26T15:37:41.970-0700] {processor.py:208} INFO - Processing /home/jerson/airflow_venv/lib/python3.10/site-packages/airflow/example_dags/example_external_task_marker_dag.py took 0.045 seconds
[2024-08-26T15:38:53.686-0700] {processor.py:186} INFO - Started process (PID=13646) to work on /home/jerson/airflow_venv/lib/python3.10/site-packages/airflow/example_dags/example_external_task_marker_dag.py
[2024-08-26T15:38:53.687-0700] {processor.py:914} INFO - Processing file /home/jerson/airflow_venv/lib/python3.10/site-packages/airflow/example_dags/example_external_task_marker_dag.py for tasks to queue
[2024-08-26T15:38:53.688-0700] {logging_mixin.py:190} INFO - [2024-08-26T15:38:53.688-0700] {dagbag.py:587} INFO - Filling up the DagBag from /home/jerson/airflow_venv/lib/python3.10/site-packages/airflow/example_dags/example_external_task_marker_dag.py
[2024-08-26T15:38:53.693-0700] {processor.py:925} INFO - DAG(s) 'example_external_task_marker_child', 'example_external_task_marker_parent' retrieved from /home/jerson/airflow_venv/lib/python3.10/site-packages/airflow/example_dags/example_external_task_marker_dag.py
[2024-08-26T15:38:53.704-0700] {logging_mixin.py:190} INFO - [2024-08-26T15:38:53.704-0700] {dag.py:3211} INFO - Sync 2 DAGs
[2024-08-26T15:38:53.711-0700] {logging_mixin.py:190} INFO - [2024-08-26T15:38:53.711-0700] {dag.py:4138} INFO - Setting next_dagrun for example_external_task_marker_child to None, run_after=None
[2024-08-26T15:38:53.713-0700] {logging_mixin.py:190} INFO - [2024-08-26T15:38:53.712-0700] {dag.py:4138} INFO - Setting next_dagrun for example_external_task_marker_parent to None, run_after=None
[2024-08-26T15:38:53.728-0700] {processor.py:208} INFO - Processing /home/jerson/airflow_venv/lib/python3.10/site-packages/airflow/example_dags/example_external_task_marker_dag.py took 0.045 seconds
[2024-08-26T15:40:07.887-0700] {processor.py:186} INFO - Started process (PID=14406) to work on /home/jerson/airflow_venv/lib/python3.10/site-packages/airflow/example_dags/example_external_task_marker_dag.py
[2024-08-26T15:40:07.888-0700] {processor.py:914} INFO - Processing file /home/jerson/airflow_venv/lib/python3.10/site-packages/airflow/example_dags/example_external_task_marker_dag.py for tasks to queue
[2024-08-26T15:40:07.889-0700] {logging_mixin.py:190} INFO - [2024-08-26T15:40:07.889-0700] {dagbag.py:587} INFO - Filling up the DagBag from /home/jerson/airflow_venv/lib/python3.10/site-packages/airflow/example_dags/example_external_task_marker_dag.py
[2024-08-26T15:40:07.893-0700] {processor.py:925} INFO - DAG(s) 'example_external_task_marker_parent', 'example_external_task_marker_child' retrieved from /home/jerson/airflow_venv/lib/python3.10/site-packages/airflow/example_dags/example_external_task_marker_dag.py
[2024-08-26T15:40:07.904-0700] {logging_mixin.py:190} INFO - [2024-08-26T15:40:07.904-0700] {dag.py:3211} INFO - Sync 2 DAGs
[2024-08-26T15:40:07.911-0700] {logging_mixin.py:190} INFO - [2024-08-26T15:40:07.911-0700] {dag.py:4138} INFO - Setting next_dagrun for example_external_task_marker_child to None, run_after=None
[2024-08-26T15:40:07.913-0700] {logging_mixin.py:190} INFO - [2024-08-26T15:40:07.913-0700] {dag.py:4138} INFO - Setting next_dagrun for example_external_task_marker_parent to None, run_after=None
[2024-08-26T15:40:07.934-0700] {processor.py:208} INFO - Processing /home/jerson/airflow_venv/lib/python3.10/site-packages/airflow/example_dags/example_external_task_marker_dag.py took 0.051 seconds
[2024-08-26T15:41:20.795-0700] {processor.py:186} INFO - Started process (PID=15054) to work on /home/jerson/airflow_venv/lib/python3.10/site-packages/airflow/example_dags/example_external_task_marker_dag.py
[2024-08-26T15:41:20.796-0700] {processor.py:914} INFO - Processing file /home/jerson/airflow_venv/lib/python3.10/site-packages/airflow/example_dags/example_external_task_marker_dag.py for tasks to queue
[2024-08-26T15:41:20.797-0700] {logging_mixin.py:190} INFO - [2024-08-26T15:41:20.797-0700] {dagbag.py:587} INFO - Filling up the DagBag from /home/jerson/airflow_venv/lib/python3.10/site-packages/airflow/example_dags/example_external_task_marker_dag.py
[2024-08-26T15:41:20.801-0700] {processor.py:925} INFO - DAG(s) 'example_external_task_marker_child', 'example_external_task_marker_parent' retrieved from /home/jerson/airflow_venv/lib/python3.10/site-packages/airflow/example_dags/example_external_task_marker_dag.py
[2024-08-26T15:41:20.812-0700] {logging_mixin.py:190} INFO - [2024-08-26T15:41:20.811-0700] {dag.py:3211} INFO - Sync 2 DAGs
[2024-08-26T15:41:20.819-0700] {logging_mixin.py:190} INFO - [2024-08-26T15:41:20.819-0700] {dag.py:4138} INFO - Setting next_dagrun for example_external_task_marker_child to None, run_after=None
[2024-08-26T15:41:20.821-0700] {logging_mixin.py:190} INFO - [2024-08-26T15:41:20.821-0700] {dag.py:4138} INFO - Setting next_dagrun for example_external_task_marker_parent to None, run_after=None
[2024-08-26T15:41:20.837-0700] {processor.py:208} INFO - Processing /home/jerson/airflow_venv/lib/python3.10/site-packages/airflow/example_dags/example_external_task_marker_dag.py took 0.045 seconds
[2024-08-26T15:42:33.271-0700] {processor.py:186} INFO - Started process (PID=15738) to work on /home/jerson/airflow_venv/lib/python3.10/site-packages/airflow/example_dags/example_external_task_marker_dag.py
[2024-08-26T15:42:33.272-0700] {processor.py:914} INFO - Processing file /home/jerson/airflow_venv/lib/python3.10/site-packages/airflow/example_dags/example_external_task_marker_dag.py for tasks to queue
[2024-08-26T15:42:33.274-0700] {logging_mixin.py:190} INFO - [2024-08-26T15:42:33.273-0700] {dagbag.py:587} INFO - Filling up the DagBag from /home/jerson/airflow_venv/lib/python3.10/site-packages/airflow/example_dags/example_external_task_marker_dag.py
[2024-08-26T15:42:33.279-0700] {processor.py:925} INFO - DAG(s) 'example_external_task_marker_parent', 'example_external_task_marker_child' retrieved from /home/jerson/airflow_venv/lib/python3.10/site-packages/airflow/example_dags/example_external_task_marker_dag.py
[2024-08-26T15:42:33.291-0700] {logging_mixin.py:190} INFO - [2024-08-26T15:42:33.291-0700] {dag.py:3211} INFO - Sync 2 DAGs
[2024-08-26T15:42:33.299-0700] {logging_mixin.py:190} INFO - [2024-08-26T15:42:33.299-0700] {dag.py:4138} INFO - Setting next_dagrun for example_external_task_marker_child to None, run_after=None
[2024-08-26T15:42:33.302-0700] {logging_mixin.py:190} INFO - [2024-08-26T15:42:33.301-0700] {dag.py:4138} INFO - Setting next_dagrun for example_external_task_marker_parent to None, run_after=None
[2024-08-26T15:42:33.316-0700] {processor.py:208} INFO - Processing /home/jerson/airflow_venv/lib/python3.10/site-packages/airflow/example_dags/example_external_task_marker_dag.py took 0.049 seconds
[2024-08-26T15:43:49.534-0700] {processor.py:186} INFO - Started process (PID=16483) to work on /home/jerson/airflow_venv/lib/python3.10/site-packages/airflow/example_dags/example_external_task_marker_dag.py
[2024-08-26T15:43:49.535-0700] {processor.py:914} INFO - Processing file /home/jerson/airflow_venv/lib/python3.10/site-packages/airflow/example_dags/example_external_task_marker_dag.py for tasks to queue
[2024-08-26T15:43:49.537-0700] {logging_mixin.py:190} INFO - [2024-08-26T15:43:49.536-0700] {dagbag.py:587} INFO - Filling up the DagBag from /home/jerson/airflow_venv/lib/python3.10/site-packages/airflow/example_dags/example_external_task_marker_dag.py
[2024-08-26T15:43:49.541-0700] {processor.py:925} INFO - DAG(s) 'example_external_task_marker_child', 'example_external_task_marker_parent' retrieved from /home/jerson/airflow_venv/lib/python3.10/site-packages/airflow/example_dags/example_external_task_marker_dag.py
[2024-08-26T15:43:49.556-0700] {logging_mixin.py:190} INFO - [2024-08-26T15:43:49.556-0700] {dag.py:3211} INFO - Sync 2 DAGs
[2024-08-26T15:43:49.566-0700] {logging_mixin.py:190} INFO - [2024-08-26T15:43:49.565-0700] {dag.py:4138} INFO - Setting next_dagrun for example_external_task_marker_child to None, run_after=None
[2024-08-26T15:43:49.568-0700] {logging_mixin.py:190} INFO - [2024-08-26T15:43:49.568-0700] {dag.py:4138} INFO - Setting next_dagrun for example_external_task_marker_parent to None, run_after=None
[2024-08-26T15:43:49.590-0700] {processor.py:208} INFO - Processing /home/jerson/airflow_venv/lib/python3.10/site-packages/airflow/example_dags/example_external_task_marker_dag.py took 0.060 seconds
[2024-08-26T15:45:00.379-0700] {processor.py:186} INFO - Started process (PID=17050) to work on /home/jerson/airflow_venv/lib/python3.10/site-packages/airflow/example_dags/example_external_task_marker_dag.py
[2024-08-26T15:45:00.380-0700] {processor.py:914} INFO - Processing file /home/jerson/airflow_venv/lib/python3.10/site-packages/airflow/example_dags/example_external_task_marker_dag.py for tasks to queue
[2024-08-26T15:45:00.381-0700] {logging_mixin.py:190} INFO - [2024-08-26T15:45:00.381-0700] {dagbag.py:587} INFO - Filling up the DagBag from /home/jerson/airflow_venv/lib/python3.10/site-packages/airflow/example_dags/example_external_task_marker_dag.py
[2024-08-26T15:45:00.387-0700] {processor.py:925} INFO - DAG(s) 'example_external_task_marker_parent', 'example_external_task_marker_child' retrieved from /home/jerson/airflow_venv/lib/python3.10/site-packages/airflow/example_dags/example_external_task_marker_dag.py
[2024-08-26T15:45:00.399-0700] {logging_mixin.py:190} INFO - [2024-08-26T15:45:00.399-0700] {dag.py:3211} INFO - Sync 2 DAGs
[2024-08-26T15:45:00.408-0700] {logging_mixin.py:190} INFO - [2024-08-26T15:45:00.408-0700] {dag.py:4138} INFO - Setting next_dagrun for example_external_task_marker_child to None, run_after=None
[2024-08-26T15:45:00.410-0700] {logging_mixin.py:190} INFO - [2024-08-26T15:45:00.410-0700] {dag.py:4138} INFO - Setting next_dagrun for example_external_task_marker_parent to None, run_after=None
[2024-08-26T15:45:00.427-0700] {processor.py:208} INFO - Processing /home/jerson/airflow_venv/lib/python3.10/site-packages/airflow/example_dags/example_external_task_marker_dag.py took 0.052 seconds
[2024-08-26T15:46:16.213-0700] {processor.py:186} INFO - Started process (PID=17752) to work on /home/jerson/airflow_venv/lib/python3.10/site-packages/airflow/example_dags/example_external_task_marker_dag.py
[2024-08-26T15:46:16.213-0700] {processor.py:914} INFO - Processing file /home/jerson/airflow_venv/lib/python3.10/site-packages/airflow/example_dags/example_external_task_marker_dag.py for tasks to queue
[2024-08-26T15:46:16.214-0700] {logging_mixin.py:190} INFO - [2024-08-26T15:46:16.214-0700] {dagbag.py:587} INFO - Filling up the DagBag from /home/jerson/airflow_venv/lib/python3.10/site-packages/airflow/example_dags/example_external_task_marker_dag.py
[2024-08-26T15:46:16.219-0700] {processor.py:925} INFO - DAG(s) 'example_external_task_marker_parent', 'example_external_task_marker_child' retrieved from /home/jerson/airflow_venv/lib/python3.10/site-packages/airflow/example_dags/example_external_task_marker_dag.py
[2024-08-26T15:46:16.231-0700] {logging_mixin.py:190} INFO - [2024-08-26T15:46:16.231-0700] {dag.py:3211} INFO - Sync 2 DAGs
[2024-08-26T15:46:16.239-0700] {logging_mixin.py:190} INFO - [2024-08-26T15:46:16.239-0700] {dag.py:4138} INFO - Setting next_dagrun for example_external_task_marker_child to None, run_after=None
[2024-08-26T15:46:16.241-0700] {logging_mixin.py:190} INFO - [2024-08-26T15:46:16.241-0700] {dag.py:4138} INFO - Setting next_dagrun for example_external_task_marker_parent to None, run_after=None
[2024-08-26T15:46:16.256-0700] {processor.py:208} INFO - Processing /home/jerson/airflow_venv/lib/python3.10/site-packages/airflow/example_dags/example_external_task_marker_dag.py took 0.048 seconds
[2024-08-26T15:47:34.348-0700] {processor.py:186} INFO - Started process (PID=18417) to work on /home/jerson/airflow_venv/lib/python3.10/site-packages/airflow/example_dags/example_external_task_marker_dag.py
[2024-08-26T15:47:34.349-0700] {processor.py:914} INFO - Processing file /home/jerson/airflow_venv/lib/python3.10/site-packages/airflow/example_dags/example_external_task_marker_dag.py for tasks to queue
[2024-08-26T15:47:34.349-0700] {logging_mixin.py:190} INFO - [2024-08-26T15:47:34.349-0700] {dagbag.py:587} INFO - Filling up the DagBag from /home/jerson/airflow_venv/lib/python3.10/site-packages/airflow/example_dags/example_external_task_marker_dag.py
[2024-08-26T15:47:34.354-0700] {processor.py:925} INFO - DAG(s) 'example_external_task_marker_child', 'example_external_task_marker_parent' retrieved from /home/jerson/airflow_venv/lib/python3.10/site-packages/airflow/example_dags/example_external_task_marker_dag.py
[2024-08-26T15:47:34.365-0700] {logging_mixin.py:190} INFO - [2024-08-26T15:47:34.365-0700] {dag.py:3211} INFO - Sync 2 DAGs
[2024-08-26T15:47:34.372-0700] {logging_mixin.py:190} INFO - [2024-08-26T15:47:34.372-0700] {dag.py:4138} INFO - Setting next_dagrun for example_external_task_marker_child to None, run_after=None
[2024-08-26T15:47:34.374-0700] {logging_mixin.py:190} INFO - [2024-08-26T15:47:34.374-0700] {dag.py:4138} INFO - Setting next_dagrun for example_external_task_marker_parent to None, run_after=None
[2024-08-26T15:47:34.390-0700] {processor.py:208} INFO - Processing /home/jerson/airflow_venv/lib/python3.10/site-packages/airflow/example_dags/example_external_task_marker_dag.py took 0.047 seconds
[2024-08-26T15:48:47.971-0700] {processor.py:186} INFO - Started process (PID=19195) to work on /home/jerson/airflow_venv/lib/python3.10/site-packages/airflow/example_dags/example_external_task_marker_dag.py
[2024-08-26T15:48:47.972-0700] {processor.py:914} INFO - Processing file /home/jerson/airflow_venv/lib/python3.10/site-packages/airflow/example_dags/example_external_task_marker_dag.py for tasks to queue
[2024-08-26T15:48:47.973-0700] {logging_mixin.py:190} INFO - [2024-08-26T15:48:47.973-0700] {dagbag.py:587} INFO - Filling up the DagBag from /home/jerson/airflow_venv/lib/python3.10/site-packages/airflow/example_dags/example_external_task_marker_dag.py
[2024-08-26T15:48:47.977-0700] {processor.py:925} INFO - DAG(s) 'example_external_task_marker_parent', 'example_external_task_marker_child' retrieved from /home/jerson/airflow_venv/lib/python3.10/site-packages/airflow/example_dags/example_external_task_marker_dag.py
[2024-08-26T15:48:47.988-0700] {logging_mixin.py:190} INFO - [2024-08-26T15:48:47.987-0700] {dag.py:3211} INFO - Sync 2 DAGs
[2024-08-26T15:48:47.995-0700] {logging_mixin.py:190} INFO - [2024-08-26T15:48:47.994-0700] {dag.py:4138} INFO - Setting next_dagrun for example_external_task_marker_child to None, run_after=None
[2024-08-26T15:48:47.996-0700] {logging_mixin.py:190} INFO - [2024-08-26T15:48:47.996-0700] {dag.py:4138} INFO - Setting next_dagrun for example_external_task_marker_parent to None, run_after=None
[2024-08-26T15:48:48.011-0700] {processor.py:208} INFO - Processing /home/jerson/airflow_venv/lib/python3.10/site-packages/airflow/example_dags/example_external_task_marker_dag.py took 0.044 seconds
[2024-08-26T15:50:04.217-0700] {processor.py:186} INFO - Started process (PID=20161) to work on /home/jerson/airflow_venv/lib/python3.10/site-packages/airflow/example_dags/example_external_task_marker_dag.py
[2024-08-26T15:50:04.218-0700] {processor.py:914} INFO - Processing file /home/jerson/airflow_venv/lib/python3.10/site-packages/airflow/example_dags/example_external_task_marker_dag.py for tasks to queue
[2024-08-26T15:50:04.219-0700] {logging_mixin.py:190} INFO - [2024-08-26T15:50:04.219-0700] {dagbag.py:587} INFO - Filling up the DagBag from /home/jerson/airflow_venv/lib/python3.10/site-packages/airflow/example_dags/example_external_task_marker_dag.py
[2024-08-26T15:50:04.224-0700] {processor.py:925} INFO - DAG(s) 'example_external_task_marker_parent', 'example_external_task_marker_child' retrieved from /home/jerson/airflow_venv/lib/python3.10/site-packages/airflow/example_dags/example_external_task_marker_dag.py
[2024-08-26T15:50:04.234-0700] {logging_mixin.py:190} INFO - [2024-08-26T15:50:04.234-0700] {dag.py:3211} INFO - Sync 2 DAGs
[2024-08-26T15:50:04.242-0700] {logging_mixin.py:190} INFO - [2024-08-26T15:50:04.242-0700] {dag.py:4138} INFO - Setting next_dagrun for example_external_task_marker_child to None, run_after=None
[2024-08-26T15:50:04.243-0700] {logging_mixin.py:190} INFO - [2024-08-26T15:50:04.243-0700] {dag.py:4138} INFO - Setting next_dagrun for example_external_task_marker_parent to None, run_after=None
[2024-08-26T15:50:04.258-0700] {processor.py:208} INFO - Processing /home/jerson/airflow_venv/lib/python3.10/site-packages/airflow/example_dags/example_external_task_marker_dag.py took 0.045 seconds
[2024-08-26T15:50:53.102-0700] {processor.py:186} INFO - Started process (PID=20734) to work on /home/jerson/airflow_venv/lib/python3.10/site-packages/airflow/example_dags/example_external_task_marker_dag.py
[2024-08-26T15:50:53.103-0700] {processor.py:914} INFO - Processing file /home/jerson/airflow_venv/lib/python3.10/site-packages/airflow/example_dags/example_external_task_marker_dag.py for tasks to queue
[2024-08-26T15:50:53.105-0700] {logging_mixin.py:190} INFO - [2024-08-26T15:50:53.104-0700] {dagbag.py:587} INFO - Filling up the DagBag from /home/jerson/airflow_venv/lib/python3.10/site-packages/airflow/example_dags/example_external_task_marker_dag.py
[2024-08-26T15:50:53.112-0700] {processor.py:925} INFO - DAG(s) 'example_external_task_marker_parent', 'example_external_task_marker_child' retrieved from /home/jerson/airflow_venv/lib/python3.10/site-packages/airflow/example_dags/example_external_task_marker_dag.py
[2024-08-26T15:50:53.127-0700] {logging_mixin.py:190} INFO - [2024-08-26T15:50:53.127-0700] {dag.py:3211} INFO - Sync 2 DAGs
[2024-08-26T15:50:53.135-0700] {logging_mixin.py:190} INFO - [2024-08-26T15:50:53.135-0700] {dag.py:4138} INFO - Setting next_dagrun for example_external_task_marker_child to None, run_after=None
[2024-08-26T15:50:53.137-0700] {logging_mixin.py:190} INFO - [2024-08-26T15:50:53.137-0700] {dag.py:4138} INFO - Setting next_dagrun for example_external_task_marker_parent to None, run_after=None
[2024-08-26T15:50:53.153-0700] {processor.py:208} INFO - Processing /home/jerson/airflow_venv/lib/python3.10/site-packages/airflow/example_dags/example_external_task_marker_dag.py took 0.055 seconds
[2024-08-26T15:51:16.121-0700] {processor.py:186} INFO - Started process (PID=21020) to work on /home/jerson/airflow_venv/lib/python3.10/site-packages/airflow/example_dags/example_external_task_marker_dag.py
[2024-08-26T15:51:16.122-0700] {processor.py:914} INFO - Processing file /home/jerson/airflow_venv/lib/python3.10/site-packages/airflow/example_dags/example_external_task_marker_dag.py for tasks to queue
[2024-08-26T15:51:16.122-0700] {logging_mixin.py:190} INFO - [2024-08-26T15:51:16.122-0700] {dagbag.py:587} INFO - Filling up the DagBag from /home/jerson/airflow_venv/lib/python3.10/site-packages/airflow/example_dags/example_external_task_marker_dag.py
[2024-08-26T15:51:16.127-0700] {processor.py:925} INFO - DAG(s) 'example_external_task_marker_parent', 'example_external_task_marker_child' retrieved from /home/jerson/airflow_venv/lib/python3.10/site-packages/airflow/example_dags/example_external_task_marker_dag.py
[2024-08-26T15:51:16.139-0700] {logging_mixin.py:190} INFO - [2024-08-26T15:51:16.139-0700] {dag.py:3211} INFO - Sync 2 DAGs
[2024-08-26T15:51:16.147-0700] {logging_mixin.py:190} INFO - [2024-08-26T15:51:16.147-0700] {dag.py:4138} INFO - Setting next_dagrun for example_external_task_marker_child to None, run_after=None
[2024-08-26T15:51:16.149-0700] {logging_mixin.py:190} INFO - [2024-08-26T15:51:16.149-0700] {dag.py:4138} INFO - Setting next_dagrun for example_external_task_marker_parent to None, run_after=None
[2024-08-26T15:51:16.167-0700] {processor.py:208} INFO - Processing /home/jerson/airflow_venv/lib/python3.10/site-packages/airflow/example_dags/example_external_task_marker_dag.py took 0.052 seconds
[2024-08-26T15:52:04.131-0700] {processor.py:186} INFO - Started process (PID=21546) to work on /home/jerson/airflow_venv/lib/python3.10/site-packages/airflow/example_dags/example_external_task_marker_dag.py
[2024-08-26T15:52:04.132-0700] {processor.py:914} INFO - Processing file /home/jerson/airflow_venv/lib/python3.10/site-packages/airflow/example_dags/example_external_task_marker_dag.py for tasks to queue
[2024-08-26T15:52:04.133-0700] {logging_mixin.py:190} INFO - [2024-08-26T15:52:04.133-0700] {dagbag.py:587} INFO - Filling up the DagBag from /home/jerson/airflow_venv/lib/python3.10/site-packages/airflow/example_dags/example_external_task_marker_dag.py
[2024-08-26T15:52:04.139-0700] {processor.py:925} INFO - DAG(s) 'example_external_task_marker_child', 'example_external_task_marker_parent' retrieved from /home/jerson/airflow_venv/lib/python3.10/site-packages/airflow/example_dags/example_external_task_marker_dag.py
[2024-08-26T15:52:04.151-0700] {logging_mixin.py:190} INFO - [2024-08-26T15:52:04.151-0700] {dag.py:3211} INFO - Sync 2 DAGs
[2024-08-26T15:52:04.159-0700] {logging_mixin.py:190} INFO - [2024-08-26T15:52:04.159-0700] {dag.py:4138} INFO - Setting next_dagrun for example_external_task_marker_child to None, run_after=None
[2024-08-26T15:52:04.161-0700] {logging_mixin.py:190} INFO - [2024-08-26T15:52:04.161-0700] {dag.py:4138} INFO - Setting next_dagrun for example_external_task_marker_parent to None, run_after=None
[2024-08-26T15:52:04.177-0700] {processor.py:208} INFO - Processing /home/jerson/airflow_venv/lib/python3.10/site-packages/airflow/example_dags/example_external_task_marker_dag.py took 0.049 seconds
[2024-08-26T15:53:19.107-0700] {processor.py:186} INFO - Started process (PID=22244) to work on /home/jerson/airflow_venv/lib/python3.10/site-packages/airflow/example_dags/example_external_task_marker_dag.py
[2024-08-26T15:53:19.108-0700] {processor.py:914} INFO - Processing file /home/jerson/airflow_venv/lib/python3.10/site-packages/airflow/example_dags/example_external_task_marker_dag.py for tasks to queue
[2024-08-26T15:53:19.109-0700] {logging_mixin.py:190} INFO - [2024-08-26T15:53:19.109-0700] {dagbag.py:587} INFO - Filling up the DagBag from /home/jerson/airflow_venv/lib/python3.10/site-packages/airflow/example_dags/example_external_task_marker_dag.py
[2024-08-26T15:53:19.114-0700] {processor.py:925} INFO - DAG(s) 'example_external_task_marker_child', 'example_external_task_marker_parent' retrieved from /home/jerson/airflow_venv/lib/python3.10/site-packages/airflow/example_dags/example_external_task_marker_dag.py
[2024-08-26T15:53:19.123-0700] {logging_mixin.py:190} INFO - [2024-08-26T15:53:19.123-0700] {dag.py:3211} INFO - Sync 2 DAGs
[2024-08-26T15:53:19.130-0700] {logging_mixin.py:190} INFO - [2024-08-26T15:53:19.130-0700] {dag.py:4138} INFO - Setting next_dagrun for example_external_task_marker_child to None, run_after=None
[2024-08-26T15:53:19.132-0700] {logging_mixin.py:190} INFO - [2024-08-26T15:53:19.132-0700] {dag.py:4138} INFO - Setting next_dagrun for example_external_task_marker_parent to None, run_after=None
[2024-08-26T15:53:19.145-0700] {processor.py:208} INFO - Processing /home/jerson/airflow_venv/lib/python3.10/site-packages/airflow/example_dags/example_external_task_marker_dag.py took 0.042 seconds
[2024-08-26T15:55:59.707-0700] {processor.py:186} INFO - Started process (PID=23758) to work on /home/jerson/airflow_venv/lib/python3.10/site-packages/airflow/example_dags/example_external_task_marker_dag.py
[2024-08-26T15:55:59.708-0700] {processor.py:914} INFO - Processing file /home/jerson/airflow_venv/lib/python3.10/site-packages/airflow/example_dags/example_external_task_marker_dag.py for tasks to queue
[2024-08-26T15:55:59.709-0700] {logging_mixin.py:190} INFO - [2024-08-26T15:55:59.709-0700] {dagbag.py:587} INFO - Filling up the DagBag from /home/jerson/airflow_venv/lib/python3.10/site-packages/airflow/example_dags/example_external_task_marker_dag.py
[2024-08-26T15:55:59.716-0700] {processor.py:925} INFO - DAG(s) 'example_external_task_marker_parent', 'example_external_task_marker_child' retrieved from /home/jerson/airflow_venv/lib/python3.10/site-packages/airflow/example_dags/example_external_task_marker_dag.py
[2024-08-26T15:55:59.727-0700] {logging_mixin.py:190} INFO - [2024-08-26T15:55:59.727-0700] {dag.py:3211} INFO - Sync 2 DAGs
[2024-08-26T15:55:59.734-0700] {logging_mixin.py:190} INFO - [2024-08-26T15:55:59.734-0700] {dag.py:4138} INFO - Setting next_dagrun for example_external_task_marker_child to None, run_after=None
[2024-08-26T15:55:59.736-0700] {logging_mixin.py:190} INFO - [2024-08-26T15:55:59.736-0700] {dag.py:4138} INFO - Setting next_dagrun for example_external_task_marker_parent to None, run_after=None
[2024-08-26T15:55:59.752-0700] {processor.py:208} INFO - Processing /home/jerson/airflow_venv/lib/python3.10/site-packages/airflow/example_dags/example_external_task_marker_dag.py took 0.048 seconds
[2024-08-26T15:57:18.358-0700] {processor.py:186} INFO - Started process (PID=24878) to work on /home/jerson/airflow_venv/lib/python3.10/site-packages/airflow/example_dags/example_external_task_marker_dag.py
[2024-08-26T15:57:18.359-0700] {processor.py:914} INFO - Processing file /home/jerson/airflow_venv/lib/python3.10/site-packages/airflow/example_dags/example_external_task_marker_dag.py for tasks to queue
[2024-08-26T15:57:18.360-0700] {logging_mixin.py:190} INFO - [2024-08-26T15:57:18.360-0700] {dagbag.py:587} INFO - Filling up the DagBag from /home/jerson/airflow_venv/lib/python3.10/site-packages/airflow/example_dags/example_external_task_marker_dag.py
[2024-08-26T15:57:18.365-0700] {processor.py:925} INFO - DAG(s) 'example_external_task_marker_child', 'example_external_task_marker_parent' retrieved from /home/jerson/airflow_venv/lib/python3.10/site-packages/airflow/example_dags/example_external_task_marker_dag.py
[2024-08-26T15:57:18.375-0700] {logging_mixin.py:190} INFO - [2024-08-26T15:57:18.375-0700] {dag.py:3211} INFO - Sync 2 DAGs
[2024-08-26T15:57:18.382-0700] {logging_mixin.py:190} INFO - [2024-08-26T15:57:18.382-0700] {dag.py:4138} INFO - Setting next_dagrun for example_external_task_marker_child to None, run_after=None
[2024-08-26T15:57:18.384-0700] {logging_mixin.py:190} INFO - [2024-08-26T15:57:18.384-0700] {dag.py:4138} INFO - Setting next_dagrun for example_external_task_marker_parent to None, run_after=None
[2024-08-26T15:57:18.397-0700] {processor.py:208} INFO - Processing /home/jerson/airflow_venv/lib/python3.10/site-packages/airflow/example_dags/example_external_task_marker_dag.py took 0.043 seconds
[2024-08-26T15:58:15.376-0700] {processor.py:186} INFO - Started process (PID=25335) to work on /home/jerson/airflow_venv/lib/python3.10/site-packages/airflow/example_dags/example_external_task_marker_dag.py
[2024-08-26T15:58:15.377-0700] {processor.py:914} INFO - Processing file /home/jerson/airflow_venv/lib/python3.10/site-packages/airflow/example_dags/example_external_task_marker_dag.py for tasks to queue
[2024-08-26T15:58:15.378-0700] {logging_mixin.py:190} INFO - [2024-08-26T15:58:15.378-0700] {dagbag.py:587} INFO - Filling up the DagBag from /home/jerson/airflow_venv/lib/python3.10/site-packages/airflow/example_dags/example_external_task_marker_dag.py
[2024-08-26T15:58:15.383-0700] {processor.py:925} INFO - DAG(s) 'example_external_task_marker_parent', 'example_external_task_marker_child' retrieved from /home/jerson/airflow_venv/lib/python3.10/site-packages/airflow/example_dags/example_external_task_marker_dag.py
[2024-08-26T15:58:15.393-0700] {logging_mixin.py:190} INFO - [2024-08-26T15:58:15.393-0700] {dag.py:3211} INFO - Sync 2 DAGs
[2024-08-26T15:58:15.399-0700] {logging_mixin.py:190} INFO - [2024-08-26T15:58:15.399-0700] {dag.py:4138} INFO - Setting next_dagrun for example_external_task_marker_child to None, run_after=None
[2024-08-26T15:58:15.401-0700] {logging_mixin.py:190} INFO - [2024-08-26T15:58:15.401-0700] {dag.py:4138} INFO - Setting next_dagrun for example_external_task_marker_parent to None, run_after=None
[2024-08-26T15:58:15.415-0700] {processor.py:208} INFO - Processing /home/jerson/airflow_venv/lib/python3.10/site-packages/airflow/example_dags/example_external_task_marker_dag.py took 0.042 seconds
[2024-08-26T15:59:27.471-0700] {processor.py:186} INFO - Started process (PID=25907) to work on /home/jerson/airflow_venv/lib/python3.10/site-packages/airflow/example_dags/example_external_task_marker_dag.py
[2024-08-26T15:59:27.472-0700] {processor.py:914} INFO - Processing file /home/jerson/airflow_venv/lib/python3.10/site-packages/airflow/example_dags/example_external_task_marker_dag.py for tasks to queue
[2024-08-26T15:59:27.473-0700] {logging_mixin.py:190} INFO - [2024-08-26T15:59:27.473-0700] {dagbag.py:587} INFO - Filling up the DagBag from /home/jerson/airflow_venv/lib/python3.10/site-packages/airflow/example_dags/example_external_task_marker_dag.py
[2024-08-26T15:59:27.478-0700] {processor.py:925} INFO - DAG(s) 'example_external_task_marker_parent', 'example_external_task_marker_child' retrieved from /home/jerson/airflow_venv/lib/python3.10/site-packages/airflow/example_dags/example_external_task_marker_dag.py
[2024-08-26T15:59:27.488-0700] {logging_mixin.py:190} INFO - [2024-08-26T15:59:27.488-0700] {dag.py:3211} INFO - Sync 2 DAGs
[2024-08-26T15:59:27.494-0700] {logging_mixin.py:190} INFO - [2024-08-26T15:59:27.494-0700] {dag.py:4138} INFO - Setting next_dagrun for example_external_task_marker_child to None, run_after=None
[2024-08-26T15:59:27.496-0700] {logging_mixin.py:190} INFO - [2024-08-26T15:59:27.496-0700] {dag.py:4138} INFO - Setting next_dagrun for example_external_task_marker_parent to None, run_after=None
[2024-08-26T15:59:27.511-0700] {processor.py:208} INFO - Processing /home/jerson/airflow_venv/lib/python3.10/site-packages/airflow/example_dags/example_external_task_marker_dag.py took 0.043 seconds
[2024-08-26T16:00:38.897-0700] {processor.py:186} INFO - Started process (PID=26509) to work on /home/jerson/airflow_venv/lib/python3.10/site-packages/airflow/example_dags/example_external_task_marker_dag.py
[2024-08-26T16:00:38.898-0700] {processor.py:914} INFO - Processing file /home/jerson/airflow_venv/lib/python3.10/site-packages/airflow/example_dags/example_external_task_marker_dag.py for tasks to queue
[2024-08-26T16:00:38.899-0700] {logging_mixin.py:190} INFO - [2024-08-26T16:00:38.899-0700] {dagbag.py:587} INFO - Filling up the DagBag from /home/jerson/airflow_venv/lib/python3.10/site-packages/airflow/example_dags/example_external_task_marker_dag.py
[2024-08-26T16:00:38.904-0700] {processor.py:925} INFO - DAG(s) 'example_external_task_marker_child', 'example_external_task_marker_parent' retrieved from /home/jerson/airflow_venv/lib/python3.10/site-packages/airflow/example_dags/example_external_task_marker_dag.py
[2024-08-26T16:00:38.914-0700] {logging_mixin.py:190} INFO - [2024-08-26T16:00:38.914-0700] {dag.py:3211} INFO - Sync 2 DAGs
[2024-08-26T16:00:38.921-0700] {logging_mixin.py:190} INFO - [2024-08-26T16:00:38.921-0700] {dag.py:4138} INFO - Setting next_dagrun for example_external_task_marker_child to None, run_after=None
[2024-08-26T16:00:38.922-0700] {logging_mixin.py:190} INFO - [2024-08-26T16:00:38.922-0700] {dag.py:4138} INFO - Setting next_dagrun for example_external_task_marker_parent to None, run_after=None
[2024-08-26T16:00:38.937-0700] {processor.py:208} INFO - Processing /home/jerson/airflow_venv/lib/python3.10/site-packages/airflow/example_dags/example_external_task_marker_dag.py took 0.043 seconds
[2024-08-26T16:01:49.397-0700] {processor.py:186} INFO - Started process (PID=27067) to work on /home/jerson/airflow_venv/lib/python3.10/site-packages/airflow/example_dags/example_external_task_marker_dag.py
[2024-08-26T16:01:49.398-0700] {processor.py:914} INFO - Processing file /home/jerson/airflow_venv/lib/python3.10/site-packages/airflow/example_dags/example_external_task_marker_dag.py for tasks to queue
[2024-08-26T16:01:49.399-0700] {logging_mixin.py:190} INFO - [2024-08-26T16:01:49.399-0700] {dagbag.py:587} INFO - Filling up the DagBag from /home/jerson/airflow_venv/lib/python3.10/site-packages/airflow/example_dags/example_external_task_marker_dag.py
[2024-08-26T16:01:49.404-0700] {processor.py:925} INFO - DAG(s) 'example_external_task_marker_parent', 'example_external_task_marker_child' retrieved from /home/jerson/airflow_venv/lib/python3.10/site-packages/airflow/example_dags/example_external_task_marker_dag.py
[2024-08-26T16:01:49.414-0700] {logging_mixin.py:190} INFO - [2024-08-26T16:01:49.413-0700] {dag.py:3211} INFO - Sync 2 DAGs
[2024-08-26T16:01:49.421-0700] {logging_mixin.py:190} INFO - [2024-08-26T16:01:49.420-0700] {dag.py:4138} INFO - Setting next_dagrun for example_external_task_marker_child to None, run_after=None
[2024-08-26T16:01:49.422-0700] {logging_mixin.py:190} INFO - [2024-08-26T16:01:49.422-0700] {dag.py:4138} INFO - Setting next_dagrun for example_external_task_marker_parent to None, run_after=None
[2024-08-26T16:01:49.445-0700] {processor.py:208} INFO - Processing /home/jerson/airflow_venv/lib/python3.10/site-packages/airflow/example_dags/example_external_task_marker_dag.py took 0.051 seconds
[2024-08-26T16:02:43.946-0700] {processor.py:186} INFO - Started process (PID=27502) to work on /home/jerson/airflow_venv/lib/python3.10/site-packages/airflow/example_dags/example_external_task_marker_dag.py
[2024-08-26T16:02:43.947-0700] {processor.py:914} INFO - Processing file /home/jerson/airflow_venv/lib/python3.10/site-packages/airflow/example_dags/example_external_task_marker_dag.py for tasks to queue
[2024-08-26T16:02:43.948-0700] {logging_mixin.py:190} INFO - [2024-08-26T16:02:43.948-0700] {dagbag.py:587} INFO - Filling up the DagBag from /home/jerson/airflow_venv/lib/python3.10/site-packages/airflow/example_dags/example_external_task_marker_dag.py
[2024-08-26T16:02:43.953-0700] {processor.py:925} INFO - DAG(s) 'example_external_task_marker_child', 'example_external_task_marker_parent' retrieved from /home/jerson/airflow_venv/lib/python3.10/site-packages/airflow/example_dags/example_external_task_marker_dag.py
[2024-08-26T16:02:43.964-0700] {logging_mixin.py:190} INFO - [2024-08-26T16:02:43.963-0700] {dag.py:3211} INFO - Sync 2 DAGs
[2024-08-26T16:02:43.971-0700] {logging_mixin.py:190} INFO - [2024-08-26T16:02:43.971-0700] {dag.py:4138} INFO - Setting next_dagrun for example_external_task_marker_child to None, run_after=None
[2024-08-26T16:02:43.973-0700] {logging_mixin.py:190} INFO - [2024-08-26T16:02:43.973-0700] {dag.py:4138} INFO - Setting next_dagrun for example_external_task_marker_parent to None, run_after=None
[2024-08-26T16:02:43.987-0700] {processor.py:208} INFO - Processing /home/jerson/airflow_venv/lib/python3.10/site-packages/airflow/example_dags/example_external_task_marker_dag.py took 0.044 seconds
[2024-08-26T16:03:56.733-0700] {processor.py:186} INFO - Started process (PID=28081) to work on /home/jerson/airflow_venv/lib/python3.10/site-packages/airflow/example_dags/example_external_task_marker_dag.py
[2024-08-26T16:03:56.734-0700] {processor.py:914} INFO - Processing file /home/jerson/airflow_venv/lib/python3.10/site-packages/airflow/example_dags/example_external_task_marker_dag.py for tasks to queue
[2024-08-26T16:03:56.735-0700] {logging_mixin.py:190} INFO - [2024-08-26T16:03:56.734-0700] {dagbag.py:587} INFO - Filling up the DagBag from /home/jerson/airflow_venv/lib/python3.10/site-packages/airflow/example_dags/example_external_task_marker_dag.py
[2024-08-26T16:03:56.739-0700] {processor.py:925} INFO - DAG(s) 'example_external_task_marker_parent', 'example_external_task_marker_child' retrieved from /home/jerson/airflow_venv/lib/python3.10/site-packages/airflow/example_dags/example_external_task_marker_dag.py
[2024-08-26T16:03:56.749-0700] {logging_mixin.py:190} INFO - [2024-08-26T16:03:56.749-0700] {dag.py:3211} INFO - Sync 2 DAGs
[2024-08-26T16:03:56.756-0700] {logging_mixin.py:190} INFO - [2024-08-26T16:03:56.756-0700] {dag.py:4138} INFO - Setting next_dagrun for example_external_task_marker_child to None, run_after=None
[2024-08-26T16:03:56.758-0700] {logging_mixin.py:190} INFO - [2024-08-26T16:03:56.758-0700] {dag.py:4138} INFO - Setting next_dagrun for example_external_task_marker_parent to None, run_after=None
[2024-08-26T16:03:56.780-0700] {processor.py:208} INFO - Processing /home/jerson/airflow_venv/lib/python3.10/site-packages/airflow/example_dags/example_external_task_marker_dag.py took 0.051 seconds
[2024-08-26T16:05:10.263-0700] {processor.py:186} INFO - Started process (PID=28670) to work on /home/jerson/airflow_venv/lib/python3.10/site-packages/airflow/example_dags/example_external_task_marker_dag.py
[2024-08-26T16:05:10.264-0700] {processor.py:914} INFO - Processing file /home/jerson/airflow_venv/lib/python3.10/site-packages/airflow/example_dags/example_external_task_marker_dag.py for tasks to queue
[2024-08-26T16:05:10.265-0700] {logging_mixin.py:190} INFO - [2024-08-26T16:05:10.265-0700] {dagbag.py:587} INFO - Filling up the DagBag from /home/jerson/airflow_venv/lib/python3.10/site-packages/airflow/example_dags/example_external_task_marker_dag.py
[2024-08-26T16:05:10.270-0700] {processor.py:925} INFO - DAG(s) 'example_external_task_marker_child', 'example_external_task_marker_parent' retrieved from /home/jerson/airflow_venv/lib/python3.10/site-packages/airflow/example_dags/example_external_task_marker_dag.py
[2024-08-26T16:05:10.279-0700] {logging_mixin.py:190} INFO - [2024-08-26T16:05:10.279-0700] {dag.py:3211} INFO - Sync 2 DAGs
[2024-08-26T16:05:10.286-0700] {logging_mixin.py:190} INFO - [2024-08-26T16:05:10.286-0700] {dag.py:4138} INFO - Setting next_dagrun for example_external_task_marker_child to None, run_after=None
[2024-08-26T16:05:10.288-0700] {logging_mixin.py:190} INFO - [2024-08-26T16:05:10.288-0700] {dag.py:4138} INFO - Setting next_dagrun for example_external_task_marker_parent to None, run_after=None
[2024-08-26T16:05:10.301-0700] {processor.py:208} INFO - Processing /home/jerson/airflow_venv/lib/python3.10/site-packages/airflow/example_dags/example_external_task_marker_dag.py took 0.041 seconds
[2024-08-26T16:06:21.840-0700] {processor.py:186} INFO - Started process (PID=29272) to work on /home/jerson/airflow_venv/lib/python3.10/site-packages/airflow/example_dags/example_external_task_marker_dag.py
[2024-08-26T16:06:21.841-0700] {processor.py:914} INFO - Processing file /home/jerson/airflow_venv/lib/python3.10/site-packages/airflow/example_dags/example_external_task_marker_dag.py for tasks to queue
[2024-08-26T16:06:21.842-0700] {logging_mixin.py:190} INFO - [2024-08-26T16:06:21.841-0700] {dagbag.py:587} INFO - Filling up the DagBag from /home/jerson/airflow_venv/lib/python3.10/site-packages/airflow/example_dags/example_external_task_marker_dag.py
[2024-08-26T16:06:21.846-0700] {processor.py:925} INFO - DAG(s) 'example_external_task_marker_parent', 'example_external_task_marker_child' retrieved from /home/jerson/airflow_venv/lib/python3.10/site-packages/airflow/example_dags/example_external_task_marker_dag.py
[2024-08-26T16:06:21.857-0700] {logging_mixin.py:190} INFO - [2024-08-26T16:06:21.857-0700] {dag.py:3211} INFO - Sync 2 DAGs
[2024-08-26T16:06:21.864-0700] {logging_mixin.py:190} INFO - [2024-08-26T16:06:21.864-0700] {dag.py:4138} INFO - Setting next_dagrun for example_external_task_marker_child to None, run_after=None
[2024-08-26T16:06:21.866-0700] {logging_mixin.py:190} INFO - [2024-08-26T16:06:21.866-0700] {dag.py:4138} INFO - Setting next_dagrun for example_external_task_marker_parent to None, run_after=None
[2024-08-26T16:06:21.881-0700] {processor.py:208} INFO - Processing /home/jerson/airflow_venv/lib/python3.10/site-packages/airflow/example_dags/example_external_task_marker_dag.py took 0.044 seconds
[2024-08-26T16:07:43.272-0700] {processor.py:186} INFO - Started process (PID=29910) to work on /home/jerson/airflow_venv/lib/python3.10/site-packages/airflow/example_dags/example_external_task_marker_dag.py
[2024-08-26T16:07:43.273-0700] {processor.py:914} INFO - Processing file /home/jerson/airflow_venv/lib/python3.10/site-packages/airflow/example_dags/example_external_task_marker_dag.py for tasks to queue
[2024-08-26T16:07:43.274-0700] {logging_mixin.py:190} INFO - [2024-08-26T16:07:43.274-0700] {dagbag.py:587} INFO - Filling up the DagBag from /home/jerson/airflow_venv/lib/python3.10/site-packages/airflow/example_dags/example_external_task_marker_dag.py
[2024-08-26T16:07:43.279-0700] {processor.py:925} INFO - DAG(s) 'example_external_task_marker_child', 'example_external_task_marker_parent' retrieved from /home/jerson/airflow_venv/lib/python3.10/site-packages/airflow/example_dags/example_external_task_marker_dag.py
[2024-08-26T16:07:43.291-0700] {logging_mixin.py:190} INFO - [2024-08-26T16:07:43.291-0700] {dag.py:3211} INFO - Sync 2 DAGs
[2024-08-26T16:07:43.299-0700] {logging_mixin.py:190} INFO - [2024-08-26T16:07:43.299-0700] {dag.py:4138} INFO - Setting next_dagrun for example_external_task_marker_child to None, run_after=None
[2024-08-26T16:07:43.301-0700] {logging_mixin.py:190} INFO - [2024-08-26T16:07:43.301-0700] {dag.py:4138} INFO - Setting next_dagrun for example_external_task_marker_parent to None, run_after=None
[2024-08-26T16:07:43.324-0700] {processor.py:208} INFO - Processing /home/jerson/airflow_venv/lib/python3.10/site-packages/airflow/example_dags/example_external_task_marker_dag.py took 0.055 seconds
[2024-08-26T16:08:43.712-0700] {processor.py:186} INFO - Started process (PID=30391) to work on /home/jerson/airflow_venv/lib/python3.10/site-packages/airflow/example_dags/example_external_task_marker_dag.py
[2024-08-26T16:08:43.713-0700] {processor.py:914} INFO - Processing file /home/jerson/airflow_venv/lib/python3.10/site-packages/airflow/example_dags/example_external_task_marker_dag.py for tasks to queue
[2024-08-26T16:08:43.714-0700] {logging_mixin.py:190} INFO - [2024-08-26T16:08:43.714-0700] {dagbag.py:587} INFO - Filling up the DagBag from /home/jerson/airflow_venv/lib/python3.10/site-packages/airflow/example_dags/example_external_task_marker_dag.py
[2024-08-26T16:08:43.719-0700] {processor.py:925} INFO - DAG(s) 'example_external_task_marker_parent', 'example_external_task_marker_child' retrieved from /home/jerson/airflow_venv/lib/python3.10/site-packages/airflow/example_dags/example_external_task_marker_dag.py
[2024-08-26T16:08:43.729-0700] {logging_mixin.py:190} INFO - [2024-08-26T16:08:43.729-0700] {dag.py:3211} INFO - Sync 2 DAGs
[2024-08-26T16:08:43.736-0700] {logging_mixin.py:190} INFO - [2024-08-26T16:08:43.736-0700] {dag.py:4138} INFO - Setting next_dagrun for example_external_task_marker_child to None, run_after=None
[2024-08-26T16:08:43.737-0700] {logging_mixin.py:190} INFO - [2024-08-26T16:08:43.737-0700] {dag.py:4138} INFO - Setting next_dagrun for example_external_task_marker_parent to None, run_after=None
[2024-08-26T16:08:43.752-0700] {processor.py:208} INFO - Processing /home/jerson/airflow_venv/lib/python3.10/site-packages/airflow/example_dags/example_external_task_marker_dag.py took 0.042 seconds
[2024-08-26T16:09:55.585-0700] {processor.py:186} INFO - Started process (PID=30961) to work on /home/jerson/airflow_venv/lib/python3.10/site-packages/airflow/example_dags/example_external_task_marker_dag.py
[2024-08-26T16:09:55.586-0700] {processor.py:914} INFO - Processing file /home/jerson/airflow_venv/lib/python3.10/site-packages/airflow/example_dags/example_external_task_marker_dag.py for tasks to queue
[2024-08-26T16:09:55.587-0700] {logging_mixin.py:190} INFO - [2024-08-26T16:09:55.587-0700] {dagbag.py:587} INFO - Filling up the DagBag from /home/jerson/airflow_venv/lib/python3.10/site-packages/airflow/example_dags/example_external_task_marker_dag.py
[2024-08-26T16:09:55.592-0700] {processor.py:925} INFO - DAG(s) 'example_external_task_marker_parent', 'example_external_task_marker_child' retrieved from /home/jerson/airflow_venv/lib/python3.10/site-packages/airflow/example_dags/example_external_task_marker_dag.py
[2024-08-26T16:09:55.602-0700] {logging_mixin.py:190} INFO - [2024-08-26T16:09:55.602-0700] {dag.py:3211} INFO - Sync 2 DAGs
[2024-08-26T16:09:55.609-0700] {logging_mixin.py:190} INFO - [2024-08-26T16:09:55.609-0700] {dag.py:4138} INFO - Setting next_dagrun for example_external_task_marker_child to None, run_after=None
[2024-08-26T16:09:55.611-0700] {logging_mixin.py:190} INFO - [2024-08-26T16:09:55.610-0700] {dag.py:4138} INFO - Setting next_dagrun for example_external_task_marker_parent to None, run_after=None
[2024-08-26T16:09:55.624-0700] {processor.py:208} INFO - Processing /home/jerson/airflow_venv/lib/python3.10/site-packages/airflow/example_dags/example_external_task_marker_dag.py took 0.042 seconds
[2024-08-26T16:11:09.181-0700] {processor.py:186} INFO - Started process (PID=31573) to work on /home/jerson/airflow_venv/lib/python3.10/site-packages/airflow/example_dags/example_external_task_marker_dag.py
[2024-08-26T16:11:09.182-0700] {processor.py:914} INFO - Processing file /home/jerson/airflow_venv/lib/python3.10/site-packages/airflow/example_dags/example_external_task_marker_dag.py for tasks to queue
[2024-08-26T16:11:09.183-0700] {logging_mixin.py:190} INFO - [2024-08-26T16:11:09.183-0700] {dagbag.py:587} INFO - Filling up the DagBag from /home/jerson/airflow_venv/lib/python3.10/site-packages/airflow/example_dags/example_external_task_marker_dag.py
[2024-08-26T16:11:09.189-0700] {processor.py:925} INFO - DAG(s) 'example_external_task_marker_child', 'example_external_task_marker_parent' retrieved from /home/jerson/airflow_venv/lib/python3.10/site-packages/airflow/example_dags/example_external_task_marker_dag.py
[2024-08-26T16:11:09.200-0700] {logging_mixin.py:190} INFO - [2024-08-26T16:11:09.200-0700] {dag.py:3211} INFO - Sync 2 DAGs
[2024-08-26T16:11:09.208-0700] {logging_mixin.py:190} INFO - [2024-08-26T16:11:09.208-0700] {dag.py:4138} INFO - Setting next_dagrun for example_external_task_marker_child to None, run_after=None
[2024-08-26T16:11:09.210-0700] {logging_mixin.py:190} INFO - [2024-08-26T16:11:09.210-0700] {dag.py:4138} INFO - Setting next_dagrun for example_external_task_marker_parent to None, run_after=None
[2024-08-26T16:11:09.226-0700] {processor.py:208} INFO - Processing /home/jerson/airflow_venv/lib/python3.10/site-packages/airflow/example_dags/example_external_task_marker_dag.py took 0.048 seconds
[2024-08-26T16:12:22.765-0700] {processor.py:186} INFO - Started process (PID=32164) to work on /home/jerson/airflow_venv/lib/python3.10/site-packages/airflow/example_dags/example_external_task_marker_dag.py
[2024-08-26T16:12:22.766-0700] {processor.py:914} INFO - Processing file /home/jerson/airflow_venv/lib/python3.10/site-packages/airflow/example_dags/example_external_task_marker_dag.py for tasks to queue
[2024-08-26T16:12:22.767-0700] {logging_mixin.py:190} INFO - [2024-08-26T16:12:22.766-0700] {dagbag.py:587} INFO - Filling up the DagBag from /home/jerson/airflow_venv/lib/python3.10/site-packages/airflow/example_dags/example_external_task_marker_dag.py
[2024-08-26T16:12:22.771-0700] {processor.py:925} INFO - DAG(s) 'example_external_task_marker_parent', 'example_external_task_marker_child' retrieved from /home/jerson/airflow_venv/lib/python3.10/site-packages/airflow/example_dags/example_external_task_marker_dag.py
[2024-08-26T16:12:22.781-0700] {logging_mixin.py:190} INFO - [2024-08-26T16:12:22.781-0700] {dag.py:3211} INFO - Sync 2 DAGs
[2024-08-26T16:12:22.788-0700] {logging_mixin.py:190} INFO - [2024-08-26T16:12:22.788-0700] {dag.py:4138} INFO - Setting next_dagrun for example_external_task_marker_child to None, run_after=None
[2024-08-26T16:12:22.790-0700] {logging_mixin.py:190} INFO - [2024-08-26T16:12:22.790-0700] {dag.py:4138} INFO - Setting next_dagrun for example_external_task_marker_parent to None, run_after=None
[2024-08-26T16:12:22.806-0700] {processor.py:208} INFO - Processing /home/jerson/airflow_venv/lib/python3.10/site-packages/airflow/example_dags/example_external_task_marker_dag.py took 0.045 seconds
