[2024-08-26T15:21:47.865-0700] {processor.py:186} INFO - Started process (PID=7471) to work on /home/jerson/airflow_venv/lib/python3.10/site-packages/airflow/example_dags/tutorial_dag.py
[2024-08-26T15:21:47.865-0700] {processor.py:914} INFO - Processing file /home/jerson/airflow_venv/lib/python3.10/site-packages/airflow/example_dags/tutorial_dag.py for tasks to queue
[2024-08-26T15:21:47.867-0700] {logging_mixin.py:190} INFO - [2024-08-26T15:21:47.866-0700] {dagbag.py:587} INFO - Filling up the DagBag from /home/jerson/airflow_venv/lib/python3.10/site-packages/airflow/example_dags/tutorial_dag.py
[2024-08-26T15:21:47.870-0700] {processor.py:925} INFO - DAG(s) 'tutorial_dag' retrieved from /home/jerson/airflow_venv/lib/python3.10/site-packages/airflow/example_dags/tutorial_dag.py
[2024-08-26T15:21:47.936-0700] {logging_mixin.py:190} INFO - [2024-08-26T15:21:47.935-0700] {override.py:1900} INFO - Created Permission View: can read on DAG:tutorial_dag
[2024-08-26T15:21:47.945-0700] {logging_mixin.py:190} INFO - [2024-08-26T15:21:47.944-0700] {override.py:1900} INFO - Created Permission View: can delete on DAG:tutorial_dag
[2024-08-26T15:21:47.952-0700] {logging_mixin.py:190} INFO - [2024-08-26T15:21:47.952-0700] {override.py:1900} INFO - Created Permission View: can edit on DAG:tutorial_dag
[2024-08-26T15:21:47.969-0700] {logging_mixin.py:190} INFO - [2024-08-26T15:21:47.969-0700] {override.py:1900} INFO - Created Permission View: can read on DAG Run:tutorial_dag
[2024-08-26T15:21:47.976-0700] {logging_mixin.py:190} INFO - [2024-08-26T15:21:47.976-0700] {override.py:1900} INFO - Created Permission View: can create on DAG Run:tutorial_dag
[2024-08-26T15:21:47.985-0700] {logging_mixin.py:190} INFO - [2024-08-26T15:21:47.985-0700] {override.py:1900} INFO - Created Permission View: menu access on DAG Run:tutorial_dag
[2024-08-26T15:21:47.994-0700] {logging_mixin.py:190} INFO - [2024-08-26T15:21:47.993-0700] {override.py:1900} INFO - Created Permission View: can delete on DAG Run:tutorial_dag
[2024-08-26T15:21:47.994-0700] {logging_mixin.py:190} INFO - [2024-08-26T15:21:47.994-0700] {dag.py:3211} INFO - Sync 1 DAGs
[2024-08-26T15:21:48.000-0700] {logging_mixin.py:190} INFO - [2024-08-26T15:21:48.000-0700] {dag.py:3234} INFO - Creating ORM DAG for tutorial_dag
[2024-08-26T15:21:48.001-0700] {logging_mixin.py:190} INFO - [2024-08-26T15:21:48.001-0700] {dag.py:4138} INFO - Setting next_dagrun for tutorial_dag to None, run_after=None
[2024-08-26T15:21:48.018-0700] {processor.py:208} INFO - Processing /home/jerson/airflow_venv/lib/python3.10/site-packages/airflow/example_dags/tutorial_dag.py took 0.156 seconds
[2024-08-26T15:22:45.205-0700] {processor.py:186} INFO - Started process (PID=7816) to work on /home/jerson/airflow_venv/lib/python3.10/site-packages/airflow/example_dags/tutorial_dag.py
[2024-08-26T15:22:45.206-0700] {processor.py:914} INFO - Processing file /home/jerson/airflow_venv/lib/python3.10/site-packages/airflow/example_dags/tutorial_dag.py for tasks to queue
[2024-08-26T15:22:45.207-0700] {logging_mixin.py:190} INFO - [2024-08-26T15:22:45.207-0700] {dagbag.py:587} INFO - Filling up the DagBag from /home/jerson/airflow_venv/lib/python3.10/site-packages/airflow/example_dags/tutorial_dag.py
[2024-08-26T15:22:45.211-0700] {processor.py:925} INFO - DAG(s) 'tutorial_dag' retrieved from /home/jerson/airflow_venv/lib/python3.10/site-packages/airflow/example_dags/tutorial_dag.py
[2024-08-26T15:22:45.220-0700] {logging_mixin.py:190} INFO - [2024-08-26T15:22:45.220-0700] {dag.py:3211} INFO - Sync 1 DAGs
[2024-08-26T15:22:45.227-0700] {logging_mixin.py:190} INFO - [2024-08-26T15:22:45.227-0700] {dag.py:4138} INFO - Setting next_dagrun for tutorial_dag to None, run_after=None
[2024-08-26T15:22:45.243-0700] {processor.py:208} INFO - Processing /home/jerson/airflow_venv/lib/python3.10/site-packages/airflow/example_dags/tutorial_dag.py took 0.041 seconds
[2024-08-26T15:23:38.122-0700] {processor.py:186} INFO - Started process (PID=8105) to work on /home/jerson/airflow_venv/lib/python3.10/site-packages/airflow/example_dags/tutorial_dag.py
[2024-08-26T15:23:38.123-0700] {processor.py:914} INFO - Processing file /home/jerson/airflow_venv/lib/python3.10/site-packages/airflow/example_dags/tutorial_dag.py for tasks to queue
[2024-08-26T15:23:38.124-0700] {logging_mixin.py:190} INFO - [2024-08-26T15:23:38.123-0700] {dagbag.py:587} INFO - Filling up the DagBag from /home/jerson/airflow_venv/lib/python3.10/site-packages/airflow/example_dags/tutorial_dag.py
[2024-08-26T15:23:38.129-0700] {processor.py:925} INFO - DAG(s) 'tutorial_dag' retrieved from /home/jerson/airflow_venv/lib/python3.10/site-packages/airflow/example_dags/tutorial_dag.py
[2024-08-26T15:23:38.139-0700] {logging_mixin.py:190} INFO - [2024-08-26T15:23:38.138-0700] {dag.py:3211} INFO - Sync 1 DAGs
[2024-08-26T15:23:38.147-0700] {logging_mixin.py:190} INFO - [2024-08-26T15:23:38.147-0700] {dag.py:4138} INFO - Setting next_dagrun for tutorial_dag to None, run_after=None
[2024-08-26T15:23:38.169-0700] {processor.py:208} INFO - Processing /home/jerson/airflow_venv/lib/python3.10/site-packages/airflow/example_dags/tutorial_dag.py took 0.051 seconds
[2024-08-26T15:25:30.980-0700] {processor.py:186} INFO - Started process (PID=8671) to work on /home/jerson/airflow_venv/lib/python3.10/site-packages/airflow/example_dags/tutorial_dag.py
[2024-08-26T15:25:30.981-0700] {processor.py:914} INFO - Processing file /home/jerson/airflow_venv/lib/python3.10/site-packages/airflow/example_dags/tutorial_dag.py for tasks to queue
[2024-08-26T15:25:30.983-0700] {logging_mixin.py:190} INFO - [2024-08-26T15:25:30.983-0700] {dagbag.py:587} INFO - Filling up the DagBag from /home/jerson/airflow_venv/lib/python3.10/site-packages/airflow/example_dags/tutorial_dag.py
[2024-08-26T15:25:30.987-0700] {processor.py:925} INFO - DAG(s) 'tutorial_dag' retrieved from /home/jerson/airflow_venv/lib/python3.10/site-packages/airflow/example_dags/tutorial_dag.py
[2024-08-26T15:25:30.999-0700] {logging_mixin.py:190} INFO - [2024-08-26T15:25:30.999-0700] {dag.py:3211} INFO - Sync 1 DAGs
[2024-08-26T15:25:31.007-0700] {logging_mixin.py:190} INFO - [2024-08-26T15:25:31.006-0700] {dag.py:4138} INFO - Setting next_dagrun for tutorial_dag to None, run_after=None
[2024-08-26T15:25:31.023-0700] {processor.py:208} INFO - Processing /home/jerson/airflow_venv/lib/python3.10/site-packages/airflow/example_dags/tutorial_dag.py took 0.046 seconds
[2024-08-26T15:26:26.069-0700] {processor.py:186} INFO - Started process (PID=8964) to work on /home/jerson/airflow_venv/lib/python3.10/site-packages/airflow/example_dags/tutorial_dag.py
[2024-08-26T15:26:26.070-0700] {processor.py:914} INFO - Processing file /home/jerson/airflow_venv/lib/python3.10/site-packages/airflow/example_dags/tutorial_dag.py for tasks to queue
[2024-08-26T15:26:26.071-0700] {logging_mixin.py:190} INFO - [2024-08-26T15:26:26.071-0700] {dagbag.py:587} INFO - Filling up the DagBag from /home/jerson/airflow_venv/lib/python3.10/site-packages/airflow/example_dags/tutorial_dag.py
[2024-08-26T15:26:26.075-0700] {processor.py:925} INFO - DAG(s) 'tutorial_dag' retrieved from /home/jerson/airflow_venv/lib/python3.10/site-packages/airflow/example_dags/tutorial_dag.py
[2024-08-26T15:26:26.084-0700] {logging_mixin.py:190} INFO - [2024-08-26T15:26:26.084-0700] {dag.py:3211} INFO - Sync 1 DAGs
[2024-08-26T15:26:26.092-0700] {logging_mixin.py:190} INFO - [2024-08-26T15:26:26.091-0700] {dag.py:4138} INFO - Setting next_dagrun for tutorial_dag to None, run_after=None
[2024-08-26T15:26:26.107-0700] {processor.py:208} INFO - Processing /home/jerson/airflow_venv/lib/python3.10/site-packages/airflow/example_dags/tutorial_dag.py took 0.042 seconds
[2024-08-26T15:27:17.398-0700] {processor.py:186} INFO - Started process (PID=9224) to work on /home/jerson/airflow_venv/lib/python3.10/site-packages/airflow/example_dags/tutorial_dag.py
[2024-08-26T15:27:17.634-0700] {processor.py:914} INFO - Processing file /home/jerson/airflow_venv/lib/python3.10/site-packages/airflow/example_dags/tutorial_dag.py for tasks to queue
[2024-08-26T15:27:17.635-0700] {logging_mixin.py:190} INFO - [2024-08-26T15:27:17.635-0700] {dagbag.py:587} INFO - Filling up the DagBag from /home/jerson/airflow_venv/lib/python3.10/site-packages/airflow/example_dags/tutorial_dag.py
[2024-08-26T15:27:17.639-0700] {processor.py:925} INFO - DAG(s) 'tutorial_dag' retrieved from /home/jerson/airflow_venv/lib/python3.10/site-packages/airflow/example_dags/tutorial_dag.py
[2024-08-26T15:27:17.649-0700] {logging_mixin.py:190} INFO - [2024-08-26T15:27:17.648-0700] {dag.py:3211} INFO - Sync 1 DAGs
[2024-08-26T15:27:17.655-0700] {logging_mixin.py:190} INFO - [2024-08-26T15:27:17.655-0700] {dag.py:4138} INFO - Setting next_dagrun for tutorial_dag to None, run_after=None
[2024-08-26T15:27:17.689-0700] {processor.py:208} INFO - Processing /home/jerson/airflow_venv/lib/python3.10/site-packages/airflow/example_dags/tutorial_dag.py took 0.295 seconds
[2024-08-26T15:28:07.601-0700] {processor.py:186} INFO - Started process (PID=9473) to work on /home/jerson/airflow_venv/lib/python3.10/site-packages/airflow/example_dags/tutorial_dag.py
[2024-08-26T15:28:07.602-0700] {processor.py:914} INFO - Processing file /home/jerson/airflow_venv/lib/python3.10/site-packages/airflow/example_dags/tutorial_dag.py for tasks to queue
[2024-08-26T15:28:07.603-0700] {logging_mixin.py:190} INFO - [2024-08-26T15:28:07.603-0700] {dagbag.py:587} INFO - Filling up the DagBag from /home/jerson/airflow_venv/lib/python3.10/site-packages/airflow/example_dags/tutorial_dag.py
[2024-08-26T15:28:07.607-0700] {processor.py:925} INFO - DAG(s) 'tutorial_dag' retrieved from /home/jerson/airflow_venv/lib/python3.10/site-packages/airflow/example_dags/tutorial_dag.py
[2024-08-26T15:28:07.616-0700] {logging_mixin.py:190} INFO - [2024-08-26T15:28:07.616-0700] {dag.py:3211} INFO - Sync 1 DAGs
[2024-08-26T15:28:07.623-0700] {logging_mixin.py:190} INFO - [2024-08-26T15:28:07.623-0700] {dag.py:4138} INFO - Setting next_dagrun for tutorial_dag to None, run_after=None
[2024-08-26T15:28:07.638-0700] {processor.py:208} INFO - Processing /home/jerson/airflow_venv/lib/python3.10/site-packages/airflow/example_dags/tutorial_dag.py took 0.040 seconds
[2024-08-26T15:28:56.727-0700] {processor.py:186} INFO - Started process (PID=9725) to work on /home/jerson/airflow_venv/lib/python3.10/site-packages/airflow/example_dags/tutorial_dag.py
[2024-08-26T15:28:56.728-0700] {processor.py:914} INFO - Processing file /home/jerson/airflow_venv/lib/python3.10/site-packages/airflow/example_dags/tutorial_dag.py for tasks to queue
[2024-08-26T15:28:56.729-0700] {logging_mixin.py:190} INFO - [2024-08-26T15:28:56.728-0700] {dagbag.py:587} INFO - Filling up the DagBag from /home/jerson/airflow_venv/lib/python3.10/site-packages/airflow/example_dags/tutorial_dag.py
[2024-08-26T15:28:56.733-0700] {processor.py:925} INFO - DAG(s) 'tutorial_dag' retrieved from /home/jerson/airflow_venv/lib/python3.10/site-packages/airflow/example_dags/tutorial_dag.py
[2024-08-26T15:28:56.742-0700] {logging_mixin.py:190} INFO - [2024-08-26T15:28:56.742-0700] {dag.py:3211} INFO - Sync 1 DAGs
[2024-08-26T15:28:56.749-0700] {logging_mixin.py:190} INFO - [2024-08-26T15:28:56.749-0700] {dag.py:4138} INFO - Setting next_dagrun for tutorial_dag to None, run_after=None
[2024-08-26T15:28:56.766-0700] {processor.py:208} INFO - Processing /home/jerson/airflow_venv/lib/python3.10/site-packages/airflow/example_dags/tutorial_dag.py took 0.042 seconds
[2024-08-26T15:29:47.551-0700] {processor.py:186} INFO - Started process (PID=10067) to work on /home/jerson/airflow_venv/lib/python3.10/site-packages/airflow/example_dags/tutorial_dag.py
[2024-08-26T15:29:47.554-0700] {processor.py:914} INFO - Processing file /home/jerson/airflow_venv/lib/python3.10/site-packages/airflow/example_dags/tutorial_dag.py for tasks to queue
[2024-08-26T15:29:47.555-0700] {logging_mixin.py:190} INFO - [2024-08-26T15:29:47.555-0700] {dagbag.py:587} INFO - Filling up the DagBag from /home/jerson/airflow_venv/lib/python3.10/site-packages/airflow/example_dags/tutorial_dag.py
[2024-08-26T15:29:47.559-0700] {processor.py:925} INFO - DAG(s) 'tutorial_dag' retrieved from /home/jerson/airflow_venv/lib/python3.10/site-packages/airflow/example_dags/tutorial_dag.py
[2024-08-26T15:29:47.568-0700] {logging_mixin.py:190} INFO - [2024-08-26T15:29:47.568-0700] {dag.py:3211} INFO - Sync 1 DAGs
[2024-08-26T15:29:47.574-0700] {logging_mixin.py:190} INFO - [2024-08-26T15:29:47.574-0700] {dag.py:4138} INFO - Setting next_dagrun for tutorial_dag to None, run_after=None
[2024-08-26T15:29:47.591-0700] {processor.py:208} INFO - Processing /home/jerson/airflow_venv/lib/python3.10/site-packages/airflow/example_dags/tutorial_dag.py took 0.043 seconds
[2024-08-26T15:30:34.819-0700] {processor.py:186} INFO - Started process (PID=10304) to work on /home/jerson/airflow_venv/lib/python3.10/site-packages/airflow/example_dags/tutorial_dag.py
[2024-08-26T15:30:34.820-0700] {processor.py:914} INFO - Processing file /home/jerson/airflow_venv/lib/python3.10/site-packages/airflow/example_dags/tutorial_dag.py for tasks to queue
[2024-08-26T15:30:34.821-0700] {logging_mixin.py:190} INFO - [2024-08-26T15:30:34.821-0700] {dagbag.py:587} INFO - Filling up the DagBag from /home/jerson/airflow_venv/lib/python3.10/site-packages/airflow/example_dags/tutorial_dag.py
[2024-08-26T15:30:34.825-0700] {processor.py:925} INFO - DAG(s) 'tutorial_dag' retrieved from /home/jerson/airflow_venv/lib/python3.10/site-packages/airflow/example_dags/tutorial_dag.py
[2024-08-26T15:30:34.835-0700] {logging_mixin.py:190} INFO - [2024-08-26T15:30:34.835-0700] {dag.py:3211} INFO - Sync 1 DAGs
[2024-08-26T15:30:34.843-0700] {logging_mixin.py:190} INFO - [2024-08-26T15:30:34.843-0700] {dag.py:4138} INFO - Setting next_dagrun for tutorial_dag to None, run_after=None
[2024-08-26T15:30:34.860-0700] {processor.py:208} INFO - Processing /home/jerson/airflow_venv/lib/python3.10/site-packages/airflow/example_dags/tutorial_dag.py took 0.044 seconds
[2024-08-26T15:31:23.875-0700] {processor.py:186} INFO - Started process (PID=10580) to work on /home/jerson/airflow_venv/lib/python3.10/site-packages/airflow/example_dags/tutorial_dag.py
[2024-08-26T15:31:23.876-0700] {processor.py:914} INFO - Processing file /home/jerson/airflow_venv/lib/python3.10/site-packages/airflow/example_dags/tutorial_dag.py for tasks to queue
[2024-08-26T15:31:23.877-0700] {logging_mixin.py:190} INFO - [2024-08-26T15:31:23.877-0700] {dagbag.py:587} INFO - Filling up the DagBag from /home/jerson/airflow_venv/lib/python3.10/site-packages/airflow/example_dags/tutorial_dag.py
[2024-08-26T15:31:23.882-0700] {processor.py:925} INFO - DAG(s) 'tutorial_dag' retrieved from /home/jerson/airflow_venv/lib/python3.10/site-packages/airflow/example_dags/tutorial_dag.py
[2024-08-26T15:31:23.894-0700] {logging_mixin.py:190} INFO - [2024-08-26T15:31:23.894-0700] {dag.py:3211} INFO - Sync 1 DAGs
[2024-08-26T15:31:23.905-0700] {logging_mixin.py:190} INFO - [2024-08-26T15:31:23.904-0700] {dag.py:4138} INFO - Setting next_dagrun for tutorial_dag to None, run_after=None
[2024-08-26T15:31:23.929-0700] {processor.py:208} INFO - Processing /home/jerson/airflow_venv/lib/python3.10/site-packages/airflow/example_dags/tutorial_dag.py took 0.057 seconds
[2024-08-26T15:32:10.006-0700] {processor.py:186} INFO - Started process (PID=10812) to work on /home/jerson/airflow_venv/lib/python3.10/site-packages/airflow/example_dags/tutorial_dag.py
[2024-08-26T15:32:10.006-0700] {processor.py:914} INFO - Processing file /home/jerson/airflow_venv/lib/python3.10/site-packages/airflow/example_dags/tutorial_dag.py for tasks to queue
[2024-08-26T15:32:10.008-0700] {logging_mixin.py:190} INFO - [2024-08-26T15:32:10.007-0700] {dagbag.py:587} INFO - Filling up the DagBag from /home/jerson/airflow_venv/lib/python3.10/site-packages/airflow/example_dags/tutorial_dag.py
[2024-08-26T15:32:10.012-0700] {processor.py:925} INFO - DAG(s) 'tutorial_dag' retrieved from /home/jerson/airflow_venv/lib/python3.10/site-packages/airflow/example_dags/tutorial_dag.py
[2024-08-26T15:32:10.022-0700] {logging_mixin.py:190} INFO - [2024-08-26T15:32:10.021-0700] {dag.py:3211} INFO - Sync 1 DAGs
[2024-08-26T15:32:10.031-0700] {logging_mixin.py:190} INFO - [2024-08-26T15:32:10.031-0700] {dag.py:4138} INFO - Setting next_dagrun for tutorial_dag to None, run_after=None
[2024-08-26T15:32:10.050-0700] {processor.py:208} INFO - Processing /home/jerson/airflow_venv/lib/python3.10/site-packages/airflow/example_dags/tutorial_dag.py took 0.048 seconds
[2024-08-26T15:32:58.281-0700] {processor.py:186} INFO - Started process (PID=11066) to work on /home/jerson/airflow_venv/lib/python3.10/site-packages/airflow/example_dags/tutorial_dag.py
[2024-08-26T15:32:58.282-0700] {processor.py:914} INFO - Processing file /home/jerson/airflow_venv/lib/python3.10/site-packages/airflow/example_dags/tutorial_dag.py for tasks to queue
[2024-08-26T15:32:58.283-0700] {logging_mixin.py:190} INFO - [2024-08-26T15:32:58.283-0700] {dagbag.py:587} INFO - Filling up the DagBag from /home/jerson/airflow_venv/lib/python3.10/site-packages/airflow/example_dags/tutorial_dag.py
[2024-08-26T15:32:58.287-0700] {processor.py:925} INFO - DAG(s) 'tutorial_dag' retrieved from /home/jerson/airflow_venv/lib/python3.10/site-packages/airflow/example_dags/tutorial_dag.py
[2024-08-26T15:32:58.296-0700] {logging_mixin.py:190} INFO - [2024-08-26T15:32:58.295-0700] {dag.py:3211} INFO - Sync 1 DAGs
[2024-08-26T15:32:58.302-0700] {logging_mixin.py:190} INFO - [2024-08-26T15:32:58.302-0700] {dag.py:4138} INFO - Setting next_dagrun for tutorial_dag to None, run_after=None
[2024-08-26T15:32:58.318-0700] {processor.py:208} INFO - Processing /home/jerson/airflow_venv/lib/python3.10/site-packages/airflow/example_dags/tutorial_dag.py took 0.041 seconds
[2024-08-26T15:33:51.865-0700] {processor.py:186} INFO - Started process (PID=11342) to work on /home/jerson/airflow_venv/lib/python3.10/site-packages/airflow/example_dags/tutorial_dag.py
[2024-08-26T15:33:51.866-0700] {processor.py:914} INFO - Processing file /home/jerson/airflow_venv/lib/python3.10/site-packages/airflow/example_dags/tutorial_dag.py for tasks to queue
[2024-08-26T15:33:51.867-0700] {logging_mixin.py:190} INFO - [2024-08-26T15:33:51.867-0700] {dagbag.py:587} INFO - Filling up the DagBag from /home/jerson/airflow_venv/lib/python3.10/site-packages/airflow/example_dags/tutorial_dag.py
[2024-08-26T15:33:51.871-0700] {processor.py:925} INFO - DAG(s) 'tutorial_dag' retrieved from /home/jerson/airflow_venv/lib/python3.10/site-packages/airflow/example_dags/tutorial_dag.py
[2024-08-26T15:33:51.879-0700] {logging_mixin.py:190} INFO - [2024-08-26T15:33:51.879-0700] {dag.py:3211} INFO - Sync 1 DAGs
[2024-08-26T15:33:51.886-0700] {logging_mixin.py:190} INFO - [2024-08-26T15:33:51.886-0700] {dag.py:4138} INFO - Setting next_dagrun for tutorial_dag to None, run_after=None
[2024-08-26T15:33:51.900-0700] {processor.py:208} INFO - Processing /home/jerson/airflow_venv/lib/python3.10/site-packages/airflow/example_dags/tutorial_dag.py took 0.038 seconds
[2024-08-26T15:34:40.983-0700] {processor.py:186} INFO - Started process (PID=11602) to work on /home/jerson/airflow_venv/lib/python3.10/site-packages/airflow/example_dags/tutorial_dag.py
[2024-08-26T15:34:40.984-0700] {processor.py:914} INFO - Processing file /home/jerson/airflow_venv/lib/python3.10/site-packages/airflow/example_dags/tutorial_dag.py for tasks to queue
[2024-08-26T15:34:40.985-0700] {logging_mixin.py:190} INFO - [2024-08-26T15:34:40.984-0700] {dagbag.py:587} INFO - Filling up the DagBag from /home/jerson/airflow_venv/lib/python3.10/site-packages/airflow/example_dags/tutorial_dag.py
[2024-08-26T15:34:40.989-0700] {processor.py:925} INFO - DAG(s) 'tutorial_dag' retrieved from /home/jerson/airflow_venv/lib/python3.10/site-packages/airflow/example_dags/tutorial_dag.py
[2024-08-26T15:34:40.997-0700] {logging_mixin.py:190} INFO - [2024-08-26T15:34:40.997-0700] {dag.py:3211} INFO - Sync 1 DAGs
[2024-08-26T15:34:41.004-0700] {logging_mixin.py:190} INFO - [2024-08-26T15:34:41.004-0700] {dag.py:4138} INFO - Setting next_dagrun for tutorial_dag to None, run_after=None
[2024-08-26T15:34:41.018-0700] {processor.py:208} INFO - Processing /home/jerson/airflow_venv/lib/python3.10/site-packages/airflow/example_dags/tutorial_dag.py took 0.038 seconds
[2024-08-26T15:35:29.453-0700] {processor.py:186} INFO - Started process (PID=11863) to work on /home/jerson/airflow_venv/lib/python3.10/site-packages/airflow/example_dags/tutorial_dag.py
[2024-08-26T15:35:29.454-0700] {processor.py:914} INFO - Processing file /home/jerson/airflow_venv/lib/python3.10/site-packages/airflow/example_dags/tutorial_dag.py for tasks to queue
[2024-08-26T15:35:29.455-0700] {logging_mixin.py:190} INFO - [2024-08-26T15:35:29.455-0700] {dagbag.py:587} INFO - Filling up the DagBag from /home/jerson/airflow_venv/lib/python3.10/site-packages/airflow/example_dags/tutorial_dag.py
[2024-08-26T15:35:29.459-0700] {processor.py:925} INFO - DAG(s) 'tutorial_dag' retrieved from /home/jerson/airflow_venv/lib/python3.10/site-packages/airflow/example_dags/tutorial_dag.py
[2024-08-26T15:35:29.467-0700] {logging_mixin.py:190} INFO - [2024-08-26T15:35:29.467-0700] {dag.py:3211} INFO - Sync 1 DAGs
[2024-08-26T15:35:29.474-0700] {logging_mixin.py:190} INFO - [2024-08-26T15:35:29.474-0700] {dag.py:4138} INFO - Setting next_dagrun for tutorial_dag to None, run_after=None
[2024-08-26T15:35:29.489-0700] {processor.py:208} INFO - Processing /home/jerson/airflow_venv/lib/python3.10/site-packages/airflow/example_dags/tutorial_dag.py took 0.039 seconds
[2024-08-26T15:36:17.107-0700] {processor.py:186} INFO - Started process (PID=12127) to work on /home/jerson/airflow_venv/lib/python3.10/site-packages/airflow/example_dags/tutorial_dag.py
[2024-08-26T15:36:17.108-0700] {processor.py:914} INFO - Processing file /home/jerson/airflow_venv/lib/python3.10/site-packages/airflow/example_dags/tutorial_dag.py for tasks to queue
[2024-08-26T15:36:17.109-0700] {logging_mixin.py:190} INFO - [2024-08-26T15:36:17.109-0700] {dagbag.py:587} INFO - Filling up the DagBag from /home/jerson/airflow_venv/lib/python3.10/site-packages/airflow/example_dags/tutorial_dag.py
[2024-08-26T15:36:17.113-0700] {processor.py:925} INFO - DAG(s) 'tutorial_dag' retrieved from /home/jerson/airflow_venv/lib/python3.10/site-packages/airflow/example_dags/tutorial_dag.py
[2024-08-26T15:36:17.122-0700] {logging_mixin.py:190} INFO - [2024-08-26T15:36:17.121-0700] {dag.py:3211} INFO - Sync 1 DAGs
[2024-08-26T15:36:17.128-0700] {logging_mixin.py:190} INFO - [2024-08-26T15:36:17.128-0700] {dag.py:4138} INFO - Setting next_dagrun for tutorial_dag to None, run_after=None
[2024-08-26T15:36:17.145-0700] {processor.py:208} INFO - Processing /home/jerson/airflow_venv/lib/python3.10/site-packages/airflow/example_dags/tutorial_dag.py took 0.041 seconds
[2024-08-26T15:37:03.636-0700] {processor.py:186} INFO - Started process (PID=12646) to work on /home/jerson/airflow_venv/lib/python3.10/site-packages/airflow/example_dags/tutorial_dag.py
[2024-08-26T15:37:03.639-0700] {processor.py:914} INFO - Processing file /home/jerson/airflow_venv/lib/python3.10/site-packages/airflow/example_dags/tutorial_dag.py for tasks to queue
[2024-08-26T15:37:03.641-0700] {logging_mixin.py:190} INFO - [2024-08-26T15:37:03.640-0700] {dagbag.py:587} INFO - Filling up the DagBag from /home/jerson/airflow_venv/lib/python3.10/site-packages/airflow/example_dags/tutorial_dag.py
[2024-08-26T15:37:03.646-0700] {processor.py:925} INFO - DAG(s) 'tutorial_dag' retrieved from /home/jerson/airflow_venv/lib/python3.10/site-packages/airflow/example_dags/tutorial_dag.py
[2024-08-26T15:37:03.657-0700] {logging_mixin.py:190} INFO - [2024-08-26T15:37:03.657-0700] {dag.py:3211} INFO - Sync 1 DAGs
[2024-08-26T15:37:03.666-0700] {logging_mixin.py:190} INFO - [2024-08-26T15:37:03.666-0700] {dag.py:4138} INFO - Setting next_dagrun for tutorial_dag to None, run_after=None
[2024-08-26T15:37:03.795-0700] {processor.py:208} INFO - Processing /home/jerson/airflow_venv/lib/python3.10/site-packages/airflow/example_dags/tutorial_dag.py took 0.163 seconds
[2024-08-26T15:37:49.038-0700] {processor.py:186} INFO - Started process (PID=13067) to work on /home/jerson/airflow_venv/lib/python3.10/site-packages/airflow/example_dags/tutorial_dag.py
[2024-08-26T15:37:49.039-0700] {processor.py:914} INFO - Processing file /home/jerson/airflow_venv/lib/python3.10/site-packages/airflow/example_dags/tutorial_dag.py for tasks to queue
[2024-08-26T15:37:49.041-0700] {logging_mixin.py:190} INFO - [2024-08-26T15:37:49.040-0700] {dagbag.py:587} INFO - Filling up the DagBag from /home/jerson/airflow_venv/lib/python3.10/site-packages/airflow/example_dags/tutorial_dag.py
[2024-08-26T15:37:49.045-0700] {processor.py:925} INFO - DAG(s) 'tutorial_dag' retrieved from /home/jerson/airflow_venv/lib/python3.10/site-packages/airflow/example_dags/tutorial_dag.py
[2024-08-26T15:37:49.054-0700] {logging_mixin.py:190} INFO - [2024-08-26T15:37:49.054-0700] {dag.py:3211} INFO - Sync 1 DAGs
[2024-08-26T15:37:49.061-0700] {logging_mixin.py:190} INFO - [2024-08-26T15:37:49.061-0700] {dag.py:4138} INFO - Setting next_dagrun for tutorial_dag to None, run_after=None
[2024-08-26T15:37:49.079-0700] {processor.py:208} INFO - Processing /home/jerson/airflow_venv/lib/python3.10/site-packages/airflow/example_dags/tutorial_dag.py took 0.044 seconds
[2024-08-26T15:38:36.667-0700] {processor.py:186} INFO - Started process (PID=13463) to work on /home/jerson/airflow_venv/lib/python3.10/site-packages/airflow/example_dags/tutorial_dag.py
[2024-08-26T15:38:36.668-0700] {processor.py:914} INFO - Processing file /home/jerson/airflow_venv/lib/python3.10/site-packages/airflow/example_dags/tutorial_dag.py for tasks to queue
[2024-08-26T15:38:36.669-0700] {logging_mixin.py:190} INFO - [2024-08-26T15:38:36.669-0700] {dagbag.py:587} INFO - Filling up the DagBag from /home/jerson/airflow_venv/lib/python3.10/site-packages/airflow/example_dags/tutorial_dag.py
[2024-08-26T15:38:36.674-0700] {processor.py:925} INFO - DAG(s) 'tutorial_dag' retrieved from /home/jerson/airflow_venv/lib/python3.10/site-packages/airflow/example_dags/tutorial_dag.py
[2024-08-26T15:38:36.687-0700] {logging_mixin.py:190} INFO - [2024-08-26T15:38:36.686-0700] {dag.py:3211} INFO - Sync 1 DAGs
[2024-08-26T15:38:36.699-0700] {logging_mixin.py:190} INFO - [2024-08-26T15:38:36.699-0700] {dag.py:4138} INFO - Setting next_dagrun for tutorial_dag to None, run_after=None
[2024-08-26T15:38:36.720-0700] {processor.py:208} INFO - Processing /home/jerson/airflow_venv/lib/python3.10/site-packages/airflow/example_dags/tutorial_dag.py took 0.057 seconds
[2024-08-26T15:39:24.520-0700] {processor.py:186} INFO - Started process (PID=13968) to work on /home/jerson/airflow_venv/lib/python3.10/site-packages/airflow/example_dags/tutorial_dag.py
[2024-08-26T15:39:24.520-0700] {processor.py:914} INFO - Processing file /home/jerson/airflow_venv/lib/python3.10/site-packages/airflow/example_dags/tutorial_dag.py for tasks to queue
[2024-08-26T15:39:24.521-0700] {logging_mixin.py:190} INFO - [2024-08-26T15:39:24.521-0700] {dagbag.py:587} INFO - Filling up the DagBag from /home/jerson/airflow_venv/lib/python3.10/site-packages/airflow/example_dags/tutorial_dag.py
[2024-08-26T15:39:24.525-0700] {processor.py:925} INFO - DAG(s) 'tutorial_dag' retrieved from /home/jerson/airflow_venv/lib/python3.10/site-packages/airflow/example_dags/tutorial_dag.py
[2024-08-26T15:39:24.534-0700] {logging_mixin.py:190} INFO - [2024-08-26T15:39:24.534-0700] {dag.py:3211} INFO - Sync 1 DAGs
[2024-08-26T15:39:24.541-0700] {logging_mixin.py:190} INFO - [2024-08-26T15:39:24.540-0700] {dag.py:4138} INFO - Setting next_dagrun for tutorial_dag to None, run_after=None
[2024-08-26T15:39:24.556-0700] {processor.py:208} INFO - Processing /home/jerson/airflow_venv/lib/python3.10/site-packages/airflow/example_dags/tutorial_dag.py took 0.040 seconds
[2024-08-26T15:40:13.566-0700] {processor.py:186} INFO - Started process (PID=14454) to work on /home/jerson/airflow_venv/lib/python3.10/site-packages/airflow/example_dags/tutorial_dag.py
[2024-08-26T15:40:13.567-0700] {processor.py:914} INFO - Processing file /home/jerson/airflow_venv/lib/python3.10/site-packages/airflow/example_dags/tutorial_dag.py for tasks to queue
[2024-08-26T15:40:13.568-0700] {logging_mixin.py:190} INFO - [2024-08-26T15:40:13.568-0700] {dagbag.py:587} INFO - Filling up the DagBag from /home/jerson/airflow_venv/lib/python3.10/site-packages/airflow/example_dags/tutorial_dag.py
[2024-08-26T15:40:13.573-0700] {processor.py:925} INFO - DAG(s) 'tutorial_dag' retrieved from /home/jerson/airflow_venv/lib/python3.10/site-packages/airflow/example_dags/tutorial_dag.py
[2024-08-26T15:40:13.582-0700] {logging_mixin.py:190} INFO - [2024-08-26T15:40:13.582-0700] {dag.py:3211} INFO - Sync 1 DAGs
[2024-08-26T15:40:13.589-0700] {logging_mixin.py:190} INFO - [2024-08-26T15:40:13.589-0700] {dag.py:4138} INFO - Setting next_dagrun for tutorial_dag to None, run_after=None
[2024-08-26T15:40:13.604-0700] {processor.py:208} INFO - Processing /home/jerson/airflow_venv/lib/python3.10/site-packages/airflow/example_dags/tutorial_dag.py took 0.041 seconds
[2024-08-26T15:41:02.927-0700] {processor.py:186} INFO - Started process (PID=14897) to work on /home/jerson/airflow_venv/lib/python3.10/site-packages/airflow/example_dags/tutorial_dag.py
[2024-08-26T15:41:02.928-0700] {processor.py:914} INFO - Processing file /home/jerson/airflow_venv/lib/python3.10/site-packages/airflow/example_dags/tutorial_dag.py for tasks to queue
[2024-08-26T15:41:02.930-0700] {logging_mixin.py:190} INFO - [2024-08-26T15:41:02.929-0700] {dagbag.py:587} INFO - Filling up the DagBag from /home/jerson/airflow_venv/lib/python3.10/site-packages/airflow/example_dags/tutorial_dag.py
[2024-08-26T15:41:02.934-0700] {processor.py:925} INFO - DAG(s) 'tutorial_dag' retrieved from /home/jerson/airflow_venv/lib/python3.10/site-packages/airflow/example_dags/tutorial_dag.py
[2024-08-26T15:41:02.943-0700] {logging_mixin.py:190} INFO - [2024-08-26T15:41:02.943-0700] {dag.py:3211} INFO - Sync 1 DAGs
[2024-08-26T15:41:02.951-0700] {logging_mixin.py:190} INFO - [2024-08-26T15:41:02.951-0700] {dag.py:4138} INFO - Setting next_dagrun for tutorial_dag to None, run_after=None
[2024-08-26T15:41:02.967-0700] {processor.py:208} INFO - Processing /home/jerson/airflow_venv/lib/python3.10/site-packages/airflow/example_dags/tutorial_dag.py took 0.043 seconds
[2024-08-26T15:41:51.266-0700] {processor.py:186} INFO - Started process (PID=15311) to work on /home/jerson/airflow_venv/lib/python3.10/site-packages/airflow/example_dags/tutorial_dag.py
[2024-08-26T15:41:51.286-0700] {processor.py:914} INFO - Processing file /home/jerson/airflow_venv/lib/python3.10/site-packages/airflow/example_dags/tutorial_dag.py for tasks to queue
[2024-08-26T15:41:51.288-0700] {logging_mixin.py:190} INFO - [2024-08-26T15:41:51.287-0700] {dagbag.py:587} INFO - Filling up the DagBag from /home/jerson/airflow_venv/lib/python3.10/site-packages/airflow/example_dags/tutorial_dag.py
[2024-08-26T15:41:51.292-0700] {processor.py:925} INFO - DAG(s) 'tutorial_dag' retrieved from /home/jerson/airflow_venv/lib/python3.10/site-packages/airflow/example_dags/tutorial_dag.py
[2024-08-26T15:41:51.301-0700] {logging_mixin.py:190} INFO - [2024-08-26T15:41:51.301-0700] {dag.py:3211} INFO - Sync 1 DAGs
[2024-08-26T15:41:51.308-0700] {logging_mixin.py:190} INFO - [2024-08-26T15:41:51.308-0700] {dag.py:4138} INFO - Setting next_dagrun for tutorial_dag to None, run_after=None
[2024-08-26T15:41:51.344-0700] {processor.py:208} INFO - Processing /home/jerson/airflow_venv/lib/python3.10/site-packages/airflow/example_dags/tutorial_dag.py took 0.081 seconds
[2024-08-26T15:42:40.679-0700] {processor.py:186} INFO - Started process (PID=15804) to work on /home/jerson/airflow_venv/lib/python3.10/site-packages/airflow/example_dags/tutorial_dag.py
[2024-08-26T15:42:40.679-0700] {processor.py:914} INFO - Processing file /home/jerson/airflow_venv/lib/python3.10/site-packages/airflow/example_dags/tutorial_dag.py for tasks to queue
[2024-08-26T15:42:40.681-0700] {logging_mixin.py:190} INFO - [2024-08-26T15:42:40.680-0700] {dagbag.py:587} INFO - Filling up the DagBag from /home/jerson/airflow_venv/lib/python3.10/site-packages/airflow/example_dags/tutorial_dag.py
[2024-08-26T15:42:40.685-0700] {processor.py:925} INFO - DAG(s) 'tutorial_dag' retrieved from /home/jerson/airflow_venv/lib/python3.10/site-packages/airflow/example_dags/tutorial_dag.py
[2024-08-26T15:42:40.695-0700] {logging_mixin.py:190} INFO - [2024-08-26T15:42:40.695-0700] {dag.py:3211} INFO - Sync 1 DAGs
[2024-08-26T15:42:40.703-0700] {logging_mixin.py:190} INFO - [2024-08-26T15:42:40.703-0700] {dag.py:4138} INFO - Setting next_dagrun for tutorial_dag to None, run_after=None
[2024-08-26T15:42:40.721-0700] {processor.py:208} INFO - Processing /home/jerson/airflow_venv/lib/python3.10/site-packages/airflow/example_dags/tutorial_dag.py took 0.046 seconds
[2024-08-26T15:43:33.118-0700] {processor.py:186} INFO - Started process (PID=16351) to work on /home/jerson/airflow_venv/lib/python3.10/site-packages/airflow/example_dags/tutorial_dag.py
[2024-08-26T15:43:33.119-0700] {processor.py:914} INFO - Processing file /home/jerson/airflow_venv/lib/python3.10/site-packages/airflow/example_dags/tutorial_dag.py for tasks to queue
[2024-08-26T15:43:33.120-0700] {logging_mixin.py:190} INFO - [2024-08-26T15:43:33.120-0700] {dagbag.py:587} INFO - Filling up the DagBag from /home/jerson/airflow_venv/lib/python3.10/site-packages/airflow/example_dags/tutorial_dag.py
[2024-08-26T15:43:33.125-0700] {processor.py:925} INFO - DAG(s) 'tutorial_dag' retrieved from /home/jerson/airflow_venv/lib/python3.10/site-packages/airflow/example_dags/tutorial_dag.py
[2024-08-26T15:43:33.135-0700] {logging_mixin.py:190} INFO - [2024-08-26T15:43:33.135-0700] {dag.py:3211} INFO - Sync 1 DAGs
[2024-08-26T15:43:33.143-0700] {logging_mixin.py:190} INFO - [2024-08-26T15:43:33.142-0700] {dag.py:4138} INFO - Setting next_dagrun for tutorial_dag to None, run_after=None
[2024-08-26T15:43:33.160-0700] {processor.py:208} INFO - Processing /home/jerson/airflow_venv/lib/python3.10/site-packages/airflow/example_dags/tutorial_dag.py took 0.046 seconds
[2024-08-26T15:44:19.247-0700] {processor.py:186} INFO - Started process (PID=16726) to work on /home/jerson/airflow_venv/lib/python3.10/site-packages/airflow/example_dags/tutorial_dag.py
[2024-08-26T15:44:19.248-0700] {processor.py:914} INFO - Processing file /home/jerson/airflow_venv/lib/python3.10/site-packages/airflow/example_dags/tutorial_dag.py for tasks to queue
[2024-08-26T15:44:19.249-0700] {logging_mixin.py:190} INFO - [2024-08-26T15:44:19.249-0700] {dagbag.py:587} INFO - Filling up the DagBag from /home/jerson/airflow_venv/lib/python3.10/site-packages/airflow/example_dags/tutorial_dag.py
[2024-08-26T15:44:19.254-0700] {processor.py:925} INFO - DAG(s) 'tutorial_dag' retrieved from /home/jerson/airflow_venv/lib/python3.10/site-packages/airflow/example_dags/tutorial_dag.py
[2024-08-26T15:44:19.264-0700] {logging_mixin.py:190} INFO - [2024-08-26T15:44:19.264-0700] {dag.py:3211} INFO - Sync 1 DAGs
[2024-08-26T15:44:19.272-0700] {logging_mixin.py:190} INFO - [2024-08-26T15:44:19.271-0700] {dag.py:4138} INFO - Setting next_dagrun for tutorial_dag to None, run_after=None
[2024-08-26T15:44:19.288-0700] {processor.py:208} INFO - Processing /home/jerson/airflow_venv/lib/python3.10/site-packages/airflow/example_dags/tutorial_dag.py took 0.044 seconds
[2024-08-26T15:45:07.130-0700] {processor.py:186} INFO - Started process (PID=17105) to work on /home/jerson/airflow_venv/lib/python3.10/site-packages/airflow/example_dags/tutorial_dag.py
[2024-08-26T15:45:07.131-0700] {processor.py:914} INFO - Processing file /home/jerson/airflow_venv/lib/python3.10/site-packages/airflow/example_dags/tutorial_dag.py for tasks to queue
[2024-08-26T15:45:07.132-0700] {logging_mixin.py:190} INFO - [2024-08-26T15:45:07.132-0700] {dagbag.py:587} INFO - Filling up the DagBag from /home/jerson/airflow_venv/lib/python3.10/site-packages/airflow/example_dags/tutorial_dag.py
[2024-08-26T15:45:07.137-0700] {processor.py:925} INFO - DAG(s) 'tutorial_dag' retrieved from /home/jerson/airflow_venv/lib/python3.10/site-packages/airflow/example_dags/tutorial_dag.py
[2024-08-26T15:45:07.157-0700] {logging_mixin.py:190} INFO - [2024-08-26T15:45:07.157-0700] {dag.py:3211} INFO - Sync 1 DAGs
[2024-08-26T15:45:07.168-0700] {logging_mixin.py:190} INFO - [2024-08-26T15:45:07.168-0700] {dag.py:4138} INFO - Setting next_dagrun for tutorial_dag to None, run_after=None
[2024-08-26T15:45:07.191-0700] {processor.py:208} INFO - Processing /home/jerson/airflow_venv/lib/python3.10/site-packages/airflow/example_dags/tutorial_dag.py took 0.065 seconds
[2024-08-26T15:45:57.758-0700] {processor.py:186} INFO - Started process (PID=17572) to work on /home/jerson/airflow_venv/lib/python3.10/site-packages/airflow/example_dags/tutorial_dag.py
[2024-08-26T15:45:57.759-0700] {processor.py:914} INFO - Processing file /home/jerson/airflow_venv/lib/python3.10/site-packages/airflow/example_dags/tutorial_dag.py for tasks to queue
[2024-08-26T15:45:57.760-0700] {logging_mixin.py:190} INFO - [2024-08-26T15:45:57.760-0700] {dagbag.py:587} INFO - Filling up the DagBag from /home/jerson/airflow_venv/lib/python3.10/site-packages/airflow/example_dags/tutorial_dag.py
[2024-08-26T15:45:57.764-0700] {processor.py:925} INFO - DAG(s) 'tutorial_dag' retrieved from /home/jerson/airflow_venv/lib/python3.10/site-packages/airflow/example_dags/tutorial_dag.py
[2024-08-26T15:45:57.773-0700] {logging_mixin.py:190} INFO - [2024-08-26T15:45:57.773-0700] {dag.py:3211} INFO - Sync 1 DAGs
[2024-08-26T15:45:57.779-0700] {logging_mixin.py:190} INFO - [2024-08-26T15:45:57.779-0700] {dag.py:4138} INFO - Setting next_dagrun for tutorial_dag to None, run_after=None
[2024-08-26T15:45:57.795-0700] {processor.py:208} INFO - Processing /home/jerson/airflow_venv/lib/python3.10/site-packages/airflow/example_dags/tutorial_dag.py took 0.040 seconds
[2024-08-26T15:46:49.836-0700] {processor.py:186} INFO - Started process (PID=18037) to work on /home/jerson/airflow_venv/lib/python3.10/site-packages/airflow/example_dags/tutorial_dag.py
[2024-08-26T15:46:49.837-0700] {processor.py:914} INFO - Processing file /home/jerson/airflow_venv/lib/python3.10/site-packages/airflow/example_dags/tutorial_dag.py for tasks to queue
[2024-08-26T15:46:49.838-0700] {logging_mixin.py:190} INFO - [2024-08-26T15:46:49.837-0700] {dagbag.py:587} INFO - Filling up the DagBag from /home/jerson/airflow_venv/lib/python3.10/site-packages/airflow/example_dags/tutorial_dag.py
[2024-08-26T15:46:49.842-0700] {processor.py:925} INFO - DAG(s) 'tutorial_dag' retrieved from /home/jerson/airflow_venv/lib/python3.10/site-packages/airflow/example_dags/tutorial_dag.py
[2024-08-26T15:46:49.850-0700] {logging_mixin.py:190} INFO - [2024-08-26T15:46:49.850-0700] {dag.py:3211} INFO - Sync 1 DAGs
[2024-08-26T15:46:49.857-0700] {logging_mixin.py:190} INFO - [2024-08-26T15:46:49.857-0700] {dag.py:4138} INFO - Setting next_dagrun for tutorial_dag to None, run_after=None
[2024-08-26T15:46:49.875-0700] {processor.py:208} INFO - Processing /home/jerson/airflow_venv/lib/python3.10/site-packages/airflow/example_dags/tutorial_dag.py took 0.044 seconds
[2024-08-26T15:47:42.315-0700] {processor.py:186} INFO - Started process (PID=18493) to work on /home/jerson/airflow_venv/lib/python3.10/site-packages/airflow/example_dags/tutorial_dag.py
[2024-08-26T15:47:42.316-0700] {processor.py:914} INFO - Processing file /home/jerson/airflow_venv/lib/python3.10/site-packages/airflow/example_dags/tutorial_dag.py for tasks to queue
[2024-08-26T15:47:42.316-0700] {logging_mixin.py:190} INFO - [2024-08-26T15:47:42.316-0700] {dagbag.py:587} INFO - Filling up the DagBag from /home/jerson/airflow_venv/lib/python3.10/site-packages/airflow/example_dags/tutorial_dag.py
[2024-08-26T15:47:42.320-0700] {processor.py:925} INFO - DAG(s) 'tutorial_dag' retrieved from /home/jerson/airflow_venv/lib/python3.10/site-packages/airflow/example_dags/tutorial_dag.py
[2024-08-26T15:47:42.329-0700] {logging_mixin.py:190} INFO - [2024-08-26T15:47:42.329-0700] {dag.py:3211} INFO - Sync 1 DAGs
[2024-08-26T15:47:42.335-0700] {logging_mixin.py:190} INFO - [2024-08-26T15:47:42.335-0700] {dag.py:4138} INFO - Setting next_dagrun for tutorial_dag to None, run_after=None
[2024-08-26T15:47:42.350-0700] {processor.py:208} INFO - Processing /home/jerson/airflow_venv/lib/python3.10/site-packages/airflow/example_dags/tutorial_dag.py took 0.039 seconds
[2024-08-26T15:48:31.796-0700] {processor.py:186} INFO - Started process (PID=18976) to work on /home/jerson/airflow_venv/lib/python3.10/site-packages/airflow/example_dags/tutorial_dag.py
[2024-08-26T15:48:31.797-0700] {processor.py:914} INFO - Processing file /home/jerson/airflow_venv/lib/python3.10/site-packages/airflow/example_dags/tutorial_dag.py for tasks to queue
[2024-08-26T15:48:31.798-0700] {logging_mixin.py:190} INFO - [2024-08-26T15:48:31.798-0700] {dagbag.py:587} INFO - Filling up the DagBag from /home/jerson/airflow_venv/lib/python3.10/site-packages/airflow/example_dags/tutorial_dag.py
[2024-08-26T15:48:31.802-0700] {processor.py:925} INFO - DAG(s) 'tutorial_dag' retrieved from /home/jerson/airflow_venv/lib/python3.10/site-packages/airflow/example_dags/tutorial_dag.py
[2024-08-26T15:48:31.811-0700] {logging_mixin.py:190} INFO - [2024-08-26T15:48:31.811-0700] {dag.py:3211} INFO - Sync 1 DAGs
[2024-08-26T15:48:31.819-0700] {logging_mixin.py:190} INFO - [2024-08-26T15:48:31.818-0700] {dag.py:4138} INFO - Setting next_dagrun for tutorial_dag to None, run_after=None
[2024-08-26T15:48:31.835-0700] {processor.py:208} INFO - Processing /home/jerson/airflow_venv/lib/python3.10/site-packages/airflow/example_dags/tutorial_dag.py took 0.043 seconds
[2024-08-26T15:49:21.317-0700] {processor.py:186} INFO - Started process (PID=19696) to work on /home/jerson/airflow_venv/lib/python3.10/site-packages/airflow/example_dags/tutorial_dag.py
[2024-08-26T15:49:21.318-0700] {processor.py:914} INFO - Processing file /home/jerson/airflow_venv/lib/python3.10/site-packages/airflow/example_dags/tutorial_dag.py for tasks to queue
[2024-08-26T15:49:21.318-0700] {logging_mixin.py:190} INFO - [2024-08-26T15:49:21.318-0700] {dagbag.py:587} INFO - Filling up the DagBag from /home/jerson/airflow_venv/lib/python3.10/site-packages/airflow/example_dags/tutorial_dag.py
[2024-08-26T15:49:21.323-0700] {processor.py:925} INFO - DAG(s) 'tutorial_dag' retrieved from /home/jerson/airflow_venv/lib/python3.10/site-packages/airflow/example_dags/tutorial_dag.py
[2024-08-26T15:49:21.331-0700] {logging_mixin.py:190} INFO - [2024-08-26T15:49:21.331-0700] {dag.py:3211} INFO - Sync 1 DAGs
[2024-08-26T15:49:21.339-0700] {logging_mixin.py:190} INFO - [2024-08-26T15:49:21.338-0700] {dag.py:4138} INFO - Setting next_dagrun for tutorial_dag to None, run_after=None
[2024-08-26T15:49:21.358-0700] {processor.py:208} INFO - Processing /home/jerson/airflow_venv/lib/python3.10/site-packages/airflow/example_dags/tutorial_dag.py took 0.045 seconds
[2024-08-26T15:50:11.111-0700] {processor.py:186} INFO - Started process (PID=20251) to work on /home/jerson/airflow_venv/lib/python3.10/site-packages/airflow/example_dags/tutorial_dag.py
[2024-08-26T15:50:11.112-0700] {processor.py:914} INFO - Processing file /home/jerson/airflow_venv/lib/python3.10/site-packages/airflow/example_dags/tutorial_dag.py for tasks to queue
[2024-08-26T15:50:11.113-0700] {logging_mixin.py:190} INFO - [2024-08-26T15:50:11.112-0700] {dagbag.py:587} INFO - Filling up the DagBag from /home/jerson/airflow_venv/lib/python3.10/site-packages/airflow/example_dags/tutorial_dag.py
[2024-08-26T15:50:11.118-0700] {processor.py:925} INFO - DAG(s) 'tutorial_dag' retrieved from /home/jerson/airflow_venv/lib/python3.10/site-packages/airflow/example_dags/tutorial_dag.py
[2024-08-26T15:50:11.131-0700] {logging_mixin.py:190} INFO - [2024-08-26T15:50:11.130-0700] {dag.py:3211} INFO - Sync 1 DAGs
[2024-08-26T15:50:11.138-0700] {logging_mixin.py:190} INFO - [2024-08-26T15:50:11.138-0700] {dag.py:4138} INFO - Setting next_dagrun for tutorial_dag to None, run_after=None
[2024-08-26T15:50:11.155-0700] {processor.py:208} INFO - Processing /home/jerson/airflow_venv/lib/python3.10/site-packages/airflow/example_dags/tutorial_dag.py took 0.050 seconds
[2024-08-26T15:50:23.009-0700] {processor.py:186} INFO - Started process (PID=20411) to work on /home/jerson/airflow_venv/lib/python3.10/site-packages/airflow/example_dags/tutorial_dag.py
[2024-08-26T15:50:23.009-0700] {processor.py:914} INFO - Processing file /home/jerson/airflow_venv/lib/python3.10/site-packages/airflow/example_dags/tutorial_dag.py for tasks to queue
[2024-08-26T15:50:23.011-0700] {logging_mixin.py:190} INFO - [2024-08-26T15:50:23.010-0700] {dagbag.py:587} INFO - Filling up the DagBag from /home/jerson/airflow_venv/lib/python3.10/site-packages/airflow/example_dags/tutorial_dag.py
[2024-08-26T15:50:23.015-0700] {processor.py:925} INFO - DAG(s) 'tutorial_dag' retrieved from /home/jerson/airflow_venv/lib/python3.10/site-packages/airflow/example_dags/tutorial_dag.py
[2024-08-26T15:50:23.025-0700] {logging_mixin.py:190} INFO - [2024-08-26T15:50:23.025-0700] {dag.py:3211} INFO - Sync 1 DAGs
[2024-08-26T15:50:23.032-0700] {logging_mixin.py:190} INFO - [2024-08-26T15:50:23.032-0700] {dag.py:4138} INFO - Setting next_dagrun for tutorial_dag to None, run_after=None
[2024-08-26T15:50:23.050-0700] {processor.py:208} INFO - Processing /home/jerson/airflow_venv/lib/python3.10/site-packages/airflow/example_dags/tutorial_dag.py took 0.044 seconds
[2024-08-26T15:50:58.483-0700] {processor.py:186} INFO - Started process (PID=20833) to work on /home/jerson/airflow_venv/lib/python3.10/site-packages/airflow/example_dags/tutorial_dag.py
[2024-08-26T15:50:58.483-0700] {processor.py:914} INFO - Processing file /home/jerson/airflow_venv/lib/python3.10/site-packages/airflow/example_dags/tutorial_dag.py for tasks to queue
[2024-08-26T15:50:58.484-0700] {logging_mixin.py:190} INFO - [2024-08-26T15:50:58.484-0700] {dagbag.py:587} INFO - Filling up the DagBag from /home/jerson/airflow_venv/lib/python3.10/site-packages/airflow/example_dags/tutorial_dag.py
[2024-08-26T15:50:58.488-0700] {processor.py:925} INFO - DAG(s) 'tutorial_dag' retrieved from /home/jerson/airflow_venv/lib/python3.10/site-packages/airflow/example_dags/tutorial_dag.py
[2024-08-26T15:50:58.498-0700] {logging_mixin.py:190} INFO - [2024-08-26T15:50:58.497-0700] {dag.py:3211} INFO - Sync 1 DAGs
[2024-08-26T15:50:58.505-0700] {logging_mixin.py:190} INFO - [2024-08-26T15:50:58.505-0700] {dag.py:4138} INFO - Setting next_dagrun for tutorial_dag to None, run_after=None
[2024-08-26T15:50:58.523-0700] {processor.py:208} INFO - Processing /home/jerson/airflow_venv/lib/python3.10/site-packages/airflow/example_dags/tutorial_dag.py took 0.045 seconds
[2024-08-26T15:51:18.077-0700] {processor.py:186} INFO - Started process (PID=21038) to work on /home/jerson/airflow_venv/lib/python3.10/site-packages/airflow/example_dags/tutorial_dag.py
[2024-08-26T15:51:18.077-0700] {processor.py:914} INFO - Processing file /home/jerson/airflow_venv/lib/python3.10/site-packages/airflow/example_dags/tutorial_dag.py for tasks to queue
[2024-08-26T15:51:18.078-0700] {logging_mixin.py:190} INFO - [2024-08-26T15:51:18.078-0700] {dagbag.py:587} INFO - Filling up the DagBag from /home/jerson/airflow_venv/lib/python3.10/site-packages/airflow/example_dags/tutorial_dag.py
[2024-08-26T15:51:18.083-0700] {processor.py:925} INFO - DAG(s) 'tutorial_dag' retrieved from /home/jerson/airflow_venv/lib/python3.10/site-packages/airflow/example_dags/tutorial_dag.py
[2024-08-26T15:51:18.093-0700] {logging_mixin.py:190} INFO - [2024-08-26T15:51:18.092-0700] {dag.py:3211} INFO - Sync 1 DAGs
[2024-08-26T15:51:18.100-0700] {logging_mixin.py:190} INFO - [2024-08-26T15:51:18.100-0700] {dag.py:4138} INFO - Setting next_dagrun for tutorial_dag to None, run_after=None
[2024-08-26T15:51:18.115-0700] {processor.py:208} INFO - Processing /home/jerson/airflow_venv/lib/python3.10/site-packages/airflow/example_dags/tutorial_dag.py took 0.042 seconds
[2024-08-26T15:52:10.900-0700] {processor.py:186} INFO - Started process (PID=21600) to work on /home/jerson/airflow_venv/lib/python3.10/site-packages/airflow/example_dags/tutorial_dag.py
[2024-08-26T15:52:10.901-0700] {processor.py:914} INFO - Processing file /home/jerson/airflow_venv/lib/python3.10/site-packages/airflow/example_dags/tutorial_dag.py for tasks to queue
[2024-08-26T15:52:10.903-0700] {logging_mixin.py:190} INFO - [2024-08-26T15:52:10.902-0700] {dagbag.py:587} INFO - Filling up the DagBag from /home/jerson/airflow_venv/lib/python3.10/site-packages/airflow/example_dags/tutorial_dag.py
[2024-08-26T15:52:10.906-0700] {processor.py:925} INFO - DAG(s) 'tutorial_dag' retrieved from /home/jerson/airflow_venv/lib/python3.10/site-packages/airflow/example_dags/tutorial_dag.py
[2024-08-26T15:52:10.915-0700] {logging_mixin.py:190} INFO - [2024-08-26T15:52:10.915-0700] {dag.py:3211} INFO - Sync 1 DAGs
[2024-08-26T15:52:10.921-0700] {logging_mixin.py:190} INFO - [2024-08-26T15:52:10.921-0700] {dag.py:4138} INFO - Setting next_dagrun for tutorial_dag to None, run_after=None
[2024-08-26T15:52:10.938-0700] {processor.py:208} INFO - Processing /home/jerson/airflow_venv/lib/python3.10/site-packages/airflow/example_dags/tutorial_dag.py took 0.040 seconds
[2024-08-26T15:53:02.852-0700] {processor.py:186} INFO - Started process (PID=22077) to work on /home/jerson/airflow_venv/lib/python3.10/site-packages/airflow/example_dags/tutorial_dag.py
[2024-08-26T15:53:02.853-0700] {processor.py:914} INFO - Processing file /home/jerson/airflow_venv/lib/python3.10/site-packages/airflow/example_dags/tutorial_dag.py for tasks to queue
[2024-08-26T15:53:02.854-0700] {logging_mixin.py:190} INFO - [2024-08-26T15:53:02.854-0700] {dagbag.py:587} INFO - Filling up the DagBag from /home/jerson/airflow_venv/lib/python3.10/site-packages/airflow/example_dags/tutorial_dag.py
[2024-08-26T15:53:02.858-0700] {processor.py:925} INFO - DAG(s) 'tutorial_dag' retrieved from /home/jerson/airflow_venv/lib/python3.10/site-packages/airflow/example_dags/tutorial_dag.py
[2024-08-26T15:53:02.867-0700] {logging_mixin.py:190} INFO - [2024-08-26T15:53:02.866-0700] {dag.py:3211} INFO - Sync 1 DAGs
[2024-08-26T15:53:02.873-0700] {logging_mixin.py:190} INFO - [2024-08-26T15:53:02.873-0700] {dag.py:4138} INFO - Setting next_dagrun for tutorial_dag to None, run_after=None
[2024-08-26T15:53:02.888-0700] {processor.py:208} INFO - Processing /home/jerson/airflow_venv/lib/python3.10/site-packages/airflow/example_dags/tutorial_dag.py took 0.039 seconds
[2024-08-26T15:54:14.924-0700] {processor.py:186} INFO - Started process (PID=22789) to work on /home/jerson/airflow_venv/lib/python3.10/site-packages/airflow/example_dags/tutorial_dag.py
[2024-08-26T15:54:14.925-0700] {processor.py:914} INFO - Processing file /home/jerson/airflow_venv/lib/python3.10/site-packages/airflow/example_dags/tutorial_dag.py for tasks to queue
[2024-08-26T15:54:14.926-0700] {logging_mixin.py:190} INFO - [2024-08-26T15:54:14.926-0700] {dagbag.py:587} INFO - Filling up the DagBag from /home/jerson/airflow_venv/lib/python3.10/site-packages/airflow/example_dags/tutorial_dag.py
[2024-08-26T15:54:14.930-0700] {processor.py:925} INFO - DAG(s) 'tutorial_dag' retrieved from /home/jerson/airflow_venv/lib/python3.10/site-packages/airflow/example_dags/tutorial_dag.py
[2024-08-26T15:54:14.942-0700] {logging_mixin.py:190} INFO - [2024-08-26T15:54:14.942-0700] {dag.py:3211} INFO - Sync 1 DAGs
[2024-08-26T15:54:14.949-0700] {logging_mixin.py:190} INFO - [2024-08-26T15:54:14.949-0700] {dag.py:4138} INFO - Setting next_dagrun for tutorial_dag to None, run_after=None
[2024-08-26T15:54:14.966-0700] {processor.py:208} INFO - Processing /home/jerson/airflow_venv/lib/python3.10/site-packages/airflow/example_dags/tutorial_dag.py took 0.046 seconds
[2024-08-26T15:55:29.632-0700] {processor.py:186} INFO - Started process (PID=23460) to work on /home/jerson/airflow_venv/lib/python3.10/site-packages/airflow/example_dags/tutorial_dag.py
[2024-08-26T15:55:29.633-0700] {processor.py:914} INFO - Processing file /home/jerson/airflow_venv/lib/python3.10/site-packages/airflow/example_dags/tutorial_dag.py for tasks to queue
[2024-08-26T15:55:29.635-0700] {logging_mixin.py:190} INFO - [2024-08-26T15:55:29.635-0700] {dagbag.py:587} INFO - Filling up the DagBag from /home/jerson/airflow_venv/lib/python3.10/site-packages/airflow/example_dags/tutorial_dag.py
[2024-08-26T15:55:29.639-0700] {processor.py:925} INFO - DAG(s) 'tutorial_dag' retrieved from /home/jerson/airflow_venv/lib/python3.10/site-packages/airflow/example_dags/tutorial_dag.py
[2024-08-26T15:55:29.648-0700] {logging_mixin.py:190} INFO - [2024-08-26T15:55:29.648-0700] {dag.py:3211} INFO - Sync 1 DAGs
[2024-08-26T15:55:29.655-0700] {logging_mixin.py:190} INFO - [2024-08-26T15:55:29.655-0700] {dag.py:4138} INFO - Setting next_dagrun for tutorial_dag to None, run_after=None
[2024-08-26T15:55:29.669-0700] {processor.py:208} INFO - Processing /home/jerson/airflow_venv/lib/python3.10/site-packages/airflow/example_dags/tutorial_dag.py took 0.040 seconds
[2024-08-26T15:56:24.690-0700] {processor.py:186} INFO - Started process (PID=24068) to work on /home/jerson/airflow_venv/lib/python3.10/site-packages/airflow/example_dags/tutorial_dag.py
[2024-08-26T15:56:24.691-0700] {processor.py:914} INFO - Processing file /home/jerson/airflow_venv/lib/python3.10/site-packages/airflow/example_dags/tutorial_dag.py for tasks to queue
[2024-08-26T15:56:24.692-0700] {logging_mixin.py:190} INFO - [2024-08-26T15:56:24.692-0700] {dagbag.py:587} INFO - Filling up the DagBag from /home/jerson/airflow_venv/lib/python3.10/site-packages/airflow/example_dags/tutorial_dag.py
[2024-08-26T15:56:24.696-0700] {processor.py:925} INFO - DAG(s) 'tutorial_dag' retrieved from /home/jerson/airflow_venv/lib/python3.10/site-packages/airflow/example_dags/tutorial_dag.py
[2024-08-26T15:56:24.704-0700] {logging_mixin.py:190} INFO - [2024-08-26T15:56:24.704-0700] {dag.py:3211} INFO - Sync 1 DAGs
[2024-08-26T15:56:24.712-0700] {logging_mixin.py:190} INFO - [2024-08-26T15:56:24.712-0700] {dag.py:4138} INFO - Setting next_dagrun for tutorial_dag to None, run_after=None
[2024-08-26T15:56:24.729-0700] {processor.py:208} INFO - Processing /home/jerson/airflow_venv/lib/python3.10/site-packages/airflow/example_dags/tutorial_dag.py took 0.042 seconds
[2024-08-26T15:57:24.111-0700] {processor.py:186} INFO - Started process (PID=24929) to work on /home/jerson/airflow_venv/lib/python3.10/site-packages/airflow/example_dags/tutorial_dag.py
[2024-08-26T15:57:24.112-0700] {processor.py:914} INFO - Processing file /home/jerson/airflow_venv/lib/python3.10/site-packages/airflow/example_dags/tutorial_dag.py for tasks to queue
[2024-08-26T15:57:24.115-0700] {logging_mixin.py:190} INFO - [2024-08-26T15:57:24.114-0700] {dagbag.py:587} INFO - Filling up the DagBag from /home/jerson/airflow_venv/lib/python3.10/site-packages/airflow/example_dags/tutorial_dag.py
[2024-08-26T15:57:24.120-0700] {processor.py:925} INFO - DAG(s) 'tutorial_dag' retrieved from /home/jerson/airflow_venv/lib/python3.10/site-packages/airflow/example_dags/tutorial_dag.py
[2024-08-26T15:57:24.132-0700] {logging_mixin.py:190} INFO - [2024-08-26T15:57:24.132-0700] {dag.py:3211} INFO - Sync 1 DAGs
[2024-08-26T15:57:24.140-0700] {logging_mixin.py:190} INFO - [2024-08-26T15:57:24.140-0700] {dag.py:4138} INFO - Setting next_dagrun for tutorial_dag to None, run_after=None
[2024-08-26T15:57:24.158-0700] {processor.py:208} INFO - Processing /home/jerson/airflow_venv/lib/python3.10/site-packages/airflow/example_dags/tutorial_dag.py took 0.051 seconds
[2024-08-26T15:58:19.903-0700] {processor.py:186} INFO - Started process (PID=25369) to work on /home/jerson/airflow_venv/lib/python3.10/site-packages/airflow/example_dags/tutorial_dag.py
[2024-08-26T15:58:19.904-0700] {processor.py:914} INFO - Processing file /home/jerson/airflow_venv/lib/python3.10/site-packages/airflow/example_dags/tutorial_dag.py for tasks to queue
[2024-08-26T15:58:19.905-0700] {logging_mixin.py:190} INFO - [2024-08-26T15:58:19.905-0700] {dagbag.py:587} INFO - Filling up the DagBag from /home/jerson/airflow_venv/lib/python3.10/site-packages/airflow/example_dags/tutorial_dag.py
[2024-08-26T15:58:19.909-0700] {processor.py:925} INFO - DAG(s) 'tutorial_dag' retrieved from /home/jerson/airflow_venv/lib/python3.10/site-packages/airflow/example_dags/tutorial_dag.py
[2024-08-26T15:58:19.917-0700] {logging_mixin.py:190} INFO - [2024-08-26T15:58:19.917-0700] {dag.py:3211} INFO - Sync 1 DAGs
[2024-08-26T15:58:19.924-0700] {logging_mixin.py:190} INFO - [2024-08-26T15:58:19.924-0700] {dag.py:4138} INFO - Setting next_dagrun for tutorial_dag to None, run_after=None
[2024-08-26T15:58:19.941-0700] {processor.py:208} INFO - Processing /home/jerson/airflow_venv/lib/python3.10/site-packages/airflow/example_dags/tutorial_dag.py took 0.041 seconds
[2024-08-26T15:59:09.481-0700] {processor.py:186} INFO - Started process (PID=25764) to work on /home/jerson/airflow_venv/lib/python3.10/site-packages/airflow/example_dags/tutorial_dag.py
[2024-08-26T15:59:09.482-0700] {processor.py:914} INFO - Processing file /home/jerson/airflow_venv/lib/python3.10/site-packages/airflow/example_dags/tutorial_dag.py for tasks to queue
[2024-08-26T15:59:09.484-0700] {logging_mixin.py:190} INFO - [2024-08-26T15:59:09.483-0700] {dagbag.py:587} INFO - Filling up the DagBag from /home/jerson/airflow_venv/lib/python3.10/site-packages/airflow/example_dags/tutorial_dag.py
[2024-08-26T15:59:09.488-0700] {processor.py:925} INFO - DAG(s) 'tutorial_dag' retrieved from /home/jerson/airflow_venv/lib/python3.10/site-packages/airflow/example_dags/tutorial_dag.py
[2024-08-26T15:59:09.496-0700] {logging_mixin.py:190} INFO - [2024-08-26T15:59:09.496-0700] {dag.py:3211} INFO - Sync 1 DAGs
[2024-08-26T15:59:09.503-0700] {logging_mixin.py:190} INFO - [2024-08-26T15:59:09.503-0700] {dag.py:4138} INFO - Setting next_dagrun for tutorial_dag to None, run_after=None
[2024-08-26T15:59:09.517-0700] {processor.py:208} INFO - Processing /home/jerson/airflow_venv/lib/python3.10/site-packages/airflow/example_dags/tutorial_dag.py took 0.039 seconds
[2024-08-26T15:59:59.447-0700] {processor.py:186} INFO - Started process (PID=26162) to work on /home/jerson/airflow_venv/lib/python3.10/site-packages/airflow/example_dags/tutorial_dag.py
[2024-08-26T15:59:59.448-0700] {processor.py:914} INFO - Processing file /home/jerson/airflow_venv/lib/python3.10/site-packages/airflow/example_dags/tutorial_dag.py for tasks to queue
[2024-08-26T15:59:59.449-0700] {logging_mixin.py:190} INFO - [2024-08-26T15:59:59.449-0700] {dagbag.py:587} INFO - Filling up the DagBag from /home/jerson/airflow_venv/lib/python3.10/site-packages/airflow/example_dags/tutorial_dag.py
[2024-08-26T15:59:59.453-0700] {processor.py:925} INFO - DAG(s) 'tutorial_dag' retrieved from /home/jerson/airflow_venv/lib/python3.10/site-packages/airflow/example_dags/tutorial_dag.py
[2024-08-26T15:59:59.461-0700] {logging_mixin.py:190} INFO - [2024-08-26T15:59:59.461-0700] {dag.py:3211} INFO - Sync 1 DAGs
[2024-08-26T15:59:59.468-0700] {logging_mixin.py:190} INFO - [2024-08-26T15:59:59.468-0700] {dag.py:4138} INFO - Setting next_dagrun for tutorial_dag to None, run_after=None
[2024-08-26T15:59:59.482-0700] {processor.py:208} INFO - Processing /home/jerson/airflow_venv/lib/python3.10/site-packages/airflow/example_dags/tutorial_dag.py took 0.038 seconds
[2024-08-26T16:00:46.652-0700] {processor.py:186} INFO - Started process (PID=26566) to work on /home/jerson/airflow_venv/lib/python3.10/site-packages/airflow/example_dags/tutorial_dag.py
[2024-08-26T16:00:46.653-0700] {processor.py:914} INFO - Processing file /home/jerson/airflow_venv/lib/python3.10/site-packages/airflow/example_dags/tutorial_dag.py for tasks to queue
[2024-08-26T16:00:46.654-0700] {logging_mixin.py:190} INFO - [2024-08-26T16:00:46.654-0700] {dagbag.py:587} INFO - Filling up the DagBag from /home/jerson/airflow_venv/lib/python3.10/site-packages/airflow/example_dags/tutorial_dag.py
[2024-08-26T16:00:46.659-0700] {processor.py:925} INFO - DAG(s) 'tutorial_dag' retrieved from /home/jerson/airflow_venv/lib/python3.10/site-packages/airflow/example_dags/tutorial_dag.py
[2024-08-26T16:00:46.667-0700] {logging_mixin.py:190} INFO - [2024-08-26T16:00:46.667-0700] {dag.py:3211} INFO - Sync 1 DAGs
[2024-08-26T16:00:46.673-0700] {logging_mixin.py:190} INFO - [2024-08-26T16:00:46.673-0700] {dag.py:4138} INFO - Setting next_dagrun for tutorial_dag to None, run_after=None
[2024-08-26T16:00:46.689-0700] {processor.py:208} INFO - Processing /home/jerson/airflow_venv/lib/python3.10/site-packages/airflow/example_dags/tutorial_dag.py took 0.040 seconds
[2024-08-26T16:01:33.977-0700] {processor.py:186} INFO - Started process (PID=26948) to work on /home/jerson/airflow_venv/lib/python3.10/site-packages/airflow/example_dags/tutorial_dag.py
[2024-08-26T16:01:33.978-0700] {processor.py:914} INFO - Processing file /home/jerson/airflow_venv/lib/python3.10/site-packages/airflow/example_dags/tutorial_dag.py for tasks to queue
[2024-08-26T16:01:33.979-0700] {logging_mixin.py:190} INFO - [2024-08-26T16:01:33.979-0700] {dagbag.py:587} INFO - Filling up the DagBag from /home/jerson/airflow_venv/lib/python3.10/site-packages/airflow/example_dags/tutorial_dag.py
[2024-08-26T16:01:33.983-0700] {processor.py:925} INFO - DAG(s) 'tutorial_dag' retrieved from /home/jerson/airflow_venv/lib/python3.10/site-packages/airflow/example_dags/tutorial_dag.py
[2024-08-26T16:01:33.992-0700] {logging_mixin.py:190} INFO - [2024-08-26T16:01:33.992-0700] {dag.py:3211} INFO - Sync 1 DAGs
[2024-08-26T16:01:33.999-0700] {logging_mixin.py:190} INFO - [2024-08-26T16:01:33.999-0700] {dag.py:4138} INFO - Setting next_dagrun for tutorial_dag to None, run_after=None
[2024-08-26T16:01:34.017-0700] {processor.py:208} INFO - Processing /home/jerson/airflow_venv/lib/python3.10/site-packages/airflow/example_dags/tutorial_dag.py took 0.043 seconds
[2024-08-26T16:02:25.446-0700] {processor.py:186} INFO - Started process (PID=27354) to work on /home/jerson/airflow_venv/lib/python3.10/site-packages/airflow/example_dags/tutorial_dag.py
[2024-08-26T16:02:25.447-0700] {processor.py:914} INFO - Processing file /home/jerson/airflow_venv/lib/python3.10/site-packages/airflow/example_dags/tutorial_dag.py for tasks to queue
[2024-08-26T16:02:25.448-0700] {logging_mixin.py:190} INFO - [2024-08-26T16:02:25.448-0700] {dagbag.py:587} INFO - Filling up the DagBag from /home/jerson/airflow_venv/lib/python3.10/site-packages/airflow/example_dags/tutorial_dag.py
[2024-08-26T16:02:25.452-0700] {processor.py:925} INFO - DAG(s) 'tutorial_dag' retrieved from /home/jerson/airflow_venv/lib/python3.10/site-packages/airflow/example_dags/tutorial_dag.py
[2024-08-26T16:02:25.461-0700] {logging_mixin.py:190} INFO - [2024-08-26T16:02:25.461-0700] {dag.py:3211} INFO - Sync 1 DAGs
[2024-08-26T16:02:25.469-0700] {logging_mixin.py:190} INFO - [2024-08-26T16:02:25.468-0700] {dag.py:4138} INFO - Setting next_dagrun for tutorial_dag to None, run_after=None
[2024-08-26T16:02:25.493-0700] {processor.py:208} INFO - Processing /home/jerson/airflow_venv/lib/python3.10/site-packages/airflow/example_dags/tutorial_dag.py took 0.051 seconds
[2024-08-26T16:03:13.329-0700] {processor.py:186} INFO - Started process (PID=27739) to work on /home/jerson/airflow_venv/lib/python3.10/site-packages/airflow/example_dags/tutorial_dag.py
[2024-08-26T16:03:13.331-0700] {processor.py:914} INFO - Processing file /home/jerson/airflow_venv/lib/python3.10/site-packages/airflow/example_dags/tutorial_dag.py for tasks to queue
[2024-08-26T16:03:13.332-0700] {logging_mixin.py:190} INFO - [2024-08-26T16:03:13.332-0700] {dagbag.py:587} INFO - Filling up the DagBag from /home/jerson/airflow_venv/lib/python3.10/site-packages/airflow/example_dags/tutorial_dag.py
[2024-08-26T16:03:13.336-0700] {processor.py:925} INFO - DAG(s) 'tutorial_dag' retrieved from /home/jerson/airflow_venv/lib/python3.10/site-packages/airflow/example_dags/tutorial_dag.py
[2024-08-26T16:03:13.345-0700] {logging_mixin.py:190} INFO - [2024-08-26T16:03:13.345-0700] {dag.py:3211} INFO - Sync 1 DAGs
[2024-08-26T16:03:13.352-0700] {logging_mixin.py:190} INFO - [2024-08-26T16:03:13.352-0700] {dag.py:4138} INFO - Setting next_dagrun for tutorial_dag to None, run_after=None
[2024-08-26T16:03:13.368-0700] {processor.py:208} INFO - Processing /home/jerson/airflow_venv/lib/python3.10/site-packages/airflow/example_dags/tutorial_dag.py took 0.043 seconds
[2024-08-26T16:04:02.991-0700] {processor.py:186} INFO - Started process (PID=28130) to work on /home/jerson/airflow_venv/lib/python3.10/site-packages/airflow/example_dags/tutorial_dag.py
[2024-08-26T16:04:02.992-0700] {processor.py:914} INFO - Processing file /home/jerson/airflow_venv/lib/python3.10/site-packages/airflow/example_dags/tutorial_dag.py for tasks to queue
[2024-08-26T16:04:02.993-0700] {logging_mixin.py:190} INFO - [2024-08-26T16:04:02.993-0700] {dagbag.py:587} INFO - Filling up the DagBag from /home/jerson/airflow_venv/lib/python3.10/site-packages/airflow/example_dags/tutorial_dag.py
[2024-08-26T16:04:02.997-0700] {processor.py:925} INFO - DAG(s) 'tutorial_dag' retrieved from /home/jerson/airflow_venv/lib/python3.10/site-packages/airflow/example_dags/tutorial_dag.py
[2024-08-26T16:04:03.006-0700] {logging_mixin.py:190} INFO - [2024-08-26T16:04:03.006-0700] {dag.py:3211} INFO - Sync 1 DAGs
[2024-08-26T16:04:03.013-0700] {logging_mixin.py:190} INFO - [2024-08-26T16:04:03.013-0700] {dag.py:4138} INFO - Setting next_dagrun for tutorial_dag to None, run_after=None
[2024-08-26T16:04:03.028-0700] {processor.py:208} INFO - Processing /home/jerson/airflow_venv/lib/python3.10/site-packages/airflow/example_dags/tutorial_dag.py took 0.040 seconds
[2024-08-26T16:04:53.344-0700] {processor.py:186} INFO - Started process (PID=28532) to work on /home/jerson/airflow_venv/lib/python3.10/site-packages/airflow/example_dags/tutorial_dag.py
[2024-08-26T16:04:53.345-0700] {processor.py:914} INFO - Processing file /home/jerson/airflow_venv/lib/python3.10/site-packages/airflow/example_dags/tutorial_dag.py for tasks to queue
[2024-08-26T16:04:53.346-0700] {logging_mixin.py:190} INFO - [2024-08-26T16:04:53.346-0700] {dagbag.py:587} INFO - Filling up the DagBag from /home/jerson/airflow_venv/lib/python3.10/site-packages/airflow/example_dags/tutorial_dag.py
[2024-08-26T16:04:53.350-0700] {processor.py:925} INFO - DAG(s) 'tutorial_dag' retrieved from /home/jerson/airflow_venv/lib/python3.10/site-packages/airflow/example_dags/tutorial_dag.py
[2024-08-26T16:04:53.359-0700] {logging_mixin.py:190} INFO - [2024-08-26T16:04:53.359-0700] {dag.py:3211} INFO - Sync 1 DAGs
[2024-08-26T16:04:53.366-0700] {logging_mixin.py:190} INFO - [2024-08-26T16:04:53.366-0700] {dag.py:4138} INFO - Setting next_dagrun for tutorial_dag to None, run_after=None
[2024-08-26T16:04:53.381-0700] {processor.py:208} INFO - Processing /home/jerson/airflow_venv/lib/python3.10/site-packages/airflow/example_dags/tutorial_dag.py took 0.040 seconds
[2024-08-26T16:05:39.061-0700] {processor.py:186} INFO - Started process (PID=28932) to work on /home/jerson/airflow_venv/lib/python3.10/site-packages/airflow/example_dags/tutorial_dag.py
[2024-08-26T16:05:39.062-0700] {processor.py:914} INFO - Processing file /home/jerson/airflow_venv/lib/python3.10/site-packages/airflow/example_dags/tutorial_dag.py for tasks to queue
[2024-08-26T16:05:39.063-0700] {logging_mixin.py:190} INFO - [2024-08-26T16:05:39.063-0700] {dagbag.py:587} INFO - Filling up the DagBag from /home/jerson/airflow_venv/lib/python3.10/site-packages/airflow/example_dags/tutorial_dag.py
[2024-08-26T16:05:39.068-0700] {processor.py:925} INFO - DAG(s) 'tutorial_dag' retrieved from /home/jerson/airflow_venv/lib/python3.10/site-packages/airflow/example_dags/tutorial_dag.py
[2024-08-26T16:05:39.076-0700] {logging_mixin.py:190} INFO - [2024-08-26T16:05:39.076-0700] {dag.py:3211} INFO - Sync 1 DAGs
[2024-08-26T16:05:39.083-0700] {logging_mixin.py:190} INFO - [2024-08-26T16:05:39.083-0700] {dag.py:4138} INFO - Setting next_dagrun for tutorial_dag to None, run_after=None
[2024-08-26T16:05:39.099-0700] {processor.py:208} INFO - Processing /home/jerson/airflow_venv/lib/python3.10/site-packages/airflow/example_dags/tutorial_dag.py took 0.041 seconds
[2024-08-26T16:06:27.863-0700] {processor.py:186} INFO - Started process (PID=29320) to work on /home/jerson/airflow_venv/lib/python3.10/site-packages/airflow/example_dags/tutorial_dag.py
[2024-08-26T16:06:27.864-0700] {processor.py:914} INFO - Processing file /home/jerson/airflow_venv/lib/python3.10/site-packages/airflow/example_dags/tutorial_dag.py for tasks to queue
[2024-08-26T16:06:27.865-0700] {logging_mixin.py:190} INFO - [2024-08-26T16:06:27.865-0700] {dagbag.py:587} INFO - Filling up the DagBag from /home/jerson/airflow_venv/lib/python3.10/site-packages/airflow/example_dags/tutorial_dag.py
[2024-08-26T16:06:27.870-0700] {processor.py:925} INFO - DAG(s) 'tutorial_dag' retrieved from /home/jerson/airflow_venv/lib/python3.10/site-packages/airflow/example_dags/tutorial_dag.py
[2024-08-26T16:06:27.878-0700] {logging_mixin.py:190} INFO - [2024-08-26T16:06:27.878-0700] {dag.py:3211} INFO - Sync 1 DAGs
[2024-08-26T16:06:27.886-0700] {logging_mixin.py:190} INFO - [2024-08-26T16:06:27.885-0700] {dag.py:4138} INFO - Setting next_dagrun for tutorial_dag to None, run_after=None
[2024-08-26T16:06:27.901-0700] {processor.py:208} INFO - Processing /home/jerson/airflow_venv/lib/python3.10/site-packages/airflow/example_dags/tutorial_dag.py took 0.041 seconds
[2024-08-26T16:07:15.153-0700] {processor.py:186} INFO - Started process (PID=29695) to work on /home/jerson/airflow_venv/lib/python3.10/site-packages/airflow/example_dags/tutorial_dag.py
[2024-08-26T16:07:15.154-0700] {processor.py:914} INFO - Processing file /home/jerson/airflow_venv/lib/python3.10/site-packages/airflow/example_dags/tutorial_dag.py for tasks to queue
[2024-08-26T16:07:15.155-0700] {logging_mixin.py:190} INFO - [2024-08-26T16:07:15.155-0700] {dagbag.py:587} INFO - Filling up the DagBag from /home/jerson/airflow_venv/lib/python3.10/site-packages/airflow/example_dags/tutorial_dag.py
[2024-08-26T16:07:15.160-0700] {processor.py:925} INFO - DAG(s) 'tutorial_dag' retrieved from /home/jerson/airflow_venv/lib/python3.10/site-packages/airflow/example_dags/tutorial_dag.py
[2024-08-26T16:07:15.170-0700] {logging_mixin.py:190} INFO - [2024-08-26T16:07:15.170-0700] {dag.py:3211} INFO - Sync 1 DAGs
[2024-08-26T16:07:15.178-0700] {logging_mixin.py:190} INFO - [2024-08-26T16:07:15.178-0700] {dag.py:4138} INFO - Setting next_dagrun for tutorial_dag to None, run_after=None
[2024-08-26T16:07:15.198-0700] {processor.py:208} INFO - Processing /home/jerson/airflow_venv/lib/python3.10/site-packages/airflow/example_dags/tutorial_dag.py took 0.049 seconds
[2024-08-26T16:08:24.277-0700] {processor.py:186} INFO - Started process (PID=30235) to work on /home/jerson/airflow_venv/lib/python3.10/site-packages/airflow/example_dags/tutorial_dag.py
[2024-08-26T16:08:24.282-0700] {processor.py:914} INFO - Processing file /home/jerson/airflow_venv/lib/python3.10/site-packages/airflow/example_dags/tutorial_dag.py for tasks to queue
[2024-08-26T16:08:24.283-0700] {logging_mixin.py:190} INFO - [2024-08-26T16:08:24.283-0700] {dagbag.py:587} INFO - Filling up the DagBag from /home/jerson/airflow_venv/lib/python3.10/site-packages/airflow/example_dags/tutorial_dag.py
[2024-08-26T16:08:24.287-0700] {processor.py:925} INFO - DAG(s) 'tutorial_dag' retrieved from /home/jerson/airflow_venv/lib/python3.10/site-packages/airflow/example_dags/tutorial_dag.py
[2024-08-26T16:08:24.295-0700] {logging_mixin.py:190} INFO - [2024-08-26T16:08:24.295-0700] {dag.py:3211} INFO - Sync 1 DAGs
[2024-08-26T16:08:24.302-0700] {logging_mixin.py:190} INFO - [2024-08-26T16:08:24.302-0700] {dag.py:4138} INFO - Setting next_dagrun for tutorial_dag to None, run_after=None
[2024-08-26T16:08:24.319-0700] {processor.py:208} INFO - Processing /home/jerson/airflow_venv/lib/python3.10/site-packages/airflow/example_dags/tutorial_dag.py took 0.045 seconds
[2024-08-26T16:09:14.570-0700] {processor.py:186} INFO - Started process (PID=30637) to work on /home/jerson/airflow_venv/lib/python3.10/site-packages/airflow/example_dags/tutorial_dag.py
[2024-08-26T16:09:14.571-0700] {processor.py:914} INFO - Processing file /home/jerson/airflow_venv/lib/python3.10/site-packages/airflow/example_dags/tutorial_dag.py for tasks to queue
[2024-08-26T16:09:14.572-0700] {logging_mixin.py:190} INFO - [2024-08-26T16:09:14.572-0700] {dagbag.py:587} INFO - Filling up the DagBag from /home/jerson/airflow_venv/lib/python3.10/site-packages/airflow/example_dags/tutorial_dag.py
[2024-08-26T16:09:14.577-0700] {processor.py:925} INFO - DAG(s) 'tutorial_dag' retrieved from /home/jerson/airflow_venv/lib/python3.10/site-packages/airflow/example_dags/tutorial_dag.py
[2024-08-26T16:09:14.585-0700] {logging_mixin.py:190} INFO - [2024-08-26T16:09:14.585-0700] {dag.py:3211} INFO - Sync 1 DAGs
[2024-08-26T16:09:14.592-0700] {logging_mixin.py:190} INFO - [2024-08-26T16:09:14.592-0700] {dag.py:4138} INFO - Setting next_dagrun for tutorial_dag to None, run_after=None
[2024-08-26T16:09:14.606-0700] {processor.py:208} INFO - Processing /home/jerson/airflow_venv/lib/python3.10/site-packages/airflow/example_dags/tutorial_dag.py took 0.039 seconds
[2024-08-26T16:10:02.017-0700] {processor.py:186} INFO - Started process (PID=31013) to work on /home/jerson/airflow_venv/lib/python3.10/site-packages/airflow/example_dags/tutorial_dag.py
[2024-08-26T16:10:02.018-0700] {processor.py:914} INFO - Processing file /home/jerson/airflow_venv/lib/python3.10/site-packages/airflow/example_dags/tutorial_dag.py for tasks to queue
[2024-08-26T16:10:02.019-0700] {logging_mixin.py:190} INFO - [2024-08-26T16:10:02.018-0700] {dagbag.py:587} INFO - Filling up the DagBag from /home/jerson/airflow_venv/lib/python3.10/site-packages/airflow/example_dags/tutorial_dag.py
[2024-08-26T16:10:02.023-0700] {processor.py:925} INFO - DAG(s) 'tutorial_dag' retrieved from /home/jerson/airflow_venv/lib/python3.10/site-packages/airflow/example_dags/tutorial_dag.py
[2024-08-26T16:10:02.031-0700] {logging_mixin.py:190} INFO - [2024-08-26T16:10:02.031-0700] {dag.py:3211} INFO - Sync 1 DAGs
[2024-08-26T16:10:02.038-0700] {logging_mixin.py:190} INFO - [2024-08-26T16:10:02.038-0700] {dag.py:4138} INFO - Setting next_dagrun for tutorial_dag to None, run_after=None
[2024-08-26T16:10:02.053-0700] {processor.py:208} INFO - Processing /home/jerson/airflow_venv/lib/python3.10/site-packages/airflow/example_dags/tutorial_dag.py took 0.039 seconds
[2024-08-26T16:10:50.365-0700] {processor.py:186} INFO - Started process (PID=31425) to work on /home/jerson/airflow_venv/lib/python3.10/site-packages/airflow/example_dags/tutorial_dag.py
[2024-08-26T16:10:50.366-0700] {processor.py:914} INFO - Processing file /home/jerson/airflow_venv/lib/python3.10/site-packages/airflow/example_dags/tutorial_dag.py for tasks to queue
[2024-08-26T16:10:50.368-0700] {logging_mixin.py:190} INFO - [2024-08-26T16:10:50.367-0700] {dagbag.py:587} INFO - Filling up the DagBag from /home/jerson/airflow_venv/lib/python3.10/site-packages/airflow/example_dags/tutorial_dag.py
[2024-08-26T16:10:50.372-0700] {processor.py:925} INFO - DAG(s) 'tutorial_dag' retrieved from /home/jerson/airflow_venv/lib/python3.10/site-packages/airflow/example_dags/tutorial_dag.py
[2024-08-26T16:10:50.380-0700] {logging_mixin.py:190} INFO - [2024-08-26T16:10:50.380-0700] {dag.py:3211} INFO - Sync 1 DAGs
[2024-08-26T16:10:50.387-0700] {logging_mixin.py:190} INFO - [2024-08-26T16:10:50.387-0700] {dag.py:4138} INFO - Setting next_dagrun for tutorial_dag to None, run_after=None
[2024-08-26T16:10:50.401-0700] {processor.py:208} INFO - Processing /home/jerson/airflow_venv/lib/python3.10/site-packages/airflow/example_dags/tutorial_dag.py took 0.039 seconds
[2024-08-26T16:11:39.389-0700] {processor.py:186} INFO - Started process (PID=31816) to work on /home/jerson/airflow_venv/lib/python3.10/site-packages/airflow/example_dags/tutorial_dag.py
[2024-08-26T16:11:39.390-0700] {processor.py:914} INFO - Processing file /home/jerson/airflow_venv/lib/python3.10/site-packages/airflow/example_dags/tutorial_dag.py for tasks to queue
[2024-08-26T16:11:39.391-0700] {logging_mixin.py:190} INFO - [2024-08-26T16:11:39.391-0700] {dagbag.py:587} INFO - Filling up the DagBag from /home/jerson/airflow_venv/lib/python3.10/site-packages/airflow/example_dags/tutorial_dag.py
[2024-08-26T16:11:39.396-0700] {processor.py:925} INFO - DAG(s) 'tutorial_dag' retrieved from /home/jerson/airflow_venv/lib/python3.10/site-packages/airflow/example_dags/tutorial_dag.py
[2024-08-26T16:11:39.404-0700] {logging_mixin.py:190} INFO - [2024-08-26T16:11:39.404-0700] {dag.py:3211} INFO - Sync 1 DAGs
[2024-08-26T16:11:39.411-0700] {logging_mixin.py:190} INFO - [2024-08-26T16:11:39.411-0700] {dag.py:4138} INFO - Setting next_dagrun for tutorial_dag to None, run_after=None
[2024-08-26T16:11:39.426-0700] {processor.py:208} INFO - Processing /home/jerson/airflow_venv/lib/python3.10/site-packages/airflow/example_dags/tutorial_dag.py took 0.040 seconds
