[2024-08-26T15:57:03.250-0700] {local_task_job_runner.py:123} INFO - ::group::Pre task execution logs
[2024-08-26T15:57:03.257-0700] {taskinstance.py:2603} INFO - Dependencies all met for dep_context=non-requeueable deps ti=<TaskInstance: my-first-python-etl-dag.check manual__2024-08-26T22:46:12+00:00 [queued]>
[2024-08-26T15:57:03.261-0700] {taskinstance.py:2603} INFO - Dependencies all met for dep_context=requeueable deps ti=<TaskInstance: my-first-python-etl-dag.check manual__2024-08-26T22:46:12+00:00 [queued]>
[2024-08-26T15:57:03.261-0700] {taskinstance.py:2856} INFO - Starting attempt 1 of 2
[2024-08-26T15:57:03.276-0700] {taskinstance.py:2879} INFO - Executing <Task(PythonOperator): check> on 2024-08-26 22:46:12+00:00
[2024-08-26T15:57:03.278-0700] {standard_task_runner.py:72} INFO - Started process 24661 to run task
[2024-08-26T15:57:03.280-0700] {standard_task_runner.py:104} INFO - Running: ['airflow', 'tasks', 'run', 'my-first-python-etl-dag', 'check', 'manual__2024-08-26T22:46:12+00:00', '--job-id', '9', '--raw', '--subdir', '/home/jerson/airflow/dags', '--cfg-path', '/tmp/tmpnycymuwa']
[2024-08-26T15:57:03.280-0700] {standard_task_runner.py:105} INFO - Job 9: Subtask check
[2024-08-26T15:57:03.306-0700] {task_command.py:467} INFO - Running <TaskInstance: my-first-python-etl-dag.check manual__2024-08-26T22:46:12+00:00 [running]> on host PCJer.
[2024-08-26T15:57:03.348-0700] {taskinstance.py:3122} INFO - Exporting env vars: AIRFLOW_CTX_DAG_EMAIL='your email' AIRFLOW_CTX_DAG_OWNER='Your name' AIRFLOW_CTX_DAG_ID='my-first-python-etl-dag' AIRFLOW_CTX_TASK_ID='check' AIRFLOW_CTX_EXECUTION_DATE='2024-08-26T22:46:12+00:00' AIRFLOW_CTX_TRY_NUMBER='1' AIRFLOW_CTX_DAG_RUN_ID='manual__2024-08-26T22:46:12+00:00'
[2024-08-26T15:57:03.349-0700] {logging_mixin.py:190} INFO - Task instance is in running state
[2024-08-26T15:57:03.349-0700] {logging_mixin.py:190} INFO -  Previous state of the Task instance: queued
[2024-08-26T15:57:03.349-0700] {logging_mixin.py:190} INFO - Current task name:check state:running start_date:2024-08-26 22:57:03.257491+00:00
[2024-08-26T15:57:03.349-0700] {logging_mixin.py:190} INFO - Dag name:my-first-python-etl-dag and current dag run status:running
[2024-08-26T15:57:03.349-0700] {taskinstance.py:731} INFO - ::endgroup::
[2024-08-26T15:57:03.349-0700] {logging_mixin.py:190} INFO - Inside Check
[2024-08-26T15:57:03.350-0700] {logging_mixin.py:190} INFO - root,0,/root
[2024-08-26T15:57:03.350-0700] {logging_mixin.py:190} INFO - daemon,1,/usr/sbin
[2024-08-26T15:57:03.350-0700] {logging_mixin.py:190} INFO - bin,2,/bin
[2024-08-26T15:57:03.350-0700] {logging_mixin.py:190} INFO - sys,3,/dev
[2024-08-26T15:57:03.350-0700] {logging_mixin.py:190} INFO - sync,4,/bin
[2024-08-26T15:57:03.350-0700] {logging_mixin.py:190} INFO - games,5,/usr/games
[2024-08-26T15:57:03.350-0700] {logging_mixin.py:190} INFO - man,6,/var/cache/man
[2024-08-26T15:57:03.350-0700] {logging_mixin.py:190} INFO - lp,7,/var/spool/lpd
[2024-08-26T15:57:03.350-0700] {logging_mixin.py:190} INFO - mail,8,/var/mail
[2024-08-26T15:57:03.350-0700] {logging_mixin.py:190} INFO - news,9,/var/spool/news
[2024-08-26T15:57:03.350-0700] {logging_mixin.py:190} INFO - uucp,10,/var/spool/uucp
[2024-08-26T15:57:03.350-0700] {logging_mixin.py:190} INFO - proxy,13,/bin
[2024-08-26T15:57:03.350-0700] {logging_mixin.py:190} INFO - www-data,33,/var/www
[2024-08-26T15:57:03.351-0700] {logging_mixin.py:190} INFO - backup,34,/var/backups
[2024-08-26T15:57:03.351-0700] {logging_mixin.py:190} INFO - list,38,/var/list
[2024-08-26T15:57:03.351-0700] {logging_mixin.py:190} INFO - irc,39,/run/ircd
[2024-08-26T15:57:03.351-0700] {logging_mixin.py:190} INFO - gnats,41,/var/lib/gnats
[2024-08-26T15:57:03.351-0700] {logging_mixin.py:190} INFO - nobody,65534,/nonexistent
[2024-08-26T15:57:03.351-0700] {logging_mixin.py:190} INFO - systemd-network,100,/run/systemd
[2024-08-26T15:57:03.351-0700] {logging_mixin.py:190} INFO - systemd-resolve,101,/run/systemd
[2024-08-26T15:57:03.351-0700] {logging_mixin.py:190} INFO - messagebus,102,/nonexistent
[2024-08-26T15:57:03.351-0700] {logging_mixin.py:190} INFO - systemd-timesync,103,/run/systemd
[2024-08-26T15:57:03.351-0700] {logging_mixin.py:190} INFO - syslog,104,/home/syslog
[2024-08-26T15:57:03.351-0700] {logging_mixin.py:190} INFO - _apt,105,/nonexistent
[2024-08-26T15:57:03.351-0700] {logging_mixin.py:190} INFO - uuidd,106,/run/uuidd
[2024-08-26T15:57:03.351-0700] {logging_mixin.py:190} INFO - tcpdump,107,/nonexistent
[2024-08-26T15:57:03.351-0700] {logging_mixin.py:190} INFO - jerson,1000,/home/jerson
[2024-08-26T15:57:03.352-0700] {logging_mixin.py:190} INFO - postgres,108,/var/lib/postgresql
[2024-08-26T15:57:03.352-0700] {python.py:240} INFO - Done. Returned value was: None
[2024-08-26T15:57:03.354-0700] {taskinstance.py:340} INFO - ::group::Post task execution logs
[2024-08-26T15:57:03.354-0700] {taskinstance.py:352} INFO - Marking task as SUCCESS. dag_id=my-first-python-etl-dag, task_id=check, run_id=manual__2024-08-26T22:46:12+00:00, execution_date=20240826T224612, start_date=20240826T225703, end_date=20240826T225703
[2024-08-26T15:57:03.366-0700] {logging_mixin.py:190} INFO - Task instance in success state
[2024-08-26T15:57:03.367-0700] {logging_mixin.py:190} INFO -  Previous state of the Task instance: running
[2024-08-26T15:57:03.367-0700] {logging_mixin.py:190} INFO - Dag name:my-first-python-etl-dag queued_at:2024-08-26 22:46:12.424486+00:00
[2024-08-26T15:57:03.367-0700] {logging_mixin.py:190} INFO - Task hostname:PCJer. operator:PythonOperator
[2024-08-26T15:57:03.372-0700] {local_task_job_runner.py:261} INFO - Task exited with return code 0
[2024-08-26T15:57:03.380-0700] {taskinstance.py:3891} INFO - 0 downstream tasks scheduled from follow-on schedule check
[2024-08-26T15:57:03.380-0700] {local_task_job_runner.py:240} INFO - ::endgroup::
