[2024-08-26T15:21:25.816-0700] {processor.py:186} INFO - Started process (PID=7332) to work on /home/jerson/airflow_venv/lib/python3.10/site-packages/airflow/example_dags/plugins/event_listener.py
[2024-08-26T15:21:25.816-0700] {processor.py:914} INFO - Processing file /home/jerson/airflow_venv/lib/python3.10/site-packages/airflow/example_dags/plugins/event_listener.py for tasks to queue
[2024-08-26T15:21:25.817-0700] {logging_mixin.py:190} INFO - [2024-08-26T15:21:25.817-0700] {dagbag.py:587} INFO - Filling up the DagBag from /home/jerson/airflow_venv/lib/python3.10/site-packages/airflow/example_dags/plugins/event_listener.py
[2024-08-26T15:21:25.818-0700] {processor.py:927} WARNING - No viable dags retrieved from /home/jerson/airflow_venv/lib/python3.10/site-packages/airflow/example_dags/plugins/event_listener.py
[2024-08-26T15:21:25.824-0700] {processor.py:208} INFO - Processing /home/jerson/airflow_venv/lib/python3.10/site-packages/airflow/example_dags/plugins/event_listener.py took 0.011 seconds
[2024-08-26T15:22:26.306-0700] {processor.py:186} INFO - Started process (PID=7715) to work on /home/jerson/airflow_venv/lib/python3.10/site-packages/airflow/example_dags/plugins/event_listener.py
[2024-08-26T15:22:26.306-0700] {processor.py:914} INFO - Processing file /home/jerson/airflow_venv/lib/python3.10/site-packages/airflow/example_dags/plugins/event_listener.py for tasks to queue
[2024-08-26T15:22:26.308-0700] {logging_mixin.py:190} INFO - [2024-08-26T15:22:26.307-0700] {dagbag.py:587} INFO - Filling up the DagBag from /home/jerson/airflow_venv/lib/python3.10/site-packages/airflow/example_dags/plugins/event_listener.py
[2024-08-26T15:22:26.309-0700] {processor.py:927} WARNING - No viable dags retrieved from /home/jerson/airflow_venv/lib/python3.10/site-packages/airflow/example_dags/plugins/event_listener.py
[2024-08-26T15:22:26.314-0700] {processor.py:208} INFO - Processing /home/jerson/airflow_venv/lib/python3.10/site-packages/airflow/example_dags/plugins/event_listener.py took 0.012 seconds
[2024-08-26T15:23:18.791-0700] {processor.py:186} INFO - Started process (PID=7987) to work on /home/jerson/airflow_venv/lib/python3.10/site-packages/airflow/example_dags/plugins/event_listener.py
[2024-08-26T15:23:18.792-0700] {processor.py:914} INFO - Processing file /home/jerson/airflow_venv/lib/python3.10/site-packages/airflow/example_dags/plugins/event_listener.py for tasks to queue
[2024-08-26T15:23:18.793-0700] {logging_mixin.py:190} INFO - [2024-08-26T15:23:18.793-0700] {dagbag.py:587} INFO - Filling up the DagBag from /home/jerson/airflow_venv/lib/python3.10/site-packages/airflow/example_dags/plugins/event_listener.py
[2024-08-26T15:23:18.794-0700] {processor.py:927} WARNING - No viable dags retrieved from /home/jerson/airflow_venv/lib/python3.10/site-packages/airflow/example_dags/plugins/event_listener.py
[2024-08-26T15:23:18.800-0700] {processor.py:208} INFO - Processing /home/jerson/airflow_venv/lib/python3.10/site-packages/airflow/example_dags/plugins/event_listener.py took 0.011 seconds
[2024-08-26T15:24:08.516-0700] {processor.py:186} INFO - Started process (PID=8258) to work on /home/jerson/airflow_venv/lib/python3.10/site-packages/airflow/example_dags/plugins/event_listener.py
[2024-08-26T15:24:08.517-0700] {processor.py:914} INFO - Processing file /home/jerson/airflow_venv/lib/python3.10/site-packages/airflow/example_dags/plugins/event_listener.py for tasks to queue
[2024-08-26T15:24:08.518-0700] {logging_mixin.py:190} INFO - [2024-08-26T15:24:08.518-0700] {dagbag.py:587} INFO - Filling up the DagBag from /home/jerson/airflow_venv/lib/python3.10/site-packages/airflow/example_dags/plugins/event_listener.py
[2024-08-26T15:24:08.519-0700] {processor.py:927} WARNING - No viable dags retrieved from /home/jerson/airflow_venv/lib/python3.10/site-packages/airflow/example_dags/plugins/event_listener.py
[2024-08-26T15:24:08.525-0700] {processor.py:208} INFO - Processing /home/jerson/airflow_venv/lib/python3.10/site-packages/airflow/example_dags/plugins/event_listener.py took 0.012 seconds
[2024-08-26T15:25:13.290-0700] {processor.py:186} INFO - Started process (PID=8581) to work on /home/jerson/airflow_venv/lib/python3.10/site-packages/airflow/example_dags/plugins/event_listener.py
[2024-08-26T15:25:13.291-0700] {processor.py:914} INFO - Processing file /home/jerson/airflow_venv/lib/python3.10/site-packages/airflow/example_dags/plugins/event_listener.py for tasks to queue
[2024-08-26T15:25:13.292-0700] {logging_mixin.py:190} INFO - [2024-08-26T15:25:13.292-0700] {dagbag.py:587} INFO - Filling up the DagBag from /home/jerson/airflow_venv/lib/python3.10/site-packages/airflow/example_dags/plugins/event_listener.py
[2024-08-26T15:25:13.293-0700] {processor.py:927} WARNING - No viable dags retrieved from /home/jerson/airflow_venv/lib/python3.10/site-packages/airflow/example_dags/plugins/event_listener.py
[2024-08-26T15:25:13.299-0700] {processor.py:208} INFO - Processing /home/jerson/airflow_venv/lib/python3.10/site-packages/airflow/example_dags/plugins/event_listener.py took 0.012 seconds
[2024-08-26T15:26:06.639-0700] {processor.py:186} INFO - Started process (PID=8860) to work on /home/jerson/airflow_venv/lib/python3.10/site-packages/airflow/example_dags/plugins/event_listener.py
[2024-08-26T15:26:06.640-0700] {processor.py:914} INFO - Processing file /home/jerson/airflow_venv/lib/python3.10/site-packages/airflow/example_dags/plugins/event_listener.py for tasks to queue
[2024-08-26T15:26:06.641-0700] {logging_mixin.py:190} INFO - [2024-08-26T15:26:06.641-0700] {dagbag.py:587} INFO - Filling up the DagBag from /home/jerson/airflow_venv/lib/python3.10/site-packages/airflow/example_dags/plugins/event_listener.py
[2024-08-26T15:26:06.643-0700] {processor.py:927} WARNING - No viable dags retrieved from /home/jerson/airflow_venv/lib/python3.10/site-packages/airflow/example_dags/plugins/event_listener.py
[2024-08-26T15:26:06.648-0700] {processor.py:208} INFO - Processing /home/jerson/airflow_venv/lib/python3.10/site-packages/airflow/example_dags/plugins/event_listener.py took 0.012 seconds
[2024-08-26T15:26:54.564-0700] {processor.py:186} INFO - Started process (PID=9108) to work on /home/jerson/airflow_venv/lib/python3.10/site-packages/airflow/example_dags/plugins/event_listener.py
[2024-08-26T15:26:54.565-0700] {processor.py:914} INFO - Processing file /home/jerson/airflow_venv/lib/python3.10/site-packages/airflow/example_dags/plugins/event_listener.py for tasks to queue
[2024-08-26T15:26:54.566-0700] {logging_mixin.py:190} INFO - [2024-08-26T15:26:54.566-0700] {dagbag.py:587} INFO - Filling up the DagBag from /home/jerson/airflow_venv/lib/python3.10/site-packages/airflow/example_dags/plugins/event_listener.py
[2024-08-26T15:26:54.567-0700] {processor.py:927} WARNING - No viable dags retrieved from /home/jerson/airflow_venv/lib/python3.10/site-packages/airflow/example_dags/plugins/event_listener.py
[2024-08-26T15:26:54.573-0700] {processor.py:208} INFO - Processing /home/jerson/airflow_venv/lib/python3.10/site-packages/airflow/example_dags/plugins/event_listener.py took 0.011 seconds
[2024-08-26T15:27:39.717-0700] {processor.py:186} INFO - Started process (PID=9335) to work on /home/jerson/airflow_venv/lib/python3.10/site-packages/airflow/example_dags/plugins/event_listener.py
[2024-08-26T15:27:39.718-0700] {processor.py:914} INFO - Processing file /home/jerson/airflow_venv/lib/python3.10/site-packages/airflow/example_dags/plugins/event_listener.py for tasks to queue
[2024-08-26T15:27:39.719-0700] {logging_mixin.py:190} INFO - [2024-08-26T15:27:39.719-0700] {dagbag.py:587} INFO - Filling up the DagBag from /home/jerson/airflow_venv/lib/python3.10/site-packages/airflow/example_dags/plugins/event_listener.py
[2024-08-26T15:27:39.721-0700] {processor.py:927} WARNING - No viable dags retrieved from /home/jerson/airflow_venv/lib/python3.10/site-packages/airflow/example_dags/plugins/event_listener.py
[2024-08-26T15:27:39.726-0700] {processor.py:208} INFO - Processing /home/jerson/airflow_venv/lib/python3.10/site-packages/airflow/example_dags/plugins/event_listener.py took 0.012 seconds
[2024-08-26T15:28:28.378-0700] {processor.py:186} INFO - Started process (PID=9586) to work on /home/jerson/airflow_venv/lib/python3.10/site-packages/airflow/example_dags/plugins/event_listener.py
[2024-08-26T15:28:28.379-0700] {processor.py:914} INFO - Processing file /home/jerson/airflow_venv/lib/python3.10/site-packages/airflow/example_dags/plugins/event_listener.py for tasks to queue
[2024-08-26T15:28:28.380-0700] {logging_mixin.py:190} INFO - [2024-08-26T15:28:28.380-0700] {dagbag.py:587} INFO - Filling up the DagBag from /home/jerson/airflow_venv/lib/python3.10/site-packages/airflow/example_dags/plugins/event_listener.py
[2024-08-26T15:28:28.381-0700] {processor.py:927} WARNING - No viable dags retrieved from /home/jerson/airflow_venv/lib/python3.10/site-packages/airflow/example_dags/plugins/event_listener.py
[2024-08-26T15:28:28.387-0700] {processor.py:208} INFO - Processing /home/jerson/airflow_venv/lib/python3.10/site-packages/airflow/example_dags/plugins/event_listener.py took 0.011 seconds
[2024-08-26T15:29:19.430-0700] {processor.py:186} INFO - Started process (PID=9921) to work on /home/jerson/airflow_venv/lib/python3.10/site-packages/airflow/example_dags/plugins/event_listener.py
[2024-08-26T15:29:19.431-0700] {processor.py:914} INFO - Processing file /home/jerson/airflow_venv/lib/python3.10/site-packages/airflow/example_dags/plugins/event_listener.py for tasks to queue
[2024-08-26T15:29:19.432-0700] {logging_mixin.py:190} INFO - [2024-08-26T15:29:19.432-0700] {dagbag.py:587} INFO - Filling up the DagBag from /home/jerson/airflow_venv/lib/python3.10/site-packages/airflow/example_dags/plugins/event_listener.py
[2024-08-26T15:29:19.433-0700] {processor.py:927} WARNING - No viable dags retrieved from /home/jerson/airflow_venv/lib/python3.10/site-packages/airflow/example_dags/plugins/event_listener.py
[2024-08-26T15:29:19.438-0700] {processor.py:208} INFO - Processing /home/jerson/airflow_venv/lib/python3.10/site-packages/airflow/example_dags/plugins/event_listener.py took 0.012 seconds
[2024-08-26T15:30:07.816-0700] {processor.py:186} INFO - Started process (PID=10168) to work on /home/jerson/airflow_venv/lib/python3.10/site-packages/airflow/example_dags/plugins/event_listener.py
[2024-08-26T15:30:07.817-0700] {processor.py:914} INFO - Processing file /home/jerson/airflow_venv/lib/python3.10/site-packages/airflow/example_dags/plugins/event_listener.py for tasks to queue
[2024-08-26T15:30:07.818-0700] {logging_mixin.py:190} INFO - [2024-08-26T15:30:07.818-0700] {dagbag.py:587} INFO - Filling up the DagBag from /home/jerson/airflow_venv/lib/python3.10/site-packages/airflow/example_dags/plugins/event_listener.py
[2024-08-26T15:30:07.819-0700] {processor.py:927} WARNING - No viable dags retrieved from /home/jerson/airflow_venv/lib/python3.10/site-packages/airflow/example_dags/plugins/event_listener.py
[2024-08-26T15:30:07.825-0700] {processor.py:208} INFO - Processing /home/jerson/airflow_venv/lib/python3.10/site-packages/airflow/example_dags/plugins/event_listener.py took 0.013 seconds
[2024-08-26T15:30:55.081-0700] {processor.py:186} INFO - Started process (PID=10423) to work on /home/jerson/airflow_venv/lib/python3.10/site-packages/airflow/example_dags/plugins/event_listener.py
[2024-08-26T15:30:55.082-0700] {processor.py:914} INFO - Processing file /home/jerson/airflow_venv/lib/python3.10/site-packages/airflow/example_dags/plugins/event_listener.py for tasks to queue
[2024-08-26T15:30:55.083-0700] {logging_mixin.py:190} INFO - [2024-08-26T15:30:55.083-0700] {dagbag.py:587} INFO - Filling up the DagBag from /home/jerson/airflow_venv/lib/python3.10/site-packages/airflow/example_dags/plugins/event_listener.py
[2024-08-26T15:30:55.084-0700] {processor.py:927} WARNING - No viable dags retrieved from /home/jerson/airflow_venv/lib/python3.10/site-packages/airflow/example_dags/plugins/event_listener.py
[2024-08-26T15:30:55.092-0700] {processor.py:208} INFO - Processing /home/jerson/airflow_venv/lib/python3.10/site-packages/airflow/example_dags/plugins/event_listener.py took 0.015 seconds
[2024-08-26T15:31:43.181-0700] {processor.py:186} INFO - Started process (PID=10676) to work on /home/jerson/airflow_venv/lib/python3.10/site-packages/airflow/example_dags/plugins/event_listener.py
[2024-08-26T15:31:43.182-0700] {processor.py:914} INFO - Processing file /home/jerson/airflow_venv/lib/python3.10/site-packages/airflow/example_dags/plugins/event_listener.py for tasks to queue
[2024-08-26T15:31:43.183-0700] {logging_mixin.py:190} INFO - [2024-08-26T15:31:43.183-0700] {dagbag.py:587} INFO - Filling up the DagBag from /home/jerson/airflow_venv/lib/python3.10/site-packages/airflow/example_dags/plugins/event_listener.py
[2024-08-26T15:31:43.185-0700] {processor.py:927} WARNING - No viable dags retrieved from /home/jerson/airflow_venv/lib/python3.10/site-packages/airflow/example_dags/plugins/event_listener.py
[2024-08-26T15:31:43.192-0700] {processor.py:208} INFO - Processing /home/jerson/airflow_venv/lib/python3.10/site-packages/airflow/example_dags/plugins/event_listener.py took 0.015 seconds
[2024-08-26T15:32:28.326-0700] {processor.py:186} INFO - Started process (PID=10918) to work on /home/jerson/airflow_venv/lib/python3.10/site-packages/airflow/example_dags/plugins/event_listener.py
[2024-08-26T15:32:28.327-0700] {processor.py:914} INFO - Processing file /home/jerson/airflow_venv/lib/python3.10/site-packages/airflow/example_dags/plugins/event_listener.py for tasks to queue
[2024-08-26T15:32:28.328-0700] {logging_mixin.py:190} INFO - [2024-08-26T15:32:28.328-0700] {dagbag.py:587} INFO - Filling up the DagBag from /home/jerson/airflow_venv/lib/python3.10/site-packages/airflow/example_dags/plugins/event_listener.py
[2024-08-26T15:32:28.329-0700] {processor.py:927} WARNING - No viable dags retrieved from /home/jerson/airflow_venv/lib/python3.10/site-packages/airflow/example_dags/plugins/event_listener.py
[2024-08-26T15:32:28.336-0700] {processor.py:208} INFO - Processing /home/jerson/airflow_venv/lib/python3.10/site-packages/airflow/example_dags/plugins/event_listener.py took 0.013 seconds
[2024-08-26T15:33:22.233-0700] {processor.py:186} INFO - Started process (PID=11186) to work on /home/jerson/airflow_venv/lib/python3.10/site-packages/airflow/example_dags/plugins/event_listener.py
[2024-08-26T15:33:22.235-0700] {processor.py:914} INFO - Processing file /home/jerson/airflow_venv/lib/python3.10/site-packages/airflow/example_dags/plugins/event_listener.py for tasks to queue
[2024-08-26T15:33:22.236-0700] {logging_mixin.py:190} INFO - [2024-08-26T15:33:22.235-0700] {dagbag.py:587} INFO - Filling up the DagBag from /home/jerson/airflow_venv/lib/python3.10/site-packages/airflow/example_dags/plugins/event_listener.py
[2024-08-26T15:33:22.237-0700] {processor.py:927} WARNING - No viable dags retrieved from /home/jerson/airflow_venv/lib/python3.10/site-packages/airflow/example_dags/plugins/event_listener.py
[2024-08-26T15:33:22.242-0700] {processor.py:208} INFO - Processing /home/jerson/airflow_venv/lib/python3.10/site-packages/airflow/example_dags/plugins/event_listener.py took 0.012 seconds
[2024-08-26T15:34:13.915-0700] {processor.py:186} INFO - Started process (PID=11456) to work on /home/jerson/airflow_venv/lib/python3.10/site-packages/airflow/example_dags/plugins/event_listener.py
[2024-08-26T15:34:13.916-0700] {processor.py:914} INFO - Processing file /home/jerson/airflow_venv/lib/python3.10/site-packages/airflow/example_dags/plugins/event_listener.py for tasks to queue
[2024-08-26T15:34:13.917-0700] {logging_mixin.py:190} INFO - [2024-08-26T15:34:13.917-0700] {dagbag.py:587} INFO - Filling up the DagBag from /home/jerson/airflow_venv/lib/python3.10/site-packages/airflow/example_dags/plugins/event_listener.py
[2024-08-26T15:34:13.918-0700] {processor.py:927} WARNING - No viable dags retrieved from /home/jerson/airflow_venv/lib/python3.10/site-packages/airflow/example_dags/plugins/event_listener.py
[2024-08-26T15:34:13.924-0700] {processor.py:208} INFO - Processing /home/jerson/airflow_venv/lib/python3.10/site-packages/airflow/example_dags/plugins/event_listener.py took 0.012 seconds
[2024-08-26T15:35:02.613-0700] {processor.py:186} INFO - Started process (PID=11712) to work on /home/jerson/airflow_venv/lib/python3.10/site-packages/airflow/example_dags/plugins/event_listener.py
[2024-08-26T15:35:02.614-0700] {processor.py:914} INFO - Processing file /home/jerson/airflow_venv/lib/python3.10/site-packages/airflow/example_dags/plugins/event_listener.py for tasks to queue
[2024-08-26T15:35:02.615-0700] {logging_mixin.py:190} INFO - [2024-08-26T15:35:02.615-0700] {dagbag.py:587} INFO - Filling up the DagBag from /home/jerson/airflow_venv/lib/python3.10/site-packages/airflow/example_dags/plugins/event_listener.py
[2024-08-26T15:35:02.616-0700] {processor.py:927} WARNING - No viable dags retrieved from /home/jerson/airflow_venv/lib/python3.10/site-packages/airflow/example_dags/plugins/event_listener.py
[2024-08-26T15:35:02.622-0700] {processor.py:208} INFO - Processing /home/jerson/airflow_venv/lib/python3.10/site-packages/airflow/example_dags/plugins/event_listener.py took 0.013 seconds
[2024-08-26T15:35:47.739-0700] {processor.py:186} INFO - Started process (PID=11961) to work on /home/jerson/airflow_venv/lib/python3.10/site-packages/airflow/example_dags/plugins/event_listener.py
[2024-08-26T15:35:47.740-0700] {processor.py:914} INFO - Processing file /home/jerson/airflow_venv/lib/python3.10/site-packages/airflow/example_dags/plugins/event_listener.py for tasks to queue
[2024-08-26T15:35:47.741-0700] {logging_mixin.py:190} INFO - [2024-08-26T15:35:47.741-0700] {dagbag.py:587} INFO - Filling up the DagBag from /home/jerson/airflow_venv/lib/python3.10/site-packages/airflow/example_dags/plugins/event_listener.py
[2024-08-26T15:35:47.742-0700] {processor.py:927} WARNING - No viable dags retrieved from /home/jerson/airflow_venv/lib/python3.10/site-packages/airflow/example_dags/plugins/event_listener.py
[2024-08-26T15:35:47.747-0700] {processor.py:208} INFO - Processing /home/jerson/airflow_venv/lib/python3.10/site-packages/airflow/example_dags/plugins/event_listener.py took 0.012 seconds
[2024-08-26T15:36:37.328-0700] {processor.py:186} INFO - Started process (PID=12229) to work on /home/jerson/airflow_venv/lib/python3.10/site-packages/airflow/example_dags/plugins/event_listener.py
[2024-08-26T15:36:37.329-0700] {processor.py:914} INFO - Processing file /home/jerson/airflow_venv/lib/python3.10/site-packages/airflow/example_dags/plugins/event_listener.py for tasks to queue
[2024-08-26T15:36:37.330-0700] {logging_mixin.py:190} INFO - [2024-08-26T15:36:37.330-0700] {dagbag.py:587} INFO - Filling up the DagBag from /home/jerson/airflow_venv/lib/python3.10/site-packages/airflow/example_dags/plugins/event_listener.py
[2024-08-26T15:36:37.331-0700] {processor.py:927} WARNING - No viable dags retrieved from /home/jerson/airflow_venv/lib/python3.10/site-packages/airflow/example_dags/plugins/event_listener.py
[2024-08-26T15:36:37.337-0700] {processor.py:208} INFO - Processing /home/jerson/airflow_venv/lib/python3.10/site-packages/airflow/example_dags/plugins/event_listener.py took 0.012 seconds
[2024-08-26T15:37:22.503-0700] {processor.py:186} INFO - Started process (PID=12803) to work on /home/jerson/airflow_venv/lib/python3.10/site-packages/airflow/example_dags/plugins/event_listener.py
[2024-08-26T15:37:22.504-0700] {processor.py:914} INFO - Processing file /home/jerson/airflow_venv/lib/python3.10/site-packages/airflow/example_dags/plugins/event_listener.py for tasks to queue
[2024-08-26T15:37:22.505-0700] {logging_mixin.py:190} INFO - [2024-08-26T15:37:22.505-0700] {dagbag.py:587} INFO - Filling up the DagBag from /home/jerson/airflow_venv/lib/python3.10/site-packages/airflow/example_dags/plugins/event_listener.py
[2024-08-26T15:37:22.506-0700] {processor.py:927} WARNING - No viable dags retrieved from /home/jerson/airflow_venv/lib/python3.10/site-packages/airflow/example_dags/plugins/event_listener.py
[2024-08-26T15:37:22.512-0700] {processor.py:208} INFO - Processing /home/jerson/airflow_venv/lib/python3.10/site-packages/airflow/example_dags/plugins/event_listener.py took 0.012 seconds
[2024-08-26T15:38:07.562-0700] {processor.py:186} INFO - Started process (PID=13223) to work on /home/jerson/airflow_venv/lib/python3.10/site-packages/airflow/example_dags/plugins/event_listener.py
[2024-08-26T15:38:07.563-0700] {processor.py:914} INFO - Processing file /home/jerson/airflow_venv/lib/python3.10/site-packages/airflow/example_dags/plugins/event_listener.py for tasks to queue
[2024-08-26T15:38:07.564-0700] {logging_mixin.py:190} INFO - [2024-08-26T15:38:07.564-0700] {dagbag.py:587} INFO - Filling up the DagBag from /home/jerson/airflow_venv/lib/python3.10/site-packages/airflow/example_dags/plugins/event_listener.py
[2024-08-26T15:38:07.565-0700] {processor.py:927} WARNING - No viable dags retrieved from /home/jerson/airflow_venv/lib/python3.10/site-packages/airflow/example_dags/plugins/event_listener.py
[2024-08-26T15:38:07.571-0700] {processor.py:208} INFO - Processing /home/jerson/airflow_venv/lib/python3.10/site-packages/airflow/example_dags/plugins/event_listener.py took 0.012 seconds
[2024-08-26T15:38:57.073-0700] {processor.py:186} INFO - Started process (PID=13681) to work on /home/jerson/airflow_venv/lib/python3.10/site-packages/airflow/example_dags/plugins/event_listener.py
[2024-08-26T15:38:57.074-0700] {processor.py:914} INFO - Processing file /home/jerson/airflow_venv/lib/python3.10/site-packages/airflow/example_dags/plugins/event_listener.py for tasks to queue
[2024-08-26T15:38:57.076-0700] {logging_mixin.py:190} INFO - [2024-08-26T15:38:57.075-0700] {dagbag.py:587} INFO - Filling up the DagBag from /home/jerson/airflow_venv/lib/python3.10/site-packages/airflow/example_dags/plugins/event_listener.py
[2024-08-26T15:38:57.077-0700] {processor.py:927} WARNING - No viable dags retrieved from /home/jerson/airflow_venv/lib/python3.10/site-packages/airflow/example_dags/plugins/event_listener.py
[2024-08-26T15:38:57.085-0700] {processor.py:208} INFO - Processing /home/jerson/airflow_venv/lib/python3.10/site-packages/airflow/example_dags/plugins/event_listener.py took 0.015 seconds
[2024-08-26T15:39:45.074-0700] {processor.py:186} INFO - Started process (PID=14198) to work on /home/jerson/airflow_venv/lib/python3.10/site-packages/airflow/example_dags/plugins/event_listener.py
[2024-08-26T15:39:45.075-0700] {processor.py:914} INFO - Processing file /home/jerson/airflow_venv/lib/python3.10/site-packages/airflow/example_dags/plugins/event_listener.py for tasks to queue
[2024-08-26T15:39:45.076-0700] {logging_mixin.py:190} INFO - [2024-08-26T15:39:45.076-0700] {dagbag.py:587} INFO - Filling up the DagBag from /home/jerson/airflow_venv/lib/python3.10/site-packages/airflow/example_dags/plugins/event_listener.py
[2024-08-26T15:39:45.077-0700] {processor.py:927} WARNING - No viable dags retrieved from /home/jerson/airflow_venv/lib/python3.10/site-packages/airflow/example_dags/plugins/event_listener.py
[2024-08-26T15:39:45.083-0700] {processor.py:208} INFO - Processing /home/jerson/airflow_venv/lib/python3.10/site-packages/airflow/example_dags/plugins/event_listener.py took 0.013 seconds
[2024-08-26T15:40:34.306-0700] {processor.py:186} INFO - Started process (PID=14630) to work on /home/jerson/airflow_venv/lib/python3.10/site-packages/airflow/example_dags/plugins/event_listener.py
[2024-08-26T15:40:34.307-0700] {processor.py:914} INFO - Processing file /home/jerson/airflow_venv/lib/python3.10/site-packages/airflow/example_dags/plugins/event_listener.py for tasks to queue
[2024-08-26T15:40:34.308-0700] {logging_mixin.py:190} INFO - [2024-08-26T15:40:34.308-0700] {dagbag.py:587} INFO - Filling up the DagBag from /home/jerson/airflow_venv/lib/python3.10/site-packages/airflow/example_dags/plugins/event_listener.py
[2024-08-26T15:40:34.309-0700] {processor.py:927} WARNING - No viable dags retrieved from /home/jerson/airflow_venv/lib/python3.10/site-packages/airflow/example_dags/plugins/event_listener.py
[2024-08-26T15:40:34.315-0700] {processor.py:208} INFO - Processing /home/jerson/airflow_venv/lib/python3.10/site-packages/airflow/example_dags/plugins/event_listener.py took 0.012 seconds
[2024-08-26T15:41:23.189-0700] {processor.py:186} INFO - Started process (PID=15075) to work on /home/jerson/airflow_venv/lib/python3.10/site-packages/airflow/example_dags/plugins/event_listener.py
[2024-08-26T15:41:23.190-0700] {processor.py:914} INFO - Processing file /home/jerson/airflow_venv/lib/python3.10/site-packages/airflow/example_dags/plugins/event_listener.py for tasks to queue
[2024-08-26T15:41:23.191-0700] {logging_mixin.py:190} INFO - [2024-08-26T15:41:23.191-0700] {dagbag.py:587} INFO - Filling up the DagBag from /home/jerson/airflow_venv/lib/python3.10/site-packages/airflow/example_dags/plugins/event_listener.py
[2024-08-26T15:41:23.192-0700] {processor.py:927} WARNING - No viable dags retrieved from /home/jerson/airflow_venv/lib/python3.10/site-packages/airflow/example_dags/plugins/event_listener.py
[2024-08-26T15:41:23.199-0700] {processor.py:208} INFO - Processing /home/jerson/airflow_venv/lib/python3.10/site-packages/airflow/example_dags/plugins/event_listener.py took 0.013 seconds
[2024-08-26T15:42:12.209-0700] {processor.py:186} INFO - Started process (PID=15517) to work on /home/jerson/airflow_venv/lib/python3.10/site-packages/airflow/example_dags/plugins/event_listener.py
[2024-08-26T15:42:12.210-0700] {processor.py:914} INFO - Processing file /home/jerson/airflow_venv/lib/python3.10/site-packages/airflow/example_dags/plugins/event_listener.py for tasks to queue
[2024-08-26T15:42:12.211-0700] {logging_mixin.py:190} INFO - [2024-08-26T15:42:12.211-0700] {dagbag.py:587} INFO - Filling up the DagBag from /home/jerson/airflow_venv/lib/python3.10/site-packages/airflow/example_dags/plugins/event_listener.py
[2024-08-26T15:42:12.213-0700] {processor.py:927} WARNING - No viable dags retrieved from /home/jerson/airflow_venv/lib/python3.10/site-packages/airflow/example_dags/plugins/event_listener.py
[2024-08-26T15:42:12.219-0700] {processor.py:208} INFO - Processing /home/jerson/airflow_venv/lib/python3.10/site-packages/airflow/example_dags/plugins/event_listener.py took 0.014 seconds
[2024-08-26T15:43:04.001-0700] {processor.py:186} INFO - Started process (PID=16059) to work on /home/jerson/airflow_venv/lib/python3.10/site-packages/airflow/example_dags/plugins/event_listener.py
[2024-08-26T15:43:04.002-0700] {processor.py:914} INFO - Processing file /home/jerson/airflow_venv/lib/python3.10/site-packages/airflow/example_dags/plugins/event_listener.py for tasks to queue
[2024-08-26T15:43:04.004-0700] {logging_mixin.py:190} INFO - [2024-08-26T15:43:04.003-0700] {dagbag.py:587} INFO - Filling up the DagBag from /home/jerson/airflow_venv/lib/python3.10/site-packages/airflow/example_dags/plugins/event_listener.py
[2024-08-26T15:43:04.005-0700] {processor.py:927} WARNING - No viable dags retrieved from /home/jerson/airflow_venv/lib/python3.10/site-packages/airflow/example_dags/plugins/event_listener.py
[2024-08-26T15:43:04.012-0700] {processor.py:208} INFO - Processing /home/jerson/airflow_venv/lib/python3.10/site-packages/airflow/example_dags/plugins/event_listener.py took 0.014 seconds
[2024-08-26T15:43:51.284-0700] {processor.py:186} INFO - Started process (PID=16499) to work on /home/jerson/airflow_venv/lib/python3.10/site-packages/airflow/example_dags/plugins/event_listener.py
[2024-08-26T15:43:51.285-0700] {processor.py:914} INFO - Processing file /home/jerson/airflow_venv/lib/python3.10/site-packages/airflow/example_dags/plugins/event_listener.py for tasks to queue
[2024-08-26T15:43:51.286-0700] {logging_mixin.py:190} INFO - [2024-08-26T15:43:51.286-0700] {dagbag.py:587} INFO - Filling up the DagBag from /home/jerson/airflow_venv/lib/python3.10/site-packages/airflow/example_dags/plugins/event_listener.py
[2024-08-26T15:43:51.287-0700] {processor.py:927} WARNING - No viable dags retrieved from /home/jerson/airflow_venv/lib/python3.10/site-packages/airflow/example_dags/plugins/event_listener.py
[2024-08-26T15:43:51.294-0700] {processor.py:208} INFO - Processing /home/jerson/airflow_venv/lib/python3.10/site-packages/airflow/example_dags/plugins/event_listener.py took 0.014 seconds
[2024-08-26T15:44:37.556-0700] {processor.py:186} INFO - Started process (PID=16872) to work on /home/jerson/airflow_venv/lib/python3.10/site-packages/airflow/example_dags/plugins/event_listener.py
[2024-08-26T15:44:37.557-0700] {processor.py:914} INFO - Processing file /home/jerson/airflow_venv/lib/python3.10/site-packages/airflow/example_dags/plugins/event_listener.py for tasks to queue
[2024-08-26T15:44:37.558-0700] {logging_mixin.py:190} INFO - [2024-08-26T15:44:37.558-0700] {dagbag.py:587} INFO - Filling up the DagBag from /home/jerson/airflow_venv/lib/python3.10/site-packages/airflow/example_dags/plugins/event_listener.py
[2024-08-26T15:44:37.559-0700] {processor.py:927} WARNING - No viable dags retrieved from /home/jerson/airflow_venv/lib/python3.10/site-packages/airflow/example_dags/plugins/event_listener.py
[2024-08-26T15:44:37.565-0700] {processor.py:208} INFO - Processing /home/jerson/airflow_venv/lib/python3.10/site-packages/airflow/example_dags/plugins/event_listener.py took 0.013 seconds
[2024-08-26T15:45:27.690-0700] {processor.py:186} INFO - Started process (PID=17276) to work on /home/jerson/airflow_venv/lib/python3.10/site-packages/airflow/example_dags/plugins/event_listener.py
[2024-08-26T15:45:27.691-0700] {processor.py:914} INFO - Processing file /home/jerson/airflow_venv/lib/python3.10/site-packages/airflow/example_dags/plugins/event_listener.py for tasks to queue
[2024-08-26T15:45:27.691-0700] {logging_mixin.py:190} INFO - [2024-08-26T15:45:27.691-0700] {dagbag.py:587} INFO - Filling up the DagBag from /home/jerson/airflow_venv/lib/python3.10/site-packages/airflow/example_dags/plugins/event_listener.py
[2024-08-26T15:45:27.692-0700] {processor.py:927} WARNING - No viable dags retrieved from /home/jerson/airflow_venv/lib/python3.10/site-packages/airflow/example_dags/plugins/event_listener.py
[2024-08-26T15:45:27.698-0700] {processor.py:208} INFO - Processing /home/jerson/airflow_venv/lib/python3.10/site-packages/airflow/example_dags/plugins/event_listener.py took 0.012 seconds
[2024-08-26T15:46:19.084-0700] {processor.py:186} INFO - Started process (PID=17791) to work on /home/jerson/airflow_venv/lib/python3.10/site-packages/airflow/example_dags/plugins/event_listener.py
[2024-08-26T15:46:19.085-0700] {processor.py:914} INFO - Processing file /home/jerson/airflow_venv/lib/python3.10/site-packages/airflow/example_dags/plugins/event_listener.py for tasks to queue
[2024-08-26T15:46:19.086-0700] {logging_mixin.py:190} INFO - [2024-08-26T15:46:19.086-0700] {dagbag.py:587} INFO - Filling up the DagBag from /home/jerson/airflow_venv/lib/python3.10/site-packages/airflow/example_dags/plugins/event_listener.py
[2024-08-26T15:46:19.087-0700] {processor.py:927} WARNING - No viable dags retrieved from /home/jerson/airflow_venv/lib/python3.10/site-packages/airflow/example_dags/plugins/event_listener.py
[2024-08-26T15:46:19.093-0700] {processor.py:208} INFO - Processing /home/jerson/airflow_venv/lib/python3.10/site-packages/airflow/example_dags/plugins/event_listener.py took 0.013 seconds
[2024-08-26T15:47:11.530-0700] {processor.py:186} INFO - Started process (PID=18211) to work on /home/jerson/airflow_venv/lib/python3.10/site-packages/airflow/example_dags/plugins/event_listener.py
[2024-08-26T15:47:11.531-0700] {processor.py:914} INFO - Processing file /home/jerson/airflow_venv/lib/python3.10/site-packages/airflow/example_dags/plugins/event_listener.py for tasks to queue
[2024-08-26T15:47:11.532-0700] {logging_mixin.py:190} INFO - [2024-08-26T15:47:11.532-0700] {dagbag.py:587} INFO - Filling up the DagBag from /home/jerson/airflow_venv/lib/python3.10/site-packages/airflow/example_dags/plugins/event_listener.py
[2024-08-26T15:47:11.533-0700] {processor.py:927} WARNING - No viable dags retrieved from /home/jerson/airflow_venv/lib/python3.10/site-packages/airflow/example_dags/plugins/event_listener.py
[2024-08-26T15:47:11.540-0700] {processor.py:208} INFO - Processing /home/jerson/airflow_venv/lib/python3.10/site-packages/airflow/example_dags/plugins/event_listener.py took 0.014 seconds
[2024-08-26T15:48:02.869-0700] {processor.py:186} INFO - Started process (PID=18657) to work on /home/jerson/airflow_venv/lib/python3.10/site-packages/airflow/example_dags/plugins/event_listener.py
[2024-08-26T15:48:02.870-0700] {processor.py:914} INFO - Processing file /home/jerson/airflow_venv/lib/python3.10/site-packages/airflow/example_dags/plugins/event_listener.py for tasks to queue
[2024-08-26T15:48:02.871-0700] {logging_mixin.py:190} INFO - [2024-08-26T15:48:02.871-0700] {dagbag.py:587} INFO - Filling up the DagBag from /home/jerson/airflow_venv/lib/python3.10/site-packages/airflow/example_dags/plugins/event_listener.py
[2024-08-26T15:48:02.872-0700] {processor.py:927} WARNING - No viable dags retrieved from /home/jerson/airflow_venv/lib/python3.10/site-packages/airflow/example_dags/plugins/event_listener.py
[2024-08-26T15:48:02.878-0700] {processor.py:208} INFO - Processing /home/jerson/airflow_venv/lib/python3.10/site-packages/airflow/example_dags/plugins/event_listener.py took 0.013 seconds
[2024-08-26T15:48:50.928-0700] {processor.py:186} INFO - Started process (PID=19263) to work on /home/jerson/airflow_venv/lib/python3.10/site-packages/airflow/example_dags/plugins/event_listener.py
[2024-08-26T15:48:50.929-0700] {processor.py:914} INFO - Processing file /home/jerson/airflow_venv/lib/python3.10/site-packages/airflow/example_dags/plugins/event_listener.py for tasks to queue
[2024-08-26T15:48:50.929-0700] {logging_mixin.py:190} INFO - [2024-08-26T15:48:50.929-0700] {dagbag.py:587} INFO - Filling up the DagBag from /home/jerson/airflow_venv/lib/python3.10/site-packages/airflow/example_dags/plugins/event_listener.py
[2024-08-26T15:48:50.931-0700] {processor.py:927} WARNING - No viable dags retrieved from /home/jerson/airflow_venv/lib/python3.10/site-packages/airflow/example_dags/plugins/event_listener.py
[2024-08-26T15:48:50.936-0700] {processor.py:208} INFO - Processing /home/jerson/airflow_venv/lib/python3.10/site-packages/airflow/example_dags/plugins/event_listener.py took 0.013 seconds
[2024-08-26T15:49:41.548-0700] {processor.py:186} INFO - Started process (PID=19912) to work on /home/jerson/airflow_venv/lib/python3.10/site-packages/airflow/example_dags/plugins/event_listener.py
[2024-08-26T15:49:41.549-0700] {processor.py:914} INFO - Processing file /home/jerson/airflow_venv/lib/python3.10/site-packages/airflow/example_dags/plugins/event_listener.py for tasks to queue
[2024-08-26T15:49:41.549-0700] {logging_mixin.py:190} INFO - [2024-08-26T15:49:41.549-0700] {dagbag.py:587} INFO - Filling up the DagBag from /home/jerson/airflow_venv/lib/python3.10/site-packages/airflow/example_dags/plugins/event_listener.py
[2024-08-26T15:49:41.551-0700] {processor.py:927} WARNING - No viable dags retrieved from /home/jerson/airflow_venv/lib/python3.10/site-packages/airflow/example_dags/plugins/event_listener.py
[2024-08-26T15:49:41.556-0700] {processor.py:208} INFO - Processing /home/jerson/airflow_venv/lib/python3.10/site-packages/airflow/example_dags/plugins/event_listener.py took 0.013 seconds
[2024-08-26T15:50:06.165-0700] {processor.py:186} INFO - Started process (PID=20188) to work on /home/jerson/airflow_venv/lib/python3.10/site-packages/airflow/example_dags/plugins/event_listener.py
[2024-08-26T15:50:06.166-0700] {processor.py:914} INFO - Processing file /home/jerson/airflow_venv/lib/python3.10/site-packages/airflow/example_dags/plugins/event_listener.py for tasks to queue
[2024-08-26T15:50:06.168-0700] {logging_mixin.py:190} INFO - [2024-08-26T15:50:06.167-0700] {dagbag.py:587} INFO - Filling up the DagBag from /home/jerson/airflow_venv/lib/python3.10/site-packages/airflow/example_dags/plugins/event_listener.py
[2024-08-26T15:50:06.169-0700] {processor.py:927} WARNING - No viable dags retrieved from /home/jerson/airflow_venv/lib/python3.10/site-packages/airflow/example_dags/plugins/event_listener.py
[2024-08-26T15:50:06.175-0700] {processor.py:208} INFO - Processing /home/jerson/airflow_venv/lib/python3.10/site-packages/airflow/example_dags/plugins/event_listener.py took 0.014 seconds
[2024-08-26T15:50:30.520-0700] {processor.py:186} INFO - Started process (PID=20492) to work on /home/jerson/airflow_venv/lib/python3.10/site-packages/airflow/example_dags/plugins/event_listener.py
[2024-08-26T15:50:30.521-0700] {processor.py:914} INFO - Processing file /home/jerson/airflow_venv/lib/python3.10/site-packages/airflow/example_dags/plugins/event_listener.py for tasks to queue
[2024-08-26T15:50:30.522-0700] {logging_mixin.py:190} INFO - [2024-08-26T15:50:30.522-0700] {dagbag.py:587} INFO - Filling up the DagBag from /home/jerson/airflow_venv/lib/python3.10/site-packages/airflow/example_dags/plugins/event_listener.py
[2024-08-26T15:50:30.523-0700] {processor.py:927} WARNING - No viable dags retrieved from /home/jerson/airflow_venv/lib/python3.10/site-packages/airflow/example_dags/plugins/event_listener.py
[2024-08-26T15:50:30.529-0700] {processor.py:208} INFO - Processing /home/jerson/airflow_venv/lib/python3.10/site-packages/airflow/example_dags/plugins/event_listener.py took 0.013 seconds
[2024-08-26T15:51:00.138-0700] {processor.py:186} INFO - Started process (PID=20843) to work on /home/jerson/airflow_venv/lib/python3.10/site-packages/airflow/example_dags/plugins/event_listener.py
[2024-08-26T15:51:00.139-0700] {processor.py:914} INFO - Processing file /home/jerson/airflow_venv/lib/python3.10/site-packages/airflow/example_dags/plugins/event_listener.py for tasks to queue
[2024-08-26T15:51:00.140-0700] {logging_mixin.py:190} INFO - [2024-08-26T15:51:00.140-0700] {dagbag.py:587} INFO - Filling up the DagBag from /home/jerson/airflow_venv/lib/python3.10/site-packages/airflow/example_dags/plugins/event_listener.py
[2024-08-26T15:51:00.141-0700] {processor.py:927} WARNING - No viable dags retrieved from /home/jerson/airflow_venv/lib/python3.10/site-packages/airflow/example_dags/plugins/event_listener.py
[2024-08-26T15:51:00.147-0700] {processor.py:208} INFO - Processing /home/jerson/airflow_venv/lib/python3.10/site-packages/airflow/example_dags/plugins/event_listener.py took 0.011 seconds
[2024-08-26T15:51:18.965-0700] {processor.py:186} INFO - Started process (PID=21051) to work on /home/jerson/airflow_venv/lib/python3.10/site-packages/airflow/example_dags/plugins/event_listener.py
[2024-08-26T15:51:18.966-0700] {processor.py:914} INFO - Processing file /home/jerson/airflow_venv/lib/python3.10/site-packages/airflow/example_dags/plugins/event_listener.py for tasks to queue
[2024-08-26T15:51:18.967-0700] {logging_mixin.py:190} INFO - [2024-08-26T15:51:18.966-0700] {dagbag.py:587} INFO - Filling up the DagBag from /home/jerson/airflow_venv/lib/python3.10/site-packages/airflow/example_dags/plugins/event_listener.py
[2024-08-26T15:51:18.968-0700] {processor.py:927} WARNING - No viable dags retrieved from /home/jerson/airflow_venv/lib/python3.10/site-packages/airflow/example_dags/plugins/event_listener.py
[2024-08-26T15:51:18.973-0700] {processor.py:208} INFO - Processing /home/jerson/airflow_venv/lib/python3.10/site-packages/airflow/example_dags/plugins/event_listener.py took 0.013 seconds
[2024-08-26T15:51:48.314-0700] {processor.py:186} INFO - Started process (PID=21389) to work on /home/jerson/airflow_venv/lib/python3.10/site-packages/airflow/example_dags/plugins/event_listener.py
[2024-08-26T15:51:48.314-0700] {processor.py:914} INFO - Processing file /home/jerson/airflow_venv/lib/python3.10/site-packages/airflow/example_dags/plugins/event_listener.py for tasks to queue
[2024-08-26T15:51:48.316-0700] {logging_mixin.py:190} INFO - [2024-08-26T15:51:48.315-0700] {dagbag.py:587} INFO - Filling up the DagBag from /home/jerson/airflow_venv/lib/python3.10/site-packages/airflow/example_dags/plugins/event_listener.py
[2024-08-26T15:51:48.317-0700] {processor.py:927} WARNING - No viable dags retrieved from /home/jerson/airflow_venv/lib/python3.10/site-packages/airflow/example_dags/plugins/event_listener.py
[2024-08-26T15:51:48.323-0700] {processor.py:208} INFO - Processing /home/jerson/airflow_venv/lib/python3.10/site-packages/airflow/example_dags/plugins/event_listener.py took 0.013 seconds
[2024-08-26T15:52:34.523-0700] {processor.py:186} INFO - Started process (PID=21817) to work on /home/jerson/airflow_venv/lib/python3.10/site-packages/airflow/example_dags/plugins/event_listener.py
[2024-08-26T15:52:34.525-0700] {processor.py:914} INFO - Processing file /home/jerson/airflow_venv/lib/python3.10/site-packages/airflow/example_dags/plugins/event_listener.py for tasks to queue
[2024-08-26T15:52:34.526-0700] {logging_mixin.py:190} INFO - [2024-08-26T15:52:34.526-0700] {dagbag.py:587} INFO - Filling up the DagBag from /home/jerson/airflow_venv/lib/python3.10/site-packages/airflow/example_dags/plugins/event_listener.py
[2024-08-26T15:52:34.527-0700] {processor.py:927} WARNING - No viable dags retrieved from /home/jerson/airflow_venv/lib/python3.10/site-packages/airflow/example_dags/plugins/event_listener.py
[2024-08-26T15:52:34.533-0700] {processor.py:208} INFO - Processing /home/jerson/airflow_venv/lib/python3.10/site-packages/airflow/example_dags/plugins/event_listener.py took 0.013 seconds
[2024-08-26T15:53:25.182-0700] {processor.py:186} INFO - Started process (PID=22305) to work on /home/jerson/airflow_venv/lib/python3.10/site-packages/airflow/example_dags/plugins/event_listener.py
[2024-08-26T15:53:25.183-0700] {processor.py:914} INFO - Processing file /home/jerson/airflow_venv/lib/python3.10/site-packages/airflow/example_dags/plugins/event_listener.py for tasks to queue
[2024-08-26T15:53:25.184-0700] {logging_mixin.py:190} INFO - [2024-08-26T15:53:25.184-0700] {dagbag.py:587} INFO - Filling up the DagBag from /home/jerson/airflow_venv/lib/python3.10/site-packages/airflow/example_dags/plugins/event_listener.py
[2024-08-26T15:53:25.185-0700] {processor.py:927} WARNING - No viable dags retrieved from /home/jerson/airflow_venv/lib/python3.10/site-packages/airflow/example_dags/plugins/event_listener.py
[2024-08-26T15:53:25.191-0700] {processor.py:208} INFO - Processing /home/jerson/airflow_venv/lib/python3.10/site-packages/airflow/example_dags/plugins/event_listener.py took 0.012 seconds
[2024-08-26T15:53:58.080-0700] {processor.py:186} INFO - Started process (PID=22611) to work on /home/jerson/airflow_venv/lib/python3.10/site-packages/airflow/example_dags/plugins/event_listener.py
[2024-08-26T15:53:58.081-0700] {processor.py:914} INFO - Processing file /home/jerson/airflow_venv/lib/python3.10/site-packages/airflow/example_dags/plugins/event_listener.py for tasks to queue
[2024-08-26T15:53:58.082-0700] {logging_mixin.py:190} INFO - [2024-08-26T15:53:58.081-0700] {dagbag.py:587} INFO - Filling up the DagBag from /home/jerson/airflow_venv/lib/python3.10/site-packages/airflow/example_dags/plugins/event_listener.py
[2024-08-26T15:53:58.083-0700] {processor.py:927} WARNING - No viable dags retrieved from /home/jerson/airflow_venv/lib/python3.10/site-packages/airflow/example_dags/plugins/event_listener.py
[2024-08-26T15:53:58.088-0700] {processor.py:208} INFO - Processing /home/jerson/airflow_venv/lib/python3.10/site-packages/airflow/example_dags/plugins/event_listener.py took 0.012 seconds
[2024-08-26T15:55:12.783-0700] {processor.py:186} INFO - Started process (PID=23313) to work on /home/jerson/airflow_venv/lib/python3.10/site-packages/airflow/example_dags/plugins/event_listener.py
[2024-08-26T15:55:12.784-0700] {processor.py:914} INFO - Processing file /home/jerson/airflow_venv/lib/python3.10/site-packages/airflow/example_dags/plugins/event_listener.py for tasks to queue
[2024-08-26T15:55:12.785-0700] {logging_mixin.py:190} INFO - [2024-08-26T15:55:12.785-0700] {dagbag.py:587} INFO - Filling up the DagBag from /home/jerson/airflow_venv/lib/python3.10/site-packages/airflow/example_dags/plugins/event_listener.py
[2024-08-26T15:55:12.786-0700] {processor.py:927} WARNING - No viable dags retrieved from /home/jerson/airflow_venv/lib/python3.10/site-packages/airflow/example_dags/plugins/event_listener.py
[2024-08-26T15:55:12.791-0700] {processor.py:208} INFO - Processing /home/jerson/airflow_venv/lib/python3.10/site-packages/airflow/example_dags/plugins/event_listener.py took 0.012 seconds
[2024-08-26T15:56:06.744-0700] {processor.py:186} INFO - Started process (PID=23848) to work on /home/jerson/airflow_venv/lib/python3.10/site-packages/airflow/example_dags/plugins/event_listener.py
[2024-08-26T15:56:06.745-0700] {processor.py:914} INFO - Processing file /home/jerson/airflow_venv/lib/python3.10/site-packages/airflow/example_dags/plugins/event_listener.py for tasks to queue
[2024-08-26T15:56:06.746-0700] {logging_mixin.py:190} INFO - [2024-08-26T15:56:06.746-0700] {dagbag.py:587} INFO - Filling up the DagBag from /home/jerson/airflow_venv/lib/python3.10/site-packages/airflow/example_dags/plugins/event_listener.py
[2024-08-26T15:56:06.748-0700] {processor.py:927} WARNING - No viable dags retrieved from /home/jerson/airflow_venv/lib/python3.10/site-packages/airflow/example_dags/plugins/event_listener.py
[2024-08-26T15:56:06.754-0700] {processor.py:208} INFO - Processing /home/jerson/airflow_venv/lib/python3.10/site-packages/airflow/example_dags/plugins/event_listener.py took 0.013 seconds
[2024-08-26T15:56:56.047-0700] {processor.py:186} INFO - Started process (PID=24497) to work on /home/jerson/airflow_venv/lib/python3.10/site-packages/airflow/example_dags/plugins/event_listener.py
[2024-08-26T15:56:56.048-0700] {processor.py:914} INFO - Processing file /home/jerson/airflow_venv/lib/python3.10/site-packages/airflow/example_dags/plugins/event_listener.py for tasks to queue
[2024-08-26T15:56:56.049-0700] {logging_mixin.py:190} INFO - [2024-08-26T15:56:56.049-0700] {dagbag.py:587} INFO - Filling up the DagBag from /home/jerson/airflow_venv/lib/python3.10/site-packages/airflow/example_dags/plugins/event_listener.py
[2024-08-26T15:56:56.051-0700] {processor.py:927} WARNING - No viable dags retrieved from /home/jerson/airflow_venv/lib/python3.10/site-packages/airflow/example_dags/plugins/event_listener.py
[2024-08-26T15:56:56.058-0700] {processor.py:208} INFO - Processing /home/jerson/airflow_venv/lib/python3.10/site-packages/airflow/example_dags/plugins/event_listener.py took 0.014 seconds
[2024-08-26T15:57:55.444-0700] {processor.py:186} INFO - Started process (PID=25175) to work on /home/jerson/airflow_venv/lib/python3.10/site-packages/airflow/example_dags/plugins/event_listener.py
[2024-08-26T15:57:55.445-0700] {processor.py:914} INFO - Processing file /home/jerson/airflow_venv/lib/python3.10/site-packages/airflow/example_dags/plugins/event_listener.py for tasks to queue
[2024-08-26T15:57:55.446-0700] {logging_mixin.py:190} INFO - [2024-08-26T15:57:55.446-0700] {dagbag.py:587} INFO - Filling up the DagBag from /home/jerson/airflow_venv/lib/python3.10/site-packages/airflow/example_dags/plugins/event_listener.py
[2024-08-26T15:57:55.447-0700] {processor.py:927} WARNING - No viable dags retrieved from /home/jerson/airflow_venv/lib/python3.10/site-packages/airflow/example_dags/plugins/event_listener.py
[2024-08-26T15:57:55.452-0700] {processor.py:208} INFO - Processing /home/jerson/airflow_venv/lib/python3.10/site-packages/airflow/example_dags/plugins/event_listener.py took 0.012 seconds
[2024-08-26T15:58:48.476-0700] {processor.py:186} INFO - Started process (PID=25595) to work on /home/jerson/airflow_venv/lib/python3.10/site-packages/airflow/example_dags/plugins/event_listener.py
[2024-08-26T15:58:48.477-0700] {processor.py:914} INFO - Processing file /home/jerson/airflow_venv/lib/python3.10/site-packages/airflow/example_dags/plugins/event_listener.py for tasks to queue
[2024-08-26T15:58:48.478-0700] {logging_mixin.py:190} INFO - [2024-08-26T15:58:48.478-0700] {dagbag.py:587} INFO - Filling up the DagBag from /home/jerson/airflow_venv/lib/python3.10/site-packages/airflow/example_dags/plugins/event_listener.py
[2024-08-26T15:58:48.479-0700] {processor.py:927} WARNING - No viable dags retrieved from /home/jerson/airflow_venv/lib/python3.10/site-packages/airflow/example_dags/plugins/event_listener.py
[2024-08-26T15:58:48.484-0700] {processor.py:208} INFO - Processing /home/jerson/airflow_venv/lib/python3.10/site-packages/airflow/example_dags/plugins/event_listener.py took 0.012 seconds
[2024-08-26T15:59:34.732-0700] {processor.py:186} INFO - Started process (PID=25967) to work on /home/jerson/airflow_venv/lib/python3.10/site-packages/airflow/example_dags/plugins/event_listener.py
[2024-08-26T15:59:34.733-0700] {processor.py:914} INFO - Processing file /home/jerson/airflow_venv/lib/python3.10/site-packages/airflow/example_dags/plugins/event_listener.py for tasks to queue
[2024-08-26T15:59:34.734-0700] {logging_mixin.py:190} INFO - [2024-08-26T15:59:34.734-0700] {dagbag.py:587} INFO - Filling up the DagBag from /home/jerson/airflow_venv/lib/python3.10/site-packages/airflow/example_dags/plugins/event_listener.py
[2024-08-26T15:59:34.736-0700] {processor.py:927} WARNING - No viable dags retrieved from /home/jerson/airflow_venv/lib/python3.10/site-packages/airflow/example_dags/plugins/event_listener.py
[2024-08-26T15:59:34.741-0700] {processor.py:208} INFO - Processing /home/jerson/airflow_venv/lib/python3.10/site-packages/airflow/example_dags/plugins/event_listener.py took 0.012 seconds
[2024-08-26T16:00:22.186-0700] {processor.py:186} INFO - Started process (PID=26371) to work on /home/jerson/airflow_venv/lib/python3.10/site-packages/airflow/example_dags/plugins/event_listener.py
[2024-08-26T16:00:22.187-0700] {processor.py:914} INFO - Processing file /home/jerson/airflow_venv/lib/python3.10/site-packages/airflow/example_dags/plugins/event_listener.py for tasks to queue
[2024-08-26T16:00:22.188-0700] {logging_mixin.py:190} INFO - [2024-08-26T16:00:22.188-0700] {dagbag.py:587} INFO - Filling up the DagBag from /home/jerson/airflow_venv/lib/python3.10/site-packages/airflow/example_dags/plugins/event_listener.py
[2024-08-26T16:00:22.190-0700] {processor.py:927} WARNING - No viable dags retrieved from /home/jerson/airflow_venv/lib/python3.10/site-packages/airflow/example_dags/plugins/event_listener.py
[2024-08-26T16:00:22.195-0700] {processor.py:208} INFO - Processing /home/jerson/airflow_venv/lib/python3.10/site-packages/airflow/example_dags/plugins/event_listener.py took 0.012 seconds
[2024-08-26T16:01:08.334-0700] {processor.py:186} INFO - Started process (PID=26741) to work on /home/jerson/airflow_venv/lib/python3.10/site-packages/airflow/example_dags/plugins/event_listener.py
[2024-08-26T16:01:08.335-0700] {processor.py:914} INFO - Processing file /home/jerson/airflow_venv/lib/python3.10/site-packages/airflow/example_dags/plugins/event_listener.py for tasks to queue
[2024-08-26T16:01:08.337-0700] {logging_mixin.py:190} INFO - [2024-08-26T16:01:08.336-0700] {dagbag.py:587} INFO - Filling up the DagBag from /home/jerson/airflow_venv/lib/python3.10/site-packages/airflow/example_dags/plugins/event_listener.py
[2024-08-26T16:01:08.338-0700] {processor.py:927} WARNING - No viable dags retrieved from /home/jerson/airflow_venv/lib/python3.10/site-packages/airflow/example_dags/plugins/event_listener.py
[2024-08-26T16:01:08.343-0700] {processor.py:208} INFO - Processing /home/jerson/airflow_venv/lib/python3.10/site-packages/airflow/example_dags/plugins/event_listener.py took 0.012 seconds
[2024-08-26T16:01:56.276-0700] {processor.py:186} INFO - Started process (PID=27125) to work on /home/jerson/airflow_venv/lib/python3.10/site-packages/airflow/example_dags/plugins/event_listener.py
[2024-08-26T16:01:56.277-0700] {processor.py:914} INFO - Processing file /home/jerson/airflow_venv/lib/python3.10/site-packages/airflow/example_dags/plugins/event_listener.py for tasks to queue
[2024-08-26T16:01:56.278-0700] {logging_mixin.py:190} INFO - [2024-08-26T16:01:56.278-0700] {dagbag.py:587} INFO - Filling up the DagBag from /home/jerson/airflow_venv/lib/python3.10/site-packages/airflow/example_dags/plugins/event_listener.py
[2024-08-26T16:01:56.279-0700] {processor.py:927} WARNING - No viable dags retrieved from /home/jerson/airflow_venv/lib/python3.10/site-packages/airflow/example_dags/plugins/event_listener.py
[2024-08-26T16:01:56.287-0700] {processor.py:208} INFO - Processing /home/jerson/airflow_venv/lib/python3.10/site-packages/airflow/example_dags/plugins/event_listener.py took 0.014 seconds
[2024-08-26T16:02:47.633-0700] {processor.py:186} INFO - Started process (PID=27532) to work on /home/jerson/airflow_venv/lib/python3.10/site-packages/airflow/example_dags/plugins/event_listener.py
[2024-08-26T16:02:47.634-0700] {processor.py:914} INFO - Processing file /home/jerson/airflow_venv/lib/python3.10/site-packages/airflow/example_dags/plugins/event_listener.py for tasks to queue
[2024-08-26T16:02:47.635-0700] {logging_mixin.py:190} INFO - [2024-08-26T16:02:47.635-0700] {dagbag.py:587} INFO - Filling up the DagBag from /home/jerson/airflow_venv/lib/python3.10/site-packages/airflow/example_dags/plugins/event_listener.py
[2024-08-26T16:02:47.636-0700] {processor.py:927} WARNING - No viable dags retrieved from /home/jerson/airflow_venv/lib/python3.10/site-packages/airflow/example_dags/plugins/event_listener.py
[2024-08-26T16:02:47.642-0700] {processor.py:208} INFO - Processing /home/jerson/airflow_venv/lib/python3.10/site-packages/airflow/example_dags/plugins/event_listener.py took 0.012 seconds
[2024-08-26T16:03:36.569-0700] {processor.py:186} INFO - Started process (PID=27921) to work on /home/jerson/airflow_venv/lib/python3.10/site-packages/airflow/example_dags/plugins/event_listener.py
[2024-08-26T16:03:36.570-0700] {processor.py:914} INFO - Processing file /home/jerson/airflow_venv/lib/python3.10/site-packages/airflow/example_dags/plugins/event_listener.py for tasks to queue
[2024-08-26T16:03:36.571-0700] {logging_mixin.py:190} INFO - [2024-08-26T16:03:36.571-0700] {dagbag.py:587} INFO - Filling up the DagBag from /home/jerson/airflow_venv/lib/python3.10/site-packages/airflow/example_dags/plugins/event_listener.py
[2024-08-26T16:03:36.573-0700] {processor.py:927} WARNING - No viable dags retrieved from /home/jerson/airflow_venv/lib/python3.10/site-packages/airflow/example_dags/plugins/event_listener.py
[2024-08-26T16:03:36.578-0700] {processor.py:208} INFO - Processing /home/jerson/airflow_venv/lib/python3.10/site-packages/airflow/example_dags/plugins/event_listener.py took 0.012 seconds
[2024-08-26T16:04:26.461-0700] {processor.py:186} INFO - Started process (PID=28320) to work on /home/jerson/airflow_venv/lib/python3.10/site-packages/airflow/example_dags/plugins/event_listener.py
[2024-08-26T16:04:26.470-0700] {processor.py:914} INFO - Processing file /home/jerson/airflow_venv/lib/python3.10/site-packages/airflow/example_dags/plugins/event_listener.py for tasks to queue
[2024-08-26T16:04:26.471-0700] {logging_mixin.py:190} INFO - [2024-08-26T16:04:26.471-0700] {dagbag.py:587} INFO - Filling up the DagBag from /home/jerson/airflow_venv/lib/python3.10/site-packages/airflow/example_dags/plugins/event_listener.py
[2024-08-26T16:04:26.472-0700] {processor.py:927} WARNING - No viable dags retrieved from /home/jerson/airflow_venv/lib/python3.10/site-packages/airflow/example_dags/plugins/event_listener.py
[2024-08-26T16:04:26.478-0700] {processor.py:208} INFO - Processing /home/jerson/airflow_venv/lib/python3.10/site-packages/airflow/example_dags/plugins/event_listener.py took 0.020 seconds
[2024-08-26T16:05:14.104-0700] {processor.py:186} INFO - Started process (PID=28729) to work on /home/jerson/airflow_venv/lib/python3.10/site-packages/airflow/example_dags/plugins/event_listener.py
[2024-08-26T16:05:14.105-0700] {processor.py:914} INFO - Processing file /home/jerson/airflow_venv/lib/python3.10/site-packages/airflow/example_dags/plugins/event_listener.py for tasks to queue
[2024-08-26T16:05:14.106-0700] {logging_mixin.py:190} INFO - [2024-08-26T16:05:14.106-0700] {dagbag.py:587} INFO - Filling up the DagBag from /home/jerson/airflow_venv/lib/python3.10/site-packages/airflow/example_dags/plugins/event_listener.py
[2024-08-26T16:05:14.107-0700] {processor.py:927} WARNING - No viable dags retrieved from /home/jerson/airflow_venv/lib/python3.10/site-packages/airflow/example_dags/plugins/event_listener.py
[2024-08-26T16:05:14.113-0700] {processor.py:208} INFO - Processing /home/jerson/airflow_venv/lib/python3.10/site-packages/airflow/example_dags/plugins/event_listener.py took 0.012 seconds
[2024-08-26T16:06:00.628-0700] {processor.py:186} INFO - Started process (PID=29099) to work on /home/jerson/airflow_venv/lib/python3.10/site-packages/airflow/example_dags/plugins/event_listener.py
[2024-08-26T16:06:00.629-0700] {processor.py:914} INFO - Processing file /home/jerson/airflow_venv/lib/python3.10/site-packages/airflow/example_dags/plugins/event_listener.py for tasks to queue
[2024-08-26T16:06:00.630-0700] {logging_mixin.py:190} INFO - [2024-08-26T16:06:00.630-0700] {dagbag.py:587} INFO - Filling up the DagBag from /home/jerson/airflow_venv/lib/python3.10/site-packages/airflow/example_dags/plugins/event_listener.py
[2024-08-26T16:06:00.632-0700] {processor.py:927} WARNING - No viable dags retrieved from /home/jerson/airflow_venv/lib/python3.10/site-packages/airflow/example_dags/plugins/event_listener.py
[2024-08-26T16:06:00.637-0700] {processor.py:208} INFO - Processing /home/jerson/airflow_venv/lib/python3.10/site-packages/airflow/example_dags/plugins/event_listener.py took 0.012 seconds
[2024-08-26T16:06:48.745-0700] {processor.py:186} INFO - Started process (PID=29485) to work on /home/jerson/airflow_venv/lib/python3.10/site-packages/airflow/example_dags/plugins/event_listener.py
[2024-08-26T16:06:48.746-0700] {processor.py:914} INFO - Processing file /home/jerson/airflow_venv/lib/python3.10/site-packages/airflow/example_dags/plugins/event_listener.py for tasks to queue
[2024-08-26T16:06:48.747-0700] {logging_mixin.py:190} INFO - [2024-08-26T16:06:48.747-0700] {dagbag.py:587} INFO - Filling up the DagBag from /home/jerson/airflow_venv/lib/python3.10/site-packages/airflow/example_dags/plugins/event_listener.py
[2024-08-26T16:06:48.749-0700] {processor.py:927} WARNING - No viable dags retrieved from /home/jerson/airflow_venv/lib/python3.10/site-packages/airflow/example_dags/plugins/event_listener.py
[2024-08-26T16:06:48.754-0700] {processor.py:208} INFO - Processing /home/jerson/airflow_venv/lib/python3.10/site-packages/airflow/example_dags/plugins/event_listener.py took 0.012 seconds
[2024-08-26T16:07:47.279-0700] {processor.py:186} INFO - Started process (PID=29942) to work on /home/jerson/airflow_venv/lib/python3.10/site-packages/airflow/example_dags/plugins/event_listener.py
[2024-08-26T16:07:47.280-0700] {processor.py:914} INFO - Processing file /home/jerson/airflow_venv/lib/python3.10/site-packages/airflow/example_dags/plugins/event_listener.py for tasks to queue
[2024-08-26T16:07:47.281-0700] {logging_mixin.py:190} INFO - [2024-08-26T16:07:47.281-0700] {dagbag.py:587} INFO - Filling up the DagBag from /home/jerson/airflow_venv/lib/python3.10/site-packages/airflow/example_dags/plugins/event_listener.py
[2024-08-26T16:07:47.283-0700] {processor.py:927} WARNING - No viable dags retrieved from /home/jerson/airflow_venv/lib/python3.10/site-packages/airflow/example_dags/plugins/event_listener.py
[2024-08-26T16:07:47.289-0700] {processor.py:208} INFO - Processing /home/jerson/airflow_venv/lib/python3.10/site-packages/airflow/example_dags/plugins/event_listener.py took 0.013 seconds
[2024-08-26T16:08:21.215-0700] {processor.py:186} INFO - Started process (PID=30214) to work on /home/jerson/airflow_venv/lib/python3.10/site-packages/airflow/example_dags/plugins/event_listener.py
[2024-08-26T16:08:21.216-0700] {processor.py:914} INFO - Processing file /home/jerson/airflow_venv/lib/python3.10/site-packages/airflow/example_dags/plugins/event_listener.py for tasks to queue
[2024-08-26T16:08:21.217-0700] {logging_mixin.py:190} INFO - [2024-08-26T16:08:21.217-0700] {dagbag.py:587} INFO - Filling up the DagBag from /home/jerson/airflow_venv/lib/python3.10/site-packages/airflow/example_dags/plugins/event_listener.py
[2024-08-26T16:08:21.218-0700] {processor.py:927} WARNING - No viable dags retrieved from /home/jerson/airflow_venv/lib/python3.10/site-packages/airflow/example_dags/plugins/event_listener.py
[2024-08-26T16:08:21.224-0700] {processor.py:208} INFO - Processing /home/jerson/airflow_venv/lib/python3.10/site-packages/airflow/example_dags/plugins/event_listener.py took 0.013 seconds
[2024-08-26T16:09:11.369-0700] {processor.py:186} INFO - Started process (PID=30608) to work on /home/jerson/airflow_venv/lib/python3.10/site-packages/airflow/example_dags/plugins/event_listener.py
[2024-08-26T16:09:11.370-0700] {processor.py:914} INFO - Processing file /home/jerson/airflow_venv/lib/python3.10/site-packages/airflow/example_dags/plugins/event_listener.py for tasks to queue
[2024-08-26T16:09:11.371-0700] {logging_mixin.py:190} INFO - [2024-08-26T16:09:11.371-0700] {dagbag.py:587} INFO - Filling up the DagBag from /home/jerson/airflow_venv/lib/python3.10/site-packages/airflow/example_dags/plugins/event_listener.py
[2024-08-26T16:09:11.373-0700] {processor.py:927} WARNING - No viable dags retrieved from /home/jerson/airflow_venv/lib/python3.10/site-packages/airflow/example_dags/plugins/event_listener.py
[2024-08-26T16:09:11.379-0700] {processor.py:208} INFO - Processing /home/jerson/airflow_venv/lib/python3.10/site-packages/airflow/example_dags/plugins/event_listener.py took 0.013 seconds
[2024-08-26T16:09:59.585-0700] {processor.py:186} INFO - Started process (PID=30993) to work on /home/jerson/airflow_venv/lib/python3.10/site-packages/airflow/example_dags/plugins/event_listener.py
[2024-08-26T16:09:59.586-0700] {processor.py:914} INFO - Processing file /home/jerson/airflow_venv/lib/python3.10/site-packages/airflow/example_dags/plugins/event_listener.py for tasks to queue
[2024-08-26T16:09:59.587-0700] {logging_mixin.py:190} INFO - [2024-08-26T16:09:59.587-0700] {dagbag.py:587} INFO - Filling up the DagBag from /home/jerson/airflow_venv/lib/python3.10/site-packages/airflow/example_dags/plugins/event_listener.py
[2024-08-26T16:09:59.588-0700] {processor.py:927} WARNING - No viable dags retrieved from /home/jerson/airflow_venv/lib/python3.10/site-packages/airflow/example_dags/plugins/event_listener.py
[2024-08-26T16:09:59.594-0700] {processor.py:208} INFO - Processing /home/jerson/airflow_venv/lib/python3.10/site-packages/airflow/example_dags/plugins/event_listener.py took 0.012 seconds
[2024-08-26T16:10:46.980-0700] {processor.py:186} INFO - Started process (PID=31397) to work on /home/jerson/airflow_venv/lib/python3.10/site-packages/airflow/example_dags/plugins/event_listener.py
[2024-08-26T16:10:46.981-0700] {processor.py:914} INFO - Processing file /home/jerson/airflow_venv/lib/python3.10/site-packages/airflow/example_dags/plugins/event_listener.py for tasks to queue
[2024-08-26T16:10:46.982-0700] {logging_mixin.py:190} INFO - [2024-08-26T16:10:46.982-0700] {dagbag.py:587} INFO - Filling up the DagBag from /home/jerson/airflow_venv/lib/python3.10/site-packages/airflow/example_dags/plugins/event_listener.py
[2024-08-26T16:10:46.983-0700] {processor.py:927} WARNING - No viable dags retrieved from /home/jerson/airflow_venv/lib/python3.10/site-packages/airflow/example_dags/plugins/event_listener.py
[2024-08-26T16:10:46.989-0700] {processor.py:208} INFO - Processing /home/jerson/airflow_venv/lib/python3.10/site-packages/airflow/example_dags/plugins/event_listener.py took 0.012 seconds
[2024-08-26T16:11:36.675-0700] {processor.py:186} INFO - Started process (PID=31796) to work on /home/jerson/airflow_venv/lib/python3.10/site-packages/airflow/example_dags/plugins/event_listener.py
[2024-08-26T16:11:36.675-0700] {processor.py:914} INFO - Processing file /home/jerson/airflow_venv/lib/python3.10/site-packages/airflow/example_dags/plugins/event_listener.py for tasks to queue
[2024-08-26T16:11:36.677-0700] {logging_mixin.py:190} INFO - [2024-08-26T16:11:36.676-0700] {dagbag.py:587} INFO - Filling up the DagBag from /home/jerson/airflow_venv/lib/python3.10/site-packages/airflow/example_dags/plugins/event_listener.py
[2024-08-26T16:11:36.678-0700] {processor.py:927} WARNING - No viable dags retrieved from /home/jerson/airflow_venv/lib/python3.10/site-packages/airflow/example_dags/plugins/event_listener.py
[2024-08-26T16:11:36.684-0700] {processor.py:208} INFO - Processing /home/jerson/airflow_venv/lib/python3.10/site-packages/airflow/example_dags/plugins/event_listener.py took 0.012 seconds
[2024-08-26T16:12:25.047-0700] {processor.py:186} INFO - Started process (PID=32183) to work on /home/jerson/airflow_venv/lib/python3.10/site-packages/airflow/example_dags/plugins/event_listener.py
[2024-08-26T16:12:25.048-0700] {processor.py:914} INFO - Processing file /home/jerson/airflow_venv/lib/python3.10/site-packages/airflow/example_dags/plugins/event_listener.py for tasks to queue
[2024-08-26T16:12:25.049-0700] {logging_mixin.py:190} INFO - [2024-08-26T16:12:25.049-0700] {dagbag.py:587} INFO - Filling up the DagBag from /home/jerson/airflow_venv/lib/python3.10/site-packages/airflow/example_dags/plugins/event_listener.py
[2024-08-26T16:12:25.051-0700] {processor.py:927} WARNING - No viable dags retrieved from /home/jerson/airflow_venv/lib/python3.10/site-packages/airflow/example_dags/plugins/event_listener.py
[2024-08-26T16:12:25.056-0700] {processor.py:208} INFO - Processing /home/jerson/airflow_venv/lib/python3.10/site-packages/airflow/example_dags/plugins/event_listener.py took 0.012 seconds
