[2024-08-26T15:57:01.350-0700] {local_task_job_runner.py:123} INFO - ::group::Pre task execution logs
[2024-08-26T15:57:01.357-0700] {taskinstance.py:2603} INFO - Dependencies all met for dep_context=non-requeueable deps ti=<TaskInstance: my-first-python-etl-dag.load manual__2024-08-26T22:46:12+00:00 [queued]>
[2024-08-26T15:57:01.361-0700] {taskinstance.py:2603} INFO - Dependencies all met for dep_context=requeueable deps ti=<TaskInstance: my-first-python-etl-dag.load manual__2024-08-26T22:46:12+00:00 [queued]>
[2024-08-26T15:57:01.361-0700] {taskinstance.py:2856} INFO - Starting attempt 1 of 2
[2024-08-26T15:57:01.375-0700] {taskinstance.py:2879} INFO - Executing <Task(PythonOperator): load> on 2024-08-26 22:46:12+00:00
[2024-08-26T15:57:01.377-0700] {standard_task_runner.py:72} INFO - Started process 24599 to run task
[2024-08-26T15:57:01.379-0700] {standard_task_runner.py:104} INFO - Running: ['airflow', 'tasks', 'run', 'my-first-python-etl-dag', 'load', 'manual__2024-08-26T22:46:12+00:00', '--job-id', '8', '--raw', '--subdir', '/home/jerson/airflow/dags', '--cfg-path', '/tmp/tmpa6lk1ie7']
[2024-08-26T15:57:01.379-0700] {standard_task_runner.py:105} INFO - Job 8: Subtask load
[2024-08-26T15:57:01.408-0700] {task_command.py:467} INFO - Running <TaskInstance: my-first-python-etl-dag.load manual__2024-08-26T22:46:12+00:00 [running]> on host PCJer.
[2024-08-26T15:57:01.456-0700] {taskinstance.py:3122} INFO - Exporting env vars: AIRFLOW_CTX_DAG_EMAIL='your email' AIRFLOW_CTX_DAG_OWNER='Your name' AIRFLOW_CTX_DAG_ID='my-first-python-etl-dag' AIRFLOW_CTX_TASK_ID='load' AIRFLOW_CTX_EXECUTION_DATE='2024-08-26T22:46:12+00:00' AIRFLOW_CTX_TRY_NUMBER='1' AIRFLOW_CTX_DAG_RUN_ID='manual__2024-08-26T22:46:12+00:00'
[2024-08-26T15:57:01.457-0700] {logging_mixin.py:190} INFO - Task instance is in running state
[2024-08-26T15:57:01.457-0700] {logging_mixin.py:190} INFO -  Previous state of the Task instance: queued
[2024-08-26T15:57:01.458-0700] {logging_mixin.py:190} INFO - Current task name:load state:running start_date:2024-08-26 22:57:01.357620+00:00
[2024-08-26T15:57:01.458-0700] {logging_mixin.py:190} INFO - Dag name:my-first-python-etl-dag and current dag run status:running
[2024-08-26T15:57:01.458-0700] {taskinstance.py:731} INFO - ::endgroup::
[2024-08-26T15:57:01.458-0700] {logging_mixin.py:190} INFO - Inside Load
[2024-08-26T15:57:01.458-0700] {python.py:240} INFO - Done. Returned value was: None
[2024-08-26T15:57:01.461-0700] {taskinstance.py:340} INFO - ::group::Post task execution logs
[2024-08-26T15:57:01.461-0700] {taskinstance.py:352} INFO - Marking task as SUCCESS. dag_id=my-first-python-etl-dag, task_id=load, run_id=manual__2024-08-26T22:46:12+00:00, execution_date=20240826T224612, start_date=20240826T225701, end_date=20240826T225701
[2024-08-26T15:57:01.474-0700] {logging_mixin.py:190} INFO - Task instance in success state
[2024-08-26T15:57:01.474-0700] {logging_mixin.py:190} INFO -  Previous state of the Task instance: running
[2024-08-26T15:57:01.474-0700] {logging_mixin.py:190} INFO - Dag name:my-first-python-etl-dag queued_at:2024-08-26 22:46:12.424486+00:00
[2024-08-26T15:57:01.475-0700] {logging_mixin.py:190} INFO - Task hostname:PCJer. operator:PythonOperator
[2024-08-26T15:57:01.512-0700] {local_task_job_runner.py:261} INFO - Task exited with return code 0
[2024-08-26T15:57:01.522-0700] {taskinstance.py:3891} INFO - 1 downstream tasks scheduled from follow-on schedule check
[2024-08-26T15:57:01.528-0700] {local_task_job_runner.py:240} INFO - ::endgroup::
