[2024-08-26T18:21:17.808-0700] {local_task_job_runner.py:123} INFO - ::group::Pre task execution logs
[2024-08-26T18:21:17.813-0700] {taskinstance.py:2603} INFO - Dependencies all met for dep_context=non-requeueable deps ti=<TaskInstance: ETL_Server_Access_Log_Processing.download manual__2024-08-27T01:21:15.392051+00:00 [queued]>
[2024-08-26T18:21:17.816-0700] {taskinstance.py:2603} INFO - Dependencies all met for dep_context=requeueable deps ti=<TaskInstance: ETL_Server_Access_Log_Processing.download manual__2024-08-27T01:21:15.392051+00:00 [queued]>
[2024-08-26T18:21:17.816-0700] {taskinstance.py:2856} INFO - Starting attempt 1 of 2
[2024-08-26T18:21:17.829-0700] {taskinstance.py:2879} INFO - Executing <Task(PythonOperator): download> on 2024-08-27 01:21:15.392051+00:00
[2024-08-26T18:21:17.830-0700] {standard_task_runner.py:72} INFO - Started process 58668 to run task
[2024-08-26T18:21:17.832-0700] {standard_task_runner.py:104} INFO - Running: ['airflow', 'tasks', 'run', 'ETL_Server_Access_Log_Processing', 'download', 'manual__2024-08-27T01:21:15.392051+00:00', '--job-id', '22', '--raw', '--subdir', 'DAGS_FOLDER/ETL_Server_Access_Log_Processing.py', '--cfg-path', '/tmp/tmpokrtvzel']
[2024-08-26T18:21:17.832-0700] {standard_task_runner.py:105} INFO - Job 22: Subtask download
[2024-08-26T18:21:17.856-0700] {task_command.py:467} INFO - Running <TaskInstance: ETL_Server_Access_Log_Processing.download manual__2024-08-27T01:21:15.392051+00:00 [running]> on host PCJer.
[2024-08-26T18:21:17.895-0700] {taskinstance.py:3122} INFO - Exporting env vars: AIRFLOW_CTX_DAG_EMAIL='jersonenriquezv@gmail.com' AIRFLOW_CTX_DAG_OWNER='admin' AIRFLOW_CTX_DAG_ID='ETL_Server_Access_Log_Processing' AIRFLOW_CTX_TASK_ID='download' AIRFLOW_CTX_EXECUTION_DATE='2024-08-27T01:21:15.392051+00:00' AIRFLOW_CTX_TRY_NUMBER='1' AIRFLOW_CTX_DAG_RUN_ID='manual__2024-08-27T01:21:15.392051+00:00'
[2024-08-26T18:21:17.896-0700] {logging_mixin.py:190} INFO - Task instance is in running state
[2024-08-26T18:21:17.896-0700] {logging_mixin.py:190} INFO -  Previous state of the Task instance: queued
[2024-08-26T18:21:17.896-0700] {logging_mixin.py:190} INFO - Current task name:download state:running start_date:2024-08-27 01:21:17.813378+00:00
[2024-08-26T18:21:17.897-0700] {logging_mixin.py:190} INFO - Dag name:ETL_Server_Access_Log_Processing and current dag run status:running
[2024-08-26T18:21:17.897-0700] {taskinstance.py:731} INFO - ::endgroup::
[2024-08-26T18:21:18.424-0700] {logging_mixin.py:190} INFO - File downloaded successfully: /home/jerson/airflow/web-server-access-log.txt
[2024-08-26T18:21:18.425-0700] {python.py:240} INFO - Done. Returned value was: None
[2024-08-26T18:21:18.427-0700] {taskinstance.py:340} INFO - ::group::Post task execution logs
[2024-08-26T18:21:18.428-0700] {taskinstance.py:352} INFO - Marking task as SUCCESS. dag_id=ETL_Server_Access_Log_Processing, task_id=download, run_id=manual__2024-08-27T01:21:15.392051+00:00, execution_date=20240827T012115, start_date=20240827T012117, end_date=20240827T012118
[2024-08-26T18:21:18.441-0700] {logging_mixin.py:190} INFO - Task instance in success state
[2024-08-26T18:21:18.441-0700] {logging_mixin.py:190} INFO -  Previous state of the Task instance: running
[2024-08-26T18:21:18.441-0700] {logging_mixin.py:190} INFO - Dag name:ETL_Server_Access_Log_Processing queued_at:2024-08-27 01:21:15.399120+00:00
[2024-08-26T18:21:18.441-0700] {logging_mixin.py:190} INFO - Task hostname:PCJer. operator:PythonOperator
[2024-08-26T18:21:18.447-0700] {local_task_job_runner.py:261} INFO - Task exited with return code 0
[2024-08-26T18:21:18.459-0700] {taskinstance.py:3891} INFO - 1 downstream tasks scheduled from follow-on schedule check
[2024-08-26T18:21:18.466-0700] {local_task_job_runner.py:240} INFO - ::endgroup::
