[2024-08-26T17:36:36.899-0700] {local_task_job_runner.py:123} INFO - ::group::Pre task execution logs
[2024-08-26T17:36:36.909-0700] {taskinstance.py:2603} INFO - Dependencies all met for dep_context=non-requeueable deps ti=<TaskInstance: my-first-python-etl-dag.transform scheduled__2024-08-26T00:00:00+00:00 [queued]>
[2024-08-26T17:36:36.913-0700] {taskinstance.py:2603} INFO - Dependencies all met for dep_context=requeueable deps ti=<TaskInstance: my-first-python-etl-dag.transform scheduled__2024-08-26T00:00:00+00:00 [queued]>
[2024-08-26T17:36:36.913-0700] {taskinstance.py:2856} INFO - Starting attempt 1 of 2
[2024-08-26T17:36:36.935-0700] {taskinstance.py:2879} INFO - Executing <Task(PythonOperator): transform> on 2024-08-26 00:00:00+00:00
[2024-08-26T17:36:36.937-0700] {standard_task_runner.py:72} INFO - Started process 32311 to run task
[2024-08-26T17:36:36.939-0700] {standard_task_runner.py:104} INFO - Running: ['airflow', 'tasks', 'run', 'my-first-python-etl-dag', 'transform', 'scheduled__2024-08-26T00:00:00+00:00', '--job-id', '11', '--raw', '--subdir', '/home/jerson/airflow/dags', '--cfg-path', '/tmp/tmpgum7n8o0']
[2024-08-26T17:36:36.939-0700] {standard_task_runner.py:105} INFO - Job 11: Subtask transform
[2024-08-26T17:36:36.973-0700] {task_command.py:467} INFO - Running <TaskInstance: my-first-python-etl-dag.transform scheduled__2024-08-26T00:00:00+00:00 [running]> on host PCJer.
[2024-08-26T17:36:37.029-0700] {taskinstance.py:3122} INFO - Exporting env vars: AIRFLOW_CTX_DAG_EMAIL='your email' AIRFLOW_CTX_DAG_OWNER='Your name' AIRFLOW_CTX_DAG_ID='my-first-python-etl-dag' AIRFLOW_CTX_TASK_ID='transform' AIRFLOW_CTX_EXECUTION_DATE='2024-08-26T00:00:00+00:00' AIRFLOW_CTX_TRY_NUMBER='1' AIRFLOW_CTX_DAG_RUN_ID='scheduled__2024-08-26T00:00:00+00:00'
[2024-08-26T17:36:37.029-0700] {logging_mixin.py:190} INFO - Task instance is in running state
[2024-08-26T17:36:37.030-0700] {logging_mixin.py:190} INFO -  Previous state of the Task instance: queued
[2024-08-26T17:36:37.030-0700] {logging_mixin.py:190} INFO - Current task name:transform state:running start_date:2024-08-27 00:36:36.909264+00:00
[2024-08-26T17:36:37.030-0700] {logging_mixin.py:190} INFO - Dag name:my-first-python-etl-dag and current dag run status:running
[2024-08-26T17:36:37.030-0700] {taskinstance.py:731} INFO - ::endgroup::
[2024-08-26T17:36:37.030-0700] {logging_mixin.py:190} INFO - Inside Transform
[2024-08-26T17:36:37.030-0700] {python.py:240} INFO - Done. Returned value was: None
[2024-08-26T17:36:37.033-0700] {taskinstance.py:340} INFO - ::group::Post task execution logs
[2024-08-26T17:36:37.034-0700] {taskinstance.py:352} INFO - Marking task as SUCCESS. dag_id=my-first-python-etl-dag, task_id=transform, run_id=scheduled__2024-08-26T00:00:00+00:00, execution_date=20240826T000000, start_date=20240827T003636, end_date=20240827T003637
[2024-08-26T17:36:37.046-0700] {logging_mixin.py:190} INFO - Task instance in success state
[2024-08-26T17:36:37.046-0700] {logging_mixin.py:190} INFO -  Previous state of the Task instance: running
[2024-08-26T17:36:37.046-0700] {logging_mixin.py:190} INFO - Dag name:my-first-python-etl-dag queued_at:2024-08-27 00:36:31.837217+00:00
[2024-08-26T17:36:37.046-0700] {logging_mixin.py:190} INFO - Task hostname:PCJer. operator:PythonOperator
[2024-08-26T17:36:37.072-0700] {local_task_job_runner.py:261} INFO - Task exited with return code 0
[2024-08-26T17:36:37.085-0700] {taskinstance.py:3891} INFO - 1 downstream tasks scheduled from follow-on schedule check
[2024-08-26T17:36:37.091-0700] {local_task_job_runner.py:240} INFO - ::endgroup::
