[2024-08-26T17:36:53.327-0700] {processor.py:186} INFO - Started process (PID=32579) to work on /home/jerson/airflow_venv/lib/python3.10/site-packages/airflow/example_dags/example_workday_timetable.py
[2024-08-26T17:36:53.328-0700] {processor.py:914} INFO - Processing file /home/jerson/airflow_venv/lib/python3.10/site-packages/airflow/example_dags/example_workday_timetable.py for tasks to queue
[2024-08-26T17:36:53.329-0700] {logging_mixin.py:190} INFO - [2024-08-26T17:36:53.329-0700] {dagbag.py:587} INFO - Filling up the DagBag from /home/jerson/airflow_venv/lib/python3.10/site-packages/airflow/example_dags/example_workday_timetable.py
[2024-08-26T17:36:53.332-0700] {processor.py:925} INFO - DAG(s) 'example_workday_timetable' retrieved from /home/jerson/airflow_venv/lib/python3.10/site-packages/airflow/example_dags/example_workday_timetable.py
[2024-08-26T17:36:53.342-0700] {logging_mixin.py:190} INFO - [2024-08-26T17:36:53.342-0700] {dag.py:3211} INFO - Sync 1 DAGs
[2024-08-26T17:36:53.360-0700] {logging_mixin.py:190} INFO - [2024-08-26T17:36:53.360-0700] {dag.py:4138} INFO - Setting next_dagrun for example_workday_timetable to 2021-01-01 00:00:00+00:00, run_after=2021-01-02 00:00:00+00:00
[2024-08-26T17:36:53.391-0700] {processor.py:208} INFO - Processing /home/jerson/airflow_venv/lib/python3.10/site-packages/airflow/example_dags/example_workday_timetable.py took 0.067 seconds
[2024-08-26T17:37:54.971-0700] {processor.py:186} INFO - Started process (PID=33066) to work on /home/jerson/airflow_venv/lib/python3.10/site-packages/airflow/example_dags/example_workday_timetable.py
[2024-08-26T17:37:54.972-0700] {processor.py:914} INFO - Processing file /home/jerson/airflow_venv/lib/python3.10/site-packages/airflow/example_dags/example_workday_timetable.py for tasks to queue
[2024-08-26T17:37:54.973-0700] {logging_mixin.py:190} INFO - [2024-08-26T17:37:54.973-0700] {dagbag.py:587} INFO - Filling up the DagBag from /home/jerson/airflow_venv/lib/python3.10/site-packages/airflow/example_dags/example_workday_timetable.py
[2024-08-26T17:37:54.977-0700] {processor.py:925} INFO - DAG(s) 'example_workday_timetable' retrieved from /home/jerson/airflow_venv/lib/python3.10/site-packages/airflow/example_dags/example_workday_timetable.py
[2024-08-26T17:37:54.985-0700] {logging_mixin.py:190} INFO - [2024-08-26T17:37:54.985-0700] {dag.py:3211} INFO - Sync 1 DAGs
[2024-08-26T17:37:54.996-0700] {logging_mixin.py:190} INFO - [2024-08-26T17:37:54.996-0700] {dag.py:4138} INFO - Setting next_dagrun for example_workday_timetable to 2021-01-01 00:00:00+00:00, run_after=2021-01-02 00:00:00+00:00
[2024-08-26T17:37:55.011-0700] {processor.py:208} INFO - Processing /home/jerson/airflow_venv/lib/python3.10/site-packages/airflow/example_dags/example_workday_timetable.py took 0.043 seconds
[2024-08-26T17:38:45.273-0700] {processor.py:186} INFO - Started process (PID=33469) to work on /home/jerson/airflow_venv/lib/python3.10/site-packages/airflow/example_dags/example_workday_timetable.py
[2024-08-26T17:38:45.274-0700] {processor.py:914} INFO - Processing file /home/jerson/airflow_venv/lib/python3.10/site-packages/airflow/example_dags/example_workday_timetable.py for tasks to queue
[2024-08-26T17:38:45.276-0700] {logging_mixin.py:190} INFO - [2024-08-26T17:38:45.275-0700] {dagbag.py:587} INFO - Filling up the DagBag from /home/jerson/airflow_venv/lib/python3.10/site-packages/airflow/example_dags/example_workday_timetable.py
[2024-08-26T17:38:45.279-0700] {processor.py:925} INFO - DAG(s) 'example_workday_timetable' retrieved from /home/jerson/airflow_venv/lib/python3.10/site-packages/airflow/example_dags/example_workday_timetable.py
[2024-08-26T17:38:45.287-0700] {logging_mixin.py:190} INFO - [2024-08-26T17:38:45.287-0700] {dag.py:3211} INFO - Sync 1 DAGs
[2024-08-26T17:38:45.298-0700] {logging_mixin.py:190} INFO - [2024-08-26T17:38:45.297-0700] {dag.py:4138} INFO - Setting next_dagrun for example_workday_timetable to 2021-01-01 00:00:00+00:00, run_after=2021-01-02 00:00:00+00:00
[2024-08-26T17:38:45.313-0700] {processor.py:208} INFO - Processing /home/jerson/airflow_venv/lib/python3.10/site-packages/airflow/example_dags/example_workday_timetable.py took 0.043 seconds
[2024-08-26T17:39:56.387-0700] {processor.py:186} INFO - Started process (PID=34063) to work on /home/jerson/airflow_venv/lib/python3.10/site-packages/airflow/example_dags/example_workday_timetable.py
[2024-08-26T17:39:56.388-0700] {processor.py:914} INFO - Processing file /home/jerson/airflow_venv/lib/python3.10/site-packages/airflow/example_dags/example_workday_timetable.py for tasks to queue
[2024-08-26T17:39:56.389-0700] {logging_mixin.py:190} INFO - [2024-08-26T17:39:56.388-0700] {dagbag.py:587} INFO - Filling up the DagBag from /home/jerson/airflow_venv/lib/python3.10/site-packages/airflow/example_dags/example_workday_timetable.py
[2024-08-26T17:39:56.392-0700] {processor.py:925} INFO - DAG(s) 'example_workday_timetable' retrieved from /home/jerson/airflow_venv/lib/python3.10/site-packages/airflow/example_dags/example_workday_timetable.py
[2024-08-26T17:39:56.400-0700] {logging_mixin.py:190} INFO - [2024-08-26T17:39:56.400-0700] {dag.py:3211} INFO - Sync 1 DAGs
[2024-08-26T17:39:56.411-0700] {logging_mixin.py:190} INFO - [2024-08-26T17:39:56.411-0700] {dag.py:4138} INFO - Setting next_dagrun for example_workday_timetable to 2021-01-01 00:00:00+00:00, run_after=2021-01-02 00:00:00+00:00
[2024-08-26T17:39:56.425-0700] {processor.py:208} INFO - Processing /home/jerson/airflow_venv/lib/python3.10/site-packages/airflow/example_dags/example_workday_timetable.py took 0.042 seconds
[2024-08-26T17:40:45.192-0700] {processor.py:186} INFO - Started process (PID=34453) to work on /home/jerson/airflow_venv/lib/python3.10/site-packages/airflow/example_dags/example_workday_timetable.py
[2024-08-26T17:40:45.193-0700] {processor.py:914} INFO - Processing file /home/jerson/airflow_venv/lib/python3.10/site-packages/airflow/example_dags/example_workday_timetable.py for tasks to queue
[2024-08-26T17:40:45.194-0700] {logging_mixin.py:190} INFO - [2024-08-26T17:40:45.194-0700] {dagbag.py:587} INFO - Filling up the DagBag from /home/jerson/airflow_venv/lib/python3.10/site-packages/airflow/example_dags/example_workday_timetable.py
[2024-08-26T17:40:45.197-0700] {processor.py:925} INFO - DAG(s) 'example_workday_timetable' retrieved from /home/jerson/airflow_venv/lib/python3.10/site-packages/airflow/example_dags/example_workday_timetable.py
[2024-08-26T17:40:45.205-0700] {logging_mixin.py:190} INFO - [2024-08-26T17:40:45.205-0700] {dag.py:3211} INFO - Sync 1 DAGs
[2024-08-26T17:40:45.216-0700] {logging_mixin.py:190} INFO - [2024-08-26T17:40:45.215-0700] {dag.py:4138} INFO - Setting next_dagrun for example_workday_timetable to 2021-01-01 00:00:00+00:00, run_after=2021-01-02 00:00:00+00:00
[2024-08-26T17:40:45.234-0700] {processor.py:208} INFO - Processing /home/jerson/airflow_venv/lib/python3.10/site-packages/airflow/example_dags/example_workday_timetable.py took 0.045 seconds
[2024-08-26T17:41:34.368-0700] {processor.py:186} INFO - Started process (PID=34843) to work on /home/jerson/airflow_venv/lib/python3.10/site-packages/airflow/example_dags/example_workday_timetable.py
[2024-08-26T17:41:34.369-0700] {processor.py:914} INFO - Processing file /home/jerson/airflow_venv/lib/python3.10/site-packages/airflow/example_dags/example_workday_timetable.py for tasks to queue
[2024-08-26T17:41:34.370-0700] {logging_mixin.py:190} INFO - [2024-08-26T17:41:34.370-0700] {dagbag.py:587} INFO - Filling up the DagBag from /home/jerson/airflow_venv/lib/python3.10/site-packages/airflow/example_dags/example_workday_timetable.py
[2024-08-26T17:41:34.373-0700] {processor.py:925} INFO - DAG(s) 'example_workday_timetable' retrieved from /home/jerson/airflow_venv/lib/python3.10/site-packages/airflow/example_dags/example_workday_timetable.py
[2024-08-26T17:41:34.382-0700] {logging_mixin.py:190} INFO - [2024-08-26T17:41:34.382-0700] {dag.py:3211} INFO - Sync 1 DAGs
[2024-08-26T17:41:34.393-0700] {logging_mixin.py:190} INFO - [2024-08-26T17:41:34.393-0700] {dag.py:4138} INFO - Setting next_dagrun for example_workday_timetable to 2021-01-01 00:00:00+00:00, run_after=2021-01-02 00:00:00+00:00
[2024-08-26T17:41:34.408-0700] {processor.py:208} INFO - Processing /home/jerson/airflow_venv/lib/python3.10/site-packages/airflow/example_dags/example_workday_timetable.py took 0.043 seconds
[2024-08-26T17:42:22.737-0700] {processor.py:186} INFO - Started process (PID=35230) to work on /home/jerson/airflow_venv/lib/python3.10/site-packages/airflow/example_dags/example_workday_timetable.py
[2024-08-26T17:42:22.738-0700] {processor.py:914} INFO - Processing file /home/jerson/airflow_venv/lib/python3.10/site-packages/airflow/example_dags/example_workday_timetable.py for tasks to queue
[2024-08-26T17:42:22.739-0700] {logging_mixin.py:190} INFO - [2024-08-26T17:42:22.739-0700] {dagbag.py:587} INFO - Filling up the DagBag from /home/jerson/airflow_venv/lib/python3.10/site-packages/airflow/example_dags/example_workday_timetable.py
[2024-08-26T17:42:22.743-0700] {processor.py:925} INFO - DAG(s) 'example_workday_timetable' retrieved from /home/jerson/airflow_venv/lib/python3.10/site-packages/airflow/example_dags/example_workday_timetable.py
[2024-08-26T17:42:22.750-0700] {logging_mixin.py:190} INFO - [2024-08-26T17:42:22.750-0700] {dag.py:3211} INFO - Sync 1 DAGs
[2024-08-26T17:42:22.761-0700] {logging_mixin.py:190} INFO - [2024-08-26T17:42:22.761-0700] {dag.py:4138} INFO - Setting next_dagrun for example_workday_timetable to 2021-01-01 00:00:00+00:00, run_after=2021-01-02 00:00:00+00:00
[2024-08-26T17:42:22.776-0700] {processor.py:208} INFO - Processing /home/jerson/airflow_venv/lib/python3.10/site-packages/airflow/example_dags/example_workday_timetable.py took 0.042 seconds
[2024-08-26T17:43:12.912-0700] {processor.py:186} INFO - Started process (PID=35628) to work on /home/jerson/airflow_venv/lib/python3.10/site-packages/airflow/example_dags/example_workday_timetable.py
[2024-08-26T17:43:12.913-0700] {processor.py:914} INFO - Processing file /home/jerson/airflow_venv/lib/python3.10/site-packages/airflow/example_dags/example_workday_timetable.py for tasks to queue
[2024-08-26T17:43:12.914-0700] {logging_mixin.py:190} INFO - [2024-08-26T17:43:12.914-0700] {dagbag.py:587} INFO - Filling up the DagBag from /home/jerson/airflow_venv/lib/python3.10/site-packages/airflow/example_dags/example_workday_timetable.py
[2024-08-26T17:43:12.918-0700] {processor.py:925} INFO - DAG(s) 'example_workday_timetable' retrieved from /home/jerson/airflow_venv/lib/python3.10/site-packages/airflow/example_dags/example_workday_timetable.py
[2024-08-26T17:43:12.925-0700] {logging_mixin.py:190} INFO - [2024-08-26T17:43:12.925-0700] {dag.py:3211} INFO - Sync 1 DAGs
[2024-08-26T17:43:12.936-0700] {logging_mixin.py:190} INFO - [2024-08-26T17:43:12.936-0700] {dag.py:4138} INFO - Setting next_dagrun for example_workday_timetable to 2021-01-01 00:00:00+00:00, run_after=2021-01-02 00:00:00+00:00
[2024-08-26T17:43:12.952-0700] {processor.py:208} INFO - Processing /home/jerson/airflow_venv/lib/python3.10/site-packages/airflow/example_dags/example_workday_timetable.py took 0.043 seconds
[2024-08-26T17:44:02.933-0700] {processor.py:186} INFO - Started process (PID=36023) to work on /home/jerson/airflow_venv/lib/python3.10/site-packages/airflow/example_dags/example_workday_timetable.py
[2024-08-26T17:44:02.934-0700] {processor.py:914} INFO - Processing file /home/jerson/airflow_venv/lib/python3.10/site-packages/airflow/example_dags/example_workday_timetable.py for tasks to queue
[2024-08-26T17:44:02.935-0700] {logging_mixin.py:190} INFO - [2024-08-26T17:44:02.935-0700] {dagbag.py:587} INFO - Filling up the DagBag from /home/jerson/airflow_venv/lib/python3.10/site-packages/airflow/example_dags/example_workday_timetable.py
[2024-08-26T17:44:02.938-0700] {processor.py:925} INFO - DAG(s) 'example_workday_timetable' retrieved from /home/jerson/airflow_venv/lib/python3.10/site-packages/airflow/example_dags/example_workday_timetable.py
[2024-08-26T17:44:02.947-0700] {logging_mixin.py:190} INFO - [2024-08-26T17:44:02.946-0700] {dag.py:3211} INFO - Sync 1 DAGs
[2024-08-26T17:44:02.957-0700] {logging_mixin.py:190} INFO - [2024-08-26T17:44:02.957-0700] {dag.py:4138} INFO - Setting next_dagrun for example_workday_timetable to 2021-01-01 00:00:00+00:00, run_after=2021-01-02 00:00:00+00:00
[2024-08-26T17:44:02.972-0700] {processor.py:208} INFO - Processing /home/jerson/airflow_venv/lib/python3.10/site-packages/airflow/example_dags/example_workday_timetable.py took 0.043 seconds
[2024-08-26T17:44:50.564-0700] {processor.py:186} INFO - Started process (PID=36436) to work on /home/jerson/airflow_venv/lib/python3.10/site-packages/airflow/example_dags/example_workday_timetable.py
[2024-08-26T17:44:50.565-0700] {processor.py:914} INFO - Processing file /home/jerson/airflow_venv/lib/python3.10/site-packages/airflow/example_dags/example_workday_timetable.py for tasks to queue
[2024-08-26T17:44:50.566-0700] {logging_mixin.py:190} INFO - [2024-08-26T17:44:50.566-0700] {dagbag.py:587} INFO - Filling up the DagBag from /home/jerson/airflow_venv/lib/python3.10/site-packages/airflow/example_dags/example_workday_timetable.py
[2024-08-26T17:44:50.569-0700] {processor.py:925} INFO - DAG(s) 'example_workday_timetable' retrieved from /home/jerson/airflow_venv/lib/python3.10/site-packages/airflow/example_dags/example_workday_timetable.py
[2024-08-26T17:44:50.578-0700] {logging_mixin.py:190} INFO - [2024-08-26T17:44:50.578-0700] {dag.py:3211} INFO - Sync 1 DAGs
[2024-08-26T17:44:50.589-0700] {logging_mixin.py:190} INFO - [2024-08-26T17:44:50.588-0700] {dag.py:4138} INFO - Setting next_dagrun for example_workday_timetable to 2021-01-01 00:00:00+00:00, run_after=2021-01-02 00:00:00+00:00
[2024-08-26T17:44:50.604-0700] {processor.py:208} INFO - Processing /home/jerson/airflow_venv/lib/python3.10/site-packages/airflow/example_dags/example_workday_timetable.py took 0.043 seconds
[2024-08-26T17:45:41.336-0700] {processor.py:186} INFO - Started process (PID=36842) to work on /home/jerson/airflow_venv/lib/python3.10/site-packages/airflow/example_dags/example_workday_timetable.py
[2024-08-26T17:45:41.336-0700] {processor.py:914} INFO - Processing file /home/jerson/airflow_venv/lib/python3.10/site-packages/airflow/example_dags/example_workday_timetable.py for tasks to queue
[2024-08-26T17:45:41.338-0700] {logging_mixin.py:190} INFO - [2024-08-26T17:45:41.337-0700] {dagbag.py:587} INFO - Filling up the DagBag from /home/jerson/airflow_venv/lib/python3.10/site-packages/airflow/example_dags/example_workday_timetable.py
[2024-08-26T17:45:41.341-0700] {processor.py:925} INFO - DAG(s) 'example_workday_timetable' retrieved from /home/jerson/airflow_venv/lib/python3.10/site-packages/airflow/example_dags/example_workday_timetable.py
[2024-08-26T17:45:41.350-0700] {logging_mixin.py:190} INFO - [2024-08-26T17:45:41.350-0700] {dag.py:3211} INFO - Sync 1 DAGs
[2024-08-26T17:45:41.363-0700] {logging_mixin.py:190} INFO - [2024-08-26T17:45:41.363-0700] {dag.py:4138} INFO - Setting next_dagrun for example_workday_timetable to 2021-01-01 00:00:00+00:00, run_after=2021-01-02 00:00:00+00:00
[2024-08-26T17:45:41.380-0700] {processor.py:208} INFO - Processing /home/jerson/airflow_venv/lib/python3.10/site-packages/airflow/example_dags/example_workday_timetable.py took 0.047 seconds
[2024-08-26T17:46:30.352-0700] {processor.py:186} INFO - Started process (PID=37499) to work on /home/jerson/airflow_venv/lib/python3.10/site-packages/airflow/example_dags/example_workday_timetable.py
[2024-08-26T17:46:30.353-0700] {processor.py:914} INFO - Processing file /home/jerson/airflow_venv/lib/python3.10/site-packages/airflow/example_dags/example_workday_timetable.py for tasks to queue
[2024-08-26T17:46:30.354-0700] {logging_mixin.py:190} INFO - [2024-08-26T17:46:30.354-0700] {dagbag.py:587} INFO - Filling up the DagBag from /home/jerson/airflow_venv/lib/python3.10/site-packages/airflow/example_dags/example_workday_timetable.py
[2024-08-26T17:46:30.357-0700] {processor.py:925} INFO - DAG(s) 'example_workday_timetable' retrieved from /home/jerson/airflow_venv/lib/python3.10/site-packages/airflow/example_dags/example_workday_timetable.py
[2024-08-26T17:46:30.365-0700] {logging_mixin.py:190} INFO - [2024-08-26T17:46:30.365-0700] {dag.py:3211} INFO - Sync 1 DAGs
[2024-08-26T17:46:30.376-0700] {logging_mixin.py:190} INFO - [2024-08-26T17:46:30.376-0700] {dag.py:4138} INFO - Setting next_dagrun for example_workday_timetable to 2021-01-01 00:00:00+00:00, run_after=2021-01-02 00:00:00+00:00
[2024-08-26T17:46:30.392-0700] {processor.py:208} INFO - Processing /home/jerson/airflow_venv/lib/python3.10/site-packages/airflow/example_dags/example_workday_timetable.py took 0.043 seconds
[2024-08-26T17:47:44.373-0700] {processor.py:186} INFO - Started process (PID=38258) to work on /home/jerson/airflow_venv/lib/python3.10/site-packages/airflow/example_dags/example_workday_timetable.py
[2024-08-26T17:47:44.374-0700] {processor.py:914} INFO - Processing file /home/jerson/airflow_venv/lib/python3.10/site-packages/airflow/example_dags/example_workday_timetable.py for tasks to queue
[2024-08-26T17:47:44.375-0700] {logging_mixin.py:190} INFO - [2024-08-26T17:47:44.375-0700] {dagbag.py:587} INFO - Filling up the DagBag from /home/jerson/airflow_venv/lib/python3.10/site-packages/airflow/example_dags/example_workday_timetable.py
[2024-08-26T17:47:44.379-0700] {processor.py:925} INFO - DAG(s) 'example_workday_timetable' retrieved from /home/jerson/airflow_venv/lib/python3.10/site-packages/airflow/example_dags/example_workday_timetable.py
[2024-08-26T17:47:44.388-0700] {logging_mixin.py:190} INFO - [2024-08-26T17:47:44.387-0700] {dag.py:3211} INFO - Sync 1 DAGs
[2024-08-26T17:47:44.400-0700] {logging_mixin.py:190} INFO - [2024-08-26T17:47:44.399-0700] {dag.py:4138} INFO - Setting next_dagrun for example_workday_timetable to 2021-01-01 00:00:00+00:00, run_after=2021-01-02 00:00:00+00:00
[2024-08-26T17:47:44.417-0700] {processor.py:208} INFO - Processing /home/jerson/airflow_venv/lib/python3.10/site-packages/airflow/example_dags/example_workday_timetable.py took 0.047 seconds
[2024-08-26T17:48:36.344-0700] {processor.py:186} INFO - Started process (PID=38700) to work on /home/jerson/airflow_venv/lib/python3.10/site-packages/airflow/example_dags/example_workday_timetable.py
[2024-08-26T17:48:36.345-0700] {processor.py:914} INFO - Processing file /home/jerson/airflow_venv/lib/python3.10/site-packages/airflow/example_dags/example_workday_timetable.py for tasks to queue
[2024-08-26T17:48:36.347-0700] {logging_mixin.py:190} INFO - [2024-08-26T17:48:36.347-0700] {dagbag.py:587} INFO - Filling up the DagBag from /home/jerson/airflow_venv/lib/python3.10/site-packages/airflow/example_dags/example_workday_timetable.py
[2024-08-26T17:48:36.352-0700] {processor.py:925} INFO - DAG(s) 'example_workday_timetable' retrieved from /home/jerson/airflow_venv/lib/python3.10/site-packages/airflow/example_dags/example_workday_timetable.py
[2024-08-26T17:48:36.363-0700] {logging_mixin.py:190} INFO - [2024-08-26T17:48:36.363-0700] {dag.py:3211} INFO - Sync 1 DAGs
[2024-08-26T17:48:36.377-0700] {logging_mixin.py:190} INFO - [2024-08-26T17:48:36.377-0700] {dag.py:4138} INFO - Setting next_dagrun for example_workday_timetable to 2021-01-01 00:00:00+00:00, run_after=2021-01-02 00:00:00+00:00
[2024-08-26T17:48:36.397-0700] {processor.py:208} INFO - Processing /home/jerson/airflow_venv/lib/python3.10/site-packages/airflow/example_dags/example_workday_timetable.py took 0.057 seconds
[2024-08-26T17:49:27.792-0700] {processor.py:186} INFO - Started process (PID=39200) to work on /home/jerson/airflow_venv/lib/python3.10/site-packages/airflow/example_dags/example_workday_timetable.py
[2024-08-26T17:49:27.793-0700] {processor.py:914} INFO - Processing file /home/jerson/airflow_venv/lib/python3.10/site-packages/airflow/example_dags/example_workday_timetable.py for tasks to queue
[2024-08-26T17:49:27.794-0700] {logging_mixin.py:190} INFO - [2024-08-26T17:49:27.794-0700] {dagbag.py:587} INFO - Filling up the DagBag from /home/jerson/airflow_venv/lib/python3.10/site-packages/airflow/example_dags/example_workday_timetable.py
[2024-08-26T17:49:27.798-0700] {processor.py:925} INFO - DAG(s) 'example_workday_timetable' retrieved from /home/jerson/airflow_venv/lib/python3.10/site-packages/airflow/example_dags/example_workday_timetable.py
[2024-08-26T17:49:27.807-0700] {logging_mixin.py:190} INFO - [2024-08-26T17:49:27.807-0700] {dag.py:3211} INFO - Sync 1 DAGs
[2024-08-26T17:49:27.820-0700] {logging_mixin.py:190} INFO - [2024-08-26T17:49:27.820-0700] {dag.py:4138} INFO - Setting next_dagrun for example_workday_timetable to 2021-01-01 00:00:00+00:00, run_after=2021-01-02 00:00:00+00:00
[2024-08-26T17:49:27.839-0700] {processor.py:208} INFO - Processing /home/jerson/airflow_venv/lib/python3.10/site-packages/airflow/example_dags/example_workday_timetable.py took 0.051 seconds
[2024-08-26T17:50:19.590-0700] {processor.py:186} INFO - Started process (PID=39615) to work on /home/jerson/airflow_venv/lib/python3.10/site-packages/airflow/example_dags/example_workday_timetable.py
[2024-08-26T17:50:19.591-0700] {processor.py:914} INFO - Processing file /home/jerson/airflow_venv/lib/python3.10/site-packages/airflow/example_dags/example_workday_timetable.py for tasks to queue
[2024-08-26T17:50:19.592-0700] {logging_mixin.py:190} INFO - [2024-08-26T17:50:19.592-0700] {dagbag.py:587} INFO - Filling up the DagBag from /home/jerson/airflow_venv/lib/python3.10/site-packages/airflow/example_dags/example_workday_timetable.py
[2024-08-26T17:50:19.596-0700] {processor.py:925} INFO - DAG(s) 'example_workday_timetable' retrieved from /home/jerson/airflow_venv/lib/python3.10/site-packages/airflow/example_dags/example_workday_timetable.py
[2024-08-26T17:50:19.605-0700] {logging_mixin.py:190} INFO - [2024-08-26T17:50:19.605-0700] {dag.py:3211} INFO - Sync 1 DAGs
[2024-08-26T17:50:19.617-0700] {logging_mixin.py:190} INFO - [2024-08-26T17:50:19.617-0700] {dag.py:4138} INFO - Setting next_dagrun for example_workday_timetable to 2021-01-01 00:00:00+00:00, run_after=2021-01-02 00:00:00+00:00
[2024-08-26T17:50:19.634-0700] {processor.py:208} INFO - Processing /home/jerson/airflow_venv/lib/python3.10/site-packages/airflow/example_dags/example_workday_timetable.py took 0.047 seconds
[2024-08-26T17:51:10.513-0700] {processor.py:186} INFO - Started process (PID=40022) to work on /home/jerson/airflow_venv/lib/python3.10/site-packages/airflow/example_dags/example_workday_timetable.py
[2024-08-26T17:51:10.514-0700] {processor.py:914} INFO - Processing file /home/jerson/airflow_venv/lib/python3.10/site-packages/airflow/example_dags/example_workday_timetable.py for tasks to queue
[2024-08-26T17:51:10.515-0700] {logging_mixin.py:190} INFO - [2024-08-26T17:51:10.515-0700] {dagbag.py:587} INFO - Filling up the DagBag from /home/jerson/airflow_venv/lib/python3.10/site-packages/airflow/example_dags/example_workday_timetable.py
[2024-08-26T17:51:10.519-0700] {processor.py:925} INFO - DAG(s) 'example_workday_timetable' retrieved from /home/jerson/airflow_venv/lib/python3.10/site-packages/airflow/example_dags/example_workday_timetable.py
[2024-08-26T17:51:10.528-0700] {logging_mixin.py:190} INFO - [2024-08-26T17:51:10.528-0700] {dag.py:3211} INFO - Sync 1 DAGs
[2024-08-26T17:51:10.540-0700] {logging_mixin.py:190} INFO - [2024-08-26T17:51:10.539-0700] {dag.py:4138} INFO - Setting next_dagrun for example_workday_timetable to 2021-01-01 00:00:00+00:00, run_after=2021-01-02 00:00:00+00:00
[2024-08-26T17:51:10.557-0700] {processor.py:208} INFO - Processing /home/jerson/airflow_venv/lib/python3.10/site-packages/airflow/example_dags/example_workday_timetable.py took 0.048 seconds
[2024-08-26T17:55:52.000-0700] {processor.py:186} INFO - Started process (PID=43131) to work on /home/jerson/airflow_venv/lib/python3.10/site-packages/airflow/example_dags/example_workday_timetable.py
[2024-08-26T17:55:52.002-0700] {processor.py:914} INFO - Processing file /home/jerson/airflow_venv/lib/python3.10/site-packages/airflow/example_dags/example_workday_timetable.py for tasks to queue
[2024-08-26T17:55:52.003-0700] {logging_mixin.py:190} INFO - [2024-08-26T17:55:52.003-0700] {dagbag.py:587} INFO - Filling up the DagBag from /home/jerson/airflow_venv/lib/python3.10/site-packages/airflow/example_dags/example_workday_timetable.py
[2024-08-26T17:55:52.006-0700] {processor.py:925} INFO - DAG(s) 'example_workday_timetable' retrieved from /home/jerson/airflow_venv/lib/python3.10/site-packages/airflow/example_dags/example_workday_timetable.py
[2024-08-26T17:55:52.016-0700] {logging_mixin.py:190} INFO - [2024-08-26T17:55:52.016-0700] {dag.py:3211} INFO - Sync 1 DAGs
[2024-08-26T17:55:52.027-0700] {logging_mixin.py:190} INFO - [2024-08-26T17:55:52.027-0700] {dag.py:4138} INFO - Setting next_dagrun for example_workday_timetable to 2021-01-01 00:00:00+00:00, run_after=2021-01-02 00:00:00+00:00
[2024-08-26T17:55:52.042-0700] {processor.py:208} INFO - Processing /home/jerson/airflow_venv/lib/python3.10/site-packages/airflow/example_dags/example_workday_timetable.py took 0.045 seconds
[2024-08-26T17:56:47.329-0700] {processor.py:186} INFO - Started process (PID=43730) to work on /home/jerson/airflow_venv/lib/python3.10/site-packages/airflow/example_dags/example_workday_timetable.py
[2024-08-26T17:56:47.330-0700] {processor.py:914} INFO - Processing file /home/jerson/airflow_venv/lib/python3.10/site-packages/airflow/example_dags/example_workday_timetable.py for tasks to queue
[2024-08-26T17:56:47.332-0700] {logging_mixin.py:190} INFO - [2024-08-26T17:56:47.332-0700] {dagbag.py:587} INFO - Filling up the DagBag from /home/jerson/airflow_venv/lib/python3.10/site-packages/airflow/example_dags/example_workday_timetable.py
[2024-08-26T17:56:47.335-0700] {processor.py:925} INFO - DAG(s) 'example_workday_timetable' retrieved from /home/jerson/airflow_venv/lib/python3.10/site-packages/airflow/example_dags/example_workday_timetable.py
[2024-08-26T17:56:47.345-0700] {logging_mixin.py:190} INFO - [2024-08-26T17:56:47.345-0700] {dag.py:3211} INFO - Sync 1 DAGs
[2024-08-26T17:56:47.358-0700] {logging_mixin.py:190} INFO - [2024-08-26T17:56:47.358-0700] {dag.py:4138} INFO - Setting next_dagrun for example_workday_timetable to 2021-01-01 00:00:00+00:00, run_after=2021-01-02 00:00:00+00:00
[2024-08-26T17:56:47.375-0700] {processor.py:208} INFO - Processing /home/jerson/airflow_venv/lib/python3.10/site-packages/airflow/example_dags/example_workday_timetable.py took 0.049 seconds
[2024-08-26T17:57:40.814-0700] {processor.py:186} INFO - Started process (PID=44348) to work on /home/jerson/airflow_venv/lib/python3.10/site-packages/airflow/example_dags/example_workday_timetable.py
[2024-08-26T17:57:40.815-0700] {processor.py:914} INFO - Processing file /home/jerson/airflow_venv/lib/python3.10/site-packages/airflow/example_dags/example_workday_timetable.py for tasks to queue
[2024-08-26T17:57:40.816-0700] {logging_mixin.py:190} INFO - [2024-08-26T17:57:40.816-0700] {dagbag.py:587} INFO - Filling up the DagBag from /home/jerson/airflow_venv/lib/python3.10/site-packages/airflow/example_dags/example_workday_timetable.py
[2024-08-26T17:57:40.819-0700] {processor.py:925} INFO - DAG(s) 'example_workday_timetable' retrieved from /home/jerson/airflow_venv/lib/python3.10/site-packages/airflow/example_dags/example_workday_timetable.py
[2024-08-26T17:57:40.827-0700] {logging_mixin.py:190} INFO - [2024-08-26T17:57:40.827-0700] {dag.py:3211} INFO - Sync 1 DAGs
[2024-08-26T17:57:40.838-0700] {logging_mixin.py:190} INFO - [2024-08-26T17:57:40.838-0700] {dag.py:4138} INFO - Setting next_dagrun for example_workday_timetable to 2021-01-01 00:00:00+00:00, run_after=2021-01-02 00:00:00+00:00
[2024-08-26T17:57:40.854-0700] {processor.py:208} INFO - Processing /home/jerson/airflow_venv/lib/python3.10/site-packages/airflow/example_dags/example_workday_timetable.py took 0.043 seconds
[2024-08-26T17:58:32.608-0700] {processor.py:186} INFO - Started process (PID=44914) to work on /home/jerson/airflow_venv/lib/python3.10/site-packages/airflow/example_dags/example_workday_timetable.py
[2024-08-26T17:58:32.609-0700] {processor.py:914} INFO - Processing file /home/jerson/airflow_venv/lib/python3.10/site-packages/airflow/example_dags/example_workday_timetable.py for tasks to queue
[2024-08-26T17:58:32.610-0700] {logging_mixin.py:190} INFO - [2024-08-26T17:58:32.610-0700] {dagbag.py:587} INFO - Filling up the DagBag from /home/jerson/airflow_venv/lib/python3.10/site-packages/airflow/example_dags/example_workday_timetable.py
[2024-08-26T17:58:32.614-0700] {processor.py:925} INFO - DAG(s) 'example_workday_timetable' retrieved from /home/jerson/airflow_venv/lib/python3.10/site-packages/airflow/example_dags/example_workday_timetable.py
[2024-08-26T17:58:32.624-0700] {logging_mixin.py:190} INFO - [2024-08-26T17:58:32.623-0700] {dag.py:3211} INFO - Sync 1 DAGs
[2024-08-26T17:58:32.636-0700] {logging_mixin.py:190} INFO - [2024-08-26T17:58:32.636-0700] {dag.py:4138} INFO - Setting next_dagrun for example_workday_timetable to 2021-01-01 00:00:00+00:00, run_after=2021-01-02 00:00:00+00:00
[2024-08-26T17:58:32.653-0700] {processor.py:208} INFO - Processing /home/jerson/airflow_venv/lib/python3.10/site-packages/airflow/example_dags/example_workday_timetable.py took 0.048 seconds
[2024-08-26T17:59:23.237-0700] {processor.py:186} INFO - Started process (PID=45439) to work on /home/jerson/airflow_venv/lib/python3.10/site-packages/airflow/example_dags/example_workday_timetable.py
[2024-08-26T17:59:23.238-0700] {processor.py:914} INFO - Processing file /home/jerson/airflow_venv/lib/python3.10/site-packages/airflow/example_dags/example_workday_timetable.py for tasks to queue
[2024-08-26T17:59:23.239-0700] {logging_mixin.py:190} INFO - [2024-08-26T17:59:23.238-0700] {dagbag.py:587} INFO - Filling up the DagBag from /home/jerson/airflow_venv/lib/python3.10/site-packages/airflow/example_dags/example_workday_timetable.py
[2024-08-26T17:59:23.242-0700] {processor.py:925} INFO - DAG(s) 'example_workday_timetable' retrieved from /home/jerson/airflow_venv/lib/python3.10/site-packages/airflow/example_dags/example_workday_timetable.py
[2024-08-26T17:59:23.251-0700] {logging_mixin.py:190} INFO - [2024-08-26T17:59:23.250-0700] {dag.py:3211} INFO - Sync 1 DAGs
[2024-08-26T17:59:23.261-0700] {logging_mixin.py:190} INFO - [2024-08-26T17:59:23.261-0700] {dag.py:4138} INFO - Setting next_dagrun for example_workday_timetable to 2021-01-01 00:00:00+00:00, run_after=2021-01-02 00:00:00+00:00
[2024-08-26T17:59:23.277-0700] {processor.py:208} INFO - Processing /home/jerson/airflow_venv/lib/python3.10/site-packages/airflow/example_dags/example_workday_timetable.py took 0.044 seconds
[2024-08-26T18:00:12.763-0700] {processor.py:186} INFO - Started process (PID=45992) to work on /home/jerson/airflow_venv/lib/python3.10/site-packages/airflow/example_dags/example_workday_timetable.py
[2024-08-26T18:00:12.764-0700] {processor.py:914} INFO - Processing file /home/jerson/airflow_venv/lib/python3.10/site-packages/airflow/example_dags/example_workday_timetable.py for tasks to queue
[2024-08-26T18:00:12.766-0700] {logging_mixin.py:190} INFO - [2024-08-26T18:00:12.766-0700] {dagbag.py:587} INFO - Filling up the DagBag from /home/jerson/airflow_venv/lib/python3.10/site-packages/airflow/example_dags/example_workday_timetable.py
[2024-08-26T18:00:12.771-0700] {processor.py:925} INFO - DAG(s) 'example_workday_timetable' retrieved from /home/jerson/airflow_venv/lib/python3.10/site-packages/airflow/example_dags/example_workday_timetable.py
[2024-08-26T18:00:12.781-0700] {logging_mixin.py:190} INFO - [2024-08-26T18:00:12.781-0700] {dag.py:3211} INFO - Sync 1 DAGs
[2024-08-26T18:00:12.793-0700] {logging_mixin.py:190} INFO - [2024-08-26T18:00:12.793-0700] {dag.py:4138} INFO - Setting next_dagrun for example_workday_timetable to 2021-01-01 00:00:00+00:00, run_after=2021-01-02 00:00:00+00:00
[2024-08-26T18:00:12.810-0700] {processor.py:208} INFO - Processing /home/jerson/airflow_venv/lib/python3.10/site-packages/airflow/example_dags/example_workday_timetable.py took 0.050 seconds
[2024-08-26T18:01:03.424-0700] {processor.py:186} INFO - Started process (PID=46640) to work on /home/jerson/airflow_venv/lib/python3.10/site-packages/airflow/example_dags/example_workday_timetable.py
[2024-08-26T18:01:03.425-0700] {processor.py:914} INFO - Processing file /home/jerson/airflow_venv/lib/python3.10/site-packages/airflow/example_dags/example_workday_timetable.py for tasks to queue
[2024-08-26T18:01:03.427-0700] {logging_mixin.py:190} INFO - [2024-08-26T18:01:03.426-0700] {dagbag.py:587} INFO - Filling up the DagBag from /home/jerson/airflow_venv/lib/python3.10/site-packages/airflow/example_dags/example_workday_timetable.py
[2024-08-26T18:01:03.430-0700] {processor.py:925} INFO - DAG(s) 'example_workday_timetable' retrieved from /home/jerson/airflow_venv/lib/python3.10/site-packages/airflow/example_dags/example_workday_timetable.py
[2024-08-26T18:01:03.438-0700] {logging_mixin.py:190} INFO - [2024-08-26T18:01:03.438-0700] {dag.py:3211} INFO - Sync 1 DAGs
[2024-08-26T18:01:03.449-0700] {logging_mixin.py:190} INFO - [2024-08-26T18:01:03.449-0700] {dag.py:4138} INFO - Setting next_dagrun for example_workday_timetable to 2021-01-01 00:00:00+00:00, run_after=2021-01-02 00:00:00+00:00
[2024-08-26T18:01:03.465-0700] {processor.py:208} INFO - Processing /home/jerson/airflow_venv/lib/python3.10/site-packages/airflow/example_dags/example_workday_timetable.py took 0.044 seconds
[2024-08-26T18:01:53.222-0700] {processor.py:186} INFO - Started process (PID=47041) to work on /home/jerson/airflow_venv/lib/python3.10/site-packages/airflow/example_dags/example_workday_timetable.py
[2024-08-26T18:01:53.223-0700] {processor.py:914} INFO - Processing file /home/jerson/airflow_venv/lib/python3.10/site-packages/airflow/example_dags/example_workday_timetable.py for tasks to queue
[2024-08-26T18:01:53.224-0700] {logging_mixin.py:190} INFO - [2024-08-26T18:01:53.224-0700] {dagbag.py:587} INFO - Filling up the DagBag from /home/jerson/airflow_venv/lib/python3.10/site-packages/airflow/example_dags/example_workday_timetable.py
[2024-08-26T18:01:53.227-0700] {processor.py:925} INFO - DAG(s) 'example_workday_timetable' retrieved from /home/jerson/airflow_venv/lib/python3.10/site-packages/airflow/example_dags/example_workday_timetable.py
[2024-08-26T18:01:53.236-0700] {logging_mixin.py:190} INFO - [2024-08-26T18:01:53.235-0700] {dag.py:3211} INFO - Sync 1 DAGs
[2024-08-26T18:01:53.247-0700] {logging_mixin.py:190} INFO - [2024-08-26T18:01:53.247-0700] {dag.py:4138} INFO - Setting next_dagrun for example_workday_timetable to 2021-01-01 00:00:00+00:00, run_after=2021-01-02 00:00:00+00:00
[2024-08-26T18:01:53.263-0700] {processor.py:208} INFO - Processing /home/jerson/airflow_venv/lib/python3.10/site-packages/airflow/example_dags/example_workday_timetable.py took 0.044 seconds
[2024-08-26T18:03:06.252-0700] {processor.py:186} INFO - Started process (PID=47753) to work on /home/jerson/airflow_venv/lib/python3.10/site-packages/airflow/example_dags/example_workday_timetable.py
[2024-08-26T18:03:06.253-0700] {processor.py:914} INFO - Processing file /home/jerson/airflow_venv/lib/python3.10/site-packages/airflow/example_dags/example_workday_timetable.py for tasks to queue
[2024-08-26T18:03:06.255-0700] {logging_mixin.py:190} INFO - [2024-08-26T18:03:06.254-0700] {dagbag.py:587} INFO - Filling up the DagBag from /home/jerson/airflow_venv/lib/python3.10/site-packages/airflow/example_dags/example_workday_timetable.py
[2024-08-26T18:03:06.258-0700] {processor.py:925} INFO - DAG(s) 'example_workday_timetable' retrieved from /home/jerson/airflow_venv/lib/python3.10/site-packages/airflow/example_dags/example_workday_timetable.py
[2024-08-26T18:03:06.272-0700] {logging_mixin.py:190} INFO - [2024-08-26T18:03:06.272-0700] {dag.py:3211} INFO - Sync 1 DAGs
[2024-08-26T18:03:06.290-0700] {logging_mixin.py:190} INFO - [2024-08-26T18:03:06.290-0700] {dag.py:4138} INFO - Setting next_dagrun for example_workday_timetable to 2021-01-01 00:00:00+00:00, run_after=2021-01-02 00:00:00+00:00
[2024-08-26T18:03:06.309-0700] {processor.py:208} INFO - Processing /home/jerson/airflow_venv/lib/python3.10/site-packages/airflow/example_dags/example_workday_timetable.py took 0.060 seconds
[2024-08-26T18:04:17.043-0700] {processor.py:186} INFO - Started process (PID=48415) to work on /home/jerson/airflow_venv/lib/python3.10/site-packages/airflow/example_dags/example_workday_timetable.py
[2024-08-26T18:04:17.044-0700] {processor.py:914} INFO - Processing file /home/jerson/airflow_venv/lib/python3.10/site-packages/airflow/example_dags/example_workday_timetable.py for tasks to queue
[2024-08-26T18:04:17.045-0700] {logging_mixin.py:190} INFO - [2024-08-26T18:04:17.045-0700] {dagbag.py:587} INFO - Filling up the DagBag from /home/jerson/airflow_venv/lib/python3.10/site-packages/airflow/example_dags/example_workday_timetable.py
[2024-08-26T18:04:17.049-0700] {processor.py:925} INFO - DAG(s) 'example_workday_timetable' retrieved from /home/jerson/airflow_venv/lib/python3.10/site-packages/airflow/example_dags/example_workday_timetable.py
[2024-08-26T18:04:17.058-0700] {logging_mixin.py:190} INFO - [2024-08-26T18:04:17.058-0700] {dag.py:3211} INFO - Sync 1 DAGs
[2024-08-26T18:04:17.070-0700] {logging_mixin.py:190} INFO - [2024-08-26T18:04:17.070-0700] {dag.py:4138} INFO - Setting next_dagrun for example_workday_timetable to 2021-01-01 00:00:00+00:00, run_after=2021-01-02 00:00:00+00:00
[2024-08-26T18:04:17.087-0700] {processor.py:208} INFO - Processing /home/jerson/airflow_venv/lib/python3.10/site-packages/airflow/example_dags/example_workday_timetable.py took 0.048 seconds
[2024-08-26T18:05:07.775-0700] {processor.py:186} INFO - Started process (PID=48883) to work on /home/jerson/airflow_venv/lib/python3.10/site-packages/airflow/example_dags/example_workday_timetable.py
[2024-08-26T18:05:07.776-0700] {processor.py:914} INFO - Processing file /home/jerson/airflow_venv/lib/python3.10/site-packages/airflow/example_dags/example_workday_timetable.py for tasks to queue
[2024-08-26T18:05:07.777-0700] {logging_mixin.py:190} INFO - [2024-08-26T18:05:07.777-0700] {dagbag.py:587} INFO - Filling up the DagBag from /home/jerson/airflow_venv/lib/python3.10/site-packages/airflow/example_dags/example_workday_timetable.py
[2024-08-26T18:05:07.781-0700] {processor.py:925} INFO - DAG(s) 'example_workday_timetable' retrieved from /home/jerson/airflow_venv/lib/python3.10/site-packages/airflow/example_dags/example_workday_timetable.py
[2024-08-26T18:05:07.791-0700] {logging_mixin.py:190} INFO - [2024-08-26T18:05:07.790-0700] {dag.py:3211} INFO - Sync 1 DAGs
[2024-08-26T18:05:07.803-0700] {logging_mixin.py:190} INFO - [2024-08-26T18:05:07.803-0700] {dag.py:4138} INFO - Setting next_dagrun for example_workday_timetable to 2021-01-01 00:00:00+00:00, run_after=2021-01-02 00:00:00+00:00
[2024-08-26T18:05:07.821-0700] {processor.py:208} INFO - Processing /home/jerson/airflow_venv/lib/python3.10/site-packages/airflow/example_dags/example_workday_timetable.py took 0.050 seconds
[2024-08-26T18:06:17.228-0700] {processor.py:186} INFO - Started process (PID=49466) to work on /home/jerson/airflow_venv/lib/python3.10/site-packages/airflow/example_dags/example_workday_timetable.py
[2024-08-26T18:06:17.229-0700] {processor.py:914} INFO - Processing file /home/jerson/airflow_venv/lib/python3.10/site-packages/airflow/example_dags/example_workday_timetable.py for tasks to queue
[2024-08-26T18:06:17.231-0700] {logging_mixin.py:190} INFO - [2024-08-26T18:06:17.230-0700] {dagbag.py:587} INFO - Filling up the DagBag from /home/jerson/airflow_venv/lib/python3.10/site-packages/airflow/example_dags/example_workday_timetable.py
[2024-08-26T18:06:17.234-0700] {processor.py:925} INFO - DAG(s) 'example_workday_timetable' retrieved from /home/jerson/airflow_venv/lib/python3.10/site-packages/airflow/example_dags/example_workday_timetable.py
[2024-08-26T18:06:17.243-0700] {logging_mixin.py:190} INFO - [2024-08-26T18:06:17.243-0700] {dag.py:3211} INFO - Sync 1 DAGs
[2024-08-26T18:06:17.254-0700] {logging_mixin.py:190} INFO - [2024-08-26T18:06:17.254-0700] {dag.py:4138} INFO - Setting next_dagrun for example_workday_timetable to 2021-01-01 00:00:00+00:00, run_after=2021-01-02 00:00:00+00:00
[2024-08-26T18:06:17.270-0700] {processor.py:208} INFO - Processing /home/jerson/airflow_venv/lib/python3.10/site-packages/airflow/example_dags/example_workday_timetable.py took 0.044 seconds
[2024-08-26T18:07:07.881-0700] {processor.py:186} INFO - Started process (PID=49931) to work on /home/jerson/airflow_venv/lib/python3.10/site-packages/airflow/example_dags/example_workday_timetable.py
[2024-08-26T18:07:07.882-0700] {processor.py:914} INFO - Processing file /home/jerson/airflow_venv/lib/python3.10/site-packages/airflow/example_dags/example_workday_timetable.py for tasks to queue
[2024-08-26T18:07:07.883-0700] {logging_mixin.py:190} INFO - [2024-08-26T18:07:07.883-0700] {dagbag.py:587} INFO - Filling up the DagBag from /home/jerson/airflow_venv/lib/python3.10/site-packages/airflow/example_dags/example_workday_timetable.py
[2024-08-26T18:07:07.887-0700] {processor.py:925} INFO - DAG(s) 'example_workday_timetable' retrieved from /home/jerson/airflow_venv/lib/python3.10/site-packages/airflow/example_dags/example_workday_timetable.py
[2024-08-26T18:07:07.895-0700] {logging_mixin.py:190} INFO - [2024-08-26T18:07:07.895-0700] {dag.py:3211} INFO - Sync 1 DAGs
[2024-08-26T18:07:07.907-0700] {logging_mixin.py:190} INFO - [2024-08-26T18:07:07.906-0700] {dag.py:4138} INFO - Setting next_dagrun for example_workday_timetable to 2021-01-01 00:00:00+00:00, run_after=2021-01-02 00:00:00+00:00
[2024-08-26T18:07:07.923-0700] {processor.py:208} INFO - Processing /home/jerson/airflow_venv/lib/python3.10/site-packages/airflow/example_dags/example_workday_timetable.py took 0.045 seconds
[2024-08-26T18:07:57.388-0700] {processor.py:186} INFO - Started process (PID=50418) to work on /home/jerson/airflow_venv/lib/python3.10/site-packages/airflow/example_dags/example_workday_timetable.py
[2024-08-26T18:07:57.389-0700] {processor.py:914} INFO - Processing file /home/jerson/airflow_venv/lib/python3.10/site-packages/airflow/example_dags/example_workday_timetable.py for tasks to queue
[2024-08-26T18:07:57.390-0700] {logging_mixin.py:190} INFO - [2024-08-26T18:07:57.390-0700] {dagbag.py:587} INFO - Filling up the DagBag from /home/jerson/airflow_venv/lib/python3.10/site-packages/airflow/example_dags/example_workday_timetable.py
[2024-08-26T18:07:57.395-0700] {processor.py:925} INFO - DAG(s) 'example_workday_timetable' retrieved from /home/jerson/airflow_venv/lib/python3.10/site-packages/airflow/example_dags/example_workday_timetable.py
[2024-08-26T18:07:57.406-0700] {logging_mixin.py:190} INFO - [2024-08-26T18:07:57.406-0700] {dag.py:3211} INFO - Sync 1 DAGs
[2024-08-26T18:07:57.419-0700] {logging_mixin.py:190} INFO - [2024-08-26T18:07:57.418-0700] {dag.py:4138} INFO - Setting next_dagrun for example_workday_timetable to 2021-01-01 00:00:00+00:00, run_after=2021-01-02 00:00:00+00:00
[2024-08-26T18:07:57.443-0700] {processor.py:208} INFO - Processing /home/jerson/airflow_venv/lib/python3.10/site-packages/airflow/example_dags/example_workday_timetable.py took 0.057 seconds
[2024-08-26T18:08:49.163-0700] {processor.py:186} INFO - Started process (PID=50937) to work on /home/jerson/airflow_venv/lib/python3.10/site-packages/airflow/example_dags/example_workday_timetable.py
[2024-08-26T18:08:49.164-0700] {processor.py:914} INFO - Processing file /home/jerson/airflow_venv/lib/python3.10/site-packages/airflow/example_dags/example_workday_timetable.py for tasks to queue
[2024-08-26T18:08:49.166-0700] {logging_mixin.py:190} INFO - [2024-08-26T18:08:49.166-0700] {dagbag.py:587} INFO - Filling up the DagBag from /home/jerson/airflow_venv/lib/python3.10/site-packages/airflow/example_dags/example_workday_timetable.py
[2024-08-26T18:08:49.170-0700] {processor.py:925} INFO - DAG(s) 'example_workday_timetable' retrieved from /home/jerson/airflow_venv/lib/python3.10/site-packages/airflow/example_dags/example_workday_timetable.py
[2024-08-26T18:08:49.179-0700] {logging_mixin.py:190} INFO - [2024-08-26T18:08:49.178-0700] {dag.py:3211} INFO - Sync 1 DAGs
[2024-08-26T18:08:49.191-0700] {logging_mixin.py:190} INFO - [2024-08-26T18:08:49.191-0700] {dag.py:4138} INFO - Setting next_dagrun for example_workday_timetable to 2021-01-01 00:00:00+00:00, run_after=2021-01-02 00:00:00+00:00
[2024-08-26T18:08:49.206-0700] {processor.py:208} INFO - Processing /home/jerson/airflow_venv/lib/python3.10/site-packages/airflow/example_dags/example_workday_timetable.py took 0.046 seconds
[2024-08-26T18:09:41.819-0700] {processor.py:186} INFO - Started process (PID=51493) to work on /home/jerson/airflow_venv/lib/python3.10/site-packages/airflow/example_dags/example_workday_timetable.py
[2024-08-26T18:09:41.820-0700] {processor.py:914} INFO - Processing file /home/jerson/airflow_venv/lib/python3.10/site-packages/airflow/example_dags/example_workday_timetable.py for tasks to queue
[2024-08-26T18:09:41.821-0700] {logging_mixin.py:190} INFO - [2024-08-26T18:09:41.821-0700] {dagbag.py:587} INFO - Filling up the DagBag from /home/jerson/airflow_venv/lib/python3.10/site-packages/airflow/example_dags/example_workday_timetable.py
[2024-08-26T18:09:41.825-0700] {processor.py:925} INFO - DAG(s) 'example_workday_timetable' retrieved from /home/jerson/airflow_venv/lib/python3.10/site-packages/airflow/example_dags/example_workday_timetable.py
[2024-08-26T18:09:41.836-0700] {logging_mixin.py:190} INFO - [2024-08-26T18:09:41.835-0700] {dag.py:3211} INFO - Sync 1 DAGs
[2024-08-26T18:09:41.850-0700] {logging_mixin.py:190} INFO - [2024-08-26T18:09:41.850-0700] {dag.py:4138} INFO - Setting next_dagrun for example_workday_timetable to 2021-01-01 00:00:00+00:00, run_after=2021-01-02 00:00:00+00:00
[2024-08-26T18:09:41.868-0700] {processor.py:208} INFO - Processing /home/jerson/airflow_venv/lib/python3.10/site-packages/airflow/example_dags/example_workday_timetable.py took 0.052 seconds
[2024-08-26T18:10:54.974-0700] {processor.py:186} INFO - Started process (PID=52376) to work on /home/jerson/airflow_venv/lib/python3.10/site-packages/airflow/example_dags/example_workday_timetable.py
[2024-08-26T18:10:54.975-0700] {processor.py:914} INFO - Processing file /home/jerson/airflow_venv/lib/python3.10/site-packages/airflow/example_dags/example_workday_timetable.py for tasks to queue
[2024-08-26T18:10:54.976-0700] {logging_mixin.py:190} INFO - [2024-08-26T18:10:54.976-0700] {dagbag.py:587} INFO - Filling up the DagBag from /home/jerson/airflow_venv/lib/python3.10/site-packages/airflow/example_dags/example_workday_timetable.py
[2024-08-26T18:10:54.980-0700] {processor.py:925} INFO - DAG(s) 'example_workday_timetable' retrieved from /home/jerson/airflow_venv/lib/python3.10/site-packages/airflow/example_dags/example_workday_timetable.py
[2024-08-26T18:10:54.990-0700] {logging_mixin.py:190} INFO - [2024-08-26T18:10:54.990-0700] {dag.py:3211} INFO - Sync 1 DAGs
[2024-08-26T18:10:55.001-0700] {logging_mixin.py:190} INFO - [2024-08-26T18:10:55.001-0700] {dag.py:4138} INFO - Setting next_dagrun for example_workday_timetable to 2021-01-01 00:00:00+00:00, run_after=2021-01-02 00:00:00+00:00
[2024-08-26T18:10:55.016-0700] {processor.py:208} INFO - Processing /home/jerson/airflow_venv/lib/python3.10/site-packages/airflow/example_dags/example_workday_timetable.py took 0.045 seconds
[2024-08-26T18:11:46.366-0700] {processor.py:186} INFO - Started process (PID=52968) to work on /home/jerson/airflow_venv/lib/python3.10/site-packages/airflow/example_dags/example_workday_timetable.py
[2024-08-26T18:11:46.368-0700] {processor.py:914} INFO - Processing file /home/jerson/airflow_venv/lib/python3.10/site-packages/airflow/example_dags/example_workday_timetable.py for tasks to queue
[2024-08-26T18:11:46.368-0700] {logging_mixin.py:190} INFO - [2024-08-26T18:11:46.368-0700] {dagbag.py:587} INFO - Filling up the DagBag from /home/jerson/airflow_venv/lib/python3.10/site-packages/airflow/example_dags/example_workday_timetable.py
[2024-08-26T18:11:46.372-0700] {processor.py:925} INFO - DAG(s) 'example_workday_timetable' retrieved from /home/jerson/airflow_venv/lib/python3.10/site-packages/airflow/example_dags/example_workday_timetable.py
[2024-08-26T18:11:46.381-0700] {logging_mixin.py:190} INFO - [2024-08-26T18:11:46.381-0700] {dag.py:3211} INFO - Sync 1 DAGs
[2024-08-26T18:11:46.392-0700] {logging_mixin.py:190} INFO - [2024-08-26T18:11:46.392-0700] {dag.py:4138} INFO - Setting next_dagrun for example_workday_timetable to 2021-01-01 00:00:00+00:00, run_after=2021-01-02 00:00:00+00:00
[2024-08-26T18:11:46.407-0700] {processor.py:208} INFO - Processing /home/jerson/airflow_venv/lib/python3.10/site-packages/airflow/example_dags/example_workday_timetable.py took 0.044 seconds
[2024-08-26T18:12:36.581-0700] {processor.py:186} INFO - Started process (PID=53454) to work on /home/jerson/airflow_venv/lib/python3.10/site-packages/airflow/example_dags/example_workday_timetable.py
[2024-08-26T18:12:36.582-0700] {processor.py:914} INFO - Processing file /home/jerson/airflow_venv/lib/python3.10/site-packages/airflow/example_dags/example_workday_timetable.py for tasks to queue
[2024-08-26T18:12:36.583-0700] {logging_mixin.py:190} INFO - [2024-08-26T18:12:36.583-0700] {dagbag.py:587} INFO - Filling up the DagBag from /home/jerson/airflow_venv/lib/python3.10/site-packages/airflow/example_dags/example_workday_timetable.py
[2024-08-26T18:12:36.587-0700] {processor.py:925} INFO - DAG(s) 'example_workday_timetable' retrieved from /home/jerson/airflow_venv/lib/python3.10/site-packages/airflow/example_dags/example_workday_timetable.py
[2024-08-26T18:12:36.596-0700] {logging_mixin.py:190} INFO - [2024-08-26T18:12:36.596-0700] {dag.py:3211} INFO - Sync 1 DAGs
[2024-08-26T18:12:36.607-0700] {logging_mixin.py:190} INFO - [2024-08-26T18:12:36.607-0700] {dag.py:4138} INFO - Setting next_dagrun for example_workday_timetable to 2021-01-01 00:00:00+00:00, run_after=2021-01-02 00:00:00+00:00
[2024-08-26T18:12:36.625-0700] {processor.py:208} INFO - Processing /home/jerson/airflow_venv/lib/python3.10/site-packages/airflow/example_dags/example_workday_timetable.py took 0.048 seconds
[2024-08-26T18:13:25.076-0700] {processor.py:186} INFO - Started process (PID=53838) to work on /home/jerson/airflow_venv/lib/python3.10/site-packages/airflow/example_dags/example_workday_timetable.py
[2024-08-26T18:13:25.078-0700] {processor.py:914} INFO - Processing file /home/jerson/airflow_venv/lib/python3.10/site-packages/airflow/example_dags/example_workday_timetable.py for tasks to queue
[2024-08-26T18:13:25.079-0700] {logging_mixin.py:190} INFO - [2024-08-26T18:13:25.079-0700] {dagbag.py:587} INFO - Filling up the DagBag from /home/jerson/airflow_venv/lib/python3.10/site-packages/airflow/example_dags/example_workday_timetable.py
[2024-08-26T18:13:25.083-0700] {processor.py:925} INFO - DAG(s) 'example_workday_timetable' retrieved from /home/jerson/airflow_venv/lib/python3.10/site-packages/airflow/example_dags/example_workday_timetable.py
[2024-08-26T18:13:25.093-0700] {logging_mixin.py:190} INFO - [2024-08-26T18:13:25.093-0700] {dag.py:3211} INFO - Sync 1 DAGs
[2024-08-26T18:13:25.106-0700] {logging_mixin.py:190} INFO - [2024-08-26T18:13:25.106-0700] {dag.py:4138} INFO - Setting next_dagrun for example_workday_timetable to 2021-01-01 00:00:00+00:00, run_after=2021-01-02 00:00:00+00:00
[2024-08-26T18:13:25.123-0700] {processor.py:208} INFO - Processing /home/jerson/airflow_venv/lib/python3.10/site-packages/airflow/example_dags/example_workday_timetable.py took 0.050 seconds
[2024-08-26T18:14:14.223-0700] {processor.py:186} INFO - Started process (PID=54357) to work on /home/jerson/airflow_venv/lib/python3.10/site-packages/airflow/example_dags/example_workday_timetable.py
[2024-08-26T18:14:14.224-0700] {processor.py:914} INFO - Processing file /home/jerson/airflow_venv/lib/python3.10/site-packages/airflow/example_dags/example_workday_timetable.py for tasks to queue
[2024-08-26T18:14:14.225-0700] {logging_mixin.py:190} INFO - [2024-08-26T18:14:14.225-0700] {dagbag.py:587} INFO - Filling up the DagBag from /home/jerson/airflow_venv/lib/python3.10/site-packages/airflow/example_dags/example_workday_timetable.py
[2024-08-26T18:14:14.229-0700] {processor.py:925} INFO - DAG(s) 'example_workday_timetable' retrieved from /home/jerson/airflow_venv/lib/python3.10/site-packages/airflow/example_dags/example_workday_timetable.py
[2024-08-26T18:14:14.238-0700] {logging_mixin.py:190} INFO - [2024-08-26T18:14:14.238-0700] {dag.py:3211} INFO - Sync 1 DAGs
[2024-08-26T18:14:14.250-0700] {logging_mixin.py:190} INFO - [2024-08-26T18:14:14.250-0700] {dag.py:4138} INFO - Setting next_dagrun for example_workday_timetable to 2021-01-01 00:00:00+00:00, run_after=2021-01-02 00:00:00+00:00
[2024-08-26T18:14:14.266-0700] {processor.py:208} INFO - Processing /home/jerson/airflow_venv/lib/python3.10/site-packages/airflow/example_dags/example_workday_timetable.py took 0.046 seconds
[2024-08-26T18:15:10.314-0700] {processor.py:186} INFO - Started process (PID=55059) to work on /home/jerson/airflow_venv/lib/python3.10/site-packages/airflow/example_dags/example_workday_timetable.py
[2024-08-26T18:15:10.315-0700] {processor.py:914} INFO - Processing file /home/jerson/airflow_venv/lib/python3.10/site-packages/airflow/example_dags/example_workday_timetable.py for tasks to queue
[2024-08-26T18:15:10.316-0700] {logging_mixin.py:190} INFO - [2024-08-26T18:15:10.316-0700] {dagbag.py:587} INFO - Filling up the DagBag from /home/jerson/airflow_venv/lib/python3.10/site-packages/airflow/example_dags/example_workday_timetable.py
[2024-08-26T18:15:10.320-0700] {processor.py:925} INFO - DAG(s) 'example_workday_timetable' retrieved from /home/jerson/airflow_venv/lib/python3.10/site-packages/airflow/example_dags/example_workday_timetable.py
[2024-08-26T18:15:10.328-0700] {logging_mixin.py:190} INFO - [2024-08-26T18:15:10.328-0700] {dag.py:3211} INFO - Sync 1 DAGs
[2024-08-26T18:15:10.340-0700] {logging_mixin.py:190} INFO - [2024-08-26T18:15:10.339-0700] {dag.py:4138} INFO - Setting next_dagrun for example_workday_timetable to 2021-01-01 00:00:00+00:00, run_after=2021-01-02 00:00:00+00:00
[2024-08-26T18:15:10.355-0700] {processor.py:208} INFO - Processing /home/jerson/airflow_venv/lib/python3.10/site-packages/airflow/example_dags/example_workday_timetable.py took 0.044 seconds
[2024-08-26T18:16:03.411-0700] {processor.py:186} INFO - Started process (PID=55569) to work on /home/jerson/airflow_venv/lib/python3.10/site-packages/airflow/example_dags/example_workday_timetable.py
[2024-08-26T18:16:03.412-0700] {processor.py:914} INFO - Processing file /home/jerson/airflow_venv/lib/python3.10/site-packages/airflow/example_dags/example_workday_timetable.py for tasks to queue
[2024-08-26T18:16:03.413-0700] {logging_mixin.py:190} INFO - [2024-08-26T18:16:03.413-0700] {dagbag.py:587} INFO - Filling up the DagBag from /home/jerson/airflow_venv/lib/python3.10/site-packages/airflow/example_dags/example_workday_timetable.py
[2024-08-26T18:16:03.416-0700] {processor.py:925} INFO - DAG(s) 'example_workday_timetable' retrieved from /home/jerson/airflow_venv/lib/python3.10/site-packages/airflow/example_dags/example_workday_timetable.py
[2024-08-26T18:16:03.425-0700] {logging_mixin.py:190} INFO - [2024-08-26T18:16:03.425-0700] {dag.py:3211} INFO - Sync 1 DAGs
[2024-08-26T18:16:03.436-0700] {logging_mixin.py:190} INFO - [2024-08-26T18:16:03.436-0700] {dag.py:4138} INFO - Setting next_dagrun for example_workday_timetable to 2021-01-01 00:00:00+00:00, run_after=2021-01-02 00:00:00+00:00
[2024-08-26T18:16:03.453-0700] {processor.py:208} INFO - Processing /home/jerson/airflow_venv/lib/python3.10/site-packages/airflow/example_dags/example_workday_timetable.py took 0.045 seconds
[2024-08-26T18:17:14.213-0700] {processor.py:186} INFO - Started process (PID=56201) to work on /home/jerson/airflow_venv/lib/python3.10/site-packages/airflow/example_dags/example_workday_timetable.py
[2024-08-26T18:17:14.214-0700] {processor.py:914} INFO - Processing file /home/jerson/airflow_venv/lib/python3.10/site-packages/airflow/example_dags/example_workday_timetable.py for tasks to queue
[2024-08-26T18:17:14.214-0700] {logging_mixin.py:190} INFO - [2024-08-26T18:17:14.214-0700] {dagbag.py:587} INFO - Filling up the DagBag from /home/jerson/airflow_venv/lib/python3.10/site-packages/airflow/example_dags/example_workday_timetable.py
[2024-08-26T18:17:14.218-0700] {processor.py:925} INFO - DAG(s) 'example_workday_timetable' retrieved from /home/jerson/airflow_venv/lib/python3.10/site-packages/airflow/example_dags/example_workday_timetable.py
[2024-08-26T18:17:14.227-0700] {logging_mixin.py:190} INFO - [2024-08-26T18:17:14.227-0700] {dag.py:3211} INFO - Sync 1 DAGs
[2024-08-26T18:17:14.239-0700] {logging_mixin.py:190} INFO - [2024-08-26T18:17:14.239-0700] {dag.py:4138} INFO - Setting next_dagrun for example_workday_timetable to 2021-01-01 00:00:00+00:00, run_after=2021-01-02 00:00:00+00:00
[2024-08-26T18:17:14.256-0700] {processor.py:208} INFO - Processing /home/jerson/airflow_venv/lib/python3.10/site-packages/airflow/example_dags/example_workday_timetable.py took 0.047 seconds
[2024-08-26T18:18:02.612-0700] {processor.py:186} INFO - Started process (PID=56662) to work on /home/jerson/airflow_venv/lib/python3.10/site-packages/airflow/example_dags/example_workday_timetable.py
[2024-08-26T18:18:02.613-0700] {processor.py:914} INFO - Processing file /home/jerson/airflow_venv/lib/python3.10/site-packages/airflow/example_dags/example_workday_timetable.py for tasks to queue
[2024-08-26T18:18:02.613-0700] {logging_mixin.py:190} INFO - [2024-08-26T18:18:02.613-0700] {dagbag.py:587} INFO - Filling up the DagBag from /home/jerson/airflow_venv/lib/python3.10/site-packages/airflow/example_dags/example_workday_timetable.py
[2024-08-26T18:18:02.617-0700] {processor.py:925} INFO - DAG(s) 'example_workday_timetable' retrieved from /home/jerson/airflow_venv/lib/python3.10/site-packages/airflow/example_dags/example_workday_timetable.py
[2024-08-26T18:18:02.626-0700] {logging_mixin.py:190} INFO - [2024-08-26T18:18:02.626-0700] {dag.py:3211} INFO - Sync 1 DAGs
[2024-08-26T18:18:02.638-0700] {logging_mixin.py:190} INFO - [2024-08-26T18:18:02.637-0700] {dag.py:4138} INFO - Setting next_dagrun for example_workday_timetable to 2021-01-01 00:00:00+00:00, run_after=2021-01-02 00:00:00+00:00
[2024-08-26T18:18:02.652-0700] {processor.py:208} INFO - Processing /home/jerson/airflow_venv/lib/python3.10/site-packages/airflow/example_dags/example_workday_timetable.py took 0.044 seconds
[2024-08-26T18:18:53.874-0700] {processor.py:186} INFO - Started process (PID=57165) to work on /home/jerson/airflow_venv/lib/python3.10/site-packages/airflow/example_dags/example_workday_timetable.py
[2024-08-26T18:18:53.875-0700] {processor.py:914} INFO - Processing file /home/jerson/airflow_venv/lib/python3.10/site-packages/airflow/example_dags/example_workday_timetable.py for tasks to queue
[2024-08-26T18:18:53.875-0700] {logging_mixin.py:190} INFO - [2024-08-26T18:18:53.875-0700] {dagbag.py:587} INFO - Filling up the DagBag from /home/jerson/airflow_venv/lib/python3.10/site-packages/airflow/example_dags/example_workday_timetable.py
[2024-08-26T18:18:53.879-0700] {processor.py:925} INFO - DAG(s) 'example_workday_timetable' retrieved from /home/jerson/airflow_venv/lib/python3.10/site-packages/airflow/example_dags/example_workday_timetable.py
[2024-08-26T18:18:53.887-0700] {logging_mixin.py:190} INFO - [2024-08-26T18:18:53.887-0700] {dag.py:3211} INFO - Sync 1 DAGs
[2024-08-26T18:18:53.898-0700] {logging_mixin.py:190} INFO - [2024-08-26T18:18:53.898-0700] {dag.py:4138} INFO - Setting next_dagrun for example_workday_timetable to 2021-01-01 00:00:00+00:00, run_after=2021-01-02 00:00:00+00:00
[2024-08-26T18:18:53.913-0700] {processor.py:208} INFO - Processing /home/jerson/airflow_venv/lib/python3.10/site-packages/airflow/example_dags/example_workday_timetable.py took 0.042 seconds
[2024-08-26T18:19:44.131-0700] {processor.py:186} INFO - Started process (PID=57629) to work on /home/jerson/airflow_venv/lib/python3.10/site-packages/airflow/example_dags/example_workday_timetable.py
[2024-08-26T18:19:44.132-0700] {processor.py:914} INFO - Processing file /home/jerson/airflow_venv/lib/python3.10/site-packages/airflow/example_dags/example_workday_timetable.py for tasks to queue
[2024-08-26T18:19:44.133-0700] {logging_mixin.py:190} INFO - [2024-08-26T18:19:44.133-0700] {dagbag.py:587} INFO - Filling up the DagBag from /home/jerson/airflow_venv/lib/python3.10/site-packages/airflow/example_dags/example_workday_timetable.py
[2024-08-26T18:19:44.136-0700] {processor.py:925} INFO - DAG(s) 'example_workday_timetable' retrieved from /home/jerson/airflow_venv/lib/python3.10/site-packages/airflow/example_dags/example_workday_timetable.py
[2024-08-26T18:19:44.145-0700] {logging_mixin.py:190} INFO - [2024-08-26T18:19:44.145-0700] {dag.py:3211} INFO - Sync 1 DAGs
[2024-08-26T18:19:44.155-0700] {logging_mixin.py:190} INFO - [2024-08-26T18:19:44.155-0700] {dag.py:4138} INFO - Setting next_dagrun for example_workday_timetable to 2021-01-01 00:00:00+00:00, run_after=2021-01-02 00:00:00+00:00
[2024-08-26T18:19:44.170-0700] {processor.py:208} INFO - Processing /home/jerson/airflow_venv/lib/python3.10/site-packages/airflow/example_dags/example_workday_timetable.py took 0.042 seconds
[2024-08-26T18:20:54.907-0700] {processor.py:186} INFO - Started process (PID=58345) to work on /home/jerson/airflow_venv/lib/python3.10/site-packages/airflow/example_dags/example_workday_timetable.py
[2024-08-26T18:20:54.908-0700] {processor.py:914} INFO - Processing file /home/jerson/airflow_venv/lib/python3.10/site-packages/airflow/example_dags/example_workday_timetable.py for tasks to queue
[2024-08-26T18:20:54.909-0700] {logging_mixin.py:190} INFO - [2024-08-26T18:20:54.909-0700] {dagbag.py:587} INFO - Filling up the DagBag from /home/jerson/airflow_venv/lib/python3.10/site-packages/airflow/example_dags/example_workday_timetable.py
[2024-08-26T18:20:54.913-0700] {processor.py:925} INFO - DAG(s) 'example_workday_timetable' retrieved from /home/jerson/airflow_venv/lib/python3.10/site-packages/airflow/example_dags/example_workday_timetable.py
[2024-08-26T18:20:54.921-0700] {logging_mixin.py:190} INFO - [2024-08-26T18:20:54.921-0700] {dag.py:3211} INFO - Sync 1 DAGs
[2024-08-26T18:20:54.932-0700] {logging_mixin.py:190} INFO - [2024-08-26T18:20:54.932-0700] {dag.py:4138} INFO - Setting next_dagrun for example_workday_timetable to 2021-01-01 00:00:00+00:00, run_after=2021-01-02 00:00:00+00:00
[2024-08-26T18:20:54.947-0700] {processor.py:208} INFO - Processing /home/jerson/airflow_venv/lib/python3.10/site-packages/airflow/example_dags/example_workday_timetable.py took 0.043 seconds
[2024-08-26T18:21:48.905-0700] {processor.py:186} INFO - Started process (PID=59120) to work on /home/jerson/airflow_venv/lib/python3.10/site-packages/airflow/example_dags/example_workday_timetable.py
[2024-08-26T18:21:48.905-0700] {processor.py:914} INFO - Processing file /home/jerson/airflow_venv/lib/python3.10/site-packages/airflow/example_dags/example_workday_timetable.py for tasks to queue
[2024-08-26T18:21:48.906-0700] {logging_mixin.py:190} INFO - [2024-08-26T18:21:48.906-0700] {dagbag.py:587} INFO - Filling up the DagBag from /home/jerson/airflow_venv/lib/python3.10/site-packages/airflow/example_dags/example_workday_timetable.py
[2024-08-26T18:21:48.910-0700] {processor.py:925} INFO - DAG(s) 'example_workday_timetable' retrieved from /home/jerson/airflow_venv/lib/python3.10/site-packages/airflow/example_dags/example_workday_timetable.py
[2024-08-26T18:21:48.919-0700] {logging_mixin.py:190} INFO - [2024-08-26T18:21:48.919-0700] {dag.py:3211} INFO - Sync 1 DAGs
[2024-08-26T18:21:48.931-0700] {logging_mixin.py:190} INFO - [2024-08-26T18:21:48.931-0700] {dag.py:4138} INFO - Setting next_dagrun for example_workday_timetable to 2021-01-01 00:00:00+00:00, run_after=2021-01-02 00:00:00+00:00
[2024-08-26T18:21:48.947-0700] {processor.py:208} INFO - Processing /home/jerson/airflow_venv/lib/python3.10/site-packages/airflow/example_dags/example_workday_timetable.py took 0.046 seconds
[2024-08-26T18:22:40.819-0700] {processor.py:186} INFO - Started process (PID=59681) to work on /home/jerson/airflow_venv/lib/python3.10/site-packages/airflow/example_dags/example_workday_timetable.py
[2024-08-26T18:22:40.819-0700] {processor.py:914} INFO - Processing file /home/jerson/airflow_venv/lib/python3.10/site-packages/airflow/example_dags/example_workday_timetable.py for tasks to queue
[2024-08-26T18:22:40.820-0700] {logging_mixin.py:190} INFO - [2024-08-26T18:22:40.820-0700] {dagbag.py:587} INFO - Filling up the DagBag from /home/jerson/airflow_venv/lib/python3.10/site-packages/airflow/example_dags/example_workday_timetable.py
[2024-08-26T18:22:40.824-0700] {processor.py:925} INFO - DAG(s) 'example_workday_timetable' retrieved from /home/jerson/airflow_venv/lib/python3.10/site-packages/airflow/example_dags/example_workday_timetable.py
[2024-08-26T18:22:40.833-0700] {logging_mixin.py:190} INFO - [2024-08-26T18:22:40.833-0700] {dag.py:3211} INFO - Sync 1 DAGs
[2024-08-26T18:22:40.845-0700] {logging_mixin.py:190} INFO - [2024-08-26T18:22:40.844-0700] {dag.py:4138} INFO - Setting next_dagrun for example_workday_timetable to 2021-01-01 00:00:00+00:00, run_after=2021-01-02 00:00:00+00:00
[2024-08-26T18:22:40.860-0700] {processor.py:208} INFO - Processing /home/jerson/airflow_venv/lib/python3.10/site-packages/airflow/example_dags/example_workday_timetable.py took 0.045 seconds
[2024-08-26T18:23:30.317-0700] {processor.py:186} INFO - Started process (PID=60274) to work on /home/jerson/airflow_venv/lib/python3.10/site-packages/airflow/example_dags/example_workday_timetable.py
[2024-08-26T18:23:30.318-0700] {processor.py:914} INFO - Processing file /home/jerson/airflow_venv/lib/python3.10/site-packages/airflow/example_dags/example_workday_timetable.py for tasks to queue
[2024-08-26T18:23:30.319-0700] {logging_mixin.py:190} INFO - [2024-08-26T18:23:30.319-0700] {dagbag.py:587} INFO - Filling up the DagBag from /home/jerson/airflow_venv/lib/python3.10/site-packages/airflow/example_dags/example_workday_timetable.py
[2024-08-26T18:23:30.323-0700] {processor.py:925} INFO - DAG(s) 'example_workday_timetable' retrieved from /home/jerson/airflow_venv/lib/python3.10/site-packages/airflow/example_dags/example_workday_timetable.py
[2024-08-26T18:23:30.332-0700] {logging_mixin.py:190} INFO - [2024-08-26T18:23:30.331-0700] {dag.py:3211} INFO - Sync 1 DAGs
[2024-08-26T18:23:30.343-0700] {logging_mixin.py:190} INFO - [2024-08-26T18:23:30.343-0700] {dag.py:4138} INFO - Setting next_dagrun for example_workday_timetable to 2021-01-01 00:00:00+00:00, run_after=2021-01-02 00:00:00+00:00
[2024-08-26T18:23:30.358-0700] {processor.py:208} INFO - Processing /home/jerson/airflow_venv/lib/python3.10/site-packages/airflow/example_dags/example_workday_timetable.py took 0.044 seconds
[2024-08-26T18:24:18.964-0700] {processor.py:186} INFO - Started process (PID=60661) to work on /home/jerson/airflow_venv/lib/python3.10/site-packages/airflow/example_dags/example_workday_timetable.py
[2024-08-26T18:24:18.965-0700] {processor.py:914} INFO - Processing file /home/jerson/airflow_venv/lib/python3.10/site-packages/airflow/example_dags/example_workday_timetable.py for tasks to queue
[2024-08-26T18:24:18.966-0700] {logging_mixin.py:190} INFO - [2024-08-26T18:24:18.966-0700] {dagbag.py:587} INFO - Filling up the DagBag from /home/jerson/airflow_venv/lib/python3.10/site-packages/airflow/example_dags/example_workday_timetable.py
[2024-08-26T18:24:18.969-0700] {processor.py:925} INFO - DAG(s) 'example_workday_timetable' retrieved from /home/jerson/airflow_venv/lib/python3.10/site-packages/airflow/example_dags/example_workday_timetable.py
[2024-08-26T18:24:18.978-0700] {logging_mixin.py:190} INFO - [2024-08-26T18:24:18.978-0700] {dag.py:3211} INFO - Sync 1 DAGs
[2024-08-26T18:24:18.988-0700] {logging_mixin.py:190} INFO - [2024-08-26T18:24:18.988-0700] {dag.py:4138} INFO - Setting next_dagrun for example_workday_timetable to 2021-01-01 00:00:00+00:00, run_after=2021-01-02 00:00:00+00:00
[2024-08-26T18:24:19.003-0700] {processor.py:208} INFO - Processing /home/jerson/airflow_venv/lib/python3.10/site-packages/airflow/example_dags/example_workday_timetable.py took 0.042 seconds
[2024-08-26T18:25:10.278-0700] {processor.py:186} INFO - Started process (PID=61071) to work on /home/jerson/airflow_venv/lib/python3.10/site-packages/airflow/example_dags/example_workday_timetable.py
[2024-08-26T18:25:10.279-0700] {processor.py:914} INFO - Processing file /home/jerson/airflow_venv/lib/python3.10/site-packages/airflow/example_dags/example_workday_timetable.py for tasks to queue
[2024-08-26T18:25:10.280-0700] {logging_mixin.py:190} INFO - [2024-08-26T18:25:10.280-0700] {dagbag.py:587} INFO - Filling up the DagBag from /home/jerson/airflow_venv/lib/python3.10/site-packages/airflow/example_dags/example_workday_timetable.py
[2024-08-26T18:25:10.284-0700] {processor.py:925} INFO - DAG(s) 'example_workday_timetable' retrieved from /home/jerson/airflow_venv/lib/python3.10/site-packages/airflow/example_dags/example_workday_timetable.py
[2024-08-26T18:25:10.297-0700] {logging_mixin.py:190} INFO - [2024-08-26T18:25:10.296-0700] {dag.py:3211} INFO - Sync 1 DAGs
[2024-08-26T18:25:10.310-0700] {logging_mixin.py:190} INFO - [2024-08-26T18:25:10.309-0700] {dag.py:4138} INFO - Setting next_dagrun for example_workday_timetable to 2021-01-01 00:00:00+00:00, run_after=2021-01-02 00:00:00+00:00
[2024-08-26T18:25:10.326-0700] {processor.py:208} INFO - Processing /home/jerson/airflow_venv/lib/python3.10/site-packages/airflow/example_dags/example_workday_timetable.py took 0.051 seconds
[2024-08-26T18:26:03.153-0700] {processor.py:186} INFO - Started process (PID=61836) to work on /home/jerson/airflow_venv/lib/python3.10/site-packages/airflow/example_dags/example_workday_timetable.py
[2024-08-26T18:26:03.154-0700] {processor.py:914} INFO - Processing file /home/jerson/airflow_venv/lib/python3.10/site-packages/airflow/example_dags/example_workday_timetable.py for tasks to queue
[2024-08-26T18:26:03.155-0700] {logging_mixin.py:190} INFO - [2024-08-26T18:26:03.154-0700] {dagbag.py:587} INFO - Filling up the DagBag from /home/jerson/airflow_venv/lib/python3.10/site-packages/airflow/example_dags/example_workday_timetable.py
[2024-08-26T18:26:03.158-0700] {processor.py:925} INFO - DAG(s) 'example_workday_timetable' retrieved from /home/jerson/airflow_venv/lib/python3.10/site-packages/airflow/example_dags/example_workday_timetable.py
[2024-08-26T18:26:03.167-0700] {logging_mixin.py:190} INFO - [2024-08-26T18:26:03.167-0700] {dag.py:3211} INFO - Sync 1 DAGs
[2024-08-26T18:26:03.178-0700] {logging_mixin.py:190} INFO - [2024-08-26T18:26:03.177-0700] {dag.py:4138} INFO - Setting next_dagrun for example_workday_timetable to 2021-01-01 00:00:00+00:00, run_after=2021-01-02 00:00:00+00:00
[2024-08-26T18:26:03.192-0700] {processor.py:208} INFO - Processing /home/jerson/airflow_venv/lib/python3.10/site-packages/airflow/example_dags/example_workday_timetable.py took 0.043 seconds
[2024-08-26T18:26:58.633-0700] {processor.py:186} INFO - Started process (PID=62405) to work on /home/jerson/airflow_venv/lib/python3.10/site-packages/airflow/example_dags/example_workday_timetable.py
[2024-08-26T18:26:58.633-0700] {processor.py:914} INFO - Processing file /home/jerson/airflow_venv/lib/python3.10/site-packages/airflow/example_dags/example_workday_timetable.py for tasks to queue
[2024-08-26T18:26:58.634-0700] {logging_mixin.py:190} INFO - [2024-08-26T18:26:58.634-0700] {dagbag.py:587} INFO - Filling up the DagBag from /home/jerson/airflow_venv/lib/python3.10/site-packages/airflow/example_dags/example_workday_timetable.py
[2024-08-26T18:26:58.638-0700] {processor.py:925} INFO - DAG(s) 'example_workday_timetable' retrieved from /home/jerson/airflow_venv/lib/python3.10/site-packages/airflow/example_dags/example_workday_timetable.py
[2024-08-26T18:26:58.647-0700] {logging_mixin.py:190} INFO - [2024-08-26T18:26:58.647-0700] {dag.py:3211} INFO - Sync 1 DAGs
[2024-08-26T18:26:58.659-0700] {logging_mixin.py:190} INFO - [2024-08-26T18:26:58.659-0700] {dag.py:4138} INFO - Setting next_dagrun for example_workday_timetable to 2021-01-01 00:00:00+00:00, run_after=2021-01-02 00:00:00+00:00
[2024-08-26T18:26:58.675-0700] {processor.py:208} INFO - Processing /home/jerson/airflow_venv/lib/python3.10/site-packages/airflow/example_dags/example_workday_timetable.py took 0.046 seconds
[2024-08-26T18:27:48.963-0700] {processor.py:186} INFO - Started process (PID=62809) to work on /home/jerson/airflow_venv/lib/python3.10/site-packages/airflow/example_dags/example_workday_timetable.py
[2024-08-26T18:27:48.964-0700] {processor.py:914} INFO - Processing file /home/jerson/airflow_venv/lib/python3.10/site-packages/airflow/example_dags/example_workday_timetable.py for tasks to queue
[2024-08-26T18:27:48.964-0700] {logging_mixin.py:190} INFO - [2024-08-26T18:27:48.964-0700] {dagbag.py:587} INFO - Filling up the DagBag from /home/jerson/airflow_venv/lib/python3.10/site-packages/airflow/example_dags/example_workday_timetable.py
[2024-08-26T18:27:48.968-0700] {processor.py:925} INFO - DAG(s) 'example_workday_timetable' retrieved from /home/jerson/airflow_venv/lib/python3.10/site-packages/airflow/example_dags/example_workday_timetable.py
[2024-08-26T18:27:48.977-0700] {logging_mixin.py:190} INFO - [2024-08-26T18:27:48.977-0700] {dag.py:3211} INFO - Sync 1 DAGs
[2024-08-26T18:27:48.988-0700] {logging_mixin.py:190} INFO - [2024-08-26T18:27:48.988-0700] {dag.py:4138} INFO - Setting next_dagrun for example_workday_timetable to 2021-01-01 00:00:00+00:00, run_after=2021-01-02 00:00:00+00:00
[2024-08-26T18:27:49.004-0700] {processor.py:208} INFO - Processing /home/jerson/airflow_venv/lib/python3.10/site-packages/airflow/example_dags/example_workday_timetable.py took 0.045 seconds
[2024-08-26T18:28:40.262-0700] {processor.py:186} INFO - Started process (PID=63216) to work on /home/jerson/airflow_venv/lib/python3.10/site-packages/airflow/example_dags/example_workday_timetable.py
[2024-08-26T18:28:40.263-0700] {processor.py:914} INFO - Processing file /home/jerson/airflow_venv/lib/python3.10/site-packages/airflow/example_dags/example_workday_timetable.py for tasks to queue
[2024-08-26T18:28:40.264-0700] {logging_mixin.py:190} INFO - [2024-08-26T18:28:40.264-0700] {dagbag.py:587} INFO - Filling up the DagBag from /home/jerson/airflow_venv/lib/python3.10/site-packages/airflow/example_dags/example_workday_timetable.py
[2024-08-26T18:28:40.268-0700] {processor.py:925} INFO - DAG(s) 'example_workday_timetable' retrieved from /home/jerson/airflow_venv/lib/python3.10/site-packages/airflow/example_dags/example_workday_timetable.py
[2024-08-26T18:28:40.276-0700] {logging_mixin.py:190} INFO - [2024-08-26T18:28:40.276-0700] {dag.py:3211} INFO - Sync 1 DAGs
[2024-08-26T18:28:40.287-0700] {logging_mixin.py:190} INFO - [2024-08-26T18:28:40.287-0700] {dag.py:4138} INFO - Setting next_dagrun for example_workday_timetable to 2021-01-01 00:00:00+00:00, run_after=2021-01-02 00:00:00+00:00
[2024-08-26T18:28:40.303-0700] {processor.py:208} INFO - Processing /home/jerson/airflow_venv/lib/python3.10/site-packages/airflow/example_dags/example_workday_timetable.py took 0.044 seconds
[2024-08-26T18:29:30.432-0700] {processor.py:186} INFO - Started process (PID=63611) to work on /home/jerson/airflow_venv/lib/python3.10/site-packages/airflow/example_dags/example_workday_timetable.py
[2024-08-26T18:29:30.433-0700] {processor.py:914} INFO - Processing file /home/jerson/airflow_venv/lib/python3.10/site-packages/airflow/example_dags/example_workday_timetable.py for tasks to queue
[2024-08-26T18:29:30.433-0700] {logging_mixin.py:190} INFO - [2024-08-26T18:29:30.433-0700] {dagbag.py:587} INFO - Filling up the DagBag from /home/jerson/airflow_venv/lib/python3.10/site-packages/airflow/example_dags/example_workday_timetable.py
[2024-08-26T18:29:30.437-0700] {processor.py:925} INFO - DAG(s) 'example_workday_timetable' retrieved from /home/jerson/airflow_venv/lib/python3.10/site-packages/airflow/example_dags/example_workday_timetable.py
[2024-08-26T18:29:30.446-0700] {logging_mixin.py:190} INFO - [2024-08-26T18:29:30.445-0700] {dag.py:3211} INFO - Sync 1 DAGs
[2024-08-26T18:29:30.458-0700] {logging_mixin.py:190} INFO - [2024-08-26T18:29:30.458-0700] {dag.py:4138} INFO - Setting next_dagrun for example_workday_timetable to 2021-01-01 00:00:00+00:00, run_after=2021-01-02 00:00:00+00:00
[2024-08-26T18:29:30.473-0700] {processor.py:208} INFO - Processing /home/jerson/airflow_venv/lib/python3.10/site-packages/airflow/example_dags/example_workday_timetable.py took 0.044 seconds
[2024-08-26T18:30:17.818-0700] {processor.py:186} INFO - Started process (PID=63994) to work on /home/jerson/airflow_venv/lib/python3.10/site-packages/airflow/example_dags/example_workday_timetable.py
[2024-08-26T18:30:17.819-0700] {processor.py:914} INFO - Processing file /home/jerson/airflow_venv/lib/python3.10/site-packages/airflow/example_dags/example_workday_timetable.py for tasks to queue
[2024-08-26T18:30:17.820-0700] {logging_mixin.py:190} INFO - [2024-08-26T18:30:17.819-0700] {dagbag.py:587} INFO - Filling up the DagBag from /home/jerson/airflow_venv/lib/python3.10/site-packages/airflow/example_dags/example_workday_timetable.py
[2024-08-26T18:30:17.823-0700] {processor.py:925} INFO - DAG(s) 'example_workday_timetable' retrieved from /home/jerson/airflow_venv/lib/python3.10/site-packages/airflow/example_dags/example_workday_timetable.py
[2024-08-26T18:30:17.832-0700] {logging_mixin.py:190} INFO - [2024-08-26T18:30:17.832-0700] {dag.py:3211} INFO - Sync 1 DAGs
[2024-08-26T18:30:17.844-0700] {logging_mixin.py:190} INFO - [2024-08-26T18:30:17.844-0700] {dag.py:4138} INFO - Setting next_dagrun for example_workday_timetable to 2021-01-01 00:00:00+00:00, run_after=2021-01-02 00:00:00+00:00
[2024-08-26T18:30:17.858-0700] {processor.py:208} INFO - Processing /home/jerson/airflow_venv/lib/python3.10/site-packages/airflow/example_dags/example_workday_timetable.py took 0.043 seconds
[2024-08-26T18:31:08.021-0700] {processor.py:186} INFO - Started process (PID=64510) to work on /home/jerson/airflow_venv/lib/python3.10/site-packages/airflow/example_dags/example_workday_timetable.py
[2024-08-26T18:31:08.021-0700] {processor.py:914} INFO - Processing file /home/jerson/airflow_venv/lib/python3.10/site-packages/airflow/example_dags/example_workday_timetable.py for tasks to queue
[2024-08-26T18:31:08.022-0700] {logging_mixin.py:190} INFO - [2024-08-26T18:31:08.022-0700] {dagbag.py:587} INFO - Filling up the DagBag from /home/jerson/airflow_venv/lib/python3.10/site-packages/airflow/example_dags/example_workday_timetable.py
[2024-08-26T18:31:08.026-0700] {processor.py:925} INFO - DAG(s) 'example_workday_timetable' retrieved from /home/jerson/airflow_venv/lib/python3.10/site-packages/airflow/example_dags/example_workday_timetable.py
[2024-08-26T18:31:08.034-0700] {logging_mixin.py:190} INFO - [2024-08-26T18:31:08.034-0700] {dag.py:3211} INFO - Sync 1 DAGs
[2024-08-26T18:31:08.045-0700] {logging_mixin.py:190} INFO - [2024-08-26T18:31:08.044-0700] {dag.py:4138} INFO - Setting next_dagrun for example_workday_timetable to 2021-01-01 00:00:00+00:00, run_after=2021-01-02 00:00:00+00:00
[2024-08-26T18:31:08.061-0700] {processor.py:208} INFO - Processing /home/jerson/airflow_venv/lib/python3.10/site-packages/airflow/example_dags/example_workday_timetable.py took 0.044 seconds
