[2024-08-26T17:36:45.351-0700] {processor.py:186} INFO - Started process (PID=32486) to work on /home/jerson/airflow_venv/lib/python3.10/site-packages/airflow/example_dags/example_nested_branch_dag.py
[2024-08-26T17:36:45.351-0700] {processor.py:914} INFO - Processing file /home/jerson/airflow_venv/lib/python3.10/site-packages/airflow/example_dags/example_nested_branch_dag.py for tasks to queue
[2024-08-26T17:36:45.353-0700] {logging_mixin.py:190} INFO - [2024-08-26T17:36:45.352-0700] {dagbag.py:587} INFO - Filling up the DagBag from /home/jerson/airflow_venv/lib/python3.10/site-packages/airflow/example_dags/example_nested_branch_dag.py
[2024-08-26T17:36:45.359-0700] {processor.py:925} INFO - DAG(s) 'example_nested_branch_dag' retrieved from /home/jerson/airflow_venv/lib/python3.10/site-packages/airflow/example_dags/example_nested_branch_dag.py
[2024-08-26T17:36:45.369-0700] {logging_mixin.py:190} INFO - [2024-08-26T17:36:45.368-0700] {dag.py:3211} INFO - Sync 1 DAGs
[2024-08-26T17:36:45.381-0700] {logging_mixin.py:190} INFO - [2024-08-26T17:36:45.381-0700] {dag.py:4138} INFO - Setting next_dagrun for example_nested_branch_dag to 2024-08-26 00:00:00+00:00, run_after=2024-08-27 00:00:00+00:00
[2024-08-26T17:36:45.397-0700] {processor.py:208} INFO - Processing /home/jerson/airflow_venv/lib/python3.10/site-packages/airflow/example_dags/example_nested_branch_dag.py took 0.050 seconds
[2024-08-26T17:37:48.105-0700] {processor.py:186} INFO - Started process (PID=33014) to work on /home/jerson/airflow_venv/lib/python3.10/site-packages/airflow/example_dags/example_nested_branch_dag.py
[2024-08-26T17:37:48.106-0700] {processor.py:914} INFO - Processing file /home/jerson/airflow_venv/lib/python3.10/site-packages/airflow/example_dags/example_nested_branch_dag.py for tasks to queue
[2024-08-26T17:37:48.107-0700] {logging_mixin.py:190} INFO - [2024-08-26T17:37:48.107-0700] {dagbag.py:587} INFO - Filling up the DagBag from /home/jerson/airflow_venv/lib/python3.10/site-packages/airflow/example_dags/example_nested_branch_dag.py
[2024-08-26T17:37:48.114-0700] {processor.py:925} INFO - DAG(s) 'example_nested_branch_dag' retrieved from /home/jerson/airflow_venv/lib/python3.10/site-packages/airflow/example_dags/example_nested_branch_dag.py
[2024-08-26T17:37:48.128-0700] {logging_mixin.py:190} INFO - [2024-08-26T17:37:48.128-0700] {dag.py:3211} INFO - Sync 1 DAGs
[2024-08-26T17:37:48.143-0700] {logging_mixin.py:190} INFO - [2024-08-26T17:37:48.143-0700] {dag.py:4138} INFO - Setting next_dagrun for example_nested_branch_dag to 2024-08-26 00:00:00+00:00, run_after=2024-08-27 00:00:00+00:00
[2024-08-26T17:37:48.162-0700] {processor.py:208} INFO - Processing /home/jerson/airflow_venv/lib/python3.10/site-packages/airflow/example_dags/example_nested_branch_dag.py took 0.061 seconds
[2024-08-26T17:38:38.294-0700] {processor.py:186} INFO - Started process (PID=33411) to work on /home/jerson/airflow_venv/lib/python3.10/site-packages/airflow/example_dags/example_nested_branch_dag.py
[2024-08-26T17:38:38.295-0700] {processor.py:914} INFO - Processing file /home/jerson/airflow_venv/lib/python3.10/site-packages/airflow/example_dags/example_nested_branch_dag.py for tasks to queue
[2024-08-26T17:38:38.297-0700] {logging_mixin.py:190} INFO - [2024-08-26T17:38:38.296-0700] {dagbag.py:587} INFO - Filling up the DagBag from /home/jerson/airflow_venv/lib/python3.10/site-packages/airflow/example_dags/example_nested_branch_dag.py
[2024-08-26T17:38:38.303-0700] {processor.py:925} INFO - DAG(s) 'example_nested_branch_dag' retrieved from /home/jerson/airflow_venv/lib/python3.10/site-packages/airflow/example_dags/example_nested_branch_dag.py
[2024-08-26T17:38:38.312-0700] {logging_mixin.py:190} INFO - [2024-08-26T17:38:38.312-0700] {dag.py:3211} INFO - Sync 1 DAGs
[2024-08-26T17:38:38.323-0700] {logging_mixin.py:190} INFO - [2024-08-26T17:38:38.323-0700] {dag.py:4138} INFO - Setting next_dagrun for example_nested_branch_dag to 2024-08-26 00:00:00+00:00, run_after=2024-08-27 00:00:00+00:00
[2024-08-26T17:38:38.340-0700] {processor.py:208} INFO - Processing /home/jerson/airflow_venv/lib/python3.10/site-packages/airflow/example_dags/example_nested_branch_dag.py took 0.049 seconds
[2024-08-26T17:39:24.430-0700] {processor.py:186} INFO - Started process (PID=33810) to work on /home/jerson/airflow_venv/lib/python3.10/site-packages/airflow/example_dags/example_nested_branch_dag.py
[2024-08-26T17:39:24.431-0700] {processor.py:914} INFO - Processing file /home/jerson/airflow_venv/lib/python3.10/site-packages/airflow/example_dags/example_nested_branch_dag.py for tasks to queue
[2024-08-26T17:39:24.432-0700] {logging_mixin.py:190} INFO - [2024-08-26T17:39:24.432-0700] {dagbag.py:587} INFO - Filling up the DagBag from /home/jerson/airflow_venv/lib/python3.10/site-packages/airflow/example_dags/example_nested_branch_dag.py
[2024-08-26T17:39:24.438-0700] {processor.py:925} INFO - DAG(s) 'example_nested_branch_dag' retrieved from /home/jerson/airflow_venv/lib/python3.10/site-packages/airflow/example_dags/example_nested_branch_dag.py
[2024-08-26T17:39:24.448-0700] {logging_mixin.py:190} INFO - [2024-08-26T17:39:24.448-0700] {dag.py:3211} INFO - Sync 1 DAGs
[2024-08-26T17:39:24.459-0700] {logging_mixin.py:190} INFO - [2024-08-26T17:39:24.459-0700] {dag.py:4138} INFO - Setting next_dagrun for example_nested_branch_dag to 2024-08-26 00:00:00+00:00, run_after=2024-08-27 00:00:00+00:00
[2024-08-26T17:39:24.475-0700] {processor.py:208} INFO - Processing /home/jerson/airflow_venv/lib/python3.10/site-packages/airflow/example_dags/example_nested_branch_dag.py took 0.048 seconds
[2024-08-26T17:40:14.932-0700] {processor.py:186} INFO - Started process (PID=34209) to work on /home/jerson/airflow_venv/lib/python3.10/site-packages/airflow/example_dags/example_nested_branch_dag.py
[2024-08-26T17:40:14.933-0700] {processor.py:914} INFO - Processing file /home/jerson/airflow_venv/lib/python3.10/site-packages/airflow/example_dags/example_nested_branch_dag.py for tasks to queue
[2024-08-26T17:40:14.934-0700] {logging_mixin.py:190} INFO - [2024-08-26T17:40:14.934-0700] {dagbag.py:587} INFO - Filling up the DagBag from /home/jerson/airflow_venv/lib/python3.10/site-packages/airflow/example_dags/example_nested_branch_dag.py
[2024-08-26T17:40:14.940-0700] {processor.py:925} INFO - DAG(s) 'example_nested_branch_dag' retrieved from /home/jerson/airflow_venv/lib/python3.10/site-packages/airflow/example_dags/example_nested_branch_dag.py
[2024-08-26T17:40:14.950-0700] {logging_mixin.py:190} INFO - [2024-08-26T17:40:14.950-0700] {dag.py:3211} INFO - Sync 1 DAGs
[2024-08-26T17:40:14.961-0700] {logging_mixin.py:190} INFO - [2024-08-26T17:40:14.961-0700] {dag.py:4138} INFO - Setting next_dagrun for example_nested_branch_dag to 2024-08-26 00:00:00+00:00, run_after=2024-08-27 00:00:00+00:00
[2024-08-26T17:40:14.975-0700] {processor.py:208} INFO - Processing /home/jerson/airflow_venv/lib/python3.10/site-packages/airflow/example_dags/example_nested_branch_dag.py took 0.047 seconds
[2024-08-26T17:41:04.735-0700] {processor.py:186} INFO - Started process (PID=34610) to work on /home/jerson/airflow_venv/lib/python3.10/site-packages/airflow/example_dags/example_nested_branch_dag.py
[2024-08-26T17:41:04.736-0700] {processor.py:914} INFO - Processing file /home/jerson/airflow_venv/lib/python3.10/site-packages/airflow/example_dags/example_nested_branch_dag.py for tasks to queue
[2024-08-26T17:41:04.737-0700] {logging_mixin.py:190} INFO - [2024-08-26T17:41:04.737-0700] {dagbag.py:587} INFO - Filling up the DagBag from /home/jerson/airflow_venv/lib/python3.10/site-packages/airflow/example_dags/example_nested_branch_dag.py
[2024-08-26T17:41:04.743-0700] {processor.py:925} INFO - DAG(s) 'example_nested_branch_dag' retrieved from /home/jerson/airflow_venv/lib/python3.10/site-packages/airflow/example_dags/example_nested_branch_dag.py
[2024-08-26T17:41:04.753-0700] {logging_mixin.py:190} INFO - [2024-08-26T17:41:04.753-0700] {dag.py:3211} INFO - Sync 1 DAGs
[2024-08-26T17:41:04.764-0700] {logging_mixin.py:190} INFO - [2024-08-26T17:41:04.764-0700] {dag.py:4138} INFO - Setting next_dagrun for example_nested_branch_dag to 2024-08-26 00:00:00+00:00, run_after=2024-08-27 00:00:00+00:00
[2024-08-26T17:41:04.778-0700] {processor.py:208} INFO - Processing /home/jerson/airflow_venv/lib/python3.10/site-packages/airflow/example_dags/example_nested_branch_dag.py took 0.046 seconds
[2024-08-26T17:41:54.626-0700] {processor.py:186} INFO - Started process (PID=35002) to work on /home/jerson/airflow_venv/lib/python3.10/site-packages/airflow/example_dags/example_nested_branch_dag.py
[2024-08-26T17:41:54.627-0700] {processor.py:914} INFO - Processing file /home/jerson/airflow_venv/lib/python3.10/site-packages/airflow/example_dags/example_nested_branch_dag.py for tasks to queue
[2024-08-26T17:41:54.629-0700] {logging_mixin.py:190} INFO - [2024-08-26T17:41:54.628-0700] {dagbag.py:587} INFO - Filling up the DagBag from /home/jerson/airflow_venv/lib/python3.10/site-packages/airflow/example_dags/example_nested_branch_dag.py
[2024-08-26T17:41:54.635-0700] {processor.py:925} INFO - DAG(s) 'example_nested_branch_dag' retrieved from /home/jerson/airflow_venv/lib/python3.10/site-packages/airflow/example_dags/example_nested_branch_dag.py
[2024-08-26T17:41:54.645-0700] {logging_mixin.py:190} INFO - [2024-08-26T17:41:54.645-0700] {dag.py:3211} INFO - Sync 1 DAGs
[2024-08-26T17:41:54.656-0700] {logging_mixin.py:190} INFO - [2024-08-26T17:41:54.656-0700] {dag.py:4138} INFO - Setting next_dagrun for example_nested_branch_dag to 2024-08-26 00:00:00+00:00, run_after=2024-08-27 00:00:00+00:00
[2024-08-26T17:41:54.671-0700] {processor.py:208} INFO - Processing /home/jerson/airflow_venv/lib/python3.10/site-packages/airflow/example_dags/example_nested_branch_dag.py took 0.047 seconds
[2024-08-26T17:42:43.295-0700] {processor.py:186} INFO - Started process (PID=35391) to work on /home/jerson/airflow_venv/lib/python3.10/site-packages/airflow/example_dags/example_nested_branch_dag.py
[2024-08-26T17:42:43.296-0700] {processor.py:914} INFO - Processing file /home/jerson/airflow_venv/lib/python3.10/site-packages/airflow/example_dags/example_nested_branch_dag.py for tasks to queue
[2024-08-26T17:42:43.298-0700] {logging_mixin.py:190} INFO - [2024-08-26T17:42:43.297-0700] {dagbag.py:587} INFO - Filling up the DagBag from /home/jerson/airflow_venv/lib/python3.10/site-packages/airflow/example_dags/example_nested_branch_dag.py
[2024-08-26T17:42:43.304-0700] {processor.py:925} INFO - DAG(s) 'example_nested_branch_dag' retrieved from /home/jerson/airflow_venv/lib/python3.10/site-packages/airflow/example_dags/example_nested_branch_dag.py
[2024-08-26T17:42:43.314-0700] {logging_mixin.py:190} INFO - [2024-08-26T17:42:43.313-0700] {dag.py:3211} INFO - Sync 1 DAGs
[2024-08-26T17:42:43.324-0700] {logging_mixin.py:190} INFO - [2024-08-26T17:42:43.324-0700] {dag.py:4138} INFO - Setting next_dagrun for example_nested_branch_dag to 2024-08-26 00:00:00+00:00, run_after=2024-08-27 00:00:00+00:00
[2024-08-26T17:42:43.340-0700] {processor.py:208} INFO - Processing /home/jerson/airflow_venv/lib/python3.10/site-packages/airflow/example_dags/example_nested_branch_dag.py took 0.047 seconds
[2024-08-26T17:43:32.672-0700] {processor.py:186} INFO - Started process (PID=35787) to work on /home/jerson/airflow_venv/lib/python3.10/site-packages/airflow/example_dags/example_nested_branch_dag.py
[2024-08-26T17:43:32.673-0700] {processor.py:914} INFO - Processing file /home/jerson/airflow_venv/lib/python3.10/site-packages/airflow/example_dags/example_nested_branch_dag.py for tasks to queue
[2024-08-26T17:43:32.674-0700] {logging_mixin.py:190} INFO - [2024-08-26T17:43:32.674-0700] {dagbag.py:587} INFO - Filling up the DagBag from /home/jerson/airflow_venv/lib/python3.10/site-packages/airflow/example_dags/example_nested_branch_dag.py
[2024-08-26T17:43:32.681-0700] {processor.py:925} INFO - DAG(s) 'example_nested_branch_dag' retrieved from /home/jerson/airflow_venv/lib/python3.10/site-packages/airflow/example_dags/example_nested_branch_dag.py
[2024-08-26T17:43:32.690-0700] {logging_mixin.py:190} INFO - [2024-08-26T17:43:32.690-0700] {dag.py:3211} INFO - Sync 1 DAGs
[2024-08-26T17:43:32.702-0700] {logging_mixin.py:190} INFO - [2024-08-26T17:43:32.702-0700] {dag.py:4138} INFO - Setting next_dagrun for example_nested_branch_dag to 2024-08-26 00:00:00+00:00, run_after=2024-08-27 00:00:00+00:00
[2024-08-26T17:43:32.716-0700] {processor.py:208} INFO - Processing /home/jerson/airflow_venv/lib/python3.10/site-packages/airflow/example_dags/example_nested_branch_dag.py took 0.047 seconds
[2024-08-26T17:44:19.196-0700] {processor.py:186} INFO - Started process (PID=36183) to work on /home/jerson/airflow_venv/lib/python3.10/site-packages/airflow/example_dags/example_nested_branch_dag.py
[2024-08-26T17:44:19.197-0700] {processor.py:914} INFO - Processing file /home/jerson/airflow_venv/lib/python3.10/site-packages/airflow/example_dags/example_nested_branch_dag.py for tasks to queue
[2024-08-26T17:44:19.198-0700] {logging_mixin.py:190} INFO - [2024-08-26T17:44:19.198-0700] {dagbag.py:587} INFO - Filling up the DagBag from /home/jerson/airflow_venv/lib/python3.10/site-packages/airflow/example_dags/example_nested_branch_dag.py
[2024-08-26T17:44:19.206-0700] {processor.py:925} INFO - DAG(s) 'example_nested_branch_dag' retrieved from /home/jerson/airflow_venv/lib/python3.10/site-packages/airflow/example_dags/example_nested_branch_dag.py
[2024-08-26T17:44:19.216-0700] {logging_mixin.py:190} INFO - [2024-08-26T17:44:19.216-0700] {dag.py:3211} INFO - Sync 1 DAGs
[2024-08-26T17:44:19.228-0700] {logging_mixin.py:190} INFO - [2024-08-26T17:44:19.228-0700] {dag.py:4138} INFO - Setting next_dagrun for example_nested_branch_dag to 2024-08-26 00:00:00+00:00, run_after=2024-08-27 00:00:00+00:00
[2024-08-26T17:44:19.243-0700] {processor.py:208} INFO - Processing /home/jerson/airflow_venv/lib/python3.10/site-packages/airflow/example_dags/example_nested_branch_dag.py took 0.051 seconds
[2024-08-26T17:45:10.506-0700] {processor.py:186} INFO - Started process (PID=36597) to work on /home/jerson/airflow_venv/lib/python3.10/site-packages/airflow/example_dags/example_nested_branch_dag.py
[2024-08-26T17:45:10.507-0700] {processor.py:914} INFO - Processing file /home/jerson/airflow_venv/lib/python3.10/site-packages/airflow/example_dags/example_nested_branch_dag.py for tasks to queue
[2024-08-26T17:45:10.508-0700] {logging_mixin.py:190} INFO - [2024-08-26T17:45:10.508-0700] {dagbag.py:587} INFO - Filling up the DagBag from /home/jerson/airflow_venv/lib/python3.10/site-packages/airflow/example_dags/example_nested_branch_dag.py
[2024-08-26T17:45:10.514-0700] {processor.py:925} INFO - DAG(s) 'example_nested_branch_dag' retrieved from /home/jerson/airflow_venv/lib/python3.10/site-packages/airflow/example_dags/example_nested_branch_dag.py
[2024-08-26T17:45:10.524-0700] {logging_mixin.py:190} INFO - [2024-08-26T17:45:10.524-0700] {dag.py:3211} INFO - Sync 1 DAGs
[2024-08-26T17:45:10.534-0700] {logging_mixin.py:190} INFO - [2024-08-26T17:45:10.534-0700] {dag.py:4138} INFO - Setting next_dagrun for example_nested_branch_dag to 2024-08-26 00:00:00+00:00, run_after=2024-08-27 00:00:00+00:00
[2024-08-26T17:45:10.550-0700] {processor.py:208} INFO - Processing /home/jerson/airflow_venv/lib/python3.10/site-packages/airflow/example_dags/example_nested_branch_dag.py took 0.048 seconds
[2024-08-26T17:46:00.772-0700] {processor.py:186} INFO - Started process (PID=37051) to work on /home/jerson/airflow_venv/lib/python3.10/site-packages/airflow/example_dags/example_nested_branch_dag.py
[2024-08-26T17:46:00.773-0700] {processor.py:914} INFO - Processing file /home/jerson/airflow_venv/lib/python3.10/site-packages/airflow/example_dags/example_nested_branch_dag.py for tasks to queue
[2024-08-26T17:46:00.774-0700] {logging_mixin.py:190} INFO - [2024-08-26T17:46:00.774-0700] {dagbag.py:587} INFO - Filling up the DagBag from /home/jerson/airflow_venv/lib/python3.10/site-packages/airflow/example_dags/example_nested_branch_dag.py
[2024-08-26T17:46:00.782-0700] {processor.py:925} INFO - DAG(s) 'example_nested_branch_dag' retrieved from /home/jerson/airflow_venv/lib/python3.10/site-packages/airflow/example_dags/example_nested_branch_dag.py
[2024-08-26T17:46:00.793-0700] {logging_mixin.py:190} INFO - [2024-08-26T17:46:00.793-0700] {dag.py:3211} INFO - Sync 1 DAGs
[2024-08-26T17:46:00.807-0700] {logging_mixin.py:190} INFO - [2024-08-26T17:46:00.807-0700] {dag.py:4138} INFO - Setting next_dagrun for example_nested_branch_dag to 2024-08-26 00:00:00+00:00, run_after=2024-08-27 00:00:00+00:00
[2024-08-26T17:46:00.826-0700] {processor.py:208} INFO - Processing /home/jerson/airflow_venv/lib/python3.10/site-packages/airflow/example_dags/example_nested_branch_dag.py took 0.058 seconds
[2024-08-26T17:46:48.547-0700] {processor.py:186} INFO - Started process (PID=37687) to work on /home/jerson/airflow_venv/lib/python3.10/site-packages/airflow/example_dags/example_nested_branch_dag.py
[2024-08-26T17:46:48.548-0700] {processor.py:914} INFO - Processing file /home/jerson/airflow_venv/lib/python3.10/site-packages/airflow/example_dags/example_nested_branch_dag.py for tasks to queue
[2024-08-26T17:46:48.549-0700] {logging_mixin.py:190} INFO - [2024-08-26T17:46:48.549-0700] {dagbag.py:587} INFO - Filling up the DagBag from /home/jerson/airflow_venv/lib/python3.10/site-packages/airflow/example_dags/example_nested_branch_dag.py
[2024-08-26T17:46:48.556-0700] {processor.py:925} INFO - DAG(s) 'example_nested_branch_dag' retrieved from /home/jerson/airflow_venv/lib/python3.10/site-packages/airflow/example_dags/example_nested_branch_dag.py
[2024-08-26T17:46:48.567-0700] {logging_mixin.py:190} INFO - [2024-08-26T17:46:48.567-0700] {dag.py:3211} INFO - Sync 1 DAGs
[2024-08-26T17:46:48.582-0700] {logging_mixin.py:190} INFO - [2024-08-26T17:46:48.581-0700] {dag.py:4138} INFO - Setting next_dagrun for example_nested_branch_dag to 2024-08-26 00:00:00+00:00, run_after=2024-08-27 00:00:00+00:00
[2024-08-26T17:46:48.598-0700] {processor.py:208} INFO - Processing /home/jerson/airflow_venv/lib/python3.10/site-packages/airflow/example_dags/example_nested_branch_dag.py took 0.054 seconds
[2024-08-26T17:47:38.711-0700] {processor.py:186} INFO - Started process (PID=38212) to work on /home/jerson/airflow_venv/lib/python3.10/site-packages/airflow/example_dags/example_nested_branch_dag.py
[2024-08-26T17:47:38.712-0700] {processor.py:914} INFO - Processing file /home/jerson/airflow_venv/lib/python3.10/site-packages/airflow/example_dags/example_nested_branch_dag.py for tasks to queue
[2024-08-26T17:47:38.714-0700] {logging_mixin.py:190} INFO - [2024-08-26T17:47:38.713-0700] {dagbag.py:587} INFO - Filling up the DagBag from /home/jerson/airflow_venv/lib/python3.10/site-packages/airflow/example_dags/example_nested_branch_dag.py
[2024-08-26T17:47:38.721-0700] {processor.py:925} INFO - DAG(s) 'example_nested_branch_dag' retrieved from /home/jerson/airflow_venv/lib/python3.10/site-packages/airflow/example_dags/example_nested_branch_dag.py
[2024-08-26T17:47:38.732-0700] {logging_mixin.py:190} INFO - [2024-08-26T17:47:38.732-0700] {dag.py:3211} INFO - Sync 1 DAGs
[2024-08-26T17:47:38.745-0700] {logging_mixin.py:190} INFO - [2024-08-26T17:47:38.745-0700] {dag.py:4138} INFO - Setting next_dagrun for example_nested_branch_dag to 2024-08-26 00:00:00+00:00, run_after=2024-08-27 00:00:00+00:00
[2024-08-26T17:47:38.760-0700] {processor.py:208} INFO - Processing /home/jerson/airflow_venv/lib/python3.10/site-packages/airflow/example_dags/example_nested_branch_dag.py took 0.052 seconds
[2024-08-26T17:48:31.242-0700] {processor.py:186} INFO - Started process (PID=38630) to work on /home/jerson/airflow_venv/lib/python3.10/site-packages/airflow/example_dags/example_nested_branch_dag.py
[2024-08-26T17:48:31.244-0700] {processor.py:914} INFO - Processing file /home/jerson/airflow_venv/lib/python3.10/site-packages/airflow/example_dags/example_nested_branch_dag.py for tasks to queue
[2024-08-26T17:48:31.246-0700] {logging_mixin.py:190} INFO - [2024-08-26T17:48:31.245-0700] {dagbag.py:587} INFO - Filling up the DagBag from /home/jerson/airflow_venv/lib/python3.10/site-packages/airflow/example_dags/example_nested_branch_dag.py
[2024-08-26T17:48:31.253-0700] {processor.py:925} INFO - DAG(s) 'example_nested_branch_dag' retrieved from /home/jerson/airflow_venv/lib/python3.10/site-packages/airflow/example_dags/example_nested_branch_dag.py
[2024-08-26T17:48:31.264-0700] {logging_mixin.py:190} INFO - [2024-08-26T17:48:31.264-0700] {dag.py:3211} INFO - Sync 1 DAGs
[2024-08-26T17:48:31.278-0700] {logging_mixin.py:190} INFO - [2024-08-26T17:48:31.278-0700] {dag.py:4138} INFO - Setting next_dagrun for example_nested_branch_dag to 2024-08-26 00:00:00+00:00, run_after=2024-08-27 00:00:00+00:00
[2024-08-26T17:48:31.295-0700] {processor.py:208} INFO - Processing /home/jerson/airflow_venv/lib/python3.10/site-packages/airflow/example_dags/example_nested_branch_dag.py took 0.056 seconds
[2024-08-26T17:49:22.651-0700] {processor.py:186} INFO - Started process (PID=39163) to work on /home/jerson/airflow_venv/lib/python3.10/site-packages/airflow/example_dags/example_nested_branch_dag.py
[2024-08-26T17:49:22.652-0700] {processor.py:914} INFO - Processing file /home/jerson/airflow_venv/lib/python3.10/site-packages/airflow/example_dags/example_nested_branch_dag.py for tasks to queue
[2024-08-26T17:49:22.653-0700] {logging_mixin.py:190} INFO - [2024-08-26T17:49:22.653-0700] {dagbag.py:587} INFO - Filling up the DagBag from /home/jerson/airflow_venv/lib/python3.10/site-packages/airflow/example_dags/example_nested_branch_dag.py
[2024-08-26T17:49:22.660-0700] {processor.py:925} INFO - DAG(s) 'example_nested_branch_dag' retrieved from /home/jerson/airflow_venv/lib/python3.10/site-packages/airflow/example_dags/example_nested_branch_dag.py
[2024-08-26T17:49:22.671-0700] {logging_mixin.py:190} INFO - [2024-08-26T17:49:22.670-0700] {dag.py:3211} INFO - Sync 1 DAGs
[2024-08-26T17:49:22.683-0700] {logging_mixin.py:190} INFO - [2024-08-26T17:49:22.683-0700] {dag.py:4138} INFO - Setting next_dagrun for example_nested_branch_dag to 2024-08-26 00:00:00+00:00, run_after=2024-08-27 00:00:00+00:00
[2024-08-26T17:49:22.702-0700] {processor.py:208} INFO - Processing /home/jerson/airflow_venv/lib/python3.10/site-packages/airflow/example_dags/example_nested_branch_dag.py took 0.054 seconds
[2024-08-26T17:50:15.113-0700] {processor.py:186} INFO - Started process (PID=39579) to work on /home/jerson/airflow_venv/lib/python3.10/site-packages/airflow/example_dags/example_nested_branch_dag.py
[2024-08-26T17:50:15.114-0700] {processor.py:914} INFO - Processing file /home/jerson/airflow_venv/lib/python3.10/site-packages/airflow/example_dags/example_nested_branch_dag.py for tasks to queue
[2024-08-26T17:50:15.115-0700] {logging_mixin.py:190} INFO - [2024-08-26T17:50:15.115-0700] {dagbag.py:587} INFO - Filling up the DagBag from /home/jerson/airflow_venv/lib/python3.10/site-packages/airflow/example_dags/example_nested_branch_dag.py
[2024-08-26T17:50:15.123-0700] {processor.py:925} INFO - DAG(s) 'example_nested_branch_dag' retrieved from /home/jerson/airflow_venv/lib/python3.10/site-packages/airflow/example_dags/example_nested_branch_dag.py
[2024-08-26T17:50:15.133-0700] {logging_mixin.py:190} INFO - [2024-08-26T17:50:15.133-0700] {dag.py:3211} INFO - Sync 1 DAGs
[2024-08-26T17:50:15.145-0700] {logging_mixin.py:190} INFO - [2024-08-26T17:50:15.145-0700] {dag.py:4138} INFO - Setting next_dagrun for example_nested_branch_dag to 2024-08-26 00:00:00+00:00, run_after=2024-08-27 00:00:00+00:00
[2024-08-26T17:50:15.161-0700] {processor.py:208} INFO - Processing /home/jerson/airflow_venv/lib/python3.10/site-packages/airflow/example_dags/example_nested_branch_dag.py took 0.051 seconds
[2024-08-26T17:51:06.513-0700] {processor.py:186} INFO - Started process (PID=39989) to work on /home/jerson/airflow_venv/lib/python3.10/site-packages/airflow/example_dags/example_nested_branch_dag.py
[2024-08-26T17:51:06.514-0700] {processor.py:914} INFO - Processing file /home/jerson/airflow_venv/lib/python3.10/site-packages/airflow/example_dags/example_nested_branch_dag.py for tasks to queue
[2024-08-26T17:51:06.515-0700] {logging_mixin.py:190} INFO - [2024-08-26T17:51:06.515-0700] {dagbag.py:587} INFO - Filling up the DagBag from /home/jerson/airflow_venv/lib/python3.10/site-packages/airflow/example_dags/example_nested_branch_dag.py
[2024-08-26T17:51:06.522-0700] {processor.py:925} INFO - DAG(s) 'example_nested_branch_dag' retrieved from /home/jerson/airflow_venv/lib/python3.10/site-packages/airflow/example_dags/example_nested_branch_dag.py
[2024-08-26T17:51:06.532-0700] {logging_mixin.py:190} INFO - [2024-08-26T17:51:06.532-0700] {dag.py:3211} INFO - Sync 1 DAGs
[2024-08-26T17:51:06.545-0700] {logging_mixin.py:190} INFO - [2024-08-26T17:51:06.544-0700] {dag.py:4138} INFO - Setting next_dagrun for example_nested_branch_dag to 2024-08-26 00:00:00+00:00, run_after=2024-08-27 00:00:00+00:00
[2024-08-26T17:51:06.560-0700] {processor.py:208} INFO - Processing /home/jerson/airflow_venv/lib/python3.10/site-packages/airflow/example_dags/example_nested_branch_dag.py took 0.051 seconds
[2024-08-26T17:55:44.603-0700] {processor.py:186} INFO - Started process (PID=43058) to work on /home/jerson/airflow_venv/lib/python3.10/site-packages/airflow/example_dags/example_nested_branch_dag.py
[2024-08-26T17:55:44.604-0700] {processor.py:914} INFO - Processing file /home/jerson/airflow_venv/lib/python3.10/site-packages/airflow/example_dags/example_nested_branch_dag.py for tasks to queue
[2024-08-26T17:55:44.606-0700] {logging_mixin.py:190} INFO - [2024-08-26T17:55:44.605-0700] {dagbag.py:587} INFO - Filling up the DagBag from /home/jerson/airflow_venv/lib/python3.10/site-packages/airflow/example_dags/example_nested_branch_dag.py
[2024-08-26T17:55:44.613-0700] {processor.py:925} INFO - DAG(s) 'example_nested_branch_dag' retrieved from /home/jerson/airflow_venv/lib/python3.10/site-packages/airflow/example_dags/example_nested_branch_dag.py
[2024-08-26T17:55:44.624-0700] {logging_mixin.py:190} INFO - [2024-08-26T17:55:44.623-0700] {dag.py:3211} INFO - Sync 1 DAGs
[2024-08-26T17:55:44.636-0700] {logging_mixin.py:190} INFO - [2024-08-26T17:55:44.636-0700] {dag.py:4138} INFO - Setting next_dagrun for example_nested_branch_dag to 2024-08-26 00:00:00+00:00, run_after=2024-08-27 00:00:00+00:00
[2024-08-26T17:55:44.652-0700] {processor.py:208} INFO - Processing /home/jerson/airflow_venv/lib/python3.10/site-packages/airflow/example_dags/example_nested_branch_dag.py took 0.052 seconds
[2024-08-26T17:56:38.794-0700] {processor.py:186} INFO - Started process (PID=43664) to work on /home/jerson/airflow_venv/lib/python3.10/site-packages/airflow/example_dags/example_nested_branch_dag.py
[2024-08-26T17:56:38.795-0700] {processor.py:914} INFO - Processing file /home/jerson/airflow_venv/lib/python3.10/site-packages/airflow/example_dags/example_nested_branch_dag.py for tasks to queue
[2024-08-26T17:56:38.796-0700] {logging_mixin.py:190} INFO - [2024-08-26T17:56:38.796-0700] {dagbag.py:587} INFO - Filling up the DagBag from /home/jerson/airflow_venv/lib/python3.10/site-packages/airflow/example_dags/example_nested_branch_dag.py
[2024-08-26T17:56:38.807-0700] {processor.py:925} INFO - DAG(s) 'example_nested_branch_dag' retrieved from /home/jerson/airflow_venv/lib/python3.10/site-packages/airflow/example_dags/example_nested_branch_dag.py
[2024-08-26T17:56:38.819-0700] {logging_mixin.py:190} INFO - [2024-08-26T17:56:38.819-0700] {dag.py:3211} INFO - Sync 1 DAGs
[2024-08-26T17:56:38.832-0700] {logging_mixin.py:190} INFO - [2024-08-26T17:56:38.831-0700] {dag.py:4138} INFO - Setting next_dagrun for example_nested_branch_dag to 2024-08-26 00:00:00+00:00, run_after=2024-08-27 00:00:00+00:00
[2024-08-26T17:56:38.847-0700] {processor.py:208} INFO - Processing /home/jerson/airflow_venv/lib/python3.10/site-packages/airflow/example_dags/example_nested_branch_dag.py took 0.057 seconds
[2024-08-26T17:57:33.621-0700] {processor.py:186} INFO - Started process (PID=44258) to work on /home/jerson/airflow_venv/lib/python3.10/site-packages/airflow/example_dags/example_nested_branch_dag.py
[2024-08-26T17:57:33.622-0700] {processor.py:914} INFO - Processing file /home/jerson/airflow_venv/lib/python3.10/site-packages/airflow/example_dags/example_nested_branch_dag.py for tasks to queue
[2024-08-26T17:57:33.623-0700] {logging_mixin.py:190} INFO - [2024-08-26T17:57:33.623-0700] {dagbag.py:587} INFO - Filling up the DagBag from /home/jerson/airflow_venv/lib/python3.10/site-packages/airflow/example_dags/example_nested_branch_dag.py
[2024-08-26T17:57:33.630-0700] {processor.py:925} INFO - DAG(s) 'example_nested_branch_dag' retrieved from /home/jerson/airflow_venv/lib/python3.10/site-packages/airflow/example_dags/example_nested_branch_dag.py
[2024-08-26T17:57:33.640-0700] {logging_mixin.py:190} INFO - [2024-08-26T17:57:33.640-0700] {dag.py:3211} INFO - Sync 1 DAGs
[2024-08-26T17:57:33.652-0700] {logging_mixin.py:190} INFO - [2024-08-26T17:57:33.652-0700] {dag.py:4138} INFO - Setting next_dagrun for example_nested_branch_dag to 2024-08-26 00:00:00+00:00, run_after=2024-08-27 00:00:00+00:00
[2024-08-26T17:57:33.668-0700] {processor.py:208} INFO - Processing /home/jerson/airflow_venv/lib/python3.10/site-packages/airflow/example_dags/example_nested_branch_dag.py took 0.051 seconds
[2024-08-26T17:58:24.895-0700] {processor.py:186} INFO - Started process (PID=44848) to work on /home/jerson/airflow_venv/lib/python3.10/site-packages/airflow/example_dags/example_nested_branch_dag.py
[2024-08-26T17:58:24.896-0700] {processor.py:914} INFO - Processing file /home/jerson/airflow_venv/lib/python3.10/site-packages/airflow/example_dags/example_nested_branch_dag.py for tasks to queue
[2024-08-26T17:58:24.897-0700] {logging_mixin.py:190} INFO - [2024-08-26T17:58:24.897-0700] {dagbag.py:587} INFO - Filling up the DagBag from /home/jerson/airflow_venv/lib/python3.10/site-packages/airflow/example_dags/example_nested_branch_dag.py
[2024-08-26T17:58:24.904-0700] {processor.py:925} INFO - DAG(s) 'example_nested_branch_dag' retrieved from /home/jerson/airflow_venv/lib/python3.10/site-packages/airflow/example_dags/example_nested_branch_dag.py
[2024-08-26T17:58:24.915-0700] {logging_mixin.py:190} INFO - [2024-08-26T17:58:24.914-0700] {dag.py:3211} INFO - Sync 1 DAGs
[2024-08-26T17:58:24.927-0700] {logging_mixin.py:190} INFO - [2024-08-26T17:58:24.926-0700] {dag.py:4138} INFO - Setting next_dagrun for example_nested_branch_dag to 2024-08-26 00:00:00+00:00, run_after=2024-08-27 00:00:00+00:00
[2024-08-26T17:58:24.943-0700] {processor.py:208} INFO - Processing /home/jerson/airflow_venv/lib/python3.10/site-packages/airflow/example_dags/example_nested_branch_dag.py took 0.051 seconds
[2024-08-26T17:59:17.441-0700] {processor.py:186} INFO - Started process (PID=45349) to work on /home/jerson/airflow_venv/lib/python3.10/site-packages/airflow/example_dags/example_nested_branch_dag.py
[2024-08-26T17:59:17.442-0700] {processor.py:914} INFO - Processing file /home/jerson/airflow_venv/lib/python3.10/site-packages/airflow/example_dags/example_nested_branch_dag.py for tasks to queue
[2024-08-26T17:59:17.444-0700] {logging_mixin.py:190} INFO - [2024-08-26T17:59:17.443-0700] {dagbag.py:587} INFO - Filling up the DagBag from /home/jerson/airflow_venv/lib/python3.10/site-packages/airflow/example_dags/example_nested_branch_dag.py
[2024-08-26T17:59:17.450-0700] {processor.py:925} INFO - DAG(s) 'example_nested_branch_dag' retrieved from /home/jerson/airflow_venv/lib/python3.10/site-packages/airflow/example_dags/example_nested_branch_dag.py
[2024-08-26T17:59:17.460-0700] {logging_mixin.py:190} INFO - [2024-08-26T17:59:17.460-0700] {dag.py:3211} INFO - Sync 1 DAGs
[2024-08-26T17:59:17.471-0700] {logging_mixin.py:190} INFO - [2024-08-26T17:59:17.471-0700] {dag.py:4138} INFO - Setting next_dagrun for example_nested_branch_dag to 2024-08-26 00:00:00+00:00, run_after=2024-08-27 00:00:00+00:00
[2024-08-26T17:59:17.487-0700] {processor.py:208} INFO - Processing /home/jerson/airflow_venv/lib/python3.10/site-packages/airflow/example_dags/example_nested_branch_dag.py took 0.049 seconds
[2024-08-26T18:00:05.070-0700] {processor.py:186} INFO - Started process (PID=45936) to work on /home/jerson/airflow_venv/lib/python3.10/site-packages/airflow/example_dags/example_nested_branch_dag.py
[2024-08-26T18:00:05.071-0700] {processor.py:914} INFO - Processing file /home/jerson/airflow_venv/lib/python3.10/site-packages/airflow/example_dags/example_nested_branch_dag.py for tasks to queue
[2024-08-26T18:00:05.072-0700] {logging_mixin.py:190} INFO - [2024-08-26T18:00:05.072-0700] {dagbag.py:587} INFO - Filling up the DagBag from /home/jerson/airflow_venv/lib/python3.10/site-packages/airflow/example_dags/example_nested_branch_dag.py
[2024-08-26T18:00:05.079-0700] {processor.py:925} INFO - DAG(s) 'example_nested_branch_dag' retrieved from /home/jerson/airflow_venv/lib/python3.10/site-packages/airflow/example_dags/example_nested_branch_dag.py
[2024-08-26T18:00:05.088-0700] {logging_mixin.py:190} INFO - [2024-08-26T18:00:05.088-0700] {dag.py:3211} INFO - Sync 1 DAGs
[2024-08-26T18:00:05.100-0700] {logging_mixin.py:190} INFO - [2024-08-26T18:00:05.100-0700] {dag.py:4138} INFO - Setting next_dagrun for example_nested_branch_dag to 2024-08-26 00:00:00+00:00, run_after=2024-08-27 00:00:00+00:00
[2024-08-26T18:00:05.116-0700] {processor.py:208} INFO - Processing /home/jerson/airflow_venv/lib/python3.10/site-packages/airflow/example_dags/example_nested_branch_dag.py took 0.049 seconds
[2024-08-26T18:00:55.551-0700] {processor.py:186} INFO - Started process (PID=46516) to work on /home/jerson/airflow_venv/lib/python3.10/site-packages/airflow/example_dags/example_nested_branch_dag.py
[2024-08-26T18:00:55.552-0700] {processor.py:914} INFO - Processing file /home/jerson/airflow_venv/lib/python3.10/site-packages/airflow/example_dags/example_nested_branch_dag.py for tasks to queue
[2024-08-26T18:00:55.553-0700] {logging_mixin.py:190} INFO - [2024-08-26T18:00:55.553-0700] {dagbag.py:587} INFO - Filling up the DagBag from /home/jerson/airflow_venv/lib/python3.10/site-packages/airflow/example_dags/example_nested_branch_dag.py
[2024-08-26T18:00:55.560-0700] {processor.py:925} INFO - DAG(s) 'example_nested_branch_dag' retrieved from /home/jerson/airflow_venv/lib/python3.10/site-packages/airflow/example_dags/example_nested_branch_dag.py
[2024-08-26T18:00:55.571-0700] {logging_mixin.py:190} INFO - [2024-08-26T18:00:55.571-0700] {dag.py:3211} INFO - Sync 1 DAGs
[2024-08-26T18:00:55.586-0700] {logging_mixin.py:190} INFO - [2024-08-26T18:00:55.586-0700] {dag.py:4138} INFO - Setting next_dagrun for example_nested_branch_dag to 2024-08-26 00:00:00+00:00, run_after=2024-08-27 00:00:00+00:00
[2024-08-26T18:00:55.602-0700] {processor.py:208} INFO - Processing /home/jerson/airflow_venv/lib/python3.10/site-packages/airflow/example_dags/example_nested_branch_dag.py took 0.054 seconds
[2024-08-26T18:01:46.346-0700] {processor.py:186} INFO - Started process (PID=46985) to work on /home/jerson/airflow_venv/lib/python3.10/site-packages/airflow/example_dags/example_nested_branch_dag.py
[2024-08-26T18:01:46.347-0700] {processor.py:914} INFO - Processing file /home/jerson/airflow_venv/lib/python3.10/site-packages/airflow/example_dags/example_nested_branch_dag.py for tasks to queue
[2024-08-26T18:01:46.348-0700] {logging_mixin.py:190} INFO - [2024-08-26T18:01:46.348-0700] {dagbag.py:587} INFO - Filling up the DagBag from /home/jerson/airflow_venv/lib/python3.10/site-packages/airflow/example_dags/example_nested_branch_dag.py
[2024-08-26T18:01:46.355-0700] {processor.py:925} INFO - DAG(s) 'example_nested_branch_dag' retrieved from /home/jerson/airflow_venv/lib/python3.10/site-packages/airflow/example_dags/example_nested_branch_dag.py
[2024-08-26T18:01:46.365-0700] {logging_mixin.py:190} INFO - [2024-08-26T18:01:46.365-0700] {dag.py:3211} INFO - Sync 1 DAGs
[2024-08-26T18:01:46.378-0700] {logging_mixin.py:190} INFO - [2024-08-26T18:01:46.377-0700] {dag.py:4138} INFO - Setting next_dagrun for example_nested_branch_dag to 2024-08-26 00:00:00+00:00, run_after=2024-08-27 00:00:00+00:00
[2024-08-26T18:01:46.393-0700] {processor.py:208} INFO - Processing /home/jerson/airflow_venv/lib/python3.10/site-packages/airflow/example_dags/example_nested_branch_dag.py took 0.050 seconds
[2024-08-26T18:02:33.438-0700] {processor.py:186} INFO - Started process (PID=47391) to work on /home/jerson/airflow_venv/lib/python3.10/site-packages/airflow/example_dags/example_nested_branch_dag.py
[2024-08-26T18:02:33.439-0700] {processor.py:914} INFO - Processing file /home/jerson/airflow_venv/lib/python3.10/site-packages/airflow/example_dags/example_nested_branch_dag.py for tasks to queue
[2024-08-26T18:02:33.440-0700] {logging_mixin.py:190} INFO - [2024-08-26T18:02:33.440-0700] {dagbag.py:587} INFO - Filling up the DagBag from /home/jerson/airflow_venv/lib/python3.10/site-packages/airflow/example_dags/example_nested_branch_dag.py
[2024-08-26T18:02:33.447-0700] {processor.py:925} INFO - DAG(s) 'example_nested_branch_dag' retrieved from /home/jerson/airflow_venv/lib/python3.10/site-packages/airflow/example_dags/example_nested_branch_dag.py
[2024-08-26T18:02:33.456-0700] {logging_mixin.py:190} INFO - [2024-08-26T18:02:33.456-0700] {dag.py:3211} INFO - Sync 1 DAGs
[2024-08-26T18:02:33.468-0700] {logging_mixin.py:190} INFO - [2024-08-26T18:02:33.468-0700] {dag.py:4138} INFO - Setting next_dagrun for example_nested_branch_dag to 2024-08-26 00:00:00+00:00, run_after=2024-08-27 00:00:00+00:00
[2024-08-26T18:02:33.484-0700] {processor.py:208} INFO - Processing /home/jerson/airflow_venv/lib/python3.10/site-packages/airflow/example_dags/example_nested_branch_dag.py took 0.049 seconds
[2024-08-26T18:03:20.531-0700] {processor.py:186} INFO - Started process (PID=47881) to work on /home/jerson/airflow_venv/lib/python3.10/site-packages/airflow/example_dags/example_nested_branch_dag.py
[2024-08-26T18:03:20.532-0700] {processor.py:914} INFO - Processing file /home/jerson/airflow_venv/lib/python3.10/site-packages/airflow/example_dags/example_nested_branch_dag.py for tasks to queue
[2024-08-26T18:03:20.533-0700] {logging_mixin.py:190} INFO - [2024-08-26T18:03:20.533-0700] {dagbag.py:587} INFO - Filling up the DagBag from /home/jerson/airflow_venv/lib/python3.10/site-packages/airflow/example_dags/example_nested_branch_dag.py
[2024-08-26T18:03:20.540-0700] {processor.py:925} INFO - DAG(s) 'example_nested_branch_dag' retrieved from /home/jerson/airflow_venv/lib/python3.10/site-packages/airflow/example_dags/example_nested_branch_dag.py
[2024-08-26T18:03:20.551-0700] {logging_mixin.py:190} INFO - [2024-08-26T18:03:20.550-0700] {dag.py:3211} INFO - Sync 1 DAGs
[2024-08-26T18:03:20.563-0700] {logging_mixin.py:190} INFO - [2024-08-26T18:03:20.562-0700] {dag.py:4138} INFO - Setting next_dagrun for example_nested_branch_dag to 2024-08-26 00:00:00+00:00, run_after=2024-08-27 00:00:00+00:00
[2024-08-26T18:03:20.578-0700] {processor.py:208} INFO - Processing /home/jerson/airflow_venv/lib/python3.10/site-packages/airflow/example_dags/example_nested_branch_dag.py took 0.050 seconds
[2024-08-26T18:04:10.630-0700] {processor.py:186} INFO - Started process (PID=48332) to work on /home/jerson/airflow_venv/lib/python3.10/site-packages/airflow/example_dags/example_nested_branch_dag.py
[2024-08-26T18:04:10.631-0700] {processor.py:914} INFO - Processing file /home/jerson/airflow_venv/lib/python3.10/site-packages/airflow/example_dags/example_nested_branch_dag.py for tasks to queue
[2024-08-26T18:04:10.632-0700] {logging_mixin.py:190} INFO - [2024-08-26T18:04:10.632-0700] {dagbag.py:587} INFO - Filling up the DagBag from /home/jerson/airflow_venv/lib/python3.10/site-packages/airflow/example_dags/example_nested_branch_dag.py
[2024-08-26T18:04:10.639-0700] {processor.py:925} INFO - DAG(s) 'example_nested_branch_dag' retrieved from /home/jerson/airflow_venv/lib/python3.10/site-packages/airflow/example_dags/example_nested_branch_dag.py
[2024-08-26T18:04:10.650-0700] {logging_mixin.py:190} INFO - [2024-08-26T18:04:10.649-0700] {dag.py:3211} INFO - Sync 1 DAGs
[2024-08-26T18:04:10.662-0700] {logging_mixin.py:190} INFO - [2024-08-26T18:04:10.662-0700] {dag.py:4138} INFO - Setting next_dagrun for example_nested_branch_dag to 2024-08-26 00:00:00+00:00, run_after=2024-08-27 00:00:00+00:00
[2024-08-26T18:04:10.678-0700] {processor.py:208} INFO - Processing /home/jerson/airflow_venv/lib/python3.10/site-packages/airflow/example_dags/example_nested_branch_dag.py took 0.051 seconds
[2024-08-26T18:05:00.344-0700] {processor.py:186} INFO - Started process (PID=48819) to work on /home/jerson/airflow_venv/lib/python3.10/site-packages/airflow/example_dags/example_nested_branch_dag.py
[2024-08-26T18:05:00.345-0700] {processor.py:914} INFO - Processing file /home/jerson/airflow_venv/lib/python3.10/site-packages/airflow/example_dags/example_nested_branch_dag.py for tasks to queue
[2024-08-26T18:05:00.346-0700] {logging_mixin.py:190} INFO - [2024-08-26T18:05:00.346-0700] {dagbag.py:587} INFO - Filling up the DagBag from /home/jerson/airflow_venv/lib/python3.10/site-packages/airflow/example_dags/example_nested_branch_dag.py
[2024-08-26T18:05:00.353-0700] {processor.py:925} INFO - DAG(s) 'example_nested_branch_dag' retrieved from /home/jerson/airflow_venv/lib/python3.10/site-packages/airflow/example_dags/example_nested_branch_dag.py
[2024-08-26T18:05:00.364-0700] {logging_mixin.py:190} INFO - [2024-08-26T18:05:00.364-0700] {dag.py:3211} INFO - Sync 1 DAGs
[2024-08-26T18:05:00.376-0700] {logging_mixin.py:190} INFO - [2024-08-26T18:05:00.376-0700] {dag.py:4138} INFO - Setting next_dagrun for example_nested_branch_dag to 2024-08-26 00:00:00+00:00, run_after=2024-08-27 00:00:00+00:00
[2024-08-26T18:05:00.396-0700] {processor.py:208} INFO - Processing /home/jerson/airflow_venv/lib/python3.10/site-packages/airflow/example_dags/example_nested_branch_dag.py took 0.055 seconds
[2024-08-26T18:05:46.852-0700] {processor.py:186} INFO - Started process (PID=49224) to work on /home/jerson/airflow_venv/lib/python3.10/site-packages/airflow/example_dags/example_nested_branch_dag.py
[2024-08-26T18:05:46.853-0700] {processor.py:914} INFO - Processing file /home/jerson/airflow_venv/lib/python3.10/site-packages/airflow/example_dags/example_nested_branch_dag.py for tasks to queue
[2024-08-26T18:05:46.854-0700] {logging_mixin.py:190} INFO - [2024-08-26T18:05:46.854-0700] {dagbag.py:587} INFO - Filling up the DagBag from /home/jerson/airflow_venv/lib/python3.10/site-packages/airflow/example_dags/example_nested_branch_dag.py
[2024-08-26T18:05:46.861-0700] {processor.py:925} INFO - DAG(s) 'example_nested_branch_dag' retrieved from /home/jerson/airflow_venv/lib/python3.10/site-packages/airflow/example_dags/example_nested_branch_dag.py
[2024-08-26T18:05:46.871-0700] {logging_mixin.py:190} INFO - [2024-08-26T18:05:46.871-0700] {dag.py:3211} INFO - Sync 1 DAGs
[2024-08-26T18:05:46.883-0700] {logging_mixin.py:190} INFO - [2024-08-26T18:05:46.883-0700] {dag.py:4138} INFO - Setting next_dagrun for example_nested_branch_dag to 2024-08-26 00:00:00+00:00, run_after=2024-08-27 00:00:00+00:00
[2024-08-26T18:05:46.900-0700] {processor.py:208} INFO - Processing /home/jerson/airflow_venv/lib/python3.10/site-packages/airflow/example_dags/example_nested_branch_dag.py took 0.051 seconds
[2024-08-26T18:06:35.633-0700] {processor.py:186} INFO - Started process (PID=49674) to work on /home/jerson/airflow_venv/lib/python3.10/site-packages/airflow/example_dags/example_nested_branch_dag.py
[2024-08-26T18:06:35.634-0700] {processor.py:914} INFO - Processing file /home/jerson/airflow_venv/lib/python3.10/site-packages/airflow/example_dags/example_nested_branch_dag.py for tasks to queue
[2024-08-26T18:06:35.635-0700] {logging_mixin.py:190} INFO - [2024-08-26T18:06:35.635-0700] {dagbag.py:587} INFO - Filling up the DagBag from /home/jerson/airflow_venv/lib/python3.10/site-packages/airflow/example_dags/example_nested_branch_dag.py
[2024-08-26T18:06:35.642-0700] {processor.py:925} INFO - DAG(s) 'example_nested_branch_dag' retrieved from /home/jerson/airflow_venv/lib/python3.10/site-packages/airflow/example_dags/example_nested_branch_dag.py
[2024-08-26T18:06:35.651-0700] {logging_mixin.py:190} INFO - [2024-08-26T18:06:35.651-0700] {dag.py:3211} INFO - Sync 1 DAGs
[2024-08-26T18:06:35.663-0700] {logging_mixin.py:190} INFO - [2024-08-26T18:06:35.663-0700] {dag.py:4138} INFO - Setting next_dagrun for example_nested_branch_dag to 2024-08-26 00:00:00+00:00, run_after=2024-08-27 00:00:00+00:00
[2024-08-26T18:06:35.677-0700] {processor.py:208} INFO - Processing /home/jerson/airflow_venv/lib/python3.10/site-packages/airflow/example_dags/example_nested_branch_dag.py took 0.047 seconds
[2024-08-26T18:07:26.987-0700] {processor.py:186} INFO - Started process (PID=50083) to work on /home/jerson/airflow_venv/lib/python3.10/site-packages/airflow/example_dags/example_nested_branch_dag.py
[2024-08-26T18:07:26.988-0700] {processor.py:914} INFO - Processing file /home/jerson/airflow_venv/lib/python3.10/site-packages/airflow/example_dags/example_nested_branch_dag.py for tasks to queue
[2024-08-26T18:07:26.990-0700] {logging_mixin.py:190} INFO - [2024-08-26T18:07:26.989-0700] {dagbag.py:587} INFO - Filling up the DagBag from /home/jerson/airflow_venv/lib/python3.10/site-packages/airflow/example_dags/example_nested_branch_dag.py
[2024-08-26T18:07:26.996-0700] {processor.py:925} INFO - DAG(s) 'example_nested_branch_dag' retrieved from /home/jerson/airflow_venv/lib/python3.10/site-packages/airflow/example_dags/example_nested_branch_dag.py
[2024-08-26T18:07:27.006-0700] {logging_mixin.py:190} INFO - [2024-08-26T18:07:27.006-0700] {dag.py:3211} INFO - Sync 1 DAGs
[2024-08-26T18:07:27.018-0700] {logging_mixin.py:190} INFO - [2024-08-26T18:07:27.018-0700] {dag.py:4138} INFO - Setting next_dagrun for example_nested_branch_dag to 2024-08-26 00:00:00+00:00, run_after=2024-08-27 00:00:00+00:00
[2024-08-26T18:07:27.033-0700] {processor.py:208} INFO - Processing /home/jerson/airflow_venv/lib/python3.10/site-packages/airflow/example_dags/example_nested_branch_dag.py took 0.049 seconds
[2024-08-26T18:08:15.526-0700] {processor.py:186} INFO - Started process (PID=50614) to work on /home/jerson/airflow_venv/lib/python3.10/site-packages/airflow/example_dags/example_nested_branch_dag.py
[2024-08-26T18:08:15.527-0700] {processor.py:914} INFO - Processing file /home/jerson/airflow_venv/lib/python3.10/site-packages/airflow/example_dags/example_nested_branch_dag.py for tasks to queue
[2024-08-26T18:08:15.528-0700] {logging_mixin.py:190} INFO - [2024-08-26T18:08:15.528-0700] {dagbag.py:587} INFO - Filling up the DagBag from /home/jerson/airflow_venv/lib/python3.10/site-packages/airflow/example_dags/example_nested_branch_dag.py
[2024-08-26T18:08:15.535-0700] {processor.py:925} INFO - DAG(s) 'example_nested_branch_dag' retrieved from /home/jerson/airflow_venv/lib/python3.10/site-packages/airflow/example_dags/example_nested_branch_dag.py
[2024-08-26T18:08:15.545-0700] {logging_mixin.py:190} INFO - [2024-08-26T18:08:15.544-0700] {dag.py:3211} INFO - Sync 1 DAGs
[2024-08-26T18:08:15.556-0700] {logging_mixin.py:190} INFO - [2024-08-26T18:08:15.556-0700] {dag.py:4138} INFO - Setting next_dagrun for example_nested_branch_dag to 2024-08-26 00:00:00+00:00, run_after=2024-08-27 00:00:00+00:00
[2024-08-26T18:08:15.573-0700] {processor.py:208} INFO - Processing /home/jerson/airflow_venv/lib/python3.10/site-packages/airflow/example_dags/example_nested_branch_dag.py took 0.050 seconds
[2024-08-26T18:09:08.174-0700] {processor.py:186} INFO - Started process (PID=51086) to work on /home/jerson/airflow_venv/lib/python3.10/site-packages/airflow/example_dags/example_nested_branch_dag.py
[2024-08-26T18:09:08.175-0700] {processor.py:914} INFO - Processing file /home/jerson/airflow_venv/lib/python3.10/site-packages/airflow/example_dags/example_nested_branch_dag.py for tasks to queue
[2024-08-26T18:09:08.176-0700] {logging_mixin.py:190} INFO - [2024-08-26T18:09:08.176-0700] {dagbag.py:587} INFO - Filling up the DagBag from /home/jerson/airflow_venv/lib/python3.10/site-packages/airflow/example_dags/example_nested_branch_dag.py
[2024-08-26T18:09:08.183-0700] {processor.py:925} INFO - DAG(s) 'example_nested_branch_dag' retrieved from /home/jerson/airflow_venv/lib/python3.10/site-packages/airflow/example_dags/example_nested_branch_dag.py
[2024-08-26T18:09:08.193-0700] {logging_mixin.py:190} INFO - [2024-08-26T18:09:08.193-0700] {dag.py:3211} INFO - Sync 1 DAGs
[2024-08-26T18:09:08.205-0700] {logging_mixin.py:190} INFO - [2024-08-26T18:09:08.205-0700] {dag.py:4138} INFO - Setting next_dagrun for example_nested_branch_dag to 2024-08-26 00:00:00+00:00, run_after=2024-08-27 00:00:00+00:00
[2024-08-26T18:09:08.221-0700] {processor.py:208} INFO - Processing /home/jerson/airflow_venv/lib/python3.10/site-packages/airflow/example_dags/example_nested_branch_dag.py took 0.050 seconds
[2024-08-26T18:09:59.933-0700] {processor.py:186} INFO - Started process (PID=51696) to work on /home/jerson/airflow_venv/lib/python3.10/site-packages/airflow/example_dags/example_nested_branch_dag.py
[2024-08-26T18:09:59.934-0700] {processor.py:914} INFO - Processing file /home/jerson/airflow_venv/lib/python3.10/site-packages/airflow/example_dags/example_nested_branch_dag.py for tasks to queue
[2024-08-26T18:09:59.935-0700] {logging_mixin.py:190} INFO - [2024-08-26T18:09:59.935-0700] {dagbag.py:587} INFO - Filling up the DagBag from /home/jerson/airflow_venv/lib/python3.10/site-packages/airflow/example_dags/example_nested_branch_dag.py
[2024-08-26T18:09:59.942-0700] {processor.py:925} INFO - DAG(s) 'example_nested_branch_dag' retrieved from /home/jerson/airflow_venv/lib/python3.10/site-packages/airflow/example_dags/example_nested_branch_dag.py
[2024-08-26T18:09:59.954-0700] {logging_mixin.py:190} INFO - [2024-08-26T18:09:59.953-0700] {dag.py:3211} INFO - Sync 1 DAGs
[2024-08-26T18:09:59.968-0700] {logging_mixin.py:190} INFO - [2024-08-26T18:09:59.968-0700] {dag.py:4138} INFO - Setting next_dagrun for example_nested_branch_dag to 2024-08-26 00:00:00+00:00, run_after=2024-08-27 00:00:00+00:00
[2024-08-26T18:09:59.986-0700] {processor.py:208} INFO - Processing /home/jerson/airflow_venv/lib/python3.10/site-packages/airflow/example_dags/example_nested_branch_dag.py took 0.057 seconds
[2024-08-26T18:10:47.565-0700] {processor.py:186} INFO - Started process (PID=52315) to work on /home/jerson/airflow_venv/lib/python3.10/site-packages/airflow/example_dags/example_nested_branch_dag.py
[2024-08-26T18:10:47.566-0700] {processor.py:914} INFO - Processing file /home/jerson/airflow_venv/lib/python3.10/site-packages/airflow/example_dags/example_nested_branch_dag.py for tasks to queue
[2024-08-26T18:10:47.567-0700] {logging_mixin.py:190} INFO - [2024-08-26T18:10:47.567-0700] {dagbag.py:587} INFO - Filling up the DagBag from /home/jerson/airflow_venv/lib/python3.10/site-packages/airflow/example_dags/example_nested_branch_dag.py
[2024-08-26T18:10:47.574-0700] {processor.py:925} INFO - DAG(s) 'example_nested_branch_dag' retrieved from /home/jerson/airflow_venv/lib/python3.10/site-packages/airflow/example_dags/example_nested_branch_dag.py
[2024-08-26T18:10:47.585-0700] {logging_mixin.py:190} INFO - [2024-08-26T18:10:47.585-0700] {dag.py:3211} INFO - Sync 1 DAGs
[2024-08-26T18:10:47.598-0700] {logging_mixin.py:190} INFO - [2024-08-26T18:10:47.598-0700] {dag.py:4138} INFO - Setting next_dagrun for example_nested_branch_dag to 2024-08-26 00:00:00+00:00, run_after=2024-08-27 00:00:00+00:00
[2024-08-26T18:10:47.614-0700] {processor.py:208} INFO - Processing /home/jerson/airflow_venv/lib/python3.10/site-packages/airflow/example_dags/example_nested_branch_dag.py took 0.052 seconds
[2024-08-26T18:11:38.957-0700] {processor.py:186} INFO - Started process (PID=52859) to work on /home/jerson/airflow_venv/lib/python3.10/site-packages/airflow/example_dags/example_nested_branch_dag.py
[2024-08-26T18:11:38.958-0700] {processor.py:914} INFO - Processing file /home/jerson/airflow_venv/lib/python3.10/site-packages/airflow/example_dags/example_nested_branch_dag.py for tasks to queue
[2024-08-26T18:11:38.958-0700] {logging_mixin.py:190} INFO - [2024-08-26T18:11:38.958-0700] {dagbag.py:587} INFO - Filling up the DagBag from /home/jerson/airflow_venv/lib/python3.10/site-packages/airflow/example_dags/example_nested_branch_dag.py
[2024-08-26T18:11:38.965-0700] {processor.py:925} INFO - DAG(s) 'example_nested_branch_dag' retrieved from /home/jerson/airflow_venv/lib/python3.10/site-packages/airflow/example_dags/example_nested_branch_dag.py
[2024-08-26T18:11:38.976-0700] {logging_mixin.py:190} INFO - [2024-08-26T18:11:38.976-0700] {dag.py:3211} INFO - Sync 1 DAGs
[2024-08-26T18:11:38.989-0700] {logging_mixin.py:190} INFO - [2024-08-26T18:11:38.989-0700] {dag.py:4138} INFO - Setting next_dagrun for example_nested_branch_dag to 2024-08-26 00:00:00+00:00, run_after=2024-08-27 00:00:00+00:00
[2024-08-26T18:11:39.005-0700] {processor.py:208} INFO - Processing /home/jerson/airflow_venv/lib/python3.10/site-packages/airflow/example_dags/example_nested_branch_dag.py took 0.052 seconds
[2024-08-26T18:12:30.299-0700] {processor.py:186} INFO - Started process (PID=53397) to work on /home/jerson/airflow_venv/lib/python3.10/site-packages/airflow/example_dags/example_nested_branch_dag.py
[2024-08-26T18:12:30.300-0700] {processor.py:914} INFO - Processing file /home/jerson/airflow_venv/lib/python3.10/site-packages/airflow/example_dags/example_nested_branch_dag.py for tasks to queue
[2024-08-26T18:12:30.301-0700] {logging_mixin.py:190} INFO - [2024-08-26T18:12:30.300-0700] {dagbag.py:587} INFO - Filling up the DagBag from /home/jerson/airflow_venv/lib/python3.10/site-packages/airflow/example_dags/example_nested_branch_dag.py
[2024-08-26T18:12:30.307-0700] {processor.py:925} INFO - DAG(s) 'example_nested_branch_dag' retrieved from /home/jerson/airflow_venv/lib/python3.10/site-packages/airflow/example_dags/example_nested_branch_dag.py
[2024-08-26T18:12:30.318-0700] {logging_mixin.py:190} INFO - [2024-08-26T18:12:30.318-0700] {dag.py:3211} INFO - Sync 1 DAGs
[2024-08-26T18:12:30.332-0700] {logging_mixin.py:190} INFO - [2024-08-26T18:12:30.332-0700] {dag.py:4138} INFO - Setting next_dagrun for example_nested_branch_dag to 2024-08-26 00:00:00+00:00, run_after=2024-08-27 00:00:00+00:00
[2024-08-26T18:12:30.349-0700] {processor.py:208} INFO - Processing /home/jerson/airflow_venv/lib/python3.10/site-packages/airflow/example_dags/example_nested_branch_dag.py took 0.053 seconds
[2024-08-26T18:13:18.952-0700] {processor.py:186} INFO - Started process (PID=53788) to work on /home/jerson/airflow_venv/lib/python3.10/site-packages/airflow/example_dags/example_nested_branch_dag.py
[2024-08-26T18:13:18.953-0700] {processor.py:914} INFO - Processing file /home/jerson/airflow_venv/lib/python3.10/site-packages/airflow/example_dags/example_nested_branch_dag.py for tasks to queue
[2024-08-26T18:13:18.954-0700] {logging_mixin.py:190} INFO - [2024-08-26T18:13:18.954-0700] {dagbag.py:587} INFO - Filling up the DagBag from /home/jerson/airflow_venv/lib/python3.10/site-packages/airflow/example_dags/example_nested_branch_dag.py
[2024-08-26T18:13:18.961-0700] {processor.py:925} INFO - DAG(s) 'example_nested_branch_dag' retrieved from /home/jerson/airflow_venv/lib/python3.10/site-packages/airflow/example_dags/example_nested_branch_dag.py
[2024-08-26T18:13:18.972-0700] {logging_mixin.py:190} INFO - [2024-08-26T18:13:18.972-0700] {dag.py:3211} INFO - Sync 1 DAGs
[2024-08-26T18:13:18.986-0700] {logging_mixin.py:190} INFO - [2024-08-26T18:13:18.986-0700] {dag.py:4138} INFO - Setting next_dagrun for example_nested_branch_dag to 2024-08-26 00:00:00+00:00, run_after=2024-08-27 00:00:00+00:00
[2024-08-26T18:13:19.003-0700] {processor.py:208} INFO - Processing /home/jerson/airflow_venv/lib/python3.10/site-packages/airflow/example_dags/example_nested_branch_dag.py took 0.054 seconds
[2024-08-26T18:14:07.334-0700] {processor.py:186} INFO - Started process (PID=54298) to work on /home/jerson/airflow_venv/lib/python3.10/site-packages/airflow/example_dags/example_nested_branch_dag.py
[2024-08-26T18:14:07.335-0700] {processor.py:914} INFO - Processing file /home/jerson/airflow_venv/lib/python3.10/site-packages/airflow/example_dags/example_nested_branch_dag.py for tasks to queue
[2024-08-26T18:14:07.336-0700] {logging_mixin.py:190} INFO - [2024-08-26T18:14:07.336-0700] {dagbag.py:587} INFO - Filling up the DagBag from /home/jerson/airflow_venv/lib/python3.10/site-packages/airflow/example_dags/example_nested_branch_dag.py
[2024-08-26T18:14:07.343-0700] {processor.py:925} INFO - DAG(s) 'example_nested_branch_dag' retrieved from /home/jerson/airflow_venv/lib/python3.10/site-packages/airflow/example_dags/example_nested_branch_dag.py
[2024-08-26T18:14:07.354-0700] {logging_mixin.py:190} INFO - [2024-08-26T18:14:07.353-0700] {dag.py:3211} INFO - Sync 1 DAGs
[2024-08-26T18:14:07.366-0700] {logging_mixin.py:190} INFO - [2024-08-26T18:14:07.366-0700] {dag.py:4138} INFO - Setting next_dagrun for example_nested_branch_dag to 2024-08-26 00:00:00+00:00, run_after=2024-08-27 00:00:00+00:00
[2024-08-26T18:14:07.385-0700] {processor.py:208} INFO - Processing /home/jerson/airflow_venv/lib/python3.10/site-packages/airflow/example_dags/example_nested_branch_dag.py took 0.054 seconds
[2024-08-26T18:15:01.686-0700] {processor.py:186} INFO - Started process (PID=54991) to work on /home/jerson/airflow_venv/lib/python3.10/site-packages/airflow/example_dags/example_nested_branch_dag.py
[2024-08-26T18:15:01.687-0700] {processor.py:914} INFO - Processing file /home/jerson/airflow_venv/lib/python3.10/site-packages/airflow/example_dags/example_nested_branch_dag.py for tasks to queue
[2024-08-26T18:15:01.688-0700] {logging_mixin.py:190} INFO - [2024-08-26T18:15:01.688-0700] {dagbag.py:587} INFO - Filling up the DagBag from /home/jerson/airflow_venv/lib/python3.10/site-packages/airflow/example_dags/example_nested_branch_dag.py
[2024-08-26T18:15:01.695-0700] {processor.py:925} INFO - DAG(s) 'example_nested_branch_dag' retrieved from /home/jerson/airflow_venv/lib/python3.10/site-packages/airflow/example_dags/example_nested_branch_dag.py
[2024-08-26T18:15:01.705-0700] {logging_mixin.py:190} INFO - [2024-08-26T18:15:01.705-0700] {dag.py:3211} INFO - Sync 1 DAGs
[2024-08-26T18:15:01.716-0700] {logging_mixin.py:190} INFO - [2024-08-26T18:15:01.716-0700] {dag.py:4138} INFO - Setting next_dagrun for example_nested_branch_dag to 2024-08-26 00:00:00+00:00, run_after=2024-08-27 00:00:00+00:00
[2024-08-26T18:15:01.732-0700] {processor.py:208} INFO - Processing /home/jerson/airflow_venv/lib/python3.10/site-packages/airflow/example_dags/example_nested_branch_dag.py took 0.048 seconds
[2024-08-26T18:15:55.294-0700] {processor.py:186} INFO - Started process (PID=55505) to work on /home/jerson/airflow_venv/lib/python3.10/site-packages/airflow/example_dags/example_nested_branch_dag.py
[2024-08-26T18:15:55.295-0700] {processor.py:914} INFO - Processing file /home/jerson/airflow_venv/lib/python3.10/site-packages/airflow/example_dags/example_nested_branch_dag.py for tasks to queue
[2024-08-26T18:15:55.296-0700] {logging_mixin.py:190} INFO - [2024-08-26T18:15:55.296-0700] {dagbag.py:587} INFO - Filling up the DagBag from /home/jerson/airflow_venv/lib/python3.10/site-packages/airflow/example_dags/example_nested_branch_dag.py
[2024-08-26T18:15:55.303-0700] {processor.py:925} INFO - DAG(s) 'example_nested_branch_dag' retrieved from /home/jerson/airflow_venv/lib/python3.10/site-packages/airflow/example_dags/example_nested_branch_dag.py
[2024-08-26T18:15:55.313-0700] {logging_mixin.py:190} INFO - [2024-08-26T18:15:55.313-0700] {dag.py:3211} INFO - Sync 1 DAGs
[2024-08-26T18:15:55.325-0700] {logging_mixin.py:190} INFO - [2024-08-26T18:15:55.325-0700] {dag.py:4138} INFO - Setting next_dagrun for example_nested_branch_dag to 2024-08-26 00:00:00+00:00, run_after=2024-08-27 00:00:00+00:00
[2024-08-26T18:15:55.342-0700] {processor.py:208} INFO - Processing /home/jerson/airflow_venv/lib/python3.10/site-packages/airflow/example_dags/example_nested_branch_dag.py took 0.051 seconds
[2024-08-26T18:16:43.374-0700] {processor.py:186} INFO - Started process (PID=55955) to work on /home/jerson/airflow_venv/lib/python3.10/site-packages/airflow/example_dags/example_nested_branch_dag.py
[2024-08-26T18:16:43.375-0700] {processor.py:914} INFO - Processing file /home/jerson/airflow_venv/lib/python3.10/site-packages/airflow/example_dags/example_nested_branch_dag.py for tasks to queue
[2024-08-26T18:16:43.376-0700] {logging_mixin.py:190} INFO - [2024-08-26T18:16:43.375-0700] {dagbag.py:587} INFO - Filling up the DagBag from /home/jerson/airflow_venv/lib/python3.10/site-packages/airflow/example_dags/example_nested_branch_dag.py
[2024-08-26T18:16:43.382-0700] {processor.py:925} INFO - DAG(s) 'example_nested_branch_dag' retrieved from /home/jerson/airflow_venv/lib/python3.10/site-packages/airflow/example_dags/example_nested_branch_dag.py
[2024-08-26T18:16:43.392-0700] {logging_mixin.py:190} INFO - [2024-08-26T18:16:43.392-0700] {dag.py:3211} INFO - Sync 1 DAGs
[2024-08-26T18:16:43.404-0700] {logging_mixin.py:190} INFO - [2024-08-26T18:16:43.404-0700] {dag.py:4138} INFO - Setting next_dagrun for example_nested_branch_dag to 2024-08-26 00:00:00+00:00, run_after=2024-08-27 00:00:00+00:00
[2024-08-26T18:16:43.420-0700] {processor.py:208} INFO - Processing /home/jerson/airflow_venv/lib/python3.10/site-packages/airflow/example_dags/example_nested_branch_dag.py took 0.050 seconds
[2024-08-26T18:17:29.794-0700] {processor.py:186} INFO - Started process (PID=56333) to work on /home/jerson/airflow_venv/lib/python3.10/site-packages/airflow/example_dags/example_nested_branch_dag.py
[2024-08-26T18:17:29.795-0700] {processor.py:914} INFO - Processing file /home/jerson/airflow_venv/lib/python3.10/site-packages/airflow/example_dags/example_nested_branch_dag.py for tasks to queue
[2024-08-26T18:17:29.796-0700] {logging_mixin.py:190} INFO - [2024-08-26T18:17:29.796-0700] {dagbag.py:587} INFO - Filling up the DagBag from /home/jerson/airflow_venv/lib/python3.10/site-packages/airflow/example_dags/example_nested_branch_dag.py
[2024-08-26T18:17:29.803-0700] {processor.py:925} INFO - DAG(s) 'example_nested_branch_dag' retrieved from /home/jerson/airflow_venv/lib/python3.10/site-packages/airflow/example_dags/example_nested_branch_dag.py
[2024-08-26T18:17:29.813-0700] {logging_mixin.py:190} INFO - [2024-08-26T18:17:29.813-0700] {dag.py:3211} INFO - Sync 1 DAGs
[2024-08-26T18:17:29.825-0700] {logging_mixin.py:190} INFO - [2024-08-26T18:17:29.825-0700] {dag.py:4138} INFO - Setting next_dagrun for example_nested_branch_dag to 2024-08-26 00:00:00+00:00, run_after=2024-08-27 00:00:00+00:00
[2024-08-26T18:17:29.841-0700] {processor.py:208} INFO - Processing /home/jerson/airflow_venv/lib/python3.10/site-packages/airflow/example_dags/example_nested_branch_dag.py took 0.050 seconds
[2024-08-26T18:18:19.386-0700] {processor.py:186} INFO - Started process (PID=56794) to work on /home/jerson/airflow_venv/lib/python3.10/site-packages/airflow/example_dags/example_nested_branch_dag.py
[2024-08-26T18:18:19.387-0700] {processor.py:914} INFO - Processing file /home/jerson/airflow_venv/lib/python3.10/site-packages/airflow/example_dags/example_nested_branch_dag.py for tasks to queue
[2024-08-26T18:18:19.387-0700] {logging_mixin.py:190} INFO - [2024-08-26T18:18:19.387-0700] {dagbag.py:587} INFO - Filling up the DagBag from /home/jerson/airflow_venv/lib/python3.10/site-packages/airflow/example_dags/example_nested_branch_dag.py
[2024-08-26T18:18:19.394-0700] {processor.py:925} INFO - DAG(s) 'example_nested_branch_dag' retrieved from /home/jerson/airflow_venv/lib/python3.10/site-packages/airflow/example_dags/example_nested_branch_dag.py
[2024-08-26T18:18:19.404-0700] {logging_mixin.py:190} INFO - [2024-08-26T18:18:19.403-0700] {dag.py:3211} INFO - Sync 1 DAGs
[2024-08-26T18:18:19.415-0700] {logging_mixin.py:190} INFO - [2024-08-26T18:18:19.415-0700] {dag.py:4138} INFO - Setting next_dagrun for example_nested_branch_dag to 2024-08-26 00:00:00+00:00, run_after=2024-08-27 00:00:00+00:00
[2024-08-26T18:18:19.429-0700] {processor.py:208} INFO - Processing /home/jerson/airflow_venv/lib/python3.10/site-packages/airflow/example_dags/example_nested_branch_dag.py took 0.047 seconds
[2024-08-26T18:19:10.417-0700] {processor.py:186} INFO - Started process (PID=57298) to work on /home/jerson/airflow_venv/lib/python3.10/site-packages/airflow/example_dags/example_nested_branch_dag.py
[2024-08-26T18:19:10.418-0700] {processor.py:914} INFO - Processing file /home/jerson/airflow_venv/lib/python3.10/site-packages/airflow/example_dags/example_nested_branch_dag.py for tasks to queue
[2024-08-26T18:19:10.419-0700] {logging_mixin.py:190} INFO - [2024-08-26T18:19:10.418-0700] {dagbag.py:587} INFO - Filling up the DagBag from /home/jerson/airflow_venv/lib/python3.10/site-packages/airflow/example_dags/example_nested_branch_dag.py
[2024-08-26T18:19:10.425-0700] {processor.py:925} INFO - DAG(s) 'example_nested_branch_dag' retrieved from /home/jerson/airflow_venv/lib/python3.10/site-packages/airflow/example_dags/example_nested_branch_dag.py
[2024-08-26T18:19:10.435-0700] {logging_mixin.py:190} INFO - [2024-08-26T18:19:10.435-0700] {dag.py:3211} INFO - Sync 1 DAGs
[2024-08-26T18:19:10.446-0700] {logging_mixin.py:190} INFO - [2024-08-26T18:19:10.446-0700] {dag.py:4138} INFO - Setting next_dagrun for example_nested_branch_dag to 2024-08-26 00:00:00+00:00, run_after=2024-08-27 00:00:00+00:00
[2024-08-26T18:19:10.462-0700] {processor.py:208} INFO - Processing /home/jerson/airflow_venv/lib/python3.10/site-packages/airflow/example_dags/example_nested_branch_dag.py took 0.049 seconds
[2024-08-26T18:19:59.485-0700] {processor.py:186} INFO - Started process (PID=57795) to work on /home/jerson/airflow_venv/lib/python3.10/site-packages/airflow/example_dags/example_nested_branch_dag.py
[2024-08-26T18:19:59.486-0700] {processor.py:914} INFO - Processing file /home/jerson/airflow_venv/lib/python3.10/site-packages/airflow/example_dags/example_nested_branch_dag.py for tasks to queue
[2024-08-26T18:19:59.487-0700] {logging_mixin.py:190} INFO - [2024-08-26T18:19:59.487-0700] {dagbag.py:587} INFO - Filling up the DagBag from /home/jerson/airflow_venv/lib/python3.10/site-packages/airflow/example_dags/example_nested_branch_dag.py
[2024-08-26T18:19:59.494-0700] {processor.py:925} INFO - DAG(s) 'example_nested_branch_dag' retrieved from /home/jerson/airflow_venv/lib/python3.10/site-packages/airflow/example_dags/example_nested_branch_dag.py
[2024-08-26T18:19:59.504-0700] {logging_mixin.py:190} INFO - [2024-08-26T18:19:59.504-0700] {dag.py:3211} INFO - Sync 1 DAGs
[2024-08-26T18:19:59.516-0700] {logging_mixin.py:190} INFO - [2024-08-26T18:19:59.516-0700] {dag.py:4138} INFO - Setting next_dagrun for example_nested_branch_dag to 2024-08-26 00:00:00+00:00, run_after=2024-08-27 00:00:00+00:00
[2024-08-26T18:19:59.533-0700] {processor.py:208} INFO - Processing /home/jerson/airflow_venv/lib/python3.10/site-packages/airflow/example_dags/example_nested_branch_dag.py took 0.052 seconds
[2024-08-26T18:20:47.867-0700] {processor.py:186} INFO - Started process (PID=58287) to work on /home/jerson/airflow_venv/lib/python3.10/site-packages/airflow/example_dags/example_nested_branch_dag.py
[2024-08-26T18:20:47.868-0700] {processor.py:914} INFO - Processing file /home/jerson/airflow_venv/lib/python3.10/site-packages/airflow/example_dags/example_nested_branch_dag.py for tasks to queue
[2024-08-26T18:20:47.869-0700] {logging_mixin.py:190} INFO - [2024-08-26T18:20:47.869-0700] {dagbag.py:587} INFO - Filling up the DagBag from /home/jerson/airflow_venv/lib/python3.10/site-packages/airflow/example_dags/example_nested_branch_dag.py
[2024-08-26T18:20:47.876-0700] {processor.py:925} INFO - DAG(s) 'example_nested_branch_dag' retrieved from /home/jerson/airflow_venv/lib/python3.10/site-packages/airflow/example_dags/example_nested_branch_dag.py
[2024-08-26T18:20:47.887-0700] {logging_mixin.py:190} INFO - [2024-08-26T18:20:47.887-0700] {dag.py:3211} INFO - Sync 1 DAGs
[2024-08-26T18:20:47.901-0700] {logging_mixin.py:190} INFO - [2024-08-26T18:20:47.901-0700] {dag.py:4138} INFO - Setting next_dagrun for example_nested_branch_dag to 2024-08-26 00:00:00+00:00, run_after=2024-08-27 00:00:00+00:00
[2024-08-26T18:20:47.918-0700] {processor.py:208} INFO - Processing /home/jerson/airflow_venv/lib/python3.10/site-packages/airflow/example_dags/example_nested_branch_dag.py took 0.055 seconds
[2024-08-26T18:21:42.296-0700] {processor.py:186} INFO - Started process (PID=59069) to work on /home/jerson/airflow_venv/lib/python3.10/site-packages/airflow/example_dags/example_nested_branch_dag.py
[2024-08-26T18:21:42.297-0700] {processor.py:914} INFO - Processing file /home/jerson/airflow_venv/lib/python3.10/site-packages/airflow/example_dags/example_nested_branch_dag.py for tasks to queue
[2024-08-26T18:21:42.298-0700] {logging_mixin.py:190} INFO - [2024-08-26T18:21:42.298-0700] {dagbag.py:587} INFO - Filling up the DagBag from /home/jerson/airflow_venv/lib/python3.10/site-packages/airflow/example_dags/example_nested_branch_dag.py
[2024-08-26T18:21:42.304-0700] {processor.py:925} INFO - DAG(s) 'example_nested_branch_dag' retrieved from /home/jerson/airflow_venv/lib/python3.10/site-packages/airflow/example_dags/example_nested_branch_dag.py
[2024-08-26T18:21:42.316-0700] {logging_mixin.py:190} INFO - [2024-08-26T18:21:42.315-0700] {dag.py:3211} INFO - Sync 1 DAGs
[2024-08-26T18:21:42.328-0700] {logging_mixin.py:190} INFO - [2024-08-26T18:21:42.328-0700] {dag.py:4138} INFO - Setting next_dagrun for example_nested_branch_dag to 2024-08-26 00:00:00+00:00, run_after=2024-08-27 00:00:00+00:00
[2024-08-26T18:21:42.346-0700] {processor.py:208} INFO - Processing /home/jerson/airflow_venv/lib/python3.10/site-packages/airflow/example_dags/example_nested_branch_dag.py took 0.053 seconds
[2024-08-26T18:22:34.293-0700] {processor.py:186} INFO - Started process (PID=59569) to work on /home/jerson/airflow_venv/lib/python3.10/site-packages/airflow/example_dags/example_nested_branch_dag.py
[2024-08-26T18:22:34.294-0700] {processor.py:914} INFO - Processing file /home/jerson/airflow_venv/lib/python3.10/site-packages/airflow/example_dags/example_nested_branch_dag.py for tasks to queue
[2024-08-26T18:22:34.295-0700] {logging_mixin.py:190} INFO - [2024-08-26T18:22:34.295-0700] {dagbag.py:587} INFO - Filling up the DagBag from /home/jerson/airflow_venv/lib/python3.10/site-packages/airflow/example_dags/example_nested_branch_dag.py
[2024-08-26T18:22:34.302-0700] {processor.py:925} INFO - DAG(s) 'example_nested_branch_dag' retrieved from /home/jerson/airflow_venv/lib/python3.10/site-packages/airflow/example_dags/example_nested_branch_dag.py
[2024-08-26T18:22:34.312-0700] {logging_mixin.py:190} INFO - [2024-08-26T18:22:34.312-0700] {dag.py:3211} INFO - Sync 1 DAGs
[2024-08-26T18:22:34.323-0700] {logging_mixin.py:190} INFO - [2024-08-26T18:22:34.323-0700] {dag.py:4138} INFO - Setting next_dagrun for example_nested_branch_dag to 2024-08-26 00:00:00+00:00, run_after=2024-08-27 00:00:00+00:00
[2024-08-26T18:22:34.337-0700] {processor.py:208} INFO - Processing /home/jerson/airflow_venv/lib/python3.10/site-packages/airflow/example_dags/example_nested_branch_dag.py took 0.047 seconds
[2024-08-26T18:23:23.470-0700] {processor.py:186} INFO - Started process (PID=60222) to work on /home/jerson/airflow_venv/lib/python3.10/site-packages/airflow/example_dags/example_nested_branch_dag.py
[2024-08-26T18:23:23.471-0700] {processor.py:914} INFO - Processing file /home/jerson/airflow_venv/lib/python3.10/site-packages/airflow/example_dags/example_nested_branch_dag.py for tasks to queue
[2024-08-26T18:23:23.472-0700] {logging_mixin.py:190} INFO - [2024-08-26T18:23:23.472-0700] {dagbag.py:587} INFO - Filling up the DagBag from /home/jerson/airflow_venv/lib/python3.10/site-packages/airflow/example_dags/example_nested_branch_dag.py
[2024-08-26T18:23:23.478-0700] {processor.py:925} INFO - DAG(s) 'example_nested_branch_dag' retrieved from /home/jerson/airflow_venv/lib/python3.10/site-packages/airflow/example_dags/example_nested_branch_dag.py
[2024-08-26T18:23:23.488-0700] {logging_mixin.py:190} INFO - [2024-08-26T18:23:23.488-0700] {dag.py:3211} INFO - Sync 1 DAGs
[2024-08-26T18:23:23.501-0700] {logging_mixin.py:190} INFO - [2024-08-26T18:23:23.500-0700] {dag.py:4138} INFO - Setting next_dagrun for example_nested_branch_dag to 2024-08-26 00:00:00+00:00, run_after=2024-08-27 00:00:00+00:00
[2024-08-26T18:23:23.515-0700] {processor.py:208} INFO - Processing /home/jerson/airflow_venv/lib/python3.10/site-packages/airflow/example_dags/example_nested_branch_dag.py took 0.048 seconds
[2024-08-26T18:24:11.559-0700] {processor.py:186} INFO - Started process (PID=60607) to work on /home/jerson/airflow_venv/lib/python3.10/site-packages/airflow/example_dags/example_nested_branch_dag.py
[2024-08-26T18:24:11.560-0700] {processor.py:914} INFO - Processing file /home/jerson/airflow_venv/lib/python3.10/site-packages/airflow/example_dags/example_nested_branch_dag.py for tasks to queue
[2024-08-26T18:24:11.561-0700] {logging_mixin.py:190} INFO - [2024-08-26T18:24:11.561-0700] {dagbag.py:587} INFO - Filling up the DagBag from /home/jerson/airflow_venv/lib/python3.10/site-packages/airflow/example_dags/example_nested_branch_dag.py
[2024-08-26T18:24:11.568-0700] {processor.py:925} INFO - DAG(s) 'example_nested_branch_dag' retrieved from /home/jerson/airflow_venv/lib/python3.10/site-packages/airflow/example_dags/example_nested_branch_dag.py
[2024-08-26T18:24:11.578-0700] {logging_mixin.py:190} INFO - [2024-08-26T18:24:11.578-0700] {dag.py:3211} INFO - Sync 1 DAGs
[2024-08-26T18:24:11.590-0700] {logging_mixin.py:190} INFO - [2024-08-26T18:24:11.590-0700] {dag.py:4138} INFO - Setting next_dagrun for example_nested_branch_dag to 2024-08-26 00:00:00+00:00, run_after=2024-08-27 00:00:00+00:00
[2024-08-26T18:24:11.605-0700] {processor.py:208} INFO - Processing /home/jerson/airflow_venv/lib/python3.10/site-packages/airflow/example_dags/example_nested_branch_dag.py took 0.049 seconds
[2024-08-26T18:25:04.011-0700] {processor.py:186} INFO - Started process (PID=61020) to work on /home/jerson/airflow_venv/lib/python3.10/site-packages/airflow/example_dags/example_nested_branch_dag.py
[2024-08-26T18:25:04.012-0700] {processor.py:914} INFO - Processing file /home/jerson/airflow_venv/lib/python3.10/site-packages/airflow/example_dags/example_nested_branch_dag.py for tasks to queue
[2024-08-26T18:25:04.013-0700] {logging_mixin.py:190} INFO - [2024-08-26T18:25:04.013-0700] {dagbag.py:587} INFO - Filling up the DagBag from /home/jerson/airflow_venv/lib/python3.10/site-packages/airflow/example_dags/example_nested_branch_dag.py
[2024-08-26T18:25:04.020-0700] {processor.py:925} INFO - DAG(s) 'example_nested_branch_dag' retrieved from /home/jerson/airflow_venv/lib/python3.10/site-packages/airflow/example_dags/example_nested_branch_dag.py
[2024-08-26T18:25:04.030-0700] {logging_mixin.py:190} INFO - [2024-08-26T18:25:04.030-0700] {dag.py:3211} INFO - Sync 1 DAGs
[2024-08-26T18:25:04.043-0700] {logging_mixin.py:190} INFO - [2024-08-26T18:25:04.042-0700] {dag.py:4138} INFO - Setting next_dagrun for example_nested_branch_dag to 2024-08-26 00:00:00+00:00, run_after=2024-08-27 00:00:00+00:00
[2024-08-26T18:25:04.058-0700] {processor.py:208} INFO - Processing /home/jerson/airflow_venv/lib/python3.10/site-packages/airflow/example_dags/example_nested_branch_dag.py took 0.050 seconds
[2024-08-26T18:25:56.061-0700] {processor.py:186} INFO - Started process (PID=61738) to work on /home/jerson/airflow_venv/lib/python3.10/site-packages/airflow/example_dags/example_nested_branch_dag.py
[2024-08-26T18:25:56.062-0700] {processor.py:914} INFO - Processing file /home/jerson/airflow_venv/lib/python3.10/site-packages/airflow/example_dags/example_nested_branch_dag.py for tasks to queue
[2024-08-26T18:25:56.063-0700] {logging_mixin.py:190} INFO - [2024-08-26T18:25:56.063-0700] {dagbag.py:587} INFO - Filling up the DagBag from /home/jerson/airflow_venv/lib/python3.10/site-packages/airflow/example_dags/example_nested_branch_dag.py
[2024-08-26T18:25:56.070-0700] {processor.py:925} INFO - DAG(s) 'example_nested_branch_dag' retrieved from /home/jerson/airflow_venv/lib/python3.10/site-packages/airflow/example_dags/example_nested_branch_dag.py
[2024-08-26T18:25:56.081-0700] {logging_mixin.py:190} INFO - [2024-08-26T18:25:56.081-0700] {dag.py:3211} INFO - Sync 1 DAGs
[2024-08-26T18:25:56.093-0700] {logging_mixin.py:190} INFO - [2024-08-26T18:25:56.093-0700] {dag.py:4138} INFO - Setting next_dagrun for example_nested_branch_dag to 2024-08-26 00:00:00+00:00, run_after=2024-08-27 00:00:00+00:00
[2024-08-26T18:25:56.109-0700] {processor.py:208} INFO - Processing /home/jerson/airflow_venv/lib/python3.10/site-packages/airflow/example_dags/example_nested_branch_dag.py took 0.051 seconds
[2024-08-26T18:26:52.366-0700] {processor.py:186} INFO - Started process (PID=62355) to work on /home/jerson/airflow_venv/lib/python3.10/site-packages/airflow/example_dags/example_nested_branch_dag.py
[2024-08-26T18:26:52.367-0700] {processor.py:914} INFO - Processing file /home/jerson/airflow_venv/lib/python3.10/site-packages/airflow/example_dags/example_nested_branch_dag.py for tasks to queue
[2024-08-26T18:26:52.368-0700] {logging_mixin.py:190} INFO - [2024-08-26T18:26:52.368-0700] {dagbag.py:587} INFO - Filling up the DagBag from /home/jerson/airflow_venv/lib/python3.10/site-packages/airflow/example_dags/example_nested_branch_dag.py
[2024-08-26T18:26:52.375-0700] {processor.py:925} INFO - DAG(s) 'example_nested_branch_dag' retrieved from /home/jerson/airflow_venv/lib/python3.10/site-packages/airflow/example_dags/example_nested_branch_dag.py
[2024-08-26T18:26:52.385-0700] {logging_mixin.py:190} INFO - [2024-08-26T18:26:52.385-0700] {dag.py:3211} INFO - Sync 1 DAGs
[2024-08-26T18:26:52.396-0700] {logging_mixin.py:190} INFO - [2024-08-26T18:26:52.396-0700] {dag.py:4138} INFO - Setting next_dagrun for example_nested_branch_dag to 2024-08-26 00:00:00+00:00, run_after=2024-08-27 00:00:00+00:00
[2024-08-26T18:26:52.411-0700] {processor.py:208} INFO - Processing /home/jerson/airflow_venv/lib/python3.10/site-packages/airflow/example_dags/example_nested_branch_dag.py took 0.049 seconds
[2024-08-26T18:27:42.009-0700] {processor.py:186} INFO - Started process (PID=62750) to work on /home/jerson/airflow_venv/lib/python3.10/site-packages/airflow/example_dags/example_nested_branch_dag.py
[2024-08-26T18:27:42.010-0700] {processor.py:914} INFO - Processing file /home/jerson/airflow_venv/lib/python3.10/site-packages/airflow/example_dags/example_nested_branch_dag.py for tasks to queue
[2024-08-26T18:27:42.011-0700] {logging_mixin.py:190} INFO - [2024-08-26T18:27:42.011-0700] {dagbag.py:587} INFO - Filling up the DagBag from /home/jerson/airflow_venv/lib/python3.10/site-packages/airflow/example_dags/example_nested_branch_dag.py
[2024-08-26T18:27:42.018-0700] {processor.py:925} INFO - DAG(s) 'example_nested_branch_dag' retrieved from /home/jerson/airflow_venv/lib/python3.10/site-packages/airflow/example_dags/example_nested_branch_dag.py
[2024-08-26T18:27:42.028-0700] {logging_mixin.py:190} INFO - [2024-08-26T18:27:42.028-0700] {dag.py:3211} INFO - Sync 1 DAGs
[2024-08-26T18:27:42.045-0700] {logging_mixin.py:190} INFO - [2024-08-26T18:27:42.045-0700] {dag.py:4138} INFO - Setting next_dagrun for example_nested_branch_dag to 2024-08-26 00:00:00+00:00, run_after=2024-08-27 00:00:00+00:00
[2024-08-26T18:27:42.068-0700] {processor.py:208} INFO - Processing /home/jerson/airflow_venv/lib/python3.10/site-packages/airflow/example_dags/example_nested_branch_dag.py took 0.062 seconds
[2024-08-26T18:28:33.369-0700] {processor.py:186} INFO - Started process (PID=63158) to work on /home/jerson/airflow_venv/lib/python3.10/site-packages/airflow/example_dags/example_nested_branch_dag.py
[2024-08-26T18:28:33.370-0700] {processor.py:914} INFO - Processing file /home/jerson/airflow_venv/lib/python3.10/site-packages/airflow/example_dags/example_nested_branch_dag.py for tasks to queue
[2024-08-26T18:28:33.370-0700] {logging_mixin.py:190} INFO - [2024-08-26T18:28:33.370-0700] {dagbag.py:587} INFO - Filling up the DagBag from /home/jerson/airflow_venv/lib/python3.10/site-packages/airflow/example_dags/example_nested_branch_dag.py
[2024-08-26T18:28:33.377-0700] {processor.py:925} INFO - DAG(s) 'example_nested_branch_dag' retrieved from /home/jerson/airflow_venv/lib/python3.10/site-packages/airflow/example_dags/example_nested_branch_dag.py
[2024-08-26T18:28:33.388-0700] {logging_mixin.py:190} INFO - [2024-08-26T18:28:33.387-0700] {dag.py:3211} INFO - Sync 1 DAGs
[2024-08-26T18:28:33.400-0700] {logging_mixin.py:190} INFO - [2024-08-26T18:28:33.400-0700] {dag.py:4138} INFO - Setting next_dagrun for example_nested_branch_dag to 2024-08-26 00:00:00+00:00, run_after=2024-08-27 00:00:00+00:00
[2024-08-26T18:28:33.414-0700] {processor.py:208} INFO - Processing /home/jerson/airflow_venv/lib/python3.10/site-packages/airflow/example_dags/example_nested_branch_dag.py took 0.049 seconds
[2024-08-26T18:29:24.524-0700] {processor.py:186} INFO - Started process (PID=63569) to work on /home/jerson/airflow_venv/lib/python3.10/site-packages/airflow/example_dags/example_nested_branch_dag.py
[2024-08-26T18:29:24.525-0700] {processor.py:914} INFO - Processing file /home/jerson/airflow_venv/lib/python3.10/site-packages/airflow/example_dags/example_nested_branch_dag.py for tasks to queue
[2024-08-26T18:29:24.526-0700] {logging_mixin.py:190} INFO - [2024-08-26T18:29:24.526-0700] {dagbag.py:587} INFO - Filling up the DagBag from /home/jerson/airflow_venv/lib/python3.10/site-packages/airflow/example_dags/example_nested_branch_dag.py
[2024-08-26T18:29:24.536-0700] {processor.py:925} INFO - DAG(s) 'example_nested_branch_dag' retrieved from /home/jerson/airflow_venv/lib/python3.10/site-packages/airflow/example_dags/example_nested_branch_dag.py
[2024-08-26T18:29:24.549-0700] {logging_mixin.py:190} INFO - [2024-08-26T18:29:24.549-0700] {dag.py:3211} INFO - Sync 1 DAGs
[2024-08-26T18:29:24.567-0700] {logging_mixin.py:190} INFO - [2024-08-26T18:29:24.567-0700] {dag.py:4138} INFO - Setting next_dagrun for example_nested_branch_dag to 2024-08-26 00:00:00+00:00, run_after=2024-08-27 00:00:00+00:00
[2024-08-26T18:29:24.589-0700] {processor.py:208} INFO - Processing /home/jerson/airflow_venv/lib/python3.10/site-packages/airflow/example_dags/example_nested_branch_dag.py took 0.068 seconds
[2024-08-26T18:30:11.537-0700] {processor.py:186} INFO - Started process (PID=63944) to work on /home/jerson/airflow_venv/lib/python3.10/site-packages/airflow/example_dags/example_nested_branch_dag.py
[2024-08-26T18:30:11.538-0700] {processor.py:914} INFO - Processing file /home/jerson/airflow_venv/lib/python3.10/site-packages/airflow/example_dags/example_nested_branch_dag.py for tasks to queue
[2024-08-26T18:30:11.539-0700] {logging_mixin.py:190} INFO - [2024-08-26T18:30:11.539-0700] {dagbag.py:587} INFO - Filling up the DagBag from /home/jerson/airflow_venv/lib/python3.10/site-packages/airflow/example_dags/example_nested_branch_dag.py
[2024-08-26T18:30:11.546-0700] {processor.py:925} INFO - DAG(s) 'example_nested_branch_dag' retrieved from /home/jerson/airflow_venv/lib/python3.10/site-packages/airflow/example_dags/example_nested_branch_dag.py
[2024-08-26T18:30:11.556-0700] {logging_mixin.py:190} INFO - [2024-08-26T18:30:11.556-0700] {dag.py:3211} INFO - Sync 1 DAGs
[2024-08-26T18:30:11.569-0700] {logging_mixin.py:190} INFO - [2024-08-26T18:30:11.568-0700] {dag.py:4138} INFO - Setting next_dagrun for example_nested_branch_dag to 2024-08-26 00:00:00+00:00, run_after=2024-08-27 00:00:00+00:00
[2024-08-26T18:30:11.584-0700] {processor.py:208} INFO - Processing /home/jerson/airflow_venv/lib/python3.10/site-packages/airflow/example_dags/example_nested_branch_dag.py took 0.051 seconds
[2024-08-26T18:31:00.020-0700] {processor.py:186} INFO - Started process (PID=64436) to work on /home/jerson/airflow_venv/lib/python3.10/site-packages/airflow/example_dags/example_nested_branch_dag.py
[2024-08-26T18:31:00.022-0700] {processor.py:914} INFO - Processing file /home/jerson/airflow_venv/lib/python3.10/site-packages/airflow/example_dags/example_nested_branch_dag.py for tasks to queue
[2024-08-26T18:31:00.023-0700] {logging_mixin.py:190} INFO - [2024-08-26T18:31:00.022-0700] {dagbag.py:587} INFO - Filling up the DagBag from /home/jerson/airflow_venv/lib/python3.10/site-packages/airflow/example_dags/example_nested_branch_dag.py
[2024-08-26T18:31:00.033-0700] {processor.py:925} INFO - DAG(s) 'example_nested_branch_dag' retrieved from /home/jerson/airflow_venv/lib/python3.10/site-packages/airflow/example_dags/example_nested_branch_dag.py
[2024-08-26T18:31:00.044-0700] {logging_mixin.py:190} INFO - [2024-08-26T18:31:00.044-0700] {dag.py:3211} INFO - Sync 1 DAGs
[2024-08-26T18:31:00.057-0700] {logging_mixin.py:190} INFO - [2024-08-26T18:31:00.057-0700] {dag.py:4138} INFO - Setting next_dagrun for example_nested_branch_dag to 2024-08-26 00:00:00+00:00, run_after=2024-08-27 00:00:00+00:00
[2024-08-26T18:31:00.074-0700] {processor.py:208} INFO - Processing /home/jerson/airflow_venv/lib/python3.10/site-packages/airflow/example_dags/example_nested_branch_dag.py took 0.059 seconds
