[2024-08-26T17:37:30.266-0700] {processor.py:186} INFO - Started process (PID=32873) to work on /home/jerson/airflow_venv/lib/python3.10/site-packages/airflow/example_dags/example_external_task_marker_dag.py
[2024-08-26T17:37:30.267-0700] {processor.py:914} INFO - Processing file /home/jerson/airflow_venv/lib/python3.10/site-packages/airflow/example_dags/example_external_task_marker_dag.py for tasks to queue
[2024-08-26T17:37:30.268-0700] {logging_mixin.py:190} INFO - [2024-08-26T17:37:30.267-0700] {dagbag.py:587} INFO - Filling up the DagBag from /home/jerson/airflow_venv/lib/python3.10/site-packages/airflow/example_dags/example_external_task_marker_dag.py
[2024-08-26T17:37:30.272-0700] {processor.py:925} INFO - DAG(s) 'example_external_task_marker_parent', 'example_external_task_marker_child' retrieved from /home/jerson/airflow_venv/lib/python3.10/site-packages/airflow/example_dags/example_external_task_marker_dag.py
[2024-08-26T17:37:30.283-0700] {logging_mixin.py:190} INFO - [2024-08-26T17:37:30.283-0700] {dag.py:3211} INFO - Sync 2 DAGs
[2024-08-26T17:37:30.290-0700] {logging_mixin.py:190} INFO - [2024-08-26T17:37:30.290-0700] {dag.py:4138} INFO - Setting next_dagrun for example_external_task_marker_child to None, run_after=None
[2024-08-26T17:37:30.292-0700] {logging_mixin.py:190} INFO - [2024-08-26T17:37:30.292-0700] {dag.py:4138} INFO - Setting next_dagrun for example_external_task_marker_parent to None, run_after=None
[2024-08-26T17:37:30.306-0700] {processor.py:208} INFO - Processing /home/jerson/airflow_venv/lib/python3.10/site-packages/airflow/example_dags/example_external_task_marker_dag.py took 0.043 seconds
[2024-08-26T17:38:25.441-0700] {processor.py:186} INFO - Started process (PID=33310) to work on /home/jerson/airflow_venv/lib/python3.10/site-packages/airflow/example_dags/example_external_task_marker_dag.py
[2024-08-26T17:38:25.442-0700] {processor.py:914} INFO - Processing file /home/jerson/airflow_venv/lib/python3.10/site-packages/airflow/example_dags/example_external_task_marker_dag.py for tasks to queue
[2024-08-26T17:38:25.443-0700] {logging_mixin.py:190} INFO - [2024-08-26T17:38:25.443-0700] {dagbag.py:587} INFO - Filling up the DagBag from /home/jerson/airflow_venv/lib/python3.10/site-packages/airflow/example_dags/example_external_task_marker_dag.py
[2024-08-26T17:38:25.447-0700] {processor.py:925} INFO - DAG(s) 'example_external_task_marker_child', 'example_external_task_marker_parent' retrieved from /home/jerson/airflow_venv/lib/python3.10/site-packages/airflow/example_dags/example_external_task_marker_dag.py
[2024-08-26T17:38:25.459-0700] {logging_mixin.py:190} INFO - [2024-08-26T17:38:25.458-0700] {dag.py:3211} INFO - Sync 2 DAGs
[2024-08-26T17:38:25.466-0700] {logging_mixin.py:190} INFO - [2024-08-26T17:38:25.466-0700] {dag.py:4138} INFO - Setting next_dagrun for example_external_task_marker_child to None, run_after=None
[2024-08-26T17:38:25.468-0700] {logging_mixin.py:190} INFO - [2024-08-26T17:38:25.468-0700] {dag.py:4138} INFO - Setting next_dagrun for example_external_task_marker_parent to None, run_after=None
[2024-08-26T17:38:25.482-0700] {processor.py:208} INFO - Processing /home/jerson/airflow_venv/lib/python3.10/site-packages/airflow/example_dags/example_external_task_marker_dag.py took 0.046 seconds
[2024-08-26T17:39:35.835-0700] {processor.py:186} INFO - Started process (PID=33902) to work on /home/jerson/airflow_venv/lib/python3.10/site-packages/airflow/example_dags/example_external_task_marker_dag.py
[2024-08-26T17:39:35.836-0700] {processor.py:914} INFO - Processing file /home/jerson/airflow_venv/lib/python3.10/site-packages/airflow/example_dags/example_external_task_marker_dag.py for tasks to queue
[2024-08-26T17:39:35.838-0700] {logging_mixin.py:190} INFO - [2024-08-26T17:39:35.837-0700] {dagbag.py:587} INFO - Filling up the DagBag from /home/jerson/airflow_venv/lib/python3.10/site-packages/airflow/example_dags/example_external_task_marker_dag.py
[2024-08-26T17:39:35.842-0700] {processor.py:925} INFO - DAG(s) 'example_external_task_marker_parent', 'example_external_task_marker_child' retrieved from /home/jerson/airflow_venv/lib/python3.10/site-packages/airflow/example_dags/example_external_task_marker_dag.py
[2024-08-26T17:39:35.852-0700] {logging_mixin.py:190} INFO - [2024-08-26T17:39:35.852-0700] {dag.py:3211} INFO - Sync 2 DAGs
[2024-08-26T17:39:35.859-0700] {logging_mixin.py:190} INFO - [2024-08-26T17:39:35.859-0700] {dag.py:4138} INFO - Setting next_dagrun for example_external_task_marker_child to None, run_after=None
[2024-08-26T17:39:35.861-0700] {logging_mixin.py:190} INFO - [2024-08-26T17:39:35.861-0700] {dag.py:4138} INFO - Setting next_dagrun for example_external_task_marker_parent to None, run_after=None
[2024-08-26T17:39:35.875-0700] {processor.py:208} INFO - Processing /home/jerson/airflow_venv/lib/python3.10/site-packages/airflow/example_dags/example_external_task_marker_dag.py took 0.043 seconds
[2024-08-26T17:40:51.587-0700] {processor.py:186} INFO - Started process (PID=34502) to work on /home/jerson/airflow_venv/lib/python3.10/site-packages/airflow/example_dags/example_external_task_marker_dag.py
[2024-08-26T17:40:51.588-0700] {processor.py:914} INFO - Processing file /home/jerson/airflow_venv/lib/python3.10/site-packages/airflow/example_dags/example_external_task_marker_dag.py for tasks to queue
[2024-08-26T17:40:51.589-0700] {logging_mixin.py:190} INFO - [2024-08-26T17:40:51.589-0700] {dagbag.py:587} INFO - Filling up the DagBag from /home/jerson/airflow_venv/lib/python3.10/site-packages/airflow/example_dags/example_external_task_marker_dag.py
[2024-08-26T17:40:51.594-0700] {processor.py:925} INFO - DAG(s) 'example_external_task_marker_child', 'example_external_task_marker_parent' retrieved from /home/jerson/airflow_venv/lib/python3.10/site-packages/airflow/example_dags/example_external_task_marker_dag.py
[2024-08-26T17:40:51.604-0700] {logging_mixin.py:190} INFO - [2024-08-26T17:40:51.604-0700] {dag.py:3211} INFO - Sync 2 DAGs
[2024-08-26T17:40:51.611-0700] {logging_mixin.py:190} INFO - [2024-08-26T17:40:51.610-0700] {dag.py:4138} INFO - Setting next_dagrun for example_external_task_marker_child to None, run_after=None
[2024-08-26T17:40:51.612-0700] {logging_mixin.py:190} INFO - [2024-08-26T17:40:51.612-0700] {dag.py:4138} INFO - Setting next_dagrun for example_external_task_marker_parent to None, run_after=None
[2024-08-26T17:40:51.626-0700] {processor.py:208} INFO - Processing /home/jerson/airflow_venv/lib/python3.10/site-packages/airflow/example_dags/example_external_task_marker_dag.py took 0.042 seconds
[2024-08-26T17:42:04.755-0700] {processor.py:186} INFO - Started process (PID=35084) to work on /home/jerson/airflow_venv/lib/python3.10/site-packages/airflow/example_dags/example_external_task_marker_dag.py
[2024-08-26T17:42:04.756-0700] {processor.py:914} INFO - Processing file /home/jerson/airflow_venv/lib/python3.10/site-packages/airflow/example_dags/example_external_task_marker_dag.py for tasks to queue
[2024-08-26T17:42:04.757-0700] {logging_mixin.py:190} INFO - [2024-08-26T17:42:04.757-0700] {dagbag.py:587} INFO - Filling up the DagBag from /home/jerson/airflow_venv/lib/python3.10/site-packages/airflow/example_dags/example_external_task_marker_dag.py
[2024-08-26T17:42:04.762-0700] {processor.py:925} INFO - DAG(s) 'example_external_task_marker_parent', 'example_external_task_marker_child' retrieved from /home/jerson/airflow_venv/lib/python3.10/site-packages/airflow/example_dags/example_external_task_marker_dag.py
[2024-08-26T17:42:04.772-0700] {logging_mixin.py:190} INFO - [2024-08-26T17:42:04.772-0700] {dag.py:3211} INFO - Sync 2 DAGs
[2024-08-26T17:42:04.779-0700] {logging_mixin.py:190} INFO - [2024-08-26T17:42:04.779-0700] {dag.py:4138} INFO - Setting next_dagrun for example_external_task_marker_child to None, run_after=None
[2024-08-26T17:42:04.781-0700] {logging_mixin.py:190} INFO - [2024-08-26T17:42:04.781-0700] {dag.py:4138} INFO - Setting next_dagrun for example_external_task_marker_parent to None, run_after=None
[2024-08-26T17:42:04.794-0700] {processor.py:208} INFO - Processing /home/jerson/airflow_venv/lib/python3.10/site-packages/airflow/example_dags/example_external_task_marker_dag.py took 0.042 seconds
[2024-08-26T17:43:19.189-0700] {processor.py:186} INFO - Started process (PID=35680) to work on /home/jerson/airflow_venv/lib/python3.10/site-packages/airflow/example_dags/example_external_task_marker_dag.py
[2024-08-26T17:43:19.190-0700] {processor.py:914} INFO - Processing file /home/jerson/airflow_venv/lib/python3.10/site-packages/airflow/example_dags/example_external_task_marker_dag.py for tasks to queue
[2024-08-26T17:43:19.191-0700] {logging_mixin.py:190} INFO - [2024-08-26T17:43:19.191-0700] {dagbag.py:587} INFO - Filling up the DagBag from /home/jerson/airflow_venv/lib/python3.10/site-packages/airflow/example_dags/example_external_task_marker_dag.py
[2024-08-26T17:43:19.196-0700] {processor.py:925} INFO - DAG(s) 'example_external_task_marker_parent', 'example_external_task_marker_child' retrieved from /home/jerson/airflow_venv/lib/python3.10/site-packages/airflow/example_dags/example_external_task_marker_dag.py
[2024-08-26T17:43:19.206-0700] {logging_mixin.py:190} INFO - [2024-08-26T17:43:19.206-0700] {dag.py:3211} INFO - Sync 2 DAGs
[2024-08-26T17:43:19.213-0700] {logging_mixin.py:190} INFO - [2024-08-26T17:43:19.213-0700] {dag.py:4138} INFO - Setting next_dagrun for example_external_task_marker_child to None, run_after=None
[2024-08-26T17:43:19.214-0700] {logging_mixin.py:190} INFO - [2024-08-26T17:43:19.214-0700] {dag.py:4138} INFO - Setting next_dagrun for example_external_task_marker_parent to None, run_after=None
[2024-08-26T17:43:19.229-0700] {processor.py:208} INFO - Processing /home/jerson/airflow_venv/lib/python3.10/site-packages/airflow/example_dags/example_external_task_marker_dag.py took 0.043 seconds
[2024-08-26T17:44:32.065-0700] {processor.py:186} INFO - Started process (PID=36289) to work on /home/jerson/airflow_venv/lib/python3.10/site-packages/airflow/example_dags/example_external_task_marker_dag.py
[2024-08-26T17:44:32.071-0700] {processor.py:914} INFO - Processing file /home/jerson/airflow_venv/lib/python3.10/site-packages/airflow/example_dags/example_external_task_marker_dag.py for tasks to queue
[2024-08-26T17:44:32.072-0700] {logging_mixin.py:190} INFO - [2024-08-26T17:44:32.072-0700] {dagbag.py:587} INFO - Filling up the DagBag from /home/jerson/airflow_venv/lib/python3.10/site-packages/airflow/example_dags/example_external_task_marker_dag.py
[2024-08-26T17:44:32.077-0700] {processor.py:925} INFO - DAG(s) 'example_external_task_marker_child', 'example_external_task_marker_parent' retrieved from /home/jerson/airflow_venv/lib/python3.10/site-packages/airflow/example_dags/example_external_task_marker_dag.py
[2024-08-26T17:44:32.088-0700] {logging_mixin.py:190} INFO - [2024-08-26T17:44:32.088-0700] {dag.py:3211} INFO - Sync 2 DAGs
[2024-08-26T17:44:32.095-0700] {logging_mixin.py:190} INFO - [2024-08-26T17:44:32.095-0700] {dag.py:4138} INFO - Setting next_dagrun for example_external_task_marker_child to None, run_after=None
[2024-08-26T17:44:32.097-0700] {logging_mixin.py:190} INFO - [2024-08-26T17:44:32.097-0700] {dag.py:4138} INFO - Setting next_dagrun for example_external_task_marker_parent to None, run_after=None
[2024-08-26T17:44:32.119-0700] {processor.py:208} INFO - Processing /home/jerson/airflow_venv/lib/python3.10/site-packages/airflow/example_dags/example_external_task_marker_dag.py took 0.058 seconds
[2024-08-26T17:45:46.110-0700] {processor.py:186} INFO - Started process (PID=36878) to work on /home/jerson/airflow_venv/lib/python3.10/site-packages/airflow/example_dags/example_external_task_marker_dag.py
[2024-08-26T17:45:46.111-0700] {processor.py:914} INFO - Processing file /home/jerson/airflow_venv/lib/python3.10/site-packages/airflow/example_dags/example_external_task_marker_dag.py for tasks to queue
[2024-08-26T17:45:46.112-0700] {logging_mixin.py:190} INFO - [2024-08-26T17:45:46.112-0700] {dagbag.py:587} INFO - Filling up the DagBag from /home/jerson/airflow_venv/lib/python3.10/site-packages/airflow/example_dags/example_external_task_marker_dag.py
[2024-08-26T17:45:46.117-0700] {processor.py:925} INFO - DAG(s) 'example_external_task_marker_parent', 'example_external_task_marker_child' retrieved from /home/jerson/airflow_venv/lib/python3.10/site-packages/airflow/example_dags/example_external_task_marker_dag.py
[2024-08-26T17:45:46.127-0700] {logging_mixin.py:190} INFO - [2024-08-26T17:45:46.126-0700] {dag.py:3211} INFO - Sync 2 DAGs
[2024-08-26T17:45:46.133-0700] {logging_mixin.py:190} INFO - [2024-08-26T17:45:46.133-0700] {dag.py:4138} INFO - Setting next_dagrun for example_external_task_marker_child to None, run_after=None
[2024-08-26T17:45:46.135-0700] {logging_mixin.py:190} INFO - [2024-08-26T17:45:46.135-0700] {dag.py:4138} INFO - Setting next_dagrun for example_external_task_marker_parent to None, run_after=None
[2024-08-26T17:45:46.148-0700] {processor.py:208} INFO - Processing /home/jerson/airflow_venv/lib/python3.10/site-packages/airflow/example_dags/example_external_task_marker_dag.py took 0.041 seconds
[2024-08-26T17:46:58.827-0700] {processor.py:186} INFO - Started process (PID=37767) to work on /home/jerson/airflow_venv/lib/python3.10/site-packages/airflow/example_dags/example_external_task_marker_dag.py
[2024-08-26T17:46:58.828-0700] {processor.py:914} INFO - Processing file /home/jerson/airflow_venv/lib/python3.10/site-packages/airflow/example_dags/example_external_task_marker_dag.py for tasks to queue
[2024-08-26T17:46:58.829-0700] {logging_mixin.py:190} INFO - [2024-08-26T17:46:58.828-0700] {dagbag.py:587} INFO - Filling up the DagBag from /home/jerson/airflow_venv/lib/python3.10/site-packages/airflow/example_dags/example_external_task_marker_dag.py
[2024-08-26T17:46:58.833-0700] {processor.py:925} INFO - DAG(s) 'example_external_task_marker_parent', 'example_external_task_marker_child' retrieved from /home/jerson/airflow_venv/lib/python3.10/site-packages/airflow/example_dags/example_external_task_marker_dag.py
[2024-08-26T17:46:58.845-0700] {logging_mixin.py:190} INFO - [2024-08-26T17:46:58.844-0700] {dag.py:3211} INFO - Sync 2 DAGs
[2024-08-26T17:46:58.852-0700] {logging_mixin.py:190} INFO - [2024-08-26T17:46:58.852-0700] {dag.py:4138} INFO - Setting next_dagrun for example_external_task_marker_child to None, run_after=None
[2024-08-26T17:46:58.854-0700] {logging_mixin.py:190} INFO - [2024-08-26T17:46:58.854-0700] {dag.py:4138} INFO - Setting next_dagrun for example_external_task_marker_parent to None, run_after=None
[2024-08-26T17:46:58.869-0700] {processor.py:208} INFO - Processing /home/jerson/airflow_venv/lib/python3.10/site-packages/airflow/example_dags/example_external_task_marker_dag.py took 0.045 seconds
[2024-08-26T17:48:16.935-0700] {processor.py:186} INFO - Started process (PID=38517) to work on /home/jerson/airflow_venv/lib/python3.10/site-packages/airflow/example_dags/example_external_task_marker_dag.py
[2024-08-26T17:48:16.936-0700] {processor.py:914} INFO - Processing file /home/jerson/airflow_venv/lib/python3.10/site-packages/airflow/example_dags/example_external_task_marker_dag.py for tasks to queue
[2024-08-26T17:48:16.937-0700] {logging_mixin.py:190} INFO - [2024-08-26T17:48:16.937-0700] {dagbag.py:587} INFO - Filling up the DagBag from /home/jerson/airflow_venv/lib/python3.10/site-packages/airflow/example_dags/example_external_task_marker_dag.py
[2024-08-26T17:48:16.942-0700] {processor.py:925} INFO - DAG(s) 'example_external_task_marker_parent', 'example_external_task_marker_child' retrieved from /home/jerson/airflow_venv/lib/python3.10/site-packages/airflow/example_dags/example_external_task_marker_dag.py
[2024-08-26T17:48:16.954-0700] {logging_mixin.py:190} INFO - [2024-08-26T17:48:16.954-0700] {dag.py:3211} INFO - Sync 2 DAGs
[2024-08-26T17:48:16.962-0700] {logging_mixin.py:190} INFO - [2024-08-26T17:48:16.961-0700] {dag.py:4138} INFO - Setting next_dagrun for example_external_task_marker_child to None, run_after=None
[2024-08-26T17:48:16.964-0700] {logging_mixin.py:190} INFO - [2024-08-26T17:48:16.964-0700] {dag.py:4138} INFO - Setting next_dagrun for example_external_task_marker_parent to None, run_after=None
[2024-08-26T17:48:16.983-0700] {processor.py:208} INFO - Processing /home/jerson/airflow_venv/lib/python3.10/site-packages/airflow/example_dags/example_external_task_marker_dag.py took 0.052 seconds
[2024-08-26T17:49:34.601-0700] {processor.py:186} INFO - Started process (PID=39258) to work on /home/jerson/airflow_venv/lib/python3.10/site-packages/airflow/example_dags/example_external_task_marker_dag.py
[2024-08-26T17:49:34.602-0700] {processor.py:914} INFO - Processing file /home/jerson/airflow_venv/lib/python3.10/site-packages/airflow/example_dags/example_external_task_marker_dag.py for tasks to queue
[2024-08-26T17:49:34.604-0700] {logging_mixin.py:190} INFO - [2024-08-26T17:49:34.604-0700] {dagbag.py:587} INFO - Filling up the DagBag from /home/jerson/airflow_venv/lib/python3.10/site-packages/airflow/example_dags/example_external_task_marker_dag.py
[2024-08-26T17:49:34.609-0700] {processor.py:925} INFO - DAG(s) 'example_external_task_marker_parent', 'example_external_task_marker_child' retrieved from /home/jerson/airflow_venv/lib/python3.10/site-packages/airflow/example_dags/example_external_task_marker_dag.py
[2024-08-26T17:49:34.621-0700] {logging_mixin.py:190} INFO - [2024-08-26T17:49:34.620-0700] {dag.py:3211} INFO - Sync 2 DAGs
[2024-08-26T17:49:34.628-0700] {logging_mixin.py:190} INFO - [2024-08-26T17:49:34.628-0700] {dag.py:4138} INFO - Setting next_dagrun for example_external_task_marker_child to None, run_after=None
[2024-08-26T17:49:34.631-0700] {logging_mixin.py:190} INFO - [2024-08-26T17:49:34.631-0700] {dag.py:4138} INFO - Setting next_dagrun for example_external_task_marker_parent to None, run_after=None
[2024-08-26T17:49:34.647-0700] {processor.py:208} INFO - Processing /home/jerson/airflow_venv/lib/python3.10/site-packages/airflow/example_dags/example_external_task_marker_dag.py took 0.049 seconds
[2024-08-26T17:50:52.497-0700] {processor.py:186} INFO - Started process (PID=39877) to work on /home/jerson/airflow_venv/lib/python3.10/site-packages/airflow/example_dags/example_external_task_marker_dag.py
[2024-08-26T17:50:52.498-0700] {processor.py:914} INFO - Processing file /home/jerson/airflow_venv/lib/python3.10/site-packages/airflow/example_dags/example_external_task_marker_dag.py for tasks to queue
[2024-08-26T17:50:52.499-0700] {logging_mixin.py:190} INFO - [2024-08-26T17:50:52.499-0700] {dagbag.py:587} INFO - Filling up the DagBag from /home/jerson/airflow_venv/lib/python3.10/site-packages/airflow/example_dags/example_external_task_marker_dag.py
[2024-08-26T17:50:52.505-0700] {processor.py:925} INFO - DAG(s) 'example_external_task_marker_child', 'example_external_task_marker_parent' retrieved from /home/jerson/airflow_venv/lib/python3.10/site-packages/airflow/example_dags/example_external_task_marker_dag.py
[2024-08-26T17:50:52.516-0700] {logging_mixin.py:190} INFO - [2024-08-26T17:50:52.516-0700] {dag.py:3211} INFO - Sync 2 DAGs
[2024-08-26T17:50:52.524-0700] {logging_mixin.py:190} INFO - [2024-08-26T17:50:52.524-0700] {dag.py:4138} INFO - Setting next_dagrun for example_external_task_marker_child to None, run_after=None
[2024-08-26T17:50:52.526-0700] {logging_mixin.py:190} INFO - [2024-08-26T17:50:52.526-0700] {dag.py:4138} INFO - Setting next_dagrun for example_external_task_marker_parent to None, run_after=None
[2024-08-26T17:50:52.543-0700] {processor.py:208} INFO - Processing /home/jerson/airflow_venv/lib/python3.10/site-packages/airflow/example_dags/example_external_task_marker_dag.py took 0.049 seconds
[2024-08-26T17:56:08.400-0700] {processor.py:186} INFO - Started process (PID=43331) to work on /home/jerson/airflow_venv/lib/python3.10/site-packages/airflow/example_dags/example_external_task_marker_dag.py
[2024-08-26T17:56:08.401-0700] {processor.py:914} INFO - Processing file /home/jerson/airflow_venv/lib/python3.10/site-packages/airflow/example_dags/example_external_task_marker_dag.py for tasks to queue
[2024-08-26T17:56:08.402-0700] {logging_mixin.py:190} INFO - [2024-08-26T17:56:08.402-0700] {dagbag.py:587} INFO - Filling up the DagBag from /home/jerson/airflow_venv/lib/python3.10/site-packages/airflow/example_dags/example_external_task_marker_dag.py
[2024-08-26T17:56:08.407-0700] {processor.py:925} INFO - DAG(s) 'example_external_task_marker_child', 'example_external_task_marker_parent' retrieved from /home/jerson/airflow_venv/lib/python3.10/site-packages/airflow/example_dags/example_external_task_marker_dag.py
[2024-08-26T17:56:08.416-0700] {logging_mixin.py:190} INFO - [2024-08-26T17:56:08.416-0700] {dag.py:3211} INFO - Sync 2 DAGs
[2024-08-26T17:56:08.423-0700] {logging_mixin.py:190} INFO - [2024-08-26T17:56:08.423-0700] {dag.py:4138} INFO - Setting next_dagrun for example_external_task_marker_child to None, run_after=None
[2024-08-26T17:56:08.425-0700] {logging_mixin.py:190} INFO - [2024-08-26T17:56:08.425-0700] {dag.py:4138} INFO - Setting next_dagrun for example_external_task_marker_parent to None, run_after=None
[2024-08-26T17:56:08.440-0700] {processor.py:208} INFO - Processing /home/jerson/airflow_venv/lib/python3.10/site-packages/airflow/example_dags/example_external_task_marker_dag.py took 0.044 seconds
[2024-08-26T17:57:20.452-0700] {processor.py:186} INFO - Started process (PID=44086) to work on /home/jerson/airflow_venv/lib/python3.10/site-packages/airflow/example_dags/example_external_task_marker_dag.py
[2024-08-26T17:57:20.460-0700] {processor.py:914} INFO - Processing file /home/jerson/airflow_venv/lib/python3.10/site-packages/airflow/example_dags/example_external_task_marker_dag.py for tasks to queue
[2024-08-26T17:57:20.461-0700] {logging_mixin.py:190} INFO - [2024-08-26T17:57:20.461-0700] {dagbag.py:587} INFO - Filling up the DagBag from /home/jerson/airflow_venv/lib/python3.10/site-packages/airflow/example_dags/example_external_task_marker_dag.py
[2024-08-26T17:57:20.466-0700] {processor.py:925} INFO - DAG(s) 'example_external_task_marker_parent', 'example_external_task_marker_child' retrieved from /home/jerson/airflow_venv/lib/python3.10/site-packages/airflow/example_dags/example_external_task_marker_dag.py
[2024-08-26T17:57:20.476-0700] {logging_mixin.py:190} INFO - [2024-08-26T17:57:20.476-0700] {dag.py:3211} INFO - Sync 2 DAGs
[2024-08-26T17:57:20.483-0700] {logging_mixin.py:190} INFO - [2024-08-26T17:57:20.483-0700] {dag.py:4138} INFO - Setting next_dagrun for example_external_task_marker_child to None, run_after=None
[2024-08-26T17:57:20.485-0700] {logging_mixin.py:190} INFO - [2024-08-26T17:57:20.485-0700] {dag.py:4138} INFO - Setting next_dagrun for example_external_task_marker_parent to None, run_after=None
[2024-08-26T17:57:20.498-0700] {processor.py:208} INFO - Processing /home/jerson/airflow_venv/lib/python3.10/site-packages/airflow/example_dags/example_external_task_marker_dag.py took 0.049 seconds
[2024-08-26T17:58:39.189-0700] {processor.py:186} INFO - Started process (PID=44967) to work on /home/jerson/airflow_venv/lib/python3.10/site-packages/airflow/example_dags/example_external_task_marker_dag.py
[2024-08-26T17:58:39.190-0700] {processor.py:914} INFO - Processing file /home/jerson/airflow_venv/lib/python3.10/site-packages/airflow/example_dags/example_external_task_marker_dag.py for tasks to queue
[2024-08-26T17:58:39.191-0700] {logging_mixin.py:190} INFO - [2024-08-26T17:58:39.191-0700] {dagbag.py:587} INFO - Filling up the DagBag from /home/jerson/airflow_venv/lib/python3.10/site-packages/airflow/example_dags/example_external_task_marker_dag.py
[2024-08-26T17:58:39.196-0700] {processor.py:925} INFO - DAG(s) 'example_external_task_marker_parent', 'example_external_task_marker_child' retrieved from /home/jerson/airflow_venv/lib/python3.10/site-packages/airflow/example_dags/example_external_task_marker_dag.py
[2024-08-26T17:58:39.208-0700] {logging_mixin.py:190} INFO - [2024-08-26T17:58:39.208-0700] {dag.py:3211} INFO - Sync 2 DAGs
[2024-08-26T17:58:39.218-0700] {logging_mixin.py:190} INFO - [2024-08-26T17:58:39.218-0700] {dag.py:4138} INFO - Setting next_dagrun for example_external_task_marker_child to None, run_after=None
[2024-08-26T17:58:39.220-0700] {logging_mixin.py:190} INFO - [2024-08-26T17:58:39.220-0700] {dag.py:4138} INFO - Setting next_dagrun for example_external_task_marker_parent to None, run_after=None
[2024-08-26T17:58:39.237-0700] {processor.py:208} INFO - Processing /home/jerson/airflow_venv/lib/python3.10/site-packages/airflow/example_dags/example_external_task_marker_dag.py took 0.052 seconds
[2024-08-26T17:59:53.627-0700] {processor.py:186} INFO - Started process (PID=45810) to work on /home/jerson/airflow_venv/lib/python3.10/site-packages/airflow/example_dags/example_external_task_marker_dag.py
[2024-08-26T17:59:53.628-0700] {processor.py:914} INFO - Processing file /home/jerson/airflow_venv/lib/python3.10/site-packages/airflow/example_dags/example_external_task_marker_dag.py for tasks to queue
[2024-08-26T17:59:53.629-0700] {logging_mixin.py:190} INFO - [2024-08-26T17:59:53.629-0700] {dagbag.py:587} INFO - Filling up the DagBag from /home/jerson/airflow_venv/lib/python3.10/site-packages/airflow/example_dags/example_external_task_marker_dag.py
[2024-08-26T17:59:53.634-0700] {processor.py:925} INFO - DAG(s) 'example_external_task_marker_child', 'example_external_task_marker_parent' retrieved from /home/jerson/airflow_venv/lib/python3.10/site-packages/airflow/example_dags/example_external_task_marker_dag.py
[2024-08-26T17:59:53.643-0700] {logging_mixin.py:190} INFO - [2024-08-26T17:59:53.643-0700] {dag.py:3211} INFO - Sync 2 DAGs
[2024-08-26T17:59:53.651-0700] {logging_mixin.py:190} INFO - [2024-08-26T17:59:53.650-0700] {dag.py:4138} INFO - Setting next_dagrun for example_external_task_marker_child to None, run_after=None
[2024-08-26T17:59:53.652-0700] {logging_mixin.py:190} INFO - [2024-08-26T17:59:53.652-0700] {dag.py:4138} INFO - Setting next_dagrun for example_external_task_marker_parent to None, run_after=None
[2024-08-26T17:59:53.667-0700] {processor.py:208} INFO - Processing /home/jerson/airflow_venv/lib/python3.10/site-packages/airflow/example_dags/example_external_task_marker_dag.py took 0.043 seconds
[2024-08-26T18:01:08.100-0700] {processor.py:186} INFO - Started process (PID=46681) to work on /home/jerson/airflow_venv/lib/python3.10/site-packages/airflow/example_dags/example_external_task_marker_dag.py
[2024-08-26T18:01:08.101-0700] {processor.py:914} INFO - Processing file /home/jerson/airflow_venv/lib/python3.10/site-packages/airflow/example_dags/example_external_task_marker_dag.py for tasks to queue
[2024-08-26T18:01:08.102-0700] {logging_mixin.py:190} INFO - [2024-08-26T18:01:08.102-0700] {dagbag.py:587} INFO - Filling up the DagBag from /home/jerson/airflow_venv/lib/python3.10/site-packages/airflow/example_dags/example_external_task_marker_dag.py
[2024-08-26T18:01:08.107-0700] {processor.py:925} INFO - DAG(s) 'example_external_task_marker_child', 'example_external_task_marker_parent' retrieved from /home/jerson/airflow_venv/lib/python3.10/site-packages/airflow/example_dags/example_external_task_marker_dag.py
[2024-08-26T18:01:08.117-0700] {logging_mixin.py:190} INFO - [2024-08-26T18:01:08.117-0700] {dag.py:3211} INFO - Sync 2 DAGs
[2024-08-26T18:01:08.124-0700] {logging_mixin.py:190} INFO - [2024-08-26T18:01:08.124-0700] {dag.py:4138} INFO - Setting next_dagrun for example_external_task_marker_child to None, run_after=None
[2024-08-26T18:01:08.126-0700] {logging_mixin.py:190} INFO - [2024-08-26T18:01:08.126-0700] {dag.py:4138} INFO - Setting next_dagrun for example_external_task_marker_parent to None, run_after=None
[2024-08-26T18:01:08.140-0700] {processor.py:208} INFO - Processing /home/jerson/airflow_venv/lib/python3.10/site-packages/airflow/example_dags/example_external_task_marker_dag.py took 0.043 seconds
[2024-08-26T18:02:20.060-0700] {processor.py:186} INFO - Started process (PID=47255) to work on /home/jerson/airflow_venv/lib/python3.10/site-packages/airflow/example_dags/example_external_task_marker_dag.py
[2024-08-26T18:02:20.061-0700] {processor.py:914} INFO - Processing file /home/jerson/airflow_venv/lib/python3.10/site-packages/airflow/example_dags/example_external_task_marker_dag.py for tasks to queue
[2024-08-26T18:02:20.063-0700] {logging_mixin.py:190} INFO - [2024-08-26T18:02:20.062-0700] {dagbag.py:587} INFO - Filling up the DagBag from /home/jerson/airflow_venv/lib/python3.10/site-packages/airflow/example_dags/example_external_task_marker_dag.py
[2024-08-26T18:02:20.068-0700] {processor.py:925} INFO - DAG(s) 'example_external_task_marker_child', 'example_external_task_marker_parent' retrieved from /home/jerson/airflow_venv/lib/python3.10/site-packages/airflow/example_dags/example_external_task_marker_dag.py
[2024-08-26T18:02:20.080-0700] {logging_mixin.py:190} INFO - [2024-08-26T18:02:20.080-0700] {dag.py:3211} INFO - Sync 2 DAGs
[2024-08-26T18:02:20.091-0700] {logging_mixin.py:190} INFO - [2024-08-26T18:02:20.091-0700] {dag.py:4138} INFO - Setting next_dagrun for example_external_task_marker_child to None, run_after=None
[2024-08-26T18:02:20.094-0700] {logging_mixin.py:190} INFO - [2024-08-26T18:02:20.094-0700] {dag.py:4138} INFO - Setting next_dagrun for example_external_task_marker_parent to None, run_after=None
[2024-08-26T18:02:20.109-0700] {processor.py:208} INFO - Processing /home/jerson/airflow_venv/lib/python3.10/site-packages/airflow/example_dags/example_external_task_marker_dag.py took 0.053 seconds
[2024-08-26T18:03:31.949-0700] {processor.py:186} INFO - Started process (PID=47968) to work on /home/jerson/airflow_venv/lib/python3.10/site-packages/airflow/example_dags/example_external_task_marker_dag.py
[2024-08-26T18:03:31.950-0700] {processor.py:914} INFO - Processing file /home/jerson/airflow_venv/lib/python3.10/site-packages/airflow/example_dags/example_external_task_marker_dag.py for tasks to queue
[2024-08-26T18:03:31.951-0700] {logging_mixin.py:190} INFO - [2024-08-26T18:03:31.951-0700] {dagbag.py:587} INFO - Filling up the DagBag from /home/jerson/airflow_venv/lib/python3.10/site-packages/airflow/example_dags/example_external_task_marker_dag.py
[2024-08-26T18:03:31.956-0700] {processor.py:925} INFO - DAG(s) 'example_external_task_marker_child', 'example_external_task_marker_parent' retrieved from /home/jerson/airflow_venv/lib/python3.10/site-packages/airflow/example_dags/example_external_task_marker_dag.py
[2024-08-26T18:03:31.969-0700] {logging_mixin.py:190} INFO - [2024-08-26T18:03:31.969-0700] {dag.py:3211} INFO - Sync 2 DAGs
[2024-08-26T18:03:31.976-0700] {logging_mixin.py:190} INFO - [2024-08-26T18:03:31.976-0700] {dag.py:4138} INFO - Setting next_dagrun for example_external_task_marker_child to None, run_after=None
[2024-08-26T18:03:31.978-0700] {logging_mixin.py:190} INFO - [2024-08-26T18:03:31.978-0700] {dag.py:4138} INFO - Setting next_dagrun for example_external_task_marker_parent to None, run_after=None
[2024-08-26T18:03:31.992-0700] {processor.py:208} INFO - Processing /home/jerson/airflow_venv/lib/python3.10/site-packages/airflow/example_dags/example_external_task_marker_dag.py took 0.047 seconds
[2024-08-26T18:04:47.183-0700] {processor.py:186} INFO - Started process (PID=48714) to work on /home/jerson/airflow_venv/lib/python3.10/site-packages/airflow/example_dags/example_external_task_marker_dag.py
[2024-08-26T18:04:47.184-0700] {processor.py:914} INFO - Processing file /home/jerson/airflow_venv/lib/python3.10/site-packages/airflow/example_dags/example_external_task_marker_dag.py for tasks to queue
[2024-08-26T18:04:47.185-0700] {logging_mixin.py:190} INFO - [2024-08-26T18:04:47.185-0700] {dagbag.py:587} INFO - Filling up the DagBag from /home/jerson/airflow_venv/lib/python3.10/site-packages/airflow/example_dags/example_external_task_marker_dag.py
[2024-08-26T18:04:47.190-0700] {processor.py:925} INFO - DAG(s) 'example_external_task_marker_parent', 'example_external_task_marker_child' retrieved from /home/jerson/airflow_venv/lib/python3.10/site-packages/airflow/example_dags/example_external_task_marker_dag.py
[2024-08-26T18:04:47.203-0700] {logging_mixin.py:190} INFO - [2024-08-26T18:04:47.203-0700] {dag.py:3211} INFO - Sync 2 DAGs
[2024-08-26T18:04:47.211-0700] {logging_mixin.py:190} INFO - [2024-08-26T18:04:47.211-0700] {dag.py:4138} INFO - Setting next_dagrun for example_external_task_marker_child to None, run_after=None
[2024-08-26T18:04:47.213-0700] {logging_mixin.py:190} INFO - [2024-08-26T18:04:47.213-0700] {dag.py:4138} INFO - Setting next_dagrun for example_external_task_marker_parent to None, run_after=None
[2024-08-26T18:04:47.229-0700] {processor.py:208} INFO - Processing /home/jerson/airflow_venv/lib/python3.10/site-packages/airflow/example_dags/example_external_task_marker_dag.py took 0.050 seconds
[2024-08-26T18:05:55.689-0700] {processor.py:186} INFO - Started process (PID=49293) to work on /home/jerson/airflow_venv/lib/python3.10/site-packages/airflow/example_dags/example_external_task_marker_dag.py
[2024-08-26T18:05:55.690-0700] {processor.py:914} INFO - Processing file /home/jerson/airflow_venv/lib/python3.10/site-packages/airflow/example_dags/example_external_task_marker_dag.py for tasks to queue
[2024-08-26T18:05:55.691-0700] {logging_mixin.py:190} INFO - [2024-08-26T18:05:55.690-0700] {dagbag.py:587} INFO - Filling up the DagBag from /home/jerson/airflow_venv/lib/python3.10/site-packages/airflow/example_dags/example_external_task_marker_dag.py
[2024-08-26T18:05:55.696-0700] {processor.py:925} INFO - DAG(s) 'example_external_task_marker_parent', 'example_external_task_marker_child' retrieved from /home/jerson/airflow_venv/lib/python3.10/site-packages/airflow/example_dags/example_external_task_marker_dag.py
[2024-08-26T18:05:55.708-0700] {logging_mixin.py:190} INFO - [2024-08-26T18:05:55.708-0700] {dag.py:3211} INFO - Sync 2 DAGs
[2024-08-26T18:05:55.715-0700] {logging_mixin.py:190} INFO - [2024-08-26T18:05:55.715-0700] {dag.py:4138} INFO - Setting next_dagrun for example_external_task_marker_child to None, run_after=None
[2024-08-26T18:05:55.717-0700] {logging_mixin.py:190} INFO - [2024-08-26T18:05:55.717-0700] {dag.py:4138} INFO - Setting next_dagrun for example_external_task_marker_parent to None, run_after=None
[2024-08-26T18:05:55.733-0700] {processor.py:208} INFO - Processing /home/jerson/airflow_venv/lib/python3.10/site-packages/airflow/example_dags/example_external_task_marker_dag.py took 0.047 seconds
[2024-08-26T18:07:13.836-0700] {processor.py:186} INFO - Started process (PID=49979) to work on /home/jerson/airflow_venv/lib/python3.10/site-packages/airflow/example_dags/example_external_task_marker_dag.py
[2024-08-26T18:07:13.837-0700] {processor.py:914} INFO - Processing file /home/jerson/airflow_venv/lib/python3.10/site-packages/airflow/example_dags/example_external_task_marker_dag.py for tasks to queue
[2024-08-26T18:07:13.838-0700] {logging_mixin.py:190} INFO - [2024-08-26T18:07:13.838-0700] {dagbag.py:587} INFO - Filling up the DagBag from /home/jerson/airflow_venv/lib/python3.10/site-packages/airflow/example_dags/example_external_task_marker_dag.py
[2024-08-26T18:07:13.843-0700] {processor.py:925} INFO - DAG(s) 'example_external_task_marker_parent', 'example_external_task_marker_child' retrieved from /home/jerson/airflow_venv/lib/python3.10/site-packages/airflow/example_dags/example_external_task_marker_dag.py
[2024-08-26T18:07:13.855-0700] {logging_mixin.py:190} INFO - [2024-08-26T18:07:13.854-0700] {dag.py:3211} INFO - Sync 2 DAGs
[2024-08-26T18:07:13.863-0700] {logging_mixin.py:190} INFO - [2024-08-26T18:07:13.862-0700] {dag.py:4138} INFO - Setting next_dagrun for example_external_task_marker_child to None, run_after=None
[2024-08-26T18:07:13.864-0700] {logging_mixin.py:190} INFO - [2024-08-26T18:07:13.864-0700] {dag.py:4138} INFO - Setting next_dagrun for example_external_task_marker_parent to None, run_after=None
[2024-08-26T18:07:13.881-0700] {processor.py:208} INFO - Processing /home/jerson/airflow_venv/lib/python3.10/site-packages/airflow/example_dags/example_external_task_marker_dag.py took 0.048 seconds
[2024-08-26T18:08:25.519-0700] {processor.py:186} INFO - Started process (PID=50721) to work on /home/jerson/airflow_venv/lib/python3.10/site-packages/airflow/example_dags/example_external_task_marker_dag.py
[2024-08-26T18:08:25.520-0700] {processor.py:914} INFO - Processing file /home/jerson/airflow_venv/lib/python3.10/site-packages/airflow/example_dags/example_external_task_marker_dag.py for tasks to queue
[2024-08-26T18:08:25.522-0700] {logging_mixin.py:190} INFO - [2024-08-26T18:08:25.521-0700] {dagbag.py:587} INFO - Filling up the DagBag from /home/jerson/airflow_venv/lib/python3.10/site-packages/airflow/example_dags/example_external_task_marker_dag.py
[2024-08-26T18:08:25.526-0700] {processor.py:925} INFO - DAG(s) 'example_external_task_marker_parent', 'example_external_task_marker_child' retrieved from /home/jerson/airflow_venv/lib/python3.10/site-packages/airflow/example_dags/example_external_task_marker_dag.py
[2024-08-26T18:08:25.537-0700] {logging_mixin.py:190} INFO - [2024-08-26T18:08:25.537-0700] {dag.py:3211} INFO - Sync 2 DAGs
[2024-08-26T18:08:25.544-0700] {logging_mixin.py:190} INFO - [2024-08-26T18:08:25.543-0700] {dag.py:4138} INFO - Setting next_dagrun for example_external_task_marker_child to None, run_after=None
[2024-08-26T18:08:25.545-0700] {logging_mixin.py:190} INFO - [2024-08-26T18:08:25.545-0700] {dag.py:4138} INFO - Setting next_dagrun for example_external_task_marker_parent to None, run_after=None
[2024-08-26T18:08:25.559-0700] {processor.py:208} INFO - Processing /home/jerson/airflow_venv/lib/python3.10/site-packages/airflow/example_dags/example_external_task_marker_dag.py took 0.043 seconds
[2024-08-26T18:09:21.153-0700] {processor.py:186} INFO - Started process (PID=51230) to work on /home/jerson/airflow_venv/lib/python3.10/site-packages/airflow/example_dags/example_external_task_marker_dag.py
[2024-08-26T18:09:21.154-0700] {processor.py:914} INFO - Processing file /home/jerson/airflow_venv/lib/python3.10/site-packages/airflow/example_dags/example_external_task_marker_dag.py for tasks to queue
[2024-08-26T18:09:21.156-0700] {logging_mixin.py:190} INFO - [2024-08-26T18:09:21.155-0700] {dagbag.py:587} INFO - Filling up the DagBag from /home/jerson/airflow_venv/lib/python3.10/site-packages/airflow/example_dags/example_external_task_marker_dag.py
[2024-08-26T18:09:21.161-0700] {processor.py:925} INFO - DAG(s) 'example_external_task_marker_child', 'example_external_task_marker_parent' retrieved from /home/jerson/airflow_venv/lib/python3.10/site-packages/airflow/example_dags/example_external_task_marker_dag.py
[2024-08-26T18:09:21.172-0700] {logging_mixin.py:190} INFO - [2024-08-26T18:09:21.171-0700] {dag.py:3211} INFO - Sync 2 DAGs
[2024-08-26T18:09:21.179-0700] {logging_mixin.py:190} INFO - [2024-08-26T18:09:21.179-0700] {dag.py:4138} INFO - Setting next_dagrun for example_external_task_marker_child to None, run_after=None
[2024-08-26T18:09:21.181-0700] {logging_mixin.py:190} INFO - [2024-08-26T18:09:21.180-0700] {dag.py:4138} INFO - Setting next_dagrun for example_external_task_marker_parent to None, run_after=None
[2024-08-26T18:09:21.194-0700] {processor.py:208} INFO - Processing /home/jerson/airflow_venv/lib/python3.10/site-packages/airflow/example_dags/example_external_task_marker_dag.py took 0.045 seconds
[2024-08-26T18:10:33.287-0700] {processor.py:186} INFO - Started process (PID=52173) to work on /home/jerson/airflow_venv/lib/python3.10/site-packages/airflow/example_dags/example_external_task_marker_dag.py
[2024-08-26T18:10:33.288-0700] {processor.py:914} INFO - Processing file /home/jerson/airflow_venv/lib/python3.10/site-packages/airflow/example_dags/example_external_task_marker_dag.py for tasks to queue
[2024-08-26T18:10:33.289-0700] {logging_mixin.py:190} INFO - [2024-08-26T18:10:33.289-0700] {dagbag.py:587} INFO - Filling up the DagBag from /home/jerson/airflow_venv/lib/python3.10/site-packages/airflow/example_dags/example_external_task_marker_dag.py
[2024-08-26T18:10:33.294-0700] {processor.py:925} INFO - DAG(s) 'example_external_task_marker_parent', 'example_external_task_marker_child' retrieved from /home/jerson/airflow_venv/lib/python3.10/site-packages/airflow/example_dags/example_external_task_marker_dag.py
[2024-08-26T18:10:33.305-0700] {logging_mixin.py:190} INFO - [2024-08-26T18:10:33.305-0700] {dag.py:3211} INFO - Sync 2 DAGs
[2024-08-26T18:10:33.312-0700] {logging_mixin.py:190} INFO - [2024-08-26T18:10:33.312-0700] {dag.py:4138} INFO - Setting next_dagrun for example_external_task_marker_child to None, run_after=None
[2024-08-26T18:10:33.314-0700] {logging_mixin.py:190} INFO - [2024-08-26T18:10:33.314-0700] {dag.py:4138} INFO - Setting next_dagrun for example_external_task_marker_parent to None, run_after=None
[2024-08-26T18:10:33.327-0700] {processor.py:208} INFO - Processing /home/jerson/airflow_venv/lib/python3.10/site-packages/airflow/example_dags/example_external_task_marker_dag.py took 0.044 seconds
[2024-08-26T18:11:50.228-0700] {processor.py:186} INFO - Started process (PID=52999) to work on /home/jerson/airflow_venv/lib/python3.10/site-packages/airflow/example_dags/example_external_task_marker_dag.py
[2024-08-26T18:11:50.229-0700] {processor.py:914} INFO - Processing file /home/jerson/airflow_venv/lib/python3.10/site-packages/airflow/example_dags/example_external_task_marker_dag.py for tasks to queue
[2024-08-26T18:11:50.230-0700] {logging_mixin.py:190} INFO - [2024-08-26T18:11:50.230-0700] {dagbag.py:587} INFO - Filling up the DagBag from /home/jerson/airflow_venv/lib/python3.10/site-packages/airflow/example_dags/example_external_task_marker_dag.py
[2024-08-26T18:11:50.235-0700] {processor.py:925} INFO - DAG(s) 'example_external_task_marker_parent', 'example_external_task_marker_child' retrieved from /home/jerson/airflow_venv/lib/python3.10/site-packages/airflow/example_dags/example_external_task_marker_dag.py
[2024-08-26T18:11:50.246-0700] {logging_mixin.py:190} INFO - [2024-08-26T18:11:50.246-0700] {dag.py:3211} INFO - Sync 2 DAGs
[2024-08-26T18:11:50.254-0700] {logging_mixin.py:190} INFO - [2024-08-26T18:11:50.254-0700] {dag.py:4138} INFO - Setting next_dagrun for example_external_task_marker_child to None, run_after=None
[2024-08-26T18:11:50.256-0700] {logging_mixin.py:190} INFO - [2024-08-26T18:11:50.256-0700] {dag.py:4138} INFO - Setting next_dagrun for example_external_task_marker_parent to None, run_after=None
[2024-08-26T18:11:50.271-0700] {processor.py:208} INFO - Processing /home/jerson/airflow_venv/lib/python3.10/site-packages/airflow/example_dags/example_external_task_marker_dag.py took 0.046 seconds
[2024-08-26T18:13:06.243-0700] {processor.py:186} INFO - Started process (PID=53687) to work on /home/jerson/airflow_venv/lib/python3.10/site-packages/airflow/example_dags/example_external_task_marker_dag.py
[2024-08-26T18:13:06.244-0700] {processor.py:914} INFO - Processing file /home/jerson/airflow_venv/lib/python3.10/site-packages/airflow/example_dags/example_external_task_marker_dag.py for tasks to queue
[2024-08-26T18:13:06.246-0700] {logging_mixin.py:190} INFO - [2024-08-26T18:13:06.245-0700] {dagbag.py:587} INFO - Filling up the DagBag from /home/jerson/airflow_venv/lib/python3.10/site-packages/airflow/example_dags/example_external_task_marker_dag.py
[2024-08-26T18:13:06.251-0700] {processor.py:925} INFO - DAG(s) 'example_external_task_marker_parent', 'example_external_task_marker_child' retrieved from /home/jerson/airflow_venv/lib/python3.10/site-packages/airflow/example_dags/example_external_task_marker_dag.py
[2024-08-26T18:13:06.265-0700] {logging_mixin.py:190} INFO - [2024-08-26T18:13:06.265-0700] {dag.py:3211} INFO - Sync 2 DAGs
[2024-08-26T18:13:06.274-0700] {logging_mixin.py:190} INFO - [2024-08-26T18:13:06.274-0700] {dag.py:4138} INFO - Setting next_dagrun for example_external_task_marker_child to None, run_after=None
[2024-08-26T18:13:06.277-0700] {logging_mixin.py:190} INFO - [2024-08-26T18:13:06.277-0700] {dag.py:4138} INFO - Setting next_dagrun for example_external_task_marker_parent to None, run_after=None
[2024-08-26T18:13:06.293-0700] {processor.py:208} INFO - Processing /home/jerson/airflow_venv/lib/python3.10/site-packages/airflow/example_dags/example_external_task_marker_dag.py took 0.054 seconds
[2024-08-26T18:14:18.225-0700] {processor.py:186} INFO - Started process (PID=54389) to work on /home/jerson/airflow_venv/lib/python3.10/site-packages/airflow/example_dags/example_external_task_marker_dag.py
[2024-08-26T18:14:18.312-0700] {processor.py:914} INFO - Processing file /home/jerson/airflow_venv/lib/python3.10/site-packages/airflow/example_dags/example_external_task_marker_dag.py for tasks to queue
[2024-08-26T18:14:18.313-0700] {logging_mixin.py:190} INFO - [2024-08-26T18:14:18.313-0700] {dagbag.py:587} INFO - Filling up the DagBag from /home/jerson/airflow_venv/lib/python3.10/site-packages/airflow/example_dags/example_external_task_marker_dag.py
[2024-08-26T18:14:18.318-0700] {processor.py:925} INFO - DAG(s) 'example_external_task_marker_child', 'example_external_task_marker_parent' retrieved from /home/jerson/airflow_venv/lib/python3.10/site-packages/airflow/example_dags/example_external_task_marker_dag.py
[2024-08-26T18:14:18.335-0700] {logging_mixin.py:190} INFO - [2024-08-26T18:14:18.334-0700] {dag.py:3211} INFO - Sync 2 DAGs
[2024-08-26T18:14:18.346-0700] {logging_mixin.py:190} INFO - [2024-08-26T18:14:18.346-0700] {dag.py:4138} INFO - Setting next_dagrun for example_external_task_marker_child to None, run_after=None
[2024-08-26T18:14:18.348-0700] {logging_mixin.py:190} INFO - [2024-08-26T18:14:18.348-0700] {dag.py:4138} INFO - Setting next_dagrun for example_external_task_marker_parent to None, run_after=None
[2024-08-26T18:14:18.379-0700] {processor.py:208} INFO - Processing /home/jerson/airflow_venv/lib/python3.10/site-packages/airflow/example_dags/example_external_task_marker_dag.py took 0.158 seconds
[2024-08-26T18:15:18.179-0700] {processor.py:186} INFO - Started process (PID=55182) to work on /home/jerson/airflow_venv/lib/python3.10/site-packages/airflow/example_dags/example_external_task_marker_dag.py
[2024-08-26T18:15:18.180-0700] {processor.py:914} INFO - Processing file /home/jerson/airflow_venv/lib/python3.10/site-packages/airflow/example_dags/example_external_task_marker_dag.py for tasks to queue
[2024-08-26T18:15:18.181-0700] {logging_mixin.py:190} INFO - [2024-08-26T18:15:18.181-0700] {dagbag.py:587} INFO - Filling up the DagBag from /home/jerson/airflow_venv/lib/python3.10/site-packages/airflow/example_dags/example_external_task_marker_dag.py
[2024-08-26T18:15:18.186-0700] {processor.py:925} INFO - DAG(s) 'example_external_task_marker_child', 'example_external_task_marker_parent' retrieved from /home/jerson/airflow_venv/lib/python3.10/site-packages/airflow/example_dags/example_external_task_marker_dag.py
[2024-08-26T18:15:18.197-0700] {logging_mixin.py:190} INFO - [2024-08-26T18:15:18.197-0700] {dag.py:3211} INFO - Sync 2 DAGs
[2024-08-26T18:15:18.204-0700] {logging_mixin.py:190} INFO - [2024-08-26T18:15:18.204-0700] {dag.py:4138} INFO - Setting next_dagrun for example_external_task_marker_child to None, run_after=None
[2024-08-26T18:15:18.206-0700] {logging_mixin.py:190} INFO - [2024-08-26T18:15:18.206-0700] {dag.py:4138} INFO - Setting next_dagrun for example_external_task_marker_parent to None, run_after=None
[2024-08-26T18:15:18.220-0700] {processor.py:208} INFO - Processing /home/jerson/airflow_venv/lib/python3.10/site-packages/airflow/example_dags/example_external_task_marker_dag.py took 0.044 seconds
[2024-08-26T18:16:30.400-0700] {processor.py:186} INFO - Started process (PID=55822) to work on /home/jerson/airflow_venv/lib/python3.10/site-packages/airflow/example_dags/example_external_task_marker_dag.py
[2024-08-26T18:16:30.401-0700] {processor.py:914} INFO - Processing file /home/jerson/airflow_venv/lib/python3.10/site-packages/airflow/example_dags/example_external_task_marker_dag.py for tasks to queue
[2024-08-26T18:16:30.402-0700] {logging_mixin.py:190} INFO - [2024-08-26T18:16:30.402-0700] {dagbag.py:587} INFO - Filling up the DagBag from /home/jerson/airflow_venv/lib/python3.10/site-packages/airflow/example_dags/example_external_task_marker_dag.py
[2024-08-26T18:16:30.407-0700] {processor.py:925} INFO - DAG(s) 'example_external_task_marker_parent', 'example_external_task_marker_child' retrieved from /home/jerson/airflow_venv/lib/python3.10/site-packages/airflow/example_dags/example_external_task_marker_dag.py
[2024-08-26T18:16:30.418-0700] {logging_mixin.py:190} INFO - [2024-08-26T18:16:30.418-0700] {dag.py:3211} INFO - Sync 2 DAGs
[2024-08-26T18:16:30.426-0700] {logging_mixin.py:190} INFO - [2024-08-26T18:16:30.426-0700] {dag.py:4138} INFO - Setting next_dagrun for example_external_task_marker_child to None, run_after=None
[2024-08-26T18:16:30.428-0700] {logging_mixin.py:190} INFO - [2024-08-26T18:16:30.428-0700] {dag.py:4138} INFO - Setting next_dagrun for example_external_task_marker_parent to None, run_after=None
[2024-08-26T18:16:30.442-0700] {processor.py:208} INFO - Processing /home/jerson/airflow_venv/lib/python3.10/site-packages/airflow/example_dags/example_external_task_marker_dag.py took 0.045 seconds
[2024-08-26T18:17:41.056-0700] {processor.py:186} INFO - Started process (PID=56457) to work on /home/jerson/airflow_venv/lib/python3.10/site-packages/airflow/example_dags/example_external_task_marker_dag.py
[2024-08-26T18:17:41.057-0700] {processor.py:914} INFO - Processing file /home/jerson/airflow_venv/lib/python3.10/site-packages/airflow/example_dags/example_external_task_marker_dag.py for tasks to queue
[2024-08-26T18:17:41.058-0700] {logging_mixin.py:190} INFO - [2024-08-26T18:17:41.058-0700] {dagbag.py:587} INFO - Filling up the DagBag from /home/jerson/airflow_venv/lib/python3.10/site-packages/airflow/example_dags/example_external_task_marker_dag.py
[2024-08-26T18:17:41.063-0700] {processor.py:925} INFO - DAG(s) 'example_external_task_marker_child', 'example_external_task_marker_parent' retrieved from /home/jerson/airflow_venv/lib/python3.10/site-packages/airflow/example_dags/example_external_task_marker_dag.py
[2024-08-26T18:17:41.074-0700] {logging_mixin.py:190} INFO - [2024-08-26T18:17:41.074-0700] {dag.py:3211} INFO - Sync 2 DAGs
[2024-08-26T18:17:41.082-0700] {logging_mixin.py:190} INFO - [2024-08-26T18:17:41.082-0700] {dag.py:4138} INFO - Setting next_dagrun for example_external_task_marker_child to None, run_after=None
[2024-08-26T18:17:41.084-0700] {logging_mixin.py:190} INFO - [2024-08-26T18:17:41.084-0700] {dag.py:4138} INFO - Setting next_dagrun for example_external_task_marker_parent to None, run_after=None
[2024-08-26T18:17:41.097-0700] {processor.py:208} INFO - Processing /home/jerson/airflow_venv/lib/python3.10/site-packages/airflow/example_dags/example_external_task_marker_dag.py took 0.044 seconds
[2024-08-26T18:18:57.883-0700] {processor.py:186} INFO - Started process (PID=57198) to work on /home/jerson/airflow_venv/lib/python3.10/site-packages/airflow/example_dags/example_external_task_marker_dag.py
[2024-08-26T18:18:57.884-0700] {processor.py:914} INFO - Processing file /home/jerson/airflow_venv/lib/python3.10/site-packages/airflow/example_dags/example_external_task_marker_dag.py for tasks to queue
[2024-08-26T18:18:57.885-0700] {logging_mixin.py:190} INFO - [2024-08-26T18:18:57.884-0700] {dagbag.py:587} INFO - Filling up the DagBag from /home/jerson/airflow_venv/lib/python3.10/site-packages/airflow/example_dags/example_external_task_marker_dag.py
[2024-08-26T18:18:57.889-0700] {processor.py:925} INFO - DAG(s) 'example_external_task_marker_parent', 'example_external_task_marker_child' retrieved from /home/jerson/airflow_venv/lib/python3.10/site-packages/airflow/example_dags/example_external_task_marker_dag.py
[2024-08-26T18:18:57.901-0700] {logging_mixin.py:190} INFO - [2024-08-26T18:18:57.901-0700] {dag.py:3211} INFO - Sync 2 DAGs
[2024-08-26T18:18:57.908-0700] {logging_mixin.py:190} INFO - [2024-08-26T18:18:57.908-0700] {dag.py:4138} INFO - Setting next_dagrun for example_external_task_marker_child to None, run_after=None
[2024-08-26T18:18:57.910-0700] {logging_mixin.py:190} INFO - [2024-08-26T18:18:57.910-0700] {dag.py:4138} INFO - Setting next_dagrun for example_external_task_marker_parent to None, run_after=None
[2024-08-26T18:18:57.926-0700] {processor.py:208} INFO - Processing /home/jerson/airflow_venv/lib/python3.10/site-packages/airflow/example_dags/example_external_task_marker_dag.py took 0.046 seconds
[2024-08-26T18:20:09.762-0700] {processor.py:186} INFO - Started process (PID=57899) to work on /home/jerson/airflow_venv/lib/python3.10/site-packages/airflow/example_dags/example_external_task_marker_dag.py
[2024-08-26T18:20:09.763-0700] {processor.py:914} INFO - Processing file /home/jerson/airflow_venv/lib/python3.10/site-packages/airflow/example_dags/example_external_task_marker_dag.py for tasks to queue
[2024-08-26T18:20:09.763-0700] {logging_mixin.py:190} INFO - [2024-08-26T18:20:09.763-0700] {dagbag.py:587} INFO - Filling up the DagBag from /home/jerson/airflow_venv/lib/python3.10/site-packages/airflow/example_dags/example_external_task_marker_dag.py
[2024-08-26T18:20:09.768-0700] {processor.py:925} INFO - DAG(s) 'example_external_task_marker_parent', 'example_external_task_marker_child' retrieved from /home/jerson/airflow_venv/lib/python3.10/site-packages/airflow/example_dags/example_external_task_marker_dag.py
[2024-08-26T18:20:09.780-0700] {logging_mixin.py:190} INFO - [2024-08-26T18:20:09.780-0700] {dag.py:3211} INFO - Sync 2 DAGs
[2024-08-26T18:20:09.787-0700] {logging_mixin.py:190} INFO - [2024-08-26T18:20:09.787-0700] {dag.py:4138} INFO - Setting next_dagrun for example_external_task_marker_child to None, run_after=None
[2024-08-26T18:20:09.789-0700] {logging_mixin.py:190} INFO - [2024-08-26T18:20:09.789-0700] {dag.py:4138} INFO - Setting next_dagrun for example_external_task_marker_parent to None, run_after=None
[2024-08-26T18:20:09.804-0700] {processor.py:208} INFO - Processing /home/jerson/airflow_venv/lib/python3.10/site-packages/airflow/example_dags/example_external_task_marker_dag.py took 0.046 seconds
[2024-08-26T18:21:29.908-0700] {processor.py:186} INFO - Started process (PID=58910) to work on /home/jerson/airflow_venv/lib/python3.10/site-packages/airflow/example_dags/example_external_task_marker_dag.py
[2024-08-26T18:21:29.909-0700] {processor.py:914} INFO - Processing file /home/jerson/airflow_venv/lib/python3.10/site-packages/airflow/example_dags/example_external_task_marker_dag.py for tasks to queue
[2024-08-26T18:21:29.910-0700] {logging_mixin.py:190} INFO - [2024-08-26T18:21:29.910-0700] {dagbag.py:587} INFO - Filling up the DagBag from /home/jerson/airflow_venv/lib/python3.10/site-packages/airflow/example_dags/example_external_task_marker_dag.py
[2024-08-26T18:21:29.915-0700] {processor.py:925} INFO - DAG(s) 'example_external_task_marker_child', 'example_external_task_marker_parent' retrieved from /home/jerson/airflow_venv/lib/python3.10/site-packages/airflow/example_dags/example_external_task_marker_dag.py
[2024-08-26T18:21:29.927-0700] {logging_mixin.py:190} INFO - [2024-08-26T18:21:29.927-0700] {dag.py:3211} INFO - Sync 2 DAGs
[2024-08-26T18:21:29.934-0700] {logging_mixin.py:190} INFO - [2024-08-26T18:21:29.934-0700] {dag.py:4138} INFO - Setting next_dagrun for example_external_task_marker_child to None, run_after=None
[2024-08-26T18:21:29.936-0700] {logging_mixin.py:190} INFO - [2024-08-26T18:21:29.936-0700] {dag.py:4138} INFO - Setting next_dagrun for example_external_task_marker_parent to None, run_after=None
[2024-08-26T18:21:29.950-0700] {processor.py:208} INFO - Processing /home/jerson/airflow_venv/lib/python3.10/site-packages/airflow/example_dags/example_external_task_marker_dag.py took 0.045 seconds
[2024-08-26T18:22:23.341-0700] {processor.py:186} INFO - Started process (PID=59478) to work on /home/jerson/airflow_venv/lib/python3.10/site-packages/airflow/example_dags/example_external_task_marker_dag.py
[2024-08-26T18:22:23.342-0700] {processor.py:914} INFO - Processing file /home/jerson/airflow_venv/lib/python3.10/site-packages/airflow/example_dags/example_external_task_marker_dag.py for tasks to queue
[2024-08-26T18:22:23.343-0700] {logging_mixin.py:190} INFO - [2024-08-26T18:22:23.342-0700] {dagbag.py:587} INFO - Filling up the DagBag from /home/jerson/airflow_venv/lib/python3.10/site-packages/airflow/example_dags/example_external_task_marker_dag.py
[2024-08-26T18:22:23.347-0700] {processor.py:925} INFO - DAG(s) 'example_external_task_marker_child', 'example_external_task_marker_parent' retrieved from /home/jerson/airflow_venv/lib/python3.10/site-packages/airflow/example_dags/example_external_task_marker_dag.py
[2024-08-26T18:22:23.358-0700] {logging_mixin.py:190} INFO - [2024-08-26T18:22:23.358-0700] {dag.py:3211} INFO - Sync 2 DAGs
[2024-08-26T18:22:23.365-0700] {logging_mixin.py:190} INFO - [2024-08-26T18:22:23.365-0700] {dag.py:4138} INFO - Setting next_dagrun for example_external_task_marker_child to None, run_after=None
[2024-08-26T18:22:23.367-0700] {logging_mixin.py:190} INFO - [2024-08-26T18:22:23.367-0700] {dag.py:4138} INFO - Setting next_dagrun for example_external_task_marker_parent to None, run_after=None
[2024-08-26T18:22:23.380-0700] {processor.py:208} INFO - Processing /home/jerson/airflow_venv/lib/python3.10/site-packages/airflow/example_dags/example_external_task_marker_dag.py took 0.042 seconds
[2024-08-26T18:23:36.732-0700] {processor.py:186} INFO - Started process (PID=60324) to work on /home/jerson/airflow_venv/lib/python3.10/site-packages/airflow/example_dags/example_external_task_marker_dag.py
[2024-08-26T18:23:36.733-0700] {processor.py:914} INFO - Processing file /home/jerson/airflow_venv/lib/python3.10/site-packages/airflow/example_dags/example_external_task_marker_dag.py for tasks to queue
[2024-08-26T18:23:36.733-0700] {logging_mixin.py:190} INFO - [2024-08-26T18:23:36.733-0700] {dagbag.py:587} INFO - Filling up the DagBag from /home/jerson/airflow_venv/lib/python3.10/site-packages/airflow/example_dags/example_external_task_marker_dag.py
[2024-08-26T18:23:36.738-0700] {processor.py:925} INFO - DAG(s) 'example_external_task_marker_parent', 'example_external_task_marker_child' retrieved from /home/jerson/airflow_venv/lib/python3.10/site-packages/airflow/example_dags/example_external_task_marker_dag.py
[2024-08-26T18:23:36.749-0700] {logging_mixin.py:190} INFO - [2024-08-26T18:23:36.749-0700] {dag.py:3211} INFO - Sync 2 DAGs
[2024-08-26T18:23:36.756-0700] {logging_mixin.py:190} INFO - [2024-08-26T18:23:36.756-0700] {dag.py:4138} INFO - Setting next_dagrun for example_external_task_marker_child to None, run_after=None
[2024-08-26T18:23:36.758-0700] {logging_mixin.py:190} INFO - [2024-08-26T18:23:36.758-0700] {dag.py:4138} INFO - Setting next_dagrun for example_external_task_marker_parent to None, run_after=None
[2024-08-26T18:23:36.773-0700] {processor.py:208} INFO - Processing /home/jerson/airflow_venv/lib/python3.10/site-packages/airflow/example_dags/example_external_task_marker_dag.py took 0.045 seconds
[2024-08-26T18:24:52.595-0700] {processor.py:186} INFO - Started process (PID=60930) to work on /home/jerson/airflow_venv/lib/python3.10/site-packages/airflow/example_dags/example_external_task_marker_dag.py
[2024-08-26T18:24:52.596-0700] {processor.py:914} INFO - Processing file /home/jerson/airflow_venv/lib/python3.10/site-packages/airflow/example_dags/example_external_task_marker_dag.py for tasks to queue
[2024-08-26T18:24:52.597-0700] {logging_mixin.py:190} INFO - [2024-08-26T18:24:52.597-0700] {dagbag.py:587} INFO - Filling up the DagBag from /home/jerson/airflow_venv/lib/python3.10/site-packages/airflow/example_dags/example_external_task_marker_dag.py
[2024-08-26T18:24:52.603-0700] {processor.py:925} INFO - DAG(s) 'example_external_task_marker_parent', 'example_external_task_marker_child' retrieved from /home/jerson/airflow_venv/lib/python3.10/site-packages/airflow/example_dags/example_external_task_marker_dag.py
[2024-08-26T18:24:52.617-0700] {logging_mixin.py:190} INFO - [2024-08-26T18:24:52.617-0700] {dag.py:3211} INFO - Sync 2 DAGs
[2024-08-26T18:24:52.624-0700] {logging_mixin.py:190} INFO - [2024-08-26T18:24:52.624-0700] {dag.py:4138} INFO - Setting next_dagrun for example_external_task_marker_child to None, run_after=None
[2024-08-26T18:24:52.626-0700] {logging_mixin.py:190} INFO - [2024-08-26T18:24:52.626-0700] {dag.py:4138} INFO - Setting next_dagrun for example_external_task_marker_parent to None, run_after=None
[2024-08-26T18:24:52.640-0700] {processor.py:208} INFO - Processing /home/jerson/airflow_venv/lib/python3.10/site-packages/airflow/example_dags/example_external_task_marker_dag.py took 0.050 seconds
[2024-08-26T18:26:15.386-0700] {processor.py:186} INFO - Started process (PID=61995) to work on /home/jerson/airflow_venv/lib/python3.10/site-packages/airflow/example_dags/example_external_task_marker_dag.py
[2024-08-26T18:26:15.387-0700] {processor.py:914} INFO - Processing file /home/jerson/airflow_venv/lib/python3.10/site-packages/airflow/example_dags/example_external_task_marker_dag.py for tasks to queue
[2024-08-26T18:26:15.388-0700] {logging_mixin.py:190} INFO - [2024-08-26T18:26:15.388-0700] {dagbag.py:587} INFO - Filling up the DagBag from /home/jerson/airflow_venv/lib/python3.10/site-packages/airflow/example_dags/example_external_task_marker_dag.py
[2024-08-26T18:26:15.393-0700] {processor.py:925} INFO - DAG(s) 'example_external_task_marker_parent', 'example_external_task_marker_child' retrieved from /home/jerson/airflow_venv/lib/python3.10/site-packages/airflow/example_dags/example_external_task_marker_dag.py
[2024-08-26T18:26:15.404-0700] {logging_mixin.py:190} INFO - [2024-08-26T18:26:15.404-0700] {dag.py:3211} INFO - Sync 2 DAGs
[2024-08-26T18:26:15.412-0700] {logging_mixin.py:190} INFO - [2024-08-26T18:26:15.412-0700] {dag.py:4138} INFO - Setting next_dagrun for example_external_task_marker_child to None, run_after=None
[2024-08-26T18:26:15.414-0700] {logging_mixin.py:190} INFO - [2024-08-26T18:26:15.414-0700] {dag.py:4138} INFO - Setting next_dagrun for example_external_task_marker_parent to None, run_after=None
[2024-08-26T18:26:15.432-0700] {processor.py:208} INFO - Processing /home/jerson/airflow_venv/lib/python3.10/site-packages/airflow/example_dags/example_external_task_marker_dag.py took 0.049 seconds
[2024-08-26T18:27:30.597-0700] {processor.py:186} INFO - Started process (PID=62658) to work on /home/jerson/airflow_venv/lib/python3.10/site-packages/airflow/example_dags/example_external_task_marker_dag.py
[2024-08-26T18:27:30.598-0700] {processor.py:914} INFO - Processing file /home/jerson/airflow_venv/lib/python3.10/site-packages/airflow/example_dags/example_external_task_marker_dag.py for tasks to queue
[2024-08-26T18:27:30.599-0700] {logging_mixin.py:190} INFO - [2024-08-26T18:27:30.599-0700] {dagbag.py:587} INFO - Filling up the DagBag from /home/jerson/airflow_venv/lib/python3.10/site-packages/airflow/example_dags/example_external_task_marker_dag.py
[2024-08-26T18:27:30.605-0700] {processor.py:925} INFO - DAG(s) 'example_external_task_marker_child', 'example_external_task_marker_parent' retrieved from /home/jerson/airflow_venv/lib/python3.10/site-packages/airflow/example_dags/example_external_task_marker_dag.py
[2024-08-26T18:27:30.619-0700] {logging_mixin.py:190} INFO - [2024-08-26T18:27:30.619-0700] {dag.py:3211} INFO - Sync 2 DAGs
[2024-08-26T18:27:30.629-0700] {logging_mixin.py:190} INFO - [2024-08-26T18:27:30.629-0700] {dag.py:4138} INFO - Setting next_dagrun for example_external_task_marker_child to None, run_after=None
[2024-08-26T18:27:30.632-0700] {logging_mixin.py:190} INFO - [2024-08-26T18:27:30.632-0700] {dag.py:4138} INFO - Setting next_dagrun for example_external_task_marker_parent to None, run_after=None
[2024-08-26T18:27:30.649-0700] {processor.py:208} INFO - Processing /home/jerson/airflow_venv/lib/python3.10/site-packages/airflow/example_dags/example_external_task_marker_dag.py took 0.055 seconds
[2024-08-26T18:28:47.509-0700] {processor.py:186} INFO - Started process (PID=63269) to work on /home/jerson/airflow_venv/lib/python3.10/site-packages/airflow/example_dags/example_external_task_marker_dag.py
[2024-08-26T18:28:47.631-0700] {processor.py:914} INFO - Processing file /home/jerson/airflow_venv/lib/python3.10/site-packages/airflow/example_dags/example_external_task_marker_dag.py for tasks to queue
[2024-08-26T18:28:47.632-0700] {logging_mixin.py:190} INFO - [2024-08-26T18:28:47.631-0700] {dagbag.py:587} INFO - Filling up the DagBag from /home/jerson/airflow_venv/lib/python3.10/site-packages/airflow/example_dags/example_external_task_marker_dag.py
[2024-08-26T18:28:47.636-0700] {processor.py:925} INFO - DAG(s) 'example_external_task_marker_parent', 'example_external_task_marker_child' retrieved from /home/jerson/airflow_venv/lib/python3.10/site-packages/airflow/example_dags/example_external_task_marker_dag.py
[2024-08-26T18:28:47.647-0700] {logging_mixin.py:190} INFO - [2024-08-26T18:28:47.647-0700] {dag.py:3211} INFO - Sync 2 DAGs
[2024-08-26T18:28:47.654-0700] {logging_mixin.py:190} INFO - [2024-08-26T18:28:47.654-0700] {dag.py:4138} INFO - Setting next_dagrun for example_external_task_marker_child to None, run_after=None
[2024-08-26T18:28:47.656-0700] {logging_mixin.py:190} INFO - [2024-08-26T18:28:47.656-0700] {dag.py:4138} INFO - Setting next_dagrun for example_external_task_marker_parent to None, run_after=None
[2024-08-26T18:28:47.675-0700] {processor.py:208} INFO - Processing /home/jerson/airflow_venv/lib/python3.10/site-packages/airflow/example_dags/example_external_task_marker_dag.py took 0.169 seconds
[2024-08-26T18:30:01.262-0700] {processor.py:186} INFO - Started process (PID=63862) to work on /home/jerson/airflow_venv/lib/python3.10/site-packages/airflow/example_dags/example_external_task_marker_dag.py
[2024-08-26T18:30:01.263-0700] {processor.py:914} INFO - Processing file /home/jerson/airflow_venv/lib/python3.10/site-packages/airflow/example_dags/example_external_task_marker_dag.py for tasks to queue
[2024-08-26T18:30:01.264-0700] {logging_mixin.py:190} INFO - [2024-08-26T18:30:01.263-0700] {dagbag.py:587} INFO - Filling up the DagBag from /home/jerson/airflow_venv/lib/python3.10/site-packages/airflow/example_dags/example_external_task_marker_dag.py
[2024-08-26T18:30:01.268-0700] {processor.py:925} INFO - DAG(s) 'example_external_task_marker_child', 'example_external_task_marker_parent' retrieved from /home/jerson/airflow_venv/lib/python3.10/site-packages/airflow/example_dags/example_external_task_marker_dag.py
[2024-08-26T18:30:01.279-0700] {logging_mixin.py:190} INFO - [2024-08-26T18:30:01.279-0700] {dag.py:3211} INFO - Sync 2 DAGs
[2024-08-26T18:30:01.285-0700] {logging_mixin.py:190} INFO - [2024-08-26T18:30:01.285-0700] {dag.py:4138} INFO - Setting next_dagrun for example_external_task_marker_child to None, run_after=None
[2024-08-26T18:30:01.287-0700] {logging_mixin.py:190} INFO - [2024-08-26T18:30:01.287-0700] {dag.py:4138} INFO - Setting next_dagrun for example_external_task_marker_parent to None, run_after=None
[2024-08-26T18:30:01.300-0700] {processor.py:208} INFO - Processing /home/jerson/airflow_venv/lib/python3.10/site-packages/airflow/example_dags/example_external_task_marker_dag.py took 0.042 seconds
[2024-08-26T18:31:14.298-0700] {processor.py:186} INFO - Started process (PID=64596) to work on /home/jerson/airflow_venv/lib/python3.10/site-packages/airflow/example_dags/example_external_task_marker_dag.py
[2024-08-26T18:31:14.299-0700] {processor.py:914} INFO - Processing file /home/jerson/airflow_venv/lib/python3.10/site-packages/airflow/example_dags/example_external_task_marker_dag.py for tasks to queue
[2024-08-26T18:31:14.300-0700] {logging_mixin.py:190} INFO - [2024-08-26T18:31:14.299-0700] {dagbag.py:587} INFO - Filling up the DagBag from /home/jerson/airflow_venv/lib/python3.10/site-packages/airflow/example_dags/example_external_task_marker_dag.py
[2024-08-26T18:31:14.304-0700] {processor.py:925} INFO - DAG(s) 'example_external_task_marker_child', 'example_external_task_marker_parent' retrieved from /home/jerson/airflow_venv/lib/python3.10/site-packages/airflow/example_dags/example_external_task_marker_dag.py
[2024-08-26T18:31:14.315-0700] {logging_mixin.py:190} INFO - [2024-08-26T18:31:14.315-0700] {dag.py:3211} INFO - Sync 2 DAGs
[2024-08-26T18:31:14.322-0700] {logging_mixin.py:190} INFO - [2024-08-26T18:31:14.322-0700] {dag.py:4138} INFO - Setting next_dagrun for example_external_task_marker_child to None, run_after=None
[2024-08-26T18:31:14.324-0700] {logging_mixin.py:190} INFO - [2024-08-26T18:31:14.324-0700] {dag.py:4138} INFO - Setting next_dagrun for example_external_task_marker_parent to None, run_after=None
[2024-08-26T18:31:14.338-0700] {processor.py:208} INFO - Processing /home/jerson/airflow_venv/lib/python3.10/site-packages/airflow/example_dags/example_external_task_marker_dag.py took 0.043 seconds
