[2024-08-26T17:36:52.085-0700] {processor.py:186} INFO - Started process (PID=32567) to work on /home/jerson/airflow_venv/lib/python3.10/site-packages/airflow/example_dags/example_dag_decorator.py
[2024-08-26T17:36:52.086-0700] {processor.py:914} INFO - Processing file /home/jerson/airflow_venv/lib/python3.10/site-packages/airflow/example_dags/example_dag_decorator.py for tasks to queue
[2024-08-26T17:36:52.087-0700] {logging_mixin.py:190} INFO - [2024-08-26T17:36:52.087-0700] {dagbag.py:587} INFO - Filling up the DagBag from /home/jerson/airflow_venv/lib/python3.10/site-packages/airflow/example_dags/example_dag_decorator.py
[2024-08-26T17:36:52.094-0700] {processor.py:925} INFO - DAG(s) 'example_dag_decorator' retrieved from /home/jerson/airflow_venv/lib/python3.10/site-packages/airflow/example_dags/example_dag_decorator.py
[2024-08-26T17:36:52.162-0700] {logging_mixin.py:190} INFO - [2024-08-26T17:36:52.162-0700] {dag.py:3211} INFO - Sync 1 DAGs
[2024-08-26T17:36:52.169-0700] {logging_mixin.py:190} INFO - [2024-08-26T17:36:52.169-0700] {dag.py:4138} INFO - Setting next_dagrun for example_dag_decorator to None, run_after=None
[2024-08-26T17:36:52.194-0700] {processor.py:208} INFO - Processing /home/jerson/airflow_venv/lib/python3.10/site-packages/airflow/example_dags/example_dag_decorator.py took 0.113 seconds
[2024-08-26T17:37:53.920-0700] {processor.py:186} INFO - Started process (PID=33055) to work on /home/jerson/airflow_venv/lib/python3.10/site-packages/airflow/example_dags/example_dag_decorator.py
[2024-08-26T17:37:53.921-0700] {processor.py:914} INFO - Processing file /home/jerson/airflow_venv/lib/python3.10/site-packages/airflow/example_dags/example_dag_decorator.py for tasks to queue
[2024-08-26T17:37:53.922-0700] {logging_mixin.py:190} INFO - [2024-08-26T17:37:53.922-0700] {dagbag.py:587} INFO - Filling up the DagBag from /home/jerson/airflow_venv/lib/python3.10/site-packages/airflow/example_dags/example_dag_decorator.py
[2024-08-26T17:37:53.929-0700] {processor.py:925} INFO - DAG(s) 'example_dag_decorator' retrieved from /home/jerson/airflow_venv/lib/python3.10/site-packages/airflow/example_dags/example_dag_decorator.py
[2024-08-26T17:37:53.985-0700] {logging_mixin.py:190} INFO - [2024-08-26T17:37:53.985-0700] {dag.py:3211} INFO - Sync 1 DAGs
[2024-08-26T17:37:53.992-0700] {logging_mixin.py:190} INFO - [2024-08-26T17:37:53.991-0700] {dag.py:4138} INFO - Setting next_dagrun for example_dag_decorator to None, run_after=None
[2024-08-26T17:37:54.043-0700] {processor.py:208} INFO - Processing /home/jerson/airflow_venv/lib/python3.10/site-packages/airflow/example_dags/example_dag_decorator.py took 0.126 seconds
[2024-08-26T17:38:44.143-0700] {processor.py:186} INFO - Started process (PID=33458) to work on /home/jerson/airflow_venv/lib/python3.10/site-packages/airflow/example_dags/example_dag_decorator.py
[2024-08-26T17:38:44.144-0700] {processor.py:914} INFO - Processing file /home/jerson/airflow_venv/lib/python3.10/site-packages/airflow/example_dags/example_dag_decorator.py for tasks to queue
[2024-08-26T17:38:44.145-0700] {logging_mixin.py:190} INFO - [2024-08-26T17:38:44.145-0700] {dagbag.py:587} INFO - Filling up the DagBag from /home/jerson/airflow_venv/lib/python3.10/site-packages/airflow/example_dags/example_dag_decorator.py
[2024-08-26T17:38:44.152-0700] {processor.py:925} INFO - DAG(s) 'example_dag_decorator' retrieved from /home/jerson/airflow_venv/lib/python3.10/site-packages/airflow/example_dags/example_dag_decorator.py
[2024-08-26T17:38:44.207-0700] {logging_mixin.py:190} INFO - [2024-08-26T17:38:44.207-0700] {dag.py:3211} INFO - Sync 1 DAGs
[2024-08-26T17:38:44.213-0700] {logging_mixin.py:190} INFO - [2024-08-26T17:38:44.213-0700] {dag.py:4138} INFO - Setting next_dagrun for example_dag_decorator to None, run_after=None
[2024-08-26T17:38:44.227-0700] {processor.py:208} INFO - Processing /home/jerson/airflow_venv/lib/python3.10/site-packages/airflow/example_dags/example_dag_decorator.py took 0.088 seconds
[2024-08-26T17:39:55.258-0700] {processor.py:186} INFO - Started process (PID=34051) to work on /home/jerson/airflow_venv/lib/python3.10/site-packages/airflow/example_dags/example_dag_decorator.py
[2024-08-26T17:39:55.259-0700] {processor.py:914} INFO - Processing file /home/jerson/airflow_venv/lib/python3.10/site-packages/airflow/example_dags/example_dag_decorator.py for tasks to queue
[2024-08-26T17:39:55.260-0700] {logging_mixin.py:190} INFO - [2024-08-26T17:39:55.260-0700] {dagbag.py:587} INFO - Filling up the DagBag from /home/jerson/airflow_venv/lib/python3.10/site-packages/airflow/example_dags/example_dag_decorator.py
[2024-08-26T17:39:55.267-0700] {processor.py:925} INFO - DAG(s) 'example_dag_decorator' retrieved from /home/jerson/airflow_venv/lib/python3.10/site-packages/airflow/example_dags/example_dag_decorator.py
[2024-08-26T17:39:55.321-0700] {logging_mixin.py:190} INFO - [2024-08-26T17:39:55.321-0700] {dag.py:3211} INFO - Sync 1 DAGs
[2024-08-26T17:39:55.328-0700] {logging_mixin.py:190} INFO - [2024-08-26T17:39:55.328-0700] {dag.py:4138} INFO - Setting next_dagrun for example_dag_decorator to None, run_after=None
[2024-08-26T17:39:55.343-0700] {processor.py:208} INFO - Processing /home/jerson/airflow_venv/lib/python3.10/site-packages/airflow/example_dags/example_dag_decorator.py took 0.087 seconds
[2024-08-26T17:40:44.182-0700] {processor.py:186} INFO - Started process (PID=34442) to work on /home/jerson/airflow_venv/lib/python3.10/site-packages/airflow/example_dags/example_dag_decorator.py
[2024-08-26T17:40:44.183-0700] {processor.py:914} INFO - Processing file /home/jerson/airflow_venv/lib/python3.10/site-packages/airflow/example_dags/example_dag_decorator.py for tasks to queue
[2024-08-26T17:40:44.184-0700] {logging_mixin.py:190} INFO - [2024-08-26T17:40:44.184-0700] {dagbag.py:587} INFO - Filling up the DagBag from /home/jerson/airflow_venv/lib/python3.10/site-packages/airflow/example_dags/example_dag_decorator.py
[2024-08-26T17:40:44.190-0700] {processor.py:925} INFO - DAG(s) 'example_dag_decorator' retrieved from /home/jerson/airflow_venv/lib/python3.10/site-packages/airflow/example_dags/example_dag_decorator.py
[2024-08-26T17:40:44.244-0700] {logging_mixin.py:190} INFO - [2024-08-26T17:40:44.243-0700] {dag.py:3211} INFO - Sync 1 DAGs
[2024-08-26T17:40:44.250-0700] {logging_mixin.py:190} INFO - [2024-08-26T17:40:44.250-0700] {dag.py:4138} INFO - Setting next_dagrun for example_dag_decorator to None, run_after=None
[2024-08-26T17:40:44.266-0700] {processor.py:208} INFO - Processing /home/jerson/airflow_venv/lib/python3.10/site-packages/airflow/example_dags/example_dag_decorator.py took 0.087 seconds
[2024-08-26T17:41:33.238-0700] {processor.py:186} INFO - Started process (PID=34837) to work on /home/jerson/airflow_venv/lib/python3.10/site-packages/airflow/example_dags/example_dag_decorator.py
[2024-08-26T17:41:33.238-0700] {processor.py:914} INFO - Processing file /home/jerson/airflow_venv/lib/python3.10/site-packages/airflow/example_dags/example_dag_decorator.py for tasks to queue
[2024-08-26T17:41:33.240-0700] {logging_mixin.py:190} INFO - [2024-08-26T17:41:33.239-0700] {dagbag.py:587} INFO - Filling up the DagBag from /home/jerson/airflow_venv/lib/python3.10/site-packages/airflow/example_dags/example_dag_decorator.py
[2024-08-26T17:41:33.246-0700] {processor.py:925} INFO - DAG(s) 'example_dag_decorator' retrieved from /home/jerson/airflow_venv/lib/python3.10/site-packages/airflow/example_dags/example_dag_decorator.py
[2024-08-26T17:41:33.301-0700] {logging_mixin.py:190} INFO - [2024-08-26T17:41:33.300-0700] {dag.py:3211} INFO - Sync 1 DAGs
[2024-08-26T17:41:33.307-0700] {logging_mixin.py:190} INFO - [2024-08-26T17:41:33.306-0700] {dag.py:4138} INFO - Setting next_dagrun for example_dag_decorator to None, run_after=None
[2024-08-26T17:41:33.321-0700] {processor.py:208} INFO - Processing /home/jerson/airflow_venv/lib/python3.10/site-packages/airflow/example_dags/example_dag_decorator.py took 0.088 seconds
[2024-08-26T17:42:21.599-0700] {processor.py:186} INFO - Started process (PID=35219) to work on /home/jerson/airflow_venv/lib/python3.10/site-packages/airflow/example_dags/example_dag_decorator.py
[2024-08-26T17:42:21.600-0700] {processor.py:914} INFO - Processing file /home/jerson/airflow_venv/lib/python3.10/site-packages/airflow/example_dags/example_dag_decorator.py for tasks to queue
[2024-08-26T17:42:21.602-0700] {logging_mixin.py:190} INFO - [2024-08-26T17:42:21.601-0700] {dagbag.py:587} INFO - Filling up the DagBag from /home/jerson/airflow_venv/lib/python3.10/site-packages/airflow/example_dags/example_dag_decorator.py
[2024-08-26T17:42:21.608-0700] {processor.py:925} INFO - DAG(s) 'example_dag_decorator' retrieved from /home/jerson/airflow_venv/lib/python3.10/site-packages/airflow/example_dags/example_dag_decorator.py
[2024-08-26T17:42:21.663-0700] {logging_mixin.py:190} INFO - [2024-08-26T17:42:21.662-0700] {dag.py:3211} INFO - Sync 1 DAGs
[2024-08-26T17:42:21.668-0700] {logging_mixin.py:190} INFO - [2024-08-26T17:42:21.668-0700] {dag.py:4138} INFO - Setting next_dagrun for example_dag_decorator to None, run_after=None
[2024-08-26T17:42:21.683-0700] {processor.py:208} INFO - Processing /home/jerson/airflow_venv/lib/python3.10/site-packages/airflow/example_dags/example_dag_decorator.py took 0.087 seconds
[2024-08-26T17:43:12.300-0700] {processor.py:186} INFO - Started process (PID=35618) to work on /home/jerson/airflow_venv/lib/python3.10/site-packages/airflow/example_dags/example_dag_decorator.py
[2024-08-26T17:43:12.301-0700] {processor.py:914} INFO - Processing file /home/jerson/airflow_venv/lib/python3.10/site-packages/airflow/example_dags/example_dag_decorator.py for tasks to queue
[2024-08-26T17:43:12.302-0700] {logging_mixin.py:190} INFO - [2024-08-26T17:43:12.302-0700] {dagbag.py:587} INFO - Filling up the DagBag from /home/jerson/airflow_venv/lib/python3.10/site-packages/airflow/example_dags/example_dag_decorator.py
[2024-08-26T17:43:12.308-0700] {processor.py:925} INFO - DAG(s) 'example_dag_decorator' retrieved from /home/jerson/airflow_venv/lib/python3.10/site-packages/airflow/example_dags/example_dag_decorator.py
[2024-08-26T17:43:12.362-0700] {logging_mixin.py:190} INFO - [2024-08-26T17:43:12.362-0700] {dag.py:3211} INFO - Sync 1 DAGs
[2024-08-26T17:43:12.368-0700] {logging_mixin.py:190} INFO - [2024-08-26T17:43:12.368-0700] {dag.py:4138} INFO - Setting next_dagrun for example_dag_decorator to None, run_after=None
[2024-08-26T17:43:12.384-0700] {processor.py:208} INFO - Processing /home/jerson/airflow_venv/lib/python3.10/site-packages/airflow/example_dags/example_dag_decorator.py took 0.087 seconds
[2024-08-26T17:44:01.801-0700] {processor.py:186} INFO - Started process (PID=36017) to work on /home/jerson/airflow_venv/lib/python3.10/site-packages/airflow/example_dags/example_dag_decorator.py
[2024-08-26T17:44:01.802-0700] {processor.py:914} INFO - Processing file /home/jerson/airflow_venv/lib/python3.10/site-packages/airflow/example_dags/example_dag_decorator.py for tasks to queue
[2024-08-26T17:44:01.803-0700] {logging_mixin.py:190} INFO - [2024-08-26T17:44:01.803-0700] {dagbag.py:587} INFO - Filling up the DagBag from /home/jerson/airflow_venv/lib/python3.10/site-packages/airflow/example_dags/example_dag_decorator.py
[2024-08-26T17:44:01.809-0700] {processor.py:925} INFO - DAG(s) 'example_dag_decorator' retrieved from /home/jerson/airflow_venv/lib/python3.10/site-packages/airflow/example_dags/example_dag_decorator.py
[2024-08-26T17:44:01.866-0700] {logging_mixin.py:190} INFO - [2024-08-26T17:44:01.866-0700] {dag.py:3211} INFO - Sync 1 DAGs
[2024-08-26T17:44:01.873-0700] {logging_mixin.py:190} INFO - [2024-08-26T17:44:01.873-0700] {dag.py:4138} INFO - Setting next_dagrun for example_dag_decorator to None, run_after=None
[2024-08-26T17:44:01.888-0700] {processor.py:208} INFO - Processing /home/jerson/airflow_venv/lib/python3.10/site-packages/airflow/example_dags/example_dag_decorator.py took 0.091 seconds
[2024-08-26T17:44:49.460-0700] {processor.py:186} INFO - Started process (PID=36424) to work on /home/jerson/airflow_venv/lib/python3.10/site-packages/airflow/example_dags/example_dag_decorator.py
[2024-08-26T17:44:49.461-0700] {processor.py:914} INFO - Processing file /home/jerson/airflow_venv/lib/python3.10/site-packages/airflow/example_dags/example_dag_decorator.py for tasks to queue
[2024-08-26T17:44:49.462-0700] {logging_mixin.py:190} INFO - [2024-08-26T17:44:49.462-0700] {dagbag.py:587} INFO - Filling up the DagBag from /home/jerson/airflow_venv/lib/python3.10/site-packages/airflow/example_dags/example_dag_decorator.py
[2024-08-26T17:44:49.471-0700] {processor.py:925} INFO - DAG(s) 'example_dag_decorator' retrieved from /home/jerson/airflow_venv/lib/python3.10/site-packages/airflow/example_dags/example_dag_decorator.py
[2024-08-26T17:44:49.536-0700] {logging_mixin.py:190} INFO - [2024-08-26T17:44:49.536-0700] {dag.py:3211} INFO - Sync 1 DAGs
[2024-08-26T17:44:49.544-0700] {logging_mixin.py:190} INFO - [2024-08-26T17:44:49.544-0700] {dag.py:4138} INFO - Setting next_dagrun for example_dag_decorator to None, run_after=None
[2024-08-26T17:44:49.567-0700] {processor.py:208} INFO - Processing /home/jerson/airflow_venv/lib/python3.10/site-packages/airflow/example_dags/example_dag_decorator.py took 0.113 seconds
[2024-08-26T17:45:40.207-0700] {processor.py:186} INFO - Started process (PID=36830) to work on /home/jerson/airflow_venv/lib/python3.10/site-packages/airflow/example_dags/example_dag_decorator.py
[2024-08-26T17:45:40.208-0700] {processor.py:914} INFO - Processing file /home/jerson/airflow_venv/lib/python3.10/site-packages/airflow/example_dags/example_dag_decorator.py for tasks to queue
[2024-08-26T17:45:40.209-0700] {logging_mixin.py:190} INFO - [2024-08-26T17:45:40.209-0700] {dagbag.py:587} INFO - Filling up the DagBag from /home/jerson/airflow_venv/lib/python3.10/site-packages/airflow/example_dags/example_dag_decorator.py
[2024-08-26T17:45:40.216-0700] {processor.py:925} INFO - DAG(s) 'example_dag_decorator' retrieved from /home/jerson/airflow_venv/lib/python3.10/site-packages/airflow/example_dags/example_dag_decorator.py
[2024-08-26T17:45:40.228-0700] {logging_mixin.py:190} INFO - [2024-08-26T17:45:40.227-0700] {dag.py:3211} INFO - Sync 1 DAGs
[2024-08-26T17:45:40.235-0700] {logging_mixin.py:190} INFO - [2024-08-26T17:45:40.235-0700] {dag.py:4138} INFO - Setting next_dagrun for example_dag_decorator to None, run_after=None
[2024-08-26T17:45:40.252-0700] {processor.py:208} INFO - Processing /home/jerson/airflow_venv/lib/python3.10/site-packages/airflow/example_dags/example_dag_decorator.py took 0.048 seconds
[2024-08-26T17:46:29.223-0700] {processor.py:186} INFO - Started process (PID=37494) to work on /home/jerson/airflow_venv/lib/python3.10/site-packages/airflow/example_dags/example_dag_decorator.py
[2024-08-26T17:46:29.224-0700] {processor.py:914} INFO - Processing file /home/jerson/airflow_venv/lib/python3.10/site-packages/airflow/example_dags/example_dag_decorator.py for tasks to queue
[2024-08-26T17:46:29.225-0700] {logging_mixin.py:190} INFO - [2024-08-26T17:46:29.224-0700] {dagbag.py:587} INFO - Filling up the DagBag from /home/jerson/airflow_venv/lib/python3.10/site-packages/airflow/example_dags/example_dag_decorator.py
[2024-08-26T17:46:29.232-0700] {processor.py:925} INFO - DAG(s) 'example_dag_decorator' retrieved from /home/jerson/airflow_venv/lib/python3.10/site-packages/airflow/example_dags/example_dag_decorator.py
[2024-08-26T17:46:29.287-0700] {logging_mixin.py:190} INFO - [2024-08-26T17:46:29.287-0700] {dag.py:3211} INFO - Sync 1 DAGs
[2024-08-26T17:46:29.294-0700] {logging_mixin.py:190} INFO - [2024-08-26T17:46:29.293-0700] {dag.py:4138} INFO - Setting next_dagrun for example_dag_decorator to None, run_after=None
[2024-08-26T17:46:29.309-0700] {processor.py:208} INFO - Processing /home/jerson/airflow_venv/lib/python3.10/site-packages/airflow/example_dags/example_dag_decorator.py took 0.089 seconds
[2024-08-26T17:47:17.203-0700] {processor.py:186} INFO - Started process (PID=37948) to work on /home/jerson/airflow_venv/lib/python3.10/site-packages/airflow/example_dags/example_dag_decorator.py
[2024-08-26T17:47:17.204-0700] {processor.py:914} INFO - Processing file /home/jerson/airflow_venv/lib/python3.10/site-packages/airflow/example_dags/example_dag_decorator.py for tasks to queue
[2024-08-26T17:47:17.205-0700] {logging_mixin.py:190} INFO - [2024-08-26T17:47:17.205-0700] {dagbag.py:587} INFO - Filling up the DagBag from /home/jerson/airflow_venv/lib/python3.10/site-packages/airflow/example_dags/example_dag_decorator.py
[2024-08-26T17:47:17.213-0700] {processor.py:925} INFO - DAG(s) 'example_dag_decorator' retrieved from /home/jerson/airflow_venv/lib/python3.10/site-packages/airflow/example_dags/example_dag_decorator.py
[2024-08-26T17:47:17.273-0700] {logging_mixin.py:190} INFO - [2024-08-26T17:47:17.273-0700] {dag.py:3211} INFO - Sync 1 DAGs
[2024-08-26T17:47:17.281-0700] {logging_mixin.py:190} INFO - [2024-08-26T17:47:17.281-0700] {dag.py:4138} INFO - Setting next_dagrun for example_dag_decorator to None, run_after=None
[2024-08-26T17:47:17.298-0700] {processor.py:208} INFO - Processing /home/jerson/airflow_venv/lib/python3.10/site-packages/airflow/example_dags/example_dag_decorator.py took 0.099 seconds
[2024-08-26T17:48:09.105-0700] {processor.py:186} INFO - Started process (PID=38454) to work on /home/jerson/airflow_venv/lib/python3.10/site-packages/airflow/example_dags/example_dag_decorator.py
[2024-08-26T17:48:09.106-0700] {processor.py:914} INFO - Processing file /home/jerson/airflow_venv/lib/python3.10/site-packages/airflow/example_dags/example_dag_decorator.py for tasks to queue
[2024-08-26T17:48:09.108-0700] {logging_mixin.py:190} INFO - [2024-08-26T17:48:09.107-0700] {dagbag.py:587} INFO - Filling up the DagBag from /home/jerson/airflow_venv/lib/python3.10/site-packages/airflow/example_dags/example_dag_decorator.py
[2024-08-26T17:48:09.117-0700] {processor.py:925} INFO - DAG(s) 'example_dag_decorator' retrieved from /home/jerson/airflow_venv/lib/python3.10/site-packages/airflow/example_dags/example_dag_decorator.py
[2024-08-26T17:48:09.180-0700] {logging_mixin.py:190} INFO - [2024-08-26T17:48:09.180-0700] {dag.py:3211} INFO - Sync 1 DAGs
[2024-08-26T17:48:09.187-0700] {logging_mixin.py:190} INFO - [2024-08-26T17:48:09.187-0700] {dag.py:4138} INFO - Setting next_dagrun for example_dag_decorator to None, run_after=None
[2024-08-26T17:48:09.203-0700] {processor.py:208} INFO - Processing /home/jerson/airflow_venv/lib/python3.10/site-packages/airflow/example_dags/example_dag_decorator.py took 0.103 seconds
[2024-08-26T17:49:01.991-0700] {processor.py:186} INFO - Started process (PID=38969) to work on /home/jerson/airflow_venv/lib/python3.10/site-packages/airflow/example_dags/example_dag_decorator.py
[2024-08-26T17:49:01.992-0700] {processor.py:914} INFO - Processing file /home/jerson/airflow_venv/lib/python3.10/site-packages/airflow/example_dags/example_dag_decorator.py for tasks to queue
[2024-08-26T17:49:01.993-0700] {logging_mixin.py:190} INFO - [2024-08-26T17:49:01.992-0700] {dagbag.py:587} INFO - Filling up the DagBag from /home/jerson/airflow_venv/lib/python3.10/site-packages/airflow/example_dags/example_dag_decorator.py
[2024-08-26T17:49:02.000-0700] {processor.py:925} INFO - DAG(s) 'example_dag_decorator' retrieved from /home/jerson/airflow_venv/lib/python3.10/site-packages/airflow/example_dags/example_dag_decorator.py
[2024-08-26T17:49:02.063-0700] {logging_mixin.py:190} INFO - [2024-08-26T17:49:02.063-0700] {dag.py:3211} INFO - Sync 1 DAGs
[2024-08-26T17:49:02.071-0700] {logging_mixin.py:190} INFO - [2024-08-26T17:49:02.071-0700] {dag.py:4138} INFO - Setting next_dagrun for example_dag_decorator to None, run_after=None
[2024-08-26T17:49:02.088-0700] {processor.py:208} INFO - Processing /home/jerson/airflow_venv/lib/python3.10/site-packages/airflow/example_dags/example_dag_decorator.py took 0.100 seconds
[2024-08-26T17:49:54.554-0700] {processor.py:186} INFO - Started process (PID=39417) to work on /home/jerson/airflow_venv/lib/python3.10/site-packages/airflow/example_dags/example_dag_decorator.py
[2024-08-26T17:49:54.555-0700] {processor.py:914} INFO - Processing file /home/jerson/airflow_venv/lib/python3.10/site-packages/airflow/example_dags/example_dag_decorator.py for tasks to queue
[2024-08-26T17:49:54.557-0700] {logging_mixin.py:190} INFO - [2024-08-26T17:49:54.556-0700] {dagbag.py:587} INFO - Filling up the DagBag from /home/jerson/airflow_venv/lib/python3.10/site-packages/airflow/example_dags/example_dag_decorator.py
[2024-08-26T17:49:54.564-0700] {processor.py:925} INFO - DAG(s) 'example_dag_decorator' retrieved from /home/jerson/airflow_venv/lib/python3.10/site-packages/airflow/example_dags/example_dag_decorator.py
[2024-08-26T17:49:54.628-0700] {logging_mixin.py:190} INFO - [2024-08-26T17:49:54.628-0700] {dag.py:3211} INFO - Sync 1 DAGs
[2024-08-26T17:49:54.635-0700] {logging_mixin.py:190} INFO - [2024-08-26T17:49:54.635-0700] {dag.py:4138} INFO - Setting next_dagrun for example_dag_decorator to None, run_after=None
[2024-08-26T17:49:54.652-0700] {processor.py:208} INFO - Processing /home/jerson/airflow_venv/lib/python3.10/site-packages/airflow/example_dags/example_dag_decorator.py took 0.101 seconds
[2024-08-26T17:50:44.774-0700] {processor.py:186} INFO - Started process (PID=39815) to work on /home/jerson/airflow_venv/lib/python3.10/site-packages/airflow/example_dags/example_dag_decorator.py
[2024-08-26T17:50:44.775-0700] {processor.py:914} INFO - Processing file /home/jerson/airflow_venv/lib/python3.10/site-packages/airflow/example_dags/example_dag_decorator.py for tasks to queue
[2024-08-26T17:50:44.777-0700] {logging_mixin.py:190} INFO - [2024-08-26T17:50:44.776-0700] {dagbag.py:587} INFO - Filling up the DagBag from /home/jerson/airflow_venv/lib/python3.10/site-packages/airflow/example_dags/example_dag_decorator.py
[2024-08-26T17:50:44.785-0700] {processor.py:925} INFO - DAG(s) 'example_dag_decorator' retrieved from /home/jerson/airflow_venv/lib/python3.10/site-packages/airflow/example_dags/example_dag_decorator.py
[2024-08-26T17:50:44.846-0700] {logging_mixin.py:190} INFO - [2024-08-26T17:50:44.846-0700] {dag.py:3211} INFO - Sync 1 DAGs
[2024-08-26T17:50:44.854-0700] {logging_mixin.py:190} INFO - [2024-08-26T17:50:44.854-0700] {dag.py:4138} INFO - Setting next_dagrun for example_dag_decorator to None, run_after=None
[2024-08-26T17:50:44.872-0700] {processor.py:208} INFO - Processing /home/jerson/airflow_venv/lib/python3.10/site-packages/airflow/example_dags/example_dag_decorator.py took 0.102 seconds
[2024-08-26T17:51:35.524-0700] {processor.py:186} INFO - Started process (PID=40280) to work on /home/jerson/airflow_venv/lib/python3.10/site-packages/airflow/example_dags/example_dag_decorator.py
[2024-08-26T17:51:35.525-0700] {processor.py:914} INFO - Processing file /home/jerson/airflow_venv/lib/python3.10/site-packages/airflow/example_dags/example_dag_decorator.py for tasks to queue
[2024-08-26T17:51:35.526-0700] {logging_mixin.py:190} INFO - [2024-08-26T17:51:35.526-0700] {dagbag.py:587} INFO - Filling up the DagBag from /home/jerson/airflow_venv/lib/python3.10/site-packages/airflow/example_dags/example_dag_decorator.py
[2024-08-26T17:51:35.533-0700] {processor.py:925} INFO - DAG(s) 'example_dag_decorator' retrieved from /home/jerson/airflow_venv/lib/python3.10/site-packages/airflow/example_dags/example_dag_decorator.py
[2024-08-26T17:51:35.591-0700] {logging_mixin.py:190} INFO - [2024-08-26T17:51:35.591-0700] {dag.py:3211} INFO - Sync 1 DAGs
[2024-08-26T17:51:35.598-0700] {logging_mixin.py:190} INFO - [2024-08-26T17:51:35.597-0700] {dag.py:4138} INFO - Setting next_dagrun for example_dag_decorator to None, run_after=None
[2024-08-26T17:51:35.616-0700] {processor.py:208} INFO - Processing /home/jerson/airflow_venv/lib/python3.10/site-packages/airflow/example_dags/example_dag_decorator.py took 0.096 seconds
[2024-08-26T17:55:50.872-0700] {processor.py:186} INFO - Started process (PID=43125) to work on /home/jerson/airflow_venv/lib/python3.10/site-packages/airflow/example_dags/example_dag_decorator.py
[2024-08-26T17:55:50.873-0700] {processor.py:914} INFO - Processing file /home/jerson/airflow_venv/lib/python3.10/site-packages/airflow/example_dags/example_dag_decorator.py for tasks to queue
[2024-08-26T17:55:50.874-0700] {logging_mixin.py:190} INFO - [2024-08-26T17:55:50.874-0700] {dagbag.py:587} INFO - Filling up the DagBag from /home/jerson/airflow_venv/lib/python3.10/site-packages/airflow/example_dags/example_dag_decorator.py
[2024-08-26T17:55:50.880-0700] {processor.py:925} INFO - DAG(s) 'example_dag_decorator' retrieved from /home/jerson/airflow_venv/lib/python3.10/site-packages/airflow/example_dags/example_dag_decorator.py
[2024-08-26T17:55:50.935-0700] {logging_mixin.py:190} INFO - [2024-08-26T17:55:50.935-0700] {dag.py:3211} INFO - Sync 1 DAGs
[2024-08-26T17:55:50.941-0700] {logging_mixin.py:190} INFO - [2024-08-26T17:55:50.940-0700] {dag.py:4138} INFO - Setting next_dagrun for example_dag_decorator to None, run_after=None
[2024-08-26T17:55:50.960-0700] {processor.py:208} INFO - Processing /home/jerson/airflow_venv/lib/python3.10/site-packages/airflow/example_dags/example_dag_decorator.py took 0.092 seconds
[2024-08-26T17:56:46.201-0700] {processor.py:186} INFO - Started process (PID=43724) to work on /home/jerson/airflow_venv/lib/python3.10/site-packages/airflow/example_dags/example_dag_decorator.py
[2024-08-26T17:56:46.202-0700] {processor.py:914} INFO - Processing file /home/jerson/airflow_venv/lib/python3.10/site-packages/airflow/example_dags/example_dag_decorator.py for tasks to queue
[2024-08-26T17:56:46.203-0700] {logging_mixin.py:190} INFO - [2024-08-26T17:56:46.203-0700] {dagbag.py:587} INFO - Filling up the DagBag from /home/jerson/airflow_venv/lib/python3.10/site-packages/airflow/example_dags/example_dag_decorator.py
[2024-08-26T17:56:46.210-0700] {processor.py:925} INFO - DAG(s) 'example_dag_decorator' retrieved from /home/jerson/airflow_venv/lib/python3.10/site-packages/airflow/example_dags/example_dag_decorator.py
[2024-08-26T17:56:46.265-0700] {logging_mixin.py:190} INFO - [2024-08-26T17:56:46.264-0700] {dag.py:3211} INFO - Sync 1 DAGs
[2024-08-26T17:56:46.271-0700] {logging_mixin.py:190} INFO - [2024-08-26T17:56:46.271-0700] {dag.py:4138} INFO - Setting next_dagrun for example_dag_decorator to None, run_after=None
[2024-08-26T17:56:46.288-0700] {processor.py:208} INFO - Processing /home/jerson/airflow_venv/lib/python3.10/site-packages/airflow/example_dags/example_dag_decorator.py took 0.090 seconds
[2024-08-26T17:57:39.583-0700] {processor.py:186} INFO - Started process (PID=44337) to work on /home/jerson/airflow_venv/lib/python3.10/site-packages/airflow/example_dags/example_dag_decorator.py
[2024-08-26T17:57:39.584-0700] {processor.py:914} INFO - Processing file /home/jerson/airflow_venv/lib/python3.10/site-packages/airflow/example_dags/example_dag_decorator.py for tasks to queue
[2024-08-26T17:57:39.586-0700] {logging_mixin.py:190} INFO - [2024-08-26T17:57:39.585-0700] {dagbag.py:587} INFO - Filling up the DagBag from /home/jerson/airflow_venv/lib/python3.10/site-packages/airflow/example_dags/example_dag_decorator.py
[2024-08-26T17:57:39.595-0700] {processor.py:925} INFO - DAG(s) 'example_dag_decorator' retrieved from /home/jerson/airflow_venv/lib/python3.10/site-packages/airflow/example_dags/example_dag_decorator.py
[2024-08-26T17:57:39.655-0700] {logging_mixin.py:190} INFO - [2024-08-26T17:57:39.655-0700] {dag.py:3211} INFO - Sync 1 DAGs
[2024-08-26T17:57:39.662-0700] {logging_mixin.py:190} INFO - [2024-08-26T17:57:39.662-0700] {dag.py:4138} INFO - Setting next_dagrun for example_dag_decorator to None, run_after=None
[2024-08-26T17:57:39.679-0700] {processor.py:208} INFO - Processing /home/jerson/airflow_venv/lib/python3.10/site-packages/airflow/example_dags/example_dag_decorator.py took 0.099 seconds
[2024-08-26T17:58:31.474-0700] {processor.py:186} INFO - Started process (PID=44908) to work on /home/jerson/airflow_venv/lib/python3.10/site-packages/airflow/example_dags/example_dag_decorator.py
[2024-08-26T17:58:31.475-0700] {processor.py:914} INFO - Processing file /home/jerson/airflow_venv/lib/python3.10/site-packages/airflow/example_dags/example_dag_decorator.py for tasks to queue
[2024-08-26T17:58:31.476-0700] {logging_mixin.py:190} INFO - [2024-08-26T17:58:31.476-0700] {dagbag.py:587} INFO - Filling up the DagBag from /home/jerson/airflow_venv/lib/python3.10/site-packages/airflow/example_dags/example_dag_decorator.py
[2024-08-26T17:58:31.484-0700] {processor.py:925} INFO - DAG(s) 'example_dag_decorator' retrieved from /home/jerson/airflow_venv/lib/python3.10/site-packages/airflow/example_dags/example_dag_decorator.py
[2024-08-26T17:58:31.542-0700] {logging_mixin.py:190} INFO - [2024-08-26T17:58:31.542-0700] {dag.py:3211} INFO - Sync 1 DAGs
[2024-08-26T17:58:31.549-0700] {logging_mixin.py:190} INFO - [2024-08-26T17:58:31.549-0700] {dag.py:4138} INFO - Setting next_dagrun for example_dag_decorator to None, run_after=None
[2024-08-26T17:58:31.568-0700] {processor.py:208} INFO - Processing /home/jerson/airflow_venv/lib/python3.10/site-packages/airflow/example_dags/example_dag_decorator.py took 0.098 seconds
[2024-08-26T17:59:22.107-0700] {processor.py:186} INFO - Started process (PID=45424) to work on /home/jerson/airflow_venv/lib/python3.10/site-packages/airflow/example_dags/example_dag_decorator.py
[2024-08-26T17:59:22.108-0700] {processor.py:914} INFO - Processing file /home/jerson/airflow_venv/lib/python3.10/site-packages/airflow/example_dags/example_dag_decorator.py for tasks to queue
[2024-08-26T17:59:22.109-0700] {logging_mixin.py:190} INFO - [2024-08-26T17:59:22.109-0700] {dagbag.py:587} INFO - Filling up the DagBag from /home/jerson/airflow_venv/lib/python3.10/site-packages/airflow/example_dags/example_dag_decorator.py
[2024-08-26T17:59:22.115-0700] {processor.py:925} INFO - DAG(s) 'example_dag_decorator' retrieved from /home/jerson/airflow_venv/lib/python3.10/site-packages/airflow/example_dags/example_dag_decorator.py
[2024-08-26T17:59:22.171-0700] {logging_mixin.py:190} INFO - [2024-08-26T17:59:22.171-0700] {dag.py:3211} INFO - Sync 1 DAGs
[2024-08-26T17:59:22.178-0700] {logging_mixin.py:190} INFO - [2024-08-26T17:59:22.177-0700] {dag.py:4138} INFO - Setting next_dagrun for example_dag_decorator to None, run_after=None
[2024-08-26T17:59:22.195-0700] {processor.py:208} INFO - Processing /home/jerson/airflow_venv/lib/python3.10/site-packages/airflow/example_dags/example_dag_decorator.py took 0.092 seconds
[2024-08-26T18:00:11.628-0700] {processor.py:186} INFO - Started process (PID=45987) to work on /home/jerson/airflow_venv/lib/python3.10/site-packages/airflow/example_dags/example_dag_decorator.py
[2024-08-26T18:00:11.629-0700] {processor.py:914} INFO - Processing file /home/jerson/airflow_venv/lib/python3.10/site-packages/airflow/example_dags/example_dag_decorator.py for tasks to queue
[2024-08-26T18:00:11.630-0700] {logging_mixin.py:190} INFO - [2024-08-26T18:00:11.630-0700] {dagbag.py:587} INFO - Filling up the DagBag from /home/jerson/airflow_venv/lib/python3.10/site-packages/airflow/example_dags/example_dag_decorator.py
[2024-08-26T18:00:11.638-0700] {processor.py:925} INFO - DAG(s) 'example_dag_decorator' retrieved from /home/jerson/airflow_venv/lib/python3.10/site-packages/airflow/example_dags/example_dag_decorator.py
[2024-08-26T18:00:11.696-0700] {logging_mixin.py:190} INFO - [2024-08-26T18:00:11.696-0700] {dag.py:3211} INFO - Sync 1 DAGs
[2024-08-26T18:00:11.703-0700] {logging_mixin.py:190} INFO - [2024-08-26T18:00:11.703-0700] {dag.py:4138} INFO - Setting next_dagrun for example_dag_decorator to None, run_after=None
[2024-08-26T18:00:11.722-0700] {processor.py:208} INFO - Processing /home/jerson/airflow_venv/lib/python3.10/site-packages/airflow/example_dags/example_dag_decorator.py took 0.098 seconds
[2024-08-26T18:01:02.292-0700] {processor.py:186} INFO - Started process (PID=46635) to work on /home/jerson/airflow_venv/lib/python3.10/site-packages/airflow/example_dags/example_dag_decorator.py
[2024-08-26T18:01:02.293-0700] {processor.py:914} INFO - Processing file /home/jerson/airflow_venv/lib/python3.10/site-packages/airflow/example_dags/example_dag_decorator.py for tasks to queue
[2024-08-26T18:01:02.294-0700] {logging_mixin.py:190} INFO - [2024-08-26T18:01:02.294-0700] {dagbag.py:587} INFO - Filling up the DagBag from /home/jerson/airflow_venv/lib/python3.10/site-packages/airflow/example_dags/example_dag_decorator.py
[2024-08-26T18:01:02.301-0700] {processor.py:925} INFO - DAG(s) 'example_dag_decorator' retrieved from /home/jerson/airflow_venv/lib/python3.10/site-packages/airflow/example_dags/example_dag_decorator.py
[2024-08-26T18:01:02.359-0700] {logging_mixin.py:190} INFO - [2024-08-26T18:01:02.359-0700] {dag.py:3211} INFO - Sync 1 DAGs
[2024-08-26T18:01:02.366-0700] {logging_mixin.py:190} INFO - [2024-08-26T18:01:02.365-0700] {dag.py:4138} INFO - Setting next_dagrun for example_dag_decorator to None, run_after=None
[2024-08-26T18:01:02.384-0700] {processor.py:208} INFO - Processing /home/jerson/airflow_venv/lib/python3.10/site-packages/airflow/example_dags/example_dag_decorator.py took 0.096 seconds
[2024-08-26T18:01:52.934-0700] {processor.py:186} INFO - Started process (PID=47039) to work on /home/jerson/airflow_venv/lib/python3.10/site-packages/airflow/example_dags/example_dag_decorator.py
[2024-08-26T18:01:52.935-0700] {processor.py:914} INFO - Processing file /home/jerson/airflow_venv/lib/python3.10/site-packages/airflow/example_dags/example_dag_decorator.py for tasks to queue
[2024-08-26T18:01:52.936-0700] {logging_mixin.py:190} INFO - [2024-08-26T18:01:52.936-0700] {dagbag.py:587} INFO - Filling up the DagBag from /home/jerson/airflow_venv/lib/python3.10/site-packages/airflow/example_dags/example_dag_decorator.py
[2024-08-26T18:01:52.943-0700] {processor.py:925} INFO - DAG(s) 'example_dag_decorator' retrieved from /home/jerson/airflow_venv/lib/python3.10/site-packages/airflow/example_dags/example_dag_decorator.py
[2024-08-26T18:01:52.998-0700] {logging_mixin.py:190} INFO - [2024-08-26T18:01:52.998-0700] {dag.py:3211} INFO - Sync 1 DAGs
[2024-08-26T18:01:53.005-0700] {logging_mixin.py:190} INFO - [2024-08-26T18:01:53.005-0700] {dag.py:4138} INFO - Setting next_dagrun for example_dag_decorator to None, run_after=None
[2024-08-26T18:01:53.020-0700] {processor.py:208} INFO - Processing /home/jerson/airflow_venv/lib/python3.10/site-packages/airflow/example_dags/example_dag_decorator.py took 0.089 seconds
[2024-08-26T18:02:40.632-0700] {processor.py:186} INFO - Started process (PID=47444) to work on /home/jerson/airflow_venv/lib/python3.10/site-packages/airflow/example_dags/example_dag_decorator.py
[2024-08-26T18:02:40.641-0700] {processor.py:914} INFO - Processing file /home/jerson/airflow_venv/lib/python3.10/site-packages/airflow/example_dags/example_dag_decorator.py for tasks to queue
[2024-08-26T18:02:40.642-0700] {logging_mixin.py:190} INFO - [2024-08-26T18:02:40.642-0700] {dagbag.py:587} INFO - Filling up the DagBag from /home/jerson/airflow_venv/lib/python3.10/site-packages/airflow/example_dags/example_dag_decorator.py
[2024-08-26T18:02:40.649-0700] {processor.py:925} INFO - DAG(s) 'example_dag_decorator' retrieved from /home/jerson/airflow_venv/lib/python3.10/site-packages/airflow/example_dags/example_dag_decorator.py
[2024-08-26T18:02:40.705-0700] {logging_mixin.py:190} INFO - [2024-08-26T18:02:40.705-0700] {dag.py:3211} INFO - Sync 1 DAGs
[2024-08-26T18:02:40.711-0700] {logging_mixin.py:190} INFO - [2024-08-26T18:02:40.711-0700] {dag.py:4138} INFO - Setting next_dagrun for example_dag_decorator to None, run_after=None
[2024-08-26T18:02:40.741-0700] {processor.py:208} INFO - Processing /home/jerson/airflow_venv/lib/python3.10/site-packages/airflow/example_dags/example_dag_decorator.py took 0.113 seconds
[2024-08-26T18:03:26.811-0700] {processor.py:186} INFO - Started process (PID=47931) to work on /home/jerson/airflow_venv/lib/python3.10/site-packages/airflow/example_dags/example_dag_decorator.py
[2024-08-26T18:03:26.812-0700] {processor.py:914} INFO - Processing file /home/jerson/airflow_venv/lib/python3.10/site-packages/airflow/example_dags/example_dag_decorator.py for tasks to queue
[2024-08-26T18:03:26.813-0700] {logging_mixin.py:190} INFO - [2024-08-26T18:03:26.813-0700] {dagbag.py:587} INFO - Filling up the DagBag from /home/jerson/airflow_venv/lib/python3.10/site-packages/airflow/example_dags/example_dag_decorator.py
[2024-08-26T18:03:26.820-0700] {processor.py:925} INFO - DAG(s) 'example_dag_decorator' retrieved from /home/jerson/airflow_venv/lib/python3.10/site-packages/airflow/example_dags/example_dag_decorator.py
[2024-08-26T18:03:26.879-0700] {logging_mixin.py:190} INFO - [2024-08-26T18:03:26.879-0700] {dag.py:3211} INFO - Sync 1 DAGs
[2024-08-26T18:03:26.887-0700] {logging_mixin.py:190} INFO - [2024-08-26T18:03:26.886-0700] {dag.py:4138} INFO - Setting next_dagrun for example_dag_decorator to None, run_after=None
[2024-08-26T18:03:26.904-0700] {processor.py:208} INFO - Processing /home/jerson/airflow_venv/lib/python3.10/site-packages/airflow/example_dags/example_dag_decorator.py took 0.096 seconds
[2024-08-26T18:04:16.892-0700] {processor.py:186} INFO - Started process (PID=48399) to work on /home/jerson/airflow_venv/lib/python3.10/site-packages/airflow/example_dags/example_dag_decorator.py
[2024-08-26T18:04:16.893-0700] {processor.py:914} INFO - Processing file /home/jerson/airflow_venv/lib/python3.10/site-packages/airflow/example_dags/example_dag_decorator.py for tasks to queue
[2024-08-26T18:04:16.894-0700] {logging_mixin.py:190} INFO - [2024-08-26T18:04:16.894-0700] {dagbag.py:587} INFO - Filling up the DagBag from /home/jerson/airflow_venv/lib/python3.10/site-packages/airflow/example_dags/example_dag_decorator.py
[2024-08-26T18:04:16.901-0700] {processor.py:925} INFO - DAG(s) 'example_dag_decorator' retrieved from /home/jerson/airflow_venv/lib/python3.10/site-packages/airflow/example_dags/example_dag_decorator.py
[2024-08-26T18:04:16.957-0700] {logging_mixin.py:190} INFO - [2024-08-26T18:04:16.957-0700] {dag.py:3211} INFO - Sync 1 DAGs
[2024-08-26T18:04:16.963-0700] {logging_mixin.py:190} INFO - [2024-08-26T18:04:16.963-0700] {dag.py:4138} INFO - Setting next_dagrun for example_dag_decorator to None, run_after=None
[2024-08-26T18:04:16.979-0700] {processor.py:208} INFO - Processing /home/jerson/airflow_venv/lib/python3.10/site-packages/airflow/example_dags/example_dag_decorator.py took 0.090 seconds
[2024-08-26T18:05:07.452-0700] {processor.py:186} INFO - Started process (PID=48875) to work on /home/jerson/airflow_venv/lib/python3.10/site-packages/airflow/example_dags/example_dag_decorator.py
[2024-08-26T18:05:07.453-0700] {processor.py:914} INFO - Processing file /home/jerson/airflow_venv/lib/python3.10/site-packages/airflow/example_dags/example_dag_decorator.py for tasks to queue
[2024-08-26T18:05:07.455-0700] {logging_mixin.py:190} INFO - [2024-08-26T18:05:07.454-0700] {dagbag.py:587} INFO - Filling up the DagBag from /home/jerson/airflow_venv/lib/python3.10/site-packages/airflow/example_dags/example_dag_decorator.py
[2024-08-26T18:05:07.465-0700] {processor.py:925} INFO - DAG(s) 'example_dag_decorator' retrieved from /home/jerson/airflow_venv/lib/python3.10/site-packages/airflow/example_dags/example_dag_decorator.py
[2024-08-26T18:05:07.532-0700] {logging_mixin.py:190} INFO - [2024-08-26T18:05:07.531-0700] {dag.py:3211} INFO - Sync 1 DAGs
[2024-08-26T18:05:07.539-0700] {logging_mixin.py:190} INFO - [2024-08-26T18:05:07.539-0700] {dag.py:4138} INFO - Setting next_dagrun for example_dag_decorator to None, run_after=None
[2024-08-26T18:05:07.556-0700] {processor.py:208} INFO - Processing /home/jerson/airflow_venv/lib/python3.10/site-packages/airflow/example_dags/example_dag_decorator.py took 0.108 seconds
[2024-08-26T18:05:53.167-0700] {processor.py:186} INFO - Started process (PID=49274) to work on /home/jerson/airflow_venv/lib/python3.10/site-packages/airflow/example_dags/example_dag_decorator.py
[2024-08-26T18:05:53.168-0700] {processor.py:914} INFO - Processing file /home/jerson/airflow_venv/lib/python3.10/site-packages/airflow/example_dags/example_dag_decorator.py for tasks to queue
[2024-08-26T18:05:53.169-0700] {logging_mixin.py:190} INFO - [2024-08-26T18:05:53.169-0700] {dagbag.py:587} INFO - Filling up the DagBag from /home/jerson/airflow_venv/lib/python3.10/site-packages/airflow/example_dags/example_dag_decorator.py
[2024-08-26T18:05:53.175-0700] {processor.py:925} INFO - DAG(s) 'example_dag_decorator' retrieved from /home/jerson/airflow_venv/lib/python3.10/site-packages/airflow/example_dags/example_dag_decorator.py
[2024-08-26T18:05:53.230-0700] {logging_mixin.py:190} INFO - [2024-08-26T18:05:53.229-0700] {dag.py:3211} INFO - Sync 1 DAGs
[2024-08-26T18:05:53.235-0700] {logging_mixin.py:190} INFO - [2024-08-26T18:05:53.235-0700] {dag.py:4138} INFO - Setting next_dagrun for example_dag_decorator to None, run_after=None
[2024-08-26T18:05:53.251-0700] {processor.py:208} INFO - Processing /home/jerson/airflow_venv/lib/python3.10/site-packages/airflow/example_dags/example_dag_decorator.py took 0.087 seconds
[2024-08-26T18:06:43.025-0700] {processor.py:186} INFO - Started process (PID=49734) to work on /home/jerson/airflow_venv/lib/python3.10/site-packages/airflow/example_dags/example_dag_decorator.py
[2024-08-26T18:06:43.026-0700] {processor.py:914} INFO - Processing file /home/jerson/airflow_venv/lib/python3.10/site-packages/airflow/example_dags/example_dag_decorator.py for tasks to queue
[2024-08-26T18:06:43.027-0700] {logging_mixin.py:190} INFO - [2024-08-26T18:06:43.027-0700] {dagbag.py:587} INFO - Filling up the DagBag from /home/jerson/airflow_venv/lib/python3.10/site-packages/airflow/example_dags/example_dag_decorator.py
[2024-08-26T18:06:43.034-0700] {processor.py:925} INFO - DAG(s) 'example_dag_decorator' retrieved from /home/jerson/airflow_venv/lib/python3.10/site-packages/airflow/example_dags/example_dag_decorator.py
[2024-08-26T18:06:43.091-0700] {logging_mixin.py:190} INFO - [2024-08-26T18:06:43.091-0700] {dag.py:3211} INFO - Sync 1 DAGs
[2024-08-26T18:06:43.097-0700] {logging_mixin.py:190} INFO - [2024-08-26T18:06:43.097-0700] {dag.py:4138} INFO - Setting next_dagrun for example_dag_decorator to None, run_after=None
[2024-08-26T18:06:43.115-0700] {processor.py:208} INFO - Processing /home/jerson/airflow_venv/lib/python3.10/site-packages/airflow/example_dags/example_dag_decorator.py took 0.093 seconds
[2024-08-26T18:07:34.398-0700] {processor.py:186} INFO - Started process (PID=50174) to work on /home/jerson/airflow_venv/lib/python3.10/site-packages/airflow/example_dags/example_dag_decorator.py
[2024-08-26T18:07:34.399-0700] {processor.py:914} INFO - Processing file /home/jerson/airflow_venv/lib/python3.10/site-packages/airflow/example_dags/example_dag_decorator.py for tasks to queue
[2024-08-26T18:07:34.400-0700] {logging_mixin.py:190} INFO - [2024-08-26T18:07:34.400-0700] {dagbag.py:587} INFO - Filling up the DagBag from /home/jerson/airflow_venv/lib/python3.10/site-packages/airflow/example_dags/example_dag_decorator.py
[2024-08-26T18:07:34.407-0700] {processor.py:925} INFO - DAG(s) 'example_dag_decorator' retrieved from /home/jerson/airflow_venv/lib/python3.10/site-packages/airflow/example_dags/example_dag_decorator.py
[2024-08-26T18:07:34.466-0700] {logging_mixin.py:190} INFO - [2024-08-26T18:07:34.466-0700] {dag.py:3211} INFO - Sync 1 DAGs
[2024-08-26T18:07:34.473-0700] {logging_mixin.py:190} INFO - [2024-08-26T18:07:34.473-0700] {dag.py:4138} INFO - Setting next_dagrun for example_dag_decorator to None, run_after=None
[2024-08-26T18:07:34.490-0700] {processor.py:208} INFO - Processing /home/jerson/airflow_venv/lib/python3.10/site-packages/airflow/example_dags/example_dag_decorator.py took 0.095 seconds
[2024-08-26T18:08:48.033-0700] {processor.py:186} INFO - Started process (PID=50925) to work on /home/jerson/airflow_venv/lib/python3.10/site-packages/airflow/example_dags/example_dag_decorator.py
[2024-08-26T18:08:48.034-0700] {processor.py:914} INFO - Processing file /home/jerson/airflow_venv/lib/python3.10/site-packages/airflow/example_dags/example_dag_decorator.py for tasks to queue
[2024-08-26T18:08:48.036-0700] {logging_mixin.py:190} INFO - [2024-08-26T18:08:48.035-0700] {dagbag.py:587} INFO - Filling up the DagBag from /home/jerson/airflow_venv/lib/python3.10/site-packages/airflow/example_dags/example_dag_decorator.py
[2024-08-26T18:08:48.042-0700] {processor.py:925} INFO - DAG(s) 'example_dag_decorator' retrieved from /home/jerson/airflow_venv/lib/python3.10/site-packages/airflow/example_dags/example_dag_decorator.py
[2024-08-26T18:08:48.098-0700] {logging_mixin.py:190} INFO - [2024-08-26T18:08:48.097-0700] {dag.py:3211} INFO - Sync 1 DAGs
[2024-08-26T18:08:48.104-0700] {logging_mixin.py:190} INFO - [2024-08-26T18:08:48.104-0700] {dag.py:4138} INFO - Setting next_dagrun for example_dag_decorator to None, run_after=None
[2024-08-26T18:08:48.121-0700] {processor.py:208} INFO - Processing /home/jerson/airflow_venv/lib/python3.10/site-packages/airflow/example_dags/example_dag_decorator.py took 0.091 seconds
[2024-08-26T18:09:40.576-0700] {processor.py:186} INFO - Started process (PID=51480) to work on /home/jerson/airflow_venv/lib/python3.10/site-packages/airflow/example_dags/example_dag_decorator.py
[2024-08-26T18:09:40.577-0700] {processor.py:914} INFO - Processing file /home/jerson/airflow_venv/lib/python3.10/site-packages/airflow/example_dags/example_dag_decorator.py for tasks to queue
[2024-08-26T18:09:40.579-0700] {logging_mixin.py:190} INFO - [2024-08-26T18:09:40.578-0700] {dagbag.py:587} INFO - Filling up the DagBag from /home/jerson/airflow_venv/lib/python3.10/site-packages/airflow/example_dags/example_dag_decorator.py
[2024-08-26T18:09:40.587-0700] {processor.py:925} INFO - DAG(s) 'example_dag_decorator' retrieved from /home/jerson/airflow_venv/lib/python3.10/site-packages/airflow/example_dags/example_dag_decorator.py
[2024-08-26T18:09:40.650-0700] {logging_mixin.py:190} INFO - [2024-08-26T18:09:40.650-0700] {dag.py:3211} INFO - Sync 1 DAGs
[2024-08-26T18:09:40.658-0700] {logging_mixin.py:190} INFO - [2024-08-26T18:09:40.658-0700] {dag.py:4138} INFO - Setting next_dagrun for example_dag_decorator to None, run_after=None
[2024-08-26T18:09:40.678-0700] {processor.py:208} INFO - Processing /home/jerson/airflow_venv/lib/python3.10/site-packages/airflow/example_dags/example_dag_decorator.py took 0.105 seconds
[2024-08-26T18:10:29.195-0700] {processor.py:186} INFO - Started process (PID=52109) to work on /home/jerson/airflow_venv/lib/python3.10/site-packages/airflow/example_dags/example_dag_decorator.py
[2024-08-26T18:10:29.196-0700] {processor.py:914} INFO - Processing file /home/jerson/airflow_venv/lib/python3.10/site-packages/airflow/example_dags/example_dag_decorator.py for tasks to queue
[2024-08-26T18:10:29.197-0700] {logging_mixin.py:190} INFO - [2024-08-26T18:10:29.197-0700] {dagbag.py:587} INFO - Filling up the DagBag from /home/jerson/airflow_venv/lib/python3.10/site-packages/airflow/example_dags/example_dag_decorator.py
[2024-08-26T18:10:29.204-0700] {processor.py:925} INFO - DAG(s) 'example_dag_decorator' retrieved from /home/jerson/airflow_venv/lib/python3.10/site-packages/airflow/example_dags/example_dag_decorator.py
[2024-08-26T18:10:29.268-0700] {logging_mixin.py:190} INFO - [2024-08-26T18:10:29.267-0700] {dag.py:3211} INFO - Sync 1 DAGs
[2024-08-26T18:10:29.275-0700] {logging_mixin.py:190} INFO - [2024-08-26T18:10:29.274-0700] {dag.py:4138} INFO - Setting next_dagrun for example_dag_decorator to None, run_after=None
[2024-08-26T18:10:29.293-0700] {processor.py:208} INFO - Processing /home/jerson/airflow_venv/lib/python3.10/site-packages/airflow/example_dags/example_dag_decorator.py took 0.101 seconds
[2024-08-26T18:11:19.737-0700] {processor.py:186} INFO - Started process (PID=52661) to work on /home/jerson/airflow_venv/lib/python3.10/site-packages/airflow/example_dags/example_dag_decorator.py
[2024-08-26T18:11:19.738-0700] {processor.py:914} INFO - Processing file /home/jerson/airflow_venv/lib/python3.10/site-packages/airflow/example_dags/example_dag_decorator.py for tasks to queue
[2024-08-26T18:11:19.739-0700] {logging_mixin.py:190} INFO - [2024-08-26T18:11:19.738-0700] {dagbag.py:587} INFO - Filling up the DagBag from /home/jerson/airflow_venv/lib/python3.10/site-packages/airflow/example_dags/example_dag_decorator.py
[2024-08-26T18:11:19.745-0700] {processor.py:925} INFO - DAG(s) 'example_dag_decorator' retrieved from /home/jerson/airflow_venv/lib/python3.10/site-packages/airflow/example_dags/example_dag_decorator.py
[2024-08-26T18:11:19.800-0700] {logging_mixin.py:190} INFO - [2024-08-26T18:11:19.800-0700] {dag.py:3211} INFO - Sync 1 DAGs
[2024-08-26T18:11:19.808-0700] {logging_mixin.py:190} INFO - [2024-08-26T18:11:19.807-0700] {dag.py:4138} INFO - Setting next_dagrun for example_dag_decorator to None, run_after=None
[2024-08-26T18:11:19.824-0700] {processor.py:208} INFO - Processing /home/jerson/airflow_venv/lib/python3.10/site-packages/airflow/example_dags/example_dag_decorator.py took 0.090 seconds
[2024-08-26T18:12:11.206-0700] {processor.py:186} INFO - Started process (PID=53245) to work on /home/jerson/airflow_venv/lib/python3.10/site-packages/airflow/example_dags/example_dag_decorator.py
[2024-08-26T18:12:11.207-0700] {processor.py:914} INFO - Processing file /home/jerson/airflow_venv/lib/python3.10/site-packages/airflow/example_dags/example_dag_decorator.py for tasks to queue
[2024-08-26T18:12:11.208-0700] {logging_mixin.py:190} INFO - [2024-08-26T18:12:11.208-0700] {dagbag.py:587} INFO - Filling up the DagBag from /home/jerson/airflow_venv/lib/python3.10/site-packages/airflow/example_dags/example_dag_decorator.py
[2024-08-26T18:12:11.215-0700] {processor.py:925} INFO - DAG(s) 'example_dag_decorator' retrieved from /home/jerson/airflow_venv/lib/python3.10/site-packages/airflow/example_dags/example_dag_decorator.py
[2024-08-26T18:12:11.277-0700] {logging_mixin.py:190} INFO - [2024-08-26T18:12:11.277-0700] {dag.py:3211} INFO - Sync 1 DAGs
[2024-08-26T18:12:11.284-0700] {logging_mixin.py:190} INFO - [2024-08-26T18:12:11.283-0700] {dag.py:4138} INFO - Setting next_dagrun for example_dag_decorator to None, run_after=None
[2024-08-26T18:12:11.301-0700] {processor.py:208} INFO - Processing /home/jerson/airflow_venv/lib/python3.10/site-packages/airflow/example_dags/example_dag_decorator.py took 0.098 seconds
[2024-08-26T18:13:02.245-0700] {processor.py:186} INFO - Started process (PID=53655) to work on /home/jerson/airflow_venv/lib/python3.10/site-packages/airflow/example_dags/example_dag_decorator.py
[2024-08-26T18:13:02.245-0700] {processor.py:914} INFO - Processing file /home/jerson/airflow_venv/lib/python3.10/site-packages/airflow/example_dags/example_dag_decorator.py for tasks to queue
[2024-08-26T18:13:02.246-0700] {logging_mixin.py:190} INFO - [2024-08-26T18:13:02.246-0700] {dagbag.py:587} INFO - Filling up the DagBag from /home/jerson/airflow_venv/lib/python3.10/site-packages/airflow/example_dags/example_dag_decorator.py
[2024-08-26T18:13:02.253-0700] {processor.py:925} INFO - DAG(s) 'example_dag_decorator' retrieved from /home/jerson/airflow_venv/lib/python3.10/site-packages/airflow/example_dags/example_dag_decorator.py
[2024-08-26T18:13:02.314-0700] {logging_mixin.py:190} INFO - [2024-08-26T18:13:02.314-0700] {dag.py:3211} INFO - Sync 1 DAGs
[2024-08-26T18:13:02.322-0700] {logging_mixin.py:190} INFO - [2024-08-26T18:13:02.322-0700] {dag.py:4138} INFO - Setting next_dagrun for example_dag_decorator to None, run_after=None
[2024-08-26T18:13:02.338-0700] {processor.py:208} INFO - Processing /home/jerson/airflow_venv/lib/python3.10/site-packages/airflow/example_dags/example_dag_decorator.py took 0.097 seconds
[2024-08-26T18:14:13.084-0700] {processor.py:186} INFO - Started process (PID=54345) to work on /home/jerson/airflow_venv/lib/python3.10/site-packages/airflow/example_dags/example_dag_decorator.py
[2024-08-26T18:14:13.085-0700] {processor.py:914} INFO - Processing file /home/jerson/airflow_venv/lib/python3.10/site-packages/airflow/example_dags/example_dag_decorator.py for tasks to queue
[2024-08-26T18:14:13.085-0700] {logging_mixin.py:190} INFO - [2024-08-26T18:14:13.085-0700] {dagbag.py:587} INFO - Filling up the DagBag from /home/jerson/airflow_venv/lib/python3.10/site-packages/airflow/example_dags/example_dag_decorator.py
[2024-08-26T18:14:13.093-0700] {processor.py:925} INFO - DAG(s) 'example_dag_decorator' retrieved from /home/jerson/airflow_venv/lib/python3.10/site-packages/airflow/example_dags/example_dag_decorator.py
[2024-08-26T18:14:13.151-0700] {logging_mixin.py:190} INFO - [2024-08-26T18:14:13.150-0700] {dag.py:3211} INFO - Sync 1 DAGs
[2024-08-26T18:14:13.157-0700] {logging_mixin.py:190} INFO - [2024-08-26T18:14:13.157-0700] {dag.py:4138} INFO - Setting next_dagrun for example_dag_decorator to None, run_after=None
[2024-08-26T18:14:13.174-0700] {processor.py:208} INFO - Processing /home/jerson/airflow_venv/lib/python3.10/site-packages/airflow/example_dags/example_dag_decorator.py took 0.093 seconds
[2024-08-26T18:15:09.085-0700] {processor.py:186} INFO - Started process (PID=55051) to work on /home/jerson/airflow_venv/lib/python3.10/site-packages/airflow/example_dags/example_dag_decorator.py
[2024-08-26T18:15:09.086-0700] {processor.py:914} INFO - Processing file /home/jerson/airflow_venv/lib/python3.10/site-packages/airflow/example_dags/example_dag_decorator.py for tasks to queue
[2024-08-26T18:15:09.087-0700] {logging_mixin.py:190} INFO - [2024-08-26T18:15:09.087-0700] {dagbag.py:587} INFO - Filling up the DagBag from /home/jerson/airflow_venv/lib/python3.10/site-packages/airflow/example_dags/example_dag_decorator.py
[2024-08-26T18:15:09.095-0700] {processor.py:925} INFO - DAG(s) 'example_dag_decorator' retrieved from /home/jerson/airflow_venv/lib/python3.10/site-packages/airflow/example_dags/example_dag_decorator.py
[2024-08-26T18:15:09.167-0700] {logging_mixin.py:190} INFO - [2024-08-26T18:15:09.167-0700] {dag.py:3211} INFO - Sync 1 DAGs
[2024-08-26T18:15:09.174-0700] {logging_mixin.py:190} INFO - [2024-08-26T18:15:09.174-0700] {dag.py:4138} INFO - Setting next_dagrun for example_dag_decorator to None, run_after=None
[2024-08-26T18:15:09.189-0700] {processor.py:208} INFO - Processing /home/jerson/airflow_venv/lib/python3.10/site-packages/airflow/example_dags/example_dag_decorator.py took 0.107 seconds
[2024-08-26T18:16:02.171-0700] {processor.py:186} INFO - Started process (PID=55563) to work on /home/jerson/airflow_venv/lib/python3.10/site-packages/airflow/example_dags/example_dag_decorator.py
[2024-08-26T18:16:02.172-0700] {processor.py:914} INFO - Processing file /home/jerson/airflow_venv/lib/python3.10/site-packages/airflow/example_dags/example_dag_decorator.py for tasks to queue
[2024-08-26T18:16:02.172-0700] {logging_mixin.py:190} INFO - [2024-08-26T18:16:02.172-0700] {dagbag.py:587} INFO - Filling up the DagBag from /home/jerson/airflow_venv/lib/python3.10/site-packages/airflow/example_dags/example_dag_decorator.py
[2024-08-26T18:16:02.179-0700] {processor.py:925} INFO - DAG(s) 'example_dag_decorator' retrieved from /home/jerson/airflow_venv/lib/python3.10/site-packages/airflow/example_dags/example_dag_decorator.py
[2024-08-26T18:16:02.259-0700] {logging_mixin.py:190} INFO - [2024-08-26T18:16:02.259-0700] {dag.py:3211} INFO - Sync 1 DAGs
[2024-08-26T18:16:02.272-0700] {logging_mixin.py:190} INFO - [2024-08-26T18:16:02.272-0700] {dag.py:4138} INFO - Setting next_dagrun for example_dag_decorator to None, run_after=None
[2024-08-26T18:16:02.298-0700] {processor.py:208} INFO - Processing /home/jerson/airflow_venv/lib/python3.10/site-packages/airflow/example_dags/example_dag_decorator.py took 0.131 seconds
[2024-08-26T18:16:49.655-0700] {processor.py:186} INFO - Started process (PID=56005) to work on /home/jerson/airflow_venv/lib/python3.10/site-packages/airflow/example_dags/example_dag_decorator.py
[2024-08-26T18:16:49.655-0700] {processor.py:914} INFO - Processing file /home/jerson/airflow_venv/lib/python3.10/site-packages/airflow/example_dags/example_dag_decorator.py for tasks to queue
[2024-08-26T18:16:49.656-0700] {logging_mixin.py:190} INFO - [2024-08-26T18:16:49.656-0700] {dagbag.py:587} INFO - Filling up the DagBag from /home/jerson/airflow_venv/lib/python3.10/site-packages/airflow/example_dags/example_dag_decorator.py
[2024-08-26T18:16:49.664-0700] {processor.py:925} INFO - DAG(s) 'example_dag_decorator' retrieved from /home/jerson/airflow_venv/lib/python3.10/site-packages/airflow/example_dags/example_dag_decorator.py
[2024-08-26T18:16:49.720-0700] {logging_mixin.py:190} INFO - [2024-08-26T18:16:49.719-0700] {dag.py:3211} INFO - Sync 1 DAGs
[2024-08-26T18:16:49.726-0700] {logging_mixin.py:190} INFO - [2024-08-26T18:16:49.726-0700] {dag.py:4138} INFO - Setting next_dagrun for example_dag_decorator to None, run_after=None
[2024-08-26T18:16:49.743-0700] {processor.py:208} INFO - Processing /home/jerson/airflow_venv/lib/python3.10/site-packages/airflow/example_dags/example_dag_decorator.py took 0.092 seconds
[2024-08-26T18:18:01.483-0700] {processor.py:186} INFO - Started process (PID=56651) to work on /home/jerson/airflow_venv/lib/python3.10/site-packages/airflow/example_dags/example_dag_decorator.py
[2024-08-26T18:18:01.484-0700] {processor.py:914} INFO - Processing file /home/jerson/airflow_venv/lib/python3.10/site-packages/airflow/example_dags/example_dag_decorator.py for tasks to queue
[2024-08-26T18:18:01.484-0700] {logging_mixin.py:190} INFO - [2024-08-26T18:18:01.484-0700] {dagbag.py:587} INFO - Filling up the DagBag from /home/jerson/airflow_venv/lib/python3.10/site-packages/airflow/example_dags/example_dag_decorator.py
[2024-08-26T18:18:01.491-0700] {processor.py:925} INFO - DAG(s) 'example_dag_decorator' retrieved from /home/jerson/airflow_venv/lib/python3.10/site-packages/airflow/example_dags/example_dag_decorator.py
[2024-08-26T18:18:01.546-0700] {logging_mixin.py:190} INFO - [2024-08-26T18:18:01.546-0700] {dag.py:3211} INFO - Sync 1 DAGs
[2024-08-26T18:18:01.551-0700] {logging_mixin.py:190} INFO - [2024-08-26T18:18:01.551-0700] {dag.py:4138} INFO - Setting next_dagrun for example_dag_decorator to None, run_after=None
[2024-08-26T18:18:01.567-0700] {processor.py:208} INFO - Processing /home/jerson/airflow_venv/lib/python3.10/site-packages/airflow/example_dags/example_dag_decorator.py took 0.088 seconds
[2024-08-26T18:18:52.745-0700] {processor.py:186} INFO - Started process (PID=57160) to work on /home/jerson/airflow_venv/lib/python3.10/site-packages/airflow/example_dags/example_dag_decorator.py
[2024-08-26T18:18:52.746-0700] {processor.py:914} INFO - Processing file /home/jerson/airflow_venv/lib/python3.10/site-packages/airflow/example_dags/example_dag_decorator.py for tasks to queue
[2024-08-26T18:18:52.746-0700] {logging_mixin.py:190} INFO - [2024-08-26T18:18:52.746-0700] {dagbag.py:587} INFO - Filling up the DagBag from /home/jerson/airflow_venv/lib/python3.10/site-packages/airflow/example_dags/example_dag_decorator.py
[2024-08-26T18:18:52.753-0700] {processor.py:925} INFO - DAG(s) 'example_dag_decorator' retrieved from /home/jerson/airflow_venv/lib/python3.10/site-packages/airflow/example_dags/example_dag_decorator.py
[2024-08-26T18:18:52.807-0700] {logging_mixin.py:190} INFO - [2024-08-26T18:18:52.806-0700] {dag.py:3211} INFO - Sync 1 DAGs
[2024-08-26T18:18:52.812-0700] {logging_mixin.py:190} INFO - [2024-08-26T18:18:52.812-0700] {dag.py:4138} INFO - Setting next_dagrun for example_dag_decorator to None, run_after=None
[2024-08-26T18:18:52.828-0700] {processor.py:208} INFO - Processing /home/jerson/airflow_venv/lib/python3.10/site-packages/airflow/example_dags/example_dag_decorator.py took 0.087 seconds
[2024-08-26T18:19:42.993-0700] {processor.py:186} INFO - Started process (PID=57618) to work on /home/jerson/airflow_venv/lib/python3.10/site-packages/airflow/example_dags/example_dag_decorator.py
[2024-08-26T18:19:42.994-0700] {processor.py:914} INFO - Processing file /home/jerson/airflow_venv/lib/python3.10/site-packages/airflow/example_dags/example_dag_decorator.py for tasks to queue
[2024-08-26T18:19:42.995-0700] {logging_mixin.py:190} INFO - [2024-08-26T18:19:42.995-0700] {dagbag.py:587} INFO - Filling up the DagBag from /home/jerson/airflow_venv/lib/python3.10/site-packages/airflow/example_dags/example_dag_decorator.py
[2024-08-26T18:19:43.002-0700] {processor.py:925} INFO - DAG(s) 'example_dag_decorator' retrieved from /home/jerson/airflow_venv/lib/python3.10/site-packages/airflow/example_dags/example_dag_decorator.py
[2024-08-26T18:19:43.058-0700] {logging_mixin.py:190} INFO - [2024-08-26T18:19:43.058-0700] {dag.py:3211} INFO - Sync 1 DAGs
[2024-08-26T18:19:43.065-0700] {logging_mixin.py:190} INFO - [2024-08-26T18:19:43.064-0700] {dag.py:4138} INFO - Setting next_dagrun for example_dag_decorator to None, run_after=None
[2024-08-26T18:19:43.080-0700] {processor.py:208} INFO - Processing /home/jerson/airflow_venv/lib/python3.10/site-packages/airflow/example_dags/example_dag_decorator.py took 0.090 seconds
[2024-08-26T18:20:29.179-0700] {processor.py:186} INFO - Started process (PID=58078) to work on /home/jerson/airflow_venv/lib/python3.10/site-packages/airflow/example_dags/example_dag_decorator.py
[2024-08-26T18:20:29.180-0700] {processor.py:914} INFO - Processing file /home/jerson/airflow_venv/lib/python3.10/site-packages/airflow/example_dags/example_dag_decorator.py for tasks to queue
[2024-08-26T18:20:29.180-0700] {logging_mixin.py:190} INFO - [2024-08-26T18:20:29.180-0700] {dagbag.py:587} INFO - Filling up the DagBag from /home/jerson/airflow_venv/lib/python3.10/site-packages/airflow/example_dags/example_dag_decorator.py
[2024-08-26T18:20:29.187-0700] {processor.py:925} INFO - DAG(s) 'example_dag_decorator' retrieved from /home/jerson/airflow_venv/lib/python3.10/site-packages/airflow/example_dags/example_dag_decorator.py
[2024-08-26T18:20:29.246-0700] {logging_mixin.py:190} INFO - [2024-08-26T18:20:29.245-0700] {dag.py:3211} INFO - Sync 1 DAGs
[2024-08-26T18:20:29.253-0700] {logging_mixin.py:190} INFO - [2024-08-26T18:20:29.253-0700] {dag.py:4138} INFO - Setting next_dagrun for example_dag_decorator to None, run_after=None
[2024-08-26T18:20:29.268-0700] {processor.py:208} INFO - Processing /home/jerson/airflow_venv/lib/python3.10/site-packages/airflow/example_dags/example_dag_decorator.py took 0.092 seconds
[2024-08-26T18:21:23.945-0700] {processor.py:186} INFO - Started process (PID=58801) to work on /home/jerson/airflow_venv/lib/python3.10/site-packages/airflow/example_dags/example_dag_decorator.py
[2024-08-26T18:21:23.946-0700] {processor.py:914} INFO - Processing file /home/jerson/airflow_venv/lib/python3.10/site-packages/airflow/example_dags/example_dag_decorator.py for tasks to queue
[2024-08-26T18:21:23.947-0700] {logging_mixin.py:190} INFO - [2024-08-26T18:21:23.947-0700] {dagbag.py:587} INFO - Filling up the DagBag from /home/jerson/airflow_venv/lib/python3.10/site-packages/airflow/example_dags/example_dag_decorator.py
[2024-08-26T18:21:23.954-0700] {processor.py:925} INFO - DAG(s) 'example_dag_decorator' retrieved from /home/jerson/airflow_venv/lib/python3.10/site-packages/airflow/example_dags/example_dag_decorator.py
[2024-08-26T18:21:24.012-0700] {logging_mixin.py:190} INFO - [2024-08-26T18:21:24.011-0700] {dag.py:3211} INFO - Sync 1 DAGs
[2024-08-26T18:21:24.018-0700] {logging_mixin.py:190} INFO - [2024-08-26T18:21:24.018-0700] {dag.py:4138} INFO - Setting next_dagrun for example_dag_decorator to None, run_after=None
[2024-08-26T18:21:24.034-0700] {processor.py:208} INFO - Processing /home/jerson/airflow_venv/lib/python3.10/site-packages/airflow/example_dags/example_dag_decorator.py took 0.092 seconds
[2024-08-26T18:22:18.608-0700] {processor.py:186} INFO - Started process (PID=59428) to work on /home/jerson/airflow_venv/lib/python3.10/site-packages/airflow/example_dags/example_dag_decorator.py
[2024-08-26T18:22:18.609-0700] {processor.py:914} INFO - Processing file /home/jerson/airflow_venv/lib/python3.10/site-packages/airflow/example_dags/example_dag_decorator.py for tasks to queue
[2024-08-26T18:22:18.610-0700] {logging_mixin.py:190} INFO - [2024-08-26T18:22:18.610-0700] {dagbag.py:587} INFO - Filling up the DagBag from /home/jerson/airflow_venv/lib/python3.10/site-packages/airflow/example_dags/example_dag_decorator.py
[2024-08-26T18:22:18.617-0700] {processor.py:925} INFO - DAG(s) 'example_dag_decorator' retrieved from /home/jerson/airflow_venv/lib/python3.10/site-packages/airflow/example_dags/example_dag_decorator.py
[2024-08-26T18:22:18.677-0700] {logging_mixin.py:190} INFO - [2024-08-26T18:22:18.676-0700] {dag.py:3211} INFO - Sync 1 DAGs
[2024-08-26T18:22:18.683-0700] {logging_mixin.py:190} INFO - [2024-08-26T18:22:18.683-0700] {dag.py:4138} INFO - Setting next_dagrun for example_dag_decorator to None, run_after=None
[2024-08-26T18:22:18.701-0700] {processor.py:208} INFO - Processing /home/jerson/airflow_venv/lib/python3.10/site-packages/airflow/example_dags/example_dag_decorator.py took 0.096 seconds
[2024-08-26T18:23:05.904-0700] {processor.py:186} INFO - Started process (PID=60031) to work on /home/jerson/airflow_venv/lib/python3.10/site-packages/airflow/example_dags/example_dag_decorator.py
[2024-08-26T18:23:05.905-0700] {processor.py:914} INFO - Processing file /home/jerson/airflow_venv/lib/python3.10/site-packages/airflow/example_dags/example_dag_decorator.py for tasks to queue
[2024-08-26T18:23:05.906-0700] {logging_mixin.py:190} INFO - [2024-08-26T18:23:05.905-0700] {dagbag.py:587} INFO - Filling up the DagBag from /home/jerson/airflow_venv/lib/python3.10/site-packages/airflow/example_dags/example_dag_decorator.py
[2024-08-26T18:23:05.913-0700] {processor.py:925} INFO - DAG(s) 'example_dag_decorator' retrieved from /home/jerson/airflow_venv/lib/python3.10/site-packages/airflow/example_dags/example_dag_decorator.py
[2024-08-26T18:23:05.969-0700] {logging_mixin.py:190} INFO - [2024-08-26T18:23:05.969-0700] {dag.py:3211} INFO - Sync 1 DAGs
[2024-08-26T18:23:05.975-0700] {logging_mixin.py:190} INFO - [2024-08-26T18:23:05.975-0700] {dag.py:4138} INFO - Setting next_dagrun for example_dag_decorator to None, run_after=None
[2024-08-26T18:23:05.993-0700] {processor.py:208} INFO - Processing /home/jerson/airflow_venv/lib/python3.10/site-packages/airflow/example_dags/example_dag_decorator.py took 0.092 seconds
[2024-08-26T18:23:54.402-0700] {processor.py:186} INFO - Started process (PID=60467) to work on /home/jerson/airflow_venv/lib/python3.10/site-packages/airflow/example_dags/example_dag_decorator.py
[2024-08-26T18:23:54.403-0700] {processor.py:914} INFO - Processing file /home/jerson/airflow_venv/lib/python3.10/site-packages/airflow/example_dags/example_dag_decorator.py for tasks to queue
[2024-08-26T18:23:54.404-0700] {logging_mixin.py:190} INFO - [2024-08-26T18:23:54.404-0700] {dagbag.py:587} INFO - Filling up the DagBag from /home/jerson/airflow_venv/lib/python3.10/site-packages/airflow/example_dags/example_dag_decorator.py
[2024-08-26T18:23:54.411-0700] {processor.py:925} INFO - DAG(s) 'example_dag_decorator' retrieved from /home/jerson/airflow_venv/lib/python3.10/site-packages/airflow/example_dags/example_dag_decorator.py
[2024-08-26T18:23:54.464-0700] {logging_mixin.py:190} INFO - [2024-08-26T18:23:54.464-0700] {dag.py:3211} INFO - Sync 1 DAGs
[2024-08-26T18:23:54.471-0700] {logging_mixin.py:190} INFO - [2024-08-26T18:23:54.470-0700] {dag.py:4138} INFO - Setting next_dagrun for example_dag_decorator to None, run_after=None
[2024-08-26T18:23:54.487-0700] {processor.py:208} INFO - Processing /home/jerson/airflow_venv/lib/python3.10/site-packages/airflow/example_dags/example_dag_decorator.py took 0.087 seconds
[2024-08-26T18:24:45.714-0700] {processor.py:186} INFO - Started process (PID=60871) to work on /home/jerson/airflow_venv/lib/python3.10/site-packages/airflow/example_dags/example_dag_decorator.py
[2024-08-26T18:24:45.715-0700] {processor.py:914} INFO - Processing file /home/jerson/airflow_venv/lib/python3.10/site-packages/airflow/example_dags/example_dag_decorator.py for tasks to queue
[2024-08-26T18:24:45.716-0700] {logging_mixin.py:190} INFO - [2024-08-26T18:24:45.715-0700] {dagbag.py:587} INFO - Filling up the DagBag from /home/jerson/airflow_venv/lib/python3.10/site-packages/airflow/example_dags/example_dag_decorator.py
[2024-08-26T18:24:45.724-0700] {processor.py:925} INFO - DAG(s) 'example_dag_decorator' retrieved from /home/jerson/airflow_venv/lib/python3.10/site-packages/airflow/example_dags/example_dag_decorator.py
[2024-08-26T18:24:45.783-0700] {logging_mixin.py:190} INFO - [2024-08-26T18:24:45.783-0700] {dag.py:3211} INFO - Sync 1 DAGs
[2024-08-26T18:24:45.789-0700] {logging_mixin.py:190} INFO - [2024-08-26T18:24:45.789-0700] {dag.py:4138} INFO - Setting next_dagrun for example_dag_decorator to None, run_after=None
[2024-08-26T18:24:45.806-0700] {processor.py:208} INFO - Processing /home/jerson/airflow_venv/lib/python3.10/site-packages/airflow/example_dags/example_dag_decorator.py took 0.095 seconds
[2024-08-26T18:25:37.854-0700] {processor.py:186} INFO - Started process (PID=61404) to work on /home/jerson/airflow_venv/lib/python3.10/site-packages/airflow/example_dags/example_dag_decorator.py
[2024-08-26T18:25:37.855-0700] {processor.py:914} INFO - Processing file /home/jerson/airflow_venv/lib/python3.10/site-packages/airflow/example_dags/example_dag_decorator.py for tasks to queue
[2024-08-26T18:25:37.856-0700] {logging_mixin.py:190} INFO - [2024-08-26T18:25:37.856-0700] {dagbag.py:587} INFO - Filling up the DagBag from /home/jerson/airflow_venv/lib/python3.10/site-packages/airflow/example_dags/example_dag_decorator.py
[2024-08-26T18:25:37.863-0700] {processor.py:925} INFO - DAG(s) 'example_dag_decorator' retrieved from /home/jerson/airflow_venv/lib/python3.10/site-packages/airflow/example_dags/example_dag_decorator.py
[2024-08-26T18:25:37.920-0700] {logging_mixin.py:190} INFO - [2024-08-26T18:25:37.920-0700] {dag.py:3211} INFO - Sync 1 DAGs
[2024-08-26T18:25:37.926-0700] {logging_mixin.py:190} INFO - [2024-08-26T18:25:37.926-0700] {dag.py:4138} INFO - Setting next_dagrun for example_dag_decorator to None, run_after=None
[2024-08-26T18:25:37.942-0700] {processor.py:208} INFO - Processing /home/jerson/airflow_venv/lib/python3.10/site-packages/airflow/example_dags/example_dag_decorator.py took 0.091 seconds
[2024-08-26T18:26:34.673-0700] {processor.py:186} INFO - Started process (PID=62214) to work on /home/jerson/airflow_venv/lib/python3.10/site-packages/airflow/example_dags/example_dag_decorator.py
[2024-08-26T18:26:34.674-0700] {processor.py:914} INFO - Processing file /home/jerson/airflow_venv/lib/python3.10/site-packages/airflow/example_dags/example_dag_decorator.py for tasks to queue
[2024-08-26T18:26:34.674-0700] {logging_mixin.py:190} INFO - [2024-08-26T18:26:34.674-0700] {dagbag.py:587} INFO - Filling up the DagBag from /home/jerson/airflow_venv/lib/python3.10/site-packages/airflow/example_dags/example_dag_decorator.py
[2024-08-26T18:26:34.682-0700] {processor.py:925} INFO - DAG(s) 'example_dag_decorator' retrieved from /home/jerson/airflow_venv/lib/python3.10/site-packages/airflow/example_dags/example_dag_decorator.py
[2024-08-26T18:26:34.744-0700] {logging_mixin.py:190} INFO - [2024-08-26T18:26:34.744-0700] {dag.py:3211} INFO - Sync 1 DAGs
[2024-08-26T18:26:34.751-0700] {logging_mixin.py:190} INFO - [2024-08-26T18:26:34.750-0700] {dag.py:4138} INFO - Setting next_dagrun for example_dag_decorator to None, run_after=None
[2024-08-26T18:26:34.767-0700] {processor.py:208} INFO - Processing /home/jerson/airflow_venv/lib/python3.10/site-packages/airflow/example_dags/example_dag_decorator.py took 0.098 seconds
[2024-08-26T18:27:25.308-0700] {processor.py:186} INFO - Started process (PID=62620) to work on /home/jerson/airflow_venv/lib/python3.10/site-packages/airflow/example_dags/example_dag_decorator.py
[2024-08-26T18:27:25.309-0700] {processor.py:914} INFO - Processing file /home/jerson/airflow_venv/lib/python3.10/site-packages/airflow/example_dags/example_dag_decorator.py for tasks to queue
[2024-08-26T18:27:25.309-0700] {logging_mixin.py:190} INFO - [2024-08-26T18:27:25.309-0700] {dagbag.py:587} INFO - Filling up the DagBag from /home/jerson/airflow_venv/lib/python3.10/site-packages/airflow/example_dags/example_dag_decorator.py
[2024-08-26T18:27:25.316-0700] {processor.py:925} INFO - DAG(s) 'example_dag_decorator' retrieved from /home/jerson/airflow_venv/lib/python3.10/site-packages/airflow/example_dags/example_dag_decorator.py
[2024-08-26T18:27:25.373-0700] {logging_mixin.py:190} INFO - [2024-08-26T18:27:25.372-0700] {dag.py:3211} INFO - Sync 1 DAGs
[2024-08-26T18:27:25.380-0700] {logging_mixin.py:190} INFO - [2024-08-26T18:27:25.380-0700] {dag.py:4138} INFO - Setting next_dagrun for example_dag_decorator to None, run_after=None
[2024-08-26T18:27:25.395-0700] {processor.py:208} INFO - Processing /home/jerson/airflow_venv/lib/python3.10/site-packages/airflow/example_dags/example_dag_decorator.py took 0.091 seconds
[2024-08-26T18:28:14.827-0700] {processor.py:186} INFO - Started process (PID=63010) to work on /home/jerson/airflow_venv/lib/python3.10/site-packages/airflow/example_dags/example_dag_decorator.py
[2024-08-26T18:28:14.828-0700] {processor.py:914} INFO - Processing file /home/jerson/airflow_venv/lib/python3.10/site-packages/airflow/example_dags/example_dag_decorator.py for tasks to queue
[2024-08-26T18:28:14.828-0700] {logging_mixin.py:190} INFO - [2024-08-26T18:28:14.828-0700] {dagbag.py:587} INFO - Filling up the DagBag from /home/jerson/airflow_venv/lib/python3.10/site-packages/airflow/example_dags/example_dag_decorator.py
[2024-08-26T18:28:14.836-0700] {processor.py:925} INFO - DAG(s) 'example_dag_decorator' retrieved from /home/jerson/airflow_venv/lib/python3.10/site-packages/airflow/example_dags/example_dag_decorator.py
[2024-08-26T18:28:14.900-0700] {logging_mixin.py:190} INFO - [2024-08-26T18:28:14.900-0700] {dag.py:3211} INFO - Sync 1 DAGs
[2024-08-26T18:28:14.909-0700] {logging_mixin.py:190} INFO - [2024-08-26T18:28:14.909-0700] {dag.py:4138} INFO - Setting next_dagrun for example_dag_decorator to None, run_after=None
[2024-08-26T18:28:14.931-0700] {processor.py:208} INFO - Processing /home/jerson/airflow_venv/lib/python3.10/site-packages/airflow/example_dags/example_dag_decorator.py took 0.108 seconds
[2024-08-26T18:29:06.641-0700] {processor.py:186} INFO - Started process (PID=63425) to work on /home/jerson/airflow_venv/lib/python3.10/site-packages/airflow/example_dags/example_dag_decorator.py
[2024-08-26T18:29:06.642-0700] {processor.py:914} INFO - Processing file /home/jerson/airflow_venv/lib/python3.10/site-packages/airflow/example_dags/example_dag_decorator.py for tasks to queue
[2024-08-26T18:29:06.642-0700] {logging_mixin.py:190} INFO - [2024-08-26T18:29:06.642-0700] {dagbag.py:587} INFO - Filling up the DagBag from /home/jerson/airflow_venv/lib/python3.10/site-packages/airflow/example_dags/example_dag_decorator.py
[2024-08-26T18:29:06.649-0700] {processor.py:925} INFO - DAG(s) 'example_dag_decorator' retrieved from /home/jerson/airflow_venv/lib/python3.10/site-packages/airflow/example_dags/example_dag_decorator.py
[2024-08-26T18:29:06.705-0700] {logging_mixin.py:190} INFO - [2024-08-26T18:29:06.705-0700] {dag.py:3211} INFO - Sync 1 DAGs
[2024-08-26T18:29:06.711-0700] {logging_mixin.py:190} INFO - [2024-08-26T18:29:06.711-0700] {dag.py:4138} INFO - Setting next_dagrun for example_dag_decorator to None, run_after=None
[2024-08-26T18:29:06.726-0700] {processor.py:208} INFO - Processing /home/jerson/airflow_venv/lib/python3.10/site-packages/airflow/example_dags/example_dag_decorator.py took 0.089 seconds
[2024-08-26T18:29:56.124-0700] {processor.py:186} INFO - Started process (PID=63819) to work on /home/jerson/airflow_venv/lib/python3.10/site-packages/airflow/example_dags/example_dag_decorator.py
[2024-08-26T18:29:56.125-0700] {processor.py:914} INFO - Processing file /home/jerson/airflow_venv/lib/python3.10/site-packages/airflow/example_dags/example_dag_decorator.py for tasks to queue
[2024-08-26T18:29:56.125-0700] {logging_mixin.py:190} INFO - [2024-08-26T18:29:56.125-0700] {dagbag.py:587} INFO - Filling up the DagBag from /home/jerson/airflow_venv/lib/python3.10/site-packages/airflow/example_dags/example_dag_decorator.py
[2024-08-26T18:29:56.132-0700] {processor.py:925} INFO - DAG(s) 'example_dag_decorator' retrieved from /home/jerson/airflow_venv/lib/python3.10/site-packages/airflow/example_dags/example_dag_decorator.py
[2024-08-26T18:29:56.188-0700] {logging_mixin.py:190} INFO - [2024-08-26T18:29:56.188-0700] {dag.py:3211} INFO - Sync 1 DAGs
[2024-08-26T18:29:56.194-0700] {logging_mixin.py:190} INFO - [2024-08-26T18:29:56.194-0700] {dag.py:4138} INFO - Setting next_dagrun for example_dag_decorator to None, run_after=None
[2024-08-26T18:29:56.209-0700] {processor.py:208} INFO - Processing /home/jerson/airflow_venv/lib/python3.10/site-packages/airflow/example_dags/example_dag_decorator.py took 0.089 seconds
[2024-08-26T18:31:07.025-0700] {processor.py:186} INFO - Started process (PID=64492) to work on /home/jerson/airflow_venv/lib/python3.10/site-packages/airflow/example_dags/example_dag_decorator.py
[2024-08-26T18:31:07.026-0700] {processor.py:914} INFO - Processing file /home/jerson/airflow_venv/lib/python3.10/site-packages/airflow/example_dags/example_dag_decorator.py for tasks to queue
[2024-08-26T18:31:07.027-0700] {logging_mixin.py:190} INFO - [2024-08-26T18:31:07.026-0700] {dagbag.py:587} INFO - Filling up the DagBag from /home/jerson/airflow_venv/lib/python3.10/site-packages/airflow/example_dags/example_dag_decorator.py
[2024-08-26T18:31:07.034-0700] {processor.py:925} INFO - DAG(s) 'example_dag_decorator' retrieved from /home/jerson/airflow_venv/lib/python3.10/site-packages/airflow/example_dags/example_dag_decorator.py
[2024-08-26T18:31:07.088-0700] {logging_mixin.py:190} INFO - [2024-08-26T18:31:07.088-0700] {dag.py:3211} INFO - Sync 1 DAGs
[2024-08-26T18:31:07.095-0700] {logging_mixin.py:190} INFO - [2024-08-26T18:31:07.095-0700] {dag.py:4138} INFO - Setting next_dagrun for example_dag_decorator to None, run_after=None
[2024-08-26T18:31:07.112-0700] {processor.py:208} INFO - Processing /home/jerson/airflow_venv/lib/python3.10/site-packages/airflow/example_dags/example_dag_decorator.py took 0.091 seconds
