[2024-08-26T17:37:17.892-0700] {processor.py:186} INFO - Started process (PID=32776) to work on /home/jerson/airflow_venv/lib/python3.10/site-packages/airflow/example_dags/example_bash_decorator.py
[2024-08-26T17:37:17.892-0700] {processor.py:914} INFO - Processing file /home/jerson/airflow_venv/lib/python3.10/site-packages/airflow/example_dags/example_bash_decorator.py for tasks to queue
[2024-08-26T17:37:17.893-0700] {logging_mixin.py:190} INFO - [2024-08-26T17:37:17.893-0700] {dagbag.py:587} INFO - Filling up the DagBag from /home/jerson/airflow_venv/lib/python3.10/site-packages/airflow/example_dags/example_bash_decorator.py
[2024-08-26T17:37:17.902-0700] {processor.py:925} INFO - DAG(s) 'example_bash_decorator' retrieved from /home/jerson/airflow_venv/lib/python3.10/site-packages/airflow/example_dags/example_bash_decorator.py
[2024-08-26T17:37:17.913-0700] {logging_mixin.py:190} INFO - [2024-08-26T17:37:17.913-0700] {dag.py:3211} INFO - Sync 1 DAGs
[2024-08-26T17:37:17.921-0700] {logging_mixin.py:190} INFO - [2024-08-26T17:37:17.920-0700] {dag.py:4138} INFO - Setting next_dagrun for example_bash_decorator to None, run_after=None
[2024-08-26T17:37:17.939-0700] {processor.py:208} INFO - Processing /home/jerson/airflow_venv/lib/python3.10/site-packages/airflow/example_dags/example_bash_decorator.py took 0.050 seconds
[2024-08-26T17:38:15.010-0700] {processor.py:186} INFO - Started process (PID=33226) to work on /home/jerson/airflow_venv/lib/python3.10/site-packages/airflow/example_dags/example_bash_decorator.py
[2024-08-26T17:38:15.011-0700] {processor.py:914} INFO - Processing file /home/jerson/airflow_venv/lib/python3.10/site-packages/airflow/example_dags/example_bash_decorator.py for tasks to queue
[2024-08-26T17:38:15.012-0700] {logging_mixin.py:190} INFO - [2024-08-26T17:38:15.012-0700] {dagbag.py:587} INFO - Filling up the DagBag from /home/jerson/airflow_venv/lib/python3.10/site-packages/airflow/example_dags/example_bash_decorator.py
[2024-08-26T17:38:15.021-0700] {processor.py:925} INFO - DAG(s) 'example_bash_decorator' retrieved from /home/jerson/airflow_venv/lib/python3.10/site-packages/airflow/example_dags/example_bash_decorator.py
[2024-08-26T17:38:15.031-0700] {logging_mixin.py:190} INFO - [2024-08-26T17:38:15.031-0700] {dag.py:3211} INFO - Sync 1 DAGs
[2024-08-26T17:38:15.038-0700] {logging_mixin.py:190} INFO - [2024-08-26T17:38:15.038-0700] {dag.py:4138} INFO - Setting next_dagrun for example_bash_decorator to None, run_after=None
[2024-08-26T17:38:15.054-0700] {processor.py:208} INFO - Processing /home/jerson/airflow_venv/lib/python3.10/site-packages/airflow/example_dags/example_bash_decorator.py took 0.046 seconds
[2024-08-26T17:39:01.723-0700] {processor.py:186} INFO - Started process (PID=33600) to work on /home/jerson/airflow_venv/lib/python3.10/site-packages/airflow/example_dags/example_bash_decorator.py
[2024-08-26T17:39:01.724-0700] {processor.py:914} INFO - Processing file /home/jerson/airflow_venv/lib/python3.10/site-packages/airflow/example_dags/example_bash_decorator.py for tasks to queue
[2024-08-26T17:39:01.725-0700] {logging_mixin.py:190} INFO - [2024-08-26T17:39:01.725-0700] {dagbag.py:587} INFO - Filling up the DagBag from /home/jerson/airflow_venv/lib/python3.10/site-packages/airflow/example_dags/example_bash_decorator.py
[2024-08-26T17:39:01.734-0700] {processor.py:925} INFO - DAG(s) 'example_bash_decorator' retrieved from /home/jerson/airflow_venv/lib/python3.10/site-packages/airflow/example_dags/example_bash_decorator.py
[2024-08-26T17:39:01.746-0700] {logging_mixin.py:190} INFO - [2024-08-26T17:39:01.746-0700] {dag.py:3211} INFO - Sync 1 DAGs
[2024-08-26T17:39:01.753-0700] {logging_mixin.py:190} INFO - [2024-08-26T17:39:01.753-0700] {dag.py:4138} INFO - Setting next_dagrun for example_bash_decorator to None, run_after=None
[2024-08-26T17:39:01.768-0700] {processor.py:208} INFO - Processing /home/jerson/airflow_venv/lib/python3.10/site-packages/airflow/example_dags/example_bash_decorator.py took 0.048 seconds
[2024-08-26T17:39:51.249-0700] {processor.py:186} INFO - Started process (PID=34019) to work on /home/jerson/airflow_venv/lib/python3.10/site-packages/airflow/example_dags/example_bash_decorator.py
[2024-08-26T17:39:51.250-0700] {processor.py:914} INFO - Processing file /home/jerson/airflow_venv/lib/python3.10/site-packages/airflow/example_dags/example_bash_decorator.py for tasks to queue
[2024-08-26T17:39:51.252-0700] {logging_mixin.py:190} INFO - [2024-08-26T17:39:51.251-0700] {dagbag.py:587} INFO - Filling up the DagBag from /home/jerson/airflow_venv/lib/python3.10/site-packages/airflow/example_dags/example_bash_decorator.py
[2024-08-26T17:39:51.260-0700] {processor.py:925} INFO - DAG(s) 'example_bash_decorator' retrieved from /home/jerson/airflow_venv/lib/python3.10/site-packages/airflow/example_dags/example_bash_decorator.py
[2024-08-26T17:39:51.271-0700] {logging_mixin.py:190} INFO - [2024-08-26T17:39:51.271-0700] {dag.py:3211} INFO - Sync 1 DAGs
[2024-08-26T17:39:51.278-0700] {logging_mixin.py:190} INFO - [2024-08-26T17:39:51.278-0700] {dag.py:4138} INFO - Setting next_dagrun for example_bash_decorator to None, run_after=None
[2024-08-26T17:39:51.293-0700] {processor.py:208} INFO - Processing /home/jerson/airflow_venv/lib/python3.10/site-packages/airflow/example_dags/example_bash_decorator.py took 0.047 seconds
[2024-08-26T17:40:41.313-0700] {processor.py:186} INFO - Started process (PID=34421) to work on /home/jerson/airflow_venv/lib/python3.10/site-packages/airflow/example_dags/example_bash_decorator.py
[2024-08-26T17:40:41.314-0700] {processor.py:914} INFO - Processing file /home/jerson/airflow_venv/lib/python3.10/site-packages/airflow/example_dags/example_bash_decorator.py for tasks to queue
[2024-08-26T17:40:41.315-0700] {logging_mixin.py:190} INFO - [2024-08-26T17:40:41.315-0700] {dagbag.py:587} INFO - Filling up the DagBag from /home/jerson/airflow_venv/lib/python3.10/site-packages/airflow/example_dags/example_bash_decorator.py
[2024-08-26T17:40:41.323-0700] {processor.py:925} INFO - DAG(s) 'example_bash_decorator' retrieved from /home/jerson/airflow_venv/lib/python3.10/site-packages/airflow/example_dags/example_bash_decorator.py
[2024-08-26T17:40:41.334-0700] {logging_mixin.py:190} INFO - [2024-08-26T17:40:41.333-0700] {dag.py:3211} INFO - Sync 1 DAGs
[2024-08-26T17:40:41.340-0700] {logging_mixin.py:190} INFO - [2024-08-26T17:40:41.340-0700] {dag.py:4138} INFO - Setting next_dagrun for example_bash_decorator to None, run_after=None
[2024-08-26T17:40:41.357-0700] {processor.py:208} INFO - Processing /home/jerson/airflow_venv/lib/python3.10/site-packages/airflow/example_dags/example_bash_decorator.py took 0.048 seconds
[2024-08-26T17:41:30.301-0700] {processor.py:186} INFO - Started process (PID=34810) to work on /home/jerson/airflow_venv/lib/python3.10/site-packages/airflow/example_dags/example_bash_decorator.py
[2024-08-26T17:41:30.302-0700] {processor.py:914} INFO - Processing file /home/jerson/airflow_venv/lib/python3.10/site-packages/airflow/example_dags/example_bash_decorator.py for tasks to queue
[2024-08-26T17:41:30.303-0700] {logging_mixin.py:190} INFO - [2024-08-26T17:41:30.303-0700] {dagbag.py:587} INFO - Filling up the DagBag from /home/jerson/airflow_venv/lib/python3.10/site-packages/airflow/example_dags/example_bash_decorator.py
[2024-08-26T17:41:30.312-0700] {processor.py:925} INFO - DAG(s) 'example_bash_decorator' retrieved from /home/jerson/airflow_venv/lib/python3.10/site-packages/airflow/example_dags/example_bash_decorator.py
[2024-08-26T17:41:30.322-0700] {logging_mixin.py:190} INFO - [2024-08-26T17:41:30.322-0700] {dag.py:3211} INFO - Sync 1 DAGs
[2024-08-26T17:41:30.329-0700] {logging_mixin.py:190} INFO - [2024-08-26T17:41:30.329-0700] {dag.py:4138} INFO - Setting next_dagrun for example_bash_decorator to None, run_after=None
[2024-08-26T17:41:30.343-0700] {processor.py:208} INFO - Processing /home/jerson/airflow_venv/lib/python3.10/site-packages/airflow/example_dags/example_bash_decorator.py took 0.045 seconds
[2024-08-26T17:42:17.600-0700] {processor.py:186} INFO - Started process (PID=35186) to work on /home/jerson/airflow_venv/lib/python3.10/site-packages/airflow/example_dags/example_bash_decorator.py
[2024-08-26T17:42:17.601-0700] {processor.py:914} INFO - Processing file /home/jerson/airflow_venv/lib/python3.10/site-packages/airflow/example_dags/example_bash_decorator.py for tasks to queue
[2024-08-26T17:42:17.602-0700] {logging_mixin.py:190} INFO - [2024-08-26T17:42:17.602-0700] {dagbag.py:587} INFO - Filling up the DagBag from /home/jerson/airflow_venv/lib/python3.10/site-packages/airflow/example_dags/example_bash_decorator.py
[2024-08-26T17:42:17.611-0700] {processor.py:925} INFO - DAG(s) 'example_bash_decorator' retrieved from /home/jerson/airflow_venv/lib/python3.10/site-packages/airflow/example_dags/example_bash_decorator.py
[2024-08-26T17:42:17.622-0700] {logging_mixin.py:190} INFO - [2024-08-26T17:42:17.621-0700] {dag.py:3211} INFO - Sync 1 DAGs
[2024-08-26T17:42:17.628-0700] {logging_mixin.py:190} INFO - [2024-08-26T17:42:17.628-0700] {dag.py:4138} INFO - Setting next_dagrun for example_bash_decorator to None, run_after=None
[2024-08-26T17:42:17.643-0700] {processor.py:208} INFO - Processing /home/jerson/airflow_venv/lib/python3.10/site-packages/airflow/example_dags/example_bash_decorator.py took 0.046 seconds
[2024-08-26T17:43:07.774-0700] {processor.py:186} INFO - Started process (PID=35585) to work on /home/jerson/airflow_venv/lib/python3.10/site-packages/airflow/example_dags/example_bash_decorator.py
[2024-08-26T17:43:07.775-0700] {processor.py:914} INFO - Processing file /home/jerson/airflow_venv/lib/python3.10/site-packages/airflow/example_dags/example_bash_decorator.py for tasks to queue
[2024-08-26T17:43:07.776-0700] {logging_mixin.py:190} INFO - [2024-08-26T17:43:07.776-0700] {dagbag.py:587} INFO - Filling up the DagBag from /home/jerson/airflow_venv/lib/python3.10/site-packages/airflow/example_dags/example_bash_decorator.py
[2024-08-26T17:43:07.784-0700] {processor.py:925} INFO - DAG(s) 'example_bash_decorator' retrieved from /home/jerson/airflow_venv/lib/python3.10/site-packages/airflow/example_dags/example_bash_decorator.py
[2024-08-26T17:43:07.795-0700] {logging_mixin.py:190} INFO - [2024-08-26T17:43:07.795-0700] {dag.py:3211} INFO - Sync 1 DAGs
[2024-08-26T17:43:07.802-0700] {logging_mixin.py:190} INFO - [2024-08-26T17:43:07.802-0700] {dag.py:4138} INFO - Setting next_dagrun for example_bash_decorator to None, run_after=None
[2024-08-26T17:43:07.818-0700] {processor.py:208} INFO - Processing /home/jerson/airflow_venv/lib/python3.10/site-packages/airflow/example_dags/example_bash_decorator.py took 0.047 seconds
[2024-08-26T17:43:58.405-0700] {processor.py:186} INFO - Started process (PID=35988) to work on /home/jerson/airflow_venv/lib/python3.10/site-packages/airflow/example_dags/example_bash_decorator.py
[2024-08-26T17:43:58.406-0700] {processor.py:914} INFO - Processing file /home/jerson/airflow_venv/lib/python3.10/site-packages/airflow/example_dags/example_bash_decorator.py for tasks to queue
[2024-08-26T17:43:58.407-0700] {logging_mixin.py:190} INFO - [2024-08-26T17:43:58.407-0700] {dagbag.py:587} INFO - Filling up the DagBag from /home/jerson/airflow_venv/lib/python3.10/site-packages/airflow/example_dags/example_bash_decorator.py
[2024-08-26T17:43:58.416-0700] {processor.py:925} INFO - DAG(s) 'example_bash_decorator' retrieved from /home/jerson/airflow_venv/lib/python3.10/site-packages/airflow/example_dags/example_bash_decorator.py
[2024-08-26T17:43:58.428-0700] {logging_mixin.py:190} INFO - [2024-08-26T17:43:58.428-0700] {dag.py:3211} INFO - Sync 1 DAGs
[2024-08-26T17:43:58.436-0700] {logging_mixin.py:190} INFO - [2024-08-26T17:43:58.436-0700] {dag.py:4138} INFO - Setting next_dagrun for example_bash_decorator to None, run_after=None
[2024-08-26T17:43:58.452-0700] {processor.py:208} INFO - Processing /home/jerson/airflow_venv/lib/python3.10/site-packages/airflow/example_dags/example_bash_decorator.py took 0.050 seconds
[2024-08-26T17:44:45.669-0700] {processor.py:186} INFO - Started process (PID=36393) to work on /home/jerson/airflow_venv/lib/python3.10/site-packages/airflow/example_dags/example_bash_decorator.py
[2024-08-26T17:44:45.670-0700] {processor.py:914} INFO - Processing file /home/jerson/airflow_venv/lib/python3.10/site-packages/airflow/example_dags/example_bash_decorator.py for tasks to queue
[2024-08-26T17:44:45.671-0700] {logging_mixin.py:190} INFO - [2024-08-26T17:44:45.671-0700] {dagbag.py:587} INFO - Filling up the DagBag from /home/jerson/airflow_venv/lib/python3.10/site-packages/airflow/example_dags/example_bash_decorator.py
[2024-08-26T17:44:45.680-0700] {processor.py:925} INFO - DAG(s) 'example_bash_decorator' retrieved from /home/jerson/airflow_venv/lib/python3.10/site-packages/airflow/example_dags/example_bash_decorator.py
[2024-08-26T17:44:45.691-0700] {logging_mixin.py:190} INFO - [2024-08-26T17:44:45.691-0700] {dag.py:3211} INFO - Sync 1 DAGs
[2024-08-26T17:44:45.699-0700] {logging_mixin.py:190} INFO - [2024-08-26T17:44:45.699-0700] {dag.py:4138} INFO - Setting next_dagrun for example_bash_decorator to None, run_after=None
[2024-08-26T17:44:45.716-0700] {processor.py:208} INFO - Processing /home/jerson/airflow_venv/lib/python3.10/site-packages/airflow/example_dags/example_bash_decorator.py took 0.051 seconds
[2024-08-26T17:45:35.980-0700] {processor.py:186} INFO - Started process (PID=36798) to work on /home/jerson/airflow_venv/lib/python3.10/site-packages/airflow/example_dags/example_bash_decorator.py
[2024-08-26T17:45:35.999-0700] {processor.py:914} INFO - Processing file /home/jerson/airflow_venv/lib/python3.10/site-packages/airflow/example_dags/example_bash_decorator.py for tasks to queue
[2024-08-26T17:45:36.000-0700] {logging_mixin.py:190} INFO - [2024-08-26T17:45:36.000-0700] {dagbag.py:587} INFO - Filling up the DagBag from /home/jerson/airflow_venv/lib/python3.10/site-packages/airflow/example_dags/example_bash_decorator.py
[2024-08-26T17:45:36.009-0700] {processor.py:925} INFO - DAG(s) 'example_bash_decorator' retrieved from /home/jerson/airflow_venv/lib/python3.10/site-packages/airflow/example_dags/example_bash_decorator.py
[2024-08-26T17:45:36.021-0700] {logging_mixin.py:190} INFO - [2024-08-26T17:45:36.020-0700] {dag.py:3211} INFO - Sync 1 DAGs
[2024-08-26T17:45:36.028-0700] {logging_mixin.py:190} INFO - [2024-08-26T17:45:36.028-0700] {dag.py:4138} INFO - Setting next_dagrun for example_bash_decorator to None, run_after=None
[2024-08-26T17:45:36.045-0700] {processor.py:208} INFO - Processing /home/jerson/airflow_venv/lib/python3.10/site-packages/airflow/example_dags/example_bash_decorator.py took 0.067 seconds
[2024-08-26T17:46:26.343-0700] {processor.py:186} INFO - Started process (PID=37466) to work on /home/jerson/airflow_venv/lib/python3.10/site-packages/airflow/example_dags/example_bash_decorator.py
[2024-08-26T17:46:26.344-0700] {processor.py:914} INFO - Processing file /home/jerson/airflow_venv/lib/python3.10/site-packages/airflow/example_dags/example_bash_decorator.py for tasks to queue
[2024-08-26T17:46:26.346-0700] {logging_mixin.py:190} INFO - [2024-08-26T17:46:26.345-0700] {dagbag.py:587} INFO - Filling up the DagBag from /home/jerson/airflow_venv/lib/python3.10/site-packages/airflow/example_dags/example_bash_decorator.py
[2024-08-26T17:46:26.355-0700] {processor.py:925} INFO - DAG(s) 'example_bash_decorator' retrieved from /home/jerson/airflow_venv/lib/python3.10/site-packages/airflow/example_dags/example_bash_decorator.py
[2024-08-26T17:46:26.365-0700] {logging_mixin.py:190} INFO - [2024-08-26T17:46:26.365-0700] {dag.py:3211} INFO - Sync 1 DAGs
[2024-08-26T17:46:26.373-0700] {logging_mixin.py:190} INFO - [2024-08-26T17:46:26.373-0700] {dag.py:4138} INFO - Setting next_dagrun for example_bash_decorator to None, run_after=None
[2024-08-26T17:46:26.389-0700] {processor.py:208} INFO - Processing /home/jerson/airflow_venv/lib/python3.10/site-packages/airflow/example_dags/example_bash_decorator.py took 0.049 seconds
[2024-08-26T17:47:14.246-0700] {processor.py:186} INFO - Started process (PID=37891) to work on /home/jerson/airflow_venv/lib/python3.10/site-packages/airflow/example_dags/example_bash_decorator.py
[2024-08-26T17:47:14.247-0700] {processor.py:914} INFO - Processing file /home/jerson/airflow_venv/lib/python3.10/site-packages/airflow/example_dags/example_bash_decorator.py for tasks to queue
[2024-08-26T17:47:14.248-0700] {logging_mixin.py:190} INFO - [2024-08-26T17:47:14.248-0700] {dagbag.py:587} INFO - Filling up the DagBag from /home/jerson/airflow_venv/lib/python3.10/site-packages/airflow/example_dags/example_bash_decorator.py
[2024-08-26T17:47:14.258-0700] {processor.py:925} INFO - DAG(s) 'example_bash_decorator' retrieved from /home/jerson/airflow_venv/lib/python3.10/site-packages/airflow/example_dags/example_bash_decorator.py
[2024-08-26T17:47:14.271-0700] {logging_mixin.py:190} INFO - [2024-08-26T17:47:14.270-0700] {dag.py:3211} INFO - Sync 1 DAGs
[2024-08-26T17:47:14.279-0700] {logging_mixin.py:190} INFO - [2024-08-26T17:47:14.278-0700] {dag.py:4138} INFO - Setting next_dagrun for example_bash_decorator to None, run_after=None
[2024-08-26T17:47:14.297-0700] {processor.py:208} INFO - Processing /home/jerson/airflow_venv/lib/python3.10/site-packages/airflow/example_dags/example_bash_decorator.py took 0.055 seconds
[2024-08-26T17:48:05.541-0700] {processor.py:186} INFO - Started process (PID=38424) to work on /home/jerson/airflow_venv/lib/python3.10/site-packages/airflow/example_dags/example_bash_decorator.py
[2024-08-26T17:48:05.542-0700] {processor.py:914} INFO - Processing file /home/jerson/airflow_venv/lib/python3.10/site-packages/airflow/example_dags/example_bash_decorator.py for tasks to queue
[2024-08-26T17:48:05.543-0700] {logging_mixin.py:190} INFO - [2024-08-26T17:48:05.543-0700] {dagbag.py:587} INFO - Filling up the DagBag from /home/jerson/airflow_venv/lib/python3.10/site-packages/airflow/example_dags/example_bash_decorator.py
[2024-08-26T17:48:05.552-0700] {processor.py:925} INFO - DAG(s) 'example_bash_decorator' retrieved from /home/jerson/airflow_venv/lib/python3.10/site-packages/airflow/example_dags/example_bash_decorator.py
[2024-08-26T17:48:05.563-0700] {logging_mixin.py:190} INFO - [2024-08-26T17:48:05.563-0700] {dag.py:3211} INFO - Sync 1 DAGs
[2024-08-26T17:48:05.570-0700] {logging_mixin.py:190} INFO - [2024-08-26T17:48:05.570-0700] {dag.py:4138} INFO - Setting next_dagrun for example_bash_decorator to None, run_after=None
[2024-08-26T17:48:05.586-0700] {processor.py:208} INFO - Processing /home/jerson/airflow_venv/lib/python3.10/site-packages/airflow/example_dags/example_bash_decorator.py took 0.048 seconds
[2024-08-26T17:48:58.056-0700] {processor.py:186} INFO - Started process (PID=38937) to work on /home/jerson/airflow_venv/lib/python3.10/site-packages/airflow/example_dags/example_bash_decorator.py
[2024-08-26T17:48:58.057-0700] {processor.py:914} INFO - Processing file /home/jerson/airflow_venv/lib/python3.10/site-packages/airflow/example_dags/example_bash_decorator.py for tasks to queue
[2024-08-26T17:48:58.058-0700] {logging_mixin.py:190} INFO - [2024-08-26T17:48:58.058-0700] {dagbag.py:587} INFO - Filling up the DagBag from /home/jerson/airflow_venv/lib/python3.10/site-packages/airflow/example_dags/example_bash_decorator.py
[2024-08-26T17:48:58.067-0700] {processor.py:925} INFO - DAG(s) 'example_bash_decorator' retrieved from /home/jerson/airflow_venv/lib/python3.10/site-packages/airflow/example_dags/example_bash_decorator.py
[2024-08-26T17:48:58.079-0700] {logging_mixin.py:190} INFO - [2024-08-26T17:48:58.078-0700] {dag.py:3211} INFO - Sync 1 DAGs
[2024-08-26T17:48:58.086-0700] {logging_mixin.py:190} INFO - [2024-08-26T17:48:58.086-0700] {dag.py:4138} INFO - Setting next_dagrun for example_bash_decorator to None, run_after=None
[2024-08-26T17:48:58.103-0700] {processor.py:208} INFO - Processing /home/jerson/airflow_venv/lib/python3.10/site-packages/airflow/example_dags/example_bash_decorator.py took 0.050 seconds
[2024-08-26T17:49:50.866-0700] {processor.py:186} INFO - Started process (PID=39386) to work on /home/jerson/airflow_venv/lib/python3.10/site-packages/airflow/example_dags/example_bash_decorator.py
[2024-08-26T17:49:50.867-0700] {processor.py:914} INFO - Processing file /home/jerson/airflow_venv/lib/python3.10/site-packages/airflow/example_dags/example_bash_decorator.py for tasks to queue
[2024-08-26T17:49:50.869-0700] {logging_mixin.py:190} INFO - [2024-08-26T17:49:50.868-0700] {dagbag.py:587} INFO - Filling up the DagBag from /home/jerson/airflow_venv/lib/python3.10/site-packages/airflow/example_dags/example_bash_decorator.py
[2024-08-26T17:49:50.878-0700] {processor.py:925} INFO - DAG(s) 'example_bash_decorator' retrieved from /home/jerson/airflow_venv/lib/python3.10/site-packages/airflow/example_dags/example_bash_decorator.py
[2024-08-26T17:49:50.890-0700] {logging_mixin.py:190} INFO - [2024-08-26T17:49:50.890-0700] {dag.py:3211} INFO - Sync 1 DAGs
[2024-08-26T17:49:50.898-0700] {logging_mixin.py:190} INFO - [2024-08-26T17:49:50.897-0700] {dag.py:4138} INFO - Setting next_dagrun for example_bash_decorator to None, run_after=None
[2024-08-26T17:49:50.916-0700] {processor.py:208} INFO - Processing /home/jerson/airflow_venv/lib/python3.10/site-packages/airflow/example_dags/example_bash_decorator.py took 0.053 seconds
[2024-08-26T17:50:40.993-0700] {processor.py:186} INFO - Started process (PID=39790) to work on /home/jerson/airflow_venv/lib/python3.10/site-packages/airflow/example_dags/example_bash_decorator.py
[2024-08-26T17:50:40.994-0700] {processor.py:914} INFO - Processing file /home/jerson/airflow_venv/lib/python3.10/site-packages/airflow/example_dags/example_bash_decorator.py for tasks to queue
[2024-08-26T17:50:40.995-0700] {logging_mixin.py:190} INFO - [2024-08-26T17:50:40.995-0700] {dagbag.py:587} INFO - Filling up the DagBag from /home/jerson/airflow_venv/lib/python3.10/site-packages/airflow/example_dags/example_bash_decorator.py
[2024-08-26T17:50:41.006-0700] {processor.py:925} INFO - DAG(s) 'example_bash_decorator' retrieved from /home/jerson/airflow_venv/lib/python3.10/site-packages/airflow/example_dags/example_bash_decorator.py
[2024-08-26T17:50:41.020-0700] {logging_mixin.py:190} INFO - [2024-08-26T17:50:41.020-0700] {dag.py:3211} INFO - Sync 1 DAGs
[2024-08-26T17:50:41.028-0700] {logging_mixin.py:190} INFO - [2024-08-26T17:50:41.028-0700] {dag.py:4138} INFO - Setting next_dagrun for example_bash_decorator to None, run_after=None
[2024-08-26T17:50:41.048-0700] {processor.py:208} INFO - Processing /home/jerson/airflow_venv/lib/python3.10/site-packages/airflow/example_dags/example_bash_decorator.py took 0.059 seconds
[2024-08-26T17:51:30.969-0700] {processor.py:186} INFO - Started process (PID=40233) to work on /home/jerson/airflow_venv/lib/python3.10/site-packages/airflow/example_dags/example_bash_decorator.py
[2024-08-26T17:51:30.970-0700] {processor.py:914} INFO - Processing file /home/jerson/airflow_venv/lib/python3.10/site-packages/airflow/example_dags/example_bash_decorator.py for tasks to queue
[2024-08-26T17:51:30.971-0700] {logging_mixin.py:190} INFO - [2024-08-26T17:51:30.971-0700] {dagbag.py:587} INFO - Filling up the DagBag from /home/jerson/airflow_venv/lib/python3.10/site-packages/airflow/example_dags/example_bash_decorator.py
[2024-08-26T17:51:30.981-0700] {processor.py:925} INFO - DAG(s) 'example_bash_decorator' retrieved from /home/jerson/airflow_venv/lib/python3.10/site-packages/airflow/example_dags/example_bash_decorator.py
[2024-08-26T17:51:30.995-0700] {logging_mixin.py:190} INFO - [2024-08-26T17:51:30.995-0700] {dag.py:3211} INFO - Sync 1 DAGs
[2024-08-26T17:51:31.004-0700] {logging_mixin.py:190} INFO - [2024-08-26T17:51:31.003-0700] {dag.py:4138} INFO - Setting next_dagrun for example_bash_decorator to None, run_after=None
[2024-08-26T17:51:31.025-0700] {processor.py:208} INFO - Processing /home/jerson/airflow_venv/lib/python3.10/site-packages/airflow/example_dags/example_bash_decorator.py took 0.060 seconds
[2024-08-26T17:54:56.713-0700] {processor.py:186} INFO - Started process (PID=42432) to work on /home/jerson/airflow_venv/lib/python3.10/site-packages/airflow/example_dags/example_bash_decorator.py
[2024-08-26T17:54:56.714-0700] {processor.py:914} INFO - Processing file /home/jerson/airflow_venv/lib/python3.10/site-packages/airflow/example_dags/example_bash_decorator.py for tasks to queue
[2024-08-26T17:54:56.715-0700] {logging_mixin.py:190} INFO - [2024-08-26T17:54:56.715-0700] {dagbag.py:587} INFO - Filling up the DagBag from /home/jerson/airflow_venv/lib/python3.10/site-packages/airflow/example_dags/example_bash_decorator.py
[2024-08-26T17:54:56.724-0700] {processor.py:925} INFO - DAG(s) 'example_bash_decorator' retrieved from /home/jerson/airflow_venv/lib/python3.10/site-packages/airflow/example_dags/example_bash_decorator.py
[2024-08-26T17:54:56.781-0700] {logging_mixin.py:190} INFO - [2024-08-26T17:54:56.781-0700] {dag.py:3211} INFO - Sync 1 DAGs
[2024-08-26T17:54:56.787-0700] {logging_mixin.py:190} INFO - [2024-08-26T17:54:56.787-0700] {dag.py:4138} INFO - Setting next_dagrun for example_bash_decorator to None, run_after=None
[2024-08-26T17:54:56.802-0700] {processor.py:208} INFO - Processing /home/jerson/airflow_venv/lib/python3.10/site-packages/airflow/example_dags/example_bash_decorator.py took 0.092 seconds
[2024-08-26T17:55:36.596-0700] {processor.py:186} INFO - Started process (PID=42959) to work on /home/jerson/airflow_venv/lib/python3.10/site-packages/airflow/example_dags/example_bash_decorator.py
[2024-08-26T17:55:36.597-0700] {processor.py:914} INFO - Processing file /home/jerson/airflow_venv/lib/python3.10/site-packages/airflow/example_dags/example_bash_decorator.py for tasks to queue
[2024-08-26T17:55:36.598-0700] {logging_mixin.py:190} INFO - [2024-08-26T17:55:36.598-0700] {dagbag.py:587} INFO - Filling up the DagBag from /home/jerson/airflow_venv/lib/python3.10/site-packages/airflow/example_dags/example_bash_decorator.py
[2024-08-26T17:55:36.608-0700] {processor.py:925} INFO - DAG(s) 'example_bash_decorator' retrieved from /home/jerson/airflow_venv/lib/python3.10/site-packages/airflow/example_dags/example_bash_decorator.py
[2024-08-26T17:55:36.668-0700] {logging_mixin.py:190} INFO - [2024-08-26T17:55:36.667-0700] {dag.py:3211} INFO - Sync 1 DAGs
[2024-08-26T17:55:36.674-0700] {logging_mixin.py:190} INFO - [2024-08-26T17:55:36.674-0700] {dag.py:4138} INFO - Setting next_dagrun for example_bash_decorator to None, run_after=None
[2024-08-26T17:55:36.690-0700] {processor.py:208} INFO - Processing /home/jerson/airflow_venv/lib/python3.10/site-packages/airflow/example_dags/example_bash_decorator.py took 0.098 seconds
[2024-08-26T17:56:30.855-0700] {processor.py:186} INFO - Started process (PID=43598) to work on /home/jerson/airflow_venv/lib/python3.10/site-packages/airflow/example_dags/example_bash_decorator.py
[2024-08-26T17:56:30.856-0700] {processor.py:914} INFO - Processing file /home/jerson/airflow_venv/lib/python3.10/site-packages/airflow/example_dags/example_bash_decorator.py for tasks to queue
[2024-08-26T17:56:30.857-0700] {logging_mixin.py:190} INFO - [2024-08-26T17:56:30.857-0700] {dagbag.py:587} INFO - Filling up the DagBag from /home/jerson/airflow_venv/lib/python3.10/site-packages/airflow/example_dags/example_bash_decorator.py
[2024-08-26T17:56:30.866-0700] {processor.py:925} INFO - DAG(s) 'example_bash_decorator' retrieved from /home/jerson/airflow_venv/lib/python3.10/site-packages/airflow/example_dags/example_bash_decorator.py
[2024-08-26T17:56:30.878-0700] {logging_mixin.py:190} INFO - [2024-08-26T17:56:30.878-0700] {dag.py:3211} INFO - Sync 1 DAGs
[2024-08-26T17:56:30.885-0700] {logging_mixin.py:190} INFO - [2024-08-26T17:56:30.885-0700] {dag.py:4138} INFO - Setting next_dagrun for example_bash_decorator to None, run_after=None
[2024-08-26T17:56:30.902-0700] {processor.py:208} INFO - Processing /home/jerson/airflow_venv/lib/python3.10/site-packages/airflow/example_dags/example_bash_decorator.py took 0.051 seconds
[2024-08-26T17:57:24.439-0700] {processor.py:186} INFO - Started process (PID=44130) to work on /home/jerson/airflow_venv/lib/python3.10/site-packages/airflow/example_dags/example_bash_decorator.py
[2024-08-26T17:57:24.524-0700] {processor.py:914} INFO - Processing file /home/jerson/airflow_venv/lib/python3.10/site-packages/airflow/example_dags/example_bash_decorator.py for tasks to queue
[2024-08-26T17:57:24.526-0700] {logging_mixin.py:190} INFO - [2024-08-26T17:57:24.525-0700] {dagbag.py:587} INFO - Filling up the DagBag from /home/jerson/airflow_venv/lib/python3.10/site-packages/airflow/example_dags/example_bash_decorator.py
[2024-08-26T17:57:24.536-0700] {processor.py:925} INFO - DAG(s) 'example_bash_decorator' retrieved from /home/jerson/airflow_venv/lib/python3.10/site-packages/airflow/example_dags/example_bash_decorator.py
[2024-08-26T17:57:24.547-0700] {logging_mixin.py:190} INFO - [2024-08-26T17:57:24.547-0700] {dag.py:3211} INFO - Sync 1 DAGs
[2024-08-26T17:57:24.555-0700] {logging_mixin.py:190} INFO - [2024-08-26T17:57:24.554-0700] {dag.py:4138} INFO - Setting next_dagrun for example_bash_decorator to None, run_after=None
[2024-08-26T17:57:24.570-0700] {processor.py:208} INFO - Processing /home/jerson/airflow_venv/lib/python3.10/site-packages/airflow/example_dags/example_bash_decorator.py took 0.134 seconds
[2024-08-26T17:58:16.874-0700] {processor.py:186} INFO - Started process (PID=44732) to work on /home/jerson/airflow_venv/lib/python3.10/site-packages/airflow/example_dags/example_bash_decorator.py
[2024-08-26T17:58:16.875-0700] {processor.py:914} INFO - Processing file /home/jerson/airflow_venv/lib/python3.10/site-packages/airflow/example_dags/example_bash_decorator.py for tasks to queue
[2024-08-26T17:58:16.876-0700] {logging_mixin.py:190} INFO - [2024-08-26T17:58:16.876-0700] {dagbag.py:587} INFO - Filling up the DagBag from /home/jerson/airflow_venv/lib/python3.10/site-packages/airflow/example_dags/example_bash_decorator.py
[2024-08-26T17:58:16.885-0700] {processor.py:925} INFO - DAG(s) 'example_bash_decorator' retrieved from /home/jerson/airflow_venv/lib/python3.10/site-packages/airflow/example_dags/example_bash_decorator.py
[2024-08-26T17:58:16.896-0700] {logging_mixin.py:190} INFO - [2024-08-26T17:58:16.896-0700] {dag.py:3211} INFO - Sync 1 DAGs
[2024-08-26T17:58:16.904-0700] {logging_mixin.py:190} INFO - [2024-08-26T17:58:16.903-0700] {dag.py:4138} INFO - Setting next_dagrun for example_bash_decorator to None, run_after=None
[2024-08-26T17:58:16.925-0700] {processor.py:208} INFO - Processing /home/jerson/airflow_venv/lib/python3.10/site-packages/airflow/example_dags/example_bash_decorator.py took 0.055 seconds
[2024-08-26T17:59:07.970-0700] {processor.py:186} INFO - Started process (PID=45277) to work on /home/jerson/airflow_venv/lib/python3.10/site-packages/airflow/example_dags/example_bash_decorator.py
[2024-08-26T17:59:07.971-0700] {processor.py:914} INFO - Processing file /home/jerson/airflow_venv/lib/python3.10/site-packages/airflow/example_dags/example_bash_decorator.py for tasks to queue
[2024-08-26T17:59:07.972-0700] {logging_mixin.py:190} INFO - [2024-08-26T17:59:07.972-0700] {dagbag.py:587} INFO - Filling up the DagBag from /home/jerson/airflow_venv/lib/python3.10/site-packages/airflow/example_dags/example_bash_decorator.py
[2024-08-26T17:59:07.980-0700] {processor.py:925} INFO - DAG(s) 'example_bash_decorator' retrieved from /home/jerson/airflow_venv/lib/python3.10/site-packages/airflow/example_dags/example_bash_decorator.py
[2024-08-26T17:59:07.992-0700] {logging_mixin.py:190} INFO - [2024-08-26T17:59:07.992-0700] {dag.py:3211} INFO - Sync 1 DAGs
[2024-08-26T17:59:07.999-0700] {logging_mixin.py:190} INFO - [2024-08-26T17:59:07.999-0700] {dag.py:4138} INFO - Setting next_dagrun for example_bash_decorator to None, run_after=None
[2024-08-26T17:59:08.014-0700] {processor.py:208} INFO - Processing /home/jerson/airflow_venv/lib/python3.10/site-packages/airflow/example_dags/example_bash_decorator.py took 0.047 seconds
[2024-08-26T17:59:57.338-0700] {processor.py:186} INFO - Started process (PID=45856) to work on /home/jerson/airflow_venv/lib/python3.10/site-packages/airflow/example_dags/example_bash_decorator.py
[2024-08-26T17:59:57.339-0700] {processor.py:914} INFO - Processing file /home/jerson/airflow_venv/lib/python3.10/site-packages/airflow/example_dags/example_bash_decorator.py for tasks to queue
[2024-08-26T17:59:57.340-0700] {logging_mixin.py:190} INFO - [2024-08-26T17:59:57.340-0700] {dagbag.py:587} INFO - Filling up the DagBag from /home/jerson/airflow_venv/lib/python3.10/site-packages/airflow/example_dags/example_bash_decorator.py
[2024-08-26T17:59:57.348-0700] {processor.py:925} INFO - DAG(s) 'example_bash_decorator' retrieved from /home/jerson/airflow_venv/lib/python3.10/site-packages/airflow/example_dags/example_bash_decorator.py
[2024-08-26T17:59:57.359-0700] {logging_mixin.py:190} INFO - [2024-08-26T17:59:57.359-0700] {dag.py:3211} INFO - Sync 1 DAGs
[2024-08-26T17:59:57.366-0700] {logging_mixin.py:190} INFO - [2024-08-26T17:59:57.365-0700] {dag.py:4138} INFO - Setting next_dagrun for example_bash_decorator to None, run_after=None
[2024-08-26T17:59:57.382-0700] {processor.py:208} INFO - Processing /home/jerson/airflow_venv/lib/python3.10/site-packages/airflow/example_dags/example_bash_decorator.py took 0.047 seconds
[2024-08-26T18:00:46.483-0700] {processor.py:186} INFO - Started process (PID=46411) to work on /home/jerson/airflow_venv/lib/python3.10/site-packages/airflow/example_dags/example_bash_decorator.py
[2024-08-26T18:00:46.484-0700] {processor.py:914} INFO - Processing file /home/jerson/airflow_venv/lib/python3.10/site-packages/airflow/example_dags/example_bash_decorator.py for tasks to queue
[2024-08-26T18:00:46.485-0700] {logging_mixin.py:190} INFO - [2024-08-26T18:00:46.485-0700] {dagbag.py:587} INFO - Filling up the DagBag from /home/jerson/airflow_venv/lib/python3.10/site-packages/airflow/example_dags/example_bash_decorator.py
[2024-08-26T18:00:46.495-0700] {processor.py:925} INFO - DAG(s) 'example_bash_decorator' retrieved from /home/jerson/airflow_venv/lib/python3.10/site-packages/airflow/example_dags/example_bash_decorator.py
[2024-08-26T18:00:46.507-0700] {logging_mixin.py:190} INFO - [2024-08-26T18:00:46.507-0700] {dag.py:3211} INFO - Sync 1 DAGs
[2024-08-26T18:00:46.515-0700] {logging_mixin.py:190} INFO - [2024-08-26T18:00:46.515-0700] {dag.py:4138} INFO - Setting next_dagrun for example_bash_decorator to None, run_after=None
[2024-08-26T18:00:46.533-0700] {processor.py:208} INFO - Processing /home/jerson/airflow_venv/lib/python3.10/site-packages/airflow/example_dags/example_bash_decorator.py took 0.053 seconds
[2024-08-26T18:01:37.801-0700] {processor.py:186} INFO - Started process (PID=46916) to work on /home/jerson/airflow_venv/lib/python3.10/site-packages/airflow/example_dags/example_bash_decorator.py
[2024-08-26T18:01:37.802-0700] {processor.py:914} INFO - Processing file /home/jerson/airflow_venv/lib/python3.10/site-packages/airflow/example_dags/example_bash_decorator.py for tasks to queue
[2024-08-26T18:01:37.803-0700] {logging_mixin.py:190} INFO - [2024-08-26T18:01:37.803-0700] {dagbag.py:587} INFO - Filling up the DagBag from /home/jerson/airflow_venv/lib/python3.10/site-packages/airflow/example_dags/example_bash_decorator.py
[2024-08-26T18:01:37.812-0700] {processor.py:925} INFO - DAG(s) 'example_bash_decorator' retrieved from /home/jerson/airflow_venv/lib/python3.10/site-packages/airflow/example_dags/example_bash_decorator.py
[2024-08-26T18:01:37.823-0700] {logging_mixin.py:190} INFO - [2024-08-26T18:01:37.823-0700] {dag.py:3211} INFO - Sync 1 DAGs
[2024-08-26T18:01:37.830-0700] {logging_mixin.py:190} INFO - [2024-08-26T18:01:37.830-0700] {dag.py:4138} INFO - Setting next_dagrun for example_bash_decorator to None, run_after=None
[2024-08-26T18:01:37.846-0700] {processor.py:208} INFO - Processing /home/jerson/airflow_venv/lib/python3.10/site-packages/airflow/example_dags/example_bash_decorator.py took 0.048 seconds
[2024-08-26T18:02:24.058-0700] {processor.py:186} INFO - Started process (PID=47288) to work on /home/jerson/airflow_venv/lib/python3.10/site-packages/airflow/example_dags/example_bash_decorator.py
[2024-08-26T18:02:24.059-0700] {processor.py:914} INFO - Processing file /home/jerson/airflow_venv/lib/python3.10/site-packages/airflow/example_dags/example_bash_decorator.py for tasks to queue
[2024-08-26T18:02:24.060-0700] {logging_mixin.py:190} INFO - [2024-08-26T18:02:24.060-0700] {dagbag.py:587} INFO - Filling up the DagBag from /home/jerson/airflow_venv/lib/python3.10/site-packages/airflow/example_dags/example_bash_decorator.py
[2024-08-26T18:02:24.069-0700] {processor.py:925} INFO - DAG(s) 'example_bash_decorator' retrieved from /home/jerson/airflow_venv/lib/python3.10/site-packages/airflow/example_dags/example_bash_decorator.py
[2024-08-26T18:02:24.079-0700] {logging_mixin.py:190} INFO - [2024-08-26T18:02:24.079-0700] {dag.py:3211} INFO - Sync 1 DAGs
[2024-08-26T18:02:24.086-0700] {logging_mixin.py:190} INFO - [2024-08-26T18:02:24.086-0700] {dag.py:4138} INFO - Setting next_dagrun for example_bash_decorator to None, run_after=None
[2024-08-26T18:02:24.101-0700] {processor.py:208} INFO - Processing /home/jerson/airflow_venv/lib/python3.10/site-packages/airflow/example_dags/example_bash_decorator.py took 0.045 seconds
[2024-08-26T18:03:13.651-0700] {processor.py:186} INFO - Started process (PID=47820) to work on /home/jerson/airflow_venv/lib/python3.10/site-packages/airflow/example_dags/example_bash_decorator.py
[2024-08-26T18:03:13.652-0700] {processor.py:914} INFO - Processing file /home/jerson/airflow_venv/lib/python3.10/site-packages/airflow/example_dags/example_bash_decorator.py for tasks to queue
[2024-08-26T18:03:13.654-0700] {logging_mixin.py:190} INFO - [2024-08-26T18:03:13.653-0700] {dagbag.py:587} INFO - Filling up the DagBag from /home/jerson/airflow_venv/lib/python3.10/site-packages/airflow/example_dags/example_bash_decorator.py
[2024-08-26T18:03:13.662-0700] {processor.py:925} INFO - DAG(s) 'example_bash_decorator' retrieved from /home/jerson/airflow_venv/lib/python3.10/site-packages/airflow/example_dags/example_bash_decorator.py
[2024-08-26T18:03:13.673-0700] {logging_mixin.py:190} INFO - [2024-08-26T18:03:13.673-0700] {dag.py:3211} INFO - Sync 1 DAGs
[2024-08-26T18:03:13.680-0700] {logging_mixin.py:190} INFO - [2024-08-26T18:03:13.680-0700] {dag.py:4138} INFO - Setting next_dagrun for example_bash_decorator to None, run_after=None
[2024-08-26T18:03:13.696-0700] {processor.py:208} INFO - Processing /home/jerson/airflow_venv/lib/python3.10/site-packages/airflow/example_dags/example_bash_decorator.py took 0.048 seconds
[2024-08-26T18:04:01.644-0700] {processor.py:186} INFO - Started process (PID=48257) to work on /home/jerson/airflow_venv/lib/python3.10/site-packages/airflow/example_dags/example_bash_decorator.py
[2024-08-26T18:04:01.645-0700] {processor.py:914} INFO - Processing file /home/jerson/airflow_venv/lib/python3.10/site-packages/airflow/example_dags/example_bash_decorator.py for tasks to queue
[2024-08-26T18:04:01.646-0700] {logging_mixin.py:190} INFO - [2024-08-26T18:04:01.646-0700] {dagbag.py:587} INFO - Filling up the DagBag from /home/jerson/airflow_venv/lib/python3.10/site-packages/airflow/example_dags/example_bash_decorator.py
[2024-08-26T18:04:01.654-0700] {processor.py:925} INFO - DAG(s) 'example_bash_decorator' retrieved from /home/jerson/airflow_venv/lib/python3.10/site-packages/airflow/example_dags/example_bash_decorator.py
[2024-08-26T18:04:01.665-0700] {logging_mixin.py:190} INFO - [2024-08-26T18:04:01.665-0700] {dag.py:3211} INFO - Sync 1 DAGs
[2024-08-26T18:04:01.672-0700] {logging_mixin.py:190} INFO - [2024-08-26T18:04:01.672-0700] {dag.py:4138} INFO - Setting next_dagrun for example_bash_decorator to None, run_after=None
[2024-08-26T18:04:01.687-0700] {processor.py:208} INFO - Processing /home/jerson/airflow_venv/lib/python3.10/site-packages/airflow/example_dags/example_bash_decorator.py took 0.047 seconds
[2024-08-26T18:04:52.322-0700] {processor.py:186} INFO - Started process (PID=48754) to work on /home/jerson/airflow_venv/lib/python3.10/site-packages/airflow/example_dags/example_bash_decorator.py
[2024-08-26T18:04:52.323-0700] {processor.py:914} INFO - Processing file /home/jerson/airflow_venv/lib/python3.10/site-packages/airflow/example_dags/example_bash_decorator.py for tasks to queue
[2024-08-26T18:04:52.324-0700] {logging_mixin.py:190} INFO - [2024-08-26T18:04:52.324-0700] {dagbag.py:587} INFO - Filling up the DagBag from /home/jerson/airflow_venv/lib/python3.10/site-packages/airflow/example_dags/example_bash_decorator.py
[2024-08-26T18:04:52.333-0700] {processor.py:925} INFO - DAG(s) 'example_bash_decorator' retrieved from /home/jerson/airflow_venv/lib/python3.10/site-packages/airflow/example_dags/example_bash_decorator.py
[2024-08-26T18:04:52.345-0700] {logging_mixin.py:190} INFO - [2024-08-26T18:04:52.345-0700] {dag.py:3211} INFO - Sync 1 DAGs
[2024-08-26T18:04:52.352-0700] {logging_mixin.py:190} INFO - [2024-08-26T18:04:52.352-0700] {dag.py:4138} INFO - Setting next_dagrun for example_bash_decorator to None, run_after=None
[2024-08-26T18:04:52.369-0700] {processor.py:208} INFO - Processing /home/jerson/airflow_venv/lib/python3.10/site-packages/airflow/example_dags/example_bash_decorator.py took 0.051 seconds
[2024-08-26T18:05:38.036-0700] {processor.py:186} INFO - Started process (PID=49154) to work on /home/jerson/airflow_venv/lib/python3.10/site-packages/airflow/example_dags/example_bash_decorator.py
[2024-08-26T18:05:38.037-0700] {processor.py:914} INFO - Processing file /home/jerson/airflow_venv/lib/python3.10/site-packages/airflow/example_dags/example_bash_decorator.py for tasks to queue
[2024-08-26T18:05:38.038-0700] {logging_mixin.py:190} INFO - [2024-08-26T18:05:38.038-0700] {dagbag.py:587} INFO - Filling up the DagBag from /home/jerson/airflow_venv/lib/python3.10/site-packages/airflow/example_dags/example_bash_decorator.py
[2024-08-26T18:05:38.048-0700] {processor.py:925} INFO - DAG(s) 'example_bash_decorator' retrieved from /home/jerson/airflow_venv/lib/python3.10/site-packages/airflow/example_dags/example_bash_decorator.py
[2024-08-26T18:05:38.059-0700] {logging_mixin.py:190} INFO - [2024-08-26T18:05:38.059-0700] {dag.py:3211} INFO - Sync 1 DAGs
[2024-08-26T18:05:38.068-0700] {logging_mixin.py:190} INFO - [2024-08-26T18:05:38.068-0700] {dag.py:4138} INFO - Setting next_dagrun for example_bash_decorator to None, run_after=None
[2024-08-26T18:05:38.085-0700] {processor.py:208} INFO - Processing /home/jerson/airflow_venv/lib/python3.10/site-packages/airflow/example_dags/example_bash_decorator.py took 0.052 seconds
[2024-08-26T18:06:26.229-0700] {processor.py:186} INFO - Started process (PID=49568) to work on /home/jerson/airflow_venv/lib/python3.10/site-packages/airflow/example_dags/example_bash_decorator.py
[2024-08-26T18:06:26.230-0700] {processor.py:914} INFO - Processing file /home/jerson/airflow_venv/lib/python3.10/site-packages/airflow/example_dags/example_bash_decorator.py for tasks to queue
[2024-08-26T18:06:26.231-0700] {logging_mixin.py:190} INFO - [2024-08-26T18:06:26.231-0700] {dagbag.py:587} INFO - Filling up the DagBag from /home/jerson/airflow_venv/lib/python3.10/site-packages/airflow/example_dags/example_bash_decorator.py
[2024-08-26T18:06:26.240-0700] {processor.py:925} INFO - DAG(s) 'example_bash_decorator' retrieved from /home/jerson/airflow_venv/lib/python3.10/site-packages/airflow/example_dags/example_bash_decorator.py
[2024-08-26T18:06:26.252-0700] {logging_mixin.py:190} INFO - [2024-08-26T18:06:26.252-0700] {dag.py:3211} INFO - Sync 1 DAGs
[2024-08-26T18:06:26.260-0700] {logging_mixin.py:190} INFO - [2024-08-26T18:06:26.260-0700] {dag.py:4138} INFO - Setting next_dagrun for example_bash_decorator to None, run_after=None
[2024-08-26T18:06:26.275-0700] {processor.py:208} INFO - Processing /home/jerson/airflow_venv/lib/python3.10/site-packages/airflow/example_dags/example_bash_decorator.py took 0.050 seconds
[2024-08-26T18:07:18.560-0700] {processor.py:186} INFO - Started process (PID=50016) to work on /home/jerson/airflow_venv/lib/python3.10/site-packages/airflow/example_dags/example_bash_decorator.py
[2024-08-26T18:07:18.561-0700] {processor.py:914} INFO - Processing file /home/jerson/airflow_venv/lib/python3.10/site-packages/airflow/example_dags/example_bash_decorator.py for tasks to queue
[2024-08-26T18:07:18.563-0700] {logging_mixin.py:190} INFO - [2024-08-26T18:07:18.562-0700] {dagbag.py:587} INFO - Filling up the DagBag from /home/jerson/airflow_venv/lib/python3.10/site-packages/airflow/example_dags/example_bash_decorator.py
[2024-08-26T18:07:18.571-0700] {processor.py:925} INFO - DAG(s) 'example_bash_decorator' retrieved from /home/jerson/airflow_venv/lib/python3.10/site-packages/airflow/example_dags/example_bash_decorator.py
[2024-08-26T18:07:18.582-0700] {logging_mixin.py:190} INFO - [2024-08-26T18:07:18.582-0700] {dag.py:3211} INFO - Sync 1 DAGs
[2024-08-26T18:07:18.589-0700] {logging_mixin.py:190} INFO - [2024-08-26T18:07:18.589-0700] {dag.py:4138} INFO - Setting next_dagrun for example_bash_decorator to None, run_after=None
[2024-08-26T18:07:18.605-0700] {processor.py:208} INFO - Processing /home/jerson/airflow_venv/lib/python3.10/site-packages/airflow/example_dags/example_bash_decorator.py took 0.048 seconds
[2024-08-26T18:08:06.379-0700] {processor.py:186} INFO - Started process (PID=50519) to work on /home/jerson/airflow_venv/lib/python3.10/site-packages/airflow/example_dags/example_bash_decorator.py
[2024-08-26T18:08:06.380-0700] {processor.py:914} INFO - Processing file /home/jerson/airflow_venv/lib/python3.10/site-packages/airflow/example_dags/example_bash_decorator.py for tasks to queue
[2024-08-26T18:08:06.381-0700] {logging_mixin.py:190} INFO - [2024-08-26T18:08:06.381-0700] {dagbag.py:587} INFO - Filling up the DagBag from /home/jerson/airflow_venv/lib/python3.10/site-packages/airflow/example_dags/example_bash_decorator.py
[2024-08-26T18:08:06.390-0700] {processor.py:925} INFO - DAG(s) 'example_bash_decorator' retrieved from /home/jerson/airflow_venv/lib/python3.10/site-packages/airflow/example_dags/example_bash_decorator.py
[2024-08-26T18:08:06.401-0700] {logging_mixin.py:190} INFO - [2024-08-26T18:08:06.401-0700] {dag.py:3211} INFO - Sync 1 DAGs
[2024-08-26T18:08:06.408-0700] {logging_mixin.py:190} INFO - [2024-08-26T18:08:06.408-0700] {dag.py:4138} INFO - Setting next_dagrun for example_bash_decorator to None, run_after=None
[2024-08-26T18:08:06.424-0700] {processor.py:208} INFO - Processing /home/jerson/airflow_venv/lib/python3.10/site-packages/airflow/example_dags/example_bash_decorator.py took 0.048 seconds
[2024-08-26T18:08:59.445-0700] {processor.py:186} INFO - Started process (PID=51018) to work on /home/jerson/airflow_venv/lib/python3.10/site-packages/airflow/example_dags/example_bash_decorator.py
[2024-08-26T18:08:59.446-0700] {processor.py:914} INFO - Processing file /home/jerson/airflow_venv/lib/python3.10/site-packages/airflow/example_dags/example_bash_decorator.py for tasks to queue
[2024-08-26T18:08:59.447-0700] {logging_mixin.py:190} INFO - [2024-08-26T18:08:59.447-0700] {dagbag.py:587} INFO - Filling up the DagBag from /home/jerson/airflow_venv/lib/python3.10/site-packages/airflow/example_dags/example_bash_decorator.py
[2024-08-26T18:08:59.456-0700] {processor.py:925} INFO - DAG(s) 'example_bash_decorator' retrieved from /home/jerson/airflow_venv/lib/python3.10/site-packages/airflow/example_dags/example_bash_decorator.py
[2024-08-26T18:08:59.467-0700] {logging_mixin.py:190} INFO - [2024-08-26T18:08:59.467-0700] {dag.py:3211} INFO - Sync 1 DAGs
[2024-08-26T18:08:59.475-0700] {logging_mixin.py:190} INFO - [2024-08-26T18:08:59.474-0700] {dag.py:4138} INFO - Setting next_dagrun for example_bash_decorator to None, run_after=None
[2024-08-26T18:08:59.490-0700] {processor.py:208} INFO - Processing /home/jerson/airflow_venv/lib/python3.10/site-packages/airflow/example_dags/example_bash_decorator.py took 0.048 seconds
[2024-08-26T18:09:50.942-0700] {processor.py:186} INFO - Started process (PID=51592) to work on /home/jerson/airflow_venv/lib/python3.10/site-packages/airflow/example_dags/example_bash_decorator.py
[2024-08-26T18:09:50.943-0700] {processor.py:914} INFO - Processing file /home/jerson/airflow_venv/lib/python3.10/site-packages/airflow/example_dags/example_bash_decorator.py for tasks to queue
[2024-08-26T18:09:50.944-0700] {logging_mixin.py:190} INFO - [2024-08-26T18:09:50.944-0700] {dagbag.py:587} INFO - Filling up the DagBag from /home/jerson/airflow_venv/lib/python3.10/site-packages/airflow/example_dags/example_bash_decorator.py
[2024-08-26T18:09:50.954-0700] {processor.py:925} INFO - DAG(s) 'example_bash_decorator' retrieved from /home/jerson/airflow_venv/lib/python3.10/site-packages/airflow/example_dags/example_bash_decorator.py
[2024-08-26T18:09:50.966-0700] {logging_mixin.py:190} INFO - [2024-08-26T18:09:50.966-0700] {dag.py:3211} INFO - Sync 1 DAGs
[2024-08-26T18:09:50.974-0700] {logging_mixin.py:190} INFO - [2024-08-26T18:09:50.974-0700] {dag.py:4138} INFO - Setting next_dagrun for example_bash_decorator to None, run_after=None
[2024-08-26T18:09:50.991-0700] {processor.py:208} INFO - Processing /home/jerson/airflow_venv/lib/python3.10/site-packages/airflow/example_dags/example_bash_decorator.py took 0.052 seconds
[2024-08-26T18:10:38.427-0700] {processor.py:186} INFO - Started process (PID=52240) to work on /home/jerson/airflow_venv/lib/python3.10/site-packages/airflow/example_dags/example_bash_decorator.py
[2024-08-26T18:10:38.428-0700] {processor.py:914} INFO - Processing file /home/jerson/airflow_venv/lib/python3.10/site-packages/airflow/example_dags/example_bash_decorator.py for tasks to queue
[2024-08-26T18:10:38.429-0700] {logging_mixin.py:190} INFO - [2024-08-26T18:10:38.429-0700] {dagbag.py:587} INFO - Filling up the DagBag from /home/jerson/airflow_venv/lib/python3.10/site-packages/airflow/example_dags/example_bash_decorator.py
[2024-08-26T18:10:38.439-0700] {processor.py:925} INFO - DAG(s) 'example_bash_decorator' retrieved from /home/jerson/airflow_venv/lib/python3.10/site-packages/airflow/example_dags/example_bash_decorator.py
[2024-08-26T18:10:38.454-0700] {logging_mixin.py:190} INFO - [2024-08-26T18:10:38.454-0700] {dag.py:3211} INFO - Sync 1 DAGs
[2024-08-26T18:10:38.463-0700] {logging_mixin.py:190} INFO - [2024-08-26T18:10:38.463-0700] {dag.py:4138} INFO - Setting next_dagrun for example_bash_decorator to None, run_after=None
[2024-08-26T18:10:38.480-0700] {processor.py:208} INFO - Processing /home/jerson/airflow_venv/lib/python3.10/site-packages/airflow/example_dags/example_bash_decorator.py took 0.056 seconds
[2024-08-26T18:11:30.084-0700] {processor.py:186} INFO - Started process (PID=52779) to work on /home/jerson/airflow_venv/lib/python3.10/site-packages/airflow/example_dags/example_bash_decorator.py
[2024-08-26T18:11:30.085-0700] {processor.py:914} INFO - Processing file /home/jerson/airflow_venv/lib/python3.10/site-packages/airflow/example_dags/example_bash_decorator.py for tasks to queue
[2024-08-26T18:11:30.085-0700] {logging_mixin.py:190} INFO - [2024-08-26T18:11:30.085-0700] {dagbag.py:587} INFO - Filling up the DagBag from /home/jerson/airflow_venv/lib/python3.10/site-packages/airflow/example_dags/example_bash_decorator.py
[2024-08-26T18:11:30.095-0700] {processor.py:925} INFO - DAG(s) 'example_bash_decorator' retrieved from /home/jerson/airflow_venv/lib/python3.10/site-packages/airflow/example_dags/example_bash_decorator.py
[2024-08-26T18:11:30.105-0700] {logging_mixin.py:190} INFO - [2024-08-26T18:11:30.105-0700] {dag.py:3211} INFO - Sync 1 DAGs
[2024-08-26T18:11:30.112-0700] {logging_mixin.py:190} INFO - [2024-08-26T18:11:30.112-0700] {dag.py:4138} INFO - Setting next_dagrun for example_bash_decorator to None, run_after=None
[2024-08-26T18:11:30.129-0700] {processor.py:208} INFO - Processing /home/jerson/airflow_venv/lib/python3.10/site-packages/airflow/example_dags/example_bash_decorator.py took 0.049 seconds
[2024-08-26T18:12:20.631-0700] {processor.py:186} INFO - Started process (PID=53325) to work on /home/jerson/airflow_venv/lib/python3.10/site-packages/airflow/example_dags/example_bash_decorator.py
[2024-08-26T18:12:20.632-0700] {processor.py:914} INFO - Processing file /home/jerson/airflow_venv/lib/python3.10/site-packages/airflow/example_dags/example_bash_decorator.py for tasks to queue
[2024-08-26T18:12:20.633-0700] {logging_mixin.py:190} INFO - [2024-08-26T18:12:20.632-0700] {dagbag.py:587} INFO - Filling up the DagBag from /home/jerson/airflow_venv/lib/python3.10/site-packages/airflow/example_dags/example_bash_decorator.py
[2024-08-26T18:12:20.642-0700] {processor.py:925} INFO - DAG(s) 'example_bash_decorator' retrieved from /home/jerson/airflow_venv/lib/python3.10/site-packages/airflow/example_dags/example_bash_decorator.py
[2024-08-26T18:12:20.654-0700] {logging_mixin.py:190} INFO - [2024-08-26T18:12:20.654-0700] {dag.py:3211} INFO - Sync 1 DAGs
[2024-08-26T18:12:20.662-0700] {logging_mixin.py:190} INFO - [2024-08-26T18:12:20.661-0700] {dag.py:4138} INFO - Setting next_dagrun for example_bash_decorator to None, run_after=None
[2024-08-26T18:12:20.678-0700] {processor.py:208} INFO - Processing /home/jerson/airflow_venv/lib/python3.10/site-packages/airflow/example_dags/example_bash_decorator.py took 0.050 seconds
[2024-08-26T18:13:11.388-0700] {processor.py:186} INFO - Started process (PID=53731) to work on /home/jerson/airflow_venv/lib/python3.10/site-packages/airflow/example_dags/example_bash_decorator.py
[2024-08-26T18:13:11.388-0700] {processor.py:914} INFO - Processing file /home/jerson/airflow_venv/lib/python3.10/site-packages/airflow/example_dags/example_bash_decorator.py for tasks to queue
[2024-08-26T18:13:11.389-0700] {logging_mixin.py:190} INFO - [2024-08-26T18:13:11.389-0700] {dagbag.py:587} INFO - Filling up the DagBag from /home/jerson/airflow_venv/lib/python3.10/site-packages/airflow/example_dags/example_bash_decorator.py
[2024-08-26T18:13:11.400-0700] {processor.py:925} INFO - DAG(s) 'example_bash_decorator' retrieved from /home/jerson/airflow_venv/lib/python3.10/site-packages/airflow/example_dags/example_bash_decorator.py
[2024-08-26T18:13:11.414-0700] {logging_mixin.py:190} INFO - [2024-08-26T18:13:11.414-0700] {dag.py:3211} INFO - Sync 1 DAGs
[2024-08-26T18:13:11.423-0700] {logging_mixin.py:190} INFO - [2024-08-26T18:13:11.423-0700] {dag.py:4138} INFO - Setting next_dagrun for example_bash_decorator to None, run_after=None
[2024-08-26T18:13:11.439-0700] {processor.py:208} INFO - Processing /home/jerson/airflow_venv/lib/python3.10/site-packages/airflow/example_dags/example_bash_decorator.py took 0.055 seconds
[2024-08-26T18:13:57.665-0700] {processor.py:186} INFO - Started process (PID=54206) to work on /home/jerson/airflow_venv/lib/python3.10/site-packages/airflow/example_dags/example_bash_decorator.py
[2024-08-26T18:13:57.666-0700] {processor.py:914} INFO - Processing file /home/jerson/airflow_venv/lib/python3.10/site-packages/airflow/example_dags/example_bash_decorator.py for tasks to queue
[2024-08-26T18:13:57.667-0700] {logging_mixin.py:190} INFO - [2024-08-26T18:13:57.667-0700] {dagbag.py:587} INFO - Filling up the DagBag from /home/jerson/airflow_venv/lib/python3.10/site-packages/airflow/example_dags/example_bash_decorator.py
[2024-08-26T18:13:57.675-0700] {processor.py:925} INFO - DAG(s) 'example_bash_decorator' retrieved from /home/jerson/airflow_venv/lib/python3.10/site-packages/airflow/example_dags/example_bash_decorator.py
[2024-08-26T18:13:57.686-0700] {logging_mixin.py:190} INFO - [2024-08-26T18:13:57.686-0700] {dag.py:3211} INFO - Sync 1 DAGs
[2024-08-26T18:13:57.692-0700] {logging_mixin.py:190} INFO - [2024-08-26T18:13:57.692-0700] {dag.py:4138} INFO - Setting next_dagrun for example_bash_decorator to None, run_after=None
[2024-08-26T18:13:57.707-0700] {processor.py:208} INFO - Processing /home/jerson/airflow_venv/lib/python3.10/site-packages/airflow/example_dags/example_bash_decorator.py took 0.045 seconds
[2024-08-26T18:14:52.538-0700] {processor.py:186} INFO - Started process (PID=54868) to work on /home/jerson/airflow_venv/lib/python3.10/site-packages/airflow/example_dags/example_bash_decorator.py
[2024-08-26T18:14:52.539-0700] {processor.py:914} INFO - Processing file /home/jerson/airflow_venv/lib/python3.10/site-packages/airflow/example_dags/example_bash_decorator.py for tasks to queue
[2024-08-26T18:14:52.540-0700] {logging_mixin.py:190} INFO - [2024-08-26T18:14:52.539-0700] {dagbag.py:587} INFO - Filling up the DagBag from /home/jerson/airflow_venv/lib/python3.10/site-packages/airflow/example_dags/example_bash_decorator.py
[2024-08-26T18:14:52.548-0700] {processor.py:925} INFO - DAG(s) 'example_bash_decorator' retrieved from /home/jerson/airflow_venv/lib/python3.10/site-packages/airflow/example_dags/example_bash_decorator.py
[2024-08-26T18:14:52.560-0700] {logging_mixin.py:190} INFO - [2024-08-26T18:14:52.559-0700] {dag.py:3211} INFO - Sync 1 DAGs
[2024-08-26T18:14:52.566-0700] {logging_mixin.py:190} INFO - [2024-08-26T18:14:52.566-0700] {dag.py:4138} INFO - Setting next_dagrun for example_bash_decorator to None, run_after=None
[2024-08-26T18:14:52.581-0700] {processor.py:208} INFO - Processing /home/jerson/airflow_venv/lib/python3.10/site-packages/airflow/example_dags/example_bash_decorator.py took 0.047 seconds
[2024-08-26T18:15:46.300-0700] {processor.py:186} INFO - Started process (PID=55437) to work on /home/jerson/airflow_venv/lib/python3.10/site-packages/airflow/example_dags/example_bash_decorator.py
[2024-08-26T18:15:46.301-0700] {processor.py:914} INFO - Processing file /home/jerson/airflow_venv/lib/python3.10/site-packages/airflow/example_dags/example_bash_decorator.py for tasks to queue
[2024-08-26T18:15:46.302-0700] {logging_mixin.py:190} INFO - [2024-08-26T18:15:46.302-0700] {dagbag.py:587} INFO - Filling up the DagBag from /home/jerson/airflow_venv/lib/python3.10/site-packages/airflow/example_dags/example_bash_decorator.py
[2024-08-26T18:15:46.310-0700] {processor.py:925} INFO - DAG(s) 'example_bash_decorator' retrieved from /home/jerson/airflow_venv/lib/python3.10/site-packages/airflow/example_dags/example_bash_decorator.py
[2024-08-26T18:15:46.321-0700] {logging_mixin.py:190} INFO - [2024-08-26T18:15:46.321-0700] {dag.py:3211} INFO - Sync 1 DAGs
[2024-08-26T18:15:46.327-0700] {logging_mixin.py:190} INFO - [2024-08-26T18:15:46.327-0700] {dag.py:4138} INFO - Setting next_dagrun for example_bash_decorator to None, run_after=None
[2024-08-26T18:15:46.342-0700] {processor.py:208} INFO - Processing /home/jerson/airflow_venv/lib/python3.10/site-packages/airflow/example_dags/example_bash_decorator.py took 0.045 seconds
[2024-08-26T18:16:34.691-0700] {processor.py:186} INFO - Started process (PID=55871) to work on /home/jerson/airflow_venv/lib/python3.10/site-packages/airflow/example_dags/example_bash_decorator.py
[2024-08-26T18:16:34.692-0700] {processor.py:914} INFO - Processing file /home/jerson/airflow_venv/lib/python3.10/site-packages/airflow/example_dags/example_bash_decorator.py for tasks to queue
[2024-08-26T18:16:34.693-0700] {logging_mixin.py:190} INFO - [2024-08-26T18:16:34.692-0700] {dagbag.py:587} INFO - Filling up the DagBag from /home/jerson/airflow_venv/lib/python3.10/site-packages/airflow/example_dags/example_bash_decorator.py
[2024-08-26T18:16:34.701-0700] {processor.py:925} INFO - DAG(s) 'example_bash_decorator' retrieved from /home/jerson/airflow_venv/lib/python3.10/site-packages/airflow/example_dags/example_bash_decorator.py
[2024-08-26T18:16:34.713-0700] {logging_mixin.py:190} INFO - [2024-08-26T18:16:34.713-0700] {dag.py:3211} INFO - Sync 1 DAGs
[2024-08-26T18:16:34.720-0700] {logging_mixin.py:190} INFO - [2024-08-26T18:16:34.720-0700] {dag.py:4138} INFO - Setting next_dagrun for example_bash_decorator to None, run_after=None
[2024-08-26T18:16:34.736-0700] {processor.py:208} INFO - Processing /home/jerson/airflow_venv/lib/python3.10/site-packages/airflow/example_dags/example_bash_decorator.py took 0.048 seconds
[2024-08-26T18:17:21.610-0700] {processor.py:186} INFO - Started process (PID=56266) to work on /home/jerson/airflow_venv/lib/python3.10/site-packages/airflow/example_dags/example_bash_decorator.py
[2024-08-26T18:17:21.611-0700] {processor.py:914} INFO - Processing file /home/jerson/airflow_venv/lib/python3.10/site-packages/airflow/example_dags/example_bash_decorator.py for tasks to queue
[2024-08-26T18:17:21.612-0700] {logging_mixin.py:190} INFO - [2024-08-26T18:17:21.611-0700] {dagbag.py:587} INFO - Filling up the DagBag from /home/jerson/airflow_venv/lib/python3.10/site-packages/airflow/example_dags/example_bash_decorator.py
[2024-08-26T18:17:21.620-0700] {processor.py:925} INFO - DAG(s) 'example_bash_decorator' retrieved from /home/jerson/airflow_venv/lib/python3.10/site-packages/airflow/example_dags/example_bash_decorator.py
[2024-08-26T18:17:21.632-0700] {logging_mixin.py:190} INFO - [2024-08-26T18:17:21.632-0700] {dag.py:3211} INFO - Sync 1 DAGs
[2024-08-26T18:17:21.639-0700] {logging_mixin.py:190} INFO - [2024-08-26T18:17:21.639-0700] {dag.py:4138} INFO - Setting next_dagrun for example_bash_decorator to None, run_after=None
[2024-08-26T18:17:21.655-0700] {processor.py:208} INFO - Processing /home/jerson/airflow_venv/lib/python3.10/site-packages/airflow/example_dags/example_bash_decorator.py took 0.048 seconds
[2024-08-26T18:18:10.622-0700] {processor.py:186} INFO - Started process (PID=56727) to work on /home/jerson/airflow_venv/lib/python3.10/site-packages/airflow/example_dags/example_bash_decorator.py
[2024-08-26T18:18:10.623-0700] {processor.py:914} INFO - Processing file /home/jerson/airflow_venv/lib/python3.10/site-packages/airflow/example_dags/example_bash_decorator.py for tasks to queue
[2024-08-26T18:18:10.623-0700] {logging_mixin.py:190} INFO - [2024-08-26T18:18:10.623-0700] {dagbag.py:587} INFO - Filling up the DagBag from /home/jerson/airflow_venv/lib/python3.10/site-packages/airflow/example_dags/example_bash_decorator.py
[2024-08-26T18:18:10.633-0700] {processor.py:925} INFO - DAG(s) 'example_bash_decorator' retrieved from /home/jerson/airflow_venv/lib/python3.10/site-packages/airflow/example_dags/example_bash_decorator.py
[2024-08-26T18:18:10.645-0700] {logging_mixin.py:190} INFO - [2024-08-26T18:18:10.644-0700] {dag.py:3211} INFO - Sync 1 DAGs
[2024-08-26T18:18:10.652-0700] {logging_mixin.py:190} INFO - [2024-08-26T18:18:10.652-0700] {dag.py:4138} INFO - Setting next_dagrun for example_bash_decorator to None, run_after=None
[2024-08-26T18:18:10.667-0700] {processor.py:208} INFO - Processing /home/jerson/airflow_venv/lib/python3.10/site-packages/airflow/example_dags/example_bash_decorator.py took 0.049 seconds
[2024-08-26T18:19:01.882-0700] {processor.py:186} INFO - Started process (PID=57231) to work on /home/jerson/airflow_venv/lib/python3.10/site-packages/airflow/example_dags/example_bash_decorator.py
[2024-08-26T18:19:01.883-0700] {processor.py:914} INFO - Processing file /home/jerson/airflow_venv/lib/python3.10/site-packages/airflow/example_dags/example_bash_decorator.py for tasks to queue
[2024-08-26T18:19:01.884-0700] {logging_mixin.py:190} INFO - [2024-08-26T18:19:01.884-0700] {dagbag.py:587} INFO - Filling up the DagBag from /home/jerson/airflow_venv/lib/python3.10/site-packages/airflow/example_dags/example_bash_decorator.py
[2024-08-26T18:19:01.892-0700] {processor.py:925} INFO - DAG(s) 'example_bash_decorator' retrieved from /home/jerson/airflow_venv/lib/python3.10/site-packages/airflow/example_dags/example_bash_decorator.py
[2024-08-26T18:19:01.903-0700] {logging_mixin.py:190} INFO - [2024-08-26T18:19:01.903-0700] {dag.py:3211} INFO - Sync 1 DAGs
[2024-08-26T18:19:01.910-0700] {logging_mixin.py:190} INFO - [2024-08-26T18:19:01.910-0700] {dag.py:4138} INFO - Setting next_dagrun for example_bash_decorator to None, run_after=None
[2024-08-26T18:19:01.926-0700] {processor.py:208} INFO - Processing /home/jerson/airflow_venv/lib/python3.10/site-packages/airflow/example_dags/example_bash_decorator.py took 0.047 seconds
[2024-08-26T18:19:50.400-0700] {processor.py:186} INFO - Started process (PID=57679) to work on /home/jerson/airflow_venv/lib/python3.10/site-packages/airflow/example_dags/example_bash_decorator.py
[2024-08-26T18:19:50.401-0700] {processor.py:914} INFO - Processing file /home/jerson/airflow_venv/lib/python3.10/site-packages/airflow/example_dags/example_bash_decorator.py for tasks to queue
[2024-08-26T18:19:50.402-0700] {logging_mixin.py:190} INFO - [2024-08-26T18:19:50.402-0700] {dagbag.py:587} INFO - Filling up the DagBag from /home/jerson/airflow_venv/lib/python3.10/site-packages/airflow/example_dags/example_bash_decorator.py
[2024-08-26T18:19:50.411-0700] {processor.py:925} INFO - DAG(s) 'example_bash_decorator' retrieved from /home/jerson/airflow_venv/lib/python3.10/site-packages/airflow/example_dags/example_bash_decorator.py
[2024-08-26T18:19:50.421-0700] {logging_mixin.py:190} INFO - [2024-08-26T18:19:50.421-0700] {dag.py:3211} INFO - Sync 1 DAGs
[2024-08-26T18:19:50.428-0700] {logging_mixin.py:190} INFO - [2024-08-26T18:19:50.428-0700] {dag.py:4138} INFO - Setting next_dagrun for example_bash_decorator to None, run_after=None
[2024-08-26T18:19:50.442-0700] {processor.py:208} INFO - Processing /home/jerson/airflow_venv/lib/python3.10/site-packages/airflow/example_dags/example_bash_decorator.py took 0.045 seconds
[2024-08-26T18:20:39.489-0700] {processor.py:186} INFO - Started process (PID=58221) to work on /home/jerson/airflow_venv/lib/python3.10/site-packages/airflow/example_dags/example_bash_decorator.py
[2024-08-26T18:20:39.490-0700] {processor.py:914} INFO - Processing file /home/jerson/airflow_venv/lib/python3.10/site-packages/airflow/example_dags/example_bash_decorator.py for tasks to queue
[2024-08-26T18:20:39.491-0700] {logging_mixin.py:190} INFO - [2024-08-26T18:20:39.491-0700] {dagbag.py:587} INFO - Filling up the DagBag from /home/jerson/airflow_venv/lib/python3.10/site-packages/airflow/example_dags/example_bash_decorator.py
[2024-08-26T18:20:39.499-0700] {processor.py:925} INFO - DAG(s) 'example_bash_decorator' retrieved from /home/jerson/airflow_venv/lib/python3.10/site-packages/airflow/example_dags/example_bash_decorator.py
[2024-08-26T18:20:39.510-0700] {logging_mixin.py:190} INFO - [2024-08-26T18:20:39.510-0700] {dag.py:3211} INFO - Sync 1 DAGs
[2024-08-26T18:20:39.517-0700] {logging_mixin.py:190} INFO - [2024-08-26T18:20:39.517-0700] {dag.py:4138} INFO - Setting next_dagrun for example_bash_decorator to None, run_after=None
[2024-08-26T18:20:39.531-0700] {processor.py:208} INFO - Processing /home/jerson/airflow_venv/lib/python3.10/site-packages/airflow/example_dags/example_bash_decorator.py took 0.045 seconds
[2024-08-26T18:21:33.774-0700] {processor.py:186} INFO - Started process (PID=58973) to work on /home/jerson/airflow_venv/lib/python3.10/site-packages/airflow/example_dags/example_bash_decorator.py
[2024-08-26T18:21:33.774-0700] {processor.py:914} INFO - Processing file /home/jerson/airflow_venv/lib/python3.10/site-packages/airflow/example_dags/example_bash_decorator.py for tasks to queue
[2024-08-26T18:21:33.775-0700] {logging_mixin.py:190} INFO - [2024-08-26T18:21:33.775-0700] {dagbag.py:587} INFO - Filling up the DagBag from /home/jerson/airflow_venv/lib/python3.10/site-packages/airflow/example_dags/example_bash_decorator.py
[2024-08-26T18:21:33.784-0700] {processor.py:925} INFO - DAG(s) 'example_bash_decorator' retrieved from /home/jerson/airflow_venv/lib/python3.10/site-packages/airflow/example_dags/example_bash_decorator.py
[2024-08-26T18:21:33.795-0700] {logging_mixin.py:190} INFO - [2024-08-26T18:21:33.795-0700] {dag.py:3211} INFO - Sync 1 DAGs
[2024-08-26T18:21:33.802-0700] {logging_mixin.py:190} INFO - [2024-08-26T18:21:33.802-0700] {dag.py:4138} INFO - Setting next_dagrun for example_bash_decorator to None, run_after=None
[2024-08-26T18:21:33.818-0700] {processor.py:208} INFO - Processing /home/jerson/airflow_venv/lib/python3.10/site-packages/airflow/example_dags/example_bash_decorator.py took 0.048 seconds
[2024-08-26T18:22:26.017-0700] {processor.py:186} INFO - Started process (PID=59504) to work on /home/jerson/airflow_venv/lib/python3.10/site-packages/airflow/example_dags/example_bash_decorator.py
[2024-08-26T18:22:26.018-0700] {processor.py:914} INFO - Processing file /home/jerson/airflow_venv/lib/python3.10/site-packages/airflow/example_dags/example_bash_decorator.py for tasks to queue
[2024-08-26T18:22:26.019-0700] {logging_mixin.py:190} INFO - [2024-08-26T18:22:26.019-0700] {dagbag.py:587} INFO - Filling up the DagBag from /home/jerson/airflow_venv/lib/python3.10/site-packages/airflow/example_dags/example_bash_decorator.py
[2024-08-26T18:22:26.029-0700] {processor.py:925} INFO - DAG(s) 'example_bash_decorator' retrieved from /home/jerson/airflow_venv/lib/python3.10/site-packages/airflow/example_dags/example_bash_decorator.py
[2024-08-26T18:22:26.043-0700] {logging_mixin.py:190} INFO - [2024-08-26T18:22:26.043-0700] {dag.py:3211} INFO - Sync 1 DAGs
[2024-08-26T18:22:26.051-0700] {logging_mixin.py:190} INFO - [2024-08-26T18:22:26.050-0700] {dag.py:4138} INFO - Setting next_dagrun for example_bash_decorator to None, run_after=None
[2024-08-26T18:22:26.068-0700] {processor.py:208} INFO - Processing /home/jerson/airflow_venv/lib/python3.10/site-packages/airflow/example_dags/example_bash_decorator.py took 0.055 seconds
[2024-08-26T18:23:15.040-0700] {processor.py:186} INFO - Started process (PID=60131) to work on /home/jerson/airflow_venv/lib/python3.10/site-packages/airflow/example_dags/example_bash_decorator.py
[2024-08-26T18:23:15.041-0700] {processor.py:914} INFO - Processing file /home/jerson/airflow_venv/lib/python3.10/site-packages/airflow/example_dags/example_bash_decorator.py for tasks to queue
[2024-08-26T18:23:15.042-0700] {logging_mixin.py:190} INFO - [2024-08-26T18:23:15.042-0700] {dagbag.py:587} INFO - Filling up the DagBag from /home/jerson/airflow_venv/lib/python3.10/site-packages/airflow/example_dags/example_bash_decorator.py
[2024-08-26T18:23:15.051-0700] {processor.py:925} INFO - DAG(s) 'example_bash_decorator' retrieved from /home/jerson/airflow_venv/lib/python3.10/site-packages/airflow/example_dags/example_bash_decorator.py
[2024-08-26T18:23:15.062-0700] {logging_mixin.py:190} INFO - [2024-08-26T18:23:15.062-0700] {dag.py:3211} INFO - Sync 1 DAGs
[2024-08-26T18:23:15.069-0700] {logging_mixin.py:190} INFO - [2024-08-26T18:23:15.069-0700] {dag.py:4138} INFO - Setting next_dagrun for example_bash_decorator to None, run_after=None
[2024-08-26T18:23:15.085-0700] {processor.py:208} INFO - Processing /home/jerson/airflow_venv/lib/python3.10/site-packages/airflow/example_dags/example_bash_decorator.py took 0.048 seconds
[2024-08-26T18:24:03.551-0700] {processor.py:186} INFO - Started process (PID=60542) to work on /home/jerson/airflow_venv/lib/python3.10/site-packages/airflow/example_dags/example_bash_decorator.py
[2024-08-26T18:24:03.552-0700] {processor.py:914} INFO - Processing file /home/jerson/airflow_venv/lib/python3.10/site-packages/airflow/example_dags/example_bash_decorator.py for tasks to queue
[2024-08-26T18:24:03.552-0700] {logging_mixin.py:190} INFO - [2024-08-26T18:24:03.552-0700] {dagbag.py:587} INFO - Filling up the DagBag from /home/jerson/airflow_venv/lib/python3.10/site-packages/airflow/example_dags/example_bash_decorator.py
[2024-08-26T18:24:03.561-0700] {processor.py:925} INFO - DAG(s) 'example_bash_decorator' retrieved from /home/jerson/airflow_venv/lib/python3.10/site-packages/airflow/example_dags/example_bash_decorator.py
[2024-08-26T18:24:03.572-0700] {logging_mixin.py:190} INFO - [2024-08-26T18:24:03.572-0700] {dag.py:3211} INFO - Sync 1 DAGs
[2024-08-26T18:24:03.579-0700] {logging_mixin.py:190} INFO - [2024-08-26T18:24:03.578-0700] {dag.py:4138} INFO - Setting next_dagrun for example_bash_decorator to None, run_after=None
[2024-08-26T18:24:03.593-0700] {processor.py:208} INFO - Processing /home/jerson/airflow_venv/lib/python3.10/site-packages/airflow/example_dags/example_bash_decorator.py took 0.046 seconds
[2024-08-26T18:24:55.992-0700] {processor.py:186} INFO - Started process (PID=60953) to work on /home/jerson/airflow_venv/lib/python3.10/site-packages/airflow/example_dags/example_bash_decorator.py
[2024-08-26T18:24:55.993-0700] {processor.py:914} INFO - Processing file /home/jerson/airflow_venv/lib/python3.10/site-packages/airflow/example_dags/example_bash_decorator.py for tasks to queue
[2024-08-26T18:24:55.994-0700] {logging_mixin.py:190} INFO - [2024-08-26T18:24:55.993-0700] {dagbag.py:587} INFO - Filling up the DagBag from /home/jerson/airflow_venv/lib/python3.10/site-packages/airflow/example_dags/example_bash_decorator.py
[2024-08-26T18:24:56.002-0700] {processor.py:925} INFO - DAG(s) 'example_bash_decorator' retrieved from /home/jerson/airflow_venv/lib/python3.10/site-packages/airflow/example_dags/example_bash_decorator.py
[2024-08-26T18:24:56.014-0700] {logging_mixin.py:190} INFO - [2024-08-26T18:24:56.014-0700] {dag.py:3211} INFO - Sync 1 DAGs
[2024-08-26T18:24:56.021-0700] {logging_mixin.py:190} INFO - [2024-08-26T18:24:56.021-0700] {dag.py:4138} INFO - Setting next_dagrun for example_bash_decorator to None, run_after=None
[2024-08-26T18:24:56.039-0700] {processor.py:208} INFO - Processing /home/jerson/airflow_venv/lib/python3.10/site-packages/airflow/example_dags/example_bash_decorator.py took 0.050 seconds
[2024-08-26T18:25:48.180-0700] {processor.py:186} INFO - Started process (PID=61624) to work on /home/jerson/airflow_venv/lib/python3.10/site-packages/airflow/example_dags/example_bash_decorator.py
[2024-08-26T18:25:48.181-0700] {processor.py:914} INFO - Processing file /home/jerson/airflow_venv/lib/python3.10/site-packages/airflow/example_dags/example_bash_decorator.py for tasks to queue
[2024-08-26T18:25:48.182-0700] {logging_mixin.py:190} INFO - [2024-08-26T18:25:48.182-0700] {dagbag.py:587} INFO - Filling up the DagBag from /home/jerson/airflow_venv/lib/python3.10/site-packages/airflow/example_dags/example_bash_decorator.py
[2024-08-26T18:25:48.190-0700] {processor.py:925} INFO - DAG(s) 'example_bash_decorator' retrieved from /home/jerson/airflow_venv/lib/python3.10/site-packages/airflow/example_dags/example_bash_decorator.py
[2024-08-26T18:25:48.201-0700] {logging_mixin.py:190} INFO - [2024-08-26T18:25:48.201-0700] {dag.py:3211} INFO - Sync 1 DAGs
[2024-08-26T18:25:48.208-0700] {logging_mixin.py:190} INFO - [2024-08-26T18:25:48.208-0700] {dag.py:4138} INFO - Setting next_dagrun for example_bash_decorator to None, run_after=None
[2024-08-26T18:25:48.223-0700] {processor.py:208} INFO - Processing /home/jerson/airflow_venv/lib/python3.10/site-packages/airflow/example_dags/example_bash_decorator.py took 0.046 seconds
[2024-08-26T18:26:43.672-0700] {processor.py:186} INFO - Started process (PID=62282) to work on /home/jerson/airflow_venv/lib/python3.10/site-packages/airflow/example_dags/example_bash_decorator.py
[2024-08-26T18:26:43.673-0700] {processor.py:914} INFO - Processing file /home/jerson/airflow_venv/lib/python3.10/site-packages/airflow/example_dags/example_bash_decorator.py for tasks to queue
[2024-08-26T18:26:43.673-0700] {logging_mixin.py:190} INFO - [2024-08-26T18:26:43.673-0700] {dagbag.py:587} INFO - Filling up the DagBag from /home/jerson/airflow_venv/lib/python3.10/site-packages/airflow/example_dags/example_bash_decorator.py
[2024-08-26T18:26:43.682-0700] {processor.py:925} INFO - DAG(s) 'example_bash_decorator' retrieved from /home/jerson/airflow_venv/lib/python3.10/site-packages/airflow/example_dags/example_bash_decorator.py
[2024-08-26T18:26:43.693-0700] {logging_mixin.py:190} INFO - [2024-08-26T18:26:43.693-0700] {dag.py:3211} INFO - Sync 1 DAGs
[2024-08-26T18:26:43.699-0700] {logging_mixin.py:190} INFO - [2024-08-26T18:26:43.699-0700] {dag.py:4138} INFO - Setting next_dagrun for example_bash_decorator to None, run_after=None
[2024-08-26T18:26:43.713-0700] {processor.py:208} INFO - Processing /home/jerson/airflow_venv/lib/python3.10/site-packages/airflow/example_dags/example_bash_decorator.py took 0.045 seconds
[2024-08-26T18:27:32.341-0700] {processor.py:186} INFO - Started process (PID=62673) to work on /home/jerson/airflow_venv/lib/python3.10/site-packages/airflow/example_dags/example_bash_decorator.py
[2024-08-26T18:27:32.342-0700] {processor.py:914} INFO - Processing file /home/jerson/airflow_venv/lib/python3.10/site-packages/airflow/example_dags/example_bash_decorator.py for tasks to queue
[2024-08-26T18:27:32.343-0700] {logging_mixin.py:190} INFO - [2024-08-26T18:27:32.343-0700] {dagbag.py:587} INFO - Filling up the DagBag from /home/jerson/airflow_venv/lib/python3.10/site-packages/airflow/example_dags/example_bash_decorator.py
[2024-08-26T18:27:32.352-0700] {processor.py:925} INFO - DAG(s) 'example_bash_decorator' retrieved from /home/jerson/airflow_venv/lib/python3.10/site-packages/airflow/example_dags/example_bash_decorator.py
[2024-08-26T18:27:32.363-0700] {logging_mixin.py:190} INFO - [2024-08-26T18:27:32.363-0700] {dag.py:3211} INFO - Sync 1 DAGs
[2024-08-26T18:27:32.371-0700] {logging_mixin.py:190} INFO - [2024-08-26T18:27:32.371-0700] {dag.py:4138} INFO - Setting next_dagrun for example_bash_decorator to None, run_after=None
[2024-08-26T18:27:32.385-0700] {processor.py:208} INFO - Processing /home/jerson/airflow_venv/lib/python3.10/site-packages/airflow/example_dags/example_bash_decorator.py took 0.047 seconds
[2024-08-26T18:28:24.016-0700] {processor.py:186} INFO - Started process (PID=63088) to work on /home/jerson/airflow_venv/lib/python3.10/site-packages/airflow/example_dags/example_bash_decorator.py
[2024-08-26T18:28:24.017-0700] {processor.py:914} INFO - Processing file /home/jerson/airflow_venv/lib/python3.10/site-packages/airflow/example_dags/example_bash_decorator.py for tasks to queue
[2024-08-26T18:28:24.018-0700] {logging_mixin.py:190} INFO - [2024-08-26T18:28:24.018-0700] {dagbag.py:587} INFO - Filling up the DagBag from /home/jerson/airflow_venv/lib/python3.10/site-packages/airflow/example_dags/example_bash_decorator.py
[2024-08-26T18:28:24.027-0700] {processor.py:925} INFO - DAG(s) 'example_bash_decorator' retrieved from /home/jerson/airflow_venv/lib/python3.10/site-packages/airflow/example_dags/example_bash_decorator.py
[2024-08-26T18:28:24.040-0700] {logging_mixin.py:190} INFO - [2024-08-26T18:28:24.040-0700] {dag.py:3211} INFO - Sync 1 DAGs
[2024-08-26T18:28:24.048-0700] {logging_mixin.py:190} INFO - [2024-08-26T18:28:24.048-0700] {dag.py:4138} INFO - Setting next_dagrun for example_bash_decorator to None, run_after=None
[2024-08-26T18:28:24.063-0700] {processor.py:208} INFO - Processing /home/jerson/airflow_venv/lib/python3.10/site-packages/airflow/example_dags/example_bash_decorator.py took 0.050 seconds
[2024-08-26T18:29:15.640-0700] {processor.py:186} INFO - Started process (PID=63494) to work on /home/jerson/airflow_venv/lib/python3.10/site-packages/airflow/example_dags/example_bash_decorator.py
[2024-08-26T18:29:15.641-0700] {processor.py:914} INFO - Processing file /home/jerson/airflow_venv/lib/python3.10/site-packages/airflow/example_dags/example_bash_decorator.py for tasks to queue
[2024-08-26T18:29:15.642-0700] {logging_mixin.py:190} INFO - [2024-08-26T18:29:15.642-0700] {dagbag.py:587} INFO - Filling up the DagBag from /home/jerson/airflow_venv/lib/python3.10/site-packages/airflow/example_dags/example_bash_decorator.py
[2024-08-26T18:29:15.651-0700] {processor.py:925} INFO - DAG(s) 'example_bash_decorator' retrieved from /home/jerson/airflow_venv/lib/python3.10/site-packages/airflow/example_dags/example_bash_decorator.py
[2024-08-26T18:29:15.662-0700] {logging_mixin.py:190} INFO - [2024-08-26T18:29:15.662-0700] {dag.py:3211} INFO - Sync 1 DAGs
[2024-08-26T18:29:15.669-0700] {logging_mixin.py:190} INFO - [2024-08-26T18:29:15.669-0700] {dag.py:4138} INFO - Setting next_dagrun for example_bash_decorator to None, run_after=None
[2024-08-26T18:29:15.684-0700] {processor.py:208} INFO - Processing /home/jerson/airflow_venv/lib/python3.10/site-packages/airflow/example_dags/example_bash_decorator.py took 0.047 seconds
[2024-08-26T18:30:03.531-0700] {processor.py:186} INFO - Started process (PID=63880) to work on /home/jerson/airflow_venv/lib/python3.10/site-packages/airflow/example_dags/example_bash_decorator.py
[2024-08-26T18:30:03.532-0700] {processor.py:914} INFO - Processing file /home/jerson/airflow_venv/lib/python3.10/site-packages/airflow/example_dags/example_bash_decorator.py for tasks to queue
[2024-08-26T18:30:03.532-0700] {logging_mixin.py:190} INFO - [2024-08-26T18:30:03.532-0700] {dagbag.py:587} INFO - Filling up the DagBag from /home/jerson/airflow_venv/lib/python3.10/site-packages/airflow/example_dags/example_bash_decorator.py
[2024-08-26T18:30:03.541-0700] {processor.py:925} INFO - DAG(s) 'example_bash_decorator' retrieved from /home/jerson/airflow_venv/lib/python3.10/site-packages/airflow/example_dags/example_bash_decorator.py
[2024-08-26T18:30:03.553-0700] {logging_mixin.py:190} INFO - [2024-08-26T18:30:03.552-0700] {dag.py:3211} INFO - Sync 1 DAGs
[2024-08-26T18:30:03.559-0700] {logging_mixin.py:190} INFO - [2024-08-26T18:30:03.559-0700] {dag.py:4138} INFO - Setting next_dagrun for example_bash_decorator to None, run_after=None
[2024-08-26T18:30:03.574-0700] {processor.py:208} INFO - Processing /home/jerson/airflow_venv/lib/python3.10/site-packages/airflow/example_dags/example_bash_decorator.py took 0.047 seconds
[2024-08-26T18:30:51.993-0700] {processor.py:186} INFO - Started process (PID=64294) to work on /home/jerson/airflow_venv/lib/python3.10/site-packages/airflow/example_dags/example_bash_decorator.py
[2024-08-26T18:30:51.994-0700] {processor.py:914} INFO - Processing file /home/jerson/airflow_venv/lib/python3.10/site-packages/airflow/example_dags/example_bash_decorator.py for tasks to queue
[2024-08-26T18:30:51.995-0700] {logging_mixin.py:190} INFO - [2024-08-26T18:30:51.995-0700] {dagbag.py:587} INFO - Filling up the DagBag from /home/jerson/airflow_venv/lib/python3.10/site-packages/airflow/example_dags/example_bash_decorator.py
[2024-08-26T18:30:52.004-0700] {processor.py:925} INFO - DAG(s) 'example_bash_decorator' retrieved from /home/jerson/airflow_venv/lib/python3.10/site-packages/airflow/example_dags/example_bash_decorator.py
[2024-08-26T18:30:52.017-0700] {logging_mixin.py:190} INFO - [2024-08-26T18:30:52.017-0700] {dag.py:3211} INFO - Sync 1 DAGs
[2024-08-26T18:30:52.024-0700] {logging_mixin.py:190} INFO - [2024-08-26T18:30:52.024-0700] {dag.py:4138} INFO - Setting next_dagrun for example_bash_decorator to None, run_after=None
[2024-08-26T18:30:52.039-0700] {processor.py:208} INFO - Processing /home/jerson/airflow_venv/lib/python3.10/site-packages/airflow/example_dags/example_bash_decorator.py took 0.050 seconds
