[2024-08-26T17:36:50.957-0700] {processor.py:186} INFO - Started process (PID=32556) to work on /home/jerson/airflow_venv/lib/python3.10/site-packages/airflow/example_dags/example_branch_labels.py
[2024-08-26T17:36:50.957-0700] {processor.py:914} INFO - Processing file /home/jerson/airflow_venv/lib/python3.10/site-packages/airflow/example_dags/example_branch_labels.py for tasks to queue
[2024-08-26T17:36:50.959-0700] {logging_mixin.py:190} INFO - [2024-08-26T17:36:50.959-0700] {dagbag.py:587} INFO - Filling up the DagBag from /home/jerson/airflow_venv/lib/python3.10/site-packages/airflow/example_dags/example_branch_labels.py
[2024-08-26T17:36:50.966-0700] {processor.py:925} INFO - DAG(s) 'example_branch_labels' retrieved from /home/jerson/airflow_venv/lib/python3.10/site-packages/airflow/example_dags/example_branch_labels.py
[2024-08-26T17:36:50.978-0700] {logging_mixin.py:190} INFO - [2024-08-26T17:36:50.977-0700] {dag.py:3211} INFO - Sync 1 DAGs
[2024-08-26T17:36:50.990-0700] {logging_mixin.py:190} INFO - [2024-08-26T17:36:50.990-0700] {dag.py:4138} INFO - Setting next_dagrun for example_branch_labels to 2024-08-26 00:00:00+00:00, run_after=2024-08-27 00:00:00+00:00
[2024-08-26T17:36:51.020-0700] {processor.py:208} INFO - Processing /home/jerson/airflow_venv/lib/python3.10/site-packages/airflow/example_dags/example_branch_labels.py took 0.068 seconds
[2024-08-26T17:37:52.792-0700] {processor.py:186} INFO - Started process (PID=33050) to work on /home/jerson/airflow_venv/lib/python3.10/site-packages/airflow/example_dags/example_branch_labels.py
[2024-08-26T17:37:52.793-0700] {processor.py:914} INFO - Processing file /home/jerson/airflow_venv/lib/python3.10/site-packages/airflow/example_dags/example_branch_labels.py for tasks to queue
[2024-08-26T17:37:52.794-0700] {logging_mixin.py:190} INFO - [2024-08-26T17:37:52.794-0700] {dagbag.py:587} INFO - Filling up the DagBag from /home/jerson/airflow_venv/lib/python3.10/site-packages/airflow/example_dags/example_branch_labels.py
[2024-08-26T17:37:52.799-0700] {processor.py:925} INFO - DAG(s) 'example_branch_labels' retrieved from /home/jerson/airflow_venv/lib/python3.10/site-packages/airflow/example_dags/example_branch_labels.py
[2024-08-26T17:37:52.809-0700] {logging_mixin.py:190} INFO - [2024-08-26T17:37:52.809-0700] {dag.py:3211} INFO - Sync 1 DAGs
[2024-08-26T17:37:52.821-0700] {logging_mixin.py:190} INFO - [2024-08-26T17:37:52.821-0700] {dag.py:4138} INFO - Setting next_dagrun for example_branch_labels to 2024-08-26 00:00:00+00:00, run_after=2024-08-27 00:00:00+00:00
[2024-08-26T17:37:52.836-0700] {processor.py:208} INFO - Processing /home/jerson/airflow_venv/lib/python3.10/site-packages/airflow/example_dags/example_branch_labels.py took 0.048 seconds
[2024-08-26T17:38:43.434-0700] {processor.py:186} INFO - Started process (PID=33454) to work on /home/jerson/airflow_venv/lib/python3.10/site-packages/airflow/example_dags/example_branch_labels.py
[2024-08-26T17:38:43.435-0700] {processor.py:914} INFO - Processing file /home/jerson/airflow_venv/lib/python3.10/site-packages/airflow/example_dags/example_branch_labels.py for tasks to queue
[2024-08-26T17:38:43.436-0700] {logging_mixin.py:190} INFO - [2024-08-26T17:38:43.436-0700] {dagbag.py:587} INFO - Filling up the DagBag from /home/jerson/airflow_venv/lib/python3.10/site-packages/airflow/example_dags/example_branch_labels.py
[2024-08-26T17:38:43.442-0700] {processor.py:925} INFO - DAG(s) 'example_branch_labels' retrieved from /home/jerson/airflow_venv/lib/python3.10/site-packages/airflow/example_dags/example_branch_labels.py
[2024-08-26T17:38:43.450-0700] {logging_mixin.py:190} INFO - [2024-08-26T17:38:43.450-0700] {dag.py:3211} INFO - Sync 1 DAGs
[2024-08-26T17:38:43.461-0700] {logging_mixin.py:190} INFO - [2024-08-26T17:38:43.461-0700] {dag.py:4138} INFO - Setting next_dagrun for example_branch_labels to 2024-08-26 00:00:00+00:00, run_after=2024-08-27 00:00:00+00:00
[2024-08-26T17:38:43.478-0700] {processor.py:208} INFO - Processing /home/jerson/airflow_venv/lib/python3.10/site-packages/airflow/example_dags/example_branch_labels.py took 0.047 seconds
[2024-08-26T17:39:52.990-0700] {processor.py:186} INFO - Started process (PID=34034) to work on /home/jerson/airflow_venv/lib/python3.10/site-packages/airflow/example_dags/example_branch_labels.py
[2024-08-26T17:39:52.991-0700] {processor.py:914} INFO - Processing file /home/jerson/airflow_venv/lib/python3.10/site-packages/airflow/example_dags/example_branch_labels.py for tasks to queue
[2024-08-26T17:39:52.992-0700] {logging_mixin.py:190} INFO - [2024-08-26T17:39:52.992-0700] {dagbag.py:587} INFO - Filling up the DagBag from /home/jerson/airflow_venv/lib/python3.10/site-packages/airflow/example_dags/example_branch_labels.py
[2024-08-26T17:39:52.998-0700] {processor.py:925} INFO - DAG(s) 'example_branch_labels' retrieved from /home/jerson/airflow_venv/lib/python3.10/site-packages/airflow/example_dags/example_branch_labels.py
[2024-08-26T17:39:53.007-0700] {logging_mixin.py:190} INFO - [2024-08-26T17:39:53.007-0700] {dag.py:3211} INFO - Sync 1 DAGs
[2024-08-26T17:39:53.018-0700] {logging_mixin.py:190} INFO - [2024-08-26T17:39:53.018-0700] {dag.py:4138} INFO - Setting next_dagrun for example_branch_labels to 2024-08-26 00:00:00+00:00, run_after=2024-08-27 00:00:00+00:00
[2024-08-26T17:39:53.035-0700] {processor.py:208} INFO - Processing /home/jerson/airflow_venv/lib/python3.10/site-packages/airflow/example_dags/example_branch_labels.py took 0.048 seconds
[2024-08-26T17:40:42.611-0700] {processor.py:186} INFO - Started process (PID=34434) to work on /home/jerson/airflow_venv/lib/python3.10/site-packages/airflow/example_dags/example_branch_labels.py
[2024-08-26T17:40:42.612-0700] {processor.py:914} INFO - Processing file /home/jerson/airflow_venv/lib/python3.10/site-packages/airflow/example_dags/example_branch_labels.py for tasks to queue
[2024-08-26T17:40:42.613-0700] {logging_mixin.py:190} INFO - [2024-08-26T17:40:42.613-0700] {dagbag.py:587} INFO - Filling up the DagBag from /home/jerson/airflow_venv/lib/python3.10/site-packages/airflow/example_dags/example_branch_labels.py
[2024-08-26T17:40:42.618-0700] {processor.py:925} INFO - DAG(s) 'example_branch_labels' retrieved from /home/jerson/airflow_venv/lib/python3.10/site-packages/airflow/example_dags/example_branch_labels.py
[2024-08-26T17:40:42.627-0700] {logging_mixin.py:190} INFO - [2024-08-26T17:40:42.627-0700] {dag.py:3211} INFO - Sync 1 DAGs
[2024-08-26T17:40:42.638-0700] {logging_mixin.py:190} INFO - [2024-08-26T17:40:42.638-0700] {dag.py:4138} INFO - Setting next_dagrun for example_branch_labels to 2024-08-26 00:00:00+00:00, run_after=2024-08-27 00:00:00+00:00
[2024-08-26T17:40:42.653-0700] {processor.py:208} INFO - Processing /home/jerson/airflow_venv/lib/python3.10/site-packages/airflow/example_dags/example_branch_labels.py took 0.046 seconds
[2024-08-26T17:41:31.732-0700] {processor.py:186} INFO - Started process (PID=34823) to work on /home/jerson/airflow_venv/lib/python3.10/site-packages/airflow/example_dags/example_branch_labels.py
[2024-08-26T17:41:31.732-0700] {processor.py:914} INFO - Processing file /home/jerson/airflow_venv/lib/python3.10/site-packages/airflow/example_dags/example_branch_labels.py for tasks to queue
[2024-08-26T17:41:31.734-0700] {logging_mixin.py:190} INFO - [2024-08-26T17:41:31.733-0700] {dagbag.py:587} INFO - Filling up the DagBag from /home/jerson/airflow_venv/lib/python3.10/site-packages/airflow/example_dags/example_branch_labels.py
[2024-08-26T17:41:31.739-0700] {processor.py:925} INFO - DAG(s) 'example_branch_labels' retrieved from /home/jerson/airflow_venv/lib/python3.10/site-packages/airflow/example_dags/example_branch_labels.py
[2024-08-26T17:41:31.748-0700] {logging_mixin.py:190} INFO - [2024-08-26T17:41:31.748-0700] {dag.py:3211} INFO - Sync 1 DAGs
[2024-08-26T17:41:31.759-0700] {logging_mixin.py:190} INFO - [2024-08-26T17:41:31.759-0700] {dag.py:4138} INFO - Setting next_dagrun for example_branch_labels to 2024-08-26 00:00:00+00:00, run_after=2024-08-27 00:00:00+00:00
[2024-08-26T17:41:31.773-0700] {processor.py:208} INFO - Processing /home/jerson/airflow_venv/lib/python3.10/site-packages/airflow/example_dags/example_branch_labels.py took 0.045 seconds
[2024-08-26T17:42:19.857-0700] {processor.py:186} INFO - Started process (PID=35210) to work on /home/jerson/airflow_venv/lib/python3.10/site-packages/airflow/example_dags/example_branch_labels.py
[2024-08-26T17:42:19.858-0700] {processor.py:914} INFO - Processing file /home/jerson/airflow_venv/lib/python3.10/site-packages/airflow/example_dags/example_branch_labels.py for tasks to queue
[2024-08-26T17:42:19.859-0700] {logging_mixin.py:190} INFO - [2024-08-26T17:42:19.859-0700] {dagbag.py:587} INFO - Filling up the DagBag from /home/jerson/airflow_venv/lib/python3.10/site-packages/airflow/example_dags/example_branch_labels.py
[2024-08-26T17:42:19.865-0700] {processor.py:925} INFO - DAG(s) 'example_branch_labels' retrieved from /home/jerson/airflow_venv/lib/python3.10/site-packages/airflow/example_dags/example_branch_labels.py
[2024-08-26T17:42:19.874-0700] {logging_mixin.py:190} INFO - [2024-08-26T17:42:19.874-0700] {dag.py:3211} INFO - Sync 1 DAGs
[2024-08-26T17:42:19.885-0700] {logging_mixin.py:190} INFO - [2024-08-26T17:42:19.885-0700] {dag.py:4138} INFO - Setting next_dagrun for example_branch_labels to 2024-08-26 00:00:00+00:00, run_after=2024-08-27 00:00:00+00:00
[2024-08-26T17:42:19.901-0700] {processor.py:208} INFO - Processing /home/jerson/airflow_venv/lib/python3.10/site-packages/airflow/example_dags/example_branch_labels.py took 0.047 seconds
[2024-08-26T17:43:10.042-0700] {processor.py:186} INFO - Started process (PID=35602) to work on /home/jerson/airflow_venv/lib/python3.10/site-packages/airflow/example_dags/example_branch_labels.py
[2024-08-26T17:43:10.043-0700] {processor.py:914} INFO - Processing file /home/jerson/airflow_venv/lib/python3.10/site-packages/airflow/example_dags/example_branch_labels.py for tasks to queue
[2024-08-26T17:43:10.044-0700] {logging_mixin.py:190} INFO - [2024-08-26T17:43:10.044-0700] {dagbag.py:587} INFO - Filling up the DagBag from /home/jerson/airflow_venv/lib/python3.10/site-packages/airflow/example_dags/example_branch_labels.py
[2024-08-26T17:43:10.050-0700] {processor.py:925} INFO - DAG(s) 'example_branch_labels' retrieved from /home/jerson/airflow_venv/lib/python3.10/site-packages/airflow/example_dags/example_branch_labels.py
[2024-08-26T17:43:10.059-0700] {logging_mixin.py:190} INFO - [2024-08-26T17:43:10.059-0700] {dag.py:3211} INFO - Sync 1 DAGs
[2024-08-26T17:43:10.070-0700] {logging_mixin.py:190} INFO - [2024-08-26T17:43:10.070-0700] {dag.py:4138} INFO - Setting next_dagrun for example_branch_labels to 2024-08-26 00:00:00+00:00, run_after=2024-08-27 00:00:00+00:00
[2024-08-26T17:43:10.085-0700] {processor.py:208} INFO - Processing /home/jerson/airflow_venv/lib/python3.10/site-packages/airflow/example_dags/example_branch_labels.py took 0.046 seconds
[2024-08-26T17:44:00.307-0700] {processor.py:186} INFO - Started process (PID=36004) to work on /home/jerson/airflow_venv/lib/python3.10/site-packages/airflow/example_dags/example_branch_labels.py
[2024-08-26T17:44:00.308-0700] {processor.py:914} INFO - Processing file /home/jerson/airflow_venv/lib/python3.10/site-packages/airflow/example_dags/example_branch_labels.py for tasks to queue
[2024-08-26T17:44:00.310-0700] {logging_mixin.py:190} INFO - [2024-08-26T17:44:00.309-0700] {dagbag.py:587} INFO - Filling up the DagBag from /home/jerson/airflow_venv/lib/python3.10/site-packages/airflow/example_dags/example_branch_labels.py
[2024-08-26T17:44:00.315-0700] {processor.py:925} INFO - DAG(s) 'example_branch_labels' retrieved from /home/jerson/airflow_venv/lib/python3.10/site-packages/airflow/example_dags/example_branch_labels.py
[2024-08-26T17:44:00.325-0700] {logging_mixin.py:190} INFO - [2024-08-26T17:44:00.325-0700] {dag.py:3211} INFO - Sync 1 DAGs
[2024-08-26T17:44:00.337-0700] {logging_mixin.py:190} INFO - [2024-08-26T17:44:00.336-0700] {dag.py:4138} INFO - Setting next_dagrun for example_branch_labels to 2024-08-26 00:00:00+00:00, run_after=2024-08-27 00:00:00+00:00
[2024-08-26T17:44:00.353-0700] {processor.py:208} INFO - Processing /home/jerson/airflow_venv/lib/python3.10/site-packages/airflow/example_dags/example_branch_labels.py took 0.048 seconds
[2024-08-26T17:44:47.197-0700] {processor.py:186} INFO - Started process (PID=36407) to work on /home/jerson/airflow_venv/lib/python3.10/site-packages/airflow/example_dags/example_branch_labels.py
[2024-08-26T17:44:47.198-0700] {processor.py:914} INFO - Processing file /home/jerson/airflow_venv/lib/python3.10/site-packages/airflow/example_dags/example_branch_labels.py for tasks to queue
[2024-08-26T17:44:47.199-0700] {logging_mixin.py:190} INFO - [2024-08-26T17:44:47.199-0700] {dagbag.py:587} INFO - Filling up the DagBag from /home/jerson/airflow_venv/lib/python3.10/site-packages/airflow/example_dags/example_branch_labels.py
[2024-08-26T17:44:47.204-0700] {processor.py:925} INFO - DAG(s) 'example_branch_labels' retrieved from /home/jerson/airflow_venv/lib/python3.10/site-packages/airflow/example_dags/example_branch_labels.py
[2024-08-26T17:44:47.214-0700] {logging_mixin.py:190} INFO - [2024-08-26T17:44:47.214-0700] {dag.py:3211} INFO - Sync 1 DAGs
[2024-08-26T17:44:47.226-0700] {logging_mixin.py:190} INFO - [2024-08-26T17:44:47.225-0700] {dag.py:4138} INFO - Setting next_dagrun for example_branch_labels to 2024-08-26 00:00:00+00:00, run_after=2024-08-27 00:00:00+00:00
[2024-08-26T17:44:47.241-0700] {processor.py:208} INFO - Processing /home/jerson/airflow_venv/lib/python3.10/site-packages/airflow/example_dags/example_branch_labels.py took 0.048 seconds
[2024-08-26T17:45:37.950-0700] {processor.py:186} INFO - Started process (PID=36813) to work on /home/jerson/airflow_venv/lib/python3.10/site-packages/airflow/example_dags/example_branch_labels.py
[2024-08-26T17:45:37.951-0700] {processor.py:914} INFO - Processing file /home/jerson/airflow_venv/lib/python3.10/site-packages/airflow/example_dags/example_branch_labels.py for tasks to queue
[2024-08-26T17:45:37.953-0700] {logging_mixin.py:190} INFO - [2024-08-26T17:45:37.952-0700] {dagbag.py:587} INFO - Filling up the DagBag from /home/jerson/airflow_venv/lib/python3.10/site-packages/airflow/example_dags/example_branch_labels.py
[2024-08-26T17:45:37.958-0700] {processor.py:925} INFO - DAG(s) 'example_branch_labels' retrieved from /home/jerson/airflow_venv/lib/python3.10/site-packages/airflow/example_dags/example_branch_labels.py
[2024-08-26T17:45:37.968-0700] {logging_mixin.py:190} INFO - [2024-08-26T17:45:37.968-0700] {dag.py:3211} INFO - Sync 1 DAGs
[2024-08-26T17:45:37.980-0700] {logging_mixin.py:190} INFO - [2024-08-26T17:45:37.980-0700] {dag.py:4138} INFO - Setting next_dagrun for example_branch_labels to 2024-08-26 00:00:00+00:00, run_after=2024-08-27 00:00:00+00:00
[2024-08-26T17:45:37.995-0700] {processor.py:208} INFO - Processing /home/jerson/airflow_venv/lib/python3.10/site-packages/airflow/example_dags/example_branch_labels.py took 0.047 seconds
[2024-08-26T17:46:27.775-0700] {processor.py:186} INFO - Started process (PID=37480) to work on /home/jerson/airflow_venv/lib/python3.10/site-packages/airflow/example_dags/example_branch_labels.py
[2024-08-26T17:46:27.776-0700] {processor.py:914} INFO - Processing file /home/jerson/airflow_venv/lib/python3.10/site-packages/airflow/example_dags/example_branch_labels.py for tasks to queue
[2024-08-26T17:46:27.777-0700] {logging_mixin.py:190} INFO - [2024-08-26T17:46:27.776-0700] {dagbag.py:587} INFO - Filling up the DagBag from /home/jerson/airflow_venv/lib/python3.10/site-packages/airflow/example_dags/example_branch_labels.py
[2024-08-26T17:46:27.782-0700] {processor.py:925} INFO - DAG(s) 'example_branch_labels' retrieved from /home/jerson/airflow_venv/lib/python3.10/site-packages/airflow/example_dags/example_branch_labels.py
[2024-08-26T17:46:27.791-0700] {logging_mixin.py:190} INFO - [2024-08-26T17:46:27.791-0700] {dag.py:3211} INFO - Sync 1 DAGs
[2024-08-26T17:46:27.802-0700] {logging_mixin.py:190} INFO - [2024-08-26T17:46:27.802-0700] {dag.py:4138} INFO - Setting next_dagrun for example_branch_labels to 2024-08-26 00:00:00+00:00, run_after=2024-08-27 00:00:00+00:00
[2024-08-26T17:46:27.818-0700] {processor.py:208} INFO - Processing /home/jerson/airflow_venv/lib/python3.10/site-packages/airflow/example_dags/example_branch_labels.py took 0.047 seconds
[2024-08-26T17:47:16.416-0700] {processor.py:186} INFO - Started process (PID=37928) to work on /home/jerson/airflow_venv/lib/python3.10/site-packages/airflow/example_dags/example_branch_labels.py
[2024-08-26T17:47:16.417-0700] {processor.py:914} INFO - Processing file /home/jerson/airflow_venv/lib/python3.10/site-packages/airflow/example_dags/example_branch_labels.py for tasks to queue
[2024-08-26T17:47:16.418-0700] {logging_mixin.py:190} INFO - [2024-08-26T17:47:16.418-0700] {dagbag.py:587} INFO - Filling up the DagBag from /home/jerson/airflow_venv/lib/python3.10/site-packages/airflow/example_dags/example_branch_labels.py
[2024-08-26T17:47:16.425-0700] {processor.py:925} INFO - DAG(s) 'example_branch_labels' retrieved from /home/jerson/airflow_venv/lib/python3.10/site-packages/airflow/example_dags/example_branch_labels.py
[2024-08-26T17:47:16.437-0700] {logging_mixin.py:190} INFO - [2024-08-26T17:47:16.437-0700] {dag.py:3211} INFO - Sync 1 DAGs
[2024-08-26T17:47:16.449-0700] {logging_mixin.py:190} INFO - [2024-08-26T17:47:16.449-0700] {dag.py:4138} INFO - Setting next_dagrun for example_branch_labels to 2024-08-26 00:00:00+00:00, run_after=2024-08-27 00:00:00+00:00
[2024-08-26T17:47:16.467-0700] {processor.py:208} INFO - Processing /home/jerson/airflow_venv/lib/python3.10/site-packages/airflow/example_dags/example_branch_labels.py took 0.054 seconds
[2024-08-26T17:48:07.812-0700] {processor.py:186} INFO - Started process (PID=38441) to work on /home/jerson/airflow_venv/lib/python3.10/site-packages/airflow/example_dags/example_branch_labels.py
[2024-08-26T17:48:07.812-0700] {processor.py:914} INFO - Processing file /home/jerson/airflow_venv/lib/python3.10/site-packages/airflow/example_dags/example_branch_labels.py for tasks to queue
[2024-08-26T17:48:07.814-0700] {logging_mixin.py:190} INFO - [2024-08-26T17:48:07.814-0700] {dagbag.py:587} INFO - Filling up the DagBag from /home/jerson/airflow_venv/lib/python3.10/site-packages/airflow/example_dags/example_branch_labels.py
[2024-08-26T17:48:07.822-0700] {processor.py:925} INFO - DAG(s) 'example_branch_labels' retrieved from /home/jerson/airflow_venv/lib/python3.10/site-packages/airflow/example_dags/example_branch_labels.py
[2024-08-26T17:48:07.832-0700] {logging_mixin.py:190} INFO - [2024-08-26T17:48:07.832-0700] {dag.py:3211} INFO - Sync 1 DAGs
[2024-08-26T17:48:07.845-0700] {logging_mixin.py:190} INFO - [2024-08-26T17:48:07.845-0700] {dag.py:4138} INFO - Setting next_dagrun for example_branch_labels to 2024-08-26 00:00:00+00:00, run_after=2024-08-27 00:00:00+00:00
[2024-08-26T17:48:07.862-0700] {processor.py:208} INFO - Processing /home/jerson/airflow_venv/lib/python3.10/site-packages/airflow/example_dags/example_branch_labels.py took 0.054 seconds
[2024-08-26T17:48:59.731-0700] {processor.py:186} INFO - Started process (PID=38952) to work on /home/jerson/airflow_venv/lib/python3.10/site-packages/airflow/example_dags/example_branch_labels.py
[2024-08-26T17:48:59.732-0700] {processor.py:914} INFO - Processing file /home/jerson/airflow_venv/lib/python3.10/site-packages/airflow/example_dags/example_branch_labels.py for tasks to queue
[2024-08-26T17:48:59.733-0700] {logging_mixin.py:190} INFO - [2024-08-26T17:48:59.733-0700] {dagbag.py:587} INFO - Filling up the DagBag from /home/jerson/airflow_venv/lib/python3.10/site-packages/airflow/example_dags/example_branch_labels.py
[2024-08-26T17:48:59.739-0700] {processor.py:925} INFO - DAG(s) 'example_branch_labels' retrieved from /home/jerson/airflow_venv/lib/python3.10/site-packages/airflow/example_dags/example_branch_labels.py
[2024-08-26T17:48:59.750-0700] {logging_mixin.py:190} INFO - [2024-08-26T17:48:59.750-0700] {dag.py:3211} INFO - Sync 1 DAGs
[2024-08-26T17:48:59.763-0700] {logging_mixin.py:190} INFO - [2024-08-26T17:48:59.763-0700] {dag.py:4138} INFO - Setting next_dagrun for example_branch_labels to 2024-08-26 00:00:00+00:00, run_after=2024-08-27 00:00:00+00:00
[2024-08-26T17:48:59.782-0700] {processor.py:208} INFO - Processing /home/jerson/airflow_venv/lib/python3.10/site-packages/airflow/example_dags/example_branch_labels.py took 0.055 seconds
[2024-08-26T17:49:53.127-0700] {processor.py:186} INFO - Started process (PID=39403) to work on /home/jerson/airflow_venv/lib/python3.10/site-packages/airflow/example_dags/example_branch_labels.py
[2024-08-26T17:49:53.128-0700] {processor.py:914} INFO - Processing file /home/jerson/airflow_venv/lib/python3.10/site-packages/airflow/example_dags/example_branch_labels.py for tasks to queue
[2024-08-26T17:49:53.130-0700] {logging_mixin.py:190} INFO - [2024-08-26T17:49:53.129-0700] {dagbag.py:587} INFO - Filling up the DagBag from /home/jerson/airflow_venv/lib/python3.10/site-packages/airflow/example_dags/example_branch_labels.py
[2024-08-26T17:49:53.135-0700] {processor.py:925} INFO - DAG(s) 'example_branch_labels' retrieved from /home/jerson/airflow_venv/lib/python3.10/site-packages/airflow/example_dags/example_branch_labels.py
[2024-08-26T17:49:53.145-0700] {logging_mixin.py:190} INFO - [2024-08-26T17:49:53.145-0700] {dag.py:3211} INFO - Sync 1 DAGs
[2024-08-26T17:49:53.159-0700] {logging_mixin.py:190} INFO - [2024-08-26T17:49:53.159-0700] {dag.py:4138} INFO - Setting next_dagrun for example_branch_labels to 2024-08-26 00:00:00+00:00, run_after=2024-08-27 00:00:00+00:00
[2024-08-26T17:49:53.176-0700] {processor.py:208} INFO - Processing /home/jerson/airflow_venv/lib/python3.10/site-packages/airflow/example_dags/example_branch_labels.py took 0.052 seconds
[2024-08-26T17:50:43.254-0700] {processor.py:186} INFO - Started process (PID=39807) to work on /home/jerson/airflow_venv/lib/python3.10/site-packages/airflow/example_dags/example_branch_labels.py
[2024-08-26T17:50:43.255-0700] {processor.py:914} INFO - Processing file /home/jerson/airflow_venv/lib/python3.10/site-packages/airflow/example_dags/example_branch_labels.py for tasks to queue
[2024-08-26T17:50:43.256-0700] {logging_mixin.py:190} INFO - [2024-08-26T17:50:43.256-0700] {dagbag.py:587} INFO - Filling up the DagBag from /home/jerson/airflow_venv/lib/python3.10/site-packages/airflow/example_dags/example_branch_labels.py
[2024-08-26T17:50:43.262-0700] {processor.py:925} INFO - DAG(s) 'example_branch_labels' retrieved from /home/jerson/airflow_venv/lib/python3.10/site-packages/airflow/example_dags/example_branch_labels.py
[2024-08-26T17:50:43.273-0700] {logging_mixin.py:190} INFO - [2024-08-26T17:50:43.273-0700] {dag.py:3211} INFO - Sync 1 DAGs
[2024-08-26T17:50:43.287-0700] {logging_mixin.py:190} INFO - [2024-08-26T17:50:43.287-0700] {dag.py:4138} INFO - Setting next_dagrun for example_branch_labels to 2024-08-26 00:00:00+00:00, run_after=2024-08-27 00:00:00+00:00
[2024-08-26T17:50:43.305-0700] {processor.py:208} INFO - Processing /home/jerson/airflow_venv/lib/python3.10/site-packages/airflow/example_dags/example_branch_labels.py took 0.055 seconds
[2024-08-26T17:51:33.286-0700] {processor.py:186} INFO - Started process (PID=40263) to work on /home/jerson/airflow_venv/lib/python3.10/site-packages/airflow/example_dags/example_branch_labels.py
[2024-08-26T17:51:33.288-0700] {processor.py:914} INFO - Processing file /home/jerson/airflow_venv/lib/python3.10/site-packages/airflow/example_dags/example_branch_labels.py for tasks to queue
[2024-08-26T17:51:33.289-0700] {logging_mixin.py:190} INFO - [2024-08-26T17:51:33.289-0700] {dagbag.py:587} INFO - Filling up the DagBag from /home/jerson/airflow_venv/lib/python3.10/site-packages/airflow/example_dags/example_branch_labels.py
[2024-08-26T17:51:33.296-0700] {processor.py:925} INFO - DAG(s) 'example_branch_labels' retrieved from /home/jerson/airflow_venv/lib/python3.10/site-packages/airflow/example_dags/example_branch_labels.py
[2024-08-26T17:51:33.306-0700] {logging_mixin.py:190} INFO - [2024-08-26T17:51:33.306-0700] {dag.py:3211} INFO - Sync 1 DAGs
[2024-08-26T17:51:33.320-0700] {logging_mixin.py:190} INFO - [2024-08-26T17:51:33.319-0700] {dag.py:4138} INFO - Setting next_dagrun for example_branch_labels to 2024-08-26 00:00:00+00:00, run_after=2024-08-27 00:00:00+00:00
[2024-08-26T17:51:33.338-0700] {processor.py:208} INFO - Processing /home/jerson/airflow_venv/lib/python3.10/site-packages/airflow/example_dags/example_branch_labels.py took 0.055 seconds
[2024-08-26T17:55:48.603-0700] {processor.py:186} INFO - Started process (PID=43090) to work on /home/jerson/airflow_venv/lib/python3.10/site-packages/airflow/example_dags/example_branch_labels.py
[2024-08-26T17:55:48.604-0700] {processor.py:914} INFO - Processing file /home/jerson/airflow_venv/lib/python3.10/site-packages/airflow/example_dags/example_branch_labels.py for tasks to queue
[2024-08-26T17:55:48.605-0700] {logging_mixin.py:190} INFO - [2024-08-26T17:55:48.605-0700] {dagbag.py:587} INFO - Filling up the DagBag from /home/jerson/airflow_venv/lib/python3.10/site-packages/airflow/example_dags/example_branch_labels.py
[2024-08-26T17:55:48.610-0700] {processor.py:925} INFO - DAG(s) 'example_branch_labels' retrieved from /home/jerson/airflow_venv/lib/python3.10/site-packages/airflow/example_dags/example_branch_labels.py
[2024-08-26T17:55:48.620-0700] {logging_mixin.py:190} INFO - [2024-08-26T17:55:48.620-0700] {dag.py:3211} INFO - Sync 1 DAGs
[2024-08-26T17:55:48.631-0700] {logging_mixin.py:190} INFO - [2024-08-26T17:55:48.631-0700] {dag.py:4138} INFO - Setting next_dagrun for example_branch_labels to 2024-08-26 00:00:00+00:00, run_after=2024-08-27 00:00:00+00:00
[2024-08-26T17:55:48.646-0700] {processor.py:208} INFO - Processing /home/jerson/airflow_venv/lib/python3.10/site-packages/airflow/example_dags/example_branch_labels.py took 0.046 seconds
[2024-08-26T17:56:44.454-0700] {processor.py:186} INFO - Started process (PID=43709) to work on /home/jerson/airflow_venv/lib/python3.10/site-packages/airflow/example_dags/example_branch_labels.py
[2024-08-26T17:56:44.455-0700] {processor.py:914} INFO - Processing file /home/jerson/airflow_venv/lib/python3.10/site-packages/airflow/example_dags/example_branch_labels.py for tasks to queue
[2024-08-26T17:56:44.456-0700] {logging_mixin.py:190} INFO - [2024-08-26T17:56:44.456-0700] {dagbag.py:587} INFO - Filling up the DagBag from /home/jerson/airflow_venv/lib/python3.10/site-packages/airflow/example_dags/example_branch_labels.py
[2024-08-26T17:56:44.462-0700] {processor.py:925} INFO - DAG(s) 'example_branch_labels' retrieved from /home/jerson/airflow_venv/lib/python3.10/site-packages/airflow/example_dags/example_branch_labels.py
[2024-08-26T17:56:44.472-0700] {logging_mixin.py:190} INFO - [2024-08-26T17:56:44.471-0700] {dag.py:3211} INFO - Sync 1 DAGs
[2024-08-26T17:56:44.483-0700] {logging_mixin.py:190} INFO - [2024-08-26T17:56:44.483-0700] {dag.py:4138} INFO - Setting next_dagrun for example_branch_labels to 2024-08-26 00:00:00+00:00, run_after=2024-08-27 00:00:00+00:00
[2024-08-26T17:56:44.502-0700] {processor.py:208} INFO - Processing /home/jerson/airflow_venv/lib/python3.10/site-packages/airflow/example_dags/example_branch_labels.py took 0.051 seconds
[2024-08-26T17:57:37.611-0700] {processor.py:186} INFO - Started process (PID=44321) to work on /home/jerson/airflow_venv/lib/python3.10/site-packages/airflow/example_dags/example_branch_labels.py
[2024-08-26T17:57:37.612-0700] {processor.py:914} INFO - Processing file /home/jerson/airflow_venv/lib/python3.10/site-packages/airflow/example_dags/example_branch_labels.py for tasks to queue
[2024-08-26T17:57:37.613-0700] {logging_mixin.py:190} INFO - [2024-08-26T17:57:37.613-0700] {dagbag.py:587} INFO - Filling up the DagBag from /home/jerson/airflow_venv/lib/python3.10/site-packages/airflow/example_dags/example_branch_labels.py
[2024-08-26T17:57:37.620-0700] {processor.py:925} INFO - DAG(s) 'example_branch_labels' retrieved from /home/jerson/airflow_venv/lib/python3.10/site-packages/airflow/example_dags/example_branch_labels.py
[2024-08-26T17:57:37.635-0700] {logging_mixin.py:190} INFO - [2024-08-26T17:57:37.634-0700] {dag.py:3211} INFO - Sync 1 DAGs
[2024-08-26T17:57:37.650-0700] {logging_mixin.py:190} INFO - [2024-08-26T17:57:37.650-0700] {dag.py:4138} INFO - Setting next_dagrun for example_branch_labels to 2024-08-26 00:00:00+00:00, run_after=2024-08-27 00:00:00+00:00
[2024-08-26T17:57:37.671-0700] {processor.py:208} INFO - Processing /home/jerson/airflow_venv/lib/python3.10/site-packages/airflow/example_dags/example_branch_labels.py took 0.065 seconds
[2024-08-26T17:58:30.039-0700] {processor.py:186} INFO - Started process (PID=44895) to work on /home/jerson/airflow_venv/lib/python3.10/site-packages/airflow/example_dags/example_branch_labels.py
[2024-08-26T17:58:30.040-0700] {processor.py:914} INFO - Processing file /home/jerson/airflow_venv/lib/python3.10/site-packages/airflow/example_dags/example_branch_labels.py for tasks to queue
[2024-08-26T17:58:30.041-0700] {logging_mixin.py:190} INFO - [2024-08-26T17:58:30.041-0700] {dagbag.py:587} INFO - Filling up the DagBag from /home/jerson/airflow_venv/lib/python3.10/site-packages/airflow/example_dags/example_branch_labels.py
[2024-08-26T17:58:30.047-0700] {processor.py:925} INFO - DAG(s) 'example_branch_labels' retrieved from /home/jerson/airflow_venv/lib/python3.10/site-packages/airflow/example_dags/example_branch_labels.py
[2024-08-26T17:58:30.058-0700] {logging_mixin.py:190} INFO - [2024-08-26T17:58:30.057-0700] {dag.py:3211} INFO - Sync 1 DAGs
[2024-08-26T17:58:30.071-0700] {logging_mixin.py:190} INFO - [2024-08-26T17:58:30.070-0700] {dag.py:4138} INFO - Setting next_dagrun for example_branch_labels to 2024-08-26 00:00:00+00:00, run_after=2024-08-27 00:00:00+00:00
[2024-08-26T17:58:30.088-0700] {processor.py:208} INFO - Processing /home/jerson/airflow_venv/lib/python3.10/site-packages/airflow/example_dags/example_branch_labels.py took 0.052 seconds
[2024-08-26T17:59:20.842-0700] {processor.py:186} INFO - Started process (PID=45406) to work on /home/jerson/airflow_venv/lib/python3.10/site-packages/airflow/example_dags/example_branch_labels.py
[2024-08-26T17:59:20.843-0700] {processor.py:914} INFO - Processing file /home/jerson/airflow_venv/lib/python3.10/site-packages/airflow/example_dags/example_branch_labels.py for tasks to queue
[2024-08-26T17:59:20.844-0700] {logging_mixin.py:190} INFO - [2024-08-26T17:59:20.844-0700] {dagbag.py:587} INFO - Filling up the DagBag from /home/jerson/airflow_venv/lib/python3.10/site-packages/airflow/example_dags/example_branch_labels.py
[2024-08-26T17:59:20.849-0700] {processor.py:925} INFO - DAG(s) 'example_branch_labels' retrieved from /home/jerson/airflow_venv/lib/python3.10/site-packages/airflow/example_dags/example_branch_labels.py
[2024-08-26T17:59:20.858-0700] {logging_mixin.py:190} INFO - [2024-08-26T17:59:20.858-0700] {dag.py:3211} INFO - Sync 1 DAGs
[2024-08-26T17:59:20.869-0700] {logging_mixin.py:190} INFO - [2024-08-26T17:59:20.869-0700] {dag.py:4138} INFO - Setting next_dagrun for example_branch_labels to 2024-08-26 00:00:00+00:00, run_after=2024-08-27 00:00:00+00:00
[2024-08-26T17:59:20.891-0700] {processor.py:208} INFO - Processing /home/jerson/airflow_venv/lib/python3.10/site-packages/airflow/example_dags/example_branch_labels.py took 0.052 seconds
[2024-08-26T18:00:09.886-0700] {processor.py:186} INFO - Started process (PID=45972) to work on /home/jerson/airflow_venv/lib/python3.10/site-packages/airflow/example_dags/example_branch_labels.py
[2024-08-26T18:00:09.887-0700] {processor.py:914} INFO - Processing file /home/jerson/airflow_venv/lib/python3.10/site-packages/airflow/example_dags/example_branch_labels.py for tasks to queue
[2024-08-26T18:00:09.888-0700] {logging_mixin.py:190} INFO - [2024-08-26T18:00:09.888-0700] {dagbag.py:587} INFO - Filling up the DagBag from /home/jerson/airflow_venv/lib/python3.10/site-packages/airflow/example_dags/example_branch_labels.py
[2024-08-26T18:00:09.894-0700] {processor.py:925} INFO - DAG(s) 'example_branch_labels' retrieved from /home/jerson/airflow_venv/lib/python3.10/site-packages/airflow/example_dags/example_branch_labels.py
[2024-08-26T18:00:09.905-0700] {logging_mixin.py:190} INFO - [2024-08-26T18:00:09.904-0700] {dag.py:3211} INFO - Sync 1 DAGs
[2024-08-26T18:00:09.920-0700] {logging_mixin.py:190} INFO - [2024-08-26T18:00:09.920-0700] {dag.py:4138} INFO - Setting next_dagrun for example_branch_labels to 2024-08-26 00:00:00+00:00, run_after=2024-08-27 00:00:00+00:00
[2024-08-26T18:00:09.939-0700] {processor.py:208} INFO - Processing /home/jerson/airflow_venv/lib/python3.10/site-packages/airflow/example_dags/example_branch_labels.py took 0.056 seconds
[2024-08-26T18:01:01.208-0700] {processor.py:186} INFO - Started process (PID=46607) to work on /home/jerson/airflow_venv/lib/python3.10/site-packages/airflow/example_dags/example_branch_labels.py
[2024-08-26T18:01:01.209-0700] {processor.py:914} INFO - Processing file /home/jerson/airflow_venv/lib/python3.10/site-packages/airflow/example_dags/example_branch_labels.py for tasks to queue
[2024-08-26T18:01:01.210-0700] {logging_mixin.py:190} INFO - [2024-08-26T18:01:01.210-0700] {dagbag.py:587} INFO - Filling up the DagBag from /home/jerson/airflow_venv/lib/python3.10/site-packages/airflow/example_dags/example_branch_labels.py
[2024-08-26T18:01:01.215-0700] {processor.py:925} INFO - DAG(s) 'example_branch_labels' retrieved from /home/jerson/airflow_venv/lib/python3.10/site-packages/airflow/example_dags/example_branch_labels.py
[2024-08-26T18:01:01.224-0700] {logging_mixin.py:190} INFO - [2024-08-26T18:01:01.224-0700] {dag.py:3211} INFO - Sync 1 DAGs
[2024-08-26T18:01:01.237-0700] {logging_mixin.py:190} INFO - [2024-08-26T18:01:01.237-0700] {dag.py:4138} INFO - Setting next_dagrun for example_branch_labels to 2024-08-26 00:00:00+00:00, run_after=2024-08-27 00:00:00+00:00
[2024-08-26T18:01:01.252-0700] {processor.py:208} INFO - Processing /home/jerson/airflow_venv/lib/python3.10/site-packages/airflow/example_dags/example_branch_labels.py took 0.047 seconds
[2024-08-26T18:01:50.958-0700] {processor.py:186} INFO - Started process (PID=47023) to work on /home/jerson/airflow_venv/lib/python3.10/site-packages/airflow/example_dags/example_branch_labels.py
[2024-08-26T18:01:50.959-0700] {processor.py:914} INFO - Processing file /home/jerson/airflow_venv/lib/python3.10/site-packages/airflow/example_dags/example_branch_labels.py for tasks to queue
[2024-08-26T18:01:50.960-0700] {logging_mixin.py:190} INFO - [2024-08-26T18:01:50.960-0700] {dagbag.py:587} INFO - Filling up the DagBag from /home/jerson/airflow_venv/lib/python3.10/site-packages/airflow/example_dags/example_branch_labels.py
[2024-08-26T18:01:50.966-0700] {processor.py:925} INFO - DAG(s) 'example_branch_labels' retrieved from /home/jerson/airflow_venv/lib/python3.10/site-packages/airflow/example_dags/example_branch_labels.py
[2024-08-26T18:01:50.975-0700] {logging_mixin.py:190} INFO - [2024-08-26T18:01:50.975-0700] {dag.py:3211} INFO - Sync 1 DAGs
[2024-08-26T18:01:50.988-0700] {logging_mixin.py:190} INFO - [2024-08-26T18:01:50.988-0700] {dag.py:4138} INFO - Setting next_dagrun for example_branch_labels to 2024-08-26 00:00:00+00:00, run_after=2024-08-27 00:00:00+00:00
[2024-08-26T18:01:51.005-0700] {processor.py:208} INFO - Processing /home/jerson/airflow_venv/lib/python3.10/site-packages/airflow/example_dags/example_branch_labels.py took 0.050 seconds
[2024-08-26T18:02:38.713-0700] {processor.py:186} INFO - Started process (PID=47429) to work on /home/jerson/airflow_venv/lib/python3.10/site-packages/airflow/example_dags/example_branch_labels.py
[2024-08-26T18:02:38.717-0700] {processor.py:914} INFO - Processing file /home/jerson/airflow_venv/lib/python3.10/site-packages/airflow/example_dags/example_branch_labels.py for tasks to queue
[2024-08-26T18:02:38.719-0700] {logging_mixin.py:190} INFO - [2024-08-26T18:02:38.719-0700] {dagbag.py:587} INFO - Filling up the DagBag from /home/jerson/airflow_venv/lib/python3.10/site-packages/airflow/example_dags/example_branch_labels.py
[2024-08-26T18:02:38.724-0700] {processor.py:925} INFO - DAG(s) 'example_branch_labels' retrieved from /home/jerson/airflow_venv/lib/python3.10/site-packages/airflow/example_dags/example_branch_labels.py
[2024-08-26T18:02:38.733-0700] {logging_mixin.py:190} INFO - [2024-08-26T18:02:38.733-0700] {dag.py:3211} INFO - Sync 1 DAGs
[2024-08-26T18:02:38.745-0700] {logging_mixin.py:190} INFO - [2024-08-26T18:02:38.744-0700] {dag.py:4138} INFO - Setting next_dagrun for example_branch_labels to 2024-08-26 00:00:00+00:00, run_after=2024-08-27 00:00:00+00:00
[2024-08-26T18:02:38.771-0700] {processor.py:208} INFO - Processing /home/jerson/airflow_venv/lib/python3.10/site-packages/airflow/example_dags/example_branch_labels.py took 0.061 seconds
[2024-08-26T18:03:25.223-0700] {processor.py:186} INFO - Started process (PID=47917) to work on /home/jerson/airflow_venv/lib/python3.10/site-packages/airflow/example_dags/example_branch_labels.py
[2024-08-26T18:03:25.224-0700] {processor.py:914} INFO - Processing file /home/jerson/airflow_venv/lib/python3.10/site-packages/airflow/example_dags/example_branch_labels.py for tasks to queue
[2024-08-26T18:03:25.226-0700] {logging_mixin.py:190} INFO - [2024-08-26T18:03:25.225-0700] {dagbag.py:587} INFO - Filling up the DagBag from /home/jerson/airflow_venv/lib/python3.10/site-packages/airflow/example_dags/example_branch_labels.py
[2024-08-26T18:03:25.231-0700] {processor.py:925} INFO - DAG(s) 'example_branch_labels' retrieved from /home/jerson/airflow_venv/lib/python3.10/site-packages/airflow/example_dags/example_branch_labels.py
[2024-08-26T18:03:25.242-0700] {logging_mixin.py:190} INFO - [2024-08-26T18:03:25.241-0700] {dag.py:3211} INFO - Sync 1 DAGs
[2024-08-26T18:03:25.254-0700] {logging_mixin.py:190} INFO - [2024-08-26T18:03:25.253-0700] {dag.py:4138} INFO - Setting next_dagrun for example_branch_labels to 2024-08-26 00:00:00+00:00, run_after=2024-08-27 00:00:00+00:00
[2024-08-26T18:03:25.270-0700] {processor.py:208} INFO - Processing /home/jerson/airflow_venv/lib/python3.10/site-packages/airflow/example_dags/example_branch_labels.py took 0.051 seconds
[2024-08-26T18:04:14.631-0700] {processor.py:186} INFO - Started process (PID=48359) to work on /home/jerson/airflow_venv/lib/python3.10/site-packages/airflow/example_dags/example_branch_labels.py
[2024-08-26T18:04:14.632-0700] {processor.py:914} INFO - Processing file /home/jerson/airflow_venv/lib/python3.10/site-packages/airflow/example_dags/example_branch_labels.py for tasks to queue
[2024-08-26T18:04:14.633-0700] {logging_mixin.py:190} INFO - [2024-08-26T18:04:14.633-0700] {dagbag.py:587} INFO - Filling up the DagBag from /home/jerson/airflow_venv/lib/python3.10/site-packages/airflow/example_dags/example_branch_labels.py
[2024-08-26T18:04:14.640-0700] {processor.py:925} INFO - DAG(s) 'example_branch_labels' retrieved from /home/jerson/airflow_venv/lib/python3.10/site-packages/airflow/example_dags/example_branch_labels.py
[2024-08-26T18:04:14.650-0700] {logging_mixin.py:190} INFO - [2024-08-26T18:04:14.650-0700] {dag.py:3211} INFO - Sync 1 DAGs
[2024-08-26T18:04:14.665-0700] {logging_mixin.py:190} INFO - [2024-08-26T18:04:14.664-0700] {dag.py:4138} INFO - Setting next_dagrun for example_branch_labels to 2024-08-26 00:00:00+00:00, run_after=2024-08-27 00:00:00+00:00
[2024-08-26T18:04:14.684-0700] {processor.py:208} INFO - Processing /home/jerson/airflow_venv/lib/python3.10/site-packages/airflow/example_dags/example_branch_labels.py took 0.056 seconds
[2024-08-26T18:05:05.183-0700] {processor.py:186} INFO - Started process (PID=48858) to work on /home/jerson/airflow_venv/lib/python3.10/site-packages/airflow/example_dags/example_branch_labels.py
[2024-08-26T18:05:05.184-0700] {processor.py:914} INFO - Processing file /home/jerson/airflow_venv/lib/python3.10/site-packages/airflow/example_dags/example_branch_labels.py for tasks to queue
[2024-08-26T18:05:05.185-0700] {logging_mixin.py:190} INFO - [2024-08-26T18:05:05.185-0700] {dagbag.py:587} INFO - Filling up the DagBag from /home/jerson/airflow_venv/lib/python3.10/site-packages/airflow/example_dags/example_branch_labels.py
[2024-08-26T18:05:05.191-0700] {processor.py:925} INFO - DAG(s) 'example_branch_labels' retrieved from /home/jerson/airflow_venv/lib/python3.10/site-packages/airflow/example_dags/example_branch_labels.py
[2024-08-26T18:05:05.202-0700] {logging_mixin.py:190} INFO - [2024-08-26T18:05:05.202-0700] {dag.py:3211} INFO - Sync 1 DAGs
[2024-08-26T18:05:05.215-0700] {logging_mixin.py:190} INFO - [2024-08-26T18:05:05.215-0700] {dag.py:4138} INFO - Setting next_dagrun for example_branch_labels to 2024-08-26 00:00:00+00:00, run_after=2024-08-27 00:00:00+00:00
[2024-08-26T18:05:05.233-0700] {processor.py:208} INFO - Processing /home/jerson/airflow_venv/lib/python3.10/site-packages/airflow/example_dags/example_branch_labels.py took 0.055 seconds
[2024-08-26T18:05:51.684-0700] {processor.py:186} INFO - Started process (PID=49260) to work on /home/jerson/airflow_venv/lib/python3.10/site-packages/airflow/example_dags/example_branch_labels.py
[2024-08-26T18:05:51.685-0700] {processor.py:914} INFO - Processing file /home/jerson/airflow_venv/lib/python3.10/site-packages/airflow/example_dags/example_branch_labels.py for tasks to queue
[2024-08-26T18:05:51.686-0700] {logging_mixin.py:190} INFO - [2024-08-26T18:05:51.686-0700] {dagbag.py:587} INFO - Filling up the DagBag from /home/jerson/airflow_venv/lib/python3.10/site-packages/airflow/example_dags/example_branch_labels.py
[2024-08-26T18:05:51.691-0700] {processor.py:925} INFO - DAG(s) 'example_branch_labels' retrieved from /home/jerson/airflow_venv/lib/python3.10/site-packages/airflow/example_dags/example_branch_labels.py
[2024-08-26T18:05:51.701-0700] {logging_mixin.py:190} INFO - [2024-08-26T18:05:51.701-0700] {dag.py:3211} INFO - Sync 1 DAGs
[2024-08-26T18:05:51.713-0700] {logging_mixin.py:190} INFO - [2024-08-26T18:05:51.713-0700] {dag.py:4138} INFO - Setting next_dagrun for example_branch_labels to 2024-08-26 00:00:00+00:00, run_after=2024-08-27 00:00:00+00:00
[2024-08-26T18:05:51.730-0700] {processor.py:208} INFO - Processing /home/jerson/airflow_venv/lib/python3.10/site-packages/airflow/example_dags/example_branch_labels.py took 0.051 seconds
[2024-08-26T18:06:40.754-0700] {processor.py:186} INFO - Started process (PID=49712) to work on /home/jerson/airflow_venv/lib/python3.10/site-packages/airflow/example_dags/example_branch_labels.py
[2024-08-26T18:06:40.755-0700] {processor.py:914} INFO - Processing file /home/jerson/airflow_venv/lib/python3.10/site-packages/airflow/example_dags/example_branch_labels.py for tasks to queue
[2024-08-26T18:06:40.756-0700] {logging_mixin.py:190} INFO - [2024-08-26T18:06:40.756-0700] {dagbag.py:587} INFO - Filling up the DagBag from /home/jerson/airflow_venv/lib/python3.10/site-packages/airflow/example_dags/example_branch_labels.py
[2024-08-26T18:06:40.762-0700] {processor.py:925} INFO - DAG(s) 'example_branch_labels' retrieved from /home/jerson/airflow_venv/lib/python3.10/site-packages/airflow/example_dags/example_branch_labels.py
[2024-08-26T18:06:40.772-0700] {logging_mixin.py:190} INFO - [2024-08-26T18:06:40.772-0700] {dag.py:3211} INFO - Sync 1 DAGs
[2024-08-26T18:06:40.786-0700] {logging_mixin.py:190} INFO - [2024-08-26T18:06:40.785-0700] {dag.py:4138} INFO - Setting next_dagrun for example_branch_labels to 2024-08-26 00:00:00+00:00, run_after=2024-08-27 00:00:00+00:00
[2024-08-26T18:06:40.802-0700] {processor.py:208} INFO - Processing /home/jerson/airflow_venv/lib/python3.10/site-packages/airflow/example_dags/example_branch_labels.py took 0.051 seconds
[2024-08-26T18:07:32.126-0700] {processor.py:186} INFO - Started process (PID=50144) to work on /home/jerson/airflow_venv/lib/python3.10/site-packages/airflow/example_dags/example_branch_labels.py
[2024-08-26T18:07:32.127-0700] {processor.py:914} INFO - Processing file /home/jerson/airflow_venv/lib/python3.10/site-packages/airflow/example_dags/example_branch_labels.py for tasks to queue
[2024-08-26T18:07:32.128-0700] {logging_mixin.py:190} INFO - [2024-08-26T18:07:32.128-0700] {dagbag.py:587} INFO - Filling up the DagBag from /home/jerson/airflow_venv/lib/python3.10/site-packages/airflow/example_dags/example_branch_labels.py
[2024-08-26T18:07:32.133-0700] {processor.py:925} INFO - DAG(s) 'example_branch_labels' retrieved from /home/jerson/airflow_venv/lib/python3.10/site-packages/airflow/example_dags/example_branch_labels.py
[2024-08-26T18:07:32.142-0700] {logging_mixin.py:190} INFO - [2024-08-26T18:07:32.142-0700] {dag.py:3211} INFO - Sync 1 DAGs
[2024-08-26T18:07:32.154-0700] {logging_mixin.py:190} INFO - [2024-08-26T18:07:32.154-0700] {dag.py:4138} INFO - Setting next_dagrun for example_branch_labels to 2024-08-26 00:00:00+00:00, run_after=2024-08-27 00:00:00+00:00
[2024-08-26T18:07:32.170-0700] {processor.py:208} INFO - Processing /home/jerson/airflow_venv/lib/python3.10/site-packages/airflow/example_dags/example_branch_labels.py took 0.048 seconds
[2024-08-26T18:08:20.477-0700] {processor.py:186} INFO - Started process (PID=50667) to work on /home/jerson/airflow_venv/lib/python3.10/site-packages/airflow/example_dags/example_branch_labels.py
[2024-08-26T18:08:20.478-0700] {processor.py:914} INFO - Processing file /home/jerson/airflow_venv/lib/python3.10/site-packages/airflow/example_dags/example_branch_labels.py for tasks to queue
[2024-08-26T18:08:20.479-0700] {logging_mixin.py:190} INFO - [2024-08-26T18:08:20.479-0700] {dagbag.py:587} INFO - Filling up the DagBag from /home/jerson/airflow_venv/lib/python3.10/site-packages/airflow/example_dags/example_branch_labels.py
[2024-08-26T18:08:20.485-0700] {processor.py:925} INFO - DAG(s) 'example_branch_labels' retrieved from /home/jerson/airflow_venv/lib/python3.10/site-packages/airflow/example_dags/example_branch_labels.py
[2024-08-26T18:08:20.495-0700] {logging_mixin.py:190} INFO - [2024-08-26T18:08:20.495-0700] {dag.py:3211} INFO - Sync 1 DAGs
[2024-08-26T18:08:20.507-0700] {logging_mixin.py:190} INFO - [2024-08-26T18:08:20.507-0700] {dag.py:4138} INFO - Setting next_dagrun for example_branch_labels to 2024-08-26 00:00:00+00:00, run_after=2024-08-27 00:00:00+00:00
[2024-08-26T18:08:20.524-0700] {processor.py:208} INFO - Processing /home/jerson/airflow_venv/lib/python3.10/site-packages/airflow/example_dags/example_branch_labels.py took 0.050 seconds
[2024-08-26T18:09:13.133-0700] {processor.py:186} INFO - Started process (PID=51137) to work on /home/jerson/airflow_venv/lib/python3.10/site-packages/airflow/example_dags/example_branch_labels.py
[2024-08-26T18:09:13.134-0700] {processor.py:914} INFO - Processing file /home/jerson/airflow_venv/lib/python3.10/site-packages/airflow/example_dags/example_branch_labels.py for tasks to queue
[2024-08-26T18:09:13.135-0700] {logging_mixin.py:190} INFO - [2024-08-26T18:09:13.135-0700] {dagbag.py:587} INFO - Filling up the DagBag from /home/jerson/airflow_venv/lib/python3.10/site-packages/airflow/example_dags/example_branch_labels.py
[2024-08-26T18:09:13.140-0700] {processor.py:925} INFO - DAG(s) 'example_branch_labels' retrieved from /home/jerson/airflow_venv/lib/python3.10/site-packages/airflow/example_dags/example_branch_labels.py
[2024-08-26T18:09:13.150-0700] {logging_mixin.py:190} INFO - [2024-08-26T18:09:13.150-0700] {dag.py:3211} INFO - Sync 1 DAGs
[2024-08-26T18:09:13.161-0700] {logging_mixin.py:190} INFO - [2024-08-26T18:09:13.161-0700] {dag.py:4138} INFO - Setting next_dagrun for example_branch_labels to 2024-08-26 00:00:00+00:00, run_after=2024-08-27 00:00:00+00:00
[2024-08-26T18:09:13.177-0700] {processor.py:208} INFO - Processing /home/jerson/airflow_venv/lib/python3.10/site-packages/airflow/example_dags/example_branch_labels.py took 0.048 seconds
[2024-08-26T18:10:04.629-0700] {processor.py:186} INFO - Started process (PID=51749) to work on /home/jerson/airflow_venv/lib/python3.10/site-packages/airflow/example_dags/example_branch_labels.py
[2024-08-26T18:10:04.630-0700] {processor.py:914} INFO - Processing file /home/jerson/airflow_venv/lib/python3.10/site-packages/airflow/example_dags/example_branch_labels.py for tasks to queue
[2024-08-26T18:10:04.632-0700] {logging_mixin.py:190} INFO - [2024-08-26T18:10:04.631-0700] {dagbag.py:587} INFO - Filling up the DagBag from /home/jerson/airflow_venv/lib/python3.10/site-packages/airflow/example_dags/example_branch_labels.py
[2024-08-26T18:10:04.638-0700] {processor.py:925} INFO - DAG(s) 'example_branch_labels' retrieved from /home/jerson/airflow_venv/lib/python3.10/site-packages/airflow/example_dags/example_branch_labels.py
[2024-08-26T18:10:04.649-0700] {logging_mixin.py:190} INFO - [2024-08-26T18:10:04.649-0700] {dag.py:3211} INFO - Sync 1 DAGs
[2024-08-26T18:10:04.664-0700] {logging_mixin.py:190} INFO - [2024-08-26T18:10:04.663-0700] {dag.py:4138} INFO - Setting next_dagrun for example_branch_labels to 2024-08-26 00:00:00+00:00, run_after=2024-08-27 00:00:00+00:00
[2024-08-26T18:10:04.681-0700] {processor.py:208} INFO - Processing /home/jerson/airflow_venv/lib/python3.10/site-packages/airflow/example_dags/example_branch_labels.py took 0.055 seconds
[2024-08-26T18:10:52.706-0700] {processor.py:186} INFO - Started process (PID=52353) to work on /home/jerson/airflow_venv/lib/python3.10/site-packages/airflow/example_dags/example_branch_labels.py
[2024-08-26T18:10:52.707-0700] {processor.py:914} INFO - Processing file /home/jerson/airflow_venv/lib/python3.10/site-packages/airflow/example_dags/example_branch_labels.py for tasks to queue
[2024-08-26T18:10:52.708-0700] {logging_mixin.py:190} INFO - [2024-08-26T18:10:52.707-0700] {dagbag.py:587} INFO - Filling up the DagBag from /home/jerson/airflow_venv/lib/python3.10/site-packages/airflow/example_dags/example_branch_labels.py
[2024-08-26T18:10:52.713-0700] {processor.py:925} INFO - DAG(s) 'example_branch_labels' retrieved from /home/jerson/airflow_venv/lib/python3.10/site-packages/airflow/example_dags/example_branch_labels.py
[2024-08-26T18:10:52.723-0700] {logging_mixin.py:190} INFO - [2024-08-26T18:10:52.723-0700] {dag.py:3211} INFO - Sync 1 DAGs
[2024-08-26T18:10:52.736-0700] {logging_mixin.py:190} INFO - [2024-08-26T18:10:52.735-0700] {dag.py:4138} INFO - Setting next_dagrun for example_branch_labels to 2024-08-26 00:00:00+00:00, run_after=2024-08-27 00:00:00+00:00
[2024-08-26T18:10:52.752-0700] {processor.py:208} INFO - Processing /home/jerson/airflow_venv/lib/python3.10/site-packages/airflow/example_dags/example_branch_labels.py took 0.049 seconds
[2024-08-26T18:11:44.099-0700] {processor.py:186} INFO - Started process (PID=52919) to work on /home/jerson/airflow_venv/lib/python3.10/site-packages/airflow/example_dags/example_branch_labels.py
[2024-08-26T18:11:44.100-0700] {processor.py:914} INFO - Processing file /home/jerson/airflow_venv/lib/python3.10/site-packages/airflow/example_dags/example_branch_labels.py for tasks to queue
[2024-08-26T18:11:44.101-0700] {logging_mixin.py:190} INFO - [2024-08-26T18:11:44.101-0700] {dagbag.py:587} INFO - Filling up the DagBag from /home/jerson/airflow_venv/lib/python3.10/site-packages/airflow/example_dags/example_branch_labels.py
[2024-08-26T18:11:44.110-0700] {processor.py:925} INFO - DAG(s) 'example_branch_labels' retrieved from /home/jerson/airflow_venv/lib/python3.10/site-packages/airflow/example_dags/example_branch_labels.py
[2024-08-26T18:11:44.122-0700] {logging_mixin.py:190} INFO - [2024-08-26T18:11:44.121-0700] {dag.py:3211} INFO - Sync 1 DAGs
[2024-08-26T18:11:44.134-0700] {logging_mixin.py:190} INFO - [2024-08-26T18:11:44.134-0700] {dag.py:4138} INFO - Setting next_dagrun for example_branch_labels to 2024-08-26 00:00:00+00:00, run_after=2024-08-27 00:00:00+00:00
[2024-08-26T18:11:44.150-0700] {processor.py:208} INFO - Processing /home/jerson/airflow_venv/lib/python3.10/site-packages/airflow/example_dags/example_branch_labels.py took 0.056 seconds
[2024-08-26T18:12:35.282-0700] {processor.py:186} INFO - Started process (PID=53441) to work on /home/jerson/airflow_venv/lib/python3.10/site-packages/airflow/example_dags/example_branch_labels.py
[2024-08-26T18:12:35.283-0700] {processor.py:914} INFO - Processing file /home/jerson/airflow_venv/lib/python3.10/site-packages/airflow/example_dags/example_branch_labels.py for tasks to queue
[2024-08-26T18:12:35.284-0700] {logging_mixin.py:190} INFO - [2024-08-26T18:12:35.284-0700] {dagbag.py:587} INFO - Filling up the DagBag from /home/jerson/airflow_venv/lib/python3.10/site-packages/airflow/example_dags/example_branch_labels.py
[2024-08-26T18:12:35.290-0700] {processor.py:925} INFO - DAG(s) 'example_branch_labels' retrieved from /home/jerson/airflow_venv/lib/python3.10/site-packages/airflow/example_dags/example_branch_labels.py
[2024-08-26T18:12:35.301-0700] {logging_mixin.py:190} INFO - [2024-08-26T18:12:35.301-0700] {dag.py:3211} INFO - Sync 1 DAGs
[2024-08-26T18:12:35.314-0700] {logging_mixin.py:190} INFO - [2024-08-26T18:12:35.314-0700] {dag.py:4138} INFO - Setting next_dagrun for example_branch_labels to 2024-08-26 00:00:00+00:00, run_after=2024-08-27 00:00:00+00:00
[2024-08-26T18:12:35.330-0700] {processor.py:208} INFO - Processing /home/jerson/airflow_venv/lib/python3.10/site-packages/airflow/example_dags/example_branch_labels.py took 0.052 seconds
[2024-08-26T18:13:22.815-0700] {processor.py:186} INFO - Started process (PID=53821) to work on /home/jerson/airflow_venv/lib/python3.10/site-packages/airflow/example_dags/example_branch_labels.py
[2024-08-26T18:13:22.816-0700] {processor.py:914} INFO - Processing file /home/jerson/airflow_venv/lib/python3.10/site-packages/airflow/example_dags/example_branch_labels.py for tasks to queue
[2024-08-26T18:13:22.816-0700] {logging_mixin.py:190} INFO - [2024-08-26T18:13:22.816-0700] {dagbag.py:587} INFO - Filling up the DagBag from /home/jerson/airflow_venv/lib/python3.10/site-packages/airflow/example_dags/example_branch_labels.py
[2024-08-26T18:13:22.822-0700] {processor.py:925} INFO - DAG(s) 'example_branch_labels' retrieved from /home/jerson/airflow_venv/lib/python3.10/site-packages/airflow/example_dags/example_branch_labels.py
[2024-08-26T18:13:22.834-0700] {logging_mixin.py:190} INFO - [2024-08-26T18:13:22.833-0700] {dag.py:3211} INFO - Sync 1 DAGs
[2024-08-26T18:13:22.848-0700] {logging_mixin.py:190} INFO - [2024-08-26T18:13:22.848-0700] {dag.py:4138} INFO - Setting next_dagrun for example_branch_labels to 2024-08-26 00:00:00+00:00, run_after=2024-08-27 00:00:00+00:00
[2024-08-26T18:13:22.866-0700] {processor.py:208} INFO - Processing /home/jerson/airflow_venv/lib/python3.10/site-packages/airflow/example_dags/example_branch_labels.py took 0.056 seconds
[2024-08-26T18:14:12.032-0700] {processor.py:186} INFO - Started process (PID=54333) to work on /home/jerson/airflow_venv/lib/python3.10/site-packages/airflow/example_dags/example_branch_labels.py
[2024-08-26T18:14:12.033-0700] {processor.py:914} INFO - Processing file /home/jerson/airflow_venv/lib/python3.10/site-packages/airflow/example_dags/example_branch_labels.py for tasks to queue
[2024-08-26T18:14:12.034-0700] {logging_mixin.py:190} INFO - [2024-08-26T18:14:12.034-0700] {dagbag.py:587} INFO - Filling up the DagBag from /home/jerson/airflow_venv/lib/python3.10/site-packages/airflow/example_dags/example_branch_labels.py
[2024-08-26T18:14:12.040-0700] {processor.py:925} INFO - DAG(s) 'example_branch_labels' retrieved from /home/jerson/airflow_venv/lib/python3.10/site-packages/airflow/example_dags/example_branch_labels.py
[2024-08-26T18:14:12.051-0700] {logging_mixin.py:190} INFO - [2024-08-26T18:14:12.051-0700] {dag.py:3211} INFO - Sync 1 DAGs
[2024-08-26T18:14:12.063-0700] {logging_mixin.py:190} INFO - [2024-08-26T18:14:12.063-0700] {dag.py:4138} INFO - Setting next_dagrun for example_branch_labels to 2024-08-26 00:00:00+00:00, run_after=2024-08-27 00:00:00+00:00
[2024-08-26T18:14:12.080-0700] {processor.py:208} INFO - Processing /home/jerson/airflow_venv/lib/python3.10/site-packages/airflow/example_dags/example_branch_labels.py took 0.051 seconds
[2024-08-26T18:15:06.827-0700] {processor.py:186} INFO - Started process (PID=55028) to work on /home/jerson/airflow_venv/lib/python3.10/site-packages/airflow/example_dags/example_branch_labels.py
[2024-08-26T18:15:06.828-0700] {processor.py:914} INFO - Processing file /home/jerson/airflow_venv/lib/python3.10/site-packages/airflow/example_dags/example_branch_labels.py for tasks to queue
[2024-08-26T18:15:06.829-0700] {logging_mixin.py:190} INFO - [2024-08-26T18:15:06.829-0700] {dagbag.py:587} INFO - Filling up the DagBag from /home/jerson/airflow_venv/lib/python3.10/site-packages/airflow/example_dags/example_branch_labels.py
[2024-08-26T18:15:06.835-0700] {processor.py:925} INFO - DAG(s) 'example_branch_labels' retrieved from /home/jerson/airflow_venv/lib/python3.10/site-packages/airflow/example_dags/example_branch_labels.py
[2024-08-26T18:15:06.845-0700] {logging_mixin.py:190} INFO - [2024-08-26T18:15:06.845-0700] {dag.py:3211} INFO - Sync 1 DAGs
[2024-08-26T18:15:06.860-0700] {logging_mixin.py:190} INFO - [2024-08-26T18:15:06.860-0700] {dag.py:4138} INFO - Setting next_dagrun for example_branch_labels to 2024-08-26 00:00:00+00:00, run_after=2024-08-27 00:00:00+00:00
[2024-08-26T18:15:06.877-0700] {processor.py:208} INFO - Processing /home/jerson/airflow_venv/lib/python3.10/site-packages/airflow/example_dags/example_branch_labels.py took 0.053 seconds
[2024-08-26T18:16:00.141-0700] {processor.py:186} INFO - Started process (PID=55547) to work on /home/jerson/airflow_venv/lib/python3.10/site-packages/airflow/example_dags/example_branch_labels.py
[2024-08-26T18:16:00.142-0700] {processor.py:914} INFO - Processing file /home/jerson/airflow_venv/lib/python3.10/site-packages/airflow/example_dags/example_branch_labels.py for tasks to queue
[2024-08-26T18:16:00.142-0700] {logging_mixin.py:190} INFO - [2024-08-26T18:16:00.142-0700] {dagbag.py:587} INFO - Filling up the DagBag from /home/jerson/airflow_venv/lib/python3.10/site-packages/airflow/example_dags/example_branch_labels.py
[2024-08-26T18:16:00.148-0700] {processor.py:925} INFO - DAG(s) 'example_branch_labels' retrieved from /home/jerson/airflow_venv/lib/python3.10/site-packages/airflow/example_dags/example_branch_labels.py
[2024-08-26T18:16:00.159-0700] {logging_mixin.py:190} INFO - [2024-08-26T18:16:00.159-0700] {dag.py:3211} INFO - Sync 1 DAGs
[2024-08-26T18:16:00.172-0700] {logging_mixin.py:190} INFO - [2024-08-26T18:16:00.172-0700] {dag.py:4138} INFO - Setting next_dagrun for example_branch_labels to 2024-08-26 00:00:00+00:00, run_after=2024-08-27 00:00:00+00:00
[2024-08-26T18:16:00.189-0700] {processor.py:208} INFO - Processing /home/jerson/airflow_venv/lib/python3.10/site-packages/airflow/example_dags/example_branch_labels.py took 0.052 seconds
[2024-08-26T18:16:48.209-0700] {processor.py:186} INFO - Started process (PID=55991) to work on /home/jerson/airflow_venv/lib/python3.10/site-packages/airflow/example_dags/example_branch_labels.py
[2024-08-26T18:16:48.210-0700] {processor.py:914} INFO - Processing file /home/jerson/airflow_venv/lib/python3.10/site-packages/airflow/example_dags/example_branch_labels.py for tasks to queue
[2024-08-26T18:16:48.211-0700] {logging_mixin.py:190} INFO - [2024-08-26T18:16:48.211-0700] {dagbag.py:587} INFO - Filling up the DagBag from /home/jerson/airflow_venv/lib/python3.10/site-packages/airflow/example_dags/example_branch_labels.py
[2024-08-26T18:16:48.217-0700] {processor.py:925} INFO - DAG(s) 'example_branch_labels' retrieved from /home/jerson/airflow_venv/lib/python3.10/site-packages/airflow/example_dags/example_branch_labels.py
[2024-08-26T18:16:48.227-0700] {logging_mixin.py:190} INFO - [2024-08-26T18:16:48.226-0700] {dag.py:3211} INFO - Sync 1 DAGs
[2024-08-26T18:16:48.238-0700] {logging_mixin.py:190} INFO - [2024-08-26T18:16:48.238-0700] {dag.py:4138} INFO - Setting next_dagrun for example_branch_labels to 2024-08-26 00:00:00+00:00, run_after=2024-08-27 00:00:00+00:00
[2024-08-26T18:16:48.254-0700] {processor.py:208} INFO - Processing /home/jerson/airflow_venv/lib/python3.10/site-packages/airflow/example_dags/example_branch_labels.py took 0.048 seconds
[2024-08-26T18:17:34.776-0700] {processor.py:186} INFO - Started process (PID=56370) to work on /home/jerson/airflow_venv/lib/python3.10/site-packages/airflow/example_dags/example_branch_labels.py
[2024-08-26T18:17:34.777-0700] {processor.py:914} INFO - Processing file /home/jerson/airflow_venv/lib/python3.10/site-packages/airflow/example_dags/example_branch_labels.py for tasks to queue
[2024-08-26T18:17:34.778-0700] {logging_mixin.py:190} INFO - [2024-08-26T18:17:34.778-0700] {dagbag.py:587} INFO - Filling up the DagBag from /home/jerson/airflow_venv/lib/python3.10/site-packages/airflow/example_dags/example_branch_labels.py
[2024-08-26T18:17:34.785-0700] {processor.py:925} INFO - DAG(s) 'example_branch_labels' retrieved from /home/jerson/airflow_venv/lib/python3.10/site-packages/airflow/example_dags/example_branch_labels.py
[2024-08-26T18:17:34.800-0700] {logging_mixin.py:190} INFO - [2024-08-26T18:17:34.799-0700] {dag.py:3211} INFO - Sync 1 DAGs
[2024-08-26T18:17:34.813-0700] {logging_mixin.py:190} INFO - [2024-08-26T18:17:34.813-0700] {dag.py:4138} INFO - Setting next_dagrun for example_branch_labels to 2024-08-26 00:00:00+00:00, run_after=2024-08-27 00:00:00+00:00
[2024-08-26T18:17:34.828-0700] {processor.py:208} INFO - Processing /home/jerson/airflow_venv/lib/python3.10/site-packages/airflow/example_dags/example_branch_labels.py took 0.056 seconds
[2024-08-26T18:18:24.297-0700] {processor.py:186} INFO - Started process (PID=56838) to work on /home/jerson/airflow_venv/lib/python3.10/site-packages/airflow/example_dags/example_branch_labels.py
[2024-08-26T18:18:24.298-0700] {processor.py:914} INFO - Processing file /home/jerson/airflow_venv/lib/python3.10/site-packages/airflow/example_dags/example_branch_labels.py for tasks to queue
[2024-08-26T18:18:24.299-0700] {logging_mixin.py:190} INFO - [2024-08-26T18:18:24.299-0700] {dagbag.py:587} INFO - Filling up the DagBag from /home/jerson/airflow_venv/lib/python3.10/site-packages/airflow/example_dags/example_branch_labels.py
[2024-08-26T18:18:24.304-0700] {processor.py:925} INFO - DAG(s) 'example_branch_labels' retrieved from /home/jerson/airflow_venv/lib/python3.10/site-packages/airflow/example_dags/example_branch_labels.py
[2024-08-26T18:18:24.314-0700] {logging_mixin.py:190} INFO - [2024-08-26T18:18:24.314-0700] {dag.py:3211} INFO - Sync 1 DAGs
[2024-08-26T18:18:24.325-0700] {logging_mixin.py:190} INFO - [2024-08-26T18:18:24.325-0700] {dag.py:4138} INFO - Setting next_dagrun for example_branch_labels to 2024-08-26 00:00:00+00:00, run_after=2024-08-27 00:00:00+00:00
[2024-08-26T18:18:24.342-0700] {processor.py:208} INFO - Processing /home/jerson/airflow_venv/lib/python3.10/site-packages/airflow/example_dags/example_branch_labels.py took 0.048 seconds
[2024-08-26T18:19:15.561-0700] {processor.py:186} INFO - Started process (PID=57341) to work on /home/jerson/airflow_venv/lib/python3.10/site-packages/airflow/example_dags/example_branch_labels.py
[2024-08-26T18:19:15.562-0700] {processor.py:914} INFO - Processing file /home/jerson/airflow_venv/lib/python3.10/site-packages/airflow/example_dags/example_branch_labels.py for tasks to queue
[2024-08-26T18:19:15.563-0700] {logging_mixin.py:190} INFO - [2024-08-26T18:19:15.562-0700] {dagbag.py:587} INFO - Filling up the DagBag from /home/jerson/airflow_venv/lib/python3.10/site-packages/airflow/example_dags/example_branch_labels.py
[2024-08-26T18:19:15.568-0700] {processor.py:925} INFO - DAG(s) 'example_branch_labels' retrieved from /home/jerson/airflow_venv/lib/python3.10/site-packages/airflow/example_dags/example_branch_labels.py
[2024-08-26T18:19:15.578-0700] {logging_mixin.py:190} INFO - [2024-08-26T18:19:15.578-0700] {dag.py:3211} INFO - Sync 1 DAGs
[2024-08-26T18:19:15.589-0700] {logging_mixin.py:190} INFO - [2024-08-26T18:19:15.589-0700] {dag.py:4138} INFO - Setting next_dagrun for example_branch_labels to 2024-08-26 00:00:00+00:00, run_after=2024-08-27 00:00:00+00:00
[2024-08-26T18:19:15.604-0700] {processor.py:208} INFO - Processing /home/jerson/airflow_venv/lib/python3.10/site-packages/airflow/example_dags/example_branch_labels.py took 0.046 seconds
[2024-08-26T18:20:03.484-0700] {processor.py:186} INFO - Started process (PID=57843) to work on /home/jerson/airflow_venv/lib/python3.10/site-packages/airflow/example_dags/example_branch_labels.py
[2024-08-26T18:20:03.485-0700] {processor.py:914} INFO - Processing file /home/jerson/airflow_venv/lib/python3.10/site-packages/airflow/example_dags/example_branch_labels.py for tasks to queue
[2024-08-26T18:20:03.485-0700] {logging_mixin.py:190} INFO - [2024-08-26T18:20:03.485-0700] {dagbag.py:587} INFO - Filling up the DagBag from /home/jerson/airflow_venv/lib/python3.10/site-packages/airflow/example_dags/example_branch_labels.py
[2024-08-26T18:20:03.491-0700] {processor.py:925} INFO - DAG(s) 'example_branch_labels' retrieved from /home/jerson/airflow_venv/lib/python3.10/site-packages/airflow/example_dags/example_branch_labels.py
[2024-08-26T18:20:03.501-0700] {logging_mixin.py:190} INFO - [2024-08-26T18:20:03.501-0700] {dag.py:3211} INFO - Sync 1 DAGs
[2024-08-26T18:20:03.513-0700] {logging_mixin.py:190} INFO - [2024-08-26T18:20:03.513-0700] {dag.py:4138} INFO - Setting next_dagrun for example_branch_labels to 2024-08-26 00:00:00+00:00, run_after=2024-08-27 00:00:00+00:00
[2024-08-26T18:20:03.528-0700] {processor.py:208} INFO - Processing /home/jerson/airflow_venv/lib/python3.10/site-packages/airflow/example_dags/example_branch_labels.py took 0.048 seconds
[2024-08-26T18:20:53.167-0700] {processor.py:186} INFO - Started process (PID=58331) to work on /home/jerson/airflow_venv/lib/python3.10/site-packages/airflow/example_dags/example_branch_labels.py
[2024-08-26T18:20:53.168-0700] {processor.py:914} INFO - Processing file /home/jerson/airflow_venv/lib/python3.10/site-packages/airflow/example_dags/example_branch_labels.py for tasks to queue
[2024-08-26T18:20:53.169-0700] {logging_mixin.py:190} INFO - [2024-08-26T18:20:53.169-0700] {dagbag.py:587} INFO - Filling up the DagBag from /home/jerson/airflow_venv/lib/python3.10/site-packages/airflow/example_dags/example_branch_labels.py
[2024-08-26T18:20:53.175-0700] {processor.py:925} INFO - DAG(s) 'example_branch_labels' retrieved from /home/jerson/airflow_venv/lib/python3.10/site-packages/airflow/example_dags/example_branch_labels.py
[2024-08-26T18:20:53.184-0700] {logging_mixin.py:190} INFO - [2024-08-26T18:20:53.184-0700] {dag.py:3211} INFO - Sync 1 DAGs
[2024-08-26T18:20:53.196-0700] {logging_mixin.py:190} INFO - [2024-08-26T18:20:53.196-0700] {dag.py:4138} INFO - Setting next_dagrun for example_branch_labels to 2024-08-26 00:00:00+00:00, run_after=2024-08-27 00:00:00+00:00
[2024-08-26T18:20:53.211-0700] {processor.py:208} INFO - Processing /home/jerson/airflow_venv/lib/python3.10/site-packages/airflow/example_dags/example_branch_labels.py took 0.047 seconds
[2024-08-26T18:21:47.159-0700] {processor.py:186} INFO - Started process (PID=59105) to work on /home/jerson/airflow_venv/lib/python3.10/site-packages/airflow/example_dags/example_branch_labels.py
[2024-08-26T18:21:47.160-0700] {processor.py:914} INFO - Processing file /home/jerson/airflow_venv/lib/python3.10/site-packages/airflow/example_dags/example_branch_labels.py for tasks to queue
[2024-08-26T18:21:47.161-0700] {logging_mixin.py:190} INFO - [2024-08-26T18:21:47.161-0700] {dagbag.py:587} INFO - Filling up the DagBag from /home/jerson/airflow_venv/lib/python3.10/site-packages/airflow/example_dags/example_branch_labels.py
[2024-08-26T18:21:47.167-0700] {processor.py:925} INFO - DAG(s) 'example_branch_labels' retrieved from /home/jerson/airflow_venv/lib/python3.10/site-packages/airflow/example_dags/example_branch_labels.py
[2024-08-26T18:21:47.177-0700] {logging_mixin.py:190} INFO - [2024-08-26T18:21:47.177-0700] {dag.py:3211} INFO - Sync 1 DAGs
[2024-08-26T18:21:47.191-0700] {logging_mixin.py:190} INFO - [2024-08-26T18:21:47.191-0700] {dag.py:4138} INFO - Setting next_dagrun for example_branch_labels to 2024-08-26 00:00:00+00:00, run_after=2024-08-27 00:00:00+00:00
[2024-08-26T18:21:47.209-0700] {processor.py:208} INFO - Processing /home/jerson/airflow_venv/lib/python3.10/site-packages/airflow/example_dags/example_branch_labels.py took 0.053 seconds
[2024-08-26T18:22:39.168-0700] {processor.py:186} INFO - Started process (PID=59606) to work on /home/jerson/airflow_venv/lib/python3.10/site-packages/airflow/example_dags/example_branch_labels.py
[2024-08-26T18:22:39.169-0700] {processor.py:914} INFO - Processing file /home/jerson/airflow_venv/lib/python3.10/site-packages/airflow/example_dags/example_branch_labels.py for tasks to queue
[2024-08-26T18:22:39.170-0700] {logging_mixin.py:190} INFO - [2024-08-26T18:22:39.170-0700] {dagbag.py:587} INFO - Filling up the DagBag from /home/jerson/airflow_venv/lib/python3.10/site-packages/airflow/example_dags/example_branch_labels.py
[2024-08-26T18:22:39.176-0700] {processor.py:925} INFO - DAG(s) 'example_branch_labels' retrieved from /home/jerson/airflow_venv/lib/python3.10/site-packages/airflow/example_dags/example_branch_labels.py
[2024-08-26T18:22:39.186-0700] {logging_mixin.py:190} INFO - [2024-08-26T18:22:39.186-0700] {dag.py:3211} INFO - Sync 1 DAGs
[2024-08-26T18:22:39.198-0700] {logging_mixin.py:190} INFO - [2024-08-26T18:22:39.197-0700] {dag.py:4138} INFO - Setting next_dagrun for example_branch_labels to 2024-08-26 00:00:00+00:00, run_after=2024-08-27 00:00:00+00:00
[2024-08-26T18:22:39.215-0700] {processor.py:208} INFO - Processing /home/jerson/airflow_venv/lib/python3.10/site-packages/airflow/example_dags/example_branch_labels.py took 0.050 seconds
[2024-08-26T18:23:28.714-0700] {processor.py:186} INFO - Started process (PID=60260) to work on /home/jerson/airflow_venv/lib/python3.10/site-packages/airflow/example_dags/example_branch_labels.py
[2024-08-26T18:23:28.715-0700] {processor.py:914} INFO - Processing file /home/jerson/airflow_venv/lib/python3.10/site-packages/airflow/example_dags/example_branch_labels.py for tasks to queue
[2024-08-26T18:23:28.716-0700] {logging_mixin.py:190} INFO - [2024-08-26T18:23:28.715-0700] {dagbag.py:587} INFO - Filling up the DagBag from /home/jerson/airflow_venv/lib/python3.10/site-packages/airflow/example_dags/example_branch_labels.py
[2024-08-26T18:23:28.722-0700] {processor.py:925} INFO - DAG(s) 'example_branch_labels' retrieved from /home/jerson/airflow_venv/lib/python3.10/site-packages/airflow/example_dags/example_branch_labels.py
[2024-08-26T18:23:28.731-0700] {logging_mixin.py:190} INFO - [2024-08-26T18:23:28.731-0700] {dag.py:3211} INFO - Sync 1 DAGs
[2024-08-26T18:23:28.743-0700] {logging_mixin.py:190} INFO - [2024-08-26T18:23:28.743-0700] {dag.py:4138} INFO - Setting next_dagrun for example_branch_labels to 2024-08-26 00:00:00+00:00, run_after=2024-08-27 00:00:00+00:00
[2024-08-26T18:23:28.758-0700] {processor.py:208} INFO - Processing /home/jerson/airflow_venv/lib/python3.10/site-packages/airflow/example_dags/example_branch_labels.py took 0.047 seconds
[2024-08-26T18:24:16.697-0700] {processor.py:186} INFO - Started process (PID=60644) to work on /home/jerson/airflow_venv/lib/python3.10/site-packages/airflow/example_dags/example_branch_labels.py
[2024-08-26T18:24:16.698-0700] {processor.py:914} INFO - Processing file /home/jerson/airflow_venv/lib/python3.10/site-packages/airflow/example_dags/example_branch_labels.py for tasks to queue
[2024-08-26T18:24:16.699-0700] {logging_mixin.py:190} INFO - [2024-08-26T18:24:16.699-0700] {dagbag.py:587} INFO - Filling up the DagBag from /home/jerson/airflow_venv/lib/python3.10/site-packages/airflow/example_dags/example_branch_labels.py
[2024-08-26T18:24:16.705-0700] {processor.py:925} INFO - DAG(s) 'example_branch_labels' retrieved from /home/jerson/airflow_venv/lib/python3.10/site-packages/airflow/example_dags/example_branch_labels.py
[2024-08-26T18:24:16.714-0700] {logging_mixin.py:190} INFO - [2024-08-26T18:24:16.714-0700] {dag.py:3211} INFO - Sync 1 DAGs
[2024-08-26T18:24:16.726-0700] {logging_mixin.py:190} INFO - [2024-08-26T18:24:16.726-0700] {dag.py:4138} INFO - Setting next_dagrun for example_branch_labels to 2024-08-26 00:00:00+00:00, run_after=2024-08-27 00:00:00+00:00
[2024-08-26T18:24:16.741-0700] {processor.py:208} INFO - Processing /home/jerson/airflow_venv/lib/python3.10/site-packages/airflow/example_dags/example_branch_labels.py took 0.047 seconds
[2024-08-26T18:25:08.010-0700] {processor.py:186} INFO - Started process (PID=61053) to work on /home/jerson/airflow_venv/lib/python3.10/site-packages/airflow/example_dags/example_branch_labels.py
[2024-08-26T18:25:08.012-0700] {processor.py:914} INFO - Processing file /home/jerson/airflow_venv/lib/python3.10/site-packages/airflow/example_dags/example_branch_labels.py for tasks to queue
[2024-08-26T18:25:08.013-0700] {logging_mixin.py:190} INFO - [2024-08-26T18:25:08.012-0700] {dagbag.py:587} INFO - Filling up the DagBag from /home/jerson/airflow_venv/lib/python3.10/site-packages/airflow/example_dags/example_branch_labels.py
[2024-08-26T18:25:08.019-0700] {processor.py:925} INFO - DAG(s) 'example_branch_labels' retrieved from /home/jerson/airflow_venv/lib/python3.10/site-packages/airflow/example_dags/example_branch_labels.py
[2024-08-26T18:25:08.030-0700] {logging_mixin.py:190} INFO - [2024-08-26T18:25:08.030-0700] {dag.py:3211} INFO - Sync 1 DAGs
[2024-08-26T18:25:08.047-0700] {logging_mixin.py:190} INFO - [2024-08-26T18:25:08.047-0700] {dag.py:4138} INFO - Setting next_dagrun for example_branch_labels to 2024-08-26 00:00:00+00:00, run_after=2024-08-27 00:00:00+00:00
[2024-08-26T18:25:08.064-0700] {processor.py:208} INFO - Processing /home/jerson/airflow_venv/lib/python3.10/site-packages/airflow/example_dags/example_branch_labels.py took 0.057 seconds
[2024-08-26T18:26:01.200-0700] {processor.py:186} INFO - Started process (PID=61811) to work on /home/jerson/airflow_venv/lib/python3.10/site-packages/airflow/example_dags/example_branch_labels.py
[2024-08-26T18:26:01.201-0700] {processor.py:914} INFO - Processing file /home/jerson/airflow_venv/lib/python3.10/site-packages/airflow/example_dags/example_branch_labels.py for tasks to queue
[2024-08-26T18:26:01.202-0700] {logging_mixin.py:190} INFO - [2024-08-26T18:26:01.202-0700] {dagbag.py:587} INFO - Filling up the DagBag from /home/jerson/airflow_venv/lib/python3.10/site-packages/airflow/example_dags/example_branch_labels.py
[2024-08-26T18:26:01.208-0700] {processor.py:925} INFO - DAG(s) 'example_branch_labels' retrieved from /home/jerson/airflow_venv/lib/python3.10/site-packages/airflow/example_dags/example_branch_labels.py
[2024-08-26T18:26:01.218-0700] {logging_mixin.py:190} INFO - [2024-08-26T18:26:01.218-0700] {dag.py:3211} INFO - Sync 1 DAGs
[2024-08-26T18:26:01.230-0700] {logging_mixin.py:190} INFO - [2024-08-26T18:26:01.230-0700] {dag.py:4138} INFO - Setting next_dagrun for example_branch_labels to 2024-08-26 00:00:00+00:00, run_after=2024-08-27 00:00:00+00:00
[2024-08-26T18:26:01.247-0700] {processor.py:208} INFO - Processing /home/jerson/airflow_venv/lib/python3.10/site-packages/airflow/example_dags/example_branch_labels.py took 0.050 seconds
[2024-08-26T18:26:56.365-0700] {processor.py:186} INFO - Started process (PID=62388) to work on /home/jerson/airflow_venv/lib/python3.10/site-packages/airflow/example_dags/example_branch_labels.py
[2024-08-26T18:26:56.366-0700] {processor.py:914} INFO - Processing file /home/jerson/airflow_venv/lib/python3.10/site-packages/airflow/example_dags/example_branch_labels.py for tasks to queue
[2024-08-26T18:26:56.367-0700] {logging_mixin.py:190} INFO - [2024-08-26T18:26:56.367-0700] {dagbag.py:587} INFO - Filling up the DagBag from /home/jerson/airflow_venv/lib/python3.10/site-packages/airflow/example_dags/example_branch_labels.py
[2024-08-26T18:26:56.373-0700] {processor.py:925} INFO - DAG(s) 'example_branch_labels' retrieved from /home/jerson/airflow_venv/lib/python3.10/site-packages/airflow/example_dags/example_branch_labels.py
[2024-08-26T18:26:56.382-0700] {logging_mixin.py:190} INFO - [2024-08-26T18:26:56.382-0700] {dag.py:3211} INFO - Sync 1 DAGs
[2024-08-26T18:26:56.393-0700] {logging_mixin.py:190} INFO - [2024-08-26T18:26:56.393-0700] {dag.py:4138} INFO - Setting next_dagrun for example_branch_labels to 2024-08-26 00:00:00+00:00, run_after=2024-08-27 00:00:00+00:00
[2024-08-26T18:26:56.408-0700] {processor.py:208} INFO - Processing /home/jerson/airflow_venv/lib/python3.10/site-packages/airflow/example_dags/example_branch_labels.py took 0.046 seconds
[2024-08-26T18:27:46.698-0700] {processor.py:186} INFO - Started process (PID=62786) to work on /home/jerson/airflow_venv/lib/python3.10/site-packages/airflow/example_dags/example_branch_labels.py
[2024-08-26T18:27:46.699-0700] {processor.py:914} INFO - Processing file /home/jerson/airflow_venv/lib/python3.10/site-packages/airflow/example_dags/example_branch_labels.py for tasks to queue
[2024-08-26T18:27:46.700-0700] {logging_mixin.py:190} INFO - [2024-08-26T18:27:46.699-0700] {dagbag.py:587} INFO - Filling up the DagBag from /home/jerson/airflow_venv/lib/python3.10/site-packages/airflow/example_dags/example_branch_labels.py
[2024-08-26T18:27:46.705-0700] {processor.py:925} INFO - DAG(s) 'example_branch_labels' retrieved from /home/jerson/airflow_venv/lib/python3.10/site-packages/airflow/example_dags/example_branch_labels.py
[2024-08-26T18:27:46.716-0700] {logging_mixin.py:190} INFO - [2024-08-26T18:27:46.715-0700] {dag.py:3211} INFO - Sync 1 DAGs
[2024-08-26T18:27:46.728-0700] {logging_mixin.py:190} INFO - [2024-08-26T18:27:46.728-0700] {dag.py:4138} INFO - Setting next_dagrun for example_branch_labels to 2024-08-26 00:00:00+00:00, run_after=2024-08-27 00:00:00+00:00
[2024-08-26T18:27:46.743-0700] {processor.py:208} INFO - Processing /home/jerson/airflow_venv/lib/python3.10/site-packages/airflow/example_dags/example_branch_labels.py took 0.049 seconds
[2024-08-26T18:28:38.507-0700] {processor.py:186} INFO - Started process (PID=63201) to work on /home/jerson/airflow_venv/lib/python3.10/site-packages/airflow/example_dags/example_branch_labels.py
[2024-08-26T18:28:38.508-0700] {processor.py:914} INFO - Processing file /home/jerson/airflow_venv/lib/python3.10/site-packages/airflow/example_dags/example_branch_labels.py for tasks to queue
[2024-08-26T18:28:38.509-0700] {logging_mixin.py:190} INFO - [2024-08-26T18:28:38.508-0700] {dagbag.py:587} INFO - Filling up the DagBag from /home/jerson/airflow_venv/lib/python3.10/site-packages/airflow/example_dags/example_branch_labels.py
[2024-08-26T18:28:38.515-0700] {processor.py:925} INFO - DAG(s) 'example_branch_labels' retrieved from /home/jerson/airflow_venv/lib/python3.10/site-packages/airflow/example_dags/example_branch_labels.py
[2024-08-26T18:28:38.525-0700] {logging_mixin.py:190} INFO - [2024-08-26T18:28:38.524-0700] {dag.py:3211} INFO - Sync 1 DAGs
[2024-08-26T18:28:38.537-0700] {logging_mixin.py:190} INFO - [2024-08-26T18:28:38.536-0700] {dag.py:4138} INFO - Setting next_dagrun for example_branch_labels to 2024-08-26 00:00:00+00:00, run_after=2024-08-27 00:00:00+00:00
[2024-08-26T18:28:38.552-0700] {processor.py:208} INFO - Processing /home/jerson/airflow_venv/lib/python3.10/site-packages/airflow/example_dags/example_branch_labels.py took 0.048 seconds
[2024-08-26T18:29:29.158-0700] {processor.py:186} INFO - Started process (PID=63604) to work on /home/jerson/airflow_venv/lib/python3.10/site-packages/airflow/example_dags/example_branch_labels.py
[2024-08-26T18:29:29.159-0700] {processor.py:914} INFO - Processing file /home/jerson/airflow_venv/lib/python3.10/site-packages/airflow/example_dags/example_branch_labels.py for tasks to queue
[2024-08-26T18:29:29.159-0700] {logging_mixin.py:190} INFO - [2024-08-26T18:29:29.159-0700] {dagbag.py:587} INFO - Filling up the DagBag from /home/jerson/airflow_venv/lib/python3.10/site-packages/airflow/example_dags/example_branch_labels.py
[2024-08-26T18:29:29.165-0700] {processor.py:925} INFO - DAG(s) 'example_branch_labels' retrieved from /home/jerson/airflow_venv/lib/python3.10/site-packages/airflow/example_dags/example_branch_labels.py
[2024-08-26T18:29:29.175-0700] {logging_mixin.py:190} INFO - [2024-08-26T18:29:29.175-0700] {dag.py:3211} INFO - Sync 1 DAGs
[2024-08-26T18:29:29.188-0700] {logging_mixin.py:190} INFO - [2024-08-26T18:29:29.188-0700] {dag.py:4138} INFO - Setting next_dagrun for example_branch_labels to 2024-08-26 00:00:00+00:00, run_after=2024-08-27 00:00:00+00:00
[2024-08-26T18:29:29.204-0700] {processor.py:208} INFO - Processing /home/jerson/airflow_venv/lib/python3.10/site-packages/airflow/example_dags/example_branch_labels.py took 0.049 seconds
[2024-08-26T18:30:16.393-0700] {processor.py:186} INFO - Started process (PID=63981) to work on /home/jerson/airflow_venv/lib/python3.10/site-packages/airflow/example_dags/example_branch_labels.py
[2024-08-26T18:30:16.394-0700] {processor.py:914} INFO - Processing file /home/jerson/airflow_venv/lib/python3.10/site-packages/airflow/example_dags/example_branch_labels.py for tasks to queue
[2024-08-26T18:30:16.394-0700] {logging_mixin.py:190} INFO - [2024-08-26T18:30:16.394-0700] {dagbag.py:587} INFO - Filling up the DagBag from /home/jerson/airflow_venv/lib/python3.10/site-packages/airflow/example_dags/example_branch_labels.py
[2024-08-26T18:30:16.400-0700] {processor.py:925} INFO - DAG(s) 'example_branch_labels' retrieved from /home/jerson/airflow_venv/lib/python3.10/site-packages/airflow/example_dags/example_branch_labels.py
[2024-08-26T18:30:16.409-0700] {logging_mixin.py:190} INFO - [2024-08-26T18:30:16.409-0700] {dag.py:3211} INFO - Sync 1 DAGs
[2024-08-26T18:30:16.420-0700] {logging_mixin.py:190} INFO - [2024-08-26T18:30:16.420-0700] {dag.py:4138} INFO - Setting next_dagrun for example_branch_labels to 2024-08-26 00:00:00+00:00, run_after=2024-08-27 00:00:00+00:00
[2024-08-26T18:30:16.434-0700] {processor.py:208} INFO - Processing /home/jerson/airflow_venv/lib/python3.10/site-packages/airflow/example_dags/example_branch_labels.py took 0.045 seconds
[2024-08-26T18:31:05.151-0700] {processor.py:186} INFO - Started process (PID=64477) to work on /home/jerson/airflow_venv/lib/python3.10/site-packages/airflow/example_dags/example_branch_labels.py
[2024-08-26T18:31:05.152-0700] {processor.py:914} INFO - Processing file /home/jerson/airflow_venv/lib/python3.10/site-packages/airflow/example_dags/example_branch_labels.py for tasks to queue
[2024-08-26T18:31:05.152-0700] {logging_mixin.py:190} INFO - [2024-08-26T18:31:05.152-0700] {dagbag.py:587} INFO - Filling up the DagBag from /home/jerson/airflow_venv/lib/python3.10/site-packages/airflow/example_dags/example_branch_labels.py
[2024-08-26T18:31:05.158-0700] {processor.py:925} INFO - DAG(s) 'example_branch_labels' retrieved from /home/jerson/airflow_venv/lib/python3.10/site-packages/airflow/example_dags/example_branch_labels.py
[2024-08-26T18:31:05.168-0700] {logging_mixin.py:190} INFO - [2024-08-26T18:31:05.168-0700] {dag.py:3211} INFO - Sync 1 DAGs
[2024-08-26T18:31:05.180-0700] {logging_mixin.py:190} INFO - [2024-08-26T18:31:05.179-0700] {dag.py:4138} INFO - Setting next_dagrun for example_branch_labels to 2024-08-26 00:00:00+00:00, run_after=2024-08-27 00:00:00+00:00
[2024-08-26T18:31:05.199-0700] {processor.py:208} INFO - Processing /home/jerson/airflow_venv/lib/python3.10/site-packages/airflow/example_dags/example_branch_labels.py took 0.052 seconds
