[2024-08-26T17:36:43.092-0700] {processor.py:186} INFO - Started process (PID=32456) to work on /home/jerson/airflow_venv/lib/python3.10/site-packages/airflow/example_dags/example_params_trigger_ui.py
[2024-08-26T17:36:43.092-0700] {processor.py:914} INFO - Processing file /home/jerson/airflow_venv/lib/python3.10/site-packages/airflow/example_dags/example_params_trigger_ui.py for tasks to queue
[2024-08-26T17:36:43.094-0700] {logging_mixin.py:190} INFO - [2024-08-26T17:36:43.093-0700] {dagbag.py:587} INFO - Filling up the DagBag from /home/jerson/airflow_venv/lib/python3.10/site-packages/airflow/example_dags/example_params_trigger_ui.py
[2024-08-26T17:36:43.100-0700] {processor.py:925} INFO - DAG(s) 'example_params_trigger_ui' retrieved from /home/jerson/airflow_venv/lib/python3.10/site-packages/airflow/example_dags/example_params_trigger_ui.py
[2024-08-26T17:36:43.131-0700] {logging_mixin.py:190} INFO - [2024-08-26T17:36:43.131-0700] {dag.py:3211} INFO - Sync 1 DAGs
[2024-08-26T17:36:43.138-0700] {logging_mixin.py:190} INFO - [2024-08-26T17:36:43.138-0700] {dag.py:4138} INFO - Setting next_dagrun for example_params_trigger_ui to None, run_after=None
[2024-08-26T17:36:43.154-0700] {processor.py:208} INFO - Processing /home/jerson/airflow_venv/lib/python3.10/site-packages/airflow/example_dags/example_params_trigger_ui.py took 0.065 seconds
[2024-08-26T17:37:45.833-0700] {processor.py:186} INFO - Started process (PID=32991) to work on /home/jerson/airflow_venv/lib/python3.10/site-packages/airflow/example_dags/example_params_trigger_ui.py
[2024-08-26T17:37:45.834-0700] {processor.py:914} INFO - Processing file /home/jerson/airflow_venv/lib/python3.10/site-packages/airflow/example_dags/example_params_trigger_ui.py for tasks to queue
[2024-08-26T17:37:45.835-0700] {logging_mixin.py:190} INFO - [2024-08-26T17:37:45.835-0700] {dagbag.py:587} INFO - Filling up the DagBag from /home/jerson/airflow_venv/lib/python3.10/site-packages/airflow/example_dags/example_params_trigger_ui.py
[2024-08-26T17:37:45.841-0700] {processor.py:925} INFO - DAG(s) 'example_params_trigger_ui' retrieved from /home/jerson/airflow_venv/lib/python3.10/site-packages/airflow/example_dags/example_params_trigger_ui.py
[2024-08-26T17:37:45.867-0700] {logging_mixin.py:190} INFO - [2024-08-26T17:37:45.867-0700] {dag.py:3211} INFO - Sync 1 DAGs
[2024-08-26T17:37:45.875-0700] {logging_mixin.py:190} INFO - [2024-08-26T17:37:45.875-0700] {dag.py:4138} INFO - Setting next_dagrun for example_params_trigger_ui to None, run_after=None
[2024-08-26T17:37:45.890-0700] {processor.py:208} INFO - Processing /home/jerson/airflow_venv/lib/python3.10/site-packages/airflow/example_dags/example_params_trigger_ui.py took 0.060 seconds
[2024-08-26T17:38:36.026-0700] {processor.py:186} INFO - Started process (PID=33394) to work on /home/jerson/airflow_venv/lib/python3.10/site-packages/airflow/example_dags/example_params_trigger_ui.py
[2024-08-26T17:38:36.027-0700] {processor.py:914} INFO - Processing file /home/jerson/airflow_venv/lib/python3.10/site-packages/airflow/example_dags/example_params_trigger_ui.py for tasks to queue
[2024-08-26T17:38:36.028-0700] {logging_mixin.py:190} INFO - [2024-08-26T17:38:36.028-0700] {dagbag.py:587} INFO - Filling up the DagBag from /home/jerson/airflow_venv/lib/python3.10/site-packages/airflow/example_dags/example_params_trigger_ui.py
[2024-08-26T17:38:36.034-0700] {processor.py:925} INFO - DAG(s) 'example_params_trigger_ui' retrieved from /home/jerson/airflow_venv/lib/python3.10/site-packages/airflow/example_dags/example_params_trigger_ui.py
[2024-08-26T17:38:36.058-0700] {logging_mixin.py:190} INFO - [2024-08-26T17:38:36.058-0700] {dag.py:3211} INFO - Sync 1 DAGs
[2024-08-26T17:38:36.065-0700] {logging_mixin.py:190} INFO - [2024-08-26T17:38:36.064-0700] {dag.py:4138} INFO - Setting next_dagrun for example_params_trigger_ui to None, run_after=None
[2024-08-26T17:38:36.081-0700] {processor.py:208} INFO - Processing /home/jerson/airflow_venv/lib/python3.10/site-packages/airflow/example_dags/example_params_trigger_ui.py took 0.059 seconds
[2024-08-26T17:39:22.159-0700] {processor.py:186} INFO - Started process (PID=33793) to work on /home/jerson/airflow_venv/lib/python3.10/site-packages/airflow/example_dags/example_params_trigger_ui.py
[2024-08-26T17:39:22.160-0700] {processor.py:914} INFO - Processing file /home/jerson/airflow_venv/lib/python3.10/site-packages/airflow/example_dags/example_params_trigger_ui.py for tasks to queue
[2024-08-26T17:39:22.162-0700] {logging_mixin.py:190} INFO - [2024-08-26T17:39:22.162-0700] {dagbag.py:587} INFO - Filling up the DagBag from /home/jerson/airflow_venv/lib/python3.10/site-packages/airflow/example_dags/example_params_trigger_ui.py
[2024-08-26T17:39:22.169-0700] {processor.py:925} INFO - DAG(s) 'example_params_trigger_ui' retrieved from /home/jerson/airflow_venv/lib/python3.10/site-packages/airflow/example_dags/example_params_trigger_ui.py
[2024-08-26T17:39:22.197-0700] {logging_mixin.py:190} INFO - [2024-08-26T17:39:22.197-0700] {dag.py:3211} INFO - Sync 1 DAGs
[2024-08-26T17:39:22.205-0700] {logging_mixin.py:190} INFO - [2024-08-26T17:39:22.205-0700] {dag.py:4138} INFO - Setting next_dagrun for example_params_trigger_ui to None, run_after=None
[2024-08-26T17:39:22.221-0700] {processor.py:208} INFO - Processing /home/jerson/airflow_venv/lib/python3.10/site-packages/airflow/example_dags/example_params_trigger_ui.py took 0.066 seconds
[2024-08-26T17:40:13.351-0700] {processor.py:186} INFO - Started process (PID=34194) to work on /home/jerson/airflow_venv/lib/python3.10/site-packages/airflow/example_dags/example_params_trigger_ui.py
[2024-08-26T17:40:13.352-0700] {processor.py:914} INFO - Processing file /home/jerson/airflow_venv/lib/python3.10/site-packages/airflow/example_dags/example_params_trigger_ui.py for tasks to queue
[2024-08-26T17:40:13.353-0700] {logging_mixin.py:190} INFO - [2024-08-26T17:40:13.353-0700] {dagbag.py:587} INFO - Filling up the DagBag from /home/jerson/airflow_venv/lib/python3.10/site-packages/airflow/example_dags/example_params_trigger_ui.py
[2024-08-26T17:40:13.359-0700] {processor.py:925} INFO - DAG(s) 'example_params_trigger_ui' retrieved from /home/jerson/airflow_venv/lib/python3.10/site-packages/airflow/example_dags/example_params_trigger_ui.py
[2024-08-26T17:40:13.385-0700] {logging_mixin.py:190} INFO - [2024-08-26T17:40:13.385-0700] {dag.py:3211} INFO - Sync 1 DAGs
[2024-08-26T17:40:13.393-0700] {logging_mixin.py:190} INFO - [2024-08-26T17:40:13.393-0700] {dag.py:4138} INFO - Setting next_dagrun for example_params_trigger_ui to None, run_after=None
[2024-08-26T17:40:13.408-0700] {processor.py:208} INFO - Processing /home/jerson/airflow_venv/lib/python3.10/site-packages/airflow/example_dags/example_params_trigger_ui.py took 0.061 seconds
[2024-08-26T17:41:02.847-0700] {processor.py:186} INFO - Started process (PID=34594) to work on /home/jerson/airflow_venv/lib/python3.10/site-packages/airflow/example_dags/example_params_trigger_ui.py
[2024-08-26T17:41:02.848-0700] {processor.py:914} INFO - Processing file /home/jerson/airflow_venv/lib/python3.10/site-packages/airflow/example_dags/example_params_trigger_ui.py for tasks to queue
[2024-08-26T17:41:02.849-0700] {logging_mixin.py:190} INFO - [2024-08-26T17:41:02.849-0700] {dagbag.py:587} INFO - Filling up the DagBag from /home/jerson/airflow_venv/lib/python3.10/site-packages/airflow/example_dags/example_params_trigger_ui.py
[2024-08-26T17:41:02.855-0700] {processor.py:925} INFO - DAG(s) 'example_params_trigger_ui' retrieved from /home/jerson/airflow_venv/lib/python3.10/site-packages/airflow/example_dags/example_params_trigger_ui.py
[2024-08-26T17:41:02.879-0700] {logging_mixin.py:190} INFO - [2024-08-26T17:41:02.879-0700] {dag.py:3211} INFO - Sync 1 DAGs
[2024-08-26T17:41:02.887-0700] {logging_mixin.py:190} INFO - [2024-08-26T17:41:02.887-0700] {dag.py:4138} INFO - Setting next_dagrun for example_params_trigger_ui to None, run_after=None
[2024-08-26T17:41:02.902-0700] {processor.py:208} INFO - Processing /home/jerson/airflow_venv/lib/python3.10/site-packages/airflow/example_dags/example_params_trigger_ui.py took 0.058 seconds
[2024-08-26T17:41:53.035-0700] {processor.py:186} INFO - Started process (PID=34988) to work on /home/jerson/airflow_venv/lib/python3.10/site-packages/airflow/example_dags/example_params_trigger_ui.py
[2024-08-26T17:41:53.036-0700] {processor.py:914} INFO - Processing file /home/jerson/airflow_venv/lib/python3.10/site-packages/airflow/example_dags/example_params_trigger_ui.py for tasks to queue
[2024-08-26T17:41:53.037-0700] {logging_mixin.py:190} INFO - [2024-08-26T17:41:53.037-0700] {dagbag.py:587} INFO - Filling up the DagBag from /home/jerson/airflow_venv/lib/python3.10/site-packages/airflow/example_dags/example_params_trigger_ui.py
[2024-08-26T17:41:53.043-0700] {processor.py:925} INFO - DAG(s) 'example_params_trigger_ui' retrieved from /home/jerson/airflow_venv/lib/python3.10/site-packages/airflow/example_dags/example_params_trigger_ui.py
[2024-08-26T17:41:53.066-0700] {logging_mixin.py:190} INFO - [2024-08-26T17:41:53.066-0700] {dag.py:3211} INFO - Sync 1 DAGs
[2024-08-26T17:41:53.072-0700] {logging_mixin.py:190} INFO - [2024-08-26T17:41:53.072-0700] {dag.py:4138} INFO - Setting next_dagrun for example_params_trigger_ui to None, run_after=None
[2024-08-26T17:41:53.088-0700] {processor.py:208} INFO - Processing /home/jerson/airflow_venv/lib/python3.10/site-packages/airflow/example_dags/example_params_trigger_ui.py took 0.057 seconds
[2024-08-26T17:42:41.542-0700] {processor.py:186} INFO - Started process (PID=35376) to work on /home/jerson/airflow_venv/lib/python3.10/site-packages/airflow/example_dags/example_params_trigger_ui.py
[2024-08-26T17:42:41.543-0700] {processor.py:914} INFO - Processing file /home/jerson/airflow_venv/lib/python3.10/site-packages/airflow/example_dags/example_params_trigger_ui.py for tasks to queue
[2024-08-26T17:42:41.545-0700] {logging_mixin.py:190} INFO - [2024-08-26T17:42:41.544-0700] {dagbag.py:587} INFO - Filling up the DagBag from /home/jerson/airflow_venv/lib/python3.10/site-packages/airflow/example_dags/example_params_trigger_ui.py
[2024-08-26T17:42:41.551-0700] {processor.py:925} INFO - DAG(s) 'example_params_trigger_ui' retrieved from /home/jerson/airflow_venv/lib/python3.10/site-packages/airflow/example_dags/example_params_trigger_ui.py
[2024-08-26T17:42:41.574-0700] {logging_mixin.py:190} INFO - [2024-08-26T17:42:41.574-0700] {dag.py:3211} INFO - Sync 1 DAGs
[2024-08-26T17:42:41.581-0700] {logging_mixin.py:190} INFO - [2024-08-26T17:42:41.581-0700] {dag.py:4138} INFO - Setting next_dagrun for example_params_trigger_ui to None, run_after=None
[2024-08-26T17:42:41.597-0700] {processor.py:208} INFO - Processing /home/jerson/airflow_venv/lib/python3.10/site-packages/airflow/example_dags/example_params_trigger_ui.py took 0.058 seconds
[2024-08-26T17:43:30.594-0700] {processor.py:186} INFO - Started process (PID=35766) to work on /home/jerson/airflow_venv/lib/python3.10/site-packages/airflow/example_dags/example_params_trigger_ui.py
[2024-08-26T17:43:30.595-0700] {processor.py:914} INFO - Processing file /home/jerson/airflow_venv/lib/python3.10/site-packages/airflow/example_dags/example_params_trigger_ui.py for tasks to queue
[2024-08-26T17:43:30.596-0700] {logging_mixin.py:190} INFO - [2024-08-26T17:43:30.596-0700] {dagbag.py:587} INFO - Filling up the DagBag from /home/jerson/airflow_venv/lib/python3.10/site-packages/airflow/example_dags/example_params_trigger_ui.py
[2024-08-26T17:43:30.602-0700] {processor.py:925} INFO - DAG(s) 'example_params_trigger_ui' retrieved from /home/jerson/airflow_venv/lib/python3.10/site-packages/airflow/example_dags/example_params_trigger_ui.py
[2024-08-26T17:43:30.626-0700] {logging_mixin.py:190} INFO - [2024-08-26T17:43:30.626-0700] {dag.py:3211} INFO - Sync 1 DAGs
[2024-08-26T17:43:30.633-0700] {logging_mixin.py:190} INFO - [2024-08-26T17:43:30.633-0700] {dag.py:4138} INFO - Setting next_dagrun for example_params_trigger_ui to None, run_after=None
[2024-08-26T17:43:30.649-0700] {processor.py:208} INFO - Processing /home/jerson/airflow_venv/lib/python3.10/site-packages/airflow/example_dags/example_params_trigger_ui.py took 0.058 seconds
[2024-08-26T17:44:16.933-0700] {processor.py:186} INFO - Started process (PID=36165) to work on /home/jerson/airflow_venv/lib/python3.10/site-packages/airflow/example_dags/example_params_trigger_ui.py
[2024-08-26T17:44:16.934-0700] {processor.py:914} INFO - Processing file /home/jerson/airflow_venv/lib/python3.10/site-packages/airflow/example_dags/example_params_trigger_ui.py for tasks to queue
[2024-08-26T17:44:16.936-0700] {logging_mixin.py:190} INFO - [2024-08-26T17:44:16.936-0700] {dagbag.py:587} INFO - Filling up the DagBag from /home/jerson/airflow_venv/lib/python3.10/site-packages/airflow/example_dags/example_params_trigger_ui.py
[2024-08-26T17:44:16.942-0700] {processor.py:925} INFO - DAG(s) 'example_params_trigger_ui' retrieved from /home/jerson/airflow_venv/lib/python3.10/site-packages/airflow/example_dags/example_params_trigger_ui.py
[2024-08-26T17:44:16.968-0700] {logging_mixin.py:190} INFO - [2024-08-26T17:44:16.967-0700] {dag.py:3211} INFO - Sync 1 DAGs
[2024-08-26T17:44:16.975-0700] {logging_mixin.py:190} INFO - [2024-08-26T17:44:16.975-0700] {dag.py:4138} INFO - Setting next_dagrun for example_params_trigger_ui to None, run_after=None
[2024-08-26T17:44:16.990-0700] {processor.py:208} INFO - Processing /home/jerson/airflow_venv/lib/python3.10/site-packages/airflow/example_dags/example_params_trigger_ui.py took 0.060 seconds
[2024-08-26T17:45:08.247-0700] {processor.py:186} INFO - Started process (PID=36580) to work on /home/jerson/airflow_venv/lib/python3.10/site-packages/airflow/example_dags/example_params_trigger_ui.py
[2024-08-26T17:45:08.248-0700] {processor.py:914} INFO - Processing file /home/jerson/airflow_venv/lib/python3.10/site-packages/airflow/example_dags/example_params_trigger_ui.py for tasks to queue
[2024-08-26T17:45:08.249-0700] {logging_mixin.py:190} INFO - [2024-08-26T17:45:08.249-0700] {dagbag.py:587} INFO - Filling up the DagBag from /home/jerson/airflow_venv/lib/python3.10/site-packages/airflow/example_dags/example_params_trigger_ui.py
[2024-08-26T17:45:08.255-0700] {processor.py:925} INFO - DAG(s) 'example_params_trigger_ui' retrieved from /home/jerson/airflow_venv/lib/python3.10/site-packages/airflow/example_dags/example_params_trigger_ui.py
[2024-08-26T17:45:08.279-0700] {logging_mixin.py:190} INFO - [2024-08-26T17:45:08.279-0700] {dag.py:3211} INFO - Sync 1 DAGs
[2024-08-26T17:45:08.287-0700] {logging_mixin.py:190} INFO - [2024-08-26T17:45:08.287-0700] {dag.py:4138} INFO - Setting next_dagrun for example_params_trigger_ui to None, run_after=None
[2024-08-26T17:45:08.304-0700] {processor.py:208} INFO - Processing /home/jerson/airflow_venv/lib/python3.10/site-packages/airflow/example_dags/example_params_trigger_ui.py took 0.061 seconds
[2024-08-26T17:45:58.514-0700] {processor.py:186} INFO - Started process (PID=37003) to work on /home/jerson/airflow_venv/lib/python3.10/site-packages/airflow/example_dags/example_params_trigger_ui.py
[2024-08-26T17:45:58.515-0700] {processor.py:914} INFO - Processing file /home/jerson/airflow_venv/lib/python3.10/site-packages/airflow/example_dags/example_params_trigger_ui.py for tasks to queue
[2024-08-26T17:45:58.516-0700] {logging_mixin.py:190} INFO - [2024-08-26T17:45:58.516-0700] {dagbag.py:587} INFO - Filling up the DagBag from /home/jerson/airflow_venv/lib/python3.10/site-packages/airflow/example_dags/example_params_trigger_ui.py
[2024-08-26T17:45:58.524-0700] {processor.py:925} INFO - DAG(s) 'example_params_trigger_ui' retrieved from /home/jerson/airflow_venv/lib/python3.10/site-packages/airflow/example_dags/example_params_trigger_ui.py
[2024-08-26T17:45:58.550-0700] {logging_mixin.py:190} INFO - [2024-08-26T17:45:58.550-0700] {dag.py:3211} INFO - Sync 1 DAGs
[2024-08-26T17:45:58.557-0700] {logging_mixin.py:190} INFO - [2024-08-26T17:45:58.557-0700] {dag.py:4138} INFO - Setting next_dagrun for example_params_trigger_ui to None, run_after=None
[2024-08-26T17:45:58.574-0700] {processor.py:208} INFO - Processing /home/jerson/airflow_venv/lib/python3.10/site-packages/airflow/example_dags/example_params_trigger_ui.py took 0.065 seconds
[2024-08-26T17:46:47.941-0700] {processor.py:186} INFO - Started process (PID=37682) to work on /home/jerson/airflow_venv/lib/python3.10/site-packages/airflow/example_dags/example_params_trigger_ui.py
[2024-08-26T17:46:47.942-0700] {processor.py:914} INFO - Processing file /home/jerson/airflow_venv/lib/python3.10/site-packages/airflow/example_dags/example_params_trigger_ui.py for tasks to queue
[2024-08-26T17:46:47.943-0700] {logging_mixin.py:190} INFO - [2024-08-26T17:46:47.943-0700] {dagbag.py:587} INFO - Filling up the DagBag from /home/jerson/airflow_venv/lib/python3.10/site-packages/airflow/example_dags/example_params_trigger_ui.py
[2024-08-26T17:46:47.949-0700] {processor.py:925} INFO - DAG(s) 'example_params_trigger_ui' retrieved from /home/jerson/airflow_venv/lib/python3.10/site-packages/airflow/example_dags/example_params_trigger_ui.py
[2024-08-26T17:46:47.976-0700] {logging_mixin.py:190} INFO - [2024-08-26T17:46:47.976-0700] {dag.py:3211} INFO - Sync 1 DAGs
[2024-08-26T17:46:47.983-0700] {logging_mixin.py:190} INFO - [2024-08-26T17:46:47.983-0700] {dag.py:4138} INFO - Setting next_dagrun for example_params_trigger_ui to None, run_after=None
[2024-08-26T17:46:48.001-0700] {processor.py:208} INFO - Processing /home/jerson/airflow_venv/lib/python3.10/site-packages/airflow/example_dags/example_params_trigger_ui.py took 0.064 seconds
[2024-08-26T17:47:36.973-0700] {processor.py:186} INFO - Started process (PID=38198) to work on /home/jerson/airflow_venv/lib/python3.10/site-packages/airflow/example_dags/example_params_trigger_ui.py
[2024-08-26T17:47:36.974-0700] {processor.py:914} INFO - Processing file /home/jerson/airflow_venv/lib/python3.10/site-packages/airflow/example_dags/example_params_trigger_ui.py for tasks to queue
[2024-08-26T17:47:36.975-0700] {logging_mixin.py:190} INFO - [2024-08-26T17:47:36.975-0700] {dagbag.py:587} INFO - Filling up the DagBag from /home/jerson/airflow_venv/lib/python3.10/site-packages/airflow/example_dags/example_params_trigger_ui.py
[2024-08-26T17:47:36.982-0700] {processor.py:925} INFO - DAG(s) 'example_params_trigger_ui' retrieved from /home/jerson/airflow_venv/lib/python3.10/site-packages/airflow/example_dags/example_params_trigger_ui.py
[2024-08-26T17:47:37.007-0700] {logging_mixin.py:190} INFO - [2024-08-26T17:47:37.006-0700] {dag.py:3211} INFO - Sync 1 DAGs
[2024-08-26T17:47:37.014-0700] {logging_mixin.py:190} INFO - [2024-08-26T17:47:37.014-0700] {dag.py:4138} INFO - Setting next_dagrun for example_params_trigger_ui to None, run_after=None
[2024-08-26T17:47:37.030-0700] {processor.py:208} INFO - Processing /home/jerson/airflow_venv/lib/python3.10/site-packages/airflow/example_dags/example_params_trigger_ui.py took 0.060 seconds
[2024-08-26T17:48:29.332-0700] {processor.py:186} INFO - Started process (PID=38615) to work on /home/jerson/airflow_venv/lib/python3.10/site-packages/airflow/example_dags/example_params_trigger_ui.py
[2024-08-26T17:48:29.333-0700] {processor.py:914} INFO - Processing file /home/jerson/airflow_venv/lib/python3.10/site-packages/airflow/example_dags/example_params_trigger_ui.py for tasks to queue
[2024-08-26T17:48:29.334-0700] {logging_mixin.py:190} INFO - [2024-08-26T17:48:29.333-0700] {dagbag.py:587} INFO - Filling up the DagBag from /home/jerson/airflow_venv/lib/python3.10/site-packages/airflow/example_dags/example_params_trigger_ui.py
[2024-08-26T17:48:29.341-0700] {processor.py:925} INFO - DAG(s) 'example_params_trigger_ui' retrieved from /home/jerson/airflow_venv/lib/python3.10/site-packages/airflow/example_dags/example_params_trigger_ui.py
[2024-08-26T17:48:29.367-0700] {logging_mixin.py:190} INFO - [2024-08-26T17:48:29.366-0700] {dag.py:3211} INFO - Sync 1 DAGs
[2024-08-26T17:48:29.374-0700] {logging_mixin.py:190} INFO - [2024-08-26T17:48:29.373-0700] {dag.py:4138} INFO - Setting next_dagrun for example_params_trigger_ui to None, run_after=None
[2024-08-26T17:48:29.391-0700] {processor.py:208} INFO - Processing /home/jerson/airflow_venv/lib/python3.10/site-packages/airflow/example_dags/example_params_trigger_ui.py took 0.062 seconds
[2024-08-26T17:49:20.604-0700] {processor.py:186} INFO - Started process (PID=39147) to work on /home/jerson/airflow_venv/lib/python3.10/site-packages/airflow/example_dags/example_params_trigger_ui.py
[2024-08-26T17:49:20.606-0700] {processor.py:914} INFO - Processing file /home/jerson/airflow_venv/lib/python3.10/site-packages/airflow/example_dags/example_params_trigger_ui.py for tasks to queue
[2024-08-26T17:49:20.607-0700] {logging_mixin.py:190} INFO - [2024-08-26T17:49:20.607-0700] {dagbag.py:587} INFO - Filling up the DagBag from /home/jerson/airflow_venv/lib/python3.10/site-packages/airflow/example_dags/example_params_trigger_ui.py
[2024-08-26T17:49:20.616-0700] {processor.py:925} INFO - DAG(s) 'example_params_trigger_ui' retrieved from /home/jerson/airflow_venv/lib/python3.10/site-packages/airflow/example_dags/example_params_trigger_ui.py
[2024-08-26T17:49:20.642-0700] {logging_mixin.py:190} INFO - [2024-08-26T17:49:20.642-0700] {dag.py:3211} INFO - Sync 1 DAGs
[2024-08-26T17:49:20.650-0700] {logging_mixin.py:190} INFO - [2024-08-26T17:49:20.649-0700] {dag.py:4138} INFO - Setting next_dagrun for example_params_trigger_ui to None, run_after=None
[2024-08-26T17:49:20.665-0700] {processor.py:208} INFO - Processing /home/jerson/airflow_venv/lib/python3.10/site-packages/airflow/example_dags/example_params_trigger_ui.py took 0.064 seconds
[2024-08-26T17:50:12.852-0700] {processor.py:186} INFO - Started process (PID=39562) to work on /home/jerson/airflow_venv/lib/python3.10/site-packages/airflow/example_dags/example_params_trigger_ui.py
[2024-08-26T17:50:12.853-0700] {processor.py:914} INFO - Processing file /home/jerson/airflow_venv/lib/python3.10/site-packages/airflow/example_dags/example_params_trigger_ui.py for tasks to queue
[2024-08-26T17:50:12.854-0700] {logging_mixin.py:190} INFO - [2024-08-26T17:50:12.854-0700] {dagbag.py:587} INFO - Filling up the DagBag from /home/jerson/airflow_venv/lib/python3.10/site-packages/airflow/example_dags/example_params_trigger_ui.py
[2024-08-26T17:50:12.861-0700] {processor.py:925} INFO - DAG(s) 'example_params_trigger_ui' retrieved from /home/jerson/airflow_venv/lib/python3.10/site-packages/airflow/example_dags/example_params_trigger_ui.py
[2024-08-26T17:50:12.887-0700] {logging_mixin.py:190} INFO - [2024-08-26T17:50:12.886-0700] {dag.py:3211} INFO - Sync 1 DAGs
[2024-08-26T17:50:12.894-0700] {logging_mixin.py:190} INFO - [2024-08-26T17:50:12.894-0700] {dag.py:4138} INFO - Setting next_dagrun for example_params_trigger_ui to None, run_after=None
[2024-08-26T17:50:12.912-0700] {processor.py:208} INFO - Processing /home/jerson/airflow_venv/lib/python3.10/site-packages/airflow/example_dags/example_params_trigger_ui.py took 0.064 seconds
[2024-08-26T17:51:04.804-0700] {processor.py:186} INFO - Started process (PID=39975) to work on /home/jerson/airflow_venv/lib/python3.10/site-packages/airflow/example_dags/example_params_trigger_ui.py
[2024-08-26T17:51:04.805-0700] {processor.py:914} INFO - Processing file /home/jerson/airflow_venv/lib/python3.10/site-packages/airflow/example_dags/example_params_trigger_ui.py for tasks to queue
[2024-08-26T17:51:04.806-0700] {logging_mixin.py:190} INFO - [2024-08-26T17:51:04.806-0700] {dagbag.py:587} INFO - Filling up the DagBag from /home/jerson/airflow_venv/lib/python3.10/site-packages/airflow/example_dags/example_params_trigger_ui.py
[2024-08-26T17:51:04.813-0700] {processor.py:925} INFO - DAG(s) 'example_params_trigger_ui' retrieved from /home/jerson/airflow_venv/lib/python3.10/site-packages/airflow/example_dags/example_params_trigger_ui.py
[2024-08-26T17:51:04.838-0700] {logging_mixin.py:190} INFO - [2024-08-26T17:51:04.838-0700] {dag.py:3211} INFO - Sync 1 DAGs
[2024-08-26T17:51:04.846-0700] {logging_mixin.py:190} INFO - [2024-08-26T17:51:04.846-0700] {dag.py:4138} INFO - Setting next_dagrun for example_params_trigger_ui to None, run_after=None
[2024-08-26T17:51:04.862-0700] {processor.py:208} INFO - Processing /home/jerson/airflow_venv/lib/python3.10/site-packages/airflow/example_dags/example_params_trigger_ui.py took 0.062 seconds
[2024-08-26T17:55:42.850-0700] {processor.py:186} INFO - Started process (PID=43046) to work on /home/jerson/airflow_venv/lib/python3.10/site-packages/airflow/example_dags/example_params_trigger_ui.py
[2024-08-26T17:55:42.852-0700] {processor.py:914} INFO - Processing file /home/jerson/airflow_venv/lib/python3.10/site-packages/airflow/example_dags/example_params_trigger_ui.py for tasks to queue
[2024-08-26T17:55:42.853-0700] {logging_mixin.py:190} INFO - [2024-08-26T17:55:42.853-0700] {dagbag.py:587} INFO - Filling up the DagBag from /home/jerson/airflow_venv/lib/python3.10/site-packages/airflow/example_dags/example_params_trigger_ui.py
[2024-08-26T17:55:42.860-0700] {processor.py:925} INFO - DAG(s) 'example_params_trigger_ui' retrieved from /home/jerson/airflow_venv/lib/python3.10/site-packages/airflow/example_dags/example_params_trigger_ui.py
[2024-08-26T17:55:42.889-0700] {logging_mixin.py:190} INFO - [2024-08-26T17:55:42.889-0700] {dag.py:3211} INFO - Sync 1 DAGs
[2024-08-26T17:55:42.897-0700] {logging_mixin.py:190} INFO - [2024-08-26T17:55:42.896-0700] {dag.py:4138} INFO - Setting next_dagrun for example_params_trigger_ui to None, run_after=None
[2024-08-26T17:55:42.911-0700] {processor.py:208} INFO - Processing /home/jerson/airflow_venv/lib/python3.10/site-packages/airflow/example_dags/example_params_trigger_ui.py took 0.065 seconds
[2024-08-26T17:56:37.124-0700] {processor.py:186} INFO - Started process (PID=43649) to work on /home/jerson/airflow_venv/lib/python3.10/site-packages/airflow/example_dags/example_params_trigger_ui.py
[2024-08-26T17:56:37.125-0700] {processor.py:914} INFO - Processing file /home/jerson/airflow_venv/lib/python3.10/site-packages/airflow/example_dags/example_params_trigger_ui.py for tasks to queue
[2024-08-26T17:56:37.126-0700] {logging_mixin.py:190} INFO - [2024-08-26T17:56:37.126-0700] {dagbag.py:587} INFO - Filling up the DagBag from /home/jerson/airflow_venv/lib/python3.10/site-packages/airflow/example_dags/example_params_trigger_ui.py
[2024-08-26T17:56:37.133-0700] {processor.py:925} INFO - DAG(s) 'example_params_trigger_ui' retrieved from /home/jerson/airflow_venv/lib/python3.10/site-packages/airflow/example_dags/example_params_trigger_ui.py
[2024-08-26T17:56:37.159-0700] {logging_mixin.py:190} INFO - [2024-08-26T17:56:37.159-0700] {dag.py:3211} INFO - Sync 1 DAGs
[2024-08-26T17:56:37.166-0700] {logging_mixin.py:190} INFO - [2024-08-26T17:56:37.166-0700] {dag.py:4138} INFO - Setting next_dagrun for example_params_trigger_ui to None, run_after=None
[2024-08-26T17:56:37.184-0700] {processor.py:208} INFO - Processing /home/jerson/airflow_venv/lib/python3.10/site-packages/airflow/example_dags/example_params_trigger_ui.py took 0.063 seconds
[2024-08-26T17:57:31.322-0700] {processor.py:186} INFO - Started process (PID=44225) to work on /home/jerson/airflow_venv/lib/python3.10/site-packages/airflow/example_dags/example_params_trigger_ui.py
[2024-08-26T17:57:31.323-0700] {processor.py:914} INFO - Processing file /home/jerson/airflow_venv/lib/python3.10/site-packages/airflow/example_dags/example_params_trigger_ui.py for tasks to queue
[2024-08-26T17:57:31.325-0700] {logging_mixin.py:190} INFO - [2024-08-26T17:57:31.324-0700] {dagbag.py:587} INFO - Filling up the DagBag from /home/jerson/airflow_venv/lib/python3.10/site-packages/airflow/example_dags/example_params_trigger_ui.py
[2024-08-26T17:57:31.332-0700] {processor.py:925} INFO - DAG(s) 'example_params_trigger_ui' retrieved from /home/jerson/airflow_venv/lib/python3.10/site-packages/airflow/example_dags/example_params_trigger_ui.py
[2024-08-26T17:57:31.357-0700] {logging_mixin.py:190} INFO - [2024-08-26T17:57:31.357-0700] {dag.py:3211} INFO - Sync 1 DAGs
[2024-08-26T17:57:31.365-0700] {logging_mixin.py:190} INFO - [2024-08-26T17:57:31.365-0700] {dag.py:4138} INFO - Setting next_dagrun for example_params_trigger_ui to None, run_after=None
[2024-08-26T17:57:31.387-0700] {processor.py:208} INFO - Processing /home/jerson/airflow_venv/lib/python3.10/site-packages/airflow/example_dags/example_params_trigger_ui.py took 0.069 seconds
[2024-08-26T17:58:22.626-0700] {processor.py:186} INFO - Started process (PID=44819) to work on /home/jerson/airflow_venv/lib/python3.10/site-packages/airflow/example_dags/example_params_trigger_ui.py
[2024-08-26T17:58:22.627-0700] {processor.py:914} INFO - Processing file /home/jerson/airflow_venv/lib/python3.10/site-packages/airflow/example_dags/example_params_trigger_ui.py for tasks to queue
[2024-08-26T17:58:22.629-0700] {logging_mixin.py:190} INFO - [2024-08-26T17:58:22.628-0700] {dagbag.py:587} INFO - Filling up the DagBag from /home/jerson/airflow_venv/lib/python3.10/site-packages/airflow/example_dags/example_params_trigger_ui.py
[2024-08-26T17:58:22.637-0700] {processor.py:925} INFO - DAG(s) 'example_params_trigger_ui' retrieved from /home/jerson/airflow_venv/lib/python3.10/site-packages/airflow/example_dags/example_params_trigger_ui.py
[2024-08-26T17:58:22.665-0700] {logging_mixin.py:190} INFO - [2024-08-26T17:58:22.665-0700] {dag.py:3211} INFO - Sync 1 DAGs
[2024-08-26T17:58:22.674-0700] {logging_mixin.py:190} INFO - [2024-08-26T17:58:22.674-0700] {dag.py:4138} INFO - Setting next_dagrun for example_params_trigger_ui to None, run_after=None
[2024-08-26T17:58:22.691-0700] {processor.py:208} INFO - Processing /home/jerson/airflow_venv/lib/python3.10/site-packages/airflow/example_dags/example_params_trigger_ui.py took 0.069 seconds
[2024-08-26T17:59:15.180-0700] {processor.py:186} INFO - Started process (PID=45330) to work on /home/jerson/airflow_venv/lib/python3.10/site-packages/airflow/example_dags/example_params_trigger_ui.py
[2024-08-26T17:59:15.181-0700] {processor.py:914} INFO - Processing file /home/jerson/airflow_venv/lib/python3.10/site-packages/airflow/example_dags/example_params_trigger_ui.py for tasks to queue
[2024-08-26T17:59:15.182-0700] {logging_mixin.py:190} INFO - [2024-08-26T17:59:15.182-0700] {dagbag.py:587} INFO - Filling up the DagBag from /home/jerson/airflow_venv/lib/python3.10/site-packages/airflow/example_dags/example_params_trigger_ui.py
[2024-08-26T17:59:15.188-0700] {processor.py:925} INFO - DAG(s) 'example_params_trigger_ui' retrieved from /home/jerson/airflow_venv/lib/python3.10/site-packages/airflow/example_dags/example_params_trigger_ui.py
[2024-08-26T17:59:15.214-0700] {logging_mixin.py:190} INFO - [2024-08-26T17:59:15.213-0700] {dag.py:3211} INFO - Sync 1 DAGs
[2024-08-26T17:59:15.221-0700] {logging_mixin.py:190} INFO - [2024-08-26T17:59:15.221-0700] {dag.py:4138} INFO - Setting next_dagrun for example_params_trigger_ui to None, run_after=None
[2024-08-26T17:59:15.235-0700] {processor.py:208} INFO - Processing /home/jerson/airflow_venv/lib/python3.10/site-packages/airflow/example_dags/example_params_trigger_ui.py took 0.059 seconds
[2024-08-26T18:00:03.758-0700] {processor.py:186} INFO - Started process (PID=45923) to work on /home/jerson/airflow_venv/lib/python3.10/site-packages/airflow/example_dags/example_params_trigger_ui.py
[2024-08-26T18:00:03.759-0700] {processor.py:914} INFO - Processing file /home/jerson/airflow_venv/lib/python3.10/site-packages/airflow/example_dags/example_params_trigger_ui.py for tasks to queue
[2024-08-26T18:00:03.760-0700] {logging_mixin.py:190} INFO - [2024-08-26T18:00:03.760-0700] {dagbag.py:587} INFO - Filling up the DagBag from /home/jerson/airflow_venv/lib/python3.10/site-packages/airflow/example_dags/example_params_trigger_ui.py
[2024-08-26T18:00:03.767-0700] {processor.py:925} INFO - DAG(s) 'example_params_trigger_ui' retrieved from /home/jerson/airflow_venv/lib/python3.10/site-packages/airflow/example_dags/example_params_trigger_ui.py
[2024-08-26T18:00:03.793-0700] {logging_mixin.py:190} INFO - [2024-08-26T18:00:03.793-0700] {dag.py:3211} INFO - Sync 1 DAGs
[2024-08-26T18:00:03.801-0700] {logging_mixin.py:190} INFO - [2024-08-26T18:00:03.800-0700] {dag.py:4138} INFO - Setting next_dagrun for example_params_trigger_ui to None, run_after=None
[2024-08-26T18:00:03.818-0700] {processor.py:208} INFO - Processing /home/jerson/airflow_venv/lib/python3.10/site-packages/airflow/example_dags/example_params_trigger_ui.py took 0.064 seconds
[2024-08-26T18:00:53.292-0700] {processor.py:186} INFO - Started process (PID=46496) to work on /home/jerson/airflow_venv/lib/python3.10/site-packages/airflow/example_dags/example_params_trigger_ui.py
[2024-08-26T18:00:53.293-0700] {processor.py:914} INFO - Processing file /home/jerson/airflow_venv/lib/python3.10/site-packages/airflow/example_dags/example_params_trigger_ui.py for tasks to queue
[2024-08-26T18:00:53.294-0700] {logging_mixin.py:190} INFO - [2024-08-26T18:00:53.294-0700] {dagbag.py:587} INFO - Filling up the DagBag from /home/jerson/airflow_venv/lib/python3.10/site-packages/airflow/example_dags/example_params_trigger_ui.py
[2024-08-26T18:00:53.300-0700] {processor.py:925} INFO - DAG(s) 'example_params_trigger_ui' retrieved from /home/jerson/airflow_venv/lib/python3.10/site-packages/airflow/example_dags/example_params_trigger_ui.py
[2024-08-26T18:00:53.325-0700] {logging_mixin.py:190} INFO - [2024-08-26T18:00:53.325-0700] {dag.py:3211} INFO - Sync 1 DAGs
[2024-08-26T18:00:53.332-0700] {logging_mixin.py:190} INFO - [2024-08-26T18:00:53.332-0700] {dag.py:4138} INFO - Setting next_dagrun for example_params_trigger_ui to None, run_after=None
[2024-08-26T18:00:53.352-0700] {processor.py:208} INFO - Processing /home/jerson/airflow_venv/lib/python3.10/site-packages/airflow/example_dags/example_params_trigger_ui.py took 0.063 seconds
[2024-08-26T18:01:44.083-0700] {processor.py:186} INFO - Started process (PID=46965) to work on /home/jerson/airflow_venv/lib/python3.10/site-packages/airflow/example_dags/example_params_trigger_ui.py
[2024-08-26T18:01:44.084-0700] {processor.py:914} INFO - Processing file /home/jerson/airflow_venv/lib/python3.10/site-packages/airflow/example_dags/example_params_trigger_ui.py for tasks to queue
[2024-08-26T18:01:44.085-0700] {logging_mixin.py:190} INFO - [2024-08-26T18:01:44.085-0700] {dagbag.py:587} INFO - Filling up the DagBag from /home/jerson/airflow_venv/lib/python3.10/site-packages/airflow/example_dags/example_params_trigger_ui.py
[2024-08-26T18:01:44.091-0700] {processor.py:925} INFO - DAG(s) 'example_params_trigger_ui' retrieved from /home/jerson/airflow_venv/lib/python3.10/site-packages/airflow/example_dags/example_params_trigger_ui.py
[2024-08-26T18:01:44.117-0700] {logging_mixin.py:190} INFO - [2024-08-26T18:01:44.116-0700] {dag.py:3211} INFO - Sync 1 DAGs
[2024-08-26T18:01:44.125-0700] {logging_mixin.py:190} INFO - [2024-08-26T18:01:44.124-0700] {dag.py:4138} INFO - Setting next_dagrun for example_params_trigger_ui to None, run_after=None
[2024-08-26T18:01:44.141-0700] {processor.py:208} INFO - Processing /home/jerson/airflow_venv/lib/python3.10/site-packages/airflow/example_dags/example_params_trigger_ui.py took 0.061 seconds
[2024-08-26T18:02:31.466-0700] {processor.py:186} INFO - Started process (PID=47363) to work on /home/jerson/airflow_venv/lib/python3.10/site-packages/airflow/example_dags/example_params_trigger_ui.py
[2024-08-26T18:02:31.663-0700] {processor.py:914} INFO - Processing file /home/jerson/airflow_venv/lib/python3.10/site-packages/airflow/example_dags/example_params_trigger_ui.py for tasks to queue
[2024-08-26T18:02:31.665-0700] {logging_mixin.py:190} INFO - [2024-08-26T18:02:31.664-0700] {dagbag.py:587} INFO - Filling up the DagBag from /home/jerson/airflow_venv/lib/python3.10/site-packages/airflow/example_dags/example_params_trigger_ui.py
[2024-08-26T18:02:31.671-0700] {processor.py:925} INFO - DAG(s) 'example_params_trigger_ui' retrieved from /home/jerson/airflow_venv/lib/python3.10/site-packages/airflow/example_dags/example_params_trigger_ui.py
[2024-08-26T18:02:31.695-0700] {logging_mixin.py:190} INFO - [2024-08-26T18:02:31.695-0700] {dag.py:3211} INFO - Sync 1 DAGs
[2024-08-26T18:02:31.702-0700] {logging_mixin.py:190} INFO - [2024-08-26T18:02:31.702-0700] {dag.py:4138} INFO - Setting next_dagrun for example_params_trigger_ui to None, run_after=None
[2024-08-26T18:02:31.730-0700] {processor.py:208} INFO - Processing /home/jerson/airflow_venv/lib/python3.10/site-packages/airflow/example_dags/example_params_trigger_ui.py took 0.267 seconds
[2024-08-26T18:03:18.691-0700] {processor.py:186} INFO - Started process (PID=47866) to work on /home/jerson/airflow_venv/lib/python3.10/site-packages/airflow/example_dags/example_params_trigger_ui.py
[2024-08-26T18:03:18.692-0700] {processor.py:914} INFO - Processing file /home/jerson/airflow_venv/lib/python3.10/site-packages/airflow/example_dags/example_params_trigger_ui.py for tasks to queue
[2024-08-26T18:03:18.693-0700] {logging_mixin.py:190} INFO - [2024-08-26T18:03:18.693-0700] {dagbag.py:587} INFO - Filling up the DagBag from /home/jerson/airflow_venv/lib/python3.10/site-packages/airflow/example_dags/example_params_trigger_ui.py
[2024-08-26T18:03:18.700-0700] {processor.py:925} INFO - DAG(s) 'example_params_trigger_ui' retrieved from /home/jerson/airflow_venv/lib/python3.10/site-packages/airflow/example_dags/example_params_trigger_ui.py
[2024-08-26T18:03:18.726-0700] {logging_mixin.py:190} INFO - [2024-08-26T18:03:18.725-0700] {dag.py:3211} INFO - Sync 1 DAGs
[2024-08-26T18:03:18.733-0700] {logging_mixin.py:190} INFO - [2024-08-26T18:03:18.733-0700] {dag.py:4138} INFO - Setting next_dagrun for example_params_trigger_ui to None, run_after=None
[2024-08-26T18:03:18.749-0700] {processor.py:208} INFO - Processing /home/jerson/airflow_venv/lib/python3.10/site-packages/airflow/example_dags/example_params_trigger_ui.py took 0.061 seconds
[2024-08-26T18:04:08.372-0700] {processor.py:186} INFO - Started process (PID=48309) to work on /home/jerson/airflow_venv/lib/python3.10/site-packages/airflow/example_dags/example_params_trigger_ui.py
[2024-08-26T18:04:08.373-0700] {processor.py:914} INFO - Processing file /home/jerson/airflow_venv/lib/python3.10/site-packages/airflow/example_dags/example_params_trigger_ui.py for tasks to queue
[2024-08-26T18:04:08.374-0700] {logging_mixin.py:190} INFO - [2024-08-26T18:04:08.374-0700] {dagbag.py:587} INFO - Filling up the DagBag from /home/jerson/airflow_venv/lib/python3.10/site-packages/airflow/example_dags/example_params_trigger_ui.py
[2024-08-26T18:04:08.380-0700] {processor.py:925} INFO - DAG(s) 'example_params_trigger_ui' retrieved from /home/jerson/airflow_venv/lib/python3.10/site-packages/airflow/example_dags/example_params_trigger_ui.py
[2024-08-26T18:04:08.404-0700] {logging_mixin.py:190} INFO - [2024-08-26T18:04:08.404-0700] {dag.py:3211} INFO - Sync 1 DAGs
[2024-08-26T18:04:08.412-0700] {logging_mixin.py:190} INFO - [2024-08-26T18:04:08.412-0700] {dag.py:4138} INFO - Setting next_dagrun for example_params_trigger_ui to None, run_after=None
[2024-08-26T18:04:08.427-0700] {processor.py:208} INFO - Processing /home/jerson/airflow_venv/lib/python3.10/site-packages/airflow/example_dags/example_params_trigger_ui.py took 0.058 seconds
[2024-08-26T18:04:58.072-0700] {processor.py:186} INFO - Started process (PID=48802) to work on /home/jerson/airflow_venv/lib/python3.10/site-packages/airflow/example_dags/example_params_trigger_ui.py
[2024-08-26T18:04:58.072-0700] {processor.py:914} INFO - Processing file /home/jerson/airflow_venv/lib/python3.10/site-packages/airflow/example_dags/example_params_trigger_ui.py for tasks to queue
[2024-08-26T18:04:58.074-0700] {logging_mixin.py:190} INFO - [2024-08-26T18:04:58.074-0700] {dagbag.py:587} INFO - Filling up the DagBag from /home/jerson/airflow_venv/lib/python3.10/site-packages/airflow/example_dags/example_params_trigger_ui.py
[2024-08-26T18:04:58.081-0700] {processor.py:925} INFO - DAG(s) 'example_params_trigger_ui' retrieved from /home/jerson/airflow_venv/lib/python3.10/site-packages/airflow/example_dags/example_params_trigger_ui.py
[2024-08-26T18:04:58.107-0700] {logging_mixin.py:190} INFO - [2024-08-26T18:04:58.107-0700] {dag.py:3211} INFO - Sync 1 DAGs
[2024-08-26T18:04:58.115-0700] {logging_mixin.py:190} INFO - [2024-08-26T18:04:58.115-0700] {dag.py:4138} INFO - Setting next_dagrun for example_params_trigger_ui to None, run_after=None
[2024-08-26T18:04:58.133-0700] {processor.py:208} INFO - Processing /home/jerson/airflow_venv/lib/python3.10/site-packages/airflow/example_dags/example_params_trigger_ui.py took 0.065 seconds
[2024-08-26T18:05:45.412-0700] {processor.py:186} INFO - Started process (PID=49210) to work on /home/jerson/airflow_venv/lib/python3.10/site-packages/airflow/example_dags/example_params_trigger_ui.py
[2024-08-26T18:05:45.413-0700] {processor.py:914} INFO - Processing file /home/jerson/airflow_venv/lib/python3.10/site-packages/airflow/example_dags/example_params_trigger_ui.py for tasks to queue
[2024-08-26T18:05:45.414-0700] {logging_mixin.py:190} INFO - [2024-08-26T18:05:45.414-0700] {dagbag.py:587} INFO - Filling up the DagBag from /home/jerson/airflow_venv/lib/python3.10/site-packages/airflow/example_dags/example_params_trigger_ui.py
[2024-08-26T18:05:45.423-0700] {processor.py:925} INFO - DAG(s) 'example_params_trigger_ui' retrieved from /home/jerson/airflow_venv/lib/python3.10/site-packages/airflow/example_dags/example_params_trigger_ui.py
[2024-08-26T18:05:45.453-0700] {logging_mixin.py:190} INFO - [2024-08-26T18:05:45.452-0700] {dag.py:3211} INFO - Sync 1 DAGs
[2024-08-26T18:05:45.460-0700] {logging_mixin.py:190} INFO - [2024-08-26T18:05:45.460-0700] {dag.py:4138} INFO - Setting next_dagrun for example_params_trigger_ui to None, run_after=None
[2024-08-26T18:05:45.477-0700] {processor.py:208} INFO - Processing /home/jerson/airflow_venv/lib/python3.10/site-packages/airflow/example_dags/example_params_trigger_ui.py took 0.069 seconds
[2024-08-26T18:06:33.895-0700] {processor.py:186} INFO - Started process (PID=49660) to work on /home/jerson/airflow_venv/lib/python3.10/site-packages/airflow/example_dags/example_params_trigger_ui.py
[2024-08-26T18:06:33.896-0700] {processor.py:914} INFO - Processing file /home/jerson/airflow_venv/lib/python3.10/site-packages/airflow/example_dags/example_params_trigger_ui.py for tasks to queue
[2024-08-26T18:06:33.897-0700] {logging_mixin.py:190} INFO - [2024-08-26T18:06:33.897-0700] {dagbag.py:587} INFO - Filling up the DagBag from /home/jerson/airflow_venv/lib/python3.10/site-packages/airflow/example_dags/example_params_trigger_ui.py
[2024-08-26T18:06:33.903-0700] {processor.py:925} INFO - DAG(s) 'example_params_trigger_ui' retrieved from /home/jerson/airflow_venv/lib/python3.10/site-packages/airflow/example_dags/example_params_trigger_ui.py
[2024-08-26T18:06:33.929-0700] {logging_mixin.py:190} INFO - [2024-08-26T18:06:33.928-0700] {dag.py:3211} INFO - Sync 1 DAGs
[2024-08-26T18:06:33.936-0700] {logging_mixin.py:190} INFO - [2024-08-26T18:06:33.935-0700] {dag.py:4138} INFO - Setting next_dagrun for example_params_trigger_ui to None, run_after=None
[2024-08-26T18:06:33.950-0700] {processor.py:208} INFO - Processing /home/jerson/airflow_venv/lib/python3.10/site-packages/airflow/example_dags/example_params_trigger_ui.py took 0.058 seconds
[2024-08-26T18:07:25.022-0700] {processor.py:186} INFO - Started process (PID=50067) to work on /home/jerson/airflow_venv/lib/python3.10/site-packages/airflow/example_dags/example_params_trigger_ui.py
[2024-08-26T18:07:25.023-0700] {processor.py:914} INFO - Processing file /home/jerson/airflow_venv/lib/python3.10/site-packages/airflow/example_dags/example_params_trigger_ui.py for tasks to queue
[2024-08-26T18:07:25.025-0700] {logging_mixin.py:190} INFO - [2024-08-26T18:07:25.025-0700] {dagbag.py:587} INFO - Filling up the DagBag from /home/jerson/airflow_venv/lib/python3.10/site-packages/airflow/example_dags/example_params_trigger_ui.py
[2024-08-26T18:07:25.034-0700] {processor.py:925} INFO - DAG(s) 'example_params_trigger_ui' retrieved from /home/jerson/airflow_venv/lib/python3.10/site-packages/airflow/example_dags/example_params_trigger_ui.py
[2024-08-26T18:07:25.063-0700] {logging_mixin.py:190} INFO - [2024-08-26T18:07:25.063-0700] {dag.py:3211} INFO - Sync 1 DAGs
[2024-08-26T18:07:25.074-0700] {logging_mixin.py:190} INFO - [2024-08-26T18:07:25.073-0700] {dag.py:4138} INFO - Setting next_dagrun for example_params_trigger_ui to None, run_after=None
[2024-08-26T18:07:25.092-0700] {processor.py:208} INFO - Processing /home/jerson/airflow_venv/lib/python3.10/site-packages/airflow/example_dags/example_params_trigger_ui.py took 0.074 seconds
[2024-08-26T18:08:13.253-0700] {processor.py:186} INFO - Started process (PID=50597) to work on /home/jerson/airflow_venv/lib/python3.10/site-packages/airflow/example_dags/example_params_trigger_ui.py
[2024-08-26T18:08:13.254-0700] {processor.py:914} INFO - Processing file /home/jerson/airflow_venv/lib/python3.10/site-packages/airflow/example_dags/example_params_trigger_ui.py for tasks to queue
[2024-08-26T18:08:13.255-0700] {logging_mixin.py:190} INFO - [2024-08-26T18:08:13.255-0700] {dagbag.py:587} INFO - Filling up the DagBag from /home/jerson/airflow_venv/lib/python3.10/site-packages/airflow/example_dags/example_params_trigger_ui.py
[2024-08-26T18:08:13.262-0700] {processor.py:925} INFO - DAG(s) 'example_params_trigger_ui' retrieved from /home/jerson/airflow_venv/lib/python3.10/site-packages/airflow/example_dags/example_params_trigger_ui.py
[2024-08-26T18:08:13.286-0700] {logging_mixin.py:190} INFO - [2024-08-26T18:08:13.286-0700] {dag.py:3211} INFO - Sync 1 DAGs
[2024-08-26T18:08:13.293-0700] {logging_mixin.py:190} INFO - [2024-08-26T18:08:13.293-0700] {dag.py:4138} INFO - Setting next_dagrun for example_params_trigger_ui to None, run_after=None
[2024-08-26T18:08:13.308-0700] {processor.py:208} INFO - Processing /home/jerson/airflow_venv/lib/python3.10/site-packages/airflow/example_dags/example_params_trigger_ui.py took 0.059 seconds
[2024-08-26T18:09:06.860-0700] {processor.py:186} INFO - Started process (PID=51072) to work on /home/jerson/airflow_venv/lib/python3.10/site-packages/airflow/example_dags/example_params_trigger_ui.py
[2024-08-26T18:09:06.861-0700] {processor.py:914} INFO - Processing file /home/jerson/airflow_venv/lib/python3.10/site-packages/airflow/example_dags/example_params_trigger_ui.py for tasks to queue
[2024-08-26T18:09:06.862-0700] {logging_mixin.py:190} INFO - [2024-08-26T18:09:06.862-0700] {dagbag.py:587} INFO - Filling up the DagBag from /home/jerson/airflow_venv/lib/python3.10/site-packages/airflow/example_dags/example_params_trigger_ui.py
[2024-08-26T18:09:06.869-0700] {processor.py:925} INFO - DAG(s) 'example_params_trigger_ui' retrieved from /home/jerson/airflow_venv/lib/python3.10/site-packages/airflow/example_dags/example_params_trigger_ui.py
[2024-08-26T18:09:06.896-0700] {logging_mixin.py:190} INFO - [2024-08-26T18:09:06.895-0700] {dag.py:3211} INFO - Sync 1 DAGs
[2024-08-26T18:09:06.903-0700] {logging_mixin.py:190} INFO - [2024-08-26T18:09:06.903-0700] {dag.py:4138} INFO - Setting next_dagrun for example_params_trigger_ui to None, run_after=None
[2024-08-26T18:09:06.919-0700] {processor.py:208} INFO - Processing /home/jerson/airflow_venv/lib/python3.10/site-packages/airflow/example_dags/example_params_trigger_ui.py took 0.062 seconds
[2024-08-26T18:09:58.358-0700] {processor.py:186} INFO - Started process (PID=51670) to work on /home/jerson/airflow_venv/lib/python3.10/site-packages/airflow/example_dags/example_params_trigger_ui.py
[2024-08-26T18:09:58.359-0700] {processor.py:914} INFO - Processing file /home/jerson/airflow_venv/lib/python3.10/site-packages/airflow/example_dags/example_params_trigger_ui.py for tasks to queue
[2024-08-26T18:09:58.360-0700] {logging_mixin.py:190} INFO - [2024-08-26T18:09:58.360-0700] {dagbag.py:587} INFO - Filling up the DagBag from /home/jerson/airflow_venv/lib/python3.10/site-packages/airflow/example_dags/example_params_trigger_ui.py
[2024-08-26T18:09:58.367-0700] {processor.py:925} INFO - DAG(s) 'example_params_trigger_ui' retrieved from /home/jerson/airflow_venv/lib/python3.10/site-packages/airflow/example_dags/example_params_trigger_ui.py
[2024-08-26T18:09:58.394-0700] {logging_mixin.py:190} INFO - [2024-08-26T18:09:58.394-0700] {dag.py:3211} INFO - Sync 1 DAGs
[2024-08-26T18:09:58.405-0700] {logging_mixin.py:190} INFO - [2024-08-26T18:09:58.405-0700] {dag.py:4138} INFO - Setting next_dagrun for example_params_trigger_ui to None, run_after=None
[2024-08-26T18:09:58.423-0700] {processor.py:208} INFO - Processing /home/jerson/airflow_venv/lib/python3.10/site-packages/airflow/example_dags/example_params_trigger_ui.py took 0.069 seconds
[2024-08-26T18:10:45.828-0700] {processor.py:186} INFO - Started process (PID=52301) to work on /home/jerson/airflow_venv/lib/python3.10/site-packages/airflow/example_dags/example_params_trigger_ui.py
[2024-08-26T18:10:45.829-0700] {processor.py:914} INFO - Processing file /home/jerson/airflow_venv/lib/python3.10/site-packages/airflow/example_dags/example_params_trigger_ui.py for tasks to queue
[2024-08-26T18:10:45.830-0700] {logging_mixin.py:190} INFO - [2024-08-26T18:10:45.830-0700] {dagbag.py:587} INFO - Filling up the DagBag from /home/jerson/airflow_venv/lib/python3.10/site-packages/airflow/example_dags/example_params_trigger_ui.py
[2024-08-26T18:10:45.836-0700] {processor.py:925} INFO - DAG(s) 'example_params_trigger_ui' retrieved from /home/jerson/airflow_venv/lib/python3.10/site-packages/airflow/example_dags/example_params_trigger_ui.py
[2024-08-26T18:10:45.861-0700] {logging_mixin.py:190} INFO - [2024-08-26T18:10:45.861-0700] {dag.py:3211} INFO - Sync 1 DAGs
[2024-08-26T18:10:45.868-0700] {logging_mixin.py:190} INFO - [2024-08-26T18:10:45.868-0700] {dag.py:4138} INFO - Setting next_dagrun for example_params_trigger_ui to None, run_after=None
[2024-08-26T18:10:45.883-0700] {processor.py:208} INFO - Processing /home/jerson/airflow_venv/lib/python3.10/site-packages/airflow/example_dags/example_params_trigger_ui.py took 0.058 seconds
[2024-08-26T18:11:37.216-0700] {processor.py:186} INFO - Started process (PID=52844) to work on /home/jerson/airflow_venv/lib/python3.10/site-packages/airflow/example_dags/example_params_trigger_ui.py
[2024-08-26T18:11:37.217-0700] {processor.py:914} INFO - Processing file /home/jerson/airflow_venv/lib/python3.10/site-packages/airflow/example_dags/example_params_trigger_ui.py for tasks to queue
[2024-08-26T18:11:37.217-0700] {logging_mixin.py:190} INFO - [2024-08-26T18:11:37.217-0700] {dagbag.py:587} INFO - Filling up the DagBag from /home/jerson/airflow_venv/lib/python3.10/site-packages/airflow/example_dags/example_params_trigger_ui.py
[2024-08-26T18:11:37.223-0700] {processor.py:925} INFO - DAG(s) 'example_params_trigger_ui' retrieved from /home/jerson/airflow_venv/lib/python3.10/site-packages/airflow/example_dags/example_params_trigger_ui.py
[2024-08-26T18:11:37.249-0700] {logging_mixin.py:190} INFO - [2024-08-26T18:11:37.248-0700] {dag.py:3211} INFO - Sync 1 DAGs
[2024-08-26T18:11:37.256-0700] {logging_mixin.py:190} INFO - [2024-08-26T18:11:37.255-0700] {dag.py:4138} INFO - Setting next_dagrun for example_params_trigger_ui to None, run_after=None
[2024-08-26T18:11:37.272-0700] {processor.py:208} INFO - Processing /home/jerson/airflow_venv/lib/python3.10/site-packages/airflow/example_dags/example_params_trigger_ui.py took 0.059 seconds
[2024-08-26T18:12:28.569-0700] {processor.py:186} INFO - Started process (PID=53389) to work on /home/jerson/airflow_venv/lib/python3.10/site-packages/airflow/example_dags/example_params_trigger_ui.py
[2024-08-26T18:12:28.570-0700] {processor.py:914} INFO - Processing file /home/jerson/airflow_venv/lib/python3.10/site-packages/airflow/example_dags/example_params_trigger_ui.py for tasks to queue
[2024-08-26T18:12:28.571-0700] {logging_mixin.py:190} INFO - [2024-08-26T18:12:28.570-0700] {dagbag.py:587} INFO - Filling up the DagBag from /home/jerson/airflow_venv/lib/python3.10/site-packages/airflow/example_dags/example_params_trigger_ui.py
[2024-08-26T18:12:28.577-0700] {processor.py:925} INFO - DAG(s) 'example_params_trigger_ui' retrieved from /home/jerson/airflow_venv/lib/python3.10/site-packages/airflow/example_dags/example_params_trigger_ui.py
[2024-08-26T18:12:28.604-0700] {logging_mixin.py:190} INFO - [2024-08-26T18:12:28.603-0700] {dag.py:3211} INFO - Sync 1 DAGs
[2024-08-26T18:12:28.612-0700] {logging_mixin.py:190} INFO - [2024-08-26T18:12:28.611-0700] {dag.py:4138} INFO - Setting next_dagrun for example_params_trigger_ui to None, run_after=None
[2024-08-26T18:12:28.628-0700] {processor.py:208} INFO - Processing /home/jerson/airflow_venv/lib/python3.10/site-packages/airflow/example_dags/example_params_trigger_ui.py took 0.063 seconds
[2024-08-26T18:13:17.671-0700] {processor.py:186} INFO - Started process (PID=53781) to work on /home/jerson/airflow_venv/lib/python3.10/site-packages/airflow/example_dags/example_params_trigger_ui.py
[2024-08-26T18:13:17.672-0700] {processor.py:914} INFO - Processing file /home/jerson/airflow_venv/lib/python3.10/site-packages/airflow/example_dags/example_params_trigger_ui.py for tasks to queue
[2024-08-26T18:13:17.673-0700] {logging_mixin.py:190} INFO - [2024-08-26T18:13:17.672-0700] {dagbag.py:587} INFO - Filling up the DagBag from /home/jerson/airflow_venv/lib/python3.10/site-packages/airflow/example_dags/example_params_trigger_ui.py
[2024-08-26T18:13:17.679-0700] {processor.py:925} INFO - DAG(s) 'example_params_trigger_ui' retrieved from /home/jerson/airflow_venv/lib/python3.10/site-packages/airflow/example_dags/example_params_trigger_ui.py
[2024-08-26T18:13:17.708-0700] {logging_mixin.py:190} INFO - [2024-08-26T18:13:17.708-0700] {dag.py:3211} INFO - Sync 1 DAGs
[2024-08-26T18:13:17.716-0700] {logging_mixin.py:190} INFO - [2024-08-26T18:13:17.716-0700] {dag.py:4138} INFO - Setting next_dagrun for example_params_trigger_ui to None, run_after=None
[2024-08-26T18:13:17.733-0700] {processor.py:208} INFO - Processing /home/jerson/airflow_venv/lib/python3.10/site-packages/airflow/example_dags/example_params_trigger_ui.py took 0.066 seconds
[2024-08-26T18:14:05.076-0700] {processor.py:186} INFO - Started process (PID=54281) to work on /home/jerson/airflow_venv/lib/python3.10/site-packages/airflow/example_dags/example_params_trigger_ui.py
[2024-08-26T18:14:05.077-0700] {processor.py:914} INFO - Processing file /home/jerson/airflow_venv/lib/python3.10/site-packages/airflow/example_dags/example_params_trigger_ui.py for tasks to queue
[2024-08-26T18:14:05.078-0700] {logging_mixin.py:190} INFO - [2024-08-26T18:14:05.077-0700] {dagbag.py:587} INFO - Filling up the DagBag from /home/jerson/airflow_venv/lib/python3.10/site-packages/airflow/example_dags/example_params_trigger_ui.py
[2024-08-26T18:14:05.084-0700] {processor.py:925} INFO - DAG(s) 'example_params_trigger_ui' retrieved from /home/jerson/airflow_venv/lib/python3.10/site-packages/airflow/example_dags/example_params_trigger_ui.py
[2024-08-26T18:14:05.108-0700] {logging_mixin.py:190} INFO - [2024-08-26T18:14:05.108-0700] {dag.py:3211} INFO - Sync 1 DAGs
[2024-08-26T18:14:05.116-0700] {logging_mixin.py:190} INFO - [2024-08-26T18:14:05.116-0700] {dag.py:4138} INFO - Setting next_dagrun for example_params_trigger_ui to None, run_after=None
[2024-08-26T18:14:05.132-0700] {processor.py:208} INFO - Processing /home/jerson/airflow_venv/lib/python3.10/site-packages/airflow/example_dags/example_params_trigger_ui.py took 0.059 seconds
[2024-08-26T18:14:59.648-0700] {processor.py:186} INFO - Started process (PID=54972) to work on /home/jerson/airflow_venv/lib/python3.10/site-packages/airflow/example_dags/example_params_trigger_ui.py
[2024-08-26T18:14:59.649-0700] {processor.py:914} INFO - Processing file /home/jerson/airflow_venv/lib/python3.10/site-packages/airflow/example_dags/example_params_trigger_ui.py for tasks to queue
[2024-08-26T18:14:59.650-0700] {logging_mixin.py:190} INFO - [2024-08-26T18:14:59.649-0700] {dagbag.py:587} INFO - Filling up the DagBag from /home/jerson/airflow_venv/lib/python3.10/site-packages/airflow/example_dags/example_params_trigger_ui.py
[2024-08-26T18:14:59.656-0700] {processor.py:925} INFO - DAG(s) 'example_params_trigger_ui' retrieved from /home/jerson/airflow_venv/lib/python3.10/site-packages/airflow/example_dags/example_params_trigger_ui.py
[2024-08-26T18:14:59.680-0700] {logging_mixin.py:190} INFO - [2024-08-26T18:14:59.680-0700] {dag.py:3211} INFO - Sync 1 DAGs
[2024-08-26T18:14:59.687-0700] {logging_mixin.py:190} INFO - [2024-08-26T18:14:59.687-0700] {dag.py:4138} INFO - Setting next_dagrun for example_params_trigger_ui to None, run_after=None
[2024-08-26T18:14:59.703-0700] {processor.py:208} INFO - Processing /home/jerson/airflow_venv/lib/python3.10/site-packages/airflow/example_dags/example_params_trigger_ui.py took 0.058 seconds
[2024-08-26T18:15:53.032-0700] {processor.py:186} INFO - Started process (PID=55488) to work on /home/jerson/airflow_venv/lib/python3.10/site-packages/airflow/example_dags/example_params_trigger_ui.py
[2024-08-26T18:15:53.033-0700] {processor.py:914} INFO - Processing file /home/jerson/airflow_venv/lib/python3.10/site-packages/airflow/example_dags/example_params_trigger_ui.py for tasks to queue
[2024-08-26T18:15:53.034-0700] {logging_mixin.py:190} INFO - [2024-08-26T18:15:53.034-0700] {dagbag.py:587} INFO - Filling up the DagBag from /home/jerson/airflow_venv/lib/python3.10/site-packages/airflow/example_dags/example_params_trigger_ui.py
[2024-08-26T18:15:53.040-0700] {processor.py:925} INFO - DAG(s) 'example_params_trigger_ui' retrieved from /home/jerson/airflow_venv/lib/python3.10/site-packages/airflow/example_dags/example_params_trigger_ui.py
[2024-08-26T18:15:53.065-0700] {logging_mixin.py:190} INFO - [2024-08-26T18:15:53.065-0700] {dag.py:3211} INFO - Sync 1 DAGs
[2024-08-26T18:15:53.072-0700] {logging_mixin.py:190} INFO - [2024-08-26T18:15:53.072-0700] {dag.py:4138} INFO - Setting next_dagrun for example_params_trigger_ui to None, run_after=None
[2024-08-26T18:15:53.087-0700] {processor.py:208} INFO - Processing /home/jerson/airflow_venv/lib/python3.10/site-packages/airflow/example_dags/example_params_trigger_ui.py took 0.058 seconds
[2024-08-26T18:16:41.635-0700] {processor.py:186} INFO - Started process (PID=55940) to work on /home/jerson/airflow_venv/lib/python3.10/site-packages/airflow/example_dags/example_params_trigger_ui.py
[2024-08-26T18:16:41.635-0700] {processor.py:914} INFO - Processing file /home/jerson/airflow_venv/lib/python3.10/site-packages/airflow/example_dags/example_params_trigger_ui.py for tasks to queue
[2024-08-26T18:16:41.636-0700] {logging_mixin.py:190} INFO - [2024-08-26T18:16:41.636-0700] {dagbag.py:587} INFO - Filling up the DagBag from /home/jerson/airflow_venv/lib/python3.10/site-packages/airflow/example_dags/example_params_trigger_ui.py
[2024-08-26T18:16:41.642-0700] {processor.py:925} INFO - DAG(s) 'example_params_trigger_ui' retrieved from /home/jerson/airflow_venv/lib/python3.10/site-packages/airflow/example_dags/example_params_trigger_ui.py
[2024-08-26T18:16:41.667-0700] {logging_mixin.py:190} INFO - [2024-08-26T18:16:41.667-0700] {dag.py:3211} INFO - Sync 1 DAGs
[2024-08-26T18:16:41.674-0700] {logging_mixin.py:190} INFO - [2024-08-26T18:16:41.674-0700] {dag.py:4138} INFO - Setting next_dagrun for example_params_trigger_ui to None, run_after=None
[2024-08-26T18:16:41.688-0700] {processor.py:208} INFO - Processing /home/jerson/airflow_venv/lib/python3.10/site-packages/airflow/example_dags/example_params_trigger_ui.py took 0.057 seconds
[2024-08-26T18:17:28.732-0700] {processor.py:186} INFO - Started process (PID=56320) to work on /home/jerson/airflow_venv/lib/python3.10/site-packages/airflow/example_dags/example_params_trigger_ui.py
[2024-08-26T18:17:28.733-0700] {processor.py:914} INFO - Processing file /home/jerson/airflow_venv/lib/python3.10/site-packages/airflow/example_dags/example_params_trigger_ui.py for tasks to queue
[2024-08-26T18:17:28.733-0700] {logging_mixin.py:190} INFO - [2024-08-26T18:17:28.733-0700] {dagbag.py:587} INFO - Filling up the DagBag from /home/jerson/airflow_venv/lib/python3.10/site-packages/airflow/example_dags/example_params_trigger_ui.py
[2024-08-26T18:17:28.739-0700] {processor.py:925} INFO - DAG(s) 'example_params_trigger_ui' retrieved from /home/jerson/airflow_venv/lib/python3.10/site-packages/airflow/example_dags/example_params_trigger_ui.py
[2024-08-26T18:17:28.764-0700] {logging_mixin.py:190} INFO - [2024-08-26T18:17:28.764-0700] {dag.py:3211} INFO - Sync 1 DAGs
[2024-08-26T18:17:28.771-0700] {logging_mixin.py:190} INFO - [2024-08-26T18:17:28.771-0700] {dag.py:4138} INFO - Setting next_dagrun for example_params_trigger_ui to None, run_after=None
[2024-08-26T18:17:28.786-0700] {processor.py:208} INFO - Processing /home/jerson/airflow_venv/lib/python3.10/site-packages/airflow/example_dags/example_params_trigger_ui.py took 0.058 seconds
[2024-08-26T18:18:17.128-0700] {processor.py:186} INFO - Started process (PID=56778) to work on /home/jerson/airflow_venv/lib/python3.10/site-packages/airflow/example_dags/example_params_trigger_ui.py
[2024-08-26T18:18:17.129-0700] {processor.py:914} INFO - Processing file /home/jerson/airflow_venv/lib/python3.10/site-packages/airflow/example_dags/example_params_trigger_ui.py for tasks to queue
[2024-08-26T18:18:17.130-0700] {logging_mixin.py:190} INFO - [2024-08-26T18:18:17.130-0700] {dagbag.py:587} INFO - Filling up the DagBag from /home/jerson/airflow_venv/lib/python3.10/site-packages/airflow/example_dags/example_params_trigger_ui.py
[2024-08-26T18:18:17.136-0700] {processor.py:925} INFO - DAG(s) 'example_params_trigger_ui' retrieved from /home/jerson/airflow_venv/lib/python3.10/site-packages/airflow/example_dags/example_params_trigger_ui.py
[2024-08-26T18:18:17.160-0700] {logging_mixin.py:190} INFO - [2024-08-26T18:18:17.160-0700] {dag.py:3211} INFO - Sync 1 DAGs
[2024-08-26T18:18:17.168-0700] {logging_mixin.py:190} INFO - [2024-08-26T18:18:17.168-0700] {dag.py:4138} INFO - Setting next_dagrun for example_params_trigger_ui to None, run_after=None
[2024-08-26T18:18:17.184-0700] {processor.py:208} INFO - Processing /home/jerson/airflow_venv/lib/python3.10/site-packages/airflow/example_dags/example_params_trigger_ui.py took 0.059 seconds
[2024-08-26T18:19:08.159-0700] {processor.py:186} INFO - Started process (PID=57281) to work on /home/jerson/airflow_venv/lib/python3.10/site-packages/airflow/example_dags/example_params_trigger_ui.py
[2024-08-26T18:19:08.160-0700] {processor.py:914} INFO - Processing file /home/jerson/airflow_venv/lib/python3.10/site-packages/airflow/example_dags/example_params_trigger_ui.py for tasks to queue
[2024-08-26T18:19:08.161-0700] {logging_mixin.py:190} INFO - [2024-08-26T18:19:08.161-0700] {dagbag.py:587} INFO - Filling up the DagBag from /home/jerson/airflow_venv/lib/python3.10/site-packages/airflow/example_dags/example_params_trigger_ui.py
[2024-08-26T18:19:08.167-0700] {processor.py:925} INFO - DAG(s) 'example_params_trigger_ui' retrieved from /home/jerson/airflow_venv/lib/python3.10/site-packages/airflow/example_dags/example_params_trigger_ui.py
[2024-08-26T18:19:08.191-0700] {logging_mixin.py:190} INFO - [2024-08-26T18:19:08.191-0700] {dag.py:3211} INFO - Sync 1 DAGs
[2024-08-26T18:19:08.198-0700] {logging_mixin.py:190} INFO - [2024-08-26T18:19:08.198-0700] {dag.py:4138} INFO - Setting next_dagrun for example_params_trigger_ui to None, run_after=None
[2024-08-26T18:19:08.214-0700] {processor.py:208} INFO - Processing /home/jerson/airflow_venv/lib/python3.10/site-packages/airflow/example_dags/example_params_trigger_ui.py took 0.058 seconds
[2024-08-26T18:19:57.214-0700] {processor.py:186} INFO - Started process (PID=57763) to work on /home/jerson/airflow_venv/lib/python3.10/site-packages/airflow/example_dags/example_params_trigger_ui.py
[2024-08-26T18:19:57.215-0700] {processor.py:914} INFO - Processing file /home/jerson/airflow_venv/lib/python3.10/site-packages/airflow/example_dags/example_params_trigger_ui.py for tasks to queue
[2024-08-26T18:19:57.215-0700] {logging_mixin.py:190} INFO - [2024-08-26T18:19:57.215-0700] {dagbag.py:587} INFO - Filling up the DagBag from /home/jerson/airflow_venv/lib/python3.10/site-packages/airflow/example_dags/example_params_trigger_ui.py
[2024-08-26T18:19:57.222-0700] {processor.py:925} INFO - DAG(s) 'example_params_trigger_ui' retrieved from /home/jerson/airflow_venv/lib/python3.10/site-packages/airflow/example_dags/example_params_trigger_ui.py
[2024-08-26T18:19:57.246-0700] {logging_mixin.py:190} INFO - [2024-08-26T18:19:57.246-0700] {dag.py:3211} INFO - Sync 1 DAGs
[2024-08-26T18:19:57.253-0700] {logging_mixin.py:190} INFO - [2024-08-26T18:19:57.253-0700] {dag.py:4138} INFO - Setting next_dagrun for example_params_trigger_ui to None, run_after=None
[2024-08-26T18:19:57.269-0700] {processor.py:208} INFO - Processing /home/jerson/airflow_venv/lib/python3.10/site-packages/airflow/example_dags/example_params_trigger_ui.py took 0.059 seconds
[2024-08-26T18:20:46.297-0700] {processor.py:186} INFO - Started process (PID=58279) to work on /home/jerson/airflow_venv/lib/python3.10/site-packages/airflow/example_dags/example_params_trigger_ui.py
[2024-08-26T18:20:46.297-0700] {processor.py:914} INFO - Processing file /home/jerson/airflow_venv/lib/python3.10/site-packages/airflow/example_dags/example_params_trigger_ui.py for tasks to queue
[2024-08-26T18:20:46.298-0700] {logging_mixin.py:190} INFO - [2024-08-26T18:20:46.298-0700] {dagbag.py:587} INFO - Filling up the DagBag from /home/jerson/airflow_venv/lib/python3.10/site-packages/airflow/example_dags/example_params_trigger_ui.py
[2024-08-26T18:20:46.304-0700] {processor.py:925} INFO - DAG(s) 'example_params_trigger_ui' retrieved from /home/jerson/airflow_venv/lib/python3.10/site-packages/airflow/example_dags/example_params_trigger_ui.py
[2024-08-26T18:20:46.330-0700] {logging_mixin.py:190} INFO - [2024-08-26T18:20:46.329-0700] {dag.py:3211} INFO - Sync 1 DAGs
[2024-08-26T18:20:46.337-0700] {logging_mixin.py:190} INFO - [2024-08-26T18:20:46.337-0700] {dag.py:4138} INFO - Setting next_dagrun for example_params_trigger_ui to None, run_after=None
[2024-08-26T18:20:46.353-0700] {processor.py:208} INFO - Processing /home/jerson/airflow_venv/lib/python3.10/site-packages/airflow/example_dags/example_params_trigger_ui.py took 0.060 seconds
[2024-08-26T18:21:40.038-0700] {processor.py:186} INFO - Started process (PID=59052) to work on /home/jerson/airflow_venv/lib/python3.10/site-packages/airflow/example_dags/example_params_trigger_ui.py
[2024-08-26T18:21:40.039-0700] {processor.py:914} INFO - Processing file /home/jerson/airflow_venv/lib/python3.10/site-packages/airflow/example_dags/example_params_trigger_ui.py for tasks to queue
[2024-08-26T18:21:40.040-0700] {logging_mixin.py:190} INFO - [2024-08-26T18:21:40.040-0700] {dagbag.py:587} INFO - Filling up the DagBag from /home/jerson/airflow_venv/lib/python3.10/site-packages/airflow/example_dags/example_params_trigger_ui.py
[2024-08-26T18:21:40.047-0700] {processor.py:925} INFO - DAG(s) 'example_params_trigger_ui' retrieved from /home/jerson/airflow_venv/lib/python3.10/site-packages/airflow/example_dags/example_params_trigger_ui.py
[2024-08-26T18:21:40.073-0700] {logging_mixin.py:190} INFO - [2024-08-26T18:21:40.073-0700] {dag.py:3211} INFO - Sync 1 DAGs
[2024-08-26T18:21:40.080-0700] {logging_mixin.py:190} INFO - [2024-08-26T18:21:40.080-0700] {dag.py:4138} INFO - Setting next_dagrun for example_params_trigger_ui to None, run_after=None
[2024-08-26T18:21:40.096-0700] {processor.py:208} INFO - Processing /home/jerson/airflow_venv/lib/python3.10/site-packages/airflow/example_dags/example_params_trigger_ui.py took 0.061 seconds
[2024-08-26T18:22:32.948-0700] {processor.py:186} INFO - Started process (PID=59556) to work on /home/jerson/airflow_venv/lib/python3.10/site-packages/airflow/example_dags/example_params_trigger_ui.py
[2024-08-26T18:22:32.949-0700] {processor.py:914} INFO - Processing file /home/jerson/airflow_venv/lib/python3.10/site-packages/airflow/example_dags/example_params_trigger_ui.py for tasks to queue
[2024-08-26T18:22:32.950-0700] {logging_mixin.py:190} INFO - [2024-08-26T18:22:32.950-0700] {dagbag.py:587} INFO - Filling up the DagBag from /home/jerson/airflow_venv/lib/python3.10/site-packages/airflow/example_dags/example_params_trigger_ui.py
[2024-08-26T18:22:32.957-0700] {processor.py:925} INFO - DAG(s) 'example_params_trigger_ui' retrieved from /home/jerson/airflow_venv/lib/python3.10/site-packages/airflow/example_dags/example_params_trigger_ui.py
[2024-08-26T18:22:32.983-0700] {logging_mixin.py:190} INFO - [2024-08-26T18:22:32.983-0700] {dag.py:3211} INFO - Sync 1 DAGs
[2024-08-26T18:22:32.990-0700] {logging_mixin.py:190} INFO - [2024-08-26T18:22:32.990-0700] {dag.py:4138} INFO - Setting next_dagrun for example_params_trigger_ui to None, run_after=None
[2024-08-26T18:22:33.006-0700] {processor.py:208} INFO - Processing /home/jerson/airflow_venv/lib/python3.10/site-packages/airflow/example_dags/example_params_trigger_ui.py took 0.062 seconds
[2024-08-26T18:23:21.601-0700] {processor.py:186} INFO - Started process (PID=60207) to work on /home/jerson/airflow_venv/lib/python3.10/site-packages/airflow/example_dags/example_params_trigger_ui.py
[2024-08-26T18:23:21.602-0700] {processor.py:914} INFO - Processing file /home/jerson/airflow_venv/lib/python3.10/site-packages/airflow/example_dags/example_params_trigger_ui.py for tasks to queue
[2024-08-26T18:23:21.602-0700] {logging_mixin.py:190} INFO - [2024-08-26T18:23:21.602-0700] {dagbag.py:587} INFO - Filling up the DagBag from /home/jerson/airflow_venv/lib/python3.10/site-packages/airflow/example_dags/example_params_trigger_ui.py
[2024-08-26T18:23:21.609-0700] {processor.py:925} INFO - DAG(s) 'example_params_trigger_ui' retrieved from /home/jerson/airflow_venv/lib/python3.10/site-packages/airflow/example_dags/example_params_trigger_ui.py
[2024-08-26T18:23:21.634-0700] {logging_mixin.py:190} INFO - [2024-08-26T18:23:21.634-0700] {dag.py:3211} INFO - Sync 1 DAGs
[2024-08-26T18:23:21.642-0700] {logging_mixin.py:190} INFO - [2024-08-26T18:23:21.642-0700] {dag.py:4138} INFO - Setting next_dagrun for example_params_trigger_ui to None, run_after=None
[2024-08-26T18:23:21.658-0700] {processor.py:208} INFO - Processing /home/jerson/airflow_venv/lib/python3.10/site-packages/airflow/example_dags/example_params_trigger_ui.py took 0.060 seconds
[2024-08-26T18:24:09.818-0700] {processor.py:186} INFO - Started process (PID=60592) to work on /home/jerson/airflow_venv/lib/python3.10/site-packages/airflow/example_dags/example_params_trigger_ui.py
[2024-08-26T18:24:09.819-0700] {processor.py:914} INFO - Processing file /home/jerson/airflow_venv/lib/python3.10/site-packages/airflow/example_dags/example_params_trigger_ui.py for tasks to queue
[2024-08-26T18:24:09.820-0700] {logging_mixin.py:190} INFO - [2024-08-26T18:24:09.820-0700] {dagbag.py:587} INFO - Filling up the DagBag from /home/jerson/airflow_venv/lib/python3.10/site-packages/airflow/example_dags/example_params_trigger_ui.py
[2024-08-26T18:24:09.827-0700] {processor.py:925} INFO - DAG(s) 'example_params_trigger_ui' retrieved from /home/jerson/airflow_venv/lib/python3.10/site-packages/airflow/example_dags/example_params_trigger_ui.py
[2024-08-26T18:24:09.851-0700] {logging_mixin.py:190} INFO - [2024-08-26T18:24:09.850-0700] {dag.py:3211} INFO - Sync 1 DAGs
[2024-08-26T18:24:09.858-0700] {logging_mixin.py:190} INFO - [2024-08-26T18:24:09.858-0700] {dag.py:4138} INFO - Setting next_dagrun for example_params_trigger_ui to None, run_after=None
[2024-08-26T18:24:09.873-0700] {processor.py:208} INFO - Processing /home/jerson/airflow_venv/lib/python3.10/site-packages/airflow/example_dags/example_params_trigger_ui.py took 0.058 seconds
[2024-08-26T18:25:02.578-0700] {processor.py:186} INFO - Started process (PID=61013) to work on /home/jerson/airflow_venv/lib/python3.10/site-packages/airflow/example_dags/example_params_trigger_ui.py
[2024-08-26T18:25:02.579-0700] {processor.py:914} INFO - Processing file /home/jerson/airflow_venv/lib/python3.10/site-packages/airflow/example_dags/example_params_trigger_ui.py for tasks to queue
[2024-08-26T18:25:02.580-0700] {logging_mixin.py:190} INFO - [2024-08-26T18:25:02.580-0700] {dagbag.py:587} INFO - Filling up the DagBag from /home/jerson/airflow_venv/lib/python3.10/site-packages/airflow/example_dags/example_params_trigger_ui.py
[2024-08-26T18:25:02.587-0700] {processor.py:925} INFO - DAG(s) 'example_params_trigger_ui' retrieved from /home/jerson/airflow_venv/lib/python3.10/site-packages/airflow/example_dags/example_params_trigger_ui.py
[2024-08-26T18:25:02.612-0700] {logging_mixin.py:190} INFO - [2024-08-26T18:25:02.611-0700] {dag.py:3211} INFO - Sync 1 DAGs
[2024-08-26T18:25:02.619-0700] {logging_mixin.py:190} INFO - [2024-08-26T18:25:02.619-0700] {dag.py:4138} INFO - Setting next_dagrun for example_params_trigger_ui to None, run_after=None
[2024-08-26T18:25:02.636-0700] {processor.py:208} INFO - Processing /home/jerson/airflow_venv/lib/python3.10/site-packages/airflow/example_dags/example_params_trigger_ui.py took 0.061 seconds
[2024-08-26T18:25:54.154-0700] {processor.py:186} INFO - Started process (PID=61705) to work on /home/jerson/airflow_venv/lib/python3.10/site-packages/airflow/example_dags/example_params_trigger_ui.py
[2024-08-26T18:25:54.155-0700] {processor.py:914} INFO - Processing file /home/jerson/airflow_venv/lib/python3.10/site-packages/airflow/example_dags/example_params_trigger_ui.py for tasks to queue
[2024-08-26T18:25:54.156-0700] {logging_mixin.py:190} INFO - [2024-08-26T18:25:54.156-0700] {dagbag.py:587} INFO - Filling up the DagBag from /home/jerson/airflow_venv/lib/python3.10/site-packages/airflow/example_dags/example_params_trigger_ui.py
[2024-08-26T18:25:54.162-0700] {processor.py:925} INFO - DAG(s) 'example_params_trigger_ui' retrieved from /home/jerson/airflow_venv/lib/python3.10/site-packages/airflow/example_dags/example_params_trigger_ui.py
[2024-08-26T18:25:54.187-0700] {logging_mixin.py:190} INFO - [2024-08-26T18:25:54.187-0700] {dag.py:3211} INFO - Sync 1 DAGs
[2024-08-26T18:25:54.194-0700] {logging_mixin.py:190} INFO - [2024-08-26T18:25:54.194-0700] {dag.py:4138} INFO - Setting next_dagrun for example_params_trigger_ui to None, run_after=None
[2024-08-26T18:25:54.210-0700] {processor.py:208} INFO - Processing /home/jerson/airflow_venv/lib/python3.10/site-packages/airflow/example_dags/example_params_trigger_ui.py took 0.059 seconds
[2024-08-26T18:26:50.614-0700] {processor.py:186} INFO - Started process (PID=62341) to work on /home/jerson/airflow_venv/lib/python3.10/site-packages/airflow/example_dags/example_params_trigger_ui.py
[2024-08-26T18:26:50.615-0700] {processor.py:914} INFO - Processing file /home/jerson/airflow_venv/lib/python3.10/site-packages/airflow/example_dags/example_params_trigger_ui.py for tasks to queue
[2024-08-26T18:26:50.616-0700] {logging_mixin.py:190} INFO - [2024-08-26T18:26:50.616-0700] {dagbag.py:587} INFO - Filling up the DagBag from /home/jerson/airflow_venv/lib/python3.10/site-packages/airflow/example_dags/example_params_trigger_ui.py
[2024-08-26T18:26:50.623-0700] {processor.py:925} INFO - DAG(s) 'example_params_trigger_ui' retrieved from /home/jerson/airflow_venv/lib/python3.10/site-packages/airflow/example_dags/example_params_trigger_ui.py
[2024-08-26T18:26:50.649-0700] {logging_mixin.py:190} INFO - [2024-08-26T18:26:50.649-0700] {dag.py:3211} INFO - Sync 1 DAGs
[2024-08-26T18:26:50.656-0700] {logging_mixin.py:190} INFO - [2024-08-26T18:26:50.656-0700] {dag.py:4138} INFO - Setting next_dagrun for example_params_trigger_ui to None, run_after=None
[2024-08-26T18:26:50.673-0700] {processor.py:208} INFO - Processing /home/jerson/airflow_venv/lib/python3.10/site-packages/airflow/example_dags/example_params_trigger_ui.py took 0.062 seconds
[2024-08-26T18:27:39.753-0700] {processor.py:186} INFO - Started process (PID=62733) to work on /home/jerson/airflow_venv/lib/python3.10/site-packages/airflow/example_dags/example_params_trigger_ui.py
[2024-08-26T18:27:39.754-0700] {processor.py:914} INFO - Processing file /home/jerson/airflow_venv/lib/python3.10/site-packages/airflow/example_dags/example_params_trigger_ui.py for tasks to queue
[2024-08-26T18:27:39.755-0700] {logging_mixin.py:190} INFO - [2024-08-26T18:27:39.754-0700] {dagbag.py:587} INFO - Filling up the DagBag from /home/jerson/airflow_venv/lib/python3.10/site-packages/airflow/example_dags/example_params_trigger_ui.py
[2024-08-26T18:27:39.761-0700] {processor.py:925} INFO - DAG(s) 'example_params_trigger_ui' retrieved from /home/jerson/airflow_venv/lib/python3.10/site-packages/airflow/example_dags/example_params_trigger_ui.py
[2024-08-26T18:27:39.787-0700] {logging_mixin.py:190} INFO - [2024-08-26T18:27:39.787-0700] {dag.py:3211} INFO - Sync 1 DAGs
[2024-08-26T18:27:39.795-0700] {logging_mixin.py:190} INFO - [2024-08-26T18:27:39.795-0700] {dag.py:4138} INFO - Setting next_dagrun for example_params_trigger_ui to None, run_after=None
[2024-08-26T18:27:39.810-0700] {processor.py:208} INFO - Processing /home/jerson/airflow_venv/lib/python3.10/site-packages/airflow/example_dags/example_params_trigger_ui.py took 0.061 seconds
[2024-08-26T18:28:31.109-0700] {processor.py:186} INFO - Started process (PID=63141) to work on /home/jerson/airflow_venv/lib/python3.10/site-packages/airflow/example_dags/example_params_trigger_ui.py
[2024-08-26T18:28:31.111-0700] {processor.py:914} INFO - Processing file /home/jerson/airflow_venv/lib/python3.10/site-packages/airflow/example_dags/example_params_trigger_ui.py for tasks to queue
[2024-08-26T18:28:31.112-0700] {logging_mixin.py:190} INFO - [2024-08-26T18:28:31.111-0700] {dagbag.py:587} INFO - Filling up the DagBag from /home/jerson/airflow_venv/lib/python3.10/site-packages/airflow/example_dags/example_params_trigger_ui.py
[2024-08-26T18:28:31.118-0700] {processor.py:925} INFO - DAG(s) 'example_params_trigger_ui' retrieved from /home/jerson/airflow_venv/lib/python3.10/site-packages/airflow/example_dags/example_params_trigger_ui.py
[2024-08-26T18:28:31.142-0700] {logging_mixin.py:190} INFO - [2024-08-26T18:28:31.142-0700] {dag.py:3211} INFO - Sync 1 DAGs
[2024-08-26T18:28:31.149-0700] {logging_mixin.py:190} INFO - [2024-08-26T18:28:31.149-0700] {dag.py:4138} INFO - Setting next_dagrun for example_params_trigger_ui to None, run_after=None
[2024-08-26T18:28:31.196-0700] {processor.py:208} INFO - Processing /home/jerson/airflow_venv/lib/python3.10/site-packages/airflow/example_dags/example_params_trigger_ui.py took 0.090 seconds
[2024-08-26T18:29:23.128-0700] {processor.py:186} INFO - Started process (PID=63556) to work on /home/jerson/airflow_venv/lib/python3.10/site-packages/airflow/example_dags/example_params_trigger_ui.py
[2024-08-26T18:29:23.129-0700] {processor.py:914} INFO - Processing file /home/jerson/airflow_venv/lib/python3.10/site-packages/airflow/example_dags/example_params_trigger_ui.py for tasks to queue
[2024-08-26T18:29:23.130-0700] {logging_mixin.py:190} INFO - [2024-08-26T18:29:23.130-0700] {dagbag.py:587} INFO - Filling up the DagBag from /home/jerson/airflow_venv/lib/python3.10/site-packages/airflow/example_dags/example_params_trigger_ui.py
[2024-08-26T18:29:23.136-0700] {processor.py:925} INFO - DAG(s) 'example_params_trigger_ui' retrieved from /home/jerson/airflow_venv/lib/python3.10/site-packages/airflow/example_dags/example_params_trigger_ui.py
[2024-08-26T18:29:23.161-0700] {logging_mixin.py:190} INFO - [2024-08-26T18:29:23.161-0700] {dag.py:3211} INFO - Sync 1 DAGs
[2024-08-26T18:29:23.168-0700] {logging_mixin.py:190} INFO - [2024-08-26T18:29:23.168-0700] {dag.py:4138} INFO - Setting next_dagrun for example_params_trigger_ui to None, run_after=None
[2024-08-26T18:29:23.184-0700] {processor.py:208} INFO - Processing /home/jerson/airflow_venv/lib/python3.10/site-packages/airflow/example_dags/example_params_trigger_ui.py took 0.059 seconds
[2024-08-26T18:30:09.796-0700] {processor.py:186} INFO - Started process (PID=63930) to work on /home/jerson/airflow_venv/lib/python3.10/site-packages/airflow/example_dags/example_params_trigger_ui.py
[2024-08-26T18:30:09.797-0700] {processor.py:914} INFO - Processing file /home/jerson/airflow_venv/lib/python3.10/site-packages/airflow/example_dags/example_params_trigger_ui.py for tasks to queue
[2024-08-26T18:30:09.797-0700] {logging_mixin.py:190} INFO - [2024-08-26T18:30:09.797-0700] {dagbag.py:587} INFO - Filling up the DagBag from /home/jerson/airflow_venv/lib/python3.10/site-packages/airflow/example_dags/example_params_trigger_ui.py
[2024-08-26T18:30:09.804-0700] {processor.py:925} INFO - DAG(s) 'example_params_trigger_ui' retrieved from /home/jerson/airflow_venv/lib/python3.10/site-packages/airflow/example_dags/example_params_trigger_ui.py
[2024-08-26T18:30:09.829-0700] {logging_mixin.py:190} INFO - [2024-08-26T18:30:09.829-0700] {dag.py:3211} INFO - Sync 1 DAGs
[2024-08-26T18:30:09.836-0700] {logging_mixin.py:190} INFO - [2024-08-26T18:30:09.836-0700] {dag.py:4138} INFO - Setting next_dagrun for example_params_trigger_ui to None, run_after=None
[2024-08-26T18:30:09.851-0700] {processor.py:208} INFO - Processing /home/jerson/airflow_venv/lib/python3.10/site-packages/airflow/example_dags/example_params_trigger_ui.py took 0.059 seconds
[2024-08-26T18:30:57.739-0700] {processor.py:186} INFO - Started process (PID=64336) to work on /home/jerson/airflow_venv/lib/python3.10/site-packages/airflow/example_dags/example_params_trigger_ui.py
[2024-08-26T18:30:57.740-0700] {processor.py:914} INFO - Processing file /home/jerson/airflow_venv/lib/python3.10/site-packages/airflow/example_dags/example_params_trigger_ui.py for tasks to queue
[2024-08-26T18:30:57.740-0700] {logging_mixin.py:190} INFO - [2024-08-26T18:30:57.740-0700] {dagbag.py:587} INFO - Filling up the DagBag from /home/jerson/airflow_venv/lib/python3.10/site-packages/airflow/example_dags/example_params_trigger_ui.py
[2024-08-26T18:30:57.747-0700] {processor.py:925} INFO - DAG(s) 'example_params_trigger_ui' retrieved from /home/jerson/airflow_venv/lib/python3.10/site-packages/airflow/example_dags/example_params_trigger_ui.py
[2024-08-26T18:30:57.776-0700] {logging_mixin.py:190} INFO - [2024-08-26T18:30:57.776-0700] {dag.py:3211} INFO - Sync 1 DAGs
[2024-08-26T18:30:57.784-0700] {logging_mixin.py:190} INFO - [2024-08-26T18:30:57.784-0700] {dag.py:4138} INFO - Setting next_dagrun for example_params_trigger_ui to None, run_after=None
[2024-08-26T18:30:57.801-0700] {processor.py:208} INFO - Processing /home/jerson/airflow_venv/lib/python3.10/site-packages/airflow/example_dags/example_params_trigger_ui.py took 0.066 seconds
