[2024-08-26T17:37:15.626-0700] {processor.py:186} INFO - Started process (PID=32758) to work on /home/jerson/airflow_venv/lib/python3.10/site-packages/airflow/example_dags/example_trigger_controller_dag.py
[2024-08-26T17:37:15.626-0700] {processor.py:914} INFO - Processing file /home/jerson/airflow_venv/lib/python3.10/site-packages/airflow/example_dags/example_trigger_controller_dag.py for tasks to queue
[2024-08-26T17:37:15.627-0700] {logging_mixin.py:190} INFO - [2024-08-26T17:37:15.627-0700] {dagbag.py:587} INFO - Filling up the DagBag from /home/jerson/airflow_venv/lib/python3.10/site-packages/airflow/example_dags/example_trigger_controller_dag.py
[2024-08-26T17:37:15.631-0700] {processor.py:925} INFO - DAG(s) 'example_trigger_controller_dag' retrieved from /home/jerson/airflow_venv/lib/python3.10/site-packages/airflow/example_dags/example_trigger_controller_dag.py
[2024-08-26T17:37:15.640-0700] {logging_mixin.py:190} INFO - [2024-08-26T17:37:15.640-0700] {dag.py:3211} INFO - Sync 1 DAGs
[2024-08-26T17:37:15.651-0700] {logging_mixin.py:190} INFO - [2024-08-26T17:37:15.651-0700] {dag.py:4138} INFO - Setting next_dagrun for example_trigger_controller_dag to 2021-01-01 00:00:00+00:00, run_after=2021-01-01 00:00:00+00:00
[2024-08-26T17:37:15.668-0700] {processor.py:208} INFO - Processing /home/jerson/airflow_venv/lib/python3.10/site-packages/airflow/example_dags/example_trigger_controller_dag.py took 0.046 seconds
[2024-08-26T17:38:13.054-0700] {processor.py:186} INFO - Started process (PID=33210) to work on /home/jerson/airflow_venv/lib/python3.10/site-packages/airflow/example_dags/example_trigger_controller_dag.py
[2024-08-26T17:38:13.055-0700] {processor.py:914} INFO - Processing file /home/jerson/airflow_venv/lib/python3.10/site-packages/airflow/example_dags/example_trigger_controller_dag.py for tasks to queue
[2024-08-26T17:38:13.056-0700] {logging_mixin.py:190} INFO - [2024-08-26T17:38:13.056-0700] {dagbag.py:587} INFO - Filling up the DagBag from /home/jerson/airflow_venv/lib/python3.10/site-packages/airflow/example_dags/example_trigger_controller_dag.py
[2024-08-26T17:38:13.060-0700] {processor.py:925} INFO - DAG(s) 'example_trigger_controller_dag' retrieved from /home/jerson/airflow_venv/lib/python3.10/site-packages/airflow/example_dags/example_trigger_controller_dag.py
[2024-08-26T17:38:13.068-0700] {logging_mixin.py:190} INFO - [2024-08-26T17:38:13.068-0700] {dag.py:3211} INFO - Sync 1 DAGs
[2024-08-26T17:38:13.079-0700] {logging_mixin.py:190} INFO - [2024-08-26T17:38:13.079-0700] {dag.py:4138} INFO - Setting next_dagrun for example_trigger_controller_dag to 2021-01-01 00:00:00+00:00, run_after=2021-01-01 00:00:00+00:00
[2024-08-26T17:38:13.095-0700] {processor.py:208} INFO - Processing /home/jerson/airflow_venv/lib/python3.10/site-packages/airflow/example_dags/example_trigger_controller_dag.py took 0.044 seconds
[2024-08-26T17:39:00.404-0700] {processor.py:186} INFO - Started process (PID=33587) to work on /home/jerson/airflow_venv/lib/python3.10/site-packages/airflow/example_dags/example_trigger_controller_dag.py
[2024-08-26T17:39:00.405-0700] {processor.py:914} INFO - Processing file /home/jerson/airflow_venv/lib/python3.10/site-packages/airflow/example_dags/example_trigger_controller_dag.py for tasks to queue
[2024-08-26T17:39:00.406-0700] {logging_mixin.py:190} INFO - [2024-08-26T17:39:00.406-0700] {dagbag.py:587} INFO - Filling up the DagBag from /home/jerson/airflow_venv/lib/python3.10/site-packages/airflow/example_dags/example_trigger_controller_dag.py
[2024-08-26T17:39:00.410-0700] {processor.py:925} INFO - DAG(s) 'example_trigger_controller_dag' retrieved from /home/jerson/airflow_venv/lib/python3.10/site-packages/airflow/example_dags/example_trigger_controller_dag.py
[2024-08-26T17:39:00.418-0700] {logging_mixin.py:190} INFO - [2024-08-26T17:39:00.418-0700] {dag.py:3211} INFO - Sync 1 DAGs
[2024-08-26T17:39:00.429-0700] {logging_mixin.py:190} INFO - [2024-08-26T17:39:00.428-0700] {dag.py:4138} INFO - Setting next_dagrun for example_trigger_controller_dag to 2021-01-01 00:00:00+00:00, run_after=2021-01-01 00:00:00+00:00
[2024-08-26T17:39:00.445-0700] {processor.py:208} INFO - Processing /home/jerson/airflow_venv/lib/python3.10/site-packages/airflow/example_dags/example_trigger_controller_dag.py took 0.044 seconds
[2024-08-26T17:39:48.991-0700] {processor.py:186} INFO - Started process (PID=34002) to work on /home/jerson/airflow_venv/lib/python3.10/site-packages/airflow/example_dags/example_trigger_controller_dag.py
[2024-08-26T17:39:48.992-0700] {processor.py:914} INFO - Processing file /home/jerson/airflow_venv/lib/python3.10/site-packages/airflow/example_dags/example_trigger_controller_dag.py for tasks to queue
[2024-08-26T17:39:48.993-0700] {logging_mixin.py:190} INFO - [2024-08-26T17:39:48.993-0700] {dagbag.py:587} INFO - Filling up the DagBag from /home/jerson/airflow_venv/lib/python3.10/site-packages/airflow/example_dags/example_trigger_controller_dag.py
[2024-08-26T17:39:48.997-0700] {processor.py:925} INFO - DAG(s) 'example_trigger_controller_dag' retrieved from /home/jerson/airflow_venv/lib/python3.10/site-packages/airflow/example_dags/example_trigger_controller_dag.py
[2024-08-26T17:39:49.006-0700] {logging_mixin.py:190} INFO - [2024-08-26T17:39:49.005-0700] {dag.py:3211} INFO - Sync 1 DAGs
[2024-08-26T17:39:49.017-0700] {logging_mixin.py:190} INFO - [2024-08-26T17:39:49.016-0700] {dag.py:4138} INFO - Setting next_dagrun for example_trigger_controller_dag to 2021-01-01 00:00:00+00:00, run_after=2021-01-01 00:00:00+00:00
[2024-08-26T17:39:49.033-0700] {processor.py:208} INFO - Processing /home/jerson/airflow_venv/lib/python3.10/site-packages/airflow/example_dags/example_trigger_controller_dag.py took 0.046 seconds
[2024-08-26T17:40:39.044-0700] {processor.py:186} INFO - Started process (PID=34404) to work on /home/jerson/airflow_venv/lib/python3.10/site-packages/airflow/example_dags/example_trigger_controller_dag.py
[2024-08-26T17:40:39.045-0700] {processor.py:914} INFO - Processing file /home/jerson/airflow_venv/lib/python3.10/site-packages/airflow/example_dags/example_trigger_controller_dag.py for tasks to queue
[2024-08-26T17:40:39.046-0700] {logging_mixin.py:190} INFO - [2024-08-26T17:40:39.046-0700] {dagbag.py:587} INFO - Filling up the DagBag from /home/jerson/airflow_venv/lib/python3.10/site-packages/airflow/example_dags/example_trigger_controller_dag.py
[2024-08-26T17:40:39.050-0700] {processor.py:925} INFO - DAG(s) 'example_trigger_controller_dag' retrieved from /home/jerson/airflow_venv/lib/python3.10/site-packages/airflow/example_dags/example_trigger_controller_dag.py
[2024-08-26T17:40:39.058-0700] {logging_mixin.py:190} INFO - [2024-08-26T17:40:39.058-0700] {dag.py:3211} INFO - Sync 1 DAGs
[2024-08-26T17:40:39.070-0700] {logging_mixin.py:190} INFO - [2024-08-26T17:40:39.070-0700] {dag.py:4138} INFO - Setting next_dagrun for example_trigger_controller_dag to 2021-01-01 00:00:00+00:00, run_after=2021-01-01 00:00:00+00:00
[2024-08-26T17:40:39.085-0700] {processor.py:208} INFO - Processing /home/jerson/airflow_venv/lib/python3.10/site-packages/airflow/example_dags/example_trigger_controller_dag.py took 0.044 seconds
[2024-08-26T17:41:28.559-0700] {processor.py:186} INFO - Started process (PID=34795) to work on /home/jerson/airflow_venv/lib/python3.10/site-packages/airflow/example_dags/example_trigger_controller_dag.py
[2024-08-26T17:41:28.560-0700] {processor.py:914} INFO - Processing file /home/jerson/airflow_venv/lib/python3.10/site-packages/airflow/example_dags/example_trigger_controller_dag.py for tasks to queue
[2024-08-26T17:41:28.561-0700] {logging_mixin.py:190} INFO - [2024-08-26T17:41:28.561-0700] {dagbag.py:587} INFO - Filling up the DagBag from /home/jerson/airflow_venv/lib/python3.10/site-packages/airflow/example_dags/example_trigger_controller_dag.py
[2024-08-26T17:41:28.565-0700] {processor.py:925} INFO - DAG(s) 'example_trigger_controller_dag' retrieved from /home/jerson/airflow_venv/lib/python3.10/site-packages/airflow/example_dags/example_trigger_controller_dag.py
[2024-08-26T17:41:28.573-0700] {logging_mixin.py:190} INFO - [2024-08-26T17:41:28.573-0700] {dag.py:3211} INFO - Sync 1 DAGs
[2024-08-26T17:41:28.584-0700] {logging_mixin.py:190} INFO - [2024-08-26T17:41:28.584-0700] {dag.py:4138} INFO - Setting next_dagrun for example_trigger_controller_dag to 2021-01-01 00:00:00+00:00, run_after=2021-01-01 00:00:00+00:00
[2024-08-26T17:41:28.598-0700] {processor.py:208} INFO - Processing /home/jerson/airflow_venv/lib/python3.10/site-packages/airflow/example_dags/example_trigger_controller_dag.py took 0.043 seconds
[2024-08-26T17:42:16.276-0700] {processor.py:186} INFO - Started process (PID=35179) to work on /home/jerson/airflow_venv/lib/python3.10/site-packages/airflow/example_dags/example_trigger_controller_dag.py
[2024-08-26T17:42:16.278-0700] {processor.py:914} INFO - Processing file /home/jerson/airflow_venv/lib/python3.10/site-packages/airflow/example_dags/example_trigger_controller_dag.py for tasks to queue
[2024-08-26T17:42:16.279-0700] {logging_mixin.py:190} INFO - [2024-08-26T17:42:16.278-0700] {dagbag.py:587} INFO - Filling up the DagBag from /home/jerson/airflow_venv/lib/python3.10/site-packages/airflow/example_dags/example_trigger_controller_dag.py
[2024-08-26T17:42:16.283-0700] {processor.py:925} INFO - DAG(s) 'example_trigger_controller_dag' retrieved from /home/jerson/airflow_venv/lib/python3.10/site-packages/airflow/example_dags/example_trigger_controller_dag.py
[2024-08-26T17:42:16.291-0700] {logging_mixin.py:190} INFO - [2024-08-26T17:42:16.290-0700] {dag.py:3211} INFO - Sync 1 DAGs
[2024-08-26T17:42:16.301-0700] {logging_mixin.py:190} INFO - [2024-08-26T17:42:16.301-0700] {dag.py:4138} INFO - Setting next_dagrun for example_trigger_controller_dag to 2021-01-01 00:00:00+00:00, run_after=2021-01-01 00:00:00+00:00
[2024-08-26T17:42:16.317-0700] {processor.py:208} INFO - Processing /home/jerson/airflow_venv/lib/python3.10/site-packages/airflow/example_dags/example_trigger_controller_dag.py took 0.043 seconds
[2024-08-26T17:43:05.516-0700] {processor.py:186} INFO - Started process (PID=35568) to work on /home/jerson/airflow_venv/lib/python3.10/site-packages/airflow/example_dags/example_trigger_controller_dag.py
[2024-08-26T17:43:05.517-0700] {processor.py:914} INFO - Processing file /home/jerson/airflow_venv/lib/python3.10/site-packages/airflow/example_dags/example_trigger_controller_dag.py for tasks to queue
[2024-08-26T17:43:05.518-0700] {logging_mixin.py:190} INFO - [2024-08-26T17:43:05.518-0700] {dagbag.py:587} INFO - Filling up the DagBag from /home/jerson/airflow_venv/lib/python3.10/site-packages/airflow/example_dags/example_trigger_controller_dag.py
[2024-08-26T17:43:05.522-0700] {processor.py:925} INFO - DAG(s) 'example_trigger_controller_dag' retrieved from /home/jerson/airflow_venv/lib/python3.10/site-packages/airflow/example_dags/example_trigger_controller_dag.py
[2024-08-26T17:43:05.530-0700] {logging_mixin.py:190} INFO - [2024-08-26T17:43:05.530-0700] {dag.py:3211} INFO - Sync 1 DAGs
[2024-08-26T17:43:05.540-0700] {logging_mixin.py:190} INFO - [2024-08-26T17:43:05.540-0700] {dag.py:4138} INFO - Setting next_dagrun for example_trigger_controller_dag to 2021-01-01 00:00:00+00:00, run_after=2021-01-01 00:00:00+00:00
[2024-08-26T17:43:05.555-0700] {processor.py:208} INFO - Processing /home/jerson/airflow_venv/lib/python3.10/site-packages/airflow/example_dags/example_trigger_controller_dag.py took 0.042 seconds
[2024-08-26T17:43:56.148-0700] {processor.py:186} INFO - Started process (PID=35971) to work on /home/jerson/airflow_venv/lib/python3.10/site-packages/airflow/example_dags/example_trigger_controller_dag.py
[2024-08-26T17:43:56.149-0700] {processor.py:914} INFO - Processing file /home/jerson/airflow_venv/lib/python3.10/site-packages/airflow/example_dags/example_trigger_controller_dag.py for tasks to queue
[2024-08-26T17:43:56.150-0700] {logging_mixin.py:190} INFO - [2024-08-26T17:43:56.150-0700] {dagbag.py:587} INFO - Filling up the DagBag from /home/jerson/airflow_venv/lib/python3.10/site-packages/airflow/example_dags/example_trigger_controller_dag.py
[2024-08-26T17:43:56.154-0700] {processor.py:925} INFO - DAG(s) 'example_trigger_controller_dag' retrieved from /home/jerson/airflow_venv/lib/python3.10/site-packages/airflow/example_dags/example_trigger_controller_dag.py
[2024-08-26T17:43:56.162-0700] {logging_mixin.py:190} INFO - [2024-08-26T17:43:56.162-0700] {dag.py:3211} INFO - Sync 1 DAGs
[2024-08-26T17:43:56.173-0700] {logging_mixin.py:190} INFO - [2024-08-26T17:43:56.173-0700] {dag.py:4138} INFO - Setting next_dagrun for example_trigger_controller_dag to 2021-01-01 00:00:00+00:00, run_after=2021-01-01 00:00:00+00:00
[2024-08-26T17:43:56.189-0700] {processor.py:208} INFO - Processing /home/jerson/airflow_venv/lib/python3.10/site-packages/airflow/example_dags/example_trigger_controller_dag.py took 0.044 seconds
[2024-08-26T17:44:44.815-0700] {processor.py:186} INFO - Started process (PID=36388) to work on /home/jerson/airflow_venv/lib/python3.10/site-packages/airflow/example_dags/example_trigger_controller_dag.py
[2024-08-26T17:44:44.816-0700] {processor.py:914} INFO - Processing file /home/jerson/airflow_venv/lib/python3.10/site-packages/airflow/example_dags/example_trigger_controller_dag.py for tasks to queue
[2024-08-26T17:44:44.817-0700] {logging_mixin.py:190} INFO - [2024-08-26T17:44:44.817-0700] {dagbag.py:587} INFO - Filling up the DagBag from /home/jerson/airflow_venv/lib/python3.10/site-packages/airflow/example_dags/example_trigger_controller_dag.py
[2024-08-26T17:44:44.821-0700] {processor.py:925} INFO - DAG(s) 'example_trigger_controller_dag' retrieved from /home/jerson/airflow_venv/lib/python3.10/site-packages/airflow/example_dags/example_trigger_controller_dag.py
[2024-08-26T17:44:44.829-0700] {logging_mixin.py:190} INFO - [2024-08-26T17:44:44.829-0700] {dag.py:3211} INFO - Sync 1 DAGs
[2024-08-26T17:44:44.840-0700] {logging_mixin.py:190} INFO - [2024-08-26T17:44:44.840-0700] {dag.py:4138} INFO - Setting next_dagrun for example_trigger_controller_dag to 2021-01-01 00:00:00+00:00, run_after=2021-01-01 00:00:00+00:00
[2024-08-26T17:44:44.855-0700] {processor.py:208} INFO - Processing /home/jerson/airflow_venv/lib/python3.10/site-packages/airflow/example_dags/example_trigger_controller_dag.py took 0.043 seconds
[2024-08-26T17:45:33.721-0700] {processor.py:186} INFO - Started process (PID=36781) to work on /home/jerson/airflow_venv/lib/python3.10/site-packages/airflow/example_dags/example_trigger_controller_dag.py
[2024-08-26T17:45:33.722-0700] {processor.py:914} INFO - Processing file /home/jerson/airflow_venv/lib/python3.10/site-packages/airflow/example_dags/example_trigger_controller_dag.py for tasks to queue
[2024-08-26T17:45:33.723-0700] {logging_mixin.py:190} INFO - [2024-08-26T17:45:33.722-0700] {dagbag.py:587} INFO - Filling up the DagBag from /home/jerson/airflow_venv/lib/python3.10/site-packages/airflow/example_dags/example_trigger_controller_dag.py
[2024-08-26T17:45:33.726-0700] {processor.py:925} INFO - DAG(s) 'example_trigger_controller_dag' retrieved from /home/jerson/airflow_venv/lib/python3.10/site-packages/airflow/example_dags/example_trigger_controller_dag.py
[2024-08-26T17:45:33.735-0700] {logging_mixin.py:190} INFO - [2024-08-26T17:45:33.735-0700] {dag.py:3211} INFO - Sync 1 DAGs
[2024-08-26T17:45:33.746-0700] {logging_mixin.py:190} INFO - [2024-08-26T17:45:33.746-0700] {dag.py:4138} INFO - Setting next_dagrun for example_trigger_controller_dag to 2021-01-01 00:00:00+00:00, run_after=2021-01-01 00:00:00+00:00
[2024-08-26T17:45:33.762-0700] {processor.py:208} INFO - Processing /home/jerson/airflow_venv/lib/python3.10/site-packages/airflow/example_dags/example_trigger_controller_dag.py took 0.044 seconds
[2024-08-26T17:46:24.084-0700] {processor.py:186} INFO - Started process (PID=37446) to work on /home/jerson/airflow_venv/lib/python3.10/site-packages/airflow/example_dags/example_trigger_controller_dag.py
[2024-08-26T17:46:24.085-0700] {processor.py:914} INFO - Processing file /home/jerson/airflow_venv/lib/python3.10/site-packages/airflow/example_dags/example_trigger_controller_dag.py for tasks to queue
[2024-08-26T17:46:24.087-0700] {logging_mixin.py:190} INFO - [2024-08-26T17:46:24.086-0700] {dagbag.py:587} INFO - Filling up the DagBag from /home/jerson/airflow_venv/lib/python3.10/site-packages/airflow/example_dags/example_trigger_controller_dag.py
[2024-08-26T17:46:24.091-0700] {processor.py:925} INFO - DAG(s) 'example_trigger_controller_dag' retrieved from /home/jerson/airflow_venv/lib/python3.10/site-packages/airflow/example_dags/example_trigger_controller_dag.py
[2024-08-26T17:46:24.100-0700] {logging_mixin.py:190} INFO - [2024-08-26T17:46:24.100-0700] {dag.py:3211} INFO - Sync 1 DAGs
[2024-08-26T17:46:24.113-0700] {logging_mixin.py:190} INFO - [2024-08-26T17:46:24.113-0700] {dag.py:4138} INFO - Setting next_dagrun for example_trigger_controller_dag to 2021-01-01 00:00:00+00:00, run_after=2021-01-01 00:00:00+00:00
[2024-08-26T17:46:24.131-0700] {processor.py:208} INFO - Processing /home/jerson/airflow_venv/lib/python3.10/site-packages/airflow/example_dags/example_trigger_controller_dag.py took 0.050 seconds
[2024-08-26T17:47:12.507-0700] {processor.py:186} INFO - Started process (PID=37876) to work on /home/jerson/airflow_venv/lib/python3.10/site-packages/airflow/example_dags/example_trigger_controller_dag.py
[2024-08-26T17:47:12.508-0700] {processor.py:914} INFO - Processing file /home/jerson/airflow_venv/lib/python3.10/site-packages/airflow/example_dags/example_trigger_controller_dag.py for tasks to queue
[2024-08-26T17:47:12.509-0700] {logging_mixin.py:190} INFO - [2024-08-26T17:47:12.509-0700] {dagbag.py:587} INFO - Filling up the DagBag from /home/jerson/airflow_venv/lib/python3.10/site-packages/airflow/example_dags/example_trigger_controller_dag.py
[2024-08-26T17:47:12.514-0700] {processor.py:925} INFO - DAG(s) 'example_trigger_controller_dag' retrieved from /home/jerson/airflow_venv/lib/python3.10/site-packages/airflow/example_dags/example_trigger_controller_dag.py
[2024-08-26T17:47:12.524-0700] {logging_mixin.py:190} INFO - [2024-08-26T17:47:12.523-0700] {dag.py:3211} INFO - Sync 1 DAGs
[2024-08-26T17:47:12.536-0700] {logging_mixin.py:190} INFO - [2024-08-26T17:47:12.536-0700] {dag.py:4138} INFO - Setting next_dagrun for example_trigger_controller_dag to 2021-01-01 00:00:00+00:00, run_after=2021-01-01 00:00:00+00:00
[2024-08-26T17:47:12.555-0700] {processor.py:208} INFO - Processing /home/jerson/airflow_venv/lib/python3.10/site-packages/airflow/example_dags/example_trigger_controller_dag.py took 0.053 seconds
[2024-08-26T17:48:03.801-0700] {processor.py:186} INFO - Started process (PID=38409) to work on /home/jerson/airflow_venv/lib/python3.10/site-packages/airflow/example_dags/example_trigger_controller_dag.py
[2024-08-26T17:48:03.802-0700] {processor.py:914} INFO - Processing file /home/jerson/airflow_venv/lib/python3.10/site-packages/airflow/example_dags/example_trigger_controller_dag.py for tasks to queue
[2024-08-26T17:48:03.803-0700] {logging_mixin.py:190} INFO - [2024-08-26T17:48:03.803-0700] {dagbag.py:587} INFO - Filling up the DagBag from /home/jerson/airflow_venv/lib/python3.10/site-packages/airflow/example_dags/example_trigger_controller_dag.py
[2024-08-26T17:48:03.807-0700] {processor.py:925} INFO - DAG(s) 'example_trigger_controller_dag' retrieved from /home/jerson/airflow_venv/lib/python3.10/site-packages/airflow/example_dags/example_trigger_controller_dag.py
[2024-08-26T17:48:03.816-0700] {logging_mixin.py:190} INFO - [2024-08-26T17:48:03.816-0700] {dag.py:3211} INFO - Sync 1 DAGs
[2024-08-26T17:48:03.827-0700] {logging_mixin.py:190} INFO - [2024-08-26T17:48:03.827-0700] {dag.py:4138} INFO - Setting next_dagrun for example_trigger_controller_dag to 2021-01-01 00:00:00+00:00, run_after=2021-01-01 00:00:00+00:00
[2024-08-26T17:48:03.843-0700] {processor.py:208} INFO - Processing /home/jerson/airflow_venv/lib/python3.10/site-packages/airflow/example_dags/example_trigger_controller_dag.py took 0.045 seconds
[2024-08-26T17:48:56.307-0700] {processor.py:186} INFO - Started process (PID=38922) to work on /home/jerson/airflow_venv/lib/python3.10/site-packages/airflow/example_dags/example_trigger_controller_dag.py
[2024-08-26T17:48:56.308-0700] {processor.py:914} INFO - Processing file /home/jerson/airflow_venv/lib/python3.10/site-packages/airflow/example_dags/example_trigger_controller_dag.py for tasks to queue
[2024-08-26T17:48:56.309-0700] {logging_mixin.py:190} INFO - [2024-08-26T17:48:56.309-0700] {dagbag.py:587} INFO - Filling up the DagBag from /home/jerson/airflow_venv/lib/python3.10/site-packages/airflow/example_dags/example_trigger_controller_dag.py
[2024-08-26T17:48:56.313-0700] {processor.py:925} INFO - DAG(s) 'example_trigger_controller_dag' retrieved from /home/jerson/airflow_venv/lib/python3.10/site-packages/airflow/example_dags/example_trigger_controller_dag.py
[2024-08-26T17:48:56.323-0700] {logging_mixin.py:190} INFO - [2024-08-26T17:48:56.323-0700] {dag.py:3211} INFO - Sync 1 DAGs
[2024-08-26T17:48:56.336-0700] {logging_mixin.py:190} INFO - [2024-08-26T17:48:56.335-0700] {dag.py:4138} INFO - Setting next_dagrun for example_trigger_controller_dag to 2021-01-01 00:00:00+00:00, run_after=2021-01-01 00:00:00+00:00
[2024-08-26T17:48:56.352-0700] {processor.py:208} INFO - Processing /home/jerson/airflow_venv/lib/python3.10/site-packages/airflow/example_dags/example_trigger_controller_dag.py took 0.049 seconds
[2024-08-26T17:49:49.196-0700] {processor.py:186} INFO - Started process (PID=39372) to work on /home/jerson/airflow_venv/lib/python3.10/site-packages/airflow/example_dags/example_trigger_controller_dag.py
[2024-08-26T17:49:49.197-0700] {processor.py:914} INFO - Processing file /home/jerson/airflow_venv/lib/python3.10/site-packages/airflow/example_dags/example_trigger_controller_dag.py for tasks to queue
[2024-08-26T17:49:49.198-0700] {logging_mixin.py:190} INFO - [2024-08-26T17:49:49.198-0700] {dagbag.py:587} INFO - Filling up the DagBag from /home/jerson/airflow_venv/lib/python3.10/site-packages/airflow/example_dags/example_trigger_controller_dag.py
[2024-08-26T17:49:49.202-0700] {processor.py:925} INFO - DAG(s) 'example_trigger_controller_dag' retrieved from /home/jerson/airflow_venv/lib/python3.10/site-packages/airflow/example_dags/example_trigger_controller_dag.py
[2024-08-26T17:49:49.211-0700] {logging_mixin.py:190} INFO - [2024-08-26T17:49:49.211-0700] {dag.py:3211} INFO - Sync 1 DAGs
[2024-08-26T17:49:49.222-0700] {logging_mixin.py:190} INFO - [2024-08-26T17:49:49.222-0700] {dag.py:4138} INFO - Setting next_dagrun for example_trigger_controller_dag to 2021-01-01 00:00:00+00:00, run_after=2021-01-01 00:00:00+00:00
[2024-08-26T17:49:49.238-0700] {processor.py:208} INFO - Processing /home/jerson/airflow_venv/lib/python3.10/site-packages/airflow/example_dags/example_trigger_controller_dag.py took 0.046 seconds
[2024-08-26T17:50:39.633-0700] {processor.py:186} INFO - Started process (PID=39777) to work on /home/jerson/airflow_venv/lib/python3.10/site-packages/airflow/example_dags/example_trigger_controller_dag.py
[2024-08-26T17:50:39.634-0700] {processor.py:914} INFO - Processing file /home/jerson/airflow_venv/lib/python3.10/site-packages/airflow/example_dags/example_trigger_controller_dag.py for tasks to queue
[2024-08-26T17:50:39.636-0700] {logging_mixin.py:190} INFO - [2024-08-26T17:50:39.635-0700] {dagbag.py:587} INFO - Filling up the DagBag from /home/jerson/airflow_venv/lib/python3.10/site-packages/airflow/example_dags/example_trigger_controller_dag.py
[2024-08-26T17:50:39.640-0700] {processor.py:925} INFO - DAG(s) 'example_trigger_controller_dag' retrieved from /home/jerson/airflow_venv/lib/python3.10/site-packages/airflow/example_dags/example_trigger_controller_dag.py
[2024-08-26T17:50:39.649-0700] {logging_mixin.py:190} INFO - [2024-08-26T17:50:39.649-0700] {dag.py:3211} INFO - Sync 1 DAGs
[2024-08-26T17:50:39.664-0700] {logging_mixin.py:190} INFO - [2024-08-26T17:50:39.663-0700] {dag.py:4138} INFO - Setting next_dagrun for example_trigger_controller_dag to 2021-01-01 00:00:00+00:00, run_after=2021-01-01 00:00:00+00:00
[2024-08-26T17:50:39.682-0700] {processor.py:208} INFO - Processing /home/jerson/airflow_venv/lib/python3.10/site-packages/airflow/example_dags/example_trigger_controller_dag.py took 0.053 seconds
[2024-08-26T17:51:30.357-0700] {processor.py:186} INFO - Started process (PID=40181) to work on /home/jerson/airflow_venv/lib/python3.10/site-packages/airflow/example_dags/example_trigger_controller_dag.py
[2024-08-26T17:51:30.358-0700] {processor.py:914} INFO - Processing file /home/jerson/airflow_venv/lib/python3.10/site-packages/airflow/example_dags/example_trigger_controller_dag.py for tasks to queue
[2024-08-26T17:51:30.359-0700] {logging_mixin.py:190} INFO - [2024-08-26T17:51:30.359-0700] {dagbag.py:587} INFO - Filling up the DagBag from /home/jerson/airflow_venv/lib/python3.10/site-packages/airflow/example_dags/example_trigger_controller_dag.py
[2024-08-26T17:51:30.365-0700] {processor.py:925} INFO - DAG(s) 'example_trigger_controller_dag' retrieved from /home/jerson/airflow_venv/lib/python3.10/site-packages/airflow/example_dags/example_trigger_controller_dag.py
[2024-08-26T17:51:30.375-0700] {logging_mixin.py:190} INFO - [2024-08-26T17:51:30.375-0700] {dag.py:3211} INFO - Sync 1 DAGs
[2024-08-26T17:51:30.388-0700] {logging_mixin.py:190} INFO - [2024-08-26T17:51:30.388-0700] {dag.py:4138} INFO - Setting next_dagrun for example_trigger_controller_dag to 2021-01-01 00:00:00+00:00, run_after=2021-01-01 00:00:00+00:00
[2024-08-26T17:51:30.407-0700] {processor.py:208} INFO - Processing /home/jerson/airflow_venv/lib/python3.10/site-packages/airflow/example_dags/example_trigger_controller_dag.py took 0.053 seconds
[2024-08-26T17:54:54.456-0700] {processor.py:186} INFO - Started process (PID=42394) to work on /home/jerson/airflow_venv/lib/python3.10/site-packages/airflow/example_dags/example_trigger_controller_dag.py
[2024-08-26T17:54:54.457-0700] {processor.py:914} INFO - Processing file /home/jerson/airflow_venv/lib/python3.10/site-packages/airflow/example_dags/example_trigger_controller_dag.py for tasks to queue
[2024-08-26T17:54:54.458-0700] {logging_mixin.py:190} INFO - [2024-08-26T17:54:54.458-0700] {dagbag.py:587} INFO - Filling up the DagBag from /home/jerson/airflow_venv/lib/python3.10/site-packages/airflow/example_dags/example_trigger_controller_dag.py
[2024-08-26T17:54:54.462-0700] {processor.py:925} INFO - DAG(s) 'example_trigger_controller_dag' retrieved from /home/jerson/airflow_venv/lib/python3.10/site-packages/airflow/example_dags/example_trigger_controller_dag.py
[2024-08-26T17:54:54.471-0700] {logging_mixin.py:190} INFO - [2024-08-26T17:54:54.471-0700] {dag.py:3211} INFO - Sync 1 DAGs
[2024-08-26T17:54:54.481-0700] {logging_mixin.py:190} INFO - [2024-08-26T17:54:54.481-0700] {dag.py:4138} INFO - Setting next_dagrun for example_trigger_controller_dag to 2021-01-01 00:00:00+00:00, run_after=2021-01-01 00:00:00+00:00
[2024-08-26T17:54:54.495-0700] {processor.py:208} INFO - Processing /home/jerson/airflow_venv/lib/python3.10/site-packages/airflow/example_dags/example_trigger_controller_dag.py took 0.044 seconds
[2024-08-26T17:55:34.330-0700] {processor.py:186} INFO - Started process (PID=42929) to work on /home/jerson/airflow_venv/lib/python3.10/site-packages/airflow/example_dags/example_trigger_controller_dag.py
[2024-08-26T17:55:34.331-0700] {processor.py:914} INFO - Processing file /home/jerson/airflow_venv/lib/python3.10/site-packages/airflow/example_dags/example_trigger_controller_dag.py for tasks to queue
[2024-08-26T17:55:34.333-0700] {logging_mixin.py:190} INFO - [2024-08-26T17:55:34.333-0700] {dagbag.py:587} INFO - Filling up the DagBag from /home/jerson/airflow_venv/lib/python3.10/site-packages/airflow/example_dags/example_trigger_controller_dag.py
[2024-08-26T17:55:34.339-0700] {processor.py:925} INFO - DAG(s) 'example_trigger_controller_dag' retrieved from /home/jerson/airflow_venv/lib/python3.10/site-packages/airflow/example_dags/example_trigger_controller_dag.py
[2024-08-26T17:55:34.354-0700] {logging_mixin.py:190} INFO - [2024-08-26T17:55:34.354-0700] {dag.py:3211} INFO - Sync 1 DAGs
[2024-08-26T17:55:34.372-0700] {logging_mixin.py:190} INFO - [2024-08-26T17:55:34.372-0700] {dag.py:4138} INFO - Setting next_dagrun for example_trigger_controller_dag to 2021-01-01 00:00:00+00:00, run_after=2021-01-01 00:00:00+00:00
[2024-08-26T17:55:34.393-0700] {processor.py:208} INFO - Processing /home/jerson/airflow_venv/lib/python3.10/site-packages/airflow/example_dags/example_trigger_controller_dag.py took 0.066 seconds
[2024-08-26T17:56:28.658-0700] {processor.py:186} INFO - Started process (PID=43581) to work on /home/jerson/airflow_venv/lib/python3.10/site-packages/airflow/example_dags/example_trigger_controller_dag.py
[2024-08-26T17:56:28.659-0700] {processor.py:914} INFO - Processing file /home/jerson/airflow_venv/lib/python3.10/site-packages/airflow/example_dags/example_trigger_controller_dag.py for tasks to queue
[2024-08-26T17:56:28.661-0700] {logging_mixin.py:190} INFO - [2024-08-26T17:56:28.661-0700] {dagbag.py:587} INFO - Filling up the DagBag from /home/jerson/airflow_venv/lib/python3.10/site-packages/airflow/example_dags/example_trigger_controller_dag.py
[2024-08-26T17:56:28.665-0700] {processor.py:925} INFO - DAG(s) 'example_trigger_controller_dag' retrieved from /home/jerson/airflow_venv/lib/python3.10/site-packages/airflow/example_dags/example_trigger_controller_dag.py
[2024-08-26T17:56:28.673-0700] {logging_mixin.py:190} INFO - [2024-08-26T17:56:28.673-0700] {dag.py:3211} INFO - Sync 1 DAGs
[2024-08-26T17:56:28.685-0700] {logging_mixin.py:190} INFO - [2024-08-26T17:56:28.684-0700] {dag.py:4138} INFO - Setting next_dagrun for example_trigger_controller_dag to 2021-01-01 00:00:00+00:00, run_after=2021-01-01 00:00:00+00:00
[2024-08-26T17:56:28.702-0700] {processor.py:208} INFO - Processing /home/jerson/airflow_venv/lib/python3.10/site-packages/airflow/example_dags/example_trigger_controller_dag.py took 0.047 seconds
[2024-08-26T17:57:17.906-0700] {processor.py:186} INFO - Started process (PID=44057) to work on /home/jerson/airflow_venv/lib/python3.10/site-packages/airflow/example_dags/example_trigger_controller_dag.py
[2024-08-26T17:57:17.907-0700] {processor.py:914} INFO - Processing file /home/jerson/airflow_venv/lib/python3.10/site-packages/airflow/example_dags/example_trigger_controller_dag.py for tasks to queue
[2024-08-26T17:57:17.909-0700] {logging_mixin.py:190} INFO - [2024-08-26T17:57:17.908-0700] {dagbag.py:587} INFO - Filling up the DagBag from /home/jerson/airflow_venv/lib/python3.10/site-packages/airflow/example_dags/example_trigger_controller_dag.py
[2024-08-26T17:57:17.913-0700] {processor.py:925} INFO - DAG(s) 'example_trigger_controller_dag' retrieved from /home/jerson/airflow_venv/lib/python3.10/site-packages/airflow/example_dags/example_trigger_controller_dag.py
[2024-08-26T17:57:17.922-0700] {logging_mixin.py:190} INFO - [2024-08-26T17:57:17.921-0700] {dag.py:3211} INFO - Sync 1 DAGs
[2024-08-26T17:57:17.933-0700] {logging_mixin.py:190} INFO - [2024-08-26T17:57:17.933-0700] {dag.py:4138} INFO - Setting next_dagrun for example_trigger_controller_dag to 2021-01-01 00:00:00+00:00, run_after=2021-01-01 00:00:00+00:00
[2024-08-26T17:57:17.949-0700] {processor.py:208} INFO - Processing /home/jerson/airflow_venv/lib/python3.10/site-packages/airflow/example_dags/example_trigger_controller_dag.py took 0.046 seconds
[2024-08-26T17:58:07.303-0700] {processor.py:186} INFO - Started process (PID=44637) to work on /home/jerson/airflow_venv/lib/python3.10/site-packages/airflow/example_dags/example_trigger_controller_dag.py
[2024-08-26T17:58:07.304-0700] {processor.py:914} INFO - Processing file /home/jerson/airflow_venv/lib/python3.10/site-packages/airflow/example_dags/example_trigger_controller_dag.py for tasks to queue
[2024-08-26T17:58:07.305-0700] {logging_mixin.py:190} INFO - [2024-08-26T17:58:07.305-0700] {dagbag.py:587} INFO - Filling up the DagBag from /home/jerson/airflow_venv/lib/python3.10/site-packages/airflow/example_dags/example_trigger_controller_dag.py
[2024-08-26T17:58:07.309-0700] {processor.py:925} INFO - DAG(s) 'example_trigger_controller_dag' retrieved from /home/jerson/airflow_venv/lib/python3.10/site-packages/airflow/example_dags/example_trigger_controller_dag.py
[2024-08-26T17:58:07.318-0700] {logging_mixin.py:190} INFO - [2024-08-26T17:58:07.317-0700] {dag.py:3211} INFO - Sync 1 DAGs
[2024-08-26T17:58:07.329-0700] {logging_mixin.py:190} INFO - [2024-08-26T17:58:07.328-0700] {dag.py:4138} INFO - Setting next_dagrun for example_trigger_controller_dag to 2021-01-01 00:00:00+00:00, run_after=2021-01-01 00:00:00+00:00
[2024-08-26T17:58:07.345-0700] {processor.py:208} INFO - Processing /home/jerson/airflow_venv/lib/python3.10/site-packages/airflow/example_dags/example_trigger_controller_dag.py took 0.047 seconds
[2024-08-26T17:59:00.710-0700] {processor.py:186} INFO - Started process (PID=45214) to work on /home/jerson/airflow_venv/lib/python3.10/site-packages/airflow/example_dags/example_trigger_controller_dag.py
[2024-08-26T17:59:00.711-0700] {processor.py:914} INFO - Processing file /home/jerson/airflow_venv/lib/python3.10/site-packages/airflow/example_dags/example_trigger_controller_dag.py for tasks to queue
[2024-08-26T17:59:00.712-0700] {logging_mixin.py:190} INFO - [2024-08-26T17:59:00.712-0700] {dagbag.py:587} INFO - Filling up the DagBag from /home/jerson/airflow_venv/lib/python3.10/site-packages/airflow/example_dags/example_trigger_controller_dag.py
[2024-08-26T17:59:00.716-0700] {processor.py:925} INFO - DAG(s) 'example_trigger_controller_dag' retrieved from /home/jerson/airflow_venv/lib/python3.10/site-packages/airflow/example_dags/example_trigger_controller_dag.py
[2024-08-26T17:59:00.725-0700] {logging_mixin.py:190} INFO - [2024-08-26T17:59:00.725-0700] {dag.py:3211} INFO - Sync 1 DAGs
[2024-08-26T17:59:00.737-0700] {logging_mixin.py:190} INFO - [2024-08-26T17:59:00.736-0700] {dag.py:4138} INFO - Setting next_dagrun for example_trigger_controller_dag to 2021-01-01 00:00:00+00:00, run_after=2021-01-01 00:00:00+00:00
[2024-08-26T17:59:00.754-0700] {processor.py:208} INFO - Processing /home/jerson/airflow_venv/lib/python3.10/site-packages/airflow/example_dags/example_trigger_controller_dag.py took 0.048 seconds
[2024-08-26T17:59:49.927-0700] {processor.py:186} INFO - Started process (PID=45745) to work on /home/jerson/airflow_venv/lib/python3.10/site-packages/airflow/example_dags/example_trigger_controller_dag.py
[2024-08-26T17:59:49.928-0700] {processor.py:914} INFO - Processing file /home/jerson/airflow_venv/lib/python3.10/site-packages/airflow/example_dags/example_trigger_controller_dag.py for tasks to queue
[2024-08-26T17:59:49.929-0700] {logging_mixin.py:190} INFO - [2024-08-26T17:59:49.929-0700] {dagbag.py:587} INFO - Filling up the DagBag from /home/jerson/airflow_venv/lib/python3.10/site-packages/airflow/example_dags/example_trigger_controller_dag.py
[2024-08-26T17:59:49.933-0700] {processor.py:925} INFO - DAG(s) 'example_trigger_controller_dag' retrieved from /home/jerson/airflow_venv/lib/python3.10/site-packages/airflow/example_dags/example_trigger_controller_dag.py
[2024-08-26T17:59:49.941-0700] {logging_mixin.py:190} INFO - [2024-08-26T17:59:49.941-0700] {dag.py:3211} INFO - Sync 1 DAGs
[2024-08-26T17:59:49.953-0700] {logging_mixin.py:190} INFO - [2024-08-26T17:59:49.953-0700] {dag.py:4138} INFO - Setting next_dagrun for example_trigger_controller_dag to 2021-01-01 00:00:00+00:00, run_after=2021-01-01 00:00:00+00:00
[2024-08-26T17:59:49.970-0700] {processor.py:208} INFO - Processing /home/jerson/airflow_venv/lib/python3.10/site-packages/airflow/example_dags/example_trigger_controller_dag.py took 0.047 seconds
[2024-08-26T18:00:38.473-0700] {processor.py:186} INFO - Started process (PID=46316) to work on /home/jerson/airflow_venv/lib/python3.10/site-packages/airflow/example_dags/example_trigger_controller_dag.py
[2024-08-26T18:00:38.474-0700] {processor.py:914} INFO - Processing file /home/jerson/airflow_venv/lib/python3.10/site-packages/airflow/example_dags/example_trigger_controller_dag.py for tasks to queue
[2024-08-26T18:00:38.475-0700] {logging_mixin.py:190} INFO - [2024-08-26T18:00:38.475-0700] {dagbag.py:587} INFO - Filling up the DagBag from /home/jerson/airflow_venv/lib/python3.10/site-packages/airflow/example_dags/example_trigger_controller_dag.py
[2024-08-26T18:00:38.481-0700] {processor.py:925} INFO - DAG(s) 'example_trigger_controller_dag' retrieved from /home/jerson/airflow_venv/lib/python3.10/site-packages/airflow/example_dags/example_trigger_controller_dag.py
[2024-08-26T18:00:38.491-0700] {logging_mixin.py:190} INFO - [2024-08-26T18:00:38.490-0700] {dag.py:3211} INFO - Sync 1 DAGs
[2024-08-26T18:00:38.506-0700] {logging_mixin.py:190} INFO - [2024-08-26T18:00:38.506-0700] {dag.py:4138} INFO - Setting next_dagrun for example_trigger_controller_dag to 2021-01-01 00:00:00+00:00, run_after=2021-01-01 00:00:00+00:00
[2024-08-26T18:00:38.526-0700] {processor.py:208} INFO - Processing /home/jerson/airflow_venv/lib/python3.10/site-packages/airflow/example_dags/example_trigger_controller_dag.py took 0.056 seconds
[2024-08-26T18:01:27.517-0700] {processor.py:186} INFO - Started process (PID=46835) to work on /home/jerson/airflow_venv/lib/python3.10/site-packages/airflow/example_dags/example_trigger_controller_dag.py
[2024-08-26T18:01:27.518-0700] {processor.py:914} INFO - Processing file /home/jerson/airflow_venv/lib/python3.10/site-packages/airflow/example_dags/example_trigger_controller_dag.py for tasks to queue
[2024-08-26T18:01:27.520-0700] {logging_mixin.py:190} INFO - [2024-08-26T18:01:27.519-0700] {dagbag.py:587} INFO - Filling up the DagBag from /home/jerson/airflow_venv/lib/python3.10/site-packages/airflow/example_dags/example_trigger_controller_dag.py
[2024-08-26T18:01:27.524-0700] {processor.py:925} INFO - DAG(s) 'example_trigger_controller_dag' retrieved from /home/jerson/airflow_venv/lib/python3.10/site-packages/airflow/example_dags/example_trigger_controller_dag.py
[2024-08-26T18:01:27.533-0700] {logging_mixin.py:190} INFO - [2024-08-26T18:01:27.533-0700] {dag.py:3211} INFO - Sync 1 DAGs
[2024-08-26T18:01:27.545-0700] {logging_mixin.py:190} INFO - [2024-08-26T18:01:27.544-0700] {dag.py:4138} INFO - Setting next_dagrun for example_trigger_controller_dag to 2021-01-01 00:00:00+00:00, run_after=2021-01-01 00:00:00+00:00
[2024-08-26T18:01:27.561-0700] {processor.py:208} INFO - Processing /home/jerson/airflow_venv/lib/python3.10/site-packages/airflow/example_dags/example_trigger_controller_dag.py took 0.047 seconds
[2024-08-26T18:02:17.179-0700] {processor.py:186} INFO - Started process (PID=47233) to work on /home/jerson/airflow_venv/lib/python3.10/site-packages/airflow/example_dags/example_trigger_controller_dag.py
[2024-08-26T18:02:17.179-0700] {processor.py:914} INFO - Processing file /home/jerson/airflow_venv/lib/python3.10/site-packages/airflow/example_dags/example_trigger_controller_dag.py for tasks to queue
[2024-08-26T18:02:17.180-0700] {logging_mixin.py:190} INFO - [2024-08-26T18:02:17.180-0700] {dagbag.py:587} INFO - Filling up the DagBag from /home/jerson/airflow_venv/lib/python3.10/site-packages/airflow/example_dags/example_trigger_controller_dag.py
[2024-08-26T18:02:17.185-0700] {processor.py:925} INFO - DAG(s) 'example_trigger_controller_dag' retrieved from /home/jerson/airflow_venv/lib/python3.10/site-packages/airflow/example_dags/example_trigger_controller_dag.py
[2024-08-26T18:02:17.194-0700] {logging_mixin.py:190} INFO - [2024-08-26T18:02:17.194-0700] {dag.py:3211} INFO - Sync 1 DAGs
[2024-08-26T18:02:17.205-0700] {logging_mixin.py:190} INFO - [2024-08-26T18:02:17.205-0700] {dag.py:4138} INFO - Setting next_dagrun for example_trigger_controller_dag to 2021-01-01 00:00:00+00:00, run_after=2021-01-01 00:00:00+00:00
[2024-08-26T18:02:17.221-0700] {processor.py:208} INFO - Processing /home/jerson/airflow_venv/lib/python3.10/site-packages/airflow/example_dags/example_trigger_controller_dag.py took 0.046 seconds
[2024-08-26T18:03:05.110-0700] {processor.py:186} INFO - Started process (PID=47727) to work on /home/jerson/airflow_venv/lib/python3.10/site-packages/airflow/example_dags/example_trigger_controller_dag.py
[2024-08-26T18:03:05.111-0700] {processor.py:914} INFO - Processing file /home/jerson/airflow_venv/lib/python3.10/site-packages/airflow/example_dags/example_trigger_controller_dag.py for tasks to queue
[2024-08-26T18:03:05.112-0700] {logging_mixin.py:190} INFO - [2024-08-26T18:03:05.112-0700] {dagbag.py:587} INFO - Filling up the DagBag from /home/jerson/airflow_venv/lib/python3.10/site-packages/airflow/example_dags/example_trigger_controller_dag.py
[2024-08-26T18:03:05.116-0700] {processor.py:925} INFO - DAG(s) 'example_trigger_controller_dag' retrieved from /home/jerson/airflow_venv/lib/python3.10/site-packages/airflow/example_dags/example_trigger_controller_dag.py
[2024-08-26T18:03:05.126-0700] {logging_mixin.py:190} INFO - [2024-08-26T18:03:05.125-0700] {dag.py:3211} INFO - Sync 1 DAGs
[2024-08-26T18:03:05.138-0700] {logging_mixin.py:190} INFO - [2024-08-26T18:03:05.138-0700] {dag.py:4138} INFO - Setting next_dagrun for example_trigger_controller_dag to 2021-01-01 00:00:00+00:00, run_after=2021-01-01 00:00:00+00:00
[2024-08-26T18:03:05.155-0700] {processor.py:208} INFO - Processing /home/jerson/airflow_venv/lib/python3.10/site-packages/airflow/example_dags/example_trigger_controller_dag.py took 0.049 seconds
[2024-08-26T18:03:54.370-0700] {processor.py:186} INFO - Started process (PID=48201) to work on /home/jerson/airflow_venv/lib/python3.10/site-packages/airflow/example_dags/example_trigger_controller_dag.py
[2024-08-26T18:03:54.370-0700] {processor.py:914} INFO - Processing file /home/jerson/airflow_venv/lib/python3.10/site-packages/airflow/example_dags/example_trigger_controller_dag.py for tasks to queue
[2024-08-26T18:03:54.372-0700] {logging_mixin.py:190} INFO - [2024-08-26T18:03:54.371-0700] {dagbag.py:587} INFO - Filling up the DagBag from /home/jerson/airflow_venv/lib/python3.10/site-packages/airflow/example_dags/example_trigger_controller_dag.py
[2024-08-26T18:03:54.375-0700] {processor.py:925} INFO - DAG(s) 'example_trigger_controller_dag' retrieved from /home/jerson/airflow_venv/lib/python3.10/site-packages/airflow/example_dags/example_trigger_controller_dag.py
[2024-08-26T18:03:54.384-0700] {logging_mixin.py:190} INFO - [2024-08-26T18:03:54.384-0700] {dag.py:3211} INFO - Sync 1 DAGs
[2024-08-26T18:03:54.396-0700] {logging_mixin.py:190} INFO - [2024-08-26T18:03:54.396-0700] {dag.py:4138} INFO - Setting next_dagrun for example_trigger_controller_dag to 2021-01-01 00:00:00+00:00, run_after=2021-01-01 00:00:00+00:00
[2024-08-26T18:03:54.413-0700] {processor.py:208} INFO - Processing /home/jerson/airflow_venv/lib/python3.10/site-packages/airflow/example_dags/example_trigger_controller_dag.py took 0.047 seconds
[2024-08-26T18:04:43.786-0700] {processor.py:186} INFO - Started process (PID=48689) to work on /home/jerson/airflow_venv/lib/python3.10/site-packages/airflow/example_dags/example_trigger_controller_dag.py
[2024-08-26T18:04:43.788-0700] {processor.py:914} INFO - Processing file /home/jerson/airflow_venv/lib/python3.10/site-packages/airflow/example_dags/example_trigger_controller_dag.py for tasks to queue
[2024-08-26T18:04:43.789-0700] {logging_mixin.py:190} INFO - [2024-08-26T18:04:43.789-0700] {dagbag.py:587} INFO - Filling up the DagBag from /home/jerson/airflow_venv/lib/python3.10/site-packages/airflow/example_dags/example_trigger_controller_dag.py
[2024-08-26T18:04:43.794-0700] {processor.py:925} INFO - DAG(s) 'example_trigger_controller_dag' retrieved from /home/jerson/airflow_venv/lib/python3.10/site-packages/airflow/example_dags/example_trigger_controller_dag.py
[2024-08-26T18:04:43.803-0700] {logging_mixin.py:190} INFO - [2024-08-26T18:04:43.803-0700] {dag.py:3211} INFO - Sync 1 DAGs
[2024-08-26T18:04:43.815-0700] {logging_mixin.py:190} INFO - [2024-08-26T18:04:43.815-0700] {dag.py:4138} INFO - Setting next_dagrun for example_trigger_controller_dag to 2021-01-01 00:00:00+00:00, run_after=2021-01-01 00:00:00+00:00
[2024-08-26T18:04:43.833-0700] {processor.py:208} INFO - Processing /home/jerson/airflow_venv/lib/python3.10/site-packages/airflow/example_dags/example_trigger_controller_dag.py took 0.050 seconds
[2024-08-26T18:05:29.987-0700] {processor.py:186} INFO - Started process (PID=49090) to work on /home/jerson/airflow_venv/lib/python3.10/site-packages/airflow/example_dags/example_trigger_controller_dag.py
[2024-08-26T18:05:29.988-0700] {processor.py:914} INFO - Processing file /home/jerson/airflow_venv/lib/python3.10/site-packages/airflow/example_dags/example_trigger_controller_dag.py for tasks to queue
[2024-08-26T18:05:29.990-0700] {logging_mixin.py:190} INFO - [2024-08-26T18:05:29.989-0700] {dagbag.py:587} INFO - Filling up the DagBag from /home/jerson/airflow_venv/lib/python3.10/site-packages/airflow/example_dags/example_trigger_controller_dag.py
[2024-08-26T18:05:29.995-0700] {processor.py:925} INFO - DAG(s) 'example_trigger_controller_dag' retrieved from /home/jerson/airflow_venv/lib/python3.10/site-packages/airflow/example_dags/example_trigger_controller_dag.py
[2024-08-26T18:05:30.007-0700] {logging_mixin.py:190} INFO - [2024-08-26T18:05:30.007-0700] {dag.py:3211} INFO - Sync 1 DAGs
[2024-08-26T18:05:30.020-0700] {logging_mixin.py:190} INFO - [2024-08-26T18:05:30.020-0700] {dag.py:4138} INFO - Setting next_dagrun for example_trigger_controller_dag to 2021-01-01 00:00:00+00:00, run_after=2021-01-01 00:00:00+00:00
[2024-08-26T18:05:30.038-0700] {processor.py:208} INFO - Processing /home/jerson/airflow_venv/lib/python3.10/site-packages/airflow/example_dags/example_trigger_controller_dag.py took 0.055 seconds
[2024-08-26T18:06:24.495-0700] {processor.py:186} INFO - Started process (PID=49553) to work on /home/jerson/airflow_venv/lib/python3.10/site-packages/airflow/example_dags/example_trigger_controller_dag.py
[2024-08-26T18:06:24.496-0700] {processor.py:914} INFO - Processing file /home/jerson/airflow_venv/lib/python3.10/site-packages/airflow/example_dags/example_trigger_controller_dag.py for tasks to queue
[2024-08-26T18:06:24.497-0700] {logging_mixin.py:190} INFO - [2024-08-26T18:06:24.497-0700] {dagbag.py:587} INFO - Filling up the DagBag from /home/jerson/airflow_venv/lib/python3.10/site-packages/airflow/example_dags/example_trigger_controller_dag.py
[2024-08-26T18:06:24.502-0700] {processor.py:925} INFO - DAG(s) 'example_trigger_controller_dag' retrieved from /home/jerson/airflow_venv/lib/python3.10/site-packages/airflow/example_dags/example_trigger_controller_dag.py
[2024-08-26T18:06:24.511-0700] {logging_mixin.py:190} INFO - [2024-08-26T18:06:24.510-0700] {dag.py:3211} INFO - Sync 1 DAGs
[2024-08-26T18:06:24.522-0700] {logging_mixin.py:190} INFO - [2024-08-26T18:06:24.522-0700] {dag.py:4138} INFO - Setting next_dagrun for example_trigger_controller_dag to 2021-01-01 00:00:00+00:00, run_after=2021-01-01 00:00:00+00:00
[2024-08-26T18:06:24.538-0700] {processor.py:208} INFO - Processing /home/jerson/airflow_venv/lib/python3.10/site-packages/airflow/example_dags/example_trigger_controller_dag.py took 0.046 seconds
[2024-08-26T18:07:16.880-0700] {processor.py:186} INFO - Started process (PID=50001) to work on /home/jerson/airflow_venv/lib/python3.10/site-packages/airflow/example_dags/example_trigger_controller_dag.py
[2024-08-26T18:07:16.881-0700] {processor.py:914} INFO - Processing file /home/jerson/airflow_venv/lib/python3.10/site-packages/airflow/example_dags/example_trigger_controller_dag.py for tasks to queue
[2024-08-26T18:07:16.883-0700] {logging_mixin.py:190} INFO - [2024-08-26T18:07:16.882-0700] {dagbag.py:587} INFO - Filling up the DagBag from /home/jerson/airflow_venv/lib/python3.10/site-packages/airflow/example_dags/example_trigger_controller_dag.py
[2024-08-26T18:07:16.886-0700] {processor.py:925} INFO - DAG(s) 'example_trigger_controller_dag' retrieved from /home/jerson/airflow_venv/lib/python3.10/site-packages/airflow/example_dags/example_trigger_controller_dag.py
[2024-08-26T18:07:16.895-0700] {logging_mixin.py:190} INFO - [2024-08-26T18:07:16.895-0700] {dag.py:3211} INFO - Sync 1 DAGs
[2024-08-26T18:07:16.905-0700] {logging_mixin.py:190} INFO - [2024-08-26T18:07:16.905-0700] {dag.py:4138} INFO - Setting next_dagrun for example_trigger_controller_dag to 2021-01-01 00:00:00+00:00, run_after=2021-01-01 00:00:00+00:00
[2024-08-26T18:07:16.920-0700] {processor.py:208} INFO - Processing /home/jerson/airflow_venv/lib/python3.10/site-packages/airflow/example_dags/example_trigger_controller_dag.py took 0.043 seconds
[2024-08-26T18:08:04.116-0700] {processor.py:186} INFO - Started process (PID=50496) to work on /home/jerson/airflow_venv/lib/python3.10/site-packages/airflow/example_dags/example_trigger_controller_dag.py
[2024-08-26T18:08:04.117-0700] {processor.py:914} INFO - Processing file /home/jerson/airflow_venv/lib/python3.10/site-packages/airflow/example_dags/example_trigger_controller_dag.py for tasks to queue
[2024-08-26T18:08:04.118-0700] {logging_mixin.py:190} INFO - [2024-08-26T18:08:04.118-0700] {dagbag.py:587} INFO - Filling up the DagBag from /home/jerson/airflow_venv/lib/python3.10/site-packages/airflow/example_dags/example_trigger_controller_dag.py
[2024-08-26T18:08:04.122-0700] {processor.py:925} INFO - DAG(s) 'example_trigger_controller_dag' retrieved from /home/jerson/airflow_venv/lib/python3.10/site-packages/airflow/example_dags/example_trigger_controller_dag.py
[2024-08-26T18:08:04.131-0700] {logging_mixin.py:190} INFO - [2024-08-26T18:08:04.131-0700] {dag.py:3211} INFO - Sync 1 DAGs
[2024-08-26T18:08:04.142-0700] {logging_mixin.py:190} INFO - [2024-08-26T18:08:04.142-0700] {dag.py:4138} INFO - Setting next_dagrun for example_trigger_controller_dag to 2021-01-01 00:00:00+00:00, run_after=2021-01-01 00:00:00+00:00
[2024-08-26T18:08:04.160-0700] {processor.py:208} INFO - Processing /home/jerson/airflow_venv/lib/python3.10/site-packages/airflow/example_dags/example_trigger_controller_dag.py took 0.049 seconds
[2024-08-26T18:08:58.043-0700] {processor.py:186} INFO - Started process (PID=51005) to work on /home/jerson/airflow_venv/lib/python3.10/site-packages/airflow/example_dags/example_trigger_controller_dag.py
[2024-08-26T18:08:58.044-0700] {processor.py:914} INFO - Processing file /home/jerson/airflow_venv/lib/python3.10/site-packages/airflow/example_dags/example_trigger_controller_dag.py for tasks to queue
[2024-08-26T18:08:58.046-0700] {logging_mixin.py:190} INFO - [2024-08-26T18:08:58.045-0700] {dagbag.py:587} INFO - Filling up the DagBag from /home/jerson/airflow_venv/lib/python3.10/site-packages/airflow/example_dags/example_trigger_controller_dag.py
[2024-08-26T18:08:58.049-0700] {processor.py:925} INFO - DAG(s) 'example_trigger_controller_dag' retrieved from /home/jerson/airflow_venv/lib/python3.10/site-packages/airflow/example_dags/example_trigger_controller_dag.py
[2024-08-26T18:08:58.057-0700] {logging_mixin.py:190} INFO - [2024-08-26T18:08:58.057-0700] {dag.py:3211} INFO - Sync 1 DAGs
[2024-08-26T18:08:58.068-0700] {logging_mixin.py:190} INFO - [2024-08-26T18:08:58.068-0700] {dag.py:4138} INFO - Setting next_dagrun for example_trigger_controller_dag to 2021-01-01 00:00:00+00:00, run_after=2021-01-01 00:00:00+00:00
[2024-08-26T18:08:58.083-0700] {processor.py:208} INFO - Processing /home/jerson/airflow_venv/lib/python3.10/site-packages/airflow/example_dags/example_trigger_controller_dag.py took 0.043 seconds
[2024-08-26T18:09:48.668-0700] {processor.py:186} INFO - Started process (PID=51575) to work on /home/jerson/airflow_venv/lib/python3.10/site-packages/airflow/example_dags/example_trigger_controller_dag.py
[2024-08-26T18:09:48.668-0700] {processor.py:914} INFO - Processing file /home/jerson/airflow_venv/lib/python3.10/site-packages/airflow/example_dags/example_trigger_controller_dag.py for tasks to queue
[2024-08-26T18:09:48.670-0700] {logging_mixin.py:190} INFO - [2024-08-26T18:09:48.669-0700] {dagbag.py:587} INFO - Filling up the DagBag from /home/jerson/airflow_venv/lib/python3.10/site-packages/airflow/example_dags/example_trigger_controller_dag.py
[2024-08-26T18:09:48.674-0700] {processor.py:925} INFO - DAG(s) 'example_trigger_controller_dag' retrieved from /home/jerson/airflow_venv/lib/python3.10/site-packages/airflow/example_dags/example_trigger_controller_dag.py
[2024-08-26T18:09:48.683-0700] {logging_mixin.py:190} INFO - [2024-08-26T18:09:48.683-0700] {dag.py:3211} INFO - Sync 1 DAGs
[2024-08-26T18:09:48.695-0700] {logging_mixin.py:190} INFO - [2024-08-26T18:09:48.695-0700] {dag.py:4138} INFO - Setting next_dagrun for example_trigger_controller_dag to 2021-01-01 00:00:00+00:00, run_after=2021-01-01 00:00:00+00:00
[2024-08-26T18:09:48.713-0700] {processor.py:208} INFO - Processing /home/jerson/airflow_venv/lib/python3.10/site-packages/airflow/example_dags/example_trigger_controller_dag.py took 0.049 seconds
[2024-08-26T18:10:36.674-0700] {processor.py:186} INFO - Started process (PID=52216) to work on /home/jerson/airflow_venv/lib/python3.10/site-packages/airflow/example_dags/example_trigger_controller_dag.py
[2024-08-26T18:10:36.675-0700] {processor.py:914} INFO - Processing file /home/jerson/airflow_venv/lib/python3.10/site-packages/airflow/example_dags/example_trigger_controller_dag.py for tasks to queue
[2024-08-26T18:10:36.676-0700] {logging_mixin.py:190} INFO - [2024-08-26T18:10:36.676-0700] {dagbag.py:587} INFO - Filling up the DagBag from /home/jerson/airflow_venv/lib/python3.10/site-packages/airflow/example_dags/example_trigger_controller_dag.py
[2024-08-26T18:10:36.680-0700] {processor.py:925} INFO - DAG(s) 'example_trigger_controller_dag' retrieved from /home/jerson/airflow_venv/lib/python3.10/site-packages/airflow/example_dags/example_trigger_controller_dag.py
[2024-08-26T18:10:36.690-0700] {logging_mixin.py:190} INFO - [2024-08-26T18:10:36.689-0700] {dag.py:3211} INFO - Sync 1 DAGs
[2024-08-26T18:10:36.701-0700] {logging_mixin.py:190} INFO - [2024-08-26T18:10:36.701-0700] {dag.py:4138} INFO - Setting next_dagrun for example_trigger_controller_dag to 2021-01-01 00:00:00+00:00, run_after=2021-01-01 00:00:00+00:00
[2024-08-26T18:10:36.717-0700] {processor.py:208} INFO - Processing /home/jerson/airflow_venv/lib/python3.10/site-packages/airflow/example_dags/example_trigger_controller_dag.py took 0.046 seconds
[2024-08-26T18:11:28.680-0700] {processor.py:186} INFO - Started process (PID=52753) to work on /home/jerson/airflow_venv/lib/python3.10/site-packages/airflow/example_dags/example_trigger_controller_dag.py
[2024-08-26T18:11:28.682-0700] {processor.py:914} INFO - Processing file /home/jerson/airflow_venv/lib/python3.10/site-packages/airflow/example_dags/example_trigger_controller_dag.py for tasks to queue
[2024-08-26T18:11:28.682-0700] {logging_mixin.py:190} INFO - [2024-08-26T18:11:28.682-0700] {dagbag.py:587} INFO - Filling up the DagBag from /home/jerson/airflow_venv/lib/python3.10/site-packages/airflow/example_dags/example_trigger_controller_dag.py
[2024-08-26T18:11:28.686-0700] {processor.py:925} INFO - DAG(s) 'example_trigger_controller_dag' retrieved from /home/jerson/airflow_venv/lib/python3.10/site-packages/airflow/example_dags/example_trigger_controller_dag.py
[2024-08-26T18:11:28.695-0700] {logging_mixin.py:190} INFO - [2024-08-26T18:11:28.695-0700] {dag.py:3211} INFO - Sync 1 DAGs
[2024-08-26T18:11:28.707-0700] {logging_mixin.py:190} INFO - [2024-08-26T18:11:28.707-0700] {dag.py:4138} INFO - Setting next_dagrun for example_trigger_controller_dag to 2021-01-01 00:00:00+00:00, run_after=2021-01-01 00:00:00+00:00
[2024-08-26T18:11:28.722-0700] {processor.py:208} INFO - Processing /home/jerson/airflow_venv/lib/python3.10/site-packages/airflow/example_dags/example_trigger_controller_dag.py took 0.045 seconds
[2024-08-26T18:12:19.868-0700] {processor.py:186} INFO - Started process (PID=53314) to work on /home/jerson/airflow_venv/lib/python3.10/site-packages/airflow/example_dags/example_trigger_controller_dag.py
[2024-08-26T18:12:19.869-0700] {processor.py:914} INFO - Processing file /home/jerson/airflow_venv/lib/python3.10/site-packages/airflow/example_dags/example_trigger_controller_dag.py for tasks to queue
[2024-08-26T18:12:19.870-0700] {logging_mixin.py:190} INFO - [2024-08-26T18:12:19.870-0700] {dagbag.py:587} INFO - Filling up the DagBag from /home/jerson/airflow_venv/lib/python3.10/site-packages/airflow/example_dags/example_trigger_controller_dag.py
[2024-08-26T18:12:19.874-0700] {processor.py:925} INFO - DAG(s) 'example_trigger_controller_dag' retrieved from /home/jerson/airflow_venv/lib/python3.10/site-packages/airflow/example_dags/example_trigger_controller_dag.py
[2024-08-26T18:12:19.884-0700] {logging_mixin.py:190} INFO - [2024-08-26T18:12:19.884-0700] {dag.py:3211} INFO - Sync 1 DAGs
[2024-08-26T18:12:19.896-0700] {logging_mixin.py:190} INFO - [2024-08-26T18:12:19.896-0700] {dag.py:4138} INFO - Setting next_dagrun for example_trigger_controller_dag to 2021-01-01 00:00:00+00:00, run_after=2021-01-01 00:00:00+00:00
[2024-08-26T18:12:19.914-0700] {processor.py:208} INFO - Processing /home/jerson/airflow_venv/lib/python3.10/site-packages/airflow/example_dags/example_trigger_controller_dag.py took 0.050 seconds
[2024-08-26T18:13:10.785-0700] {processor.py:186} INFO - Started process (PID=53721) to work on /home/jerson/airflow_venv/lib/python3.10/site-packages/airflow/example_dags/example_trigger_controller_dag.py
[2024-08-26T18:13:10.786-0700] {processor.py:914} INFO - Processing file /home/jerson/airflow_venv/lib/python3.10/site-packages/airflow/example_dags/example_trigger_controller_dag.py for tasks to queue
[2024-08-26T18:13:10.787-0700] {logging_mixin.py:190} INFO - [2024-08-26T18:13:10.787-0700] {dagbag.py:587} INFO - Filling up the DagBag from /home/jerson/airflow_venv/lib/python3.10/site-packages/airflow/example_dags/example_trigger_controller_dag.py
[2024-08-26T18:13:10.792-0700] {processor.py:925} INFO - DAG(s) 'example_trigger_controller_dag' retrieved from /home/jerson/airflow_venv/lib/python3.10/site-packages/airflow/example_dags/example_trigger_controller_dag.py
[2024-08-26T18:13:10.801-0700] {logging_mixin.py:190} INFO - [2024-08-26T18:13:10.800-0700] {dag.py:3211} INFO - Sync 1 DAGs
[2024-08-26T18:13:10.813-0700] {logging_mixin.py:190} INFO - [2024-08-26T18:13:10.813-0700] {dag.py:4138} INFO - Setting next_dagrun for example_trigger_controller_dag to 2021-01-01 00:00:00+00:00, run_after=2021-01-01 00:00:00+00:00
[2024-08-26T18:13:10.829-0700] {processor.py:208} INFO - Processing /home/jerson/airflow_venv/lib/python3.10/site-packages/airflow/example_dags/example_trigger_controller_dag.py took 0.047 seconds
[2024-08-26T18:13:55.923-0700] {processor.py:186} INFO - Started process (PID=54182) to work on /home/jerson/airflow_venv/lib/python3.10/site-packages/airflow/example_dags/example_trigger_controller_dag.py
[2024-08-26T18:13:55.924-0700] {processor.py:914} INFO - Processing file /home/jerson/airflow_venv/lib/python3.10/site-packages/airflow/example_dags/example_trigger_controller_dag.py for tasks to queue
[2024-08-26T18:13:55.925-0700] {logging_mixin.py:190} INFO - [2024-08-26T18:13:55.925-0700] {dagbag.py:587} INFO - Filling up the DagBag from /home/jerson/airflow_venv/lib/python3.10/site-packages/airflow/example_dags/example_trigger_controller_dag.py
[2024-08-26T18:13:55.929-0700] {processor.py:925} INFO - DAG(s) 'example_trigger_controller_dag' retrieved from /home/jerson/airflow_venv/lib/python3.10/site-packages/airflow/example_dags/example_trigger_controller_dag.py
[2024-08-26T18:13:55.938-0700] {logging_mixin.py:190} INFO - [2024-08-26T18:13:55.938-0700] {dag.py:3211} INFO - Sync 1 DAGs
[2024-08-26T18:13:55.949-0700] {logging_mixin.py:190} INFO - [2024-08-26T18:13:55.949-0700] {dag.py:4138} INFO - Setting next_dagrun for example_trigger_controller_dag to 2021-01-01 00:00:00+00:00, run_after=2021-01-01 00:00:00+00:00
[2024-08-26T18:13:55.965-0700] {processor.py:208} INFO - Processing /home/jerson/airflow_venv/lib/python3.10/site-packages/airflow/example_dags/example_trigger_controller_dag.py took 0.045 seconds
[2024-08-26T18:14:50.268-0700] {processor.py:186} INFO - Started process (PID=54834) to work on /home/jerson/airflow_venv/lib/python3.10/site-packages/airflow/example_dags/example_trigger_controller_dag.py
[2024-08-26T18:14:50.269-0700] {processor.py:914} INFO - Processing file /home/jerson/airflow_venv/lib/python3.10/site-packages/airflow/example_dags/example_trigger_controller_dag.py for tasks to queue
[2024-08-26T18:14:50.270-0700] {logging_mixin.py:190} INFO - [2024-08-26T18:14:50.270-0700] {dagbag.py:587} INFO - Filling up the DagBag from /home/jerson/airflow_venv/lib/python3.10/site-packages/airflow/example_dags/example_trigger_controller_dag.py
[2024-08-26T18:14:50.275-0700] {processor.py:925} INFO - DAG(s) 'example_trigger_controller_dag' retrieved from /home/jerson/airflow_venv/lib/python3.10/site-packages/airflow/example_dags/example_trigger_controller_dag.py
[2024-08-26T18:14:50.284-0700] {logging_mixin.py:190} INFO - [2024-08-26T18:14:50.284-0700] {dag.py:3211} INFO - Sync 1 DAGs
[2024-08-26T18:14:50.295-0700] {logging_mixin.py:190} INFO - [2024-08-26T18:14:50.295-0700] {dag.py:4138} INFO - Setting next_dagrun for example_trigger_controller_dag to 2021-01-01 00:00:00+00:00, run_after=2021-01-01 00:00:00+00:00
[2024-08-26T18:14:50.311-0700] {processor.py:208} INFO - Processing /home/jerson/airflow_venv/lib/python3.10/site-packages/airflow/example_dags/example_trigger_controller_dag.py took 0.047 seconds
[2024-08-26T18:15:44.041-0700] {processor.py:186} INFO - Started process (PID=55420) to work on /home/jerson/airflow_venv/lib/python3.10/site-packages/airflow/example_dags/example_trigger_controller_dag.py
[2024-08-26T18:15:44.041-0700] {processor.py:914} INFO - Processing file /home/jerson/airflow_venv/lib/python3.10/site-packages/airflow/example_dags/example_trigger_controller_dag.py for tasks to queue
[2024-08-26T18:15:44.042-0700] {logging_mixin.py:190} INFO - [2024-08-26T18:15:44.042-0700] {dagbag.py:587} INFO - Filling up the DagBag from /home/jerson/airflow_venv/lib/python3.10/site-packages/airflow/example_dags/example_trigger_controller_dag.py
[2024-08-26T18:15:44.046-0700] {processor.py:925} INFO - DAG(s) 'example_trigger_controller_dag' retrieved from /home/jerson/airflow_venv/lib/python3.10/site-packages/airflow/example_dags/example_trigger_controller_dag.py
[2024-08-26T18:15:44.055-0700] {logging_mixin.py:190} INFO - [2024-08-26T18:15:44.055-0700] {dag.py:3211} INFO - Sync 1 DAGs
[2024-08-26T18:15:44.065-0700] {logging_mixin.py:190} INFO - [2024-08-26T18:15:44.065-0700] {dag.py:4138} INFO - Setting next_dagrun for example_trigger_controller_dag to 2021-01-01 00:00:00+00:00, run_after=2021-01-01 00:00:00+00:00
[2024-08-26T18:15:44.081-0700] {processor.py:208} INFO - Processing /home/jerson/airflow_venv/lib/python3.10/site-packages/airflow/example_dags/example_trigger_controller_dag.py took 0.044 seconds
[2024-08-26T18:16:33.096-0700] {processor.py:186} INFO - Started process (PID=55841) to work on /home/jerson/airflow_venv/lib/python3.10/site-packages/airflow/example_dags/example_trigger_controller_dag.py
[2024-08-26T18:16:33.097-0700] {processor.py:914} INFO - Processing file /home/jerson/airflow_venv/lib/python3.10/site-packages/airflow/example_dags/example_trigger_controller_dag.py for tasks to queue
[2024-08-26T18:16:33.098-0700] {logging_mixin.py:190} INFO - [2024-08-26T18:16:33.098-0700] {dagbag.py:587} INFO - Filling up the DagBag from /home/jerson/airflow_venv/lib/python3.10/site-packages/airflow/example_dags/example_trigger_controller_dag.py
[2024-08-26T18:16:33.102-0700] {processor.py:925} INFO - DAG(s) 'example_trigger_controller_dag' retrieved from /home/jerson/airflow_venv/lib/python3.10/site-packages/airflow/example_dags/example_trigger_controller_dag.py
[2024-08-26T18:16:33.110-0700] {logging_mixin.py:190} INFO - [2024-08-26T18:16:33.110-0700] {dag.py:3211} INFO - Sync 1 DAGs
[2024-08-26T18:16:33.121-0700] {logging_mixin.py:190} INFO - [2024-08-26T18:16:33.121-0700] {dag.py:4138} INFO - Setting next_dagrun for example_trigger_controller_dag to 2021-01-01 00:00:00+00:00, run_after=2021-01-01 00:00:00+00:00
[2024-08-26T18:16:33.139-0700] {processor.py:208} INFO - Processing /home/jerson/airflow_venv/lib/python3.10/site-packages/airflow/example_dags/example_trigger_controller_dag.py took 0.046 seconds
[2024-08-26T18:17:19.353-0700] {processor.py:186} INFO - Started process (PID=56247) to work on /home/jerson/airflow_venv/lib/python3.10/site-packages/airflow/example_dags/example_trigger_controller_dag.py
[2024-08-26T18:17:19.354-0700] {processor.py:914} INFO - Processing file /home/jerson/airflow_venv/lib/python3.10/site-packages/airflow/example_dags/example_trigger_controller_dag.py for tasks to queue
[2024-08-26T18:17:19.354-0700] {logging_mixin.py:190} INFO - [2024-08-26T18:17:19.354-0700] {dagbag.py:587} INFO - Filling up the DagBag from /home/jerson/airflow_venv/lib/python3.10/site-packages/airflow/example_dags/example_trigger_controller_dag.py
[2024-08-26T18:17:19.358-0700] {processor.py:925} INFO - DAG(s) 'example_trigger_controller_dag' retrieved from /home/jerson/airflow_venv/lib/python3.10/site-packages/airflow/example_dags/example_trigger_controller_dag.py
[2024-08-26T18:17:19.367-0700] {logging_mixin.py:190} INFO - [2024-08-26T18:17:19.367-0700] {dag.py:3211} INFO - Sync 1 DAGs
[2024-08-26T18:17:19.378-0700] {logging_mixin.py:190} INFO - [2024-08-26T18:17:19.378-0700] {dag.py:4138} INFO - Setting next_dagrun for example_trigger_controller_dag to 2021-01-01 00:00:00+00:00, run_after=2021-01-01 00:00:00+00:00
[2024-08-26T18:17:19.394-0700] {processor.py:208} INFO - Processing /home/jerson/airflow_venv/lib/python3.10/site-packages/airflow/example_dags/example_trigger_controller_dag.py took 0.045 seconds
[2024-08-26T18:18:09.257-0700] {processor.py:186} INFO - Started process (PID=56713) to work on /home/jerson/airflow_venv/lib/python3.10/site-packages/airflow/example_dags/example_trigger_controller_dag.py
[2024-08-26T18:18:09.258-0700] {processor.py:914} INFO - Processing file /home/jerson/airflow_venv/lib/python3.10/site-packages/airflow/example_dags/example_trigger_controller_dag.py for tasks to queue
[2024-08-26T18:18:09.259-0700] {logging_mixin.py:190} INFO - [2024-08-26T18:18:09.258-0700] {dagbag.py:587} INFO - Filling up the DagBag from /home/jerson/airflow_venv/lib/python3.10/site-packages/airflow/example_dags/example_trigger_controller_dag.py
[2024-08-26T18:18:09.263-0700] {processor.py:925} INFO - DAG(s) 'example_trigger_controller_dag' retrieved from /home/jerson/airflow_venv/lib/python3.10/site-packages/airflow/example_dags/example_trigger_controller_dag.py
[2024-08-26T18:18:09.272-0700] {logging_mixin.py:190} INFO - [2024-08-26T18:18:09.271-0700] {dag.py:3211} INFO - Sync 1 DAGs
[2024-08-26T18:18:09.283-0700] {logging_mixin.py:190} INFO - [2024-08-26T18:18:09.282-0700] {dag.py:4138} INFO - Setting next_dagrun for example_trigger_controller_dag to 2021-01-01 00:00:00+00:00, run_after=2021-01-01 00:00:00+00:00
[2024-08-26T18:18:09.299-0700] {processor.py:208} INFO - Processing /home/jerson/airflow_venv/lib/python3.10/site-packages/airflow/example_dags/example_trigger_controller_dag.py took 0.045 seconds
[2024-08-26T18:19:00.544-0700] {processor.py:186} INFO - Started process (PID=57218) to work on /home/jerson/airflow_venv/lib/python3.10/site-packages/airflow/example_dags/example_trigger_controller_dag.py
[2024-08-26T18:19:00.545-0700] {processor.py:914} INFO - Processing file /home/jerson/airflow_venv/lib/python3.10/site-packages/airflow/example_dags/example_trigger_controller_dag.py for tasks to queue
[2024-08-26T18:19:00.545-0700] {logging_mixin.py:190} INFO - [2024-08-26T18:19:00.545-0700] {dagbag.py:587} INFO - Filling up the DagBag from /home/jerson/airflow_venv/lib/python3.10/site-packages/airflow/example_dags/example_trigger_controller_dag.py
[2024-08-26T18:19:00.550-0700] {processor.py:925} INFO - DAG(s) 'example_trigger_controller_dag' retrieved from /home/jerson/airflow_venv/lib/python3.10/site-packages/airflow/example_dags/example_trigger_controller_dag.py
[2024-08-26T18:19:00.559-0700] {logging_mixin.py:190} INFO - [2024-08-26T18:19:00.558-0700] {dag.py:3211} INFO - Sync 1 DAGs
[2024-08-26T18:19:00.572-0700] {logging_mixin.py:190} INFO - [2024-08-26T18:19:00.572-0700] {dag.py:4138} INFO - Setting next_dagrun for example_trigger_controller_dag to 2021-01-01 00:00:00+00:00, run_after=2021-01-01 00:00:00+00:00
[2024-08-26T18:19:00.588-0700] {processor.py:208} INFO - Processing /home/jerson/airflow_venv/lib/python3.10/site-packages/airflow/example_dags/example_trigger_controller_dag.py took 0.048 seconds
[2024-08-26T18:19:48.131-0700] {processor.py:186} INFO - Started process (PID=57662) to work on /home/jerson/airflow_venv/lib/python3.10/site-packages/airflow/example_dags/example_trigger_controller_dag.py
[2024-08-26T18:19:48.132-0700] {processor.py:914} INFO - Processing file /home/jerson/airflow_venv/lib/python3.10/site-packages/airflow/example_dags/example_trigger_controller_dag.py for tasks to queue
[2024-08-26T18:19:48.133-0700] {logging_mixin.py:190} INFO - [2024-08-26T18:19:48.133-0700] {dagbag.py:587} INFO - Filling up the DagBag from /home/jerson/airflow_venv/lib/python3.10/site-packages/airflow/example_dags/example_trigger_controller_dag.py
[2024-08-26T18:19:48.137-0700] {processor.py:925} INFO - DAG(s) 'example_trigger_controller_dag' retrieved from /home/jerson/airflow_venv/lib/python3.10/site-packages/airflow/example_dags/example_trigger_controller_dag.py
[2024-08-26T18:19:48.145-0700] {logging_mixin.py:190} INFO - [2024-08-26T18:19:48.145-0700] {dag.py:3211} INFO - Sync 1 DAGs
[2024-08-26T18:19:48.156-0700] {logging_mixin.py:190} INFO - [2024-08-26T18:19:48.155-0700] {dag.py:4138} INFO - Setting next_dagrun for example_trigger_controller_dag to 2021-01-01 00:00:00+00:00, run_after=2021-01-01 00:00:00+00:00
[2024-08-26T18:19:48.171-0700] {processor.py:208} INFO - Processing /home/jerson/airflow_venv/lib/python3.10/site-packages/airflow/example_dags/example_trigger_controller_dag.py took 0.043 seconds
[2024-08-26T18:20:37.735-0700] {processor.py:186} INFO - Started process (PID=58176) to work on /home/jerson/airflow_venv/lib/python3.10/site-packages/airflow/example_dags/example_trigger_controller_dag.py
[2024-08-26T18:20:37.736-0700] {processor.py:914} INFO - Processing file /home/jerson/airflow_venv/lib/python3.10/site-packages/airflow/example_dags/example_trigger_controller_dag.py for tasks to queue
[2024-08-26T18:20:37.737-0700] {logging_mixin.py:190} INFO - [2024-08-26T18:20:37.737-0700] {dagbag.py:587} INFO - Filling up the DagBag from /home/jerson/airflow_venv/lib/python3.10/site-packages/airflow/example_dags/example_trigger_controller_dag.py
[2024-08-26T18:20:37.742-0700] {processor.py:925} INFO - DAG(s) 'example_trigger_controller_dag' retrieved from /home/jerson/airflow_venv/lib/python3.10/site-packages/airflow/example_dags/example_trigger_controller_dag.py
[2024-08-26T18:20:37.751-0700] {logging_mixin.py:190} INFO - [2024-08-26T18:20:37.751-0700] {dag.py:3211} INFO - Sync 1 DAGs
[2024-08-26T18:20:37.763-0700] {logging_mixin.py:190} INFO - [2024-08-26T18:20:37.763-0700] {dag.py:4138} INFO - Setting next_dagrun for example_trigger_controller_dag to 2021-01-01 00:00:00+00:00, run_after=2021-01-01 00:00:00+00:00
[2024-08-26T18:20:37.779-0700] {processor.py:208} INFO - Processing /home/jerson/airflow_venv/lib/python3.10/site-packages/airflow/example_dags/example_trigger_controller_dag.py took 0.047 seconds
[2024-08-26T18:21:32.346-0700] {processor.py:186} INFO - Started process (PID=58959) to work on /home/jerson/airflow_venv/lib/python3.10/site-packages/airflow/example_dags/example_trigger_controller_dag.py
[2024-08-26T18:21:32.347-0700] {processor.py:914} INFO - Processing file /home/jerson/airflow_venv/lib/python3.10/site-packages/airflow/example_dags/example_trigger_controller_dag.py for tasks to queue
[2024-08-26T18:21:32.348-0700] {logging_mixin.py:190} INFO - [2024-08-26T18:21:32.347-0700] {dagbag.py:587} INFO - Filling up the DagBag from /home/jerson/airflow_venv/lib/python3.10/site-packages/airflow/example_dags/example_trigger_controller_dag.py
[2024-08-26T18:21:32.352-0700] {processor.py:925} INFO - DAG(s) 'example_trigger_controller_dag' retrieved from /home/jerson/airflow_venv/lib/python3.10/site-packages/airflow/example_dags/example_trigger_controller_dag.py
[2024-08-26T18:21:32.361-0700] {logging_mixin.py:190} INFO - [2024-08-26T18:21:32.360-0700] {dag.py:3211} INFO - Sync 1 DAGs
[2024-08-26T18:21:32.372-0700] {logging_mixin.py:190} INFO - [2024-08-26T18:21:32.371-0700] {dag.py:4138} INFO - Setting next_dagrun for example_trigger_controller_dag to 2021-01-01 00:00:00+00:00, run_after=2021-01-01 00:00:00+00:00
[2024-08-26T18:21:32.387-0700] {processor.py:208} INFO - Processing /home/jerson/airflow_venv/lib/python3.10/site-packages/airflow/example_dags/example_trigger_controller_dag.py took 0.045 seconds
[2024-08-26T18:22:23.750-0700] {processor.py:186} INFO - Started process (PID=59481) to work on /home/jerson/airflow_venv/lib/python3.10/site-packages/airflow/example_dags/example_trigger_controller_dag.py
[2024-08-26T18:22:23.750-0700] {processor.py:914} INFO - Processing file /home/jerson/airflow_venv/lib/python3.10/site-packages/airflow/example_dags/example_trigger_controller_dag.py for tasks to queue
[2024-08-26T18:22:23.751-0700] {logging_mixin.py:190} INFO - [2024-08-26T18:22:23.751-0700] {dagbag.py:587} INFO - Filling up the DagBag from /home/jerson/airflow_venv/lib/python3.10/site-packages/airflow/example_dags/example_trigger_controller_dag.py
[2024-08-26T18:22:23.755-0700] {processor.py:925} INFO - DAG(s) 'example_trigger_controller_dag' retrieved from /home/jerson/airflow_venv/lib/python3.10/site-packages/airflow/example_dags/example_trigger_controller_dag.py
[2024-08-26T18:22:23.764-0700] {logging_mixin.py:190} INFO - [2024-08-26T18:22:23.764-0700] {dag.py:3211} INFO - Sync 1 DAGs
[2024-08-26T18:22:23.775-0700] {logging_mixin.py:190} INFO - [2024-08-26T18:22:23.775-0700] {dag.py:4138} INFO - Setting next_dagrun for example_trigger_controller_dag to 2021-01-01 00:00:00+00:00, run_after=2021-01-01 00:00:00+00:00
[2024-08-26T18:22:23.791-0700] {processor.py:208} INFO - Processing /home/jerson/airflow_venv/lib/python3.10/site-packages/airflow/example_dags/example_trigger_controller_dag.py took 0.045 seconds
[2024-08-26T18:23:13.469-0700] {processor.py:186} INFO - Started process (PID=60117) to work on /home/jerson/airflow_venv/lib/python3.10/site-packages/airflow/example_dags/example_trigger_controller_dag.py
[2024-08-26T18:23:13.470-0700] {processor.py:914} INFO - Processing file /home/jerson/airflow_venv/lib/python3.10/site-packages/airflow/example_dags/example_trigger_controller_dag.py for tasks to queue
[2024-08-26T18:23:13.471-0700] {logging_mixin.py:190} INFO - [2024-08-26T18:23:13.471-0700] {dagbag.py:587} INFO - Filling up the DagBag from /home/jerson/airflow_venv/lib/python3.10/site-packages/airflow/example_dags/example_trigger_controller_dag.py
[2024-08-26T18:23:13.475-0700] {processor.py:925} INFO - DAG(s) 'example_trigger_controller_dag' retrieved from /home/jerson/airflow_venv/lib/python3.10/site-packages/airflow/example_dags/example_trigger_controller_dag.py
[2024-08-26T18:23:13.484-0700] {logging_mixin.py:190} INFO - [2024-08-26T18:23:13.484-0700] {dag.py:3211} INFO - Sync 1 DAGs
[2024-08-26T18:23:13.496-0700] {logging_mixin.py:190} INFO - [2024-08-26T18:23:13.495-0700] {dag.py:4138} INFO - Setting next_dagrun for example_trigger_controller_dag to 2021-01-01 00:00:00+00:00, run_after=2021-01-01 00:00:00+00:00
[2024-08-26T18:23:13.512-0700] {processor.py:208} INFO - Processing /home/jerson/airflow_venv/lib/python3.10/site-packages/airflow/example_dags/example_trigger_controller_dag.py took 0.046 seconds
[2024-08-26T18:24:01.283-0700] {processor.py:186} INFO - Started process (PID=60522) to work on /home/jerson/airflow_venv/lib/python3.10/site-packages/airflow/example_dags/example_trigger_controller_dag.py
[2024-08-26T18:24:01.284-0700] {processor.py:914} INFO - Processing file /home/jerson/airflow_venv/lib/python3.10/site-packages/airflow/example_dags/example_trigger_controller_dag.py for tasks to queue
[2024-08-26T18:24:01.285-0700] {logging_mixin.py:190} INFO - [2024-08-26T18:24:01.285-0700] {dagbag.py:587} INFO - Filling up the DagBag from /home/jerson/airflow_venv/lib/python3.10/site-packages/airflow/example_dags/example_trigger_controller_dag.py
[2024-08-26T18:24:01.291-0700] {processor.py:925} INFO - DAG(s) 'example_trigger_controller_dag' retrieved from /home/jerson/airflow_venv/lib/python3.10/site-packages/airflow/example_dags/example_trigger_controller_dag.py
[2024-08-26T18:24:01.300-0700] {logging_mixin.py:190} INFO - [2024-08-26T18:24:01.300-0700] {dag.py:3211} INFO - Sync 1 DAGs
[2024-08-26T18:24:01.312-0700] {logging_mixin.py:190} INFO - [2024-08-26T18:24:01.312-0700] {dag.py:4138} INFO - Setting next_dagrun for example_trigger_controller_dag to 2021-01-01 00:00:00+00:00, run_after=2021-01-01 00:00:00+00:00
[2024-08-26T18:24:01.326-0700] {processor.py:208} INFO - Processing /home/jerson/airflow_venv/lib/python3.10/site-packages/airflow/example_dags/example_trigger_controller_dag.py took 0.046 seconds
[2024-08-26T18:24:53.735-0700] {processor.py:186} INFO - Started process (PID=60936) to work on /home/jerson/airflow_venv/lib/python3.10/site-packages/airflow/example_dags/example_trigger_controller_dag.py
[2024-08-26T18:24:53.736-0700] {processor.py:914} INFO - Processing file /home/jerson/airflow_venv/lib/python3.10/site-packages/airflow/example_dags/example_trigger_controller_dag.py for tasks to queue
[2024-08-26T18:24:53.736-0700] {logging_mixin.py:190} INFO - [2024-08-26T18:24:53.736-0700] {dagbag.py:587} INFO - Filling up the DagBag from /home/jerson/airflow_venv/lib/python3.10/site-packages/airflow/example_dags/example_trigger_controller_dag.py
[2024-08-26T18:24:53.740-0700] {processor.py:925} INFO - DAG(s) 'example_trigger_controller_dag' retrieved from /home/jerson/airflow_venv/lib/python3.10/site-packages/airflow/example_dags/example_trigger_controller_dag.py
[2024-08-26T18:24:53.749-0700] {logging_mixin.py:190} INFO - [2024-08-26T18:24:53.749-0700] {dag.py:3211} INFO - Sync 1 DAGs
[2024-08-26T18:24:53.759-0700] {logging_mixin.py:190} INFO - [2024-08-26T18:24:53.759-0700] {dag.py:4138} INFO - Setting next_dagrun for example_trigger_controller_dag to 2021-01-01 00:00:00+00:00, run_after=2021-01-01 00:00:00+00:00
[2024-08-26T18:24:53.775-0700] {processor.py:208} INFO - Processing /home/jerson/airflow_venv/lib/python3.10/site-packages/airflow/example_dags/example_trigger_controller_dag.py took 0.044 seconds
[2024-08-26T18:25:45.921-0700] {processor.py:186} INFO - Started process (PID=61566) to work on /home/jerson/airflow_venv/lib/python3.10/site-packages/airflow/example_dags/example_trigger_controller_dag.py
[2024-08-26T18:25:45.922-0700] {processor.py:914} INFO - Processing file /home/jerson/airflow_venv/lib/python3.10/site-packages/airflow/example_dags/example_trigger_controller_dag.py for tasks to queue
[2024-08-26T18:25:45.923-0700] {logging_mixin.py:190} INFO - [2024-08-26T18:25:45.922-0700] {dagbag.py:587} INFO - Filling up the DagBag from /home/jerson/airflow_venv/lib/python3.10/site-packages/airflow/example_dags/example_trigger_controller_dag.py
[2024-08-26T18:25:45.927-0700] {processor.py:925} INFO - DAG(s) 'example_trigger_controller_dag' retrieved from /home/jerson/airflow_venv/lib/python3.10/site-packages/airflow/example_dags/example_trigger_controller_dag.py
[2024-08-26T18:25:45.936-0700] {logging_mixin.py:190} INFO - [2024-08-26T18:25:45.936-0700] {dag.py:3211} INFO - Sync 1 DAGs
[2024-08-26T18:25:45.947-0700] {logging_mixin.py:190} INFO - [2024-08-26T18:25:45.947-0700] {dag.py:4138} INFO - Setting next_dagrun for example_trigger_controller_dag to 2021-01-01 00:00:00+00:00, run_after=2021-01-01 00:00:00+00:00
[2024-08-26T18:25:45.961-0700] {processor.py:208} INFO - Processing /home/jerson/airflow_venv/lib/python3.10/site-packages/airflow/example_dags/example_trigger_controller_dag.py took 0.043 seconds
[2024-08-26T18:26:33.542-0700] {processor.py:186} INFO - Started process (PID=62202) to work on /home/jerson/airflow_venv/lib/python3.10/site-packages/airflow/example_dags/example_trigger_controller_dag.py
[2024-08-26T18:26:33.543-0700] {processor.py:914} INFO - Processing file /home/jerson/airflow_venv/lib/python3.10/site-packages/airflow/example_dags/example_trigger_controller_dag.py for tasks to queue
[2024-08-26T18:26:33.544-0700] {logging_mixin.py:190} INFO - [2024-08-26T18:26:33.544-0700] {dagbag.py:587} INFO - Filling up the DagBag from /home/jerson/airflow_venv/lib/python3.10/site-packages/airflow/example_dags/example_trigger_controller_dag.py
[2024-08-26T18:26:33.548-0700] {processor.py:925} INFO - DAG(s) 'example_trigger_controller_dag' retrieved from /home/jerson/airflow_venv/lib/python3.10/site-packages/airflow/example_dags/example_trigger_controller_dag.py
[2024-08-26T18:26:33.557-0700] {logging_mixin.py:190} INFO - [2024-08-26T18:26:33.556-0700] {dag.py:3211} INFO - Sync 1 DAGs
[2024-08-26T18:26:33.567-0700] {logging_mixin.py:190} INFO - [2024-08-26T18:26:33.567-0700] {dag.py:4138} INFO - Setting next_dagrun for example_trigger_controller_dag to 2021-01-01 00:00:00+00:00, run_after=2021-01-01 00:00:00+00:00
[2024-08-26T18:26:33.581-0700] {processor.py:208} INFO - Processing /home/jerson/airflow_venv/lib/python3.10/site-packages/airflow/example_dags/example_trigger_controller_dag.py took 0.042 seconds
[2024-08-26T18:27:24.178-0700] {processor.py:186} INFO - Started process (PID=62609) to work on /home/jerson/airflow_venv/lib/python3.10/site-packages/airflow/example_dags/example_trigger_controller_dag.py
[2024-08-26T18:27:24.179-0700] {processor.py:914} INFO - Processing file /home/jerson/airflow_venv/lib/python3.10/site-packages/airflow/example_dags/example_trigger_controller_dag.py for tasks to queue
[2024-08-26T18:27:24.180-0700] {logging_mixin.py:190} INFO - [2024-08-26T18:27:24.179-0700] {dagbag.py:587} INFO - Filling up the DagBag from /home/jerson/airflow_venv/lib/python3.10/site-packages/airflow/example_dags/example_trigger_controller_dag.py
[2024-08-26T18:27:24.184-0700] {processor.py:925} INFO - DAG(s) 'example_trigger_controller_dag' retrieved from /home/jerson/airflow_venv/lib/python3.10/site-packages/airflow/example_dags/example_trigger_controller_dag.py
[2024-08-26T18:27:24.192-0700] {logging_mixin.py:190} INFO - [2024-08-26T18:27:24.192-0700] {dag.py:3211} INFO - Sync 1 DAGs
[2024-08-26T18:27:24.203-0700] {logging_mixin.py:190} INFO - [2024-08-26T18:27:24.202-0700] {dag.py:4138} INFO - Setting next_dagrun for example_trigger_controller_dag to 2021-01-01 00:00:00+00:00, run_after=2021-01-01 00:00:00+00:00
[2024-08-26T18:27:24.219-0700] {processor.py:208} INFO - Processing /home/jerson/airflow_venv/lib/python3.10/site-packages/airflow/example_dags/example_trigger_controller_dag.py took 0.044 seconds
[2024-08-26T18:28:14.566-0700] {processor.py:186} INFO - Started process (PID=63008) to work on /home/jerson/airflow_venv/lib/python3.10/site-packages/airflow/example_dags/example_trigger_controller_dag.py
[2024-08-26T18:28:14.567-0700] {processor.py:914} INFO - Processing file /home/jerson/airflow_venv/lib/python3.10/site-packages/airflow/example_dags/example_trigger_controller_dag.py for tasks to queue
[2024-08-26T18:28:14.568-0700] {logging_mixin.py:190} INFO - [2024-08-26T18:28:14.568-0700] {dagbag.py:587} INFO - Filling up the DagBag from /home/jerson/airflow_venv/lib/python3.10/site-packages/airflow/example_dags/example_trigger_controller_dag.py
[2024-08-26T18:28:14.572-0700] {processor.py:925} INFO - DAG(s) 'example_trigger_controller_dag' retrieved from /home/jerson/airflow_venv/lib/python3.10/site-packages/airflow/example_dags/example_trigger_controller_dag.py
[2024-08-26T18:28:14.582-0700] {logging_mixin.py:190} INFO - [2024-08-26T18:28:14.582-0700] {dag.py:3211} INFO - Sync 1 DAGs
[2024-08-26T18:28:14.597-0700] {logging_mixin.py:190} INFO - [2024-08-26T18:28:14.596-0700] {dag.py:4138} INFO - Setting next_dagrun for example_trigger_controller_dag to 2021-01-01 00:00:00+00:00, run_after=2021-01-01 00:00:00+00:00
[2024-08-26T18:28:14.614-0700] {processor.py:208} INFO - Processing /home/jerson/airflow_venv/lib/python3.10/site-packages/airflow/example_dags/example_trigger_controller_dag.py took 0.051 seconds
[2024-08-26T18:29:05.510-0700] {processor.py:186} INFO - Started process (PID=63413) to work on /home/jerson/airflow_venv/lib/python3.10/site-packages/airflow/example_dags/example_trigger_controller_dag.py
[2024-08-26T18:29:05.511-0700] {processor.py:914} INFO - Processing file /home/jerson/airflow_venv/lib/python3.10/site-packages/airflow/example_dags/example_trigger_controller_dag.py for tasks to queue
[2024-08-26T18:29:05.512-0700] {logging_mixin.py:190} INFO - [2024-08-26T18:29:05.512-0700] {dagbag.py:587} INFO - Filling up the DagBag from /home/jerson/airflow_venv/lib/python3.10/site-packages/airflow/example_dags/example_trigger_controller_dag.py
[2024-08-26T18:29:05.516-0700] {processor.py:925} INFO - DAG(s) 'example_trigger_controller_dag' retrieved from /home/jerson/airflow_venv/lib/python3.10/site-packages/airflow/example_dags/example_trigger_controller_dag.py
[2024-08-26T18:29:05.525-0700] {logging_mixin.py:190} INFO - [2024-08-26T18:29:05.525-0700] {dag.py:3211} INFO - Sync 1 DAGs
[2024-08-26T18:29:05.536-0700] {logging_mixin.py:190} INFO - [2024-08-26T18:29:05.536-0700] {dag.py:4138} INFO - Setting next_dagrun for example_trigger_controller_dag to 2021-01-01 00:00:00+00:00, run_after=2021-01-01 00:00:00+00:00
[2024-08-26T18:29:05.551-0700] {processor.py:208} INFO - Processing /home/jerson/airflow_venv/lib/python3.10/site-packages/airflow/example_dags/example_trigger_controller_dag.py took 0.043 seconds
[2024-08-26T18:29:55.917-0700] {processor.py:186} INFO - Started process (PID=63817) to work on /home/jerson/airflow_venv/lib/python3.10/site-packages/airflow/example_dags/example_trigger_controller_dag.py
[2024-08-26T18:29:55.918-0700] {processor.py:914} INFO - Processing file /home/jerson/airflow_venv/lib/python3.10/site-packages/airflow/example_dags/example_trigger_controller_dag.py for tasks to queue
[2024-08-26T18:29:55.918-0700] {logging_mixin.py:190} INFO - [2024-08-26T18:29:55.918-0700] {dagbag.py:587} INFO - Filling up the DagBag from /home/jerson/airflow_venv/lib/python3.10/site-packages/airflow/example_dags/example_trigger_controller_dag.py
[2024-08-26T18:29:55.922-0700] {processor.py:925} INFO - DAG(s) 'example_trigger_controller_dag' retrieved from /home/jerson/airflow_venv/lib/python3.10/site-packages/airflow/example_dags/example_trigger_controller_dag.py
[2024-08-26T18:29:55.931-0700] {logging_mixin.py:190} INFO - [2024-08-26T18:29:55.931-0700] {dag.py:3211} INFO - Sync 1 DAGs
[2024-08-26T18:29:55.942-0700] {logging_mixin.py:190} INFO - [2024-08-26T18:29:55.941-0700] {dag.py:4138} INFO - Setting next_dagrun for example_trigger_controller_dag to 2021-01-01 00:00:00+00:00, run_after=2021-01-01 00:00:00+00:00
[2024-08-26T18:29:55.957-0700] {processor.py:208} INFO - Processing /home/jerson/airflow_venv/lib/python3.10/site-packages/airflow/example_dags/example_trigger_controller_dag.py took 0.044 seconds
[2024-08-26T18:30:49.729-0700] {processor.py:186} INFO - Started process (PID=64271) to work on /home/jerson/airflow_venv/lib/python3.10/site-packages/airflow/example_dags/example_trigger_controller_dag.py
[2024-08-26T18:30:49.730-0700] {processor.py:914} INFO - Processing file /home/jerson/airflow_venv/lib/python3.10/site-packages/airflow/example_dags/example_trigger_controller_dag.py for tasks to queue
[2024-08-26T18:30:49.731-0700] {logging_mixin.py:190} INFO - [2024-08-26T18:30:49.731-0700] {dagbag.py:587} INFO - Filling up the DagBag from /home/jerson/airflow_venv/lib/python3.10/site-packages/airflow/example_dags/example_trigger_controller_dag.py
[2024-08-26T18:30:49.735-0700] {processor.py:925} INFO - DAG(s) 'example_trigger_controller_dag' retrieved from /home/jerson/airflow_venv/lib/python3.10/site-packages/airflow/example_dags/example_trigger_controller_dag.py
[2024-08-26T18:30:49.744-0700] {logging_mixin.py:190} INFO - [2024-08-26T18:30:49.744-0700] {dag.py:3211} INFO - Sync 1 DAGs
[2024-08-26T18:30:49.756-0700] {logging_mixin.py:190} INFO - [2024-08-26T18:30:49.756-0700] {dag.py:4138} INFO - Setting next_dagrun for example_trigger_controller_dag to 2021-01-01 00:00:00+00:00, run_after=2021-01-01 00:00:00+00:00
[2024-08-26T18:30:49.772-0700] {processor.py:208} INFO - Processing /home/jerson/airflow_venv/lib/python3.10/site-packages/airflow/example_dags/example_trigger_controller_dag.py took 0.046 seconds
