[2024-08-26T17:37:27.532-0700] {processor.py:186} INFO - Started process (PID=32847) to work on /home/jerson/airflow_venv/lib/python3.10/site-packages/airflow/example_dags/example_python_operator.py
[2024-08-26T17:37:27.533-0700] {processor.py:914} INFO - Processing file /home/jerson/airflow_venv/lib/python3.10/site-packages/airflow/example_dags/example_python_operator.py for tasks to queue
[2024-08-26T17:37:27.534-0700] {logging_mixin.py:190} INFO - [2024-08-26T17:37:27.534-0700] {dagbag.py:587} INFO - Filling up the DagBag from /home/jerson/airflow_venv/lib/python3.10/site-packages/airflow/example_dags/example_python_operator.py
[2024-08-26T17:37:27.554-0700] {logging_mixin.py:190} INFO - [2024-08-26T17:37:27.554-0700] {example_python_operator.py:93} WARNING - The virtalenv_python example task requires virtualenv, please install it.
[2024-08-26T17:37:27.555-0700] {processor.py:925} INFO - DAG(s) 'example_python_operator' retrieved from /home/jerson/airflow_venv/lib/python3.10/site-packages/airflow/example_dags/example_python_operator.py
[2024-08-26T17:37:27.565-0700] {logging_mixin.py:190} INFO - [2024-08-26T17:37:27.565-0700] {dag.py:3211} INFO - Sync 1 DAGs
[2024-08-26T17:37:27.572-0700] {logging_mixin.py:190} INFO - [2024-08-26T17:37:27.572-0700] {dag.py:4138} INFO - Setting next_dagrun for example_python_operator to None, run_after=None
[2024-08-26T17:37:27.587-0700] {processor.py:208} INFO - Processing /home/jerson/airflow_venv/lib/python3.10/site-packages/airflow/example_dags/example_python_operator.py took 0.058 seconds
[2024-08-26T17:38:22.054-0700] {processor.py:186} INFO - Started process (PID=33282) to work on /home/jerson/airflow_venv/lib/python3.10/site-packages/airflow/example_dags/example_python_operator.py
[2024-08-26T17:38:22.055-0700] {processor.py:914} INFO - Processing file /home/jerson/airflow_venv/lib/python3.10/site-packages/airflow/example_dags/example_python_operator.py for tasks to queue
[2024-08-26T17:38:22.056-0700] {logging_mixin.py:190} INFO - [2024-08-26T17:38:22.056-0700] {dagbag.py:587} INFO - Filling up the DagBag from /home/jerson/airflow_venv/lib/python3.10/site-packages/airflow/example_dags/example_python_operator.py
[2024-08-26T17:38:22.078-0700] {logging_mixin.py:190} INFO - [2024-08-26T17:38:22.078-0700] {example_python_operator.py:93} WARNING - The virtalenv_python example task requires virtualenv, please install it.
[2024-08-26T17:38:22.079-0700] {processor.py:925} INFO - DAG(s) 'example_python_operator' retrieved from /home/jerson/airflow_venv/lib/python3.10/site-packages/airflow/example_dags/example_python_operator.py
[2024-08-26T17:38:22.089-0700] {logging_mixin.py:190} INFO - [2024-08-26T17:38:22.089-0700] {dag.py:3211} INFO - Sync 1 DAGs
[2024-08-26T17:38:22.096-0700] {logging_mixin.py:190} INFO - [2024-08-26T17:38:22.096-0700] {dag.py:4138} INFO - Setting next_dagrun for example_python_operator to None, run_after=None
[2024-08-26T17:38:22.113-0700] {processor.py:208} INFO - Processing /home/jerson/airflow_venv/lib/python3.10/site-packages/airflow/example_dags/example_python_operator.py took 0.062 seconds
[2024-08-26T17:39:32.438-0700] {processor.py:186} INFO - Started process (PID=33873) to work on /home/jerson/airflow_venv/lib/python3.10/site-packages/airflow/example_dags/example_python_operator.py
[2024-08-26T17:39:32.439-0700] {processor.py:914} INFO - Processing file /home/jerson/airflow_venv/lib/python3.10/site-packages/airflow/example_dags/example_python_operator.py for tasks to queue
[2024-08-26T17:39:32.440-0700] {logging_mixin.py:190} INFO - [2024-08-26T17:39:32.440-0700] {dagbag.py:587} INFO - Filling up the DagBag from /home/jerson/airflow_venv/lib/python3.10/site-packages/airflow/example_dags/example_python_operator.py
[2024-08-26T17:39:32.463-0700] {logging_mixin.py:190} INFO - [2024-08-26T17:39:32.463-0700] {example_python_operator.py:93} WARNING - The virtalenv_python example task requires virtualenv, please install it.
[2024-08-26T17:39:32.464-0700] {processor.py:925} INFO - DAG(s) 'example_python_operator' retrieved from /home/jerson/airflow_venv/lib/python3.10/site-packages/airflow/example_dags/example_python_operator.py
[2024-08-26T17:39:32.474-0700] {logging_mixin.py:190} INFO - [2024-08-26T17:39:32.474-0700] {dag.py:3211} INFO - Sync 1 DAGs
[2024-08-26T17:39:32.480-0700] {logging_mixin.py:190} INFO - [2024-08-26T17:39:32.480-0700] {dag.py:4138} INFO - Setting next_dagrun for example_python_operator to None, run_after=None
[2024-08-26T17:39:32.495-0700] {processor.py:208} INFO - Processing /home/jerson/airflow_venv/lib/python3.10/site-packages/airflow/example_dags/example_python_operator.py took 0.060 seconds
[2024-08-26T17:40:48.580-0700] {processor.py:186} INFO - Started process (PID=34481) to work on /home/jerson/airflow_venv/lib/python3.10/site-packages/airflow/example_dags/example_python_operator.py
[2024-08-26T17:40:48.581-0700] {processor.py:914} INFO - Processing file /home/jerson/airflow_venv/lib/python3.10/site-packages/airflow/example_dags/example_python_operator.py for tasks to queue
[2024-08-26T17:40:48.582-0700] {logging_mixin.py:190} INFO - [2024-08-26T17:40:48.582-0700] {dagbag.py:587} INFO - Filling up the DagBag from /home/jerson/airflow_venv/lib/python3.10/site-packages/airflow/example_dags/example_python_operator.py
[2024-08-26T17:40:48.604-0700] {logging_mixin.py:190} INFO - [2024-08-26T17:40:48.603-0700] {example_python_operator.py:93} WARNING - The virtalenv_python example task requires virtualenv, please install it.
[2024-08-26T17:40:48.605-0700] {processor.py:925} INFO - DAG(s) 'example_python_operator' retrieved from /home/jerson/airflow_venv/lib/python3.10/site-packages/airflow/example_dags/example_python_operator.py
[2024-08-26T17:40:48.614-0700] {logging_mixin.py:190} INFO - [2024-08-26T17:40:48.614-0700] {dag.py:3211} INFO - Sync 1 DAGs
[2024-08-26T17:40:48.621-0700] {logging_mixin.py:190} INFO - [2024-08-26T17:40:48.621-0700] {dag.py:4138} INFO - Setting next_dagrun for example_python_operator to None, run_after=None
[2024-08-26T17:40:48.636-0700] {processor.py:208} INFO - Processing /home/jerson/airflow_venv/lib/python3.10/site-packages/airflow/example_dags/example_python_operator.py took 0.059 seconds
[2024-08-26T17:42:02.183-0700] {processor.py:186} INFO - Started process (PID=35065) to work on /home/jerson/airflow_venv/lib/python3.10/site-packages/airflow/example_dags/example_python_operator.py
[2024-08-26T17:42:02.184-0700] {processor.py:914} INFO - Processing file /home/jerson/airflow_venv/lib/python3.10/site-packages/airflow/example_dags/example_python_operator.py for tasks to queue
[2024-08-26T17:42:02.185-0700] {logging_mixin.py:190} INFO - [2024-08-26T17:42:02.185-0700] {dagbag.py:587} INFO - Filling up the DagBag from /home/jerson/airflow_venv/lib/python3.10/site-packages/airflow/example_dags/example_python_operator.py
[2024-08-26T17:42:02.207-0700] {logging_mixin.py:190} INFO - [2024-08-26T17:42:02.207-0700] {example_python_operator.py:93} WARNING - The virtalenv_python example task requires virtualenv, please install it.
[2024-08-26T17:42:02.208-0700] {processor.py:925} INFO - DAG(s) 'example_python_operator' retrieved from /home/jerson/airflow_venv/lib/python3.10/site-packages/airflow/example_dags/example_python_operator.py
[2024-08-26T17:42:02.218-0700] {logging_mixin.py:190} INFO - [2024-08-26T17:42:02.218-0700] {dag.py:3211} INFO - Sync 1 DAGs
[2024-08-26T17:42:02.225-0700] {logging_mixin.py:190} INFO - [2024-08-26T17:42:02.225-0700] {dag.py:4138} INFO - Setting next_dagrun for example_python_operator to None, run_after=None
[2024-08-26T17:42:02.243-0700] {processor.py:208} INFO - Processing /home/jerson/airflow_venv/lib/python3.10/site-packages/airflow/example_dags/example_python_operator.py took 0.063 seconds
[2024-08-26T17:43:16.406-0700] {processor.py:186} INFO - Started process (PID=35653) to work on /home/jerson/airflow_venv/lib/python3.10/site-packages/airflow/example_dags/example_python_operator.py
[2024-08-26T17:43:16.407-0700] {processor.py:914} INFO - Processing file /home/jerson/airflow_venv/lib/python3.10/site-packages/airflow/example_dags/example_python_operator.py for tasks to queue
[2024-08-26T17:43:16.408-0700] {logging_mixin.py:190} INFO - [2024-08-26T17:43:16.408-0700] {dagbag.py:587} INFO - Filling up the DagBag from /home/jerson/airflow_venv/lib/python3.10/site-packages/airflow/example_dags/example_python_operator.py
[2024-08-26T17:43:16.428-0700] {logging_mixin.py:190} INFO - [2024-08-26T17:43:16.428-0700] {example_python_operator.py:93} WARNING - The virtalenv_python example task requires virtualenv, please install it.
[2024-08-26T17:43:16.430-0700] {processor.py:925} INFO - DAG(s) 'example_python_operator' retrieved from /home/jerson/airflow_venv/lib/python3.10/site-packages/airflow/example_dags/example_python_operator.py
[2024-08-26T17:43:16.439-0700] {logging_mixin.py:190} INFO - [2024-08-26T17:43:16.439-0700] {dag.py:3211} INFO - Sync 1 DAGs
[2024-08-26T17:43:16.447-0700] {logging_mixin.py:190} INFO - [2024-08-26T17:43:16.447-0700] {dag.py:4138} INFO - Setting next_dagrun for example_python_operator to None, run_after=None
[2024-08-26T17:43:16.461-0700] {processor.py:208} INFO - Processing /home/jerson/airflow_venv/lib/python3.10/site-packages/airflow/example_dags/example_python_operator.py took 0.058 seconds
[2024-08-26T17:44:28.998-0700] {processor.py:186} INFO - Started process (PID=36262) to work on /home/jerson/airflow_venv/lib/python3.10/site-packages/airflow/example_dags/example_python_operator.py
[2024-08-26T17:44:29.008-0700] {processor.py:914} INFO - Processing file /home/jerson/airflow_venv/lib/python3.10/site-packages/airflow/example_dags/example_python_operator.py for tasks to queue
[2024-08-26T17:44:29.009-0700] {logging_mixin.py:190} INFO - [2024-08-26T17:44:29.009-0700] {dagbag.py:587} INFO - Filling up the DagBag from /home/jerson/airflow_venv/lib/python3.10/site-packages/airflow/example_dags/example_python_operator.py
[2024-08-26T17:44:29.031-0700] {logging_mixin.py:190} INFO - [2024-08-26T17:44:29.031-0700] {example_python_operator.py:93} WARNING - The virtalenv_python example task requires virtualenv, please install it.
[2024-08-26T17:44:29.033-0700] {processor.py:925} INFO - DAG(s) 'example_python_operator' retrieved from /home/jerson/airflow_venv/lib/python3.10/site-packages/airflow/example_dags/example_python_operator.py
[2024-08-26T17:44:29.043-0700] {logging_mixin.py:190} INFO - [2024-08-26T17:44:29.043-0700] {dag.py:3211} INFO - Sync 1 DAGs
[2024-08-26T17:44:29.050-0700] {logging_mixin.py:190} INFO - [2024-08-26T17:44:29.050-0700] {dag.py:4138} INFO - Setting next_dagrun for example_python_operator to None, run_after=None
[2024-08-26T17:44:29.065-0700] {processor.py:208} INFO - Processing /home/jerson/airflow_venv/lib/python3.10/site-packages/airflow/example_dags/example_python_operator.py took 0.071 seconds
[2024-08-26T17:45:43.092-0700] {processor.py:186} INFO - Started process (PID=36857) to work on /home/jerson/airflow_venv/lib/python3.10/site-packages/airflow/example_dags/example_python_operator.py
[2024-08-26T17:45:43.093-0700] {processor.py:914} INFO - Processing file /home/jerson/airflow_venv/lib/python3.10/site-packages/airflow/example_dags/example_python_operator.py for tasks to queue
[2024-08-26T17:45:43.094-0700] {logging_mixin.py:190} INFO - [2024-08-26T17:45:43.094-0700] {dagbag.py:587} INFO - Filling up the DagBag from /home/jerson/airflow_venv/lib/python3.10/site-packages/airflow/example_dags/example_python_operator.py
[2024-08-26T17:45:43.120-0700] {logging_mixin.py:190} INFO - [2024-08-26T17:45:43.120-0700] {example_python_operator.py:93} WARNING - The virtalenv_python example task requires virtualenv, please install it.
[2024-08-26T17:45:43.122-0700] {processor.py:925} INFO - DAG(s) 'example_python_operator' retrieved from /home/jerson/airflow_venv/lib/python3.10/site-packages/airflow/example_dags/example_python_operator.py
[2024-08-26T17:45:43.136-0700] {logging_mixin.py:190} INFO - [2024-08-26T17:45:43.136-0700] {dag.py:3211} INFO - Sync 1 DAGs
[2024-08-26T17:45:43.146-0700] {logging_mixin.py:190} INFO - [2024-08-26T17:45:43.146-0700] {dag.py:4138} INFO - Setting next_dagrun for example_python_operator to None, run_after=None
[2024-08-26T17:45:43.167-0700] {processor.py:208} INFO - Processing /home/jerson/airflow_venv/lib/python3.10/site-packages/airflow/example_dags/example_python_operator.py took 0.079 seconds
[2024-08-26T17:46:36.529-0700] {processor.py:186} INFO - Started process (PID=37551) to work on /home/jerson/airflow_venv/lib/python3.10/site-packages/airflow/example_dags/example_python_operator.py
[2024-08-26T17:46:36.530-0700] {processor.py:914} INFO - Processing file /home/jerson/airflow_venv/lib/python3.10/site-packages/airflow/example_dags/example_python_operator.py for tasks to queue
[2024-08-26T17:46:36.531-0700] {logging_mixin.py:190} INFO - [2024-08-26T17:46:36.531-0700] {dagbag.py:587} INFO - Filling up the DagBag from /home/jerson/airflow_venv/lib/python3.10/site-packages/airflow/example_dags/example_python_operator.py
[2024-08-26T17:46:36.553-0700] {logging_mixin.py:190} INFO - [2024-08-26T17:46:36.553-0700] {example_python_operator.py:93} WARNING - The virtalenv_python example task requires virtualenv, please install it.
[2024-08-26T17:46:36.555-0700] {processor.py:925} INFO - DAG(s) 'example_python_operator' retrieved from /home/jerson/airflow_venv/lib/python3.10/site-packages/airflow/example_dags/example_python_operator.py
[2024-08-26T17:46:36.565-0700] {logging_mixin.py:190} INFO - [2024-08-26T17:46:36.565-0700] {dag.py:3211} INFO - Sync 1 DAGs
[2024-08-26T17:46:36.572-0700] {logging_mixin.py:190} INFO - [2024-08-26T17:46:36.572-0700] {dag.py:4138} INFO - Setting next_dagrun for example_python_operator to None, run_after=None
[2024-08-26T17:46:36.588-0700] {processor.py:208} INFO - Processing /home/jerson/airflow_venv/lib/python3.10/site-packages/airflow/example_dags/example_python_operator.py took 0.063 seconds
[2024-08-26T17:47:51.264-0700] {processor.py:186} INFO - Started process (PID=38311) to work on /home/jerson/airflow_venv/lib/python3.10/site-packages/airflow/example_dags/example_python_operator.py
[2024-08-26T17:47:51.265-0700] {processor.py:914} INFO - Processing file /home/jerson/airflow_venv/lib/python3.10/site-packages/airflow/example_dags/example_python_operator.py for tasks to queue
[2024-08-26T17:47:51.266-0700] {logging_mixin.py:190} INFO - [2024-08-26T17:47:51.266-0700] {dagbag.py:587} INFO - Filling up the DagBag from /home/jerson/airflow_venv/lib/python3.10/site-packages/airflow/example_dags/example_python_operator.py
[2024-08-26T17:47:51.289-0700] {logging_mixin.py:190} INFO - [2024-08-26T17:47:51.289-0700] {example_python_operator.py:93} WARNING - The virtalenv_python example task requires virtualenv, please install it.
[2024-08-26T17:47:51.291-0700] {processor.py:925} INFO - DAG(s) 'example_python_operator' retrieved from /home/jerson/airflow_venv/lib/python3.10/site-packages/airflow/example_dags/example_python_operator.py
[2024-08-26T17:47:51.301-0700] {logging_mixin.py:190} INFO - [2024-08-26T17:47:51.301-0700] {dag.py:3211} INFO - Sync 1 DAGs
[2024-08-26T17:47:51.308-0700] {logging_mixin.py:190} INFO - [2024-08-26T17:47:51.308-0700] {dag.py:4138} INFO - Setting next_dagrun for example_python_operator to None, run_after=None
[2024-08-26T17:47:51.324-0700] {processor.py:208} INFO - Processing /home/jerson/airflow_venv/lib/python3.10/site-packages/airflow/example_dags/example_python_operator.py took 0.063 seconds
[2024-08-26T17:49:10.993-0700] {processor.py:186} INFO - Started process (PID=39037) to work on /home/jerson/airflow_venv/lib/python3.10/site-packages/airflow/example_dags/example_python_operator.py
[2024-08-26T17:49:10.994-0700] {processor.py:914} INFO - Processing file /home/jerson/airflow_venv/lib/python3.10/site-packages/airflow/example_dags/example_python_operator.py for tasks to queue
[2024-08-26T17:49:10.995-0700] {logging_mixin.py:190} INFO - [2024-08-26T17:49:10.995-0700] {dagbag.py:587} INFO - Filling up the DagBag from /home/jerson/airflow_venv/lib/python3.10/site-packages/airflow/example_dags/example_python_operator.py
[2024-08-26T17:49:11.019-0700] {logging_mixin.py:190} INFO - [2024-08-26T17:49:11.019-0700] {example_python_operator.py:93} WARNING - The virtalenv_python example task requires virtualenv, please install it.
[2024-08-26T17:49:11.021-0700] {processor.py:925} INFO - DAG(s) 'example_python_operator' retrieved from /home/jerson/airflow_venv/lib/python3.10/site-packages/airflow/example_dags/example_python_operator.py
[2024-08-26T17:49:11.032-0700] {logging_mixin.py:190} INFO - [2024-08-26T17:49:11.031-0700] {dag.py:3211} INFO - Sync 1 DAGs
[2024-08-26T17:49:11.039-0700] {logging_mixin.py:190} INFO - [2024-08-26T17:49:11.039-0700] {dag.py:4138} INFO - Setting next_dagrun for example_python_operator to None, run_after=None
[2024-08-26T17:49:11.056-0700] {processor.py:208} INFO - Processing /home/jerson/airflow_venv/lib/python3.10/site-packages/airflow/example_dags/example_python_operator.py took 0.067 seconds
[2024-08-26T17:50:27.651-0700] {processor.py:186} INFO - Started process (PID=39680) to work on /home/jerson/airflow_venv/lib/python3.10/site-packages/airflow/example_dags/example_python_operator.py
[2024-08-26T17:50:27.652-0700] {processor.py:914} INFO - Processing file /home/jerson/airflow_venv/lib/python3.10/site-packages/airflow/example_dags/example_python_operator.py for tasks to queue
[2024-08-26T17:50:27.653-0700] {logging_mixin.py:190} INFO - [2024-08-26T17:50:27.653-0700] {dagbag.py:587} INFO - Filling up the DagBag from /home/jerson/airflow_venv/lib/python3.10/site-packages/airflow/example_dags/example_python_operator.py
[2024-08-26T17:50:27.676-0700] {logging_mixin.py:190} INFO - [2024-08-26T17:50:27.675-0700] {example_python_operator.py:93} WARNING - The virtalenv_python example task requires virtualenv, please install it.
[2024-08-26T17:50:27.677-0700] {processor.py:925} INFO - DAG(s) 'example_python_operator' retrieved from /home/jerson/airflow_venv/lib/python3.10/site-packages/airflow/example_dags/example_python_operator.py
[2024-08-26T17:50:27.688-0700] {logging_mixin.py:190} INFO - [2024-08-26T17:50:27.688-0700] {dag.py:3211} INFO - Sync 1 DAGs
[2024-08-26T17:50:27.696-0700] {logging_mixin.py:190} INFO - [2024-08-26T17:50:27.695-0700] {dag.py:4138} INFO - Setting next_dagrun for example_python_operator to None, run_after=None
[2024-08-26T17:50:27.714-0700] {processor.py:208} INFO - Processing /home/jerson/airflow_venv/lib/python3.10/site-packages/airflow/example_dags/example_python_operator.py took 0.066 seconds
[2024-08-26T17:51:41.266-0700] {processor.py:186} INFO - Started process (PID=40330) to work on /home/jerson/airflow_venv/lib/python3.10/site-packages/airflow/example_dags/example_python_operator.py
[2024-08-26T17:51:41.267-0700] {processor.py:914} INFO - Processing file /home/jerson/airflow_venv/lib/python3.10/site-packages/airflow/example_dags/example_python_operator.py for tasks to queue
[2024-08-26T17:51:41.269-0700] {logging_mixin.py:190} INFO - [2024-08-26T17:51:41.268-0700] {dagbag.py:587} INFO - Filling up the DagBag from /home/jerson/airflow_venv/lib/python3.10/site-packages/airflow/example_dags/example_python_operator.py
[2024-08-26T17:51:41.291-0700] {logging_mixin.py:190} INFO - [2024-08-26T17:51:41.291-0700] {example_python_operator.py:93} WARNING - The virtalenv_python example task requires virtualenv, please install it.
[2024-08-26T17:51:41.292-0700] {processor.py:925} INFO - DAG(s) 'example_python_operator' retrieved from /home/jerson/airflow_venv/lib/python3.10/site-packages/airflow/example_dags/example_python_operator.py
[2024-08-26T17:51:41.303-0700] {logging_mixin.py:190} INFO - [2024-08-26T17:51:41.302-0700] {dag.py:3211} INFO - Sync 1 DAGs
[2024-08-26T17:51:41.311-0700] {logging_mixin.py:190} INFO - [2024-08-26T17:51:41.310-0700] {dag.py:4138} INFO - Setting next_dagrun for example_python_operator to None, run_after=None
[2024-08-26T17:51:41.329-0700] {processor.py:208} INFO - Processing /home/jerson/airflow_venv/lib/python3.10/site-packages/airflow/example_dags/example_python_operator.py took 0.066 seconds
[2024-08-26T17:56:05.160-0700] {processor.py:186} INFO - Started process (PID=43292) to work on /home/jerson/airflow_venv/lib/python3.10/site-packages/airflow/example_dags/example_python_operator.py
[2024-08-26T17:56:05.161-0700] {processor.py:914} INFO - Processing file /home/jerson/airflow_venv/lib/python3.10/site-packages/airflow/example_dags/example_python_operator.py for tasks to queue
[2024-08-26T17:56:05.163-0700] {logging_mixin.py:190} INFO - [2024-08-26T17:56:05.162-0700] {dagbag.py:587} INFO - Filling up the DagBag from /home/jerson/airflow_venv/lib/python3.10/site-packages/airflow/example_dags/example_python_operator.py
[2024-08-26T17:56:05.181-0700] {logging_mixin.py:190} INFO - [2024-08-26T17:56:05.181-0700] {example_python_operator.py:93} WARNING - The virtalenv_python example task requires virtualenv, please install it.
[2024-08-26T17:56:05.183-0700] {processor.py:925} INFO - DAG(s) 'example_python_operator' retrieved from /home/jerson/airflow_venv/lib/python3.10/site-packages/airflow/example_dags/example_python_operator.py
[2024-08-26T17:56:05.195-0700] {logging_mixin.py:190} INFO - [2024-08-26T17:56:05.194-0700] {dag.py:3211} INFO - Sync 1 DAGs
[2024-08-26T17:56:05.202-0700] {logging_mixin.py:190} INFO - [2024-08-26T17:56:05.202-0700] {dag.py:4138} INFO - Setting next_dagrun for example_python_operator to None, run_after=None
[2024-08-26T17:56:05.220-0700] {processor.py:208} INFO - Processing /home/jerson/airflow_venv/lib/python3.10/site-packages/airflow/example_dags/example_python_operator.py took 0.063 seconds
[2024-08-26T17:56:59.053-0700] {processor.py:186} INFO - Started process (PID=43842) to work on /home/jerson/airflow_venv/lib/python3.10/site-packages/airflow/example_dags/example_python_operator.py
[2024-08-26T17:56:59.054-0700] {processor.py:914} INFO - Processing file /home/jerson/airflow_venv/lib/python3.10/site-packages/airflow/example_dags/example_python_operator.py for tasks to queue
[2024-08-26T17:56:59.055-0700] {logging_mixin.py:190} INFO - [2024-08-26T17:56:59.055-0700] {dagbag.py:587} INFO - Filling up the DagBag from /home/jerson/airflow_venv/lib/python3.10/site-packages/airflow/example_dags/example_python_operator.py
[2024-08-26T17:56:59.075-0700] {logging_mixin.py:190} INFO - [2024-08-26T17:56:59.075-0700] {example_python_operator.py:93} WARNING - The virtalenv_python example task requires virtualenv, please install it.
[2024-08-26T17:56:59.076-0700] {processor.py:925} INFO - DAG(s) 'example_python_operator' retrieved from /home/jerson/airflow_venv/lib/python3.10/site-packages/airflow/example_dags/example_python_operator.py
[2024-08-26T17:56:59.088-0700] {logging_mixin.py:190} INFO - [2024-08-26T17:56:59.087-0700] {dag.py:3211} INFO - Sync 1 DAGs
[2024-08-26T17:56:59.095-0700] {logging_mixin.py:190} INFO - [2024-08-26T17:56:59.094-0700] {dag.py:4138} INFO - Setting next_dagrun for example_python_operator to None, run_after=None
[2024-08-26T17:56:59.110-0700] {processor.py:208} INFO - Processing /home/jerson/airflow_venv/lib/python3.10/site-packages/airflow/example_dags/example_python_operator.py took 0.061 seconds
[2024-08-26T17:58:14.616-0700] {processor.py:186} INFO - Started process (PID=44703) to work on /home/jerson/airflow_venv/lib/python3.10/site-packages/airflow/example_dags/example_python_operator.py
[2024-08-26T17:58:14.617-0700] {processor.py:914} INFO - Processing file /home/jerson/airflow_venv/lib/python3.10/site-packages/airflow/example_dags/example_python_operator.py for tasks to queue
[2024-08-26T17:58:14.618-0700] {logging_mixin.py:190} INFO - [2024-08-26T17:58:14.618-0700] {dagbag.py:587} INFO - Filling up the DagBag from /home/jerson/airflow_venv/lib/python3.10/site-packages/airflow/example_dags/example_python_operator.py
[2024-08-26T17:58:14.636-0700] {logging_mixin.py:190} INFO - [2024-08-26T17:58:14.636-0700] {example_python_operator.py:93} WARNING - The virtalenv_python example task requires virtualenv, please install it.
[2024-08-26T17:58:14.637-0700] {processor.py:925} INFO - DAG(s) 'example_python_operator' retrieved from /home/jerson/airflow_venv/lib/python3.10/site-packages/airflow/example_dags/example_python_operator.py
[2024-08-26T17:58:14.649-0700] {logging_mixin.py:190} INFO - [2024-08-26T17:58:14.648-0700] {dag.py:3211} INFO - Sync 1 DAGs
[2024-08-26T17:58:14.656-0700] {logging_mixin.py:190} INFO - [2024-08-26T17:58:14.656-0700] {dag.py:4138} INFO - Setting next_dagrun for example_python_operator to None, run_after=None
[2024-08-26T17:58:14.673-0700] {processor.py:208} INFO - Processing /home/jerson/airflow_venv/lib/python3.10/site-packages/airflow/example_dags/example_python_operator.py took 0.061 seconds
[2024-08-26T17:59:31.107-0700] {processor.py:186} INFO - Started process (PID=45522) to work on /home/jerson/airflow_venv/lib/python3.10/site-packages/airflow/example_dags/example_python_operator.py
[2024-08-26T17:59:31.108-0700] {processor.py:914} INFO - Processing file /home/jerson/airflow_venv/lib/python3.10/site-packages/airflow/example_dags/example_python_operator.py for tasks to queue
[2024-08-26T17:59:31.109-0700] {logging_mixin.py:190} INFO - [2024-08-26T17:59:31.109-0700] {dagbag.py:587} INFO - Filling up the DagBag from /home/jerson/airflow_venv/lib/python3.10/site-packages/airflow/example_dags/example_python_operator.py
[2024-08-26T17:59:31.127-0700] {logging_mixin.py:190} INFO - [2024-08-26T17:59:31.127-0700] {example_python_operator.py:93} WARNING - The virtalenv_python example task requires virtualenv, please install it.
[2024-08-26T17:59:31.129-0700] {processor.py:925} INFO - DAG(s) 'example_python_operator' retrieved from /home/jerson/airflow_venv/lib/python3.10/site-packages/airflow/example_dags/example_python_operator.py
[2024-08-26T17:59:31.138-0700] {logging_mixin.py:190} INFO - [2024-08-26T17:59:31.138-0700] {dag.py:3211} INFO - Sync 1 DAGs
[2024-08-26T17:59:31.145-0700] {logging_mixin.py:190} INFO - [2024-08-26T17:59:31.145-0700] {dag.py:4138} INFO - Setting next_dagrun for example_python_operator to None, run_after=None
[2024-08-26T17:59:31.160-0700] {processor.py:208} INFO - Processing /home/jerson/airflow_venv/lib/python3.10/site-packages/airflow/example_dags/example_python_operator.py took 0.057 seconds
[2024-08-26T18:00:43.162-0700] {processor.py:186} INFO - Started process (PID=46380) to work on /home/jerson/airflow_venv/lib/python3.10/site-packages/airflow/example_dags/example_python_operator.py
[2024-08-26T18:00:43.163-0700] {processor.py:914} INFO - Processing file /home/jerson/airflow_venv/lib/python3.10/site-packages/airflow/example_dags/example_python_operator.py for tasks to queue
[2024-08-26T18:00:43.165-0700] {logging_mixin.py:190} INFO - [2024-08-26T18:00:43.164-0700] {dagbag.py:587} INFO - Filling up the DagBag from /home/jerson/airflow_venv/lib/python3.10/site-packages/airflow/example_dags/example_python_operator.py
[2024-08-26T18:00:43.185-0700] {logging_mixin.py:190} INFO - [2024-08-26T18:00:43.185-0700] {example_python_operator.py:93} WARNING - The virtalenv_python example task requires virtualenv, please install it.
[2024-08-26T18:00:43.187-0700] {processor.py:925} INFO - DAG(s) 'example_python_operator' retrieved from /home/jerson/airflow_venv/lib/python3.10/site-packages/airflow/example_dags/example_python_operator.py
[2024-08-26T18:00:43.199-0700] {logging_mixin.py:190} INFO - [2024-08-26T18:00:43.199-0700] {dag.py:3211} INFO - Sync 1 DAGs
[2024-08-26T18:00:43.207-0700] {logging_mixin.py:190} INFO - [2024-08-26T18:00:43.207-0700] {dag.py:4138} INFO - Setting next_dagrun for example_python_operator to None, run_after=None
[2024-08-26T18:00:43.228-0700] {processor.py:208} INFO - Processing /home/jerson/airflow_venv/lib/python3.10/site-packages/airflow/example_dags/example_python_operator.py took 0.070 seconds
[2024-08-26T18:01:58.361-0700] {processor.py:186} INFO - Started process (PID=47079) to work on /home/jerson/airflow_venv/lib/python3.10/site-packages/airflow/example_dags/example_python_operator.py
[2024-08-26T18:01:58.362-0700] {processor.py:914} INFO - Processing file /home/jerson/airflow_venv/lib/python3.10/site-packages/airflow/example_dags/example_python_operator.py for tasks to queue
[2024-08-26T18:01:58.363-0700] {logging_mixin.py:190} INFO - [2024-08-26T18:01:58.363-0700] {dagbag.py:587} INFO - Filling up the DagBag from /home/jerson/airflow_venv/lib/python3.10/site-packages/airflow/example_dags/example_python_operator.py
[2024-08-26T18:01:58.384-0700] {logging_mixin.py:190} INFO - [2024-08-26T18:01:58.383-0700] {example_python_operator.py:93} WARNING - The virtalenv_python example task requires virtualenv, please install it.
[2024-08-26T18:01:58.385-0700] {processor.py:925} INFO - DAG(s) 'example_python_operator' retrieved from /home/jerson/airflow_venv/lib/python3.10/site-packages/airflow/example_dags/example_python_operator.py
[2024-08-26T18:01:58.395-0700] {logging_mixin.py:190} INFO - [2024-08-26T18:01:58.395-0700] {dag.py:3211} INFO - Sync 1 DAGs
[2024-08-26T18:01:58.403-0700] {logging_mixin.py:190} INFO - [2024-08-26T18:01:58.403-0700] {dag.py:4138} INFO - Setting next_dagrun for example_python_operator to None, run_after=None
[2024-08-26T18:01:58.420-0700] {processor.py:208} INFO - Processing /home/jerson/airflow_venv/lib/python3.10/site-packages/airflow/example_dags/example_python_operator.py took 0.063 seconds
[2024-08-26T18:03:10.249-0700] {processor.py:186} INFO - Started process (PID=47798) to work on /home/jerson/airflow_venv/lib/python3.10/site-packages/airflow/example_dags/example_python_operator.py
[2024-08-26T18:03:10.250-0700] {processor.py:914} INFO - Processing file /home/jerson/airflow_venv/lib/python3.10/site-packages/airflow/example_dags/example_python_operator.py for tasks to queue
[2024-08-26T18:03:10.252-0700] {logging_mixin.py:190} INFO - [2024-08-26T18:03:10.251-0700] {dagbag.py:587} INFO - Filling up the DagBag from /home/jerson/airflow_venv/lib/python3.10/site-packages/airflow/example_dags/example_python_operator.py
[2024-08-26T18:03:10.271-0700] {logging_mixin.py:190} INFO - [2024-08-26T18:03:10.271-0700] {example_python_operator.py:93} WARNING - The virtalenv_python example task requires virtualenv, please install it.
[2024-08-26T18:03:10.272-0700] {processor.py:925} INFO - DAG(s) 'example_python_operator' retrieved from /home/jerson/airflow_venv/lib/python3.10/site-packages/airflow/example_dags/example_python_operator.py
[2024-08-26T18:03:10.282-0700] {logging_mixin.py:190} INFO - [2024-08-26T18:03:10.282-0700] {dag.py:3211} INFO - Sync 1 DAGs
[2024-08-26T18:03:10.290-0700] {logging_mixin.py:190} INFO - [2024-08-26T18:03:10.289-0700] {dag.py:4138} INFO - Setting next_dagrun for example_python_operator to None, run_after=None
[2024-08-26T18:03:10.304-0700] {processor.py:208} INFO - Processing /home/jerson/airflow_venv/lib/python3.10/site-packages/airflow/example_dags/example_python_operator.py took 0.058 seconds
[2024-08-26T18:04:24.632-0700] {processor.py:186} INFO - Started process (PID=48502) to work on /home/jerson/airflow_venv/lib/python3.10/site-packages/airflow/example_dags/example_python_operator.py
[2024-08-26T18:04:24.633-0700] {processor.py:914} INFO - Processing file /home/jerson/airflow_venv/lib/python3.10/site-packages/airflow/example_dags/example_python_operator.py for tasks to queue
[2024-08-26T18:04:24.634-0700] {logging_mixin.py:190} INFO - [2024-08-26T18:04:24.634-0700] {dagbag.py:587} INFO - Filling up the DagBag from /home/jerson/airflow_venv/lib/python3.10/site-packages/airflow/example_dags/example_python_operator.py
[2024-08-26T18:04:24.654-0700] {logging_mixin.py:190} INFO - [2024-08-26T18:04:24.654-0700] {example_python_operator.py:93} WARNING - The virtalenv_python example task requires virtualenv, please install it.
[2024-08-26T18:04:24.655-0700] {processor.py:925} INFO - DAG(s) 'example_python_operator' retrieved from /home/jerson/airflow_venv/lib/python3.10/site-packages/airflow/example_dags/example_python_operator.py
[2024-08-26T18:04:24.665-0700] {logging_mixin.py:190} INFO - [2024-08-26T18:04:24.665-0700] {dag.py:3211} INFO - Sync 1 DAGs
[2024-08-26T18:04:24.673-0700] {logging_mixin.py:190} INFO - [2024-08-26T18:04:24.673-0700] {dag.py:4138} INFO - Setting next_dagrun for example_python_operator to None, run_after=None
[2024-08-26T18:04:24.688-0700] {processor.py:208} INFO - Processing /home/jerson/airflow_venv/lib/python3.10/site-packages/airflow/example_dags/example_python_operator.py took 0.059 seconds
[2024-08-26T18:05:35.131-0700] {processor.py:186} INFO - Started process (PID=49127) to work on /home/jerson/airflow_venv/lib/python3.10/site-packages/airflow/example_dags/example_python_operator.py
[2024-08-26T18:05:35.132-0700] {processor.py:914} INFO - Processing file /home/jerson/airflow_venv/lib/python3.10/site-packages/airflow/example_dags/example_python_operator.py for tasks to queue
[2024-08-26T18:05:35.133-0700] {logging_mixin.py:190} INFO - [2024-08-26T18:05:35.133-0700] {dagbag.py:587} INFO - Filling up the DagBag from /home/jerson/airflow_venv/lib/python3.10/site-packages/airflow/example_dags/example_python_operator.py
[2024-08-26T18:05:35.152-0700] {logging_mixin.py:190} INFO - [2024-08-26T18:05:35.152-0700] {example_python_operator.py:93} WARNING - The virtalenv_python example task requires virtualenv, please install it.
[2024-08-26T18:05:35.154-0700] {processor.py:925} INFO - DAG(s) 'example_python_operator' retrieved from /home/jerson/airflow_venv/lib/python3.10/site-packages/airflow/example_dags/example_python_operator.py
[2024-08-26T18:05:35.164-0700] {logging_mixin.py:190} INFO - [2024-08-26T18:05:35.164-0700] {dag.py:3211} INFO - Sync 1 DAGs
[2024-08-26T18:05:35.173-0700] {logging_mixin.py:190} INFO - [2024-08-26T18:05:35.173-0700] {dag.py:4138} INFO - Setting next_dagrun for example_python_operator to None, run_after=None
[2024-08-26T18:05:35.191-0700] {processor.py:208} INFO - Processing /home/jerson/airflow_venv/lib/python3.10/site-packages/airflow/example_dags/example_python_operator.py took 0.064 seconds
[2024-08-26T18:06:48.750-0700] {processor.py:186} INFO - Started process (PID=49775) to work on /home/jerson/airflow_venv/lib/python3.10/site-packages/airflow/example_dags/example_python_operator.py
[2024-08-26T18:06:48.751-0700] {processor.py:914} INFO - Processing file /home/jerson/airflow_venv/lib/python3.10/site-packages/airflow/example_dags/example_python_operator.py for tasks to queue
[2024-08-26T18:06:48.752-0700] {logging_mixin.py:190} INFO - [2024-08-26T18:06:48.752-0700] {dagbag.py:587} INFO - Filling up the DagBag from /home/jerson/airflow_venv/lib/python3.10/site-packages/airflow/example_dags/example_python_operator.py
[2024-08-26T18:06:48.773-0700] {logging_mixin.py:190} INFO - [2024-08-26T18:06:48.773-0700] {example_python_operator.py:93} WARNING - The virtalenv_python example task requires virtualenv, please install it.
[2024-08-26T18:06:48.775-0700] {processor.py:925} INFO - DAG(s) 'example_python_operator' retrieved from /home/jerson/airflow_venv/lib/python3.10/site-packages/airflow/example_dags/example_python_operator.py
[2024-08-26T18:06:48.785-0700] {logging_mixin.py:190} INFO - [2024-08-26T18:06:48.785-0700] {dag.py:3211} INFO - Sync 1 DAGs
[2024-08-26T18:06:48.792-0700] {logging_mixin.py:190} INFO - [2024-08-26T18:06:48.792-0700] {dag.py:4138} INFO - Setting next_dagrun for example_python_operator to None, run_after=None
[2024-08-26T18:06:48.809-0700] {processor.py:208} INFO - Processing /home/jerson/airflow_venv/lib/python3.10/site-packages/airflow/example_dags/example_python_operator.py took 0.062 seconds
[2024-08-26T18:08:01.228-0700] {processor.py:186} INFO - Started process (PID=50476) to work on /home/jerson/airflow_venv/lib/python3.10/site-packages/airflow/example_dags/example_python_operator.py
[2024-08-26T18:08:01.230-0700] {processor.py:914} INFO - Processing file /home/jerson/airflow_venv/lib/python3.10/site-packages/airflow/example_dags/example_python_operator.py for tasks to queue
[2024-08-26T18:08:01.232-0700] {logging_mixin.py:190} INFO - [2024-08-26T18:08:01.231-0700] {dagbag.py:587} INFO - Filling up the DagBag from /home/jerson/airflow_venv/lib/python3.10/site-packages/airflow/example_dags/example_python_operator.py
[2024-08-26T18:08:01.252-0700] {logging_mixin.py:190} INFO - [2024-08-26T18:08:01.251-0700] {example_python_operator.py:93} WARNING - The virtalenv_python example task requires virtualenv, please install it.
[2024-08-26T18:08:01.253-0700] {processor.py:925} INFO - DAG(s) 'example_python_operator' retrieved from /home/jerson/airflow_venv/lib/python3.10/site-packages/airflow/example_dags/example_python_operator.py
[2024-08-26T18:08:01.264-0700] {logging_mixin.py:190} INFO - [2024-08-26T18:08:01.263-0700] {dag.py:3211} INFO - Sync 1 DAGs
[2024-08-26T18:08:01.271-0700] {logging_mixin.py:190} INFO - [2024-08-26T18:08:01.271-0700] {dag.py:4138} INFO - Setting next_dagrun for example_python_operator to None, run_after=None
[2024-08-26T18:08:01.288-0700] {processor.py:208} INFO - Processing /home/jerson/airflow_venv/lib/python3.10/site-packages/airflow/example_dags/example_python_operator.py took 0.063 seconds
[2024-08-26T18:09:18.691-0700] {processor.py:186} INFO - Started process (PID=51198) to work on /home/jerson/airflow_venv/lib/python3.10/site-packages/airflow/example_dags/example_python_operator.py
[2024-08-26T18:09:18.692-0700] {processor.py:914} INFO - Processing file /home/jerson/airflow_venv/lib/python3.10/site-packages/airflow/example_dags/example_python_operator.py for tasks to queue
[2024-08-26T18:09:18.693-0700] {logging_mixin.py:190} INFO - [2024-08-26T18:09:18.692-0700] {dagbag.py:587} INFO - Filling up the DagBag from /home/jerson/airflow_venv/lib/python3.10/site-packages/airflow/example_dags/example_python_operator.py
[2024-08-26T18:09:18.712-0700] {logging_mixin.py:190} INFO - [2024-08-26T18:09:18.712-0700] {example_python_operator.py:93} WARNING - The virtalenv_python example task requires virtualenv, please install it.
[2024-08-26T18:09:18.714-0700] {processor.py:925} INFO - DAG(s) 'example_python_operator' retrieved from /home/jerson/airflow_venv/lib/python3.10/site-packages/airflow/example_dags/example_python_operator.py
[2024-08-26T18:09:18.724-0700] {logging_mixin.py:190} INFO - [2024-08-26T18:09:18.723-0700] {dag.py:3211} INFO - Sync 1 DAGs
[2024-08-26T18:09:18.730-0700] {logging_mixin.py:190} INFO - [2024-08-26T18:09:18.730-0700] {dag.py:4138} INFO - Setting next_dagrun for example_python_operator to None, run_after=None
[2024-08-26T18:09:18.745-0700] {processor.py:208} INFO - Processing /home/jerson/airflow_venv/lib/python3.10/site-packages/airflow/example_dags/example_python_operator.py took 0.058 seconds
[2024-08-26T18:10:30.428-0700] {processor.py:186} INFO - Started process (PID=52117) to work on /home/jerson/airflow_venv/lib/python3.10/site-packages/airflow/example_dags/example_python_operator.py
[2024-08-26T18:10:30.428-0700] {processor.py:914} INFO - Processing file /home/jerson/airflow_venv/lib/python3.10/site-packages/airflow/example_dags/example_python_operator.py for tasks to queue
[2024-08-26T18:10:30.429-0700] {logging_mixin.py:190} INFO - [2024-08-26T18:10:30.429-0700] {dagbag.py:587} INFO - Filling up the DagBag from /home/jerson/airflow_venv/lib/python3.10/site-packages/airflow/example_dags/example_python_operator.py
[2024-08-26T18:10:30.449-0700] {logging_mixin.py:190} INFO - [2024-08-26T18:10:30.449-0700] {example_python_operator.py:93} WARNING - The virtalenv_python example task requires virtualenv, please install it.
[2024-08-26T18:10:30.450-0700] {processor.py:925} INFO - DAG(s) 'example_python_operator' retrieved from /home/jerson/airflow_venv/lib/python3.10/site-packages/airflow/example_dags/example_python_operator.py
[2024-08-26T18:10:30.461-0700] {logging_mixin.py:190} INFO - [2024-08-26T18:10:30.460-0700] {dag.py:3211} INFO - Sync 1 DAGs
[2024-08-26T18:10:30.468-0700] {logging_mixin.py:190} INFO - [2024-08-26T18:10:30.467-0700] {dag.py:4138} INFO - Setting next_dagrun for example_python_operator to None, run_after=None
[2024-08-26T18:10:30.484-0700] {processor.py:208} INFO - Processing /home/jerson/airflow_venv/lib/python3.10/site-packages/airflow/example_dags/example_python_operator.py took 0.059 seconds
[2024-08-26T18:11:25.810-0700] {processor.py:186} INFO - Started process (PID=52730) to work on /home/jerson/airflow_venv/lib/python3.10/site-packages/airflow/example_dags/example_python_operator.py
[2024-08-26T18:11:25.811-0700] {processor.py:914} INFO - Processing file /home/jerson/airflow_venv/lib/python3.10/site-packages/airflow/example_dags/example_python_operator.py for tasks to queue
[2024-08-26T18:11:25.812-0700] {logging_mixin.py:190} INFO - [2024-08-26T18:11:25.811-0700] {dagbag.py:587} INFO - Filling up the DagBag from /home/jerson/airflow_venv/lib/python3.10/site-packages/airflow/example_dags/example_python_operator.py
[2024-08-26T18:11:25.830-0700] {logging_mixin.py:190} INFO - [2024-08-26T18:11:25.830-0700] {example_python_operator.py:93} WARNING - The virtalenv_python example task requires virtualenv, please install it.
[2024-08-26T18:11:25.832-0700] {processor.py:925} INFO - DAG(s) 'example_python_operator' retrieved from /home/jerson/airflow_venv/lib/python3.10/site-packages/airflow/example_dags/example_python_operator.py
[2024-08-26T18:11:25.842-0700] {logging_mixin.py:190} INFO - [2024-08-26T18:11:25.842-0700] {dag.py:3211} INFO - Sync 1 DAGs
[2024-08-26T18:11:25.849-0700] {logging_mixin.py:190} INFO - [2024-08-26T18:11:25.849-0700] {dag.py:4138} INFO - Setting next_dagrun for example_python_operator to None, run_after=None
[2024-08-26T18:11:25.863-0700] {processor.py:208} INFO - Processing /home/jerson/airflow_venv/lib/python3.10/site-packages/airflow/example_dags/example_python_operator.py took 0.056 seconds
[2024-08-26T18:12:41.435-0700] {processor.py:186} INFO - Started process (PID=53492) to work on /home/jerson/airflow_venv/lib/python3.10/site-packages/airflow/example_dags/example_python_operator.py
[2024-08-26T18:12:41.436-0700] {processor.py:914} INFO - Processing file /home/jerson/airflow_venv/lib/python3.10/site-packages/airflow/example_dags/example_python_operator.py for tasks to queue
[2024-08-26T18:12:41.437-0700] {logging_mixin.py:190} INFO - [2024-08-26T18:12:41.436-0700] {dagbag.py:587} INFO - Filling up the DagBag from /home/jerson/airflow_venv/lib/python3.10/site-packages/airflow/example_dags/example_python_operator.py
[2024-08-26T18:12:41.456-0700] {logging_mixin.py:190} INFO - [2024-08-26T18:12:41.456-0700] {example_python_operator.py:93} WARNING - The virtalenv_python example task requires virtualenv, please install it.
[2024-08-26T18:12:41.458-0700] {processor.py:925} INFO - DAG(s) 'example_python_operator' retrieved from /home/jerson/airflow_venv/lib/python3.10/site-packages/airflow/example_dags/example_python_operator.py
[2024-08-26T18:12:41.468-0700] {logging_mixin.py:190} INFO - [2024-08-26T18:12:41.468-0700] {dag.py:3211} INFO - Sync 1 DAGs
[2024-08-26T18:12:41.475-0700] {logging_mixin.py:190} INFO - [2024-08-26T18:12:41.475-0700] {dag.py:4138} INFO - Setting next_dagrun for example_python_operator to None, run_after=None
[2024-08-26T18:12:41.491-0700] {processor.py:208} INFO - Processing /home/jerson/airflow_venv/lib/python3.10/site-packages/airflow/example_dags/example_python_operator.py took 0.060 seconds
[2024-08-26T18:13:52.526-0700] {processor.py:186} INFO - Started process (PID=54138) to work on /home/jerson/airflow_venv/lib/python3.10/site-packages/airflow/example_dags/example_python_operator.py
[2024-08-26T18:13:52.527-0700] {processor.py:914} INFO - Processing file /home/jerson/airflow_venv/lib/python3.10/site-packages/airflow/example_dags/example_python_operator.py for tasks to queue
[2024-08-26T18:13:52.528-0700] {logging_mixin.py:190} INFO - [2024-08-26T18:13:52.527-0700] {dagbag.py:587} INFO - Filling up the DagBag from /home/jerson/airflow_venv/lib/python3.10/site-packages/airflow/example_dags/example_python_operator.py
[2024-08-26T18:13:52.549-0700] {logging_mixin.py:190} INFO - [2024-08-26T18:13:52.548-0700] {example_python_operator.py:93} WARNING - The virtalenv_python example task requires virtualenv, please install it.
[2024-08-26T18:13:52.550-0700] {processor.py:925} INFO - DAG(s) 'example_python_operator' retrieved from /home/jerson/airflow_venv/lib/python3.10/site-packages/airflow/example_dags/example_python_operator.py
[2024-08-26T18:13:52.560-0700] {logging_mixin.py:190} INFO - [2024-08-26T18:13:52.560-0700] {dag.py:3211} INFO - Sync 1 DAGs
[2024-08-26T18:13:52.567-0700] {logging_mixin.py:190} INFO - [2024-08-26T18:13:52.567-0700] {dag.py:4138} INFO - Setting next_dagrun for example_python_operator to None, run_after=None
[2024-08-26T18:13:52.583-0700] {processor.py:208} INFO - Processing /home/jerson/airflow_venv/lib/python3.10/site-packages/airflow/example_dags/example_python_operator.py took 0.060 seconds
[2024-08-26T18:15:14.782-0700] {processor.py:186} INFO - Started process (PID=55124) to work on /home/jerson/airflow_venv/lib/python3.10/site-packages/airflow/example_dags/example_python_operator.py
[2024-08-26T18:15:14.783-0700] {processor.py:914} INFO - Processing file /home/jerson/airflow_venv/lib/python3.10/site-packages/airflow/example_dags/example_python_operator.py for tasks to queue
[2024-08-26T18:15:14.784-0700] {logging_mixin.py:190} INFO - [2024-08-26T18:15:14.784-0700] {dagbag.py:587} INFO - Filling up the DagBag from /home/jerson/airflow_venv/lib/python3.10/site-packages/airflow/example_dags/example_python_operator.py
[2024-08-26T18:15:14.803-0700] {logging_mixin.py:190} INFO - [2024-08-26T18:15:14.803-0700] {example_python_operator.py:93} WARNING - The virtalenv_python example task requires virtualenv, please install it.
[2024-08-26T18:15:14.805-0700] {processor.py:925} INFO - DAG(s) 'example_python_operator' retrieved from /home/jerson/airflow_venv/lib/python3.10/site-packages/airflow/example_dags/example_python_operator.py
[2024-08-26T18:15:14.815-0700] {logging_mixin.py:190} INFO - [2024-08-26T18:15:14.815-0700] {dag.py:3211} INFO - Sync 1 DAGs
[2024-08-26T18:15:14.822-0700] {logging_mixin.py:190} INFO - [2024-08-26T18:15:14.822-0700] {dag.py:4138} INFO - Setting next_dagrun for example_python_operator to None, run_after=None
[2024-08-26T18:15:14.838-0700] {processor.py:208} INFO - Processing /home/jerson/airflow_venv/lib/python3.10/site-packages/airflow/example_dags/example_python_operator.py took 0.059 seconds
[2024-08-26T18:16:27.955-0700] {processor.py:186} INFO - Started process (PID=55765) to work on /home/jerson/airflow_venv/lib/python3.10/site-packages/airflow/example_dags/example_python_operator.py
[2024-08-26T18:16:27.956-0700] {processor.py:914} INFO - Processing file /home/jerson/airflow_venv/lib/python3.10/site-packages/airflow/example_dags/example_python_operator.py for tasks to queue
[2024-08-26T18:16:27.957-0700] {logging_mixin.py:190} INFO - [2024-08-26T18:16:27.957-0700] {dagbag.py:587} INFO - Filling up the DagBag from /home/jerson/airflow_venv/lib/python3.10/site-packages/airflow/example_dags/example_python_operator.py
[2024-08-26T18:16:27.977-0700] {logging_mixin.py:190} INFO - [2024-08-26T18:16:27.977-0700] {example_python_operator.py:93} WARNING - The virtalenv_python example task requires virtualenv, please install it.
[2024-08-26T18:16:27.979-0700] {processor.py:925} INFO - DAG(s) 'example_python_operator' retrieved from /home/jerson/airflow_venv/lib/python3.10/site-packages/airflow/example_dags/example_python_operator.py
[2024-08-26T18:16:27.990-0700] {logging_mixin.py:190} INFO - [2024-08-26T18:16:27.990-0700] {dag.py:3211} INFO - Sync 1 DAGs
[2024-08-26T18:16:27.998-0700] {logging_mixin.py:190} INFO - [2024-08-26T18:16:27.998-0700] {dag.py:4138} INFO - Setting next_dagrun for example_python_operator to None, run_after=None
[2024-08-26T18:16:28.015-0700] {processor.py:208} INFO - Processing /home/jerson/airflow_venv/lib/python3.10/site-packages/airflow/example_dags/example_python_operator.py took 0.063 seconds
[2024-08-26T18:17:37.733-0700] {processor.py:186} INFO - Started process (PID=56397) to work on /home/jerson/airflow_venv/lib/python3.10/site-packages/airflow/example_dags/example_python_operator.py
[2024-08-26T18:17:37.734-0700] {processor.py:914} INFO - Processing file /home/jerson/airflow_venv/lib/python3.10/site-packages/airflow/example_dags/example_python_operator.py for tasks to queue
[2024-08-26T18:17:37.735-0700] {logging_mixin.py:190} INFO - [2024-08-26T18:17:37.735-0700] {dagbag.py:587} INFO - Filling up the DagBag from /home/jerson/airflow_venv/lib/python3.10/site-packages/airflow/example_dags/example_python_operator.py
[2024-08-26T18:17:37.755-0700] {logging_mixin.py:190} INFO - [2024-08-26T18:17:37.755-0700] {example_python_operator.py:93} WARNING - The virtalenv_python example task requires virtualenv, please install it.
[2024-08-26T18:17:37.757-0700] {processor.py:925} INFO - DAG(s) 'example_python_operator' retrieved from /home/jerson/airflow_venv/lib/python3.10/site-packages/airflow/example_dags/example_python_operator.py
[2024-08-26T18:17:37.767-0700] {logging_mixin.py:190} INFO - [2024-08-26T18:17:37.767-0700] {dag.py:3211} INFO - Sync 1 DAGs
[2024-08-26T18:17:37.775-0700] {logging_mixin.py:190} INFO - [2024-08-26T18:17:37.775-0700] {dag.py:4138} INFO - Setting next_dagrun for example_python_operator to None, run_after=None
[2024-08-26T18:17:37.793-0700] {processor.py:208} INFO - Processing /home/jerson/airflow_venv/lib/python3.10/site-packages/airflow/example_dags/example_python_operator.py took 0.063 seconds
[2024-08-26T18:18:33.453-0700] {processor.py:186} INFO - Started process (PID=56970) to work on /home/jerson/airflow_venv/lib/python3.10/site-packages/airflow/example_dags/example_python_operator.py
[2024-08-26T18:18:33.454-0700] {processor.py:914} INFO - Processing file /home/jerson/airflow_venv/lib/python3.10/site-packages/airflow/example_dags/example_python_operator.py for tasks to queue
[2024-08-26T18:18:33.455-0700] {logging_mixin.py:190} INFO - [2024-08-26T18:18:33.454-0700] {dagbag.py:587} INFO - Filling up the DagBag from /home/jerson/airflow_venv/lib/python3.10/site-packages/airflow/example_dags/example_python_operator.py
[2024-08-26T18:18:33.475-0700] {logging_mixin.py:190} INFO - [2024-08-26T18:18:33.474-0700] {example_python_operator.py:93} WARNING - The virtalenv_python example task requires virtualenv, please install it.
[2024-08-26T18:18:33.476-0700] {processor.py:925} INFO - DAG(s) 'example_python_operator' retrieved from /home/jerson/airflow_venv/lib/python3.10/site-packages/airflow/example_dags/example_python_operator.py
[2024-08-26T18:18:33.486-0700] {logging_mixin.py:190} INFO - [2024-08-26T18:18:33.486-0700] {dag.py:3211} INFO - Sync 1 DAGs
[2024-08-26T18:18:33.494-0700] {logging_mixin.py:190} INFO - [2024-08-26T18:18:33.494-0700] {dag.py:4138} INFO - Setting next_dagrun for example_python_operator to None, run_after=None
[2024-08-26T18:18:33.511-0700] {processor.py:208} INFO - Processing /home/jerson/airflow_venv/lib/python3.10/site-packages/airflow/example_dags/example_python_operator.py took 0.061 seconds
[2024-08-26T18:19:46.954-0700] {processor.py:186} INFO - Started process (PID=57650) to work on /home/jerson/airflow_venv/lib/python3.10/site-packages/airflow/example_dags/example_python_operator.py
[2024-08-26T18:19:46.955-0700] {processor.py:914} INFO - Processing file /home/jerson/airflow_venv/lib/python3.10/site-packages/airflow/example_dags/example_python_operator.py for tasks to queue
[2024-08-26T18:19:46.955-0700] {logging_mixin.py:190} INFO - [2024-08-26T18:19:46.955-0700] {dagbag.py:587} INFO - Filling up the DagBag from /home/jerson/airflow_venv/lib/python3.10/site-packages/airflow/example_dags/example_python_operator.py
[2024-08-26T18:19:46.975-0700] {logging_mixin.py:190} INFO - [2024-08-26T18:19:46.975-0700] {example_python_operator.py:93} WARNING - The virtalenv_python example task requires virtualenv, please install it.
[2024-08-26T18:19:46.976-0700] {processor.py:925} INFO - DAG(s) 'example_python_operator' retrieved from /home/jerson/airflow_venv/lib/python3.10/site-packages/airflow/example_dags/example_python_operator.py
[2024-08-26T18:19:46.986-0700] {logging_mixin.py:190} INFO - [2024-08-26T18:19:46.986-0700] {dag.py:3211} INFO - Sync 1 DAGs
[2024-08-26T18:19:46.993-0700] {logging_mixin.py:190} INFO - [2024-08-26T18:19:46.993-0700] {dag.py:4138} INFO - Setting next_dagrun for example_python_operator to None, run_after=None
[2024-08-26T18:19:47.008-0700] {processor.py:208} INFO - Processing /home/jerson/airflow_venv/lib/python3.10/site-packages/airflow/example_dags/example_python_operator.py took 0.058 seconds
[2024-08-26T18:21:01.188-0700] {processor.py:186} INFO - Started process (PID=58426) to work on /home/jerson/airflow_venv/lib/python3.10/site-packages/airflow/example_dags/example_python_operator.py
[2024-08-26T18:21:01.189-0700] {processor.py:914} INFO - Processing file /home/jerson/airflow_venv/lib/python3.10/site-packages/airflow/example_dags/example_python_operator.py for tasks to queue
[2024-08-26T18:21:01.190-0700] {logging_mixin.py:190} INFO - [2024-08-26T18:21:01.190-0700] {dagbag.py:587} INFO - Filling up the DagBag from /home/jerson/airflow_venv/lib/python3.10/site-packages/airflow/example_dags/example_python_operator.py
[2024-08-26T18:21:01.210-0700] {logging_mixin.py:190} INFO - [2024-08-26T18:21:01.210-0700] {example_python_operator.py:93} WARNING - The virtalenv_python example task requires virtualenv, please install it.
[2024-08-26T18:21:01.212-0700] {processor.py:925} INFO - DAG(s) 'example_python_operator' retrieved from /home/jerson/airflow_venv/lib/python3.10/site-packages/airflow/example_dags/example_python_operator.py
[2024-08-26T18:21:01.222-0700] {logging_mixin.py:190} INFO - [2024-08-26T18:21:01.222-0700] {dag.py:3211} INFO - Sync 1 DAGs
[2024-08-26T18:21:01.229-0700] {logging_mixin.py:190} INFO - [2024-08-26T18:21:01.229-0700] {dag.py:4138} INFO - Setting next_dagrun for example_python_operator to None, run_after=None
[2024-08-26T18:21:01.245-0700] {processor.py:208} INFO - Processing /home/jerson/airflow_venv/lib/python3.10/site-packages/airflow/example_dags/example_python_operator.py took 0.060 seconds
[2024-08-26T18:21:57.437-0700] {processor.py:186} INFO - Started process (PID=59193) to work on /home/jerson/airflow_venv/lib/python3.10/site-packages/airflow/example_dags/example_python_operator.py
[2024-08-26T18:21:57.438-0700] {processor.py:914} INFO - Processing file /home/jerson/airflow_venv/lib/python3.10/site-packages/airflow/example_dags/example_python_operator.py for tasks to queue
[2024-08-26T18:21:57.439-0700] {logging_mixin.py:190} INFO - [2024-08-26T18:21:57.439-0700] {dagbag.py:587} INFO - Filling up the DagBag from /home/jerson/airflow_venv/lib/python3.10/site-packages/airflow/example_dags/example_python_operator.py
[2024-08-26T18:21:57.460-0700] {logging_mixin.py:190} INFO - [2024-08-26T18:21:57.460-0700] {example_python_operator.py:93} WARNING - The virtalenv_python example task requires virtualenv, please install it.
[2024-08-26T18:21:57.462-0700] {processor.py:925} INFO - DAG(s) 'example_python_operator' retrieved from /home/jerson/airflow_venv/lib/python3.10/site-packages/airflow/example_dags/example_python_operator.py
[2024-08-26T18:21:57.473-0700] {logging_mixin.py:190} INFO - [2024-08-26T18:21:57.473-0700] {dag.py:3211} INFO - Sync 1 DAGs
[2024-08-26T18:21:57.482-0700] {logging_mixin.py:190} INFO - [2024-08-26T18:21:57.482-0700] {dag.py:4138} INFO - Setting next_dagrun for example_python_operator to None, run_after=None
[2024-08-26T18:21:57.499-0700] {processor.py:208} INFO - Processing /home/jerson/airflow_venv/lib/python3.10/site-packages/airflow/example_dags/example_python_operator.py took 0.066 seconds
[2024-08-26T18:23:10.077-0700] {processor.py:186} INFO - Started process (PID=60064) to work on /home/jerson/airflow_venv/lib/python3.10/site-packages/airflow/example_dags/example_python_operator.py
[2024-08-26T18:23:10.078-0700] {processor.py:914} INFO - Processing file /home/jerson/airflow_venv/lib/python3.10/site-packages/airflow/example_dags/example_python_operator.py for tasks to queue
[2024-08-26T18:23:10.079-0700] {logging_mixin.py:190} INFO - [2024-08-26T18:23:10.079-0700] {dagbag.py:587} INFO - Filling up the DagBag from /home/jerson/airflow_venv/lib/python3.10/site-packages/airflow/example_dags/example_python_operator.py
[2024-08-26T18:23:10.099-0700] {logging_mixin.py:190} INFO - [2024-08-26T18:23:10.099-0700] {example_python_operator.py:93} WARNING - The virtalenv_python example task requires virtualenv, please install it.
[2024-08-26T18:23:10.101-0700] {processor.py:925} INFO - DAG(s) 'example_python_operator' retrieved from /home/jerson/airflow_venv/lib/python3.10/site-packages/airflow/example_dags/example_python_operator.py
[2024-08-26T18:23:10.110-0700] {logging_mixin.py:190} INFO - [2024-08-26T18:23:10.110-0700] {dag.py:3211} INFO - Sync 1 DAGs
[2024-08-26T18:23:10.118-0700] {logging_mixin.py:190} INFO - [2024-08-26T18:23:10.118-0700] {dag.py:4138} INFO - Setting next_dagrun for example_python_operator to None, run_after=None
[2024-08-26T18:23:10.134-0700] {processor.py:208} INFO - Processing /home/jerson/airflow_venv/lib/python3.10/site-packages/airflow/example_dags/example_python_operator.py took 0.060 seconds
[2024-08-26T18:24:23.601-0700] {processor.py:186} INFO - Started process (PID=60697) to work on /home/jerson/airflow_venv/lib/python3.10/site-packages/airflow/example_dags/example_python_operator.py
[2024-08-26T18:24:23.602-0700] {processor.py:914} INFO - Processing file /home/jerson/airflow_venv/lib/python3.10/site-packages/airflow/example_dags/example_python_operator.py for tasks to queue
[2024-08-26T18:24:23.603-0700] {logging_mixin.py:190} INFO - [2024-08-26T18:24:23.602-0700] {dagbag.py:587} INFO - Filling up the DagBag from /home/jerson/airflow_venv/lib/python3.10/site-packages/airflow/example_dags/example_python_operator.py
[2024-08-26T18:24:23.624-0700] {logging_mixin.py:190} INFO - [2024-08-26T18:24:23.623-0700] {example_python_operator.py:93} WARNING - The virtalenv_python example task requires virtualenv, please install it.
[2024-08-26T18:24:23.625-0700] {processor.py:925} INFO - DAG(s) 'example_python_operator' retrieved from /home/jerson/airflow_venv/lib/python3.10/site-packages/airflow/example_dags/example_python_operator.py
[2024-08-26T18:24:23.636-0700] {logging_mixin.py:190} INFO - [2024-08-26T18:24:23.635-0700] {dag.py:3211} INFO - Sync 1 DAGs
[2024-08-26T18:24:23.643-0700] {logging_mixin.py:190} INFO - [2024-08-26T18:24:23.642-0700] {dag.py:4138} INFO - Setting next_dagrun for example_python_operator to None, run_after=None
[2024-08-26T18:24:23.658-0700] {processor.py:208} INFO - Processing /home/jerson/airflow_venv/lib/python3.10/site-packages/airflow/example_dags/example_python_operator.py took 0.061 seconds
[2024-08-26T18:25:16.548-0700] {processor.py:186} INFO - Started process (PID=61127) to work on /home/jerson/airflow_venv/lib/python3.10/site-packages/airflow/example_dags/example_python_operator.py
[2024-08-26T18:25:16.549-0700] {processor.py:914} INFO - Processing file /home/jerson/airflow_venv/lib/python3.10/site-packages/airflow/example_dags/example_python_operator.py for tasks to queue
[2024-08-26T18:25:16.550-0700] {logging_mixin.py:190} INFO - [2024-08-26T18:25:16.550-0700] {dagbag.py:587} INFO - Filling up the DagBag from /home/jerson/airflow_venv/lib/python3.10/site-packages/airflow/example_dags/example_python_operator.py
[2024-08-26T18:25:16.570-0700] {logging_mixin.py:190} INFO - [2024-08-26T18:25:16.570-0700] {example_python_operator.py:93} WARNING - The virtalenv_python example task requires virtualenv, please install it.
[2024-08-26T18:25:16.571-0700] {processor.py:925} INFO - DAG(s) 'example_python_operator' retrieved from /home/jerson/airflow_venv/lib/python3.10/site-packages/airflow/example_dags/example_python_operator.py
[2024-08-26T18:25:16.582-0700] {logging_mixin.py:190} INFO - [2024-08-26T18:25:16.582-0700] {dag.py:3211} INFO - Sync 1 DAGs
[2024-08-26T18:25:16.589-0700] {logging_mixin.py:190} INFO - [2024-08-26T18:25:16.589-0700] {dag.py:4138} INFO - Setting next_dagrun for example_python_operator to None, run_after=None
[2024-08-26T18:25:16.604-0700] {processor.py:208} INFO - Processing /home/jerson/airflow_venv/lib/python3.10/site-packages/airflow/example_dags/example_python_operator.py took 0.060 seconds
[2024-08-26T18:26:38.182-0700] {processor.py:186} INFO - Started process (PID=62243) to work on /home/jerson/airflow_venv/lib/python3.10/site-packages/airflow/example_dags/example_python_operator.py
[2024-08-26T18:26:38.183-0700] {processor.py:914} INFO - Processing file /home/jerson/airflow_venv/lib/python3.10/site-packages/airflow/example_dags/example_python_operator.py for tasks to queue
[2024-08-26T18:26:38.184-0700] {logging_mixin.py:190} INFO - [2024-08-26T18:26:38.183-0700] {dagbag.py:587} INFO - Filling up the DagBag from /home/jerson/airflow_venv/lib/python3.10/site-packages/airflow/example_dags/example_python_operator.py
[2024-08-26T18:26:38.204-0700] {logging_mixin.py:190} INFO - [2024-08-26T18:26:38.204-0700] {example_python_operator.py:93} WARNING - The virtalenv_python example task requires virtualenv, please install it.
[2024-08-26T18:26:38.206-0700] {processor.py:925} INFO - DAG(s) 'example_python_operator' retrieved from /home/jerson/airflow_venv/lib/python3.10/site-packages/airflow/example_dags/example_python_operator.py
[2024-08-26T18:26:38.218-0700] {logging_mixin.py:190} INFO - [2024-08-26T18:26:38.218-0700] {dag.py:3211} INFO - Sync 1 DAGs
[2024-08-26T18:26:38.225-0700] {logging_mixin.py:190} INFO - [2024-08-26T18:26:38.225-0700] {dag.py:4138} INFO - Setting next_dagrun for example_python_operator to None, run_after=None
[2024-08-26T18:26:38.242-0700] {processor.py:208} INFO - Processing /home/jerson/airflow_venv/lib/python3.10/site-packages/airflow/example_dags/example_python_operator.py took 0.064 seconds
[2024-08-26T18:27:52.962-0700] {processor.py:186} INFO - Started process (PID=62834) to work on /home/jerson/airflow_venv/lib/python3.10/site-packages/airflow/example_dags/example_python_operator.py
[2024-08-26T18:27:52.963-0700] {processor.py:914} INFO - Processing file /home/jerson/airflow_venv/lib/python3.10/site-packages/airflow/example_dags/example_python_operator.py for tasks to queue
[2024-08-26T18:27:52.964-0700] {logging_mixin.py:190} INFO - [2024-08-26T18:27:52.964-0700] {dagbag.py:587} INFO - Filling up the DagBag from /home/jerson/airflow_venv/lib/python3.10/site-packages/airflow/example_dags/example_python_operator.py
[2024-08-26T18:27:52.984-0700] {logging_mixin.py:190} INFO - [2024-08-26T18:27:52.984-0700] {example_python_operator.py:93} WARNING - The virtalenv_python example task requires virtualenv, please install it.
[2024-08-26T18:27:52.986-0700] {processor.py:925} INFO - DAG(s) 'example_python_operator' retrieved from /home/jerson/airflow_venv/lib/python3.10/site-packages/airflow/example_dags/example_python_operator.py
[2024-08-26T18:27:52.996-0700] {logging_mixin.py:190} INFO - [2024-08-26T18:27:52.996-0700] {dag.py:3211} INFO - Sync 1 DAGs
[2024-08-26T18:27:53.004-0700] {logging_mixin.py:190} INFO - [2024-08-26T18:27:53.003-0700] {dag.py:4138} INFO - Setting next_dagrun for example_python_operator to None, run_after=None
[2024-08-26T18:27:53.022-0700] {processor.py:208} INFO - Processing /home/jerson/airflow_venv/lib/python3.10/site-packages/airflow/example_dags/example_python_operator.py took 0.063 seconds
[2024-08-26T18:28:45.251-0700] {processor.py:186} INFO - Started process (PID=63252) to work on /home/jerson/airflow_venv/lib/python3.10/site-packages/airflow/example_dags/example_python_operator.py
[2024-08-26T18:28:45.253-0700] {processor.py:914} INFO - Processing file /home/jerson/airflow_venv/lib/python3.10/site-packages/airflow/example_dags/example_python_operator.py for tasks to queue
[2024-08-26T18:28:45.254-0700] {logging_mixin.py:190} INFO - [2024-08-26T18:28:45.254-0700] {dagbag.py:587} INFO - Filling up the DagBag from /home/jerson/airflow_venv/lib/python3.10/site-packages/airflow/example_dags/example_python_operator.py
[2024-08-26T18:28:45.275-0700] {logging_mixin.py:190} INFO - [2024-08-26T18:28:45.275-0700] {example_python_operator.py:93} WARNING - The virtalenv_python example task requires virtualenv, please install it.
[2024-08-26T18:28:45.277-0700] {processor.py:925} INFO - DAG(s) 'example_python_operator' retrieved from /home/jerson/airflow_venv/lib/python3.10/site-packages/airflow/example_dags/example_python_operator.py
[2024-08-26T18:28:45.288-0700] {logging_mixin.py:190} INFO - [2024-08-26T18:28:45.288-0700] {dag.py:3211} INFO - Sync 1 DAGs
[2024-08-26T18:28:45.295-0700] {logging_mixin.py:190} INFO - [2024-08-26T18:28:45.295-0700] {dag.py:4138} INFO - Setting next_dagrun for example_python_operator to None, run_after=None
[2024-08-26T18:28:45.313-0700] {processor.py:208} INFO - Processing /home/jerson/airflow_venv/lib/python3.10/site-packages/airflow/example_dags/example_python_operator.py took 0.066 seconds
[2024-08-26T18:29:59.522-0700] {processor.py:186} INFO - Started process (PID=63847) to work on /home/jerson/airflow_venv/lib/python3.10/site-packages/airflow/example_dags/example_python_operator.py
[2024-08-26T18:29:59.523-0700] {processor.py:914} INFO - Processing file /home/jerson/airflow_venv/lib/python3.10/site-packages/airflow/example_dags/example_python_operator.py for tasks to queue
[2024-08-26T18:29:59.523-0700] {logging_mixin.py:190} INFO - [2024-08-26T18:29:59.523-0700] {dagbag.py:587} INFO - Filling up the DagBag from /home/jerson/airflow_venv/lib/python3.10/site-packages/airflow/example_dags/example_python_operator.py
[2024-08-26T18:29:59.543-0700] {logging_mixin.py:190} INFO - [2024-08-26T18:29:59.543-0700] {example_python_operator.py:93} WARNING - The virtalenv_python example task requires virtualenv, please install it.
[2024-08-26T18:29:59.545-0700] {processor.py:925} INFO - DAG(s) 'example_python_operator' retrieved from /home/jerson/airflow_venv/lib/python3.10/site-packages/airflow/example_dags/example_python_operator.py
[2024-08-26T18:29:59.555-0700] {logging_mixin.py:190} INFO - [2024-08-26T18:29:59.554-0700] {dag.py:3211} INFO - Sync 1 DAGs
[2024-08-26T18:29:59.561-0700] {logging_mixin.py:190} INFO - [2024-08-26T18:29:59.561-0700] {dag.py:4138} INFO - Setting next_dagrun for example_python_operator to None, run_after=None
[2024-08-26T18:29:59.577-0700] {processor.py:208} INFO - Processing /home/jerson/airflow_venv/lib/python3.10/site-packages/airflow/example_dags/example_python_operator.py took 0.058 seconds
[2024-08-26T18:31:12.551-0700] {processor.py:186} INFO - Started process (PID=64578) to work on /home/jerson/airflow_venv/lib/python3.10/site-packages/airflow/example_dags/example_python_operator.py
[2024-08-26T18:31:12.552-0700] {processor.py:914} INFO - Processing file /home/jerson/airflow_venv/lib/python3.10/site-packages/airflow/example_dags/example_python_operator.py for tasks to queue
[2024-08-26T18:31:12.553-0700] {logging_mixin.py:190} INFO - [2024-08-26T18:31:12.553-0700] {dagbag.py:587} INFO - Filling up the DagBag from /home/jerson/airflow_venv/lib/python3.10/site-packages/airflow/example_dags/example_python_operator.py
[2024-08-26T18:31:12.573-0700] {logging_mixin.py:190} INFO - [2024-08-26T18:31:12.573-0700] {example_python_operator.py:93} WARNING - The virtalenv_python example task requires virtualenv, please install it.
[2024-08-26T18:31:12.574-0700] {processor.py:925} INFO - DAG(s) 'example_python_operator' retrieved from /home/jerson/airflow_venv/lib/python3.10/site-packages/airflow/example_dags/example_python_operator.py
[2024-08-26T18:31:12.584-0700] {logging_mixin.py:190} INFO - [2024-08-26T18:31:12.584-0700] {dag.py:3211} INFO - Sync 1 DAGs
[2024-08-26T18:31:12.591-0700] {logging_mixin.py:190} INFO - [2024-08-26T18:31:12.591-0700] {dag.py:4138} INFO - Setting next_dagrun for example_python_operator to None, run_after=None
[2024-08-26T18:31:12.606-0700] {processor.py:208} INFO - Processing /home/jerson/airflow_venv/lib/python3.10/site-packages/airflow/example_dags/example_python_operator.py took 0.058 seconds
