[2024-08-26T17:37:32.525-0700] {processor.py:186} INFO - Started process (PID=32890) to work on /home/jerson/airflow_venv/lib/python3.10/site-packages/airflow/example_dags/example_branch_python_dop_operator_3.py
[2024-08-26T17:37:32.526-0700] {processor.py:914} INFO - Processing file /home/jerson/airflow_venv/lib/python3.10/site-packages/airflow/example_dags/example_branch_python_dop_operator_3.py for tasks to queue
[2024-08-26T17:37:32.527-0700] {logging_mixin.py:190} INFO - [2024-08-26T17:37:32.526-0700] {dagbag.py:587} INFO - Filling up the DagBag from /home/jerson/airflow_venv/lib/python3.10/site-packages/airflow/example_dags/example_branch_python_dop_operator_3.py
[2024-08-26T17:37:32.532-0700] {processor.py:925} INFO - DAG(s) 'example_branch_dop_operator_v3' retrieved from /home/jerson/airflow_venv/lib/python3.10/site-packages/airflow/example_dags/example_branch_python_dop_operator_3.py
[2024-08-26T17:37:32.541-0700] {logging_mixin.py:190} INFO - [2024-08-26T17:37:32.540-0700] {dag.py:3211} INFO - Sync 1 DAGs
[2024-08-26T17:37:32.553-0700] {logging_mixin.py:190} INFO - [2024-08-26T17:37:32.553-0700] {dag.py:4138} INFO - Setting next_dagrun for example_branch_dop_operator_v3 to 2024-08-27 00:36:00+00:00, run_after=2024-08-27 00:37:00+00:00
[2024-08-26T17:37:32.569-0700] {processor.py:208} INFO - Processing /home/jerson/airflow_venv/lib/python3.10/site-packages/airflow/example_dags/example_branch_python_dop_operator_3.py took 0.047 seconds
[2024-08-26T17:38:47.444-0700] {processor.py:186} INFO - Started process (PID=33486) to work on /home/jerson/airflow_venv/lib/python3.10/site-packages/airflow/example_dags/example_branch_python_dop_operator_3.py
[2024-08-26T17:38:47.445-0700] {processor.py:914} INFO - Processing file /home/jerson/airflow_venv/lib/python3.10/site-packages/airflow/example_dags/example_branch_python_dop_operator_3.py for tasks to queue
[2024-08-26T17:38:47.446-0700] {logging_mixin.py:190} INFO - [2024-08-26T17:38:47.446-0700] {dagbag.py:587} INFO - Filling up the DagBag from /home/jerson/airflow_venv/lib/python3.10/site-packages/airflow/example_dags/example_branch_python_dop_operator_3.py
[2024-08-26T17:38:47.452-0700] {processor.py:925} INFO - DAG(s) 'example_branch_dop_operator_v3' retrieved from /home/jerson/airflow_venv/lib/python3.10/site-packages/airflow/example_dags/example_branch_python_dop_operator_3.py
[2024-08-26T17:38:47.461-0700] {logging_mixin.py:190} INFO - [2024-08-26T17:38:47.461-0700] {dag.py:3211} INFO - Sync 1 DAGs
[2024-08-26T17:38:47.475-0700] {logging_mixin.py:190} INFO - [2024-08-26T17:38:47.475-0700] {dag.py:4138} INFO - Setting next_dagrun for example_branch_dop_operator_v3 to 2024-08-27 00:37:00+00:00, run_after=2024-08-27 00:38:00+00:00
[2024-08-26T17:38:47.490-0700] {processor.py:208} INFO - Processing /home/jerson/airflow_venv/lib/python3.10/site-packages/airflow/example_dags/example_branch_python_dop_operator_3.py took 0.049 seconds
[2024-08-26T17:39:59.798-0700] {processor.py:186} INFO - Started process (PID=34092) to work on /home/jerson/airflow_venv/lib/python3.10/site-packages/airflow/example_dags/example_branch_python_dop_operator_3.py
[2024-08-26T17:39:59.799-0700] {processor.py:914} INFO - Processing file /home/jerson/airflow_venv/lib/python3.10/site-packages/airflow/example_dags/example_branch_python_dop_operator_3.py for tasks to queue
[2024-08-26T17:39:59.800-0700] {logging_mixin.py:190} INFO - [2024-08-26T17:39:59.800-0700] {dagbag.py:587} INFO - Filling up the DagBag from /home/jerson/airflow_venv/lib/python3.10/site-packages/airflow/example_dags/example_branch_python_dop_operator_3.py
[2024-08-26T17:39:59.806-0700] {processor.py:925} INFO - DAG(s) 'example_branch_dop_operator_v3' retrieved from /home/jerson/airflow_venv/lib/python3.10/site-packages/airflow/example_dags/example_branch_python_dop_operator_3.py
[2024-08-26T17:39:59.815-0700] {logging_mixin.py:190} INFO - [2024-08-26T17:39:59.815-0700] {dag.py:3211} INFO - Sync 1 DAGs
[2024-08-26T17:39:59.829-0700] {logging_mixin.py:190} INFO - [2024-08-26T17:39:59.829-0700] {dag.py:4138} INFO - Setting next_dagrun for example_branch_dop_operator_v3 to 2024-08-27 00:38:00+00:00, run_after=2024-08-27 00:39:00+00:00
[2024-08-26T17:39:59.844-0700] {processor.py:208} INFO - Processing /home/jerson/airflow_venv/lib/python3.10/site-packages/airflow/example_dags/example_branch_python_dop_operator_3.py took 0.049 seconds
[2024-08-26T17:41:14.885-0700] {processor.py:186} INFO - Started process (PID=34690) to work on /home/jerson/airflow_venv/lib/python3.10/site-packages/airflow/example_dags/example_branch_python_dop_operator_3.py
[2024-08-26T17:41:14.886-0700] {processor.py:914} INFO - Processing file /home/jerson/airflow_venv/lib/python3.10/site-packages/airflow/example_dags/example_branch_python_dop_operator_3.py for tasks to queue
[2024-08-26T17:41:14.887-0700] {logging_mixin.py:190} INFO - [2024-08-26T17:41:14.887-0700] {dagbag.py:587} INFO - Filling up the DagBag from /home/jerson/airflow_venv/lib/python3.10/site-packages/airflow/example_dags/example_branch_python_dop_operator_3.py
[2024-08-26T17:41:14.893-0700] {processor.py:925} INFO - DAG(s) 'example_branch_dop_operator_v3' retrieved from /home/jerson/airflow_venv/lib/python3.10/site-packages/airflow/example_dags/example_branch_python_dop_operator_3.py
[2024-08-26T17:41:14.901-0700] {logging_mixin.py:190} INFO - [2024-08-26T17:41:14.901-0700] {dag.py:3211} INFO - Sync 1 DAGs
[2024-08-26T17:41:14.914-0700] {logging_mixin.py:190} INFO - [2024-08-26T17:41:14.914-0700] {dag.py:4138} INFO - Setting next_dagrun for example_branch_dop_operator_v3 to 2024-08-27 00:40:00+00:00, run_after=2024-08-27 00:41:00+00:00
[2024-08-26T17:41:14.928-0700] {processor.py:208} INFO - Processing /home/jerson/airflow_venv/lib/python3.10/site-packages/airflow/example_dags/example_branch_python_dop_operator_3.py took 0.047 seconds
[2024-08-26T17:42:27.876-0700] {processor.py:186} INFO - Started process (PID=35273) to work on /home/jerson/airflow_venv/lib/python3.10/site-packages/airflow/example_dags/example_branch_python_dop_operator_3.py
[2024-08-26T17:42:27.877-0700] {processor.py:914} INFO - Processing file /home/jerson/airflow_venv/lib/python3.10/site-packages/airflow/example_dags/example_branch_python_dop_operator_3.py for tasks to queue
[2024-08-26T17:42:27.878-0700] {logging_mixin.py:190} INFO - [2024-08-26T17:42:27.878-0700] {dagbag.py:587} INFO - Filling up the DagBag from /home/jerson/airflow_venv/lib/python3.10/site-packages/airflow/example_dags/example_branch_python_dop_operator_3.py
[2024-08-26T17:42:27.884-0700] {processor.py:925} INFO - DAG(s) 'example_branch_dop_operator_v3' retrieved from /home/jerson/airflow_venv/lib/python3.10/site-packages/airflow/example_dags/example_branch_python_dop_operator_3.py
[2024-08-26T17:42:27.892-0700] {logging_mixin.py:190} INFO - [2024-08-26T17:42:27.892-0700] {dag.py:3211} INFO - Sync 1 DAGs
[2024-08-26T17:42:27.905-0700] {logging_mixin.py:190} INFO - [2024-08-26T17:42:27.905-0700] {dag.py:4138} INFO - Setting next_dagrun for example_branch_dop_operator_v3 to 2024-08-27 00:41:00+00:00, run_after=2024-08-27 00:42:00+00:00
[2024-08-26T17:42:27.920-0700] {processor.py:208} INFO - Processing /home/jerson/airflow_venv/lib/python3.10/site-packages/airflow/example_dags/example_branch_python_dop_operator_3.py took 0.047 seconds
[2024-08-26T17:43:42.020-0700] {processor.py:186} INFO - Started process (PID=35859) to work on /home/jerson/airflow_venv/lib/python3.10/site-packages/airflow/example_dags/example_branch_python_dop_operator_3.py
[2024-08-26T17:43:42.021-0700] {processor.py:914} INFO - Processing file /home/jerson/airflow_venv/lib/python3.10/site-packages/airflow/example_dags/example_branch_python_dop_operator_3.py for tasks to queue
[2024-08-26T17:43:42.023-0700] {logging_mixin.py:190} INFO - [2024-08-26T17:43:42.023-0700] {dagbag.py:587} INFO - Filling up the DagBag from /home/jerson/airflow_venv/lib/python3.10/site-packages/airflow/example_dags/example_branch_python_dop_operator_3.py
[2024-08-26T17:43:42.030-0700] {processor.py:925} INFO - DAG(s) 'example_branch_dop_operator_v3' retrieved from /home/jerson/airflow_venv/lib/python3.10/site-packages/airflow/example_dags/example_branch_python_dop_operator_3.py
[2024-08-26T17:43:42.042-0700] {logging_mixin.py:190} INFO - [2024-08-26T17:43:42.042-0700] {dag.py:3211} INFO - Sync 1 DAGs
[2024-08-26T17:43:42.057-0700] {logging_mixin.py:190} INFO - [2024-08-26T17:43:42.057-0700] {dag.py:4138} INFO - Setting next_dagrun for example_branch_dop_operator_v3 to 2024-08-27 00:42:00+00:00, run_after=2024-08-27 00:43:00+00:00
[2024-08-26T17:43:42.074-0700] {processor.py:208} INFO - Processing /home/jerson/airflow_venv/lib/python3.10/site-packages/airflow/example_dags/example_branch_python_dop_operator_3.py took 0.058 seconds
[2024-08-26T17:44:55.702-0700] {processor.py:186} INFO - Started process (PID=36473) to work on /home/jerson/airflow_venv/lib/python3.10/site-packages/airflow/example_dags/example_branch_python_dop_operator_3.py
[2024-08-26T17:44:55.703-0700] {processor.py:914} INFO - Processing file /home/jerson/airflow_venv/lib/python3.10/site-packages/airflow/example_dags/example_branch_python_dop_operator_3.py for tasks to queue
[2024-08-26T17:44:55.704-0700] {logging_mixin.py:190} INFO - [2024-08-26T17:44:55.704-0700] {dagbag.py:587} INFO - Filling up the DagBag from /home/jerson/airflow_venv/lib/python3.10/site-packages/airflow/example_dags/example_branch_python_dop_operator_3.py
[2024-08-26T17:44:55.710-0700] {processor.py:925} INFO - DAG(s) 'example_branch_dop_operator_v3' retrieved from /home/jerson/airflow_venv/lib/python3.10/site-packages/airflow/example_dags/example_branch_python_dop_operator_3.py
[2024-08-26T17:44:55.719-0700] {logging_mixin.py:190} INFO - [2024-08-26T17:44:55.719-0700] {dag.py:3211} INFO - Sync 1 DAGs
[2024-08-26T17:44:55.732-0700] {logging_mixin.py:190} INFO - [2024-08-26T17:44:55.732-0700] {dag.py:4138} INFO - Setting next_dagrun for example_branch_dop_operator_v3 to 2024-08-27 00:43:00+00:00, run_after=2024-08-27 00:44:00+00:00
[2024-08-26T17:44:55.748-0700] {processor.py:208} INFO - Processing /home/jerson/airflow_venv/lib/python3.10/site-packages/airflow/example_dags/example_branch_python_dop_operator_3.py took 0.049 seconds
[2024-08-26T17:46:12.188-0700] {processor.py:186} INFO - Started process (PID=37256) to work on /home/jerson/airflow_venv/lib/python3.10/site-packages/airflow/example_dags/example_branch_python_dop_operator_3.py
[2024-08-26T17:46:12.189-0700] {processor.py:914} INFO - Processing file /home/jerson/airflow_venv/lib/python3.10/site-packages/airflow/example_dags/example_branch_python_dop_operator_3.py for tasks to queue
[2024-08-26T17:46:12.190-0700] {logging_mixin.py:190} INFO - [2024-08-26T17:46:12.190-0700] {dagbag.py:587} INFO - Filling up the DagBag from /home/jerson/airflow_venv/lib/python3.10/site-packages/airflow/example_dags/example_branch_python_dop_operator_3.py
[2024-08-26T17:46:12.196-0700] {processor.py:925} INFO - DAG(s) 'example_branch_dop_operator_v3' retrieved from /home/jerson/airflow_venv/lib/python3.10/site-packages/airflow/example_dags/example_branch_python_dop_operator_3.py
[2024-08-26T17:46:12.206-0700] {logging_mixin.py:190} INFO - [2024-08-26T17:46:12.206-0700] {dag.py:3211} INFO - Sync 1 DAGs
[2024-08-26T17:46:12.220-0700] {logging_mixin.py:190} INFO - [2024-08-26T17:46:12.220-0700] {dag.py:4138} INFO - Setting next_dagrun for example_branch_dop_operator_v3 to 2024-08-27 00:45:00+00:00, run_after=2024-08-27 00:46:00+00:00
[2024-08-26T17:46:12.237-0700] {processor.py:208} INFO - Processing /home/jerson/airflow_venv/lib/python3.10/site-packages/airflow/example_dags/example_branch_python_dop_operator_3.py took 0.052 seconds
[2024-08-26T17:47:23.921-0700] {processor.py:186} INFO - Started process (PID=38029) to work on /home/jerson/airflow_venv/lib/python3.10/site-packages/airflow/example_dags/example_branch_python_dop_operator_3.py
[2024-08-26T17:47:23.922-0700] {processor.py:914} INFO - Processing file /home/jerson/airflow_venv/lib/python3.10/site-packages/airflow/example_dags/example_branch_python_dop_operator_3.py for tasks to queue
[2024-08-26T17:47:23.923-0700] {logging_mixin.py:190} INFO - [2024-08-26T17:47:23.923-0700] {dagbag.py:587} INFO - Filling up the DagBag from /home/jerson/airflow_venv/lib/python3.10/site-packages/airflow/example_dags/example_branch_python_dop_operator_3.py
[2024-08-26T17:47:23.930-0700] {processor.py:925} INFO - DAG(s) 'example_branch_dop_operator_v3' retrieved from /home/jerson/airflow_venv/lib/python3.10/site-packages/airflow/example_dags/example_branch_python_dop_operator_3.py
[2024-08-26T17:47:23.939-0700] {logging_mixin.py:190} INFO - [2024-08-26T17:47:23.939-0700] {dag.py:3211} INFO - Sync 1 DAGs
[2024-08-26T17:47:23.955-0700] {logging_mixin.py:190} INFO - [2024-08-26T17:47:23.955-0700] {dag.py:4138} INFO - Setting next_dagrun for example_branch_dop_operator_v3 to 2024-08-27 00:46:00+00:00, run_after=2024-08-27 00:47:00+00:00
[2024-08-26T17:47:23.972-0700] {processor.py:208} INFO - Processing /home/jerson/airflow_venv/lib/python3.10/site-packages/airflow/example_dags/example_branch_python_dop_operator_3.py took 0.055 seconds
[2024-08-26T17:48:42.633-0700] {processor.py:186} INFO - Started process (PID=38782) to work on /home/jerson/airflow_venv/lib/python3.10/site-packages/airflow/example_dags/example_branch_python_dop_operator_3.py
[2024-08-26T17:48:42.634-0700] {processor.py:914} INFO - Processing file /home/jerson/airflow_venv/lib/python3.10/site-packages/airflow/example_dags/example_branch_python_dop_operator_3.py for tasks to queue
[2024-08-26T17:48:42.635-0700] {logging_mixin.py:190} INFO - [2024-08-26T17:48:42.635-0700] {dagbag.py:587} INFO - Filling up the DagBag from /home/jerson/airflow_venv/lib/python3.10/site-packages/airflow/example_dags/example_branch_python_dop_operator_3.py
[2024-08-26T17:48:42.642-0700] {processor.py:925} INFO - DAG(s) 'example_branch_dop_operator_v3' retrieved from /home/jerson/airflow_venv/lib/python3.10/site-packages/airflow/example_dags/example_branch_python_dop_operator_3.py
[2024-08-26T17:48:42.652-0700] {logging_mixin.py:190} INFO - [2024-08-26T17:48:42.652-0700] {dag.py:3211} INFO - Sync 1 DAGs
[2024-08-26T17:48:42.669-0700] {logging_mixin.py:190} INFO - [2024-08-26T17:48:42.669-0700] {dag.py:4138} INFO - Setting next_dagrun for example_branch_dop_operator_v3 to 2024-08-27 00:47:00+00:00, run_after=2024-08-27 00:48:00+00:00
[2024-08-26T17:48:42.685-0700] {processor.py:208} INFO - Processing /home/jerson/airflow_venv/lib/python3.10/site-packages/airflow/example_dags/example_branch_python_dop_operator_3.py took 0.056 seconds
[2024-08-26T17:49:59.328-0700] {processor.py:186} INFO - Started process (PID=39453) to work on /home/jerson/airflow_venv/lib/python3.10/site-packages/airflow/example_dags/example_branch_python_dop_operator_3.py
[2024-08-26T17:49:59.330-0700] {processor.py:914} INFO - Processing file /home/jerson/airflow_venv/lib/python3.10/site-packages/airflow/example_dags/example_branch_python_dop_operator_3.py for tasks to queue
[2024-08-26T17:49:59.331-0700] {logging_mixin.py:190} INFO - [2024-08-26T17:49:59.331-0700] {dagbag.py:587} INFO - Filling up the DagBag from /home/jerson/airflow_venv/lib/python3.10/site-packages/airflow/example_dags/example_branch_python_dop_operator_3.py
[2024-08-26T17:49:59.337-0700] {processor.py:925} INFO - DAG(s) 'example_branch_dop_operator_v3' retrieved from /home/jerson/airflow_venv/lib/python3.10/site-packages/airflow/example_dags/example_branch_python_dop_operator_3.py
[2024-08-26T17:49:59.347-0700] {logging_mixin.py:190} INFO - [2024-08-26T17:49:59.347-0700] {dag.py:3211} INFO - Sync 1 DAGs
[2024-08-26T17:49:59.362-0700] {logging_mixin.py:190} INFO - [2024-08-26T17:49:59.362-0700] {dag.py:4138} INFO - Setting next_dagrun for example_branch_dop_operator_v3 to 2024-08-27 00:48:00+00:00, run_after=2024-08-27 00:49:00+00:00
[2024-08-26T17:49:59.378-0700] {processor.py:208} INFO - Processing /home/jerson/airflow_venv/lib/python3.10/site-packages/airflow/example_dags/example_branch_python_dop_operator_3.py took 0.053 seconds
[2024-08-26T17:51:16.688-0700] {processor.py:186} INFO - Started process (PID=40071) to work on /home/jerson/airflow_venv/lib/python3.10/site-packages/airflow/example_dags/example_branch_python_dop_operator_3.py
[2024-08-26T17:51:16.689-0700] {processor.py:914} INFO - Processing file /home/jerson/airflow_venv/lib/python3.10/site-packages/airflow/example_dags/example_branch_python_dop_operator_3.py for tasks to queue
[2024-08-26T17:51:16.691-0700] {logging_mixin.py:190} INFO - [2024-08-26T17:51:16.690-0700] {dagbag.py:587} INFO - Filling up the DagBag from /home/jerson/airflow_venv/lib/python3.10/site-packages/airflow/example_dags/example_branch_python_dop_operator_3.py
[2024-08-26T17:51:16.698-0700] {processor.py:925} INFO - DAG(s) 'example_branch_dop_operator_v3' retrieved from /home/jerson/airflow_venv/lib/python3.10/site-packages/airflow/example_dags/example_branch_python_dop_operator_3.py
[2024-08-26T17:51:16.708-0700] {logging_mixin.py:190} INFO - [2024-08-26T17:51:16.708-0700] {dag.py:3211} INFO - Sync 1 DAGs
[2024-08-26T17:51:16.723-0700] {logging_mixin.py:190} INFO - [2024-08-26T17:51:16.723-0700] {dag.py:4138} INFO - Setting next_dagrun for example_branch_dop_operator_v3 to 2024-08-27 00:50:00+00:00, run_after=2024-08-27 00:51:00+00:00
[2024-08-26T17:51:16.740-0700] {processor.py:208} INFO - Processing /home/jerson/airflow_venv/lib/python3.10/site-packages/airflow/example_dags/example_branch_python_dop_operator_3.py took 0.056 seconds
[2024-08-26T17:56:10.300-0700] {processor.py:186} INFO - Started process (PID=43365) to work on /home/jerson/airflow_venv/lib/python3.10/site-packages/airflow/example_dags/example_branch_python_dop_operator_3.py
[2024-08-26T17:56:10.301-0700] {processor.py:914} INFO - Processing file /home/jerson/airflow_venv/lib/python3.10/site-packages/airflow/example_dags/example_branch_python_dop_operator_3.py for tasks to queue
[2024-08-26T17:56:10.302-0700] {logging_mixin.py:190} INFO - [2024-08-26T17:56:10.302-0700] {dagbag.py:587} INFO - Filling up the DagBag from /home/jerson/airflow_venv/lib/python3.10/site-packages/airflow/example_dags/example_branch_python_dop_operator_3.py
[2024-08-26T17:56:10.308-0700] {processor.py:925} INFO - DAG(s) 'example_branch_dop_operator_v3' retrieved from /home/jerson/airflow_venv/lib/python3.10/site-packages/airflow/example_dags/example_branch_python_dop_operator_3.py
[2024-08-26T17:56:10.316-0700] {logging_mixin.py:190} INFO - [2024-08-26T17:56:10.316-0700] {dag.py:3211} INFO - Sync 1 DAGs
[2024-08-26T17:56:10.330-0700] {logging_mixin.py:190} INFO - [2024-08-26T17:56:10.330-0700] {dag.py:4138} INFO - Setting next_dagrun for example_branch_dop_operator_v3 to 2024-08-27 00:55:00+00:00, run_after=2024-08-27 00:56:00+00:00
[2024-08-26T17:56:10.346-0700] {processor.py:208} INFO - Processing /home/jerson/airflow_venv/lib/python3.10/site-packages/airflow/example_dags/example_branch_python_dop_operator_3.py took 0.049 seconds
[2024-08-26T17:57:22.179-0700] {processor.py:186} INFO - Started process (PID=44113) to work on /home/jerson/airflow_venv/lib/python3.10/site-packages/airflow/example_dags/example_branch_python_dop_operator_3.py
[2024-08-26T17:57:22.192-0700] {processor.py:914} INFO - Processing file /home/jerson/airflow_venv/lib/python3.10/site-packages/airflow/example_dags/example_branch_python_dop_operator_3.py for tasks to queue
[2024-08-26T17:57:22.193-0700] {logging_mixin.py:190} INFO - [2024-08-26T17:57:22.193-0700] {dagbag.py:587} INFO - Filling up the DagBag from /home/jerson/airflow_venv/lib/python3.10/site-packages/airflow/example_dags/example_branch_python_dop_operator_3.py
[2024-08-26T17:57:22.200-0700] {processor.py:925} INFO - DAG(s) 'example_branch_dop_operator_v3' retrieved from /home/jerson/airflow_venv/lib/python3.10/site-packages/airflow/example_dags/example_branch_python_dop_operator_3.py
[2024-08-26T17:57:22.209-0700] {logging_mixin.py:190} INFO - [2024-08-26T17:57:22.209-0700] {dag.py:3211} INFO - Sync 1 DAGs
[2024-08-26T17:57:22.223-0700] {logging_mixin.py:190} INFO - [2024-08-26T17:57:22.223-0700] {dag.py:4138} INFO - Setting next_dagrun for example_branch_dop_operator_v3 to 2024-08-27 00:56:00+00:00, run_after=2024-08-27 00:57:00+00:00
[2024-08-26T17:57:22.248-0700] {processor.py:208} INFO - Processing /home/jerson/airflow_venv/lib/python3.10/site-packages/airflow/example_dags/example_branch_python_dop_operator_3.py took 0.073 seconds
[2024-08-26T17:58:40.475-0700] {processor.py:186} INFO - Started process (PID=44980) to work on /home/jerson/airflow_venv/lib/python3.10/site-packages/airflow/example_dags/example_branch_python_dop_operator_3.py
[2024-08-26T17:58:40.476-0700] {processor.py:914} INFO - Processing file /home/jerson/airflow_venv/lib/python3.10/site-packages/airflow/example_dags/example_branch_python_dop_operator_3.py for tasks to queue
[2024-08-26T17:58:40.478-0700] {logging_mixin.py:190} INFO - [2024-08-26T17:58:40.478-0700] {dagbag.py:587} INFO - Filling up the DagBag from /home/jerson/airflow_venv/lib/python3.10/site-packages/airflow/example_dags/example_branch_python_dop_operator_3.py
[2024-08-26T17:58:40.485-0700] {processor.py:925} INFO - DAG(s) 'example_branch_dop_operator_v3' retrieved from /home/jerson/airflow_venv/lib/python3.10/site-packages/airflow/example_dags/example_branch_python_dop_operator_3.py
[2024-08-26T17:58:40.495-0700] {logging_mixin.py:190} INFO - [2024-08-26T17:58:40.495-0700] {dag.py:3211} INFO - Sync 1 DAGs
[2024-08-26T17:58:40.511-0700] {logging_mixin.py:190} INFO - [2024-08-26T17:58:40.511-0700] {dag.py:4138} INFO - Setting next_dagrun for example_branch_dop_operator_v3 to 2024-08-27 00:57:00+00:00, run_after=2024-08-27 00:58:00+00:00
[2024-08-26T17:58:40.529-0700] {processor.py:208} INFO - Processing /home/jerson/airflow_venv/lib/python3.10/site-packages/airflow/example_dags/example_branch_python_dop_operator_3.py took 0.058 seconds
[2024-08-26T17:59:55.068-0700] {processor.py:186} INFO - Started process (PID=45824) to work on /home/jerson/airflow_venv/lib/python3.10/site-packages/airflow/example_dags/example_branch_python_dop_operator_3.py
[2024-08-26T17:59:55.069-0700] {processor.py:914} INFO - Processing file /home/jerson/airflow_venv/lib/python3.10/site-packages/airflow/example_dags/example_branch_python_dop_operator_3.py for tasks to queue
[2024-08-26T17:59:55.070-0700] {logging_mixin.py:190} INFO - [2024-08-26T17:59:55.070-0700] {dagbag.py:587} INFO - Filling up the DagBag from /home/jerson/airflow_venv/lib/python3.10/site-packages/airflow/example_dags/example_branch_python_dop_operator_3.py
[2024-08-26T17:59:55.076-0700] {processor.py:925} INFO - DAG(s) 'example_branch_dop_operator_v3' retrieved from /home/jerson/airflow_venv/lib/python3.10/site-packages/airflow/example_dags/example_branch_python_dop_operator_3.py
[2024-08-26T17:59:55.085-0700] {logging_mixin.py:190} INFO - [2024-08-26T17:59:55.085-0700] {dag.py:3211} INFO - Sync 1 DAGs
[2024-08-26T17:59:55.098-0700] {logging_mixin.py:190} INFO - [2024-08-26T17:59:55.098-0700] {dag.py:4138} INFO - Setting next_dagrun for example_branch_dop_operator_v3 to 2024-08-27 00:58:00+00:00, run_after=2024-08-27 00:59:00+00:00
[2024-08-26T17:59:55.115-0700] {processor.py:208} INFO - Processing /home/jerson/airflow_venv/lib/python3.10/site-packages/airflow/example_dags/example_branch_python_dop_operator_3.py took 0.050 seconds
[2024-08-26T18:01:10.359-0700] {processor.py:186} INFO - Started process (PID=46698) to work on /home/jerson/airflow_venv/lib/python3.10/site-packages/airflow/example_dags/example_branch_python_dop_operator_3.py
[2024-08-26T18:01:10.360-0700] {processor.py:914} INFO - Processing file /home/jerson/airflow_venv/lib/python3.10/site-packages/airflow/example_dags/example_branch_python_dop_operator_3.py for tasks to queue
[2024-08-26T18:01:10.362-0700] {logging_mixin.py:190} INFO - [2024-08-26T18:01:10.362-0700] {dagbag.py:587} INFO - Filling up the DagBag from /home/jerson/airflow_venv/lib/python3.10/site-packages/airflow/example_dags/example_branch_python_dop_operator_3.py
[2024-08-26T18:01:10.368-0700] {processor.py:925} INFO - DAG(s) 'example_branch_dop_operator_v3' retrieved from /home/jerson/airflow_venv/lib/python3.10/site-packages/airflow/example_dags/example_branch_python_dop_operator_3.py
[2024-08-26T18:01:10.377-0700] {logging_mixin.py:190} INFO - [2024-08-26T18:01:10.377-0700] {dag.py:3211} INFO - Sync 1 DAGs
[2024-08-26T18:01:10.391-0700] {logging_mixin.py:190} INFO - [2024-08-26T18:01:10.390-0700] {dag.py:4138} INFO - Setting next_dagrun for example_branch_dop_operator_v3 to 2024-08-27 01:00:00+00:00, run_after=2024-08-27 01:01:00+00:00
[2024-08-26T18:01:10.407-0700] {processor.py:208} INFO - Processing /home/jerson/airflow_venv/lib/python3.10/site-packages/airflow/example_dags/example_branch_python_dop_operator_3.py took 0.050 seconds
[2024-08-26T18:02:21.320-0700] {processor.py:186} INFO - Started process (PID=47268) to work on /home/jerson/airflow_venv/lib/python3.10/site-packages/airflow/example_dags/example_branch_python_dop_operator_3.py
[2024-08-26T18:02:21.321-0700] {processor.py:914} INFO - Processing file /home/jerson/airflow_venv/lib/python3.10/site-packages/airflow/example_dags/example_branch_python_dop_operator_3.py for tasks to queue
[2024-08-26T18:02:21.322-0700] {logging_mixin.py:190} INFO - [2024-08-26T18:02:21.322-0700] {dagbag.py:587} INFO - Filling up the DagBag from /home/jerson/airflow_venv/lib/python3.10/site-packages/airflow/example_dags/example_branch_python_dop_operator_3.py
[2024-08-26T18:02:21.328-0700] {processor.py:925} INFO - DAG(s) 'example_branch_dop_operator_v3' retrieved from /home/jerson/airflow_venv/lib/python3.10/site-packages/airflow/example_dags/example_branch_python_dop_operator_3.py
[2024-08-26T18:02:21.337-0700] {logging_mixin.py:190} INFO - [2024-08-26T18:02:21.336-0700] {dag.py:3211} INFO - Sync 1 DAGs
[2024-08-26T18:02:21.350-0700] {logging_mixin.py:190} INFO - [2024-08-26T18:02:21.350-0700] {dag.py:4138} INFO - Setting next_dagrun for example_branch_dop_operator_v3 to 2024-08-27 01:01:00+00:00, run_after=2024-08-27 01:02:00+00:00
[2024-08-26T18:02:21.366-0700] {processor.py:208} INFO - Processing /home/jerson/airflow_venv/lib/python3.10/site-packages/airflow/example_dags/example_branch_python_dop_operator_3.py took 0.049 seconds
[2024-08-26T18:03:34.206-0700] {processor.py:186} INFO - Started process (PID=47991) to work on /home/jerson/airflow_venv/lib/python3.10/site-packages/airflow/example_dags/example_branch_python_dop_operator_3.py
[2024-08-26T18:03:34.207-0700] {processor.py:914} INFO - Processing file /home/jerson/airflow_venv/lib/python3.10/site-packages/airflow/example_dags/example_branch_python_dop_operator_3.py for tasks to queue
[2024-08-26T18:03:34.209-0700] {logging_mixin.py:190} INFO - [2024-08-26T18:03:34.208-0700] {dagbag.py:587} INFO - Filling up the DagBag from /home/jerson/airflow_venv/lib/python3.10/site-packages/airflow/example_dags/example_branch_python_dop_operator_3.py
[2024-08-26T18:03:34.215-0700] {processor.py:925} INFO - DAG(s) 'example_branch_dop_operator_v3' retrieved from /home/jerson/airflow_venv/lib/python3.10/site-packages/airflow/example_dags/example_branch_python_dop_operator_3.py
[2024-08-26T18:03:34.223-0700] {logging_mixin.py:190} INFO - [2024-08-26T18:03:34.223-0700] {dag.py:3211} INFO - Sync 1 DAGs
[2024-08-26T18:03:34.236-0700] {logging_mixin.py:190} INFO - [2024-08-26T18:03:34.236-0700] {dag.py:4138} INFO - Setting next_dagrun for example_branch_dop_operator_v3 to 2024-08-27 01:02:00+00:00, run_after=2024-08-27 01:03:00+00:00
[2024-08-26T18:03:34.253-0700] {processor.py:208} INFO - Processing /home/jerson/airflow_venv/lib/python3.10/site-packages/airflow/example_dags/example_branch_python_dop_operator_3.py took 0.050 seconds
[2024-08-26T18:04:48.930-0700] {processor.py:186} INFO - Started process (PID=48726) to work on /home/jerson/airflow_venv/lib/python3.10/site-packages/airflow/example_dags/example_branch_python_dop_operator_3.py
[2024-08-26T18:04:48.931-0700] {processor.py:914} INFO - Processing file /home/jerson/airflow_venv/lib/python3.10/site-packages/airflow/example_dags/example_branch_python_dop_operator_3.py for tasks to queue
[2024-08-26T18:04:48.932-0700] {logging_mixin.py:190} INFO - [2024-08-26T18:04:48.932-0700] {dagbag.py:587} INFO - Filling up the DagBag from /home/jerson/airflow_venv/lib/python3.10/site-packages/airflow/example_dags/example_branch_python_dop_operator_3.py
[2024-08-26T18:04:48.938-0700] {processor.py:925} INFO - DAG(s) 'example_branch_dop_operator_v3' retrieved from /home/jerson/airflow_venv/lib/python3.10/site-packages/airflow/example_dags/example_branch_python_dop_operator_3.py
[2024-08-26T18:04:48.948-0700] {logging_mixin.py:190} INFO - [2024-08-26T18:04:48.947-0700] {dag.py:3211} INFO - Sync 1 DAGs
[2024-08-26T18:04:48.962-0700] {logging_mixin.py:190} INFO - [2024-08-26T18:04:48.961-0700] {dag.py:4138} INFO - Setting next_dagrun for example_branch_dop_operator_v3 to 2024-08-27 01:03:00+00:00, run_after=2024-08-27 01:04:00+00:00
[2024-08-26T18:04:48.979-0700] {processor.py:208} INFO - Processing /home/jerson/airflow_venv/lib/python3.10/site-packages/airflow/example_dags/example_branch_python_dop_operator_3.py took 0.053 seconds
[2024-08-26T18:05:56.981-0700] {processor.py:186} INFO - Started process (PID=49306) to work on /home/jerson/airflow_venv/lib/python3.10/site-packages/airflow/example_dags/example_branch_python_dop_operator_3.py
[2024-08-26T18:05:56.982-0700] {processor.py:914} INFO - Processing file /home/jerson/airflow_venv/lib/python3.10/site-packages/airflow/example_dags/example_branch_python_dop_operator_3.py for tasks to queue
[2024-08-26T18:05:56.983-0700] {logging_mixin.py:190} INFO - [2024-08-26T18:05:56.983-0700] {dagbag.py:587} INFO - Filling up the DagBag from /home/jerson/airflow_venv/lib/python3.10/site-packages/airflow/example_dags/example_branch_python_dop_operator_3.py
[2024-08-26T18:05:56.989-0700] {processor.py:925} INFO - DAG(s) 'example_branch_dop_operator_v3' retrieved from /home/jerson/airflow_venv/lib/python3.10/site-packages/airflow/example_dags/example_branch_python_dop_operator_3.py
[2024-08-26T18:05:56.998-0700] {logging_mixin.py:190} INFO - [2024-08-26T18:05:56.998-0700] {dag.py:3211} INFO - Sync 1 DAGs
[2024-08-26T18:05:57.011-0700] {logging_mixin.py:190} INFO - [2024-08-26T18:05:57.011-0700] {dag.py:4138} INFO - Setting next_dagrun for example_branch_dop_operator_v3 to 2024-08-27 01:04:00+00:00, run_after=2024-08-27 01:05:00+00:00
[2024-08-26T18:05:57.029-0700] {processor.py:208} INFO - Processing /home/jerson/airflow_venv/lib/python3.10/site-packages/airflow/example_dags/example_branch_python_dop_operator_3.py took 0.050 seconds
[2024-08-26T18:07:16.095-0700] {processor.py:186} INFO - Started process (PID=49996) to work on /home/jerson/airflow_venv/lib/python3.10/site-packages/airflow/example_dags/example_branch_python_dop_operator_3.py
[2024-08-26T18:07:16.096-0700] {processor.py:914} INFO - Processing file /home/jerson/airflow_venv/lib/python3.10/site-packages/airflow/example_dags/example_branch_python_dop_operator_3.py for tasks to queue
[2024-08-26T18:07:16.097-0700] {logging_mixin.py:190} INFO - [2024-08-26T18:07:16.096-0700] {dagbag.py:587} INFO - Filling up the DagBag from /home/jerson/airflow_venv/lib/python3.10/site-packages/airflow/example_dags/example_branch_python_dop_operator_3.py
[2024-08-26T18:07:16.103-0700] {processor.py:925} INFO - DAG(s) 'example_branch_dop_operator_v3' retrieved from /home/jerson/airflow_venv/lib/python3.10/site-packages/airflow/example_dags/example_branch_python_dop_operator_3.py
[2024-08-26T18:07:16.111-0700] {logging_mixin.py:190} INFO - [2024-08-26T18:07:16.111-0700] {dag.py:3211} INFO - Sync 1 DAGs
[2024-08-26T18:07:16.124-0700] {logging_mixin.py:190} INFO - [2024-08-26T18:07:16.124-0700] {dag.py:4138} INFO - Setting next_dagrun for example_branch_dop_operator_v3 to 2024-08-27 01:06:00+00:00, run_after=2024-08-27 01:07:00+00:00
[2024-08-26T18:07:16.139-0700] {processor.py:208} INFO - Processing /home/jerson/airflow_venv/lib/python3.10/site-packages/airflow/example_dags/example_branch_python_dop_operator_3.py took 0.048 seconds
[2024-08-26T18:08:27.770-0700] {processor.py:186} INFO - Started process (PID=50738) to work on /home/jerson/airflow_venv/lib/python3.10/site-packages/airflow/example_dags/example_branch_python_dop_operator_3.py
[2024-08-26T18:08:27.771-0700] {processor.py:914} INFO - Processing file /home/jerson/airflow_venv/lib/python3.10/site-packages/airflow/example_dags/example_branch_python_dop_operator_3.py for tasks to queue
[2024-08-26T18:08:27.772-0700] {logging_mixin.py:190} INFO - [2024-08-26T18:08:27.772-0700] {dagbag.py:587} INFO - Filling up the DagBag from /home/jerson/airflow_venv/lib/python3.10/site-packages/airflow/example_dags/example_branch_python_dop_operator_3.py
[2024-08-26T18:08:27.778-0700] {processor.py:925} INFO - DAG(s) 'example_branch_dop_operator_v3' retrieved from /home/jerson/airflow_venv/lib/python3.10/site-packages/airflow/example_dags/example_branch_python_dop_operator_3.py
[2024-08-26T18:08:27.787-0700] {logging_mixin.py:190} INFO - [2024-08-26T18:08:27.787-0700] {dag.py:3211} INFO - Sync 1 DAGs
[2024-08-26T18:08:27.800-0700] {logging_mixin.py:190} INFO - [2024-08-26T18:08:27.800-0700] {dag.py:4138} INFO - Setting next_dagrun for example_branch_dop_operator_v3 to 2024-08-27 01:07:00+00:00, run_after=2024-08-27 01:08:00+00:00
[2024-08-26T18:08:27.817-0700] {processor.py:208} INFO - Processing /home/jerson/airflow_venv/lib/python3.10/site-packages/airflow/example_dags/example_branch_python_dop_operator_3.py took 0.050 seconds
[2024-08-26T18:09:23.413-0700] {processor.py:186} INFO - Started process (PID=51253) to work on /home/jerson/airflow_venv/lib/python3.10/site-packages/airflow/example_dags/example_branch_python_dop_operator_3.py
[2024-08-26T18:09:23.413-0700] {processor.py:914} INFO - Processing file /home/jerson/airflow_venv/lib/python3.10/site-packages/airflow/example_dags/example_branch_python_dop_operator_3.py for tasks to queue
[2024-08-26T18:09:23.415-0700] {logging_mixin.py:190} INFO - [2024-08-26T18:09:23.414-0700] {dagbag.py:587} INFO - Filling up the DagBag from /home/jerson/airflow_venv/lib/python3.10/site-packages/airflow/example_dags/example_branch_python_dop_operator_3.py
[2024-08-26T18:09:23.420-0700] {processor.py:925} INFO - DAG(s) 'example_branch_dop_operator_v3' retrieved from /home/jerson/airflow_venv/lib/python3.10/site-packages/airflow/example_dags/example_branch_python_dop_operator_3.py
[2024-08-26T18:09:23.429-0700] {logging_mixin.py:190} INFO - [2024-08-26T18:09:23.429-0700] {dag.py:3211} INFO - Sync 1 DAGs
[2024-08-26T18:09:23.442-0700] {logging_mixin.py:190} INFO - [2024-08-26T18:09:23.442-0700] {dag.py:4138} INFO - Setting next_dagrun for example_branch_dop_operator_v3 to 2024-08-27 01:08:00+00:00, run_after=2024-08-27 01:09:00+00:00
[2024-08-26T18:09:23.458-0700] {processor.py:208} INFO - Processing /home/jerson/airflow_venv/lib/python3.10/site-packages/airflow/example_dags/example_branch_python_dop_operator_3.py took 0.049 seconds
[2024-08-26T18:10:35.545-0700] {processor.py:186} INFO - Started process (PID=52190) to work on /home/jerson/airflow_venv/lib/python3.10/site-packages/airflow/example_dags/example_branch_python_dop_operator_3.py
[2024-08-26T18:10:35.546-0700] {processor.py:914} INFO - Processing file /home/jerson/airflow_venv/lib/python3.10/site-packages/airflow/example_dags/example_branch_python_dop_operator_3.py for tasks to queue
[2024-08-26T18:10:35.547-0700] {logging_mixin.py:190} INFO - [2024-08-26T18:10:35.547-0700] {dagbag.py:587} INFO - Filling up the DagBag from /home/jerson/airflow_venv/lib/python3.10/site-packages/airflow/example_dags/example_branch_python_dop_operator_3.py
[2024-08-26T18:10:35.553-0700] {processor.py:925} INFO - DAG(s) 'example_branch_dop_operator_v3' retrieved from /home/jerson/airflow_venv/lib/python3.10/site-packages/airflow/example_dags/example_branch_python_dop_operator_3.py
[2024-08-26T18:10:35.562-0700] {logging_mixin.py:190} INFO - [2024-08-26T18:10:35.562-0700] {dag.py:3211} INFO - Sync 1 DAGs
[2024-08-26T18:10:35.575-0700] {logging_mixin.py:190} INFO - [2024-08-26T18:10:35.575-0700] {dag.py:4138} INFO - Setting next_dagrun for example_branch_dop_operator_v3 to 2024-08-27 01:09:00+00:00, run_after=2024-08-27 01:10:00+00:00
[2024-08-26T18:10:35.591-0700] {processor.py:208} INFO - Processing /home/jerson/airflow_venv/lib/python3.10/site-packages/airflow/example_dags/example_branch_python_dop_operator_3.py took 0.049 seconds
[2024-08-26T18:11:52.490-0700] {processor.py:186} INFO - Started process (PID=53046) to work on /home/jerson/airflow_venv/lib/python3.10/site-packages/airflow/example_dags/example_branch_python_dop_operator_3.py
[2024-08-26T18:11:52.491-0700] {processor.py:914} INFO - Processing file /home/jerson/airflow_venv/lib/python3.10/site-packages/airflow/example_dags/example_branch_python_dop_operator_3.py for tasks to queue
[2024-08-26T18:11:52.492-0700] {logging_mixin.py:190} INFO - [2024-08-26T18:11:52.492-0700] {dagbag.py:587} INFO - Filling up the DagBag from /home/jerson/airflow_venv/lib/python3.10/site-packages/airflow/example_dags/example_branch_python_dop_operator_3.py
[2024-08-26T18:11:52.498-0700] {processor.py:925} INFO - DAG(s) 'example_branch_dop_operator_v3' retrieved from /home/jerson/airflow_venv/lib/python3.10/site-packages/airflow/example_dags/example_branch_python_dop_operator_3.py
[2024-08-26T18:11:52.507-0700] {logging_mixin.py:190} INFO - [2024-08-26T18:11:52.507-0700] {dag.py:3211} INFO - Sync 1 DAGs
[2024-08-26T18:11:52.520-0700] {logging_mixin.py:190} INFO - [2024-08-26T18:11:52.520-0700] {dag.py:4138} INFO - Setting next_dagrun for example_branch_dop_operator_v3 to 2024-08-27 01:10:00+00:00, run_after=2024-08-27 01:11:00+00:00
[2024-08-26T18:11:52.537-0700] {processor.py:208} INFO - Processing /home/jerson/airflow_venv/lib/python3.10/site-packages/airflow/example_dags/example_branch_python_dop_operator_3.py took 0.050 seconds
[2024-08-26T18:13:08.523-0700] {processor.py:186} INFO - Started process (PID=53704) to work on /home/jerson/airflow_venv/lib/python3.10/site-packages/airflow/example_dags/example_branch_python_dop_operator_3.py
[2024-08-26T18:13:08.524-0700] {processor.py:914} INFO - Processing file /home/jerson/airflow_venv/lib/python3.10/site-packages/airflow/example_dags/example_branch_python_dop_operator_3.py for tasks to queue
[2024-08-26T18:13:08.525-0700] {logging_mixin.py:190} INFO - [2024-08-26T18:13:08.525-0700] {dagbag.py:587} INFO - Filling up the DagBag from /home/jerson/airflow_venv/lib/python3.10/site-packages/airflow/example_dags/example_branch_python_dop_operator_3.py
[2024-08-26T18:13:08.533-0700] {processor.py:925} INFO - DAG(s) 'example_branch_dop_operator_v3' retrieved from /home/jerson/airflow_venv/lib/python3.10/site-packages/airflow/example_dags/example_branch_python_dop_operator_3.py
[2024-08-26T18:13:08.543-0700] {logging_mixin.py:190} INFO - [2024-08-26T18:13:08.543-0700] {dag.py:3211} INFO - Sync 1 DAGs
[2024-08-26T18:13:08.558-0700] {logging_mixin.py:190} INFO - [2024-08-26T18:13:08.558-0700] {dag.py:4138} INFO - Setting next_dagrun for example_branch_dop_operator_v3 to 2024-08-27 01:12:00+00:00, run_after=2024-08-27 01:13:00+00:00
[2024-08-26T18:13:08.577-0700] {processor.py:208} INFO - Processing /home/jerson/airflow_venv/lib/python3.10/site-packages/airflow/example_dags/example_branch_python_dop_operator_3.py took 0.058 seconds
[2024-08-26T18:14:20.132-0700] {processor.py:186} INFO - Started process (PID=54399) to work on /home/jerson/airflow_venv/lib/python3.10/site-packages/airflow/example_dags/example_branch_python_dop_operator_3.py
[2024-08-26T18:14:20.134-0700] {processor.py:914} INFO - Processing file /home/jerson/airflow_venv/lib/python3.10/site-packages/airflow/example_dags/example_branch_python_dop_operator_3.py for tasks to queue
[2024-08-26T18:14:20.135-0700] {logging_mixin.py:190} INFO - [2024-08-26T18:14:20.135-0700] {dagbag.py:587} INFO - Filling up the DagBag from /home/jerson/airflow_venv/lib/python3.10/site-packages/airflow/example_dags/example_branch_python_dop_operator_3.py
[2024-08-26T18:14:20.142-0700] {processor.py:925} INFO - DAG(s) 'example_branch_dop_operator_v3' retrieved from /home/jerson/airflow_venv/lib/python3.10/site-packages/airflow/example_dags/example_branch_python_dop_operator_3.py
[2024-08-26T18:14:20.152-0700] {logging_mixin.py:190} INFO - [2024-08-26T18:14:20.152-0700] {dag.py:3211} INFO - Sync 1 DAGs
[2024-08-26T18:14:20.167-0700] {logging_mixin.py:190} INFO - [2024-08-26T18:14:20.167-0700] {dag.py:4138} INFO - Setting next_dagrun for example_branch_dop_operator_v3 to 2024-08-27 01:13:00+00:00, run_after=2024-08-27 01:14:00+00:00
[2024-08-26T18:14:20.196-0700] {processor.py:208} INFO - Processing /home/jerson/airflow_venv/lib/python3.10/site-packages/airflow/example_dags/example_branch_python_dop_operator_3.py took 0.067 seconds
[2024-08-26T18:15:19.083-0700] {processor.py:186} INFO - Started process (PID=55188) to work on /home/jerson/airflow_venv/lib/python3.10/site-packages/airflow/example_dags/example_branch_python_dop_operator_3.py
[2024-08-26T18:15:19.084-0700] {processor.py:914} INFO - Processing file /home/jerson/airflow_venv/lib/python3.10/site-packages/airflow/example_dags/example_branch_python_dop_operator_3.py for tasks to queue
[2024-08-26T18:15:19.085-0700] {logging_mixin.py:190} INFO - [2024-08-26T18:15:19.085-0700] {dagbag.py:587} INFO - Filling up the DagBag from /home/jerson/airflow_venv/lib/python3.10/site-packages/airflow/example_dags/example_branch_python_dop_operator_3.py
[2024-08-26T18:15:19.091-0700] {processor.py:925} INFO - DAG(s) 'example_branch_dop_operator_v3' retrieved from /home/jerson/airflow_venv/lib/python3.10/site-packages/airflow/example_dags/example_branch_python_dop_operator_3.py
[2024-08-26T18:15:19.100-0700] {logging_mixin.py:190} INFO - [2024-08-26T18:15:19.100-0700] {dag.py:3211} INFO - Sync 1 DAGs
[2024-08-26T18:15:19.115-0700] {logging_mixin.py:190} INFO - [2024-08-26T18:15:19.114-0700] {dag.py:4138} INFO - Setting next_dagrun for example_branch_dop_operator_v3 to 2024-08-27 01:14:00+00:00, run_after=2024-08-27 01:15:00+00:00
[2024-08-26T18:15:19.130-0700] {processor.py:208} INFO - Processing /home/jerson/airflow_venv/lib/python3.10/site-packages/airflow/example_dags/example_branch_python_dop_operator_3.py took 0.050 seconds
[2024-08-26T18:16:32.663-0700] {processor.py:186} INFO - Started process (PID=55839) to work on /home/jerson/airflow_venv/lib/python3.10/site-packages/airflow/example_dags/example_branch_python_dop_operator_3.py
[2024-08-26T18:16:32.664-0700] {processor.py:914} INFO - Processing file /home/jerson/airflow_venv/lib/python3.10/site-packages/airflow/example_dags/example_branch_python_dop_operator_3.py for tasks to queue
[2024-08-26T18:16:32.665-0700] {logging_mixin.py:190} INFO - [2024-08-26T18:16:32.665-0700] {dagbag.py:587} INFO - Filling up the DagBag from /home/jerson/airflow_venv/lib/python3.10/site-packages/airflow/example_dags/example_branch_python_dop_operator_3.py
[2024-08-26T18:16:32.672-0700] {processor.py:925} INFO - DAG(s) 'example_branch_dop_operator_v3' retrieved from /home/jerson/airflow_venv/lib/python3.10/site-packages/airflow/example_dags/example_branch_python_dop_operator_3.py
[2024-08-26T18:16:32.681-0700] {logging_mixin.py:190} INFO - [2024-08-26T18:16:32.681-0700] {dag.py:3211} INFO - Sync 1 DAGs
[2024-08-26T18:16:32.696-0700] {logging_mixin.py:190} INFO - [2024-08-26T18:16:32.696-0700] {dag.py:4138} INFO - Setting next_dagrun for example_branch_dop_operator_v3 to 2024-08-27 01:15:00+00:00, run_after=2024-08-27 01:16:00+00:00
[2024-08-26T18:16:32.713-0700] {processor.py:208} INFO - Processing /home/jerson/airflow_venv/lib/python3.10/site-packages/airflow/example_dags/example_branch_python_dop_operator_3.py took 0.054 seconds
[2024-08-26T18:17:43.314-0700] {processor.py:186} INFO - Started process (PID=56506) to work on /home/jerson/airflow_venv/lib/python3.10/site-packages/airflow/example_dags/example_branch_python_dop_operator_3.py
[2024-08-26T18:17:43.315-0700] {processor.py:914} INFO - Processing file /home/jerson/airflow_venv/lib/python3.10/site-packages/airflow/example_dags/example_branch_python_dop_operator_3.py for tasks to queue
[2024-08-26T18:17:43.316-0700] {logging_mixin.py:190} INFO - [2024-08-26T18:17:43.315-0700] {dagbag.py:587} INFO - Filling up the DagBag from /home/jerson/airflow_venv/lib/python3.10/site-packages/airflow/example_dags/example_branch_python_dop_operator_3.py
[2024-08-26T18:17:43.322-0700] {processor.py:925} INFO - DAG(s) 'example_branch_dop_operator_v3' retrieved from /home/jerson/airflow_venv/lib/python3.10/site-packages/airflow/example_dags/example_branch_python_dop_operator_3.py
[2024-08-26T18:17:43.332-0700] {logging_mixin.py:190} INFO - [2024-08-26T18:17:43.332-0700] {dag.py:3211} INFO - Sync 1 DAGs
[2024-08-26T18:17:43.346-0700] {logging_mixin.py:190} INFO - [2024-08-26T18:17:43.345-0700] {dag.py:4138} INFO - Setting next_dagrun for example_branch_dop_operator_v3 to 2024-08-27 01:16:00+00:00, run_after=2024-08-27 01:17:00+00:00
[2024-08-26T18:17:43.361-0700] {processor.py:208} INFO - Processing /home/jerson/airflow_venv/lib/python3.10/site-packages/airflow/example_dags/example_branch_python_dop_operator_3.py took 0.051 seconds
[2024-08-26T18:19:00.144-0700] {processor.py:186} INFO - Started process (PID=57215) to work on /home/jerson/airflow_venv/lib/python3.10/site-packages/airflow/example_dags/example_branch_python_dop_operator_3.py
[2024-08-26T18:19:00.145-0700] {processor.py:914} INFO - Processing file /home/jerson/airflow_venv/lib/python3.10/site-packages/airflow/example_dags/example_branch_python_dop_operator_3.py for tasks to queue
[2024-08-26T18:19:00.145-0700] {logging_mixin.py:190} INFO - [2024-08-26T18:19:00.145-0700] {dagbag.py:587} INFO - Filling up the DagBag from /home/jerson/airflow_venv/lib/python3.10/site-packages/airflow/example_dags/example_branch_python_dop_operator_3.py
[2024-08-26T18:19:00.153-0700] {processor.py:925} INFO - DAG(s) 'example_branch_dop_operator_v3' retrieved from /home/jerson/airflow_venv/lib/python3.10/site-packages/airflow/example_dags/example_branch_python_dop_operator_3.py
[2024-08-26T18:19:00.163-0700] {logging_mixin.py:190} INFO - [2024-08-26T18:19:00.162-0700] {dag.py:3211} INFO - Sync 1 DAGs
[2024-08-26T18:19:00.176-0700] {logging_mixin.py:190} INFO - [2024-08-26T18:19:00.176-0700] {dag.py:4138} INFO - Setting next_dagrun for example_branch_dop_operator_v3 to 2024-08-27 01:18:00+00:00, run_after=2024-08-27 01:19:00+00:00
[2024-08-26T18:19:00.192-0700] {processor.py:208} INFO - Processing /home/jerson/airflow_venv/lib/python3.10/site-packages/airflow/example_dags/example_branch_python_dop_operator_3.py took 0.051 seconds
[2024-08-26T18:20:12.023-0700] {processor.py:186} INFO - Started process (PID=57915) to work on /home/jerson/airflow_venv/lib/python3.10/site-packages/airflow/example_dags/example_branch_python_dop_operator_3.py
[2024-08-26T18:20:12.024-0700] {processor.py:914} INFO - Processing file /home/jerson/airflow_venv/lib/python3.10/site-packages/airflow/example_dags/example_branch_python_dop_operator_3.py for tasks to queue
[2024-08-26T18:20:12.025-0700] {logging_mixin.py:190} INFO - [2024-08-26T18:20:12.024-0700] {dagbag.py:587} INFO - Filling up the DagBag from /home/jerson/airflow_venv/lib/python3.10/site-packages/airflow/example_dags/example_branch_python_dop_operator_3.py
[2024-08-26T18:20:12.031-0700] {processor.py:925} INFO - DAG(s) 'example_branch_dop_operator_v3' retrieved from /home/jerson/airflow_venv/lib/python3.10/site-packages/airflow/example_dags/example_branch_python_dop_operator_3.py
[2024-08-26T18:20:12.042-0700] {logging_mixin.py:190} INFO - [2024-08-26T18:20:12.041-0700] {dag.py:3211} INFO - Sync 1 DAGs
[2024-08-26T18:20:12.055-0700] {logging_mixin.py:190} INFO - [2024-08-26T18:20:12.055-0700] {dag.py:4138} INFO - Setting next_dagrun for example_branch_dop_operator_v3 to 2024-08-27 01:19:00+00:00, run_after=2024-08-27 01:20:00+00:00
[2024-08-26T18:20:12.071-0700] {processor.py:208} INFO - Processing /home/jerson/airflow_venv/lib/python3.10/site-packages/airflow/example_dags/example_branch_python_dop_operator_3.py took 0.051 seconds
[2024-08-26T18:21:32.167-0700] {processor.py:186} INFO - Started process (PID=58957) to work on /home/jerson/airflow_venv/lib/python3.10/site-packages/airflow/example_dags/example_branch_python_dop_operator_3.py
[2024-08-26T18:21:32.168-0700] {processor.py:914} INFO - Processing file /home/jerson/airflow_venv/lib/python3.10/site-packages/airflow/example_dags/example_branch_python_dop_operator_3.py for tasks to queue
[2024-08-26T18:21:32.169-0700] {logging_mixin.py:190} INFO - [2024-08-26T18:21:32.168-0700] {dagbag.py:587} INFO - Filling up the DagBag from /home/jerson/airflow_venv/lib/python3.10/site-packages/airflow/example_dags/example_branch_python_dop_operator_3.py
[2024-08-26T18:21:32.177-0700] {processor.py:925} INFO - DAG(s) 'example_branch_dop_operator_v3' retrieved from /home/jerson/airflow_venv/lib/python3.10/site-packages/airflow/example_dags/example_branch_python_dop_operator_3.py
[2024-08-26T18:21:32.187-0700] {logging_mixin.py:190} INFO - [2024-08-26T18:21:32.187-0700] {dag.py:3211} INFO - Sync 1 DAGs
[2024-08-26T18:21:32.201-0700] {logging_mixin.py:190} INFO - [2024-08-26T18:21:32.201-0700] {dag.py:4138} INFO - Setting next_dagrun for example_branch_dop_operator_v3 to 2024-08-27 01:20:00+00:00, run_after=2024-08-27 01:21:00+00:00
[2024-08-26T18:21:32.218-0700] {processor.py:208} INFO - Processing /home/jerson/airflow_venv/lib/python3.10/site-packages/airflow/example_dags/example_branch_python_dop_operator_3.py took 0.055 seconds
[2024-08-26T18:22:48.730-0700] {processor.py:186} INFO - Started process (PID=59860) to work on /home/jerson/airflow_venv/lib/python3.10/site-packages/airflow/example_dags/example_branch_python_dop_operator_3.py
[2024-08-26T18:22:48.731-0700] {processor.py:914} INFO - Processing file /home/jerson/airflow_venv/lib/python3.10/site-packages/airflow/example_dags/example_branch_python_dop_operator_3.py for tasks to queue
[2024-08-26T18:22:48.731-0700] {logging_mixin.py:190} INFO - [2024-08-26T18:22:48.731-0700] {dagbag.py:587} INFO - Filling up the DagBag from /home/jerson/airflow_venv/lib/python3.10/site-packages/airflow/example_dags/example_branch_python_dop_operator_3.py
[2024-08-26T18:22:48.737-0700] {processor.py:925} INFO - DAG(s) 'example_branch_dop_operator_v3' retrieved from /home/jerson/airflow_venv/lib/python3.10/site-packages/airflow/example_dags/example_branch_python_dop_operator_3.py
[2024-08-26T18:22:48.746-0700] {logging_mixin.py:190} INFO - [2024-08-26T18:22:48.746-0700] {dag.py:3211} INFO - Sync 1 DAGs
[2024-08-26T18:22:48.759-0700] {logging_mixin.py:190} INFO - [2024-08-26T18:22:48.759-0700] {dag.py:4138} INFO - Setting next_dagrun for example_branch_dop_operator_v3 to 2024-08-27 01:21:00+00:00, run_after=2024-08-27 01:22:00+00:00
[2024-08-26T18:22:48.775-0700] {processor.py:208} INFO - Processing /home/jerson/airflow_venv/lib/python3.10/site-packages/airflow/example_dags/example_branch_python_dop_operator_3.py took 0.049 seconds
[2024-08-26T18:24:00.669-0700] {processor.py:186} INFO - Started process (PID=60516) to work on /home/jerson/airflow_venv/lib/python3.10/site-packages/airflow/example_dags/example_branch_python_dop_operator_3.py
[2024-08-26T18:24:00.670-0700] {processor.py:914} INFO - Processing file /home/jerson/airflow_venv/lib/python3.10/site-packages/airflow/example_dags/example_branch_python_dop_operator_3.py for tasks to queue
[2024-08-26T18:24:00.671-0700] {logging_mixin.py:190} INFO - [2024-08-26T18:24:00.671-0700] {dagbag.py:587} INFO - Filling up the DagBag from /home/jerson/airflow_venv/lib/python3.10/site-packages/airflow/example_dags/example_branch_python_dop_operator_3.py
[2024-08-26T18:24:00.677-0700] {processor.py:925} INFO - DAG(s) 'example_branch_dop_operator_v3' retrieved from /home/jerson/airflow_venv/lib/python3.10/site-packages/airflow/example_dags/example_branch_python_dop_operator_3.py
[2024-08-26T18:24:00.686-0700] {logging_mixin.py:190} INFO - [2024-08-26T18:24:00.686-0700] {dag.py:3211} INFO - Sync 1 DAGs
[2024-08-26T18:24:00.700-0700] {logging_mixin.py:190} INFO - [2024-08-26T18:24:00.700-0700] {dag.py:4138} INFO - Setting next_dagrun for example_branch_dop_operator_v3 to 2024-08-27 01:23:00+00:00, run_after=2024-08-27 01:24:00+00:00
[2024-08-26T18:24:00.715-0700] {processor.py:208} INFO - Processing /home/jerson/airflow_venv/lib/python3.10/site-packages/airflow/example_dags/example_branch_python_dop_operator_3.py took 0.050 seconds
[2024-08-26T18:25:18.289-0700] {processor.py:186} INFO - Started process (PID=61136) to work on /home/jerson/airflow_venv/lib/python3.10/site-packages/airflow/example_dags/example_branch_python_dop_operator_3.py
[2024-08-26T18:25:18.290-0700] {processor.py:914} INFO - Processing file /home/jerson/airflow_venv/lib/python3.10/site-packages/airflow/example_dags/example_branch_python_dop_operator_3.py for tasks to queue
[2024-08-26T18:25:18.291-0700] {logging_mixin.py:190} INFO - [2024-08-26T18:25:18.291-0700] {dagbag.py:587} INFO - Filling up the DagBag from /home/jerson/airflow_venv/lib/python3.10/site-packages/airflow/example_dags/example_branch_python_dop_operator_3.py
[2024-08-26T18:25:18.297-0700] {processor.py:925} INFO - DAG(s) 'example_branch_dop_operator_v3' retrieved from /home/jerson/airflow_venv/lib/python3.10/site-packages/airflow/example_dags/example_branch_python_dop_operator_3.py
[2024-08-26T18:25:18.307-0700] {logging_mixin.py:190} INFO - [2024-08-26T18:25:18.307-0700] {dag.py:3211} INFO - Sync 1 DAGs
[2024-08-26T18:25:18.321-0700] {logging_mixin.py:190} INFO - [2024-08-26T18:25:18.321-0700] {dag.py:4138} INFO - Setting next_dagrun for example_branch_dop_operator_v3 to 2024-08-27 01:24:00+00:00, run_after=2024-08-27 01:25:00+00:00
[2024-08-26T18:25:18.337-0700] {processor.py:208} INFO - Processing /home/jerson/airflow_venv/lib/python3.10/site-packages/airflow/example_dags/example_branch_python_dop_operator_3.py took 0.051 seconds
[2024-08-26T18:26:40.948-0700] {processor.py:186} INFO - Started process (PID=62262) to work on /home/jerson/airflow_venv/lib/python3.10/site-packages/airflow/example_dags/example_branch_python_dop_operator_3.py
[2024-08-26T18:26:40.949-0700] {processor.py:914} INFO - Processing file /home/jerson/airflow_venv/lib/python3.10/site-packages/airflow/example_dags/example_branch_python_dop_operator_3.py for tasks to queue
[2024-08-26T18:26:40.950-0700] {logging_mixin.py:190} INFO - [2024-08-26T18:26:40.950-0700] {dagbag.py:587} INFO - Filling up the DagBag from /home/jerson/airflow_venv/lib/python3.10/site-packages/airflow/example_dags/example_branch_python_dop_operator_3.py
[2024-08-26T18:26:40.956-0700] {processor.py:925} INFO - DAG(s) 'example_branch_dop_operator_v3' retrieved from /home/jerson/airflow_venv/lib/python3.10/site-packages/airflow/example_dags/example_branch_python_dop_operator_3.py
[2024-08-26T18:26:40.967-0700] {logging_mixin.py:190} INFO - [2024-08-26T18:26:40.966-0700] {dag.py:3211} INFO - Sync 1 DAGs
[2024-08-26T18:26:40.982-0700] {logging_mixin.py:190} INFO - [2024-08-26T18:26:40.982-0700] {dag.py:4138} INFO - Setting next_dagrun for example_branch_dop_operator_v3 to 2024-08-27 01:25:00+00:00, run_after=2024-08-27 01:26:00+00:00
[2024-08-26T18:26:40.999-0700] {processor.py:208} INFO - Processing /home/jerson/airflow_venv/lib/python3.10/site-packages/airflow/example_dags/example_branch_python_dop_operator_3.py took 0.054 seconds
[2024-08-26T18:27:55.697-0700] {processor.py:186} INFO - Started process (PID=62860) to work on /home/jerson/airflow_venv/lib/python3.10/site-packages/airflow/example_dags/example_branch_python_dop_operator_3.py
[2024-08-26T18:27:55.698-0700] {processor.py:914} INFO - Processing file /home/jerson/airflow_venv/lib/python3.10/site-packages/airflow/example_dags/example_branch_python_dop_operator_3.py for tasks to queue
[2024-08-26T18:27:55.699-0700] {logging_mixin.py:190} INFO - [2024-08-26T18:27:55.698-0700] {dagbag.py:587} INFO - Filling up the DagBag from /home/jerson/airflow_venv/lib/python3.10/site-packages/airflow/example_dags/example_branch_python_dop_operator_3.py
[2024-08-26T18:27:55.705-0700] {processor.py:925} INFO - DAG(s) 'example_branch_dop_operator_v3' retrieved from /home/jerson/airflow_venv/lib/python3.10/site-packages/airflow/example_dags/example_branch_python_dop_operator_3.py
[2024-08-26T18:27:55.715-0700] {logging_mixin.py:190} INFO - [2024-08-26T18:27:55.714-0700] {dag.py:3211} INFO - Sync 1 DAGs
[2024-08-26T18:27:55.728-0700] {logging_mixin.py:190} INFO - [2024-08-26T18:27:55.728-0700] {dag.py:4138} INFO - Setting next_dagrun for example_branch_dop_operator_v3 to 2024-08-27 01:26:00+00:00, run_after=2024-08-27 01:27:00+00:00
[2024-08-26T18:27:55.744-0700] {processor.py:208} INFO - Processing /home/jerson/airflow_venv/lib/python3.10/site-packages/airflow/example_dags/example_branch_python_dop_operator_3.py took 0.050 seconds
[2024-08-26T18:29:13.372-0700] {processor.py:186} INFO - Started process (PID=63476) to work on /home/jerson/airflow_venv/lib/python3.10/site-packages/airflow/example_dags/example_branch_python_dop_operator_3.py
[2024-08-26T18:29:13.373-0700] {processor.py:914} INFO - Processing file /home/jerson/airflow_venv/lib/python3.10/site-packages/airflow/example_dags/example_branch_python_dop_operator_3.py for tasks to queue
[2024-08-26T18:29:13.374-0700] {logging_mixin.py:190} INFO - [2024-08-26T18:29:13.373-0700] {dagbag.py:587} INFO - Filling up the DagBag from /home/jerson/airflow_venv/lib/python3.10/site-packages/airflow/example_dags/example_branch_python_dop_operator_3.py
[2024-08-26T18:29:13.379-0700] {processor.py:925} INFO - DAG(s) 'example_branch_dop_operator_v3' retrieved from /home/jerson/airflow_venv/lib/python3.10/site-packages/airflow/example_dags/example_branch_python_dop_operator_3.py
[2024-08-26T18:29:13.389-0700] {logging_mixin.py:190} INFO - [2024-08-26T18:29:13.388-0700] {dag.py:3211} INFO - Sync 1 DAGs
[2024-08-26T18:29:13.402-0700] {logging_mixin.py:190} INFO - [2024-08-26T18:29:13.402-0700] {dag.py:4138} INFO - Setting next_dagrun for example_branch_dop_operator_v3 to 2024-08-27 01:28:00+00:00, run_after=2024-08-27 01:29:00+00:00
[2024-08-26T18:29:13.417-0700] {processor.py:208} INFO - Processing /home/jerson/airflow_venv/lib/python3.10/site-packages/airflow/example_dags/example_branch_python_dop_operator_3.py took 0.048 seconds
[2024-08-26T18:30:23.258-0700] {processor.py:186} INFO - Started process (PID=64062) to work on /home/jerson/airflow_venv/lib/python3.10/site-packages/airflow/example_dags/example_branch_python_dop_operator_3.py
[2024-08-26T18:30:23.259-0700] {processor.py:914} INFO - Processing file /home/jerson/airflow_venv/lib/python3.10/site-packages/airflow/example_dags/example_branch_python_dop_operator_3.py for tasks to queue
[2024-08-26T18:30:23.260-0700] {logging_mixin.py:190} INFO - [2024-08-26T18:30:23.260-0700] {dagbag.py:587} INFO - Filling up the DagBag from /home/jerson/airflow_venv/lib/python3.10/site-packages/airflow/example_dags/example_branch_python_dop_operator_3.py
[2024-08-26T18:30:23.266-0700] {processor.py:925} INFO - DAG(s) 'example_branch_dop_operator_v3' retrieved from /home/jerson/airflow_venv/lib/python3.10/site-packages/airflow/example_dags/example_branch_python_dop_operator_3.py
[2024-08-26T18:30:23.276-0700] {logging_mixin.py:190} INFO - [2024-08-26T18:30:23.276-0700] {dag.py:3211} INFO - Sync 1 DAGs
[2024-08-26T18:30:23.290-0700] {logging_mixin.py:190} INFO - [2024-08-26T18:30:23.290-0700] {dag.py:4138} INFO - Setting next_dagrun for example_branch_dop_operator_v3 to 2024-08-27 01:29:00+00:00, run_after=2024-08-27 01:30:00+00:00
[2024-08-26T18:30:23.307-0700] {processor.py:208} INFO - Processing /home/jerson/airflow_venv/lib/python3.10/site-packages/airflow/example_dags/example_branch_python_dop_operator_3.py took 0.052 seconds
