[2024-08-26T17:36:41.941-0700] {processor.py:186} INFO - Started process (PID=32430) to work on /home/jerson/airflow_venv/lib/python3.10/site-packages/airflow/example_dags/tutorial_taskflow_api.py
[2024-08-26T17:36:41.941-0700] {processor.py:914} INFO - Processing file /home/jerson/airflow_venv/lib/python3.10/site-packages/airflow/example_dags/tutorial_taskflow_api.py for tasks to queue
[2024-08-26T17:36:41.942-0700] {logging_mixin.py:190} INFO - [2024-08-26T17:36:41.942-0700] {dagbag.py:587} INFO - Filling up the DagBag from /home/jerson/airflow_venv/lib/python3.10/site-packages/airflow/example_dags/tutorial_taskflow_api.py
[2024-08-26T17:36:41.949-0700] {processor.py:925} INFO - DAG(s) 'tutorial_taskflow_api' retrieved from /home/jerson/airflow_venv/lib/python3.10/site-packages/airflow/example_dags/tutorial_taskflow_api.py
[2024-08-26T17:36:41.962-0700] {logging_mixin.py:190} INFO - [2024-08-26T17:36:41.961-0700] {dag.py:3211} INFO - Sync 1 DAGs
[2024-08-26T17:36:41.969-0700] {logging_mixin.py:190} INFO - [2024-08-26T17:36:41.969-0700] {dag.py:4138} INFO - Setting next_dagrun for tutorial_taskflow_api to None, run_after=None
[2024-08-26T17:36:41.985-0700] {processor.py:208} INFO - Processing /home/jerson/airflow_venv/lib/python3.10/site-packages/airflow/example_dags/tutorial_taskflow_api.py took 0.048 seconds
[2024-08-26T17:37:44.693-0700] {processor.py:186} INFO - Started process (PID=32986) to work on /home/jerson/airflow_venv/lib/python3.10/site-packages/airflow/example_dags/tutorial_taskflow_api.py
[2024-08-26T17:37:44.694-0700] {processor.py:914} INFO - Processing file /home/jerson/airflow_venv/lib/python3.10/site-packages/airflow/example_dags/tutorial_taskflow_api.py for tasks to queue
[2024-08-26T17:37:44.695-0700] {logging_mixin.py:190} INFO - [2024-08-26T17:37:44.695-0700] {dagbag.py:587} INFO - Filling up the DagBag from /home/jerson/airflow_venv/lib/python3.10/site-packages/airflow/example_dags/tutorial_taskflow_api.py
[2024-08-26T17:37:44.699-0700] {processor.py:925} INFO - DAG(s) 'tutorial_taskflow_api' retrieved from /home/jerson/airflow_venv/lib/python3.10/site-packages/airflow/example_dags/tutorial_taskflow_api.py
[2024-08-26T17:37:44.708-0700] {logging_mixin.py:190} INFO - [2024-08-26T17:37:44.708-0700] {dag.py:3211} INFO - Sync 1 DAGs
[2024-08-26T17:37:44.715-0700] {logging_mixin.py:190} INFO - [2024-08-26T17:37:44.715-0700] {dag.py:4138} INFO - Setting next_dagrun for tutorial_taskflow_api to None, run_after=None
[2024-08-26T17:37:44.730-0700] {processor.py:208} INFO - Processing /home/jerson/airflow_venv/lib/python3.10/site-packages/airflow/example_dags/tutorial_taskflow_api.py took 0.040 seconds
[2024-08-26T17:38:35.571-0700] {processor.py:186} INFO - Started process (PID=33391) to work on /home/jerson/airflow_venv/lib/python3.10/site-packages/airflow/example_dags/tutorial_taskflow_api.py
[2024-08-26T17:38:35.571-0700] {processor.py:914} INFO - Processing file /home/jerson/airflow_venv/lib/python3.10/site-packages/airflow/example_dags/tutorial_taskflow_api.py for tasks to queue
[2024-08-26T17:38:35.573-0700] {logging_mixin.py:190} INFO - [2024-08-26T17:38:35.572-0700] {dagbag.py:587} INFO - Filling up the DagBag from /home/jerson/airflow_venv/lib/python3.10/site-packages/airflow/example_dags/tutorial_taskflow_api.py
[2024-08-26T17:38:35.577-0700] {processor.py:925} INFO - DAG(s) 'tutorial_taskflow_api' retrieved from /home/jerson/airflow_venv/lib/python3.10/site-packages/airflow/example_dags/tutorial_taskflow_api.py
[2024-08-26T17:38:35.585-0700] {logging_mixin.py:190} INFO - [2024-08-26T17:38:35.585-0700] {dag.py:3211} INFO - Sync 1 DAGs
[2024-08-26T17:38:35.592-0700] {logging_mixin.py:190} INFO - [2024-08-26T17:38:35.592-0700] {dag.py:4138} INFO - Setting next_dagrun for tutorial_taskflow_api to None, run_after=None
[2024-08-26T17:38:35.607-0700] {processor.py:208} INFO - Processing /home/jerson/airflow_venv/lib/python3.10/site-packages/airflow/example_dags/tutorial_taskflow_api.py took 0.040 seconds
[2024-08-26T17:39:21.695-0700] {processor.py:186} INFO - Started process (PID=33790) to work on /home/jerson/airflow_venv/lib/python3.10/site-packages/airflow/example_dags/tutorial_taskflow_api.py
[2024-08-26T17:39:21.696-0700] {processor.py:914} INFO - Processing file /home/jerson/airflow_venv/lib/python3.10/site-packages/airflow/example_dags/tutorial_taskflow_api.py for tasks to queue
[2024-08-26T17:39:21.697-0700] {logging_mixin.py:190} INFO - [2024-08-26T17:39:21.697-0700] {dagbag.py:587} INFO - Filling up the DagBag from /home/jerson/airflow_venv/lib/python3.10/site-packages/airflow/example_dags/tutorial_taskflow_api.py
[2024-08-26T17:39:21.702-0700] {processor.py:925} INFO - DAG(s) 'tutorial_taskflow_api' retrieved from /home/jerson/airflow_venv/lib/python3.10/site-packages/airflow/example_dags/tutorial_taskflow_api.py
[2024-08-26T17:39:21.711-0700] {logging_mixin.py:190} INFO - [2024-08-26T17:39:21.711-0700] {dag.py:3211} INFO - Sync 1 DAGs
[2024-08-26T17:39:21.717-0700] {logging_mixin.py:190} INFO - [2024-08-26T17:39:21.717-0700] {dag.py:4138} INFO - Setting next_dagrun for tutorial_taskflow_api to None, run_after=None
[2024-08-26T17:39:21.734-0700] {processor.py:208} INFO - Processing /home/jerson/airflow_venv/lib/python3.10/site-packages/airflow/example_dags/tutorial_taskflow_api.py took 0.043 seconds
[2024-08-26T17:40:12.198-0700] {processor.py:186} INFO - Started process (PID=34189) to work on /home/jerson/airflow_venv/lib/python3.10/site-packages/airflow/example_dags/tutorial_taskflow_api.py
[2024-08-26T17:40:12.199-0700] {processor.py:914} INFO - Processing file /home/jerson/airflow_venv/lib/python3.10/site-packages/airflow/example_dags/tutorial_taskflow_api.py for tasks to queue
[2024-08-26T17:40:12.201-0700] {logging_mixin.py:190} INFO - [2024-08-26T17:40:12.200-0700] {dagbag.py:587} INFO - Filling up the DagBag from /home/jerson/airflow_venv/lib/python3.10/site-packages/airflow/example_dags/tutorial_taskflow_api.py
[2024-08-26T17:40:12.205-0700] {processor.py:925} INFO - DAG(s) 'tutorial_taskflow_api' retrieved from /home/jerson/airflow_venv/lib/python3.10/site-packages/airflow/example_dags/tutorial_taskflow_api.py
[2024-08-26T17:40:12.214-0700] {logging_mixin.py:190} INFO - [2024-08-26T17:40:12.214-0700] {dag.py:3211} INFO - Sync 1 DAGs
[2024-08-26T17:40:12.222-0700] {logging_mixin.py:190} INFO - [2024-08-26T17:40:12.222-0700] {dag.py:4138} INFO - Setting next_dagrun for tutorial_taskflow_api to None, run_after=None
[2024-08-26T17:40:12.240-0700] {processor.py:208} INFO - Processing /home/jerson/airflow_venv/lib/python3.10/site-packages/airflow/example_dags/tutorial_taskflow_api.py took 0.044 seconds
[2024-08-26T17:41:02.583-0700] {processor.py:186} INFO - Started process (PID=34586) to work on /home/jerson/airflow_venv/lib/python3.10/site-packages/airflow/example_dags/tutorial_taskflow_api.py
[2024-08-26T17:41:02.584-0700] {processor.py:914} INFO - Processing file /home/jerson/airflow_venv/lib/python3.10/site-packages/airflow/example_dags/tutorial_taskflow_api.py for tasks to queue
[2024-08-26T17:41:02.585-0700] {logging_mixin.py:190} INFO - [2024-08-26T17:41:02.585-0700] {dagbag.py:587} INFO - Filling up the DagBag from /home/jerson/airflow_venv/lib/python3.10/site-packages/airflow/example_dags/tutorial_taskflow_api.py
[2024-08-26T17:41:02.589-0700] {processor.py:925} INFO - DAG(s) 'tutorial_taskflow_api' retrieved from /home/jerson/airflow_venv/lib/python3.10/site-packages/airflow/example_dags/tutorial_taskflow_api.py
[2024-08-26T17:41:02.598-0700] {logging_mixin.py:190} INFO - [2024-08-26T17:41:02.598-0700] {dag.py:3211} INFO - Sync 1 DAGs
[2024-08-26T17:41:02.606-0700] {logging_mixin.py:190} INFO - [2024-08-26T17:41:02.605-0700] {dag.py:4138} INFO - Setting next_dagrun for tutorial_taskflow_api to None, run_after=None
[2024-08-26T17:41:02.621-0700] {processor.py:208} INFO - Processing /home/jerson/airflow_venv/lib/python3.10/site-packages/airflow/example_dags/tutorial_taskflow_api.py took 0.041 seconds
[2024-08-26T17:41:51.906-0700] {processor.py:186} INFO - Started process (PID=34983) to work on /home/jerson/airflow_venv/lib/python3.10/site-packages/airflow/example_dags/tutorial_taskflow_api.py
[2024-08-26T17:41:51.907-0700] {processor.py:914} INFO - Processing file /home/jerson/airflow_venv/lib/python3.10/site-packages/airflow/example_dags/tutorial_taskflow_api.py for tasks to queue
[2024-08-26T17:41:51.908-0700] {logging_mixin.py:190} INFO - [2024-08-26T17:41:51.908-0700] {dagbag.py:587} INFO - Filling up the DagBag from /home/jerson/airflow_venv/lib/python3.10/site-packages/airflow/example_dags/tutorial_taskflow_api.py
[2024-08-26T17:41:51.913-0700] {processor.py:925} INFO - DAG(s) 'tutorial_taskflow_api' retrieved from /home/jerson/airflow_venv/lib/python3.10/site-packages/airflow/example_dags/tutorial_taskflow_api.py
[2024-08-26T17:41:51.922-0700] {logging_mixin.py:190} INFO - [2024-08-26T17:41:51.922-0700] {dag.py:3211} INFO - Sync 1 DAGs
[2024-08-26T17:41:51.929-0700] {logging_mixin.py:190} INFO - [2024-08-26T17:41:51.929-0700] {dag.py:4138} INFO - Setting next_dagrun for tutorial_taskflow_api to None, run_after=None
[2024-08-26T17:41:51.945-0700] {processor.py:208} INFO - Processing /home/jerson/airflow_venv/lib/python3.10/site-packages/airflow/example_dags/tutorial_taskflow_api.py took 0.043 seconds
[2024-08-26T17:42:40.414-0700] {processor.py:186} INFO - Started process (PID=35371) to work on /home/jerson/airflow_venv/lib/python3.10/site-packages/airflow/example_dags/tutorial_taskflow_api.py
[2024-08-26T17:42:40.415-0700] {processor.py:914} INFO - Processing file /home/jerson/airflow_venv/lib/python3.10/site-packages/airflow/example_dags/tutorial_taskflow_api.py for tasks to queue
[2024-08-26T17:42:40.416-0700] {logging_mixin.py:190} INFO - [2024-08-26T17:42:40.416-0700] {dagbag.py:587} INFO - Filling up the DagBag from /home/jerson/airflow_venv/lib/python3.10/site-packages/airflow/example_dags/tutorial_taskflow_api.py
[2024-08-26T17:42:40.420-0700] {processor.py:925} INFO - DAG(s) 'tutorial_taskflow_api' retrieved from /home/jerson/airflow_venv/lib/python3.10/site-packages/airflow/example_dags/tutorial_taskflow_api.py
[2024-08-26T17:42:40.428-0700] {logging_mixin.py:190} INFO - [2024-08-26T17:42:40.428-0700] {dag.py:3211} INFO - Sync 1 DAGs
[2024-08-26T17:42:40.435-0700] {logging_mixin.py:190} INFO - [2024-08-26T17:42:40.435-0700] {dag.py:4138} INFO - Setting next_dagrun for tutorial_taskflow_api to None, run_after=None
[2024-08-26T17:42:40.451-0700] {processor.py:208} INFO - Processing /home/jerson/airflow_venv/lib/python3.10/site-packages/airflow/example_dags/tutorial_taskflow_api.py took 0.040 seconds
[2024-08-26T17:43:29.465-0700] {processor.py:186} INFO - Started process (PID=35761) to work on /home/jerson/airflow_venv/lib/python3.10/site-packages/airflow/example_dags/tutorial_taskflow_api.py
[2024-08-26T17:43:29.466-0700] {processor.py:914} INFO - Processing file /home/jerson/airflow_venv/lib/python3.10/site-packages/airflow/example_dags/tutorial_taskflow_api.py for tasks to queue
[2024-08-26T17:43:29.467-0700] {logging_mixin.py:190} INFO - [2024-08-26T17:43:29.467-0700] {dagbag.py:587} INFO - Filling up the DagBag from /home/jerson/airflow_venv/lib/python3.10/site-packages/airflow/example_dags/tutorial_taskflow_api.py
[2024-08-26T17:43:29.472-0700] {processor.py:925} INFO - DAG(s) 'tutorial_taskflow_api' retrieved from /home/jerson/airflow_venv/lib/python3.10/site-packages/airflow/example_dags/tutorial_taskflow_api.py
[2024-08-26T17:43:29.481-0700] {logging_mixin.py:190} INFO - [2024-08-26T17:43:29.480-0700] {dag.py:3211} INFO - Sync 1 DAGs
[2024-08-26T17:43:29.487-0700] {logging_mixin.py:190} INFO - [2024-08-26T17:43:29.487-0700] {dag.py:4138} INFO - Setting next_dagrun for tutorial_taskflow_api to None, run_after=None
[2024-08-26T17:43:29.503-0700] {processor.py:208} INFO - Processing /home/jerson/airflow_venv/lib/python3.10/site-packages/airflow/example_dags/tutorial_taskflow_api.py took 0.041 seconds
[2024-08-26T17:44:16.410-0700] {processor.py:186} INFO - Started process (PID=36162) to work on /home/jerson/airflow_venv/lib/python3.10/site-packages/airflow/example_dags/tutorial_taskflow_api.py
[2024-08-26T17:44:16.411-0700] {processor.py:914} INFO - Processing file /home/jerson/airflow_venv/lib/python3.10/site-packages/airflow/example_dags/tutorial_taskflow_api.py for tasks to queue
[2024-08-26T17:44:16.413-0700] {logging_mixin.py:190} INFO - [2024-08-26T17:44:16.413-0700] {dagbag.py:587} INFO - Filling up the DagBag from /home/jerson/airflow_venv/lib/python3.10/site-packages/airflow/example_dags/tutorial_taskflow_api.py
[2024-08-26T17:44:16.420-0700] {processor.py:925} INFO - DAG(s) 'tutorial_taskflow_api' retrieved from /home/jerson/airflow_venv/lib/python3.10/site-packages/airflow/example_dags/tutorial_taskflow_api.py
[2024-08-26T17:44:16.432-0700] {logging_mixin.py:190} INFO - [2024-08-26T17:44:16.432-0700] {dag.py:3211} INFO - Sync 1 DAGs
[2024-08-26T17:44:16.440-0700] {logging_mixin.py:190} INFO - [2024-08-26T17:44:16.440-0700] {dag.py:4138} INFO - Setting next_dagrun for tutorial_taskflow_api to None, run_after=None
[2024-08-26T17:44:16.457-0700] {processor.py:208} INFO - Processing /home/jerson/airflow_venv/lib/python3.10/site-packages/airflow/example_dags/tutorial_taskflow_api.py took 0.050 seconds
[2024-08-26T17:45:07.118-0700] {processor.py:186} INFO - Started process (PID=36569) to work on /home/jerson/airflow_venv/lib/python3.10/site-packages/airflow/example_dags/tutorial_taskflow_api.py
[2024-08-26T17:45:07.119-0700] {processor.py:914} INFO - Processing file /home/jerson/airflow_venv/lib/python3.10/site-packages/airflow/example_dags/tutorial_taskflow_api.py for tasks to queue
[2024-08-26T17:45:07.120-0700] {logging_mixin.py:190} INFO - [2024-08-26T17:45:07.119-0700] {dagbag.py:587} INFO - Filling up the DagBag from /home/jerson/airflow_venv/lib/python3.10/site-packages/airflow/example_dags/tutorial_taskflow_api.py
[2024-08-26T17:45:07.124-0700] {processor.py:925} INFO - DAG(s) 'tutorial_taskflow_api' retrieved from /home/jerson/airflow_venv/lib/python3.10/site-packages/airflow/example_dags/tutorial_taskflow_api.py
[2024-08-26T17:45:07.133-0700] {logging_mixin.py:190} INFO - [2024-08-26T17:45:07.133-0700] {dag.py:3211} INFO - Sync 1 DAGs
[2024-08-26T17:45:07.141-0700] {logging_mixin.py:190} INFO - [2024-08-26T17:45:07.140-0700] {dag.py:4138} INFO - Setting next_dagrun for tutorial_taskflow_api to None, run_after=None
[2024-08-26T17:45:07.158-0700] {processor.py:208} INFO - Processing /home/jerson/airflow_venv/lib/python3.10/site-packages/airflow/example_dags/tutorial_taskflow_api.py took 0.044 seconds
[2024-08-26T17:45:57.373-0700] {processor.py:186} INFO - Started process (PID=36969) to work on /home/jerson/airflow_venv/lib/python3.10/site-packages/airflow/example_dags/tutorial_taskflow_api.py
[2024-08-26T17:45:57.374-0700] {processor.py:914} INFO - Processing file /home/jerson/airflow_venv/lib/python3.10/site-packages/airflow/example_dags/tutorial_taskflow_api.py for tasks to queue
[2024-08-26T17:45:57.375-0700] {logging_mixin.py:190} INFO - [2024-08-26T17:45:57.375-0700] {dagbag.py:587} INFO - Filling up the DagBag from /home/jerson/airflow_venv/lib/python3.10/site-packages/airflow/example_dags/tutorial_taskflow_api.py
[2024-08-26T17:45:57.380-0700] {processor.py:925} INFO - DAG(s) 'tutorial_taskflow_api' retrieved from /home/jerson/airflow_venv/lib/python3.10/site-packages/airflow/example_dags/tutorial_taskflow_api.py
[2024-08-26T17:45:57.389-0700] {logging_mixin.py:190} INFO - [2024-08-26T17:45:57.389-0700] {dag.py:3211} INFO - Sync 1 DAGs
[2024-08-26T17:45:57.397-0700] {logging_mixin.py:190} INFO - [2024-08-26T17:45:57.396-0700] {dag.py:4138} INFO - Setting next_dagrun for tutorial_taskflow_api to None, run_after=None
[2024-08-26T17:45:57.414-0700] {processor.py:208} INFO - Processing /home/jerson/airflow_venv/lib/python3.10/site-packages/airflow/example_dags/tutorial_taskflow_api.py took 0.045 seconds
[2024-08-26T17:46:46.808-0700] {processor.py:186} INFO - Started process (PID=37668) to work on /home/jerson/airflow_venv/lib/python3.10/site-packages/airflow/example_dags/tutorial_taskflow_api.py
[2024-08-26T17:46:46.809-0700] {processor.py:914} INFO - Processing file /home/jerson/airflow_venv/lib/python3.10/site-packages/airflow/example_dags/tutorial_taskflow_api.py for tasks to queue
[2024-08-26T17:46:46.810-0700] {logging_mixin.py:190} INFO - [2024-08-26T17:46:46.810-0700] {dagbag.py:587} INFO - Filling up the DagBag from /home/jerson/airflow_venv/lib/python3.10/site-packages/airflow/example_dags/tutorial_taskflow_api.py
[2024-08-26T17:46:46.816-0700] {processor.py:925} INFO - DAG(s) 'tutorial_taskflow_api' retrieved from /home/jerson/airflow_venv/lib/python3.10/site-packages/airflow/example_dags/tutorial_taskflow_api.py
[2024-08-26T17:46:46.825-0700] {logging_mixin.py:190} INFO - [2024-08-26T17:46:46.825-0700] {dag.py:3211} INFO - Sync 1 DAGs
[2024-08-26T17:46:46.832-0700] {logging_mixin.py:190} INFO - [2024-08-26T17:46:46.832-0700] {dag.py:4138} INFO - Setting next_dagrun for tutorial_taskflow_api to None, run_after=None
[2024-08-26T17:46:46.850-0700] {processor.py:208} INFO - Processing /home/jerson/airflow_venv/lib/python3.10/site-packages/airflow/example_dags/tutorial_taskflow_api.py took 0.045 seconds
[2024-08-26T17:47:35.845-0700] {processor.py:186} INFO - Started process (PID=38186) to work on /home/jerson/airflow_venv/lib/python3.10/site-packages/airflow/example_dags/tutorial_taskflow_api.py
[2024-08-26T17:47:35.846-0700] {processor.py:914} INFO - Processing file /home/jerson/airflow_venv/lib/python3.10/site-packages/airflow/example_dags/tutorial_taskflow_api.py for tasks to queue
[2024-08-26T17:47:35.847-0700] {logging_mixin.py:190} INFO - [2024-08-26T17:47:35.846-0700] {dagbag.py:587} INFO - Filling up the DagBag from /home/jerson/airflow_venv/lib/python3.10/site-packages/airflow/example_dags/tutorial_taskflow_api.py
[2024-08-26T17:47:35.851-0700] {processor.py:925} INFO - DAG(s) 'tutorial_taskflow_api' retrieved from /home/jerson/airflow_venv/lib/python3.10/site-packages/airflow/example_dags/tutorial_taskflow_api.py
[2024-08-26T17:47:35.860-0700] {logging_mixin.py:190} INFO - [2024-08-26T17:47:35.860-0700] {dag.py:3211} INFO - Sync 1 DAGs
[2024-08-26T17:47:35.869-0700] {logging_mixin.py:190} INFO - [2024-08-26T17:47:35.868-0700] {dag.py:4138} INFO - Setting next_dagrun for tutorial_taskflow_api to None, run_after=None
[2024-08-26T17:47:35.886-0700] {processor.py:208} INFO - Processing /home/jerson/airflow_venv/lib/python3.10/site-packages/airflow/example_dags/tutorial_taskflow_api.py took 0.045 seconds
[2024-08-26T17:48:28.200-0700] {processor.py:186} INFO - Started process (PID=38604) to work on /home/jerson/airflow_venv/lib/python3.10/site-packages/airflow/example_dags/tutorial_taskflow_api.py
[2024-08-26T17:48:28.201-0700] {processor.py:914} INFO - Processing file /home/jerson/airflow_venv/lib/python3.10/site-packages/airflow/example_dags/tutorial_taskflow_api.py for tasks to queue
[2024-08-26T17:48:28.202-0700] {logging_mixin.py:190} INFO - [2024-08-26T17:48:28.202-0700] {dagbag.py:587} INFO - Filling up the DagBag from /home/jerson/airflow_venv/lib/python3.10/site-packages/airflow/example_dags/tutorial_taskflow_api.py
[2024-08-26T17:48:28.208-0700] {processor.py:925} INFO - DAG(s) 'tutorial_taskflow_api' retrieved from /home/jerson/airflow_venv/lib/python3.10/site-packages/airflow/example_dags/tutorial_taskflow_api.py
[2024-08-26T17:48:28.217-0700] {logging_mixin.py:190} INFO - [2024-08-26T17:48:28.216-0700] {dag.py:3211} INFO - Sync 1 DAGs
[2024-08-26T17:48:28.224-0700] {logging_mixin.py:190} INFO - [2024-08-26T17:48:28.224-0700] {dag.py:4138} INFO - Setting next_dagrun for tutorial_taskflow_api to None, run_after=None
[2024-08-26T17:48:28.241-0700] {processor.py:208} INFO - Processing /home/jerson/airflow_venv/lib/python3.10/site-packages/airflow/example_dags/tutorial_taskflow_api.py took 0.045 seconds
[2024-08-26T17:49:19.472-0700] {processor.py:186} INFO - Started process (PID=39136) to work on /home/jerson/airflow_venv/lib/python3.10/site-packages/airflow/example_dags/tutorial_taskflow_api.py
[2024-08-26T17:49:19.473-0700] {processor.py:914} INFO - Processing file /home/jerson/airflow_venv/lib/python3.10/site-packages/airflow/example_dags/tutorial_taskflow_api.py for tasks to queue
[2024-08-26T17:49:19.474-0700] {logging_mixin.py:190} INFO - [2024-08-26T17:49:19.474-0700] {dagbag.py:587} INFO - Filling up the DagBag from /home/jerson/airflow_venv/lib/python3.10/site-packages/airflow/example_dags/tutorial_taskflow_api.py
[2024-08-26T17:49:19.479-0700] {processor.py:925} INFO - DAG(s) 'tutorial_taskflow_api' retrieved from /home/jerson/airflow_venv/lib/python3.10/site-packages/airflow/example_dags/tutorial_taskflow_api.py
[2024-08-26T17:49:19.489-0700] {logging_mixin.py:190} INFO - [2024-08-26T17:49:19.488-0700] {dag.py:3211} INFO - Sync 1 DAGs
[2024-08-26T17:49:19.496-0700] {logging_mixin.py:190} INFO - [2024-08-26T17:49:19.496-0700] {dag.py:4138} INFO - Setting next_dagrun for tutorial_taskflow_api to None, run_after=None
[2024-08-26T17:49:19.513-0700] {processor.py:208} INFO - Processing /home/jerson/airflow_venv/lib/python3.10/site-packages/airflow/example_dags/tutorial_taskflow_api.py took 0.045 seconds
[2024-08-26T17:50:11.722-0700] {processor.py:186} INFO - Started process (PID=39551) to work on /home/jerson/airflow_venv/lib/python3.10/site-packages/airflow/example_dags/tutorial_taskflow_api.py
[2024-08-26T17:50:11.723-0700] {processor.py:914} INFO - Processing file /home/jerson/airflow_venv/lib/python3.10/site-packages/airflow/example_dags/tutorial_taskflow_api.py for tasks to queue
[2024-08-26T17:50:11.724-0700] {logging_mixin.py:190} INFO - [2024-08-26T17:50:11.724-0700] {dagbag.py:587} INFO - Filling up the DagBag from /home/jerson/airflow_venv/lib/python3.10/site-packages/airflow/example_dags/tutorial_taskflow_api.py
[2024-08-26T17:50:11.729-0700] {processor.py:925} INFO - DAG(s) 'tutorial_taskflow_api' retrieved from /home/jerson/airflow_venv/lib/python3.10/site-packages/airflow/example_dags/tutorial_taskflow_api.py
[2024-08-26T17:50:11.739-0700] {logging_mixin.py:190} INFO - [2024-08-26T17:50:11.739-0700] {dag.py:3211} INFO - Sync 1 DAGs
[2024-08-26T17:50:11.747-0700] {logging_mixin.py:190} INFO - [2024-08-26T17:50:11.747-0700] {dag.py:4138} INFO - Setting next_dagrun for tutorial_taskflow_api to None, run_after=None
[2024-08-26T17:50:11.763-0700] {processor.py:208} INFO - Processing /home/jerson/airflow_venv/lib/python3.10/site-packages/airflow/example_dags/tutorial_taskflow_api.py took 0.045 seconds
[2024-08-26T17:51:03.675-0700] {processor.py:186} INFO - Started process (PID=39969) to work on /home/jerson/airflow_venv/lib/python3.10/site-packages/airflow/example_dags/tutorial_taskflow_api.py
[2024-08-26T17:51:03.676-0700] {processor.py:914} INFO - Processing file /home/jerson/airflow_venv/lib/python3.10/site-packages/airflow/example_dags/tutorial_taskflow_api.py for tasks to queue
[2024-08-26T17:51:03.678-0700] {logging_mixin.py:190} INFO - [2024-08-26T17:51:03.677-0700] {dagbag.py:587} INFO - Filling up the DagBag from /home/jerson/airflow_venv/lib/python3.10/site-packages/airflow/example_dags/tutorial_taskflow_api.py
[2024-08-26T17:51:03.684-0700] {processor.py:925} INFO - DAG(s) 'tutorial_taskflow_api' retrieved from /home/jerson/airflow_venv/lib/python3.10/site-packages/airflow/example_dags/tutorial_taskflow_api.py
[2024-08-26T17:51:03.693-0700] {logging_mixin.py:190} INFO - [2024-08-26T17:51:03.693-0700] {dag.py:3211} INFO - Sync 1 DAGs
[2024-08-26T17:51:03.700-0700] {logging_mixin.py:190} INFO - [2024-08-26T17:51:03.700-0700] {dag.py:4138} INFO - Setting next_dagrun for tutorial_taskflow_api to None, run_after=None
[2024-08-26T17:51:03.717-0700] {processor.py:208} INFO - Processing /home/jerson/airflow_venv/lib/python3.10/site-packages/airflow/example_dags/tutorial_taskflow_api.py took 0.045 seconds
[2024-08-26T17:55:41.720-0700] {processor.py:186} INFO - Started process (PID=43025) to work on /home/jerson/airflow_venv/lib/python3.10/site-packages/airflow/example_dags/tutorial_taskflow_api.py
[2024-08-26T17:55:41.721-0700] {processor.py:914} INFO - Processing file /home/jerson/airflow_venv/lib/python3.10/site-packages/airflow/example_dags/tutorial_taskflow_api.py for tasks to queue
[2024-08-26T17:55:41.723-0700] {logging_mixin.py:190} INFO - [2024-08-26T17:55:41.722-0700] {dagbag.py:587} INFO - Filling up the DagBag from /home/jerson/airflow_venv/lib/python3.10/site-packages/airflow/example_dags/tutorial_taskflow_api.py
[2024-08-26T17:55:41.728-0700] {processor.py:925} INFO - DAG(s) 'tutorial_taskflow_api' retrieved from /home/jerson/airflow_venv/lib/python3.10/site-packages/airflow/example_dags/tutorial_taskflow_api.py
[2024-08-26T17:55:41.737-0700] {logging_mixin.py:190} INFO - [2024-08-26T17:55:41.737-0700] {dag.py:3211} INFO - Sync 1 DAGs
[2024-08-26T17:55:41.744-0700] {logging_mixin.py:190} INFO - [2024-08-26T17:55:41.744-0700] {dag.py:4138} INFO - Setting next_dagrun for tutorial_taskflow_api to None, run_after=None
[2024-08-26T17:55:41.760-0700] {processor.py:208} INFO - Processing /home/jerson/airflow_venv/lib/python3.10/site-packages/airflow/example_dags/tutorial_taskflow_api.py took 0.043 seconds
[2024-08-26T17:56:35.993-0700] {processor.py:186} INFO - Started process (PID=43642) to work on /home/jerson/airflow_venv/lib/python3.10/site-packages/airflow/example_dags/tutorial_taskflow_api.py
[2024-08-26T17:56:35.994-0700] {processor.py:914} INFO - Processing file /home/jerson/airflow_venv/lib/python3.10/site-packages/airflow/example_dags/tutorial_taskflow_api.py for tasks to queue
[2024-08-26T17:56:35.996-0700] {logging_mixin.py:190} INFO - [2024-08-26T17:56:35.995-0700] {dagbag.py:587} INFO - Filling up the DagBag from /home/jerson/airflow_venv/lib/python3.10/site-packages/airflow/example_dags/tutorial_taskflow_api.py
[2024-08-26T17:56:36.000-0700] {processor.py:925} INFO - DAG(s) 'tutorial_taskflow_api' retrieved from /home/jerson/airflow_venv/lib/python3.10/site-packages/airflow/example_dags/tutorial_taskflow_api.py
[2024-08-26T17:56:36.010-0700] {logging_mixin.py:190} INFO - [2024-08-26T17:56:36.010-0700] {dag.py:3211} INFO - Sync 1 DAGs
[2024-08-26T17:56:36.017-0700] {logging_mixin.py:190} INFO - [2024-08-26T17:56:36.017-0700] {dag.py:4138} INFO - Setting next_dagrun for tutorial_taskflow_api to None, run_after=None
[2024-08-26T17:56:36.033-0700] {processor.py:208} INFO - Processing /home/jerson/airflow_venv/lib/python3.10/site-packages/airflow/example_dags/tutorial_taskflow_api.py took 0.043 seconds
[2024-08-26T17:57:30.589-0700] {processor.py:186} INFO - Started process (PID=44206) to work on /home/jerson/airflow_venv/lib/python3.10/site-packages/airflow/example_dags/tutorial_taskflow_api.py
[2024-08-26T17:57:30.591-0700] {processor.py:914} INFO - Processing file /home/jerson/airflow_venv/lib/python3.10/site-packages/airflow/example_dags/tutorial_taskflow_api.py for tasks to queue
[2024-08-26T17:57:30.593-0700] {logging_mixin.py:190} INFO - [2024-08-26T17:57:30.592-0700] {dagbag.py:587} INFO - Filling up the DagBag from /home/jerson/airflow_venv/lib/python3.10/site-packages/airflow/example_dags/tutorial_taskflow_api.py
[2024-08-26T17:57:30.604-0700] {processor.py:925} INFO - DAG(s) 'tutorial_taskflow_api' retrieved from /home/jerson/airflow_venv/lib/python3.10/site-packages/airflow/example_dags/tutorial_taskflow_api.py
[2024-08-26T17:57:30.615-0700] {logging_mixin.py:190} INFO - [2024-08-26T17:57:30.615-0700] {dag.py:3211} INFO - Sync 1 DAGs
[2024-08-26T17:57:30.623-0700] {logging_mixin.py:190} INFO - [2024-08-26T17:57:30.623-0700] {dag.py:4138} INFO - Setting next_dagrun for tutorial_taskflow_api to None, run_after=None
[2024-08-26T17:57:30.647-0700] {processor.py:208} INFO - Processing /home/jerson/airflow_venv/lib/python3.10/site-packages/airflow/example_dags/tutorial_taskflow_api.py took 0.063 seconds
[2024-08-26T17:58:22.473-0700] {processor.py:186} INFO - Started process (PID=44818) to work on /home/jerson/airflow_venv/lib/python3.10/site-packages/airflow/example_dags/tutorial_taskflow_api.py
[2024-08-26T17:58:22.474-0700] {processor.py:914} INFO - Processing file /home/jerson/airflow_venv/lib/python3.10/site-packages/airflow/example_dags/tutorial_taskflow_api.py for tasks to queue
[2024-08-26T17:58:22.475-0700] {logging_mixin.py:190} INFO - [2024-08-26T17:58:22.475-0700] {dagbag.py:587} INFO - Filling up the DagBag from /home/jerson/airflow_venv/lib/python3.10/site-packages/airflow/example_dags/tutorial_taskflow_api.py
[2024-08-26T17:58:22.480-0700] {processor.py:925} INFO - DAG(s) 'tutorial_taskflow_api' retrieved from /home/jerson/airflow_venv/lib/python3.10/site-packages/airflow/example_dags/tutorial_taskflow_api.py
[2024-08-26T17:58:22.490-0700] {logging_mixin.py:190} INFO - [2024-08-26T17:58:22.490-0700] {dag.py:3211} INFO - Sync 1 DAGs
[2024-08-26T17:58:22.498-0700] {logging_mixin.py:190} INFO - [2024-08-26T17:58:22.498-0700] {dag.py:4138} INFO - Setting next_dagrun for tutorial_taskflow_api to None, run_after=None
[2024-08-26T17:58:22.516-0700] {processor.py:208} INFO - Processing /home/jerson/airflow_venv/lib/python3.10/site-packages/airflow/example_dags/tutorial_taskflow_api.py took 0.047 seconds
[2024-08-26T17:59:14.039-0700] {processor.py:186} INFO - Started process (PID=45325) to work on /home/jerson/airflow_venv/lib/python3.10/site-packages/airflow/example_dags/tutorial_taskflow_api.py
[2024-08-26T17:59:14.040-0700] {processor.py:914} INFO - Processing file /home/jerson/airflow_venv/lib/python3.10/site-packages/airflow/example_dags/tutorial_taskflow_api.py for tasks to queue
[2024-08-26T17:59:14.041-0700] {logging_mixin.py:190} INFO - [2024-08-26T17:59:14.041-0700] {dagbag.py:587} INFO - Filling up the DagBag from /home/jerson/airflow_venv/lib/python3.10/site-packages/airflow/example_dags/tutorial_taskflow_api.py
[2024-08-26T17:59:14.046-0700] {processor.py:925} INFO - DAG(s) 'tutorial_taskflow_api' retrieved from /home/jerson/airflow_venv/lib/python3.10/site-packages/airflow/example_dags/tutorial_taskflow_api.py
[2024-08-26T17:59:14.055-0700] {logging_mixin.py:190} INFO - [2024-08-26T17:59:14.055-0700] {dag.py:3211} INFO - Sync 1 DAGs
[2024-08-26T17:59:14.063-0700] {logging_mixin.py:190} INFO - [2024-08-26T17:59:14.062-0700] {dag.py:4138} INFO - Setting next_dagrun for tutorial_taskflow_api to None, run_after=None
[2024-08-26T17:59:14.079-0700] {processor.py:208} INFO - Processing /home/jerson/airflow_venv/lib/python3.10/site-packages/airflow/example_dags/tutorial_taskflow_api.py took 0.043 seconds
[2024-08-26T18:00:02.627-0700] {processor.py:186} INFO - Started process (PID=45911) to work on /home/jerson/airflow_venv/lib/python3.10/site-packages/airflow/example_dags/tutorial_taskflow_api.py
[2024-08-26T18:00:02.628-0700] {processor.py:914} INFO - Processing file /home/jerson/airflow_venv/lib/python3.10/site-packages/airflow/example_dags/tutorial_taskflow_api.py for tasks to queue
[2024-08-26T18:00:02.629-0700] {logging_mixin.py:190} INFO - [2024-08-26T18:00:02.629-0700] {dagbag.py:587} INFO - Filling up the DagBag from /home/jerson/airflow_venv/lib/python3.10/site-packages/airflow/example_dags/tutorial_taskflow_api.py
[2024-08-26T18:00:02.634-0700] {processor.py:925} INFO - DAG(s) 'tutorial_taskflow_api' retrieved from /home/jerson/airflow_venv/lib/python3.10/site-packages/airflow/example_dags/tutorial_taskflow_api.py
[2024-08-26T18:00:02.643-0700] {logging_mixin.py:190} INFO - [2024-08-26T18:00:02.643-0700] {dag.py:3211} INFO - Sync 1 DAGs
[2024-08-26T18:00:02.650-0700] {logging_mixin.py:190} INFO - [2024-08-26T18:00:02.650-0700] {dag.py:4138} INFO - Setting next_dagrun for tutorial_taskflow_api to None, run_after=None
[2024-08-26T18:00:02.667-0700] {processor.py:208} INFO - Processing /home/jerson/airflow_venv/lib/python3.10/site-packages/airflow/example_dags/tutorial_taskflow_api.py took 0.043 seconds
[2024-08-26T18:00:52.161-0700] {processor.py:186} INFO - Started process (PID=46491) to work on /home/jerson/airflow_venv/lib/python3.10/site-packages/airflow/example_dags/tutorial_taskflow_api.py
[2024-08-26T18:00:52.162-0700] {processor.py:914} INFO - Processing file /home/jerson/airflow_venv/lib/python3.10/site-packages/airflow/example_dags/tutorial_taskflow_api.py for tasks to queue
[2024-08-26T18:00:52.163-0700] {logging_mixin.py:190} INFO - [2024-08-26T18:00:52.163-0700] {dagbag.py:587} INFO - Filling up the DagBag from /home/jerson/airflow_venv/lib/python3.10/site-packages/airflow/example_dags/tutorial_taskflow_api.py
[2024-08-26T18:00:52.168-0700] {processor.py:925} INFO - DAG(s) 'tutorial_taskflow_api' retrieved from /home/jerson/airflow_venv/lib/python3.10/site-packages/airflow/example_dags/tutorial_taskflow_api.py
[2024-08-26T18:00:52.178-0700] {logging_mixin.py:190} INFO - [2024-08-26T18:00:52.177-0700] {dag.py:3211} INFO - Sync 1 DAGs
[2024-08-26T18:00:52.186-0700] {logging_mixin.py:190} INFO - [2024-08-26T18:00:52.185-0700] {dag.py:4138} INFO - Setting next_dagrun for tutorial_taskflow_api to None, run_after=None
[2024-08-26T18:00:52.203-0700] {processor.py:208} INFO - Processing /home/jerson/airflow_venv/lib/python3.10/site-packages/airflow/example_dags/tutorial_taskflow_api.py took 0.045 seconds
[2024-08-26T18:01:42.944-0700] {processor.py:186} INFO - Started process (PID=46960) to work on /home/jerson/airflow_venv/lib/python3.10/site-packages/airflow/example_dags/tutorial_taskflow_api.py
[2024-08-26T18:01:42.945-0700] {processor.py:914} INFO - Processing file /home/jerson/airflow_venv/lib/python3.10/site-packages/airflow/example_dags/tutorial_taskflow_api.py for tasks to queue
[2024-08-26T18:01:42.946-0700] {logging_mixin.py:190} INFO - [2024-08-26T18:01:42.946-0700] {dagbag.py:587} INFO - Filling up the DagBag from /home/jerson/airflow_venv/lib/python3.10/site-packages/airflow/example_dags/tutorial_taskflow_api.py
[2024-08-26T18:01:42.951-0700] {processor.py:925} INFO - DAG(s) 'tutorial_taskflow_api' retrieved from /home/jerson/airflow_venv/lib/python3.10/site-packages/airflow/example_dags/tutorial_taskflow_api.py
[2024-08-26T18:01:42.959-0700] {logging_mixin.py:190} INFO - [2024-08-26T18:01:42.959-0700] {dag.py:3211} INFO - Sync 1 DAGs
[2024-08-26T18:01:42.967-0700] {logging_mixin.py:190} INFO - [2024-08-26T18:01:42.967-0700] {dag.py:4138} INFO - Setting next_dagrun for tutorial_taskflow_api to None, run_after=None
[2024-08-26T18:01:42.983-0700] {processor.py:208} INFO - Processing /home/jerson/airflow_venv/lib/python3.10/site-packages/airflow/example_dags/tutorial_taskflow_api.py took 0.042 seconds
[2024-08-26T18:02:30.336-0700] {processor.py:186} INFO - Started process (PID=47352) to work on /home/jerson/airflow_venv/lib/python3.10/site-packages/airflow/example_dags/tutorial_taskflow_api.py
[2024-08-26T18:02:30.337-0700] {processor.py:914} INFO - Processing file /home/jerson/airflow_venv/lib/python3.10/site-packages/airflow/example_dags/tutorial_taskflow_api.py for tasks to queue
[2024-08-26T18:02:30.338-0700] {logging_mixin.py:190} INFO - [2024-08-26T18:02:30.338-0700] {dagbag.py:587} INFO - Filling up the DagBag from /home/jerson/airflow_venv/lib/python3.10/site-packages/airflow/example_dags/tutorial_taskflow_api.py
[2024-08-26T18:02:30.343-0700] {processor.py:925} INFO - DAG(s) 'tutorial_taskflow_api' retrieved from /home/jerson/airflow_venv/lib/python3.10/site-packages/airflow/example_dags/tutorial_taskflow_api.py
[2024-08-26T18:02:30.352-0700] {logging_mixin.py:190} INFO - [2024-08-26T18:02:30.351-0700] {dag.py:3211} INFO - Sync 1 DAGs
[2024-08-26T18:02:30.358-0700] {logging_mixin.py:190} INFO - [2024-08-26T18:02:30.358-0700] {dag.py:4138} INFO - Setting next_dagrun for tutorial_taskflow_api to None, run_after=None
[2024-08-26T18:02:30.374-0700] {processor.py:208} INFO - Processing /home/jerson/airflow_venv/lib/python3.10/site-packages/airflow/example_dags/tutorial_taskflow_api.py took 0.040 seconds
[2024-08-26T18:03:18.298-0700] {processor.py:186} INFO - Started process (PID=47863) to work on /home/jerson/airflow_venv/lib/python3.10/site-packages/airflow/example_dags/tutorial_taskflow_api.py
[2024-08-26T18:03:18.299-0700] {processor.py:914} INFO - Processing file /home/jerson/airflow_venv/lib/python3.10/site-packages/airflow/example_dags/tutorial_taskflow_api.py for tasks to queue
[2024-08-26T18:03:18.300-0700] {logging_mixin.py:190} INFO - [2024-08-26T18:03:18.300-0700] {dagbag.py:587} INFO - Filling up the DagBag from /home/jerson/airflow_venv/lib/python3.10/site-packages/airflow/example_dags/tutorial_taskflow_api.py
[2024-08-26T18:03:18.305-0700] {processor.py:925} INFO - DAG(s) 'tutorial_taskflow_api' retrieved from /home/jerson/airflow_venv/lib/python3.10/site-packages/airflow/example_dags/tutorial_taskflow_api.py
[2024-08-26T18:03:18.314-0700] {logging_mixin.py:190} INFO - [2024-08-26T18:03:18.314-0700] {dag.py:3211} INFO - Sync 1 DAGs
[2024-08-26T18:03:18.321-0700] {logging_mixin.py:190} INFO - [2024-08-26T18:03:18.321-0700] {dag.py:4138} INFO - Setting next_dagrun for tutorial_taskflow_api to None, run_after=None
[2024-08-26T18:03:18.337-0700] {processor.py:208} INFO - Processing /home/jerson/airflow_venv/lib/python3.10/site-packages/airflow/example_dags/tutorial_taskflow_api.py took 0.042 seconds
[2024-08-26T18:04:07.241-0700] {processor.py:186} INFO - Started process (PID=48304) to work on /home/jerson/airflow_venv/lib/python3.10/site-packages/airflow/example_dags/tutorial_taskflow_api.py
[2024-08-26T18:04:07.242-0700] {processor.py:914} INFO - Processing file /home/jerson/airflow_venv/lib/python3.10/site-packages/airflow/example_dags/tutorial_taskflow_api.py for tasks to queue
[2024-08-26T18:04:07.243-0700] {logging_mixin.py:190} INFO - [2024-08-26T18:04:07.243-0700] {dagbag.py:587} INFO - Filling up the DagBag from /home/jerson/airflow_venv/lib/python3.10/site-packages/airflow/example_dags/tutorial_taskflow_api.py
[2024-08-26T18:04:07.248-0700] {processor.py:925} INFO - DAG(s) 'tutorial_taskflow_api' retrieved from /home/jerson/airflow_venv/lib/python3.10/site-packages/airflow/example_dags/tutorial_taskflow_api.py
[2024-08-26T18:04:07.257-0700] {logging_mixin.py:190} INFO - [2024-08-26T18:04:07.256-0700] {dag.py:3211} INFO - Sync 1 DAGs
[2024-08-26T18:04:07.263-0700] {logging_mixin.py:190} INFO - [2024-08-26T18:04:07.263-0700] {dag.py:4138} INFO - Setting next_dagrun for tutorial_taskflow_api to None, run_after=None
[2024-08-26T18:04:07.279-0700] {processor.py:208} INFO - Processing /home/jerson/airflow_venv/lib/python3.10/site-packages/airflow/example_dags/tutorial_taskflow_api.py took 0.041 seconds
[2024-08-26T18:04:57.312-0700] {processor.py:186} INFO - Started process (PID=48792) to work on /home/jerson/airflow_venv/lib/python3.10/site-packages/airflow/example_dags/tutorial_taskflow_api.py
[2024-08-26T18:04:57.313-0700] {processor.py:914} INFO - Processing file /home/jerson/airflow_venv/lib/python3.10/site-packages/airflow/example_dags/tutorial_taskflow_api.py for tasks to queue
[2024-08-26T18:04:57.314-0700] {logging_mixin.py:190} INFO - [2024-08-26T18:04:57.314-0700] {dagbag.py:587} INFO - Filling up the DagBag from /home/jerson/airflow_venv/lib/python3.10/site-packages/airflow/example_dags/tutorial_taskflow_api.py
[2024-08-26T18:04:57.319-0700] {processor.py:925} INFO - DAG(s) 'tutorial_taskflow_api' retrieved from /home/jerson/airflow_venv/lib/python3.10/site-packages/airflow/example_dags/tutorial_taskflow_api.py
[2024-08-26T18:04:57.328-0700] {logging_mixin.py:190} INFO - [2024-08-26T18:04:57.328-0700] {dag.py:3211} INFO - Sync 1 DAGs
[2024-08-26T18:04:57.335-0700] {logging_mixin.py:190} INFO - [2024-08-26T18:04:57.335-0700] {dag.py:4138} INFO - Setting next_dagrun for tutorial_taskflow_api to None, run_after=None
[2024-08-26T18:04:57.355-0700] {processor.py:208} INFO - Processing /home/jerson/airflow_venv/lib/python3.10/site-packages/airflow/example_dags/tutorial_taskflow_api.py took 0.046 seconds
[2024-08-26T18:05:44.269-0700] {processor.py:186} INFO - Started process (PID=49205) to work on /home/jerson/airflow_venv/lib/python3.10/site-packages/airflow/example_dags/tutorial_taskflow_api.py
[2024-08-26T18:05:44.270-0700] {processor.py:914} INFO - Processing file /home/jerson/airflow_venv/lib/python3.10/site-packages/airflow/example_dags/tutorial_taskflow_api.py for tasks to queue
[2024-08-26T18:05:44.272-0700] {logging_mixin.py:190} INFO - [2024-08-26T18:05:44.271-0700] {dagbag.py:587} INFO - Filling up the DagBag from /home/jerson/airflow_venv/lib/python3.10/site-packages/airflow/example_dags/tutorial_taskflow_api.py
[2024-08-26T18:05:44.277-0700] {processor.py:925} INFO - DAG(s) 'tutorial_taskflow_api' retrieved from /home/jerson/airflow_venv/lib/python3.10/site-packages/airflow/example_dags/tutorial_taskflow_api.py
[2024-08-26T18:05:44.287-0700] {logging_mixin.py:190} INFO - [2024-08-26T18:05:44.286-0700] {dag.py:3211} INFO - Sync 1 DAGs
[2024-08-26T18:05:44.295-0700] {logging_mixin.py:190} INFO - [2024-08-26T18:05:44.295-0700] {dag.py:4138} INFO - Setting next_dagrun for tutorial_taskflow_api to None, run_after=None
[2024-08-26T18:05:44.311-0700] {processor.py:208} INFO - Processing /home/jerson/airflow_venv/lib/python3.10/site-packages/airflow/example_dags/tutorial_taskflow_api.py took 0.044 seconds
[2024-08-26T18:06:32.763-0700] {processor.py:186} INFO - Started process (PID=49648) to work on /home/jerson/airflow_venv/lib/python3.10/site-packages/airflow/example_dags/tutorial_taskflow_api.py
[2024-08-26T18:06:32.764-0700] {processor.py:914} INFO - Processing file /home/jerson/airflow_venv/lib/python3.10/site-packages/airflow/example_dags/tutorial_taskflow_api.py for tasks to queue
[2024-08-26T18:06:32.765-0700] {logging_mixin.py:190} INFO - [2024-08-26T18:06:32.765-0700] {dagbag.py:587} INFO - Filling up the DagBag from /home/jerson/airflow_venv/lib/python3.10/site-packages/airflow/example_dags/tutorial_taskflow_api.py
[2024-08-26T18:06:32.770-0700] {processor.py:925} INFO - DAG(s) 'tutorial_taskflow_api' retrieved from /home/jerson/airflow_venv/lib/python3.10/site-packages/airflow/example_dags/tutorial_taskflow_api.py
[2024-08-26T18:06:32.779-0700] {logging_mixin.py:190} INFO - [2024-08-26T18:06:32.779-0700] {dag.py:3211} INFO - Sync 1 DAGs
[2024-08-26T18:06:32.788-0700] {logging_mixin.py:190} INFO - [2024-08-26T18:06:32.788-0700] {dag.py:4138} INFO - Setting next_dagrun for tutorial_taskflow_api to None, run_after=None
[2024-08-26T18:06:32.806-0700] {processor.py:208} INFO - Processing /home/jerson/airflow_venv/lib/python3.10/site-packages/airflow/example_dags/tutorial_taskflow_api.py took 0.046 seconds
[2024-08-26T18:07:23.887-0700] {processor.py:186} INFO - Started process (PID=50062) to work on /home/jerson/airflow_venv/lib/python3.10/site-packages/airflow/example_dags/tutorial_taskflow_api.py
[2024-08-26T18:07:23.888-0700] {processor.py:914} INFO - Processing file /home/jerson/airflow_venv/lib/python3.10/site-packages/airflow/example_dags/tutorial_taskflow_api.py for tasks to queue
[2024-08-26T18:07:23.889-0700] {logging_mixin.py:190} INFO - [2024-08-26T18:07:23.889-0700] {dagbag.py:587} INFO - Filling up the DagBag from /home/jerson/airflow_venv/lib/python3.10/site-packages/airflow/example_dags/tutorial_taskflow_api.py
[2024-08-26T18:07:23.894-0700] {processor.py:925} INFO - DAG(s) 'tutorial_taskflow_api' retrieved from /home/jerson/airflow_venv/lib/python3.10/site-packages/airflow/example_dags/tutorial_taskflow_api.py
[2024-08-26T18:07:23.902-0700] {logging_mixin.py:190} INFO - [2024-08-26T18:07:23.902-0700] {dag.py:3211} INFO - Sync 1 DAGs
[2024-08-26T18:07:23.909-0700] {logging_mixin.py:190} INFO - [2024-08-26T18:07:23.909-0700] {dag.py:4138} INFO - Setting next_dagrun for tutorial_taskflow_api to None, run_after=None
[2024-08-26T18:07:23.925-0700] {processor.py:208} INFO - Processing /home/jerson/airflow_venv/lib/python3.10/site-packages/airflow/example_dags/tutorial_taskflow_api.py took 0.042 seconds
[2024-08-26T18:08:12.644-0700] {processor.py:186} INFO - Started process (PID=50594) to work on /home/jerson/airflow_venv/lib/python3.10/site-packages/airflow/example_dags/tutorial_taskflow_api.py
[2024-08-26T18:08:12.645-0700] {processor.py:914} INFO - Processing file /home/jerson/airflow_venv/lib/python3.10/site-packages/airflow/example_dags/tutorial_taskflow_api.py for tasks to queue
[2024-08-26T18:08:12.646-0700] {logging_mixin.py:190} INFO - [2024-08-26T18:08:12.646-0700] {dagbag.py:587} INFO - Filling up the DagBag from /home/jerson/airflow_venv/lib/python3.10/site-packages/airflow/example_dags/tutorial_taskflow_api.py
[2024-08-26T18:08:12.651-0700] {processor.py:925} INFO - DAG(s) 'tutorial_taskflow_api' retrieved from /home/jerson/airflow_venv/lib/python3.10/site-packages/airflow/example_dags/tutorial_taskflow_api.py
[2024-08-26T18:08:12.661-0700] {logging_mixin.py:190} INFO - [2024-08-26T18:08:12.661-0700] {dag.py:3211} INFO - Sync 1 DAGs
[2024-08-26T18:08:12.668-0700] {logging_mixin.py:190} INFO - [2024-08-26T18:08:12.668-0700] {dag.py:4138} INFO - Setting next_dagrun for tutorial_taskflow_api to None, run_after=None
[2024-08-26T18:08:12.685-0700] {processor.py:208} INFO - Processing /home/jerson/airflow_venv/lib/python3.10/site-packages/airflow/example_dags/tutorial_taskflow_api.py took 0.044 seconds
[2024-08-26T18:09:05.729-0700] {processor.py:186} INFO - Started process (PID=51067) to work on /home/jerson/airflow_venv/lib/python3.10/site-packages/airflow/example_dags/tutorial_taskflow_api.py
[2024-08-26T18:09:05.730-0700] {processor.py:914} INFO - Processing file /home/jerson/airflow_venv/lib/python3.10/site-packages/airflow/example_dags/tutorial_taskflow_api.py for tasks to queue
[2024-08-26T18:09:05.732-0700] {logging_mixin.py:190} INFO - [2024-08-26T18:09:05.731-0700] {dagbag.py:587} INFO - Filling up the DagBag from /home/jerson/airflow_venv/lib/python3.10/site-packages/airflow/example_dags/tutorial_taskflow_api.py
[2024-08-26T18:09:05.736-0700] {processor.py:925} INFO - DAG(s) 'tutorial_taskflow_api' retrieved from /home/jerson/airflow_venv/lib/python3.10/site-packages/airflow/example_dags/tutorial_taskflow_api.py
[2024-08-26T18:09:05.746-0700] {logging_mixin.py:190} INFO - [2024-08-26T18:09:05.746-0700] {dag.py:3211} INFO - Sync 1 DAGs
[2024-08-26T18:09:05.754-0700] {logging_mixin.py:190} INFO - [2024-08-26T18:09:05.753-0700] {dag.py:4138} INFO - Setting next_dagrun for tutorial_taskflow_api to None, run_after=None
[2024-08-26T18:09:05.772-0700] {processor.py:208} INFO - Processing /home/jerson/airflow_venv/lib/python3.10/site-packages/airflow/example_dags/tutorial_taskflow_api.py took 0.047 seconds
[2024-08-26T18:09:57.226-0700] {processor.py:186} INFO - Started process (PID=51656) to work on /home/jerson/airflow_venv/lib/python3.10/site-packages/airflow/example_dags/tutorial_taskflow_api.py
[2024-08-26T18:09:57.227-0700] {processor.py:914} INFO - Processing file /home/jerson/airflow_venv/lib/python3.10/site-packages/airflow/example_dags/tutorial_taskflow_api.py for tasks to queue
[2024-08-26T18:09:57.228-0700] {logging_mixin.py:190} INFO - [2024-08-26T18:09:57.228-0700] {dagbag.py:587} INFO - Filling up the DagBag from /home/jerson/airflow_venv/lib/python3.10/site-packages/airflow/example_dags/tutorial_taskflow_api.py
[2024-08-26T18:09:57.234-0700] {processor.py:925} INFO - DAG(s) 'tutorial_taskflow_api' retrieved from /home/jerson/airflow_venv/lib/python3.10/site-packages/airflow/example_dags/tutorial_taskflow_api.py
[2024-08-26T18:09:57.243-0700] {logging_mixin.py:190} INFO - [2024-08-26T18:09:57.243-0700] {dag.py:3211} INFO - Sync 1 DAGs
[2024-08-26T18:09:57.250-0700] {logging_mixin.py:190} INFO - [2024-08-26T18:09:57.250-0700] {dag.py:4138} INFO - Setting next_dagrun for tutorial_taskflow_api to None, run_after=None
[2024-08-26T18:09:57.268-0700] {processor.py:208} INFO - Processing /home/jerson/airflow_venv/lib/python3.10/site-packages/airflow/example_dags/tutorial_taskflow_api.py took 0.046 seconds
[2024-08-26T18:10:44.696-0700] {processor.py:186} INFO - Started process (PID=52289) to work on /home/jerson/airflow_venv/lib/python3.10/site-packages/airflow/example_dags/tutorial_taskflow_api.py
[2024-08-26T18:10:44.697-0700] {processor.py:914} INFO - Processing file /home/jerson/airflow_venv/lib/python3.10/site-packages/airflow/example_dags/tutorial_taskflow_api.py for tasks to queue
[2024-08-26T18:10:44.697-0700] {logging_mixin.py:190} INFO - [2024-08-26T18:10:44.697-0700] {dagbag.py:587} INFO - Filling up the DagBag from /home/jerson/airflow_venv/lib/python3.10/site-packages/airflow/example_dags/tutorial_taskflow_api.py
[2024-08-26T18:10:44.702-0700] {processor.py:925} INFO - DAG(s) 'tutorial_taskflow_api' retrieved from /home/jerson/airflow_venv/lib/python3.10/site-packages/airflow/example_dags/tutorial_taskflow_api.py
[2024-08-26T18:10:44.712-0700] {logging_mixin.py:190} INFO - [2024-08-26T18:10:44.712-0700] {dag.py:3211} INFO - Sync 1 DAGs
[2024-08-26T18:10:44.721-0700] {logging_mixin.py:190} INFO - [2024-08-26T18:10:44.720-0700] {dag.py:4138} INFO - Setting next_dagrun for tutorial_taskflow_api to None, run_after=None
[2024-08-26T18:10:44.739-0700] {processor.py:208} INFO - Processing /home/jerson/airflow_venv/lib/python3.10/site-packages/airflow/example_dags/tutorial_taskflow_api.py took 0.047 seconds
[2024-08-26T18:11:36.086-0700] {processor.py:186} INFO - Started process (PID=52836) to work on /home/jerson/airflow_venv/lib/python3.10/site-packages/airflow/example_dags/tutorial_taskflow_api.py
[2024-08-26T18:11:36.087-0700] {processor.py:914} INFO - Processing file /home/jerson/airflow_venv/lib/python3.10/site-packages/airflow/example_dags/tutorial_taskflow_api.py for tasks to queue
[2024-08-26T18:11:36.088-0700] {logging_mixin.py:190} INFO - [2024-08-26T18:11:36.088-0700] {dagbag.py:587} INFO - Filling up the DagBag from /home/jerson/airflow_venv/lib/python3.10/site-packages/airflow/example_dags/tutorial_taskflow_api.py
[2024-08-26T18:11:36.093-0700] {processor.py:925} INFO - DAG(s) 'tutorial_taskflow_api' retrieved from /home/jerson/airflow_venv/lib/python3.10/site-packages/airflow/example_dags/tutorial_taskflow_api.py
[2024-08-26T18:11:36.102-0700] {logging_mixin.py:190} INFO - [2024-08-26T18:11:36.102-0700] {dag.py:3211} INFO - Sync 1 DAGs
[2024-08-26T18:11:36.108-0700] {logging_mixin.py:190} INFO - [2024-08-26T18:11:36.108-0700] {dag.py:4138} INFO - Setting next_dagrun for tutorial_taskflow_api to None, run_after=None
[2024-08-26T18:11:36.124-0700] {processor.py:208} INFO - Processing /home/jerson/airflow_venv/lib/python3.10/site-packages/airflow/example_dags/tutorial_taskflow_api.py took 0.041 seconds
[2024-08-26T18:12:27.436-0700] {processor.py:186} INFO - Started process (PID=53377) to work on /home/jerson/airflow_venv/lib/python3.10/site-packages/airflow/example_dags/tutorial_taskflow_api.py
[2024-08-26T18:12:27.437-0700] {processor.py:914} INFO - Processing file /home/jerson/airflow_venv/lib/python3.10/site-packages/airflow/example_dags/tutorial_taskflow_api.py for tasks to queue
[2024-08-26T18:12:27.438-0700] {logging_mixin.py:190} INFO - [2024-08-26T18:12:27.438-0700] {dagbag.py:587} INFO - Filling up the DagBag from /home/jerson/airflow_venv/lib/python3.10/site-packages/airflow/example_dags/tutorial_taskflow_api.py
[2024-08-26T18:12:27.444-0700] {processor.py:925} INFO - DAG(s) 'tutorial_taskflow_api' retrieved from /home/jerson/airflow_venv/lib/python3.10/site-packages/airflow/example_dags/tutorial_taskflow_api.py
[2024-08-26T18:12:27.454-0700] {logging_mixin.py:190} INFO - [2024-08-26T18:12:27.454-0700] {dag.py:3211} INFO - Sync 1 DAGs
[2024-08-26T18:12:27.463-0700] {logging_mixin.py:190} INFO - [2024-08-26T18:12:27.463-0700] {dag.py:4138} INFO - Setting next_dagrun for tutorial_taskflow_api to None, run_after=None
[2024-08-26T18:12:27.480-0700] {processor.py:208} INFO - Processing /home/jerson/airflow_venv/lib/python3.10/site-packages/airflow/example_dags/tutorial_taskflow_api.py took 0.048 seconds
[2024-08-26T18:13:16.529-0700] {processor.py:186} INFO - Started process (PID=53770) to work on /home/jerson/airflow_venv/lib/python3.10/site-packages/airflow/example_dags/tutorial_taskflow_api.py
[2024-08-26T18:13:16.530-0700] {processor.py:914} INFO - Processing file /home/jerson/airflow_venv/lib/python3.10/site-packages/airflow/example_dags/tutorial_taskflow_api.py for tasks to queue
[2024-08-26T18:13:16.532-0700] {logging_mixin.py:190} INFO - [2024-08-26T18:13:16.531-0700] {dagbag.py:587} INFO - Filling up the DagBag from /home/jerson/airflow_venv/lib/python3.10/site-packages/airflow/example_dags/tutorial_taskflow_api.py
[2024-08-26T18:13:16.537-0700] {processor.py:925} INFO - DAG(s) 'tutorial_taskflow_api' retrieved from /home/jerson/airflow_venv/lib/python3.10/site-packages/airflow/example_dags/tutorial_taskflow_api.py
[2024-08-26T18:13:16.548-0700] {logging_mixin.py:190} INFO - [2024-08-26T18:13:16.548-0700] {dag.py:3211} INFO - Sync 1 DAGs
[2024-08-26T18:13:16.557-0700] {logging_mixin.py:190} INFO - [2024-08-26T18:13:16.557-0700] {dag.py:4138} INFO - Setting next_dagrun for tutorial_taskflow_api to None, run_after=None
[2024-08-26T18:13:16.574-0700] {processor.py:208} INFO - Processing /home/jerson/airflow_venv/lib/python3.10/site-packages/airflow/example_dags/tutorial_taskflow_api.py took 0.048 seconds
[2024-08-26T18:14:03.945-0700] {processor.py:186} INFO - Started process (PID=54275) to work on /home/jerson/airflow_venv/lib/python3.10/site-packages/airflow/example_dags/tutorial_taskflow_api.py
[2024-08-26T18:14:03.946-0700] {processor.py:914} INFO - Processing file /home/jerson/airflow_venv/lib/python3.10/site-packages/airflow/example_dags/tutorial_taskflow_api.py for tasks to queue
[2024-08-26T18:14:03.947-0700] {logging_mixin.py:190} INFO - [2024-08-26T18:14:03.947-0700] {dagbag.py:587} INFO - Filling up the DagBag from /home/jerson/airflow_venv/lib/python3.10/site-packages/airflow/example_dags/tutorial_taskflow_api.py
[2024-08-26T18:14:03.952-0700] {processor.py:925} INFO - DAG(s) 'tutorial_taskflow_api' retrieved from /home/jerson/airflow_venv/lib/python3.10/site-packages/airflow/example_dags/tutorial_taskflow_api.py
[2024-08-26T18:14:03.962-0700] {logging_mixin.py:190} INFO - [2024-08-26T18:14:03.962-0700] {dag.py:3211} INFO - Sync 1 DAGs
[2024-08-26T18:14:03.971-0700] {logging_mixin.py:190} INFO - [2024-08-26T18:14:03.970-0700] {dag.py:4138} INFO - Setting next_dagrun for tutorial_taskflow_api to None, run_after=None
[2024-08-26T18:14:03.987-0700] {processor.py:208} INFO - Processing /home/jerson/airflow_venv/lib/python3.10/site-packages/airflow/example_dags/tutorial_taskflow_api.py took 0.045 seconds
[2024-08-26T18:14:58.517-0700] {processor.py:186} INFO - Started process (PID=54961) to work on /home/jerson/airflow_venv/lib/python3.10/site-packages/airflow/example_dags/tutorial_taskflow_api.py
[2024-08-26T18:14:58.518-0700] {processor.py:914} INFO - Processing file /home/jerson/airflow_venv/lib/python3.10/site-packages/airflow/example_dags/tutorial_taskflow_api.py for tasks to queue
[2024-08-26T18:14:58.518-0700] {logging_mixin.py:190} INFO - [2024-08-26T18:14:58.518-0700] {dagbag.py:587} INFO - Filling up the DagBag from /home/jerson/airflow_venv/lib/python3.10/site-packages/airflow/example_dags/tutorial_taskflow_api.py
[2024-08-26T18:14:58.523-0700] {processor.py:925} INFO - DAG(s) 'tutorial_taskflow_api' retrieved from /home/jerson/airflow_venv/lib/python3.10/site-packages/airflow/example_dags/tutorial_taskflow_api.py
[2024-08-26T18:14:58.532-0700] {logging_mixin.py:190} INFO - [2024-08-26T18:14:58.532-0700] {dag.py:3211} INFO - Sync 1 DAGs
[2024-08-26T18:14:58.539-0700] {logging_mixin.py:190} INFO - [2024-08-26T18:14:58.539-0700] {dag.py:4138} INFO - Setting next_dagrun for tutorial_taskflow_api to None, run_after=None
[2024-08-26T18:14:58.554-0700] {processor.py:208} INFO - Processing /home/jerson/airflow_venv/lib/python3.10/site-packages/airflow/example_dags/tutorial_taskflow_api.py took 0.041 seconds
[2024-08-26T18:15:51.886-0700] {processor.py:186} INFO - Started process (PID=55483) to work on /home/jerson/airflow_venv/lib/python3.10/site-packages/airflow/example_dags/tutorial_taskflow_api.py
[2024-08-26T18:15:51.886-0700] {processor.py:914} INFO - Processing file /home/jerson/airflow_venv/lib/python3.10/site-packages/airflow/example_dags/tutorial_taskflow_api.py for tasks to queue
[2024-08-26T18:15:51.887-0700] {logging_mixin.py:190} INFO - [2024-08-26T18:15:51.887-0700] {dagbag.py:587} INFO - Filling up the DagBag from /home/jerson/airflow_venv/lib/python3.10/site-packages/airflow/example_dags/tutorial_taskflow_api.py
[2024-08-26T18:15:51.892-0700] {processor.py:925} INFO - DAG(s) 'tutorial_taskflow_api' retrieved from /home/jerson/airflow_venv/lib/python3.10/site-packages/airflow/example_dags/tutorial_taskflow_api.py
[2024-08-26T18:15:51.900-0700] {logging_mixin.py:190} INFO - [2024-08-26T18:15:51.900-0700] {dag.py:3211} INFO - Sync 1 DAGs
[2024-08-26T18:15:51.907-0700] {logging_mixin.py:190} INFO - [2024-08-26T18:15:51.907-0700] {dag.py:4138} INFO - Setting next_dagrun for tutorial_taskflow_api to None, run_after=None
[2024-08-26T18:15:51.922-0700] {processor.py:208} INFO - Processing /home/jerson/airflow_venv/lib/python3.10/site-packages/airflow/example_dags/tutorial_taskflow_api.py took 0.040 seconds
[2024-08-26T18:16:40.506-0700] {processor.py:186} INFO - Started process (PID=55933) to work on /home/jerson/airflow_venv/lib/python3.10/site-packages/airflow/example_dags/tutorial_taskflow_api.py
[2024-08-26T18:16:40.507-0700] {processor.py:914} INFO - Processing file /home/jerson/airflow_venv/lib/python3.10/site-packages/airflow/example_dags/tutorial_taskflow_api.py for tasks to queue
[2024-08-26T18:16:40.508-0700] {logging_mixin.py:190} INFO - [2024-08-26T18:16:40.507-0700] {dagbag.py:587} INFO - Filling up the DagBag from /home/jerson/airflow_venv/lib/python3.10/site-packages/airflow/example_dags/tutorial_taskflow_api.py
[2024-08-26T18:16:40.513-0700] {processor.py:925} INFO - DAG(s) 'tutorial_taskflow_api' retrieved from /home/jerson/airflow_venv/lib/python3.10/site-packages/airflow/example_dags/tutorial_taskflow_api.py
[2024-08-26T18:16:40.523-0700] {logging_mixin.py:190} INFO - [2024-08-26T18:16:40.523-0700] {dag.py:3211} INFO - Sync 1 DAGs
[2024-08-26T18:16:40.530-0700] {logging_mixin.py:190} INFO - [2024-08-26T18:16:40.530-0700] {dag.py:4138} INFO - Setting next_dagrun for tutorial_taskflow_api to None, run_after=None
[2024-08-26T18:16:40.546-0700] {processor.py:208} INFO - Processing /home/jerson/airflow_venv/lib/python3.10/site-packages/airflow/example_dags/tutorial_taskflow_api.py took 0.044 seconds
[2024-08-26T18:17:27.602-0700] {processor.py:186} INFO - Started process (PID=56314) to work on /home/jerson/airflow_venv/lib/python3.10/site-packages/airflow/example_dags/tutorial_taskflow_api.py
[2024-08-26T18:17:27.603-0700] {processor.py:914} INFO - Processing file /home/jerson/airflow_venv/lib/python3.10/site-packages/airflow/example_dags/tutorial_taskflow_api.py for tasks to queue
[2024-08-26T18:17:27.604-0700] {logging_mixin.py:190} INFO - [2024-08-26T18:17:27.604-0700] {dagbag.py:587} INFO - Filling up the DagBag from /home/jerson/airflow_venv/lib/python3.10/site-packages/airflow/example_dags/tutorial_taskflow_api.py
[2024-08-26T18:17:27.609-0700] {processor.py:925} INFO - DAG(s) 'tutorial_taskflow_api' retrieved from /home/jerson/airflow_venv/lib/python3.10/site-packages/airflow/example_dags/tutorial_taskflow_api.py
[2024-08-26T18:17:27.618-0700] {logging_mixin.py:190} INFO - [2024-08-26T18:17:27.618-0700] {dag.py:3211} INFO - Sync 1 DAGs
[2024-08-26T18:17:27.625-0700] {logging_mixin.py:190} INFO - [2024-08-26T18:17:27.625-0700] {dag.py:4138} INFO - Setting next_dagrun for tutorial_taskflow_api to None, run_after=None
[2024-08-26T18:17:27.640-0700] {processor.py:208} INFO - Processing /home/jerson/airflow_venv/lib/python3.10/site-packages/airflow/example_dags/tutorial_taskflow_api.py took 0.041 seconds
[2024-08-26T18:18:15.997-0700] {processor.py:186} INFO - Started process (PID=56772) to work on /home/jerson/airflow_venv/lib/python3.10/site-packages/airflow/example_dags/tutorial_taskflow_api.py
[2024-08-26T18:18:15.998-0700] {processor.py:914} INFO - Processing file /home/jerson/airflow_venv/lib/python3.10/site-packages/airflow/example_dags/tutorial_taskflow_api.py for tasks to queue
[2024-08-26T18:18:15.999-0700] {logging_mixin.py:190} INFO - [2024-08-26T18:18:15.999-0700] {dagbag.py:587} INFO - Filling up the DagBag from /home/jerson/airflow_venv/lib/python3.10/site-packages/airflow/example_dags/tutorial_taskflow_api.py
[2024-08-26T18:18:16.004-0700] {processor.py:925} INFO - DAG(s) 'tutorial_taskflow_api' retrieved from /home/jerson/airflow_venv/lib/python3.10/site-packages/airflow/example_dags/tutorial_taskflow_api.py
[2024-08-26T18:18:16.013-0700] {logging_mixin.py:190} INFO - [2024-08-26T18:18:16.013-0700] {dag.py:3211} INFO - Sync 1 DAGs
[2024-08-26T18:18:16.020-0700] {logging_mixin.py:190} INFO - [2024-08-26T18:18:16.020-0700] {dag.py:4138} INFO - Setting next_dagrun for tutorial_taskflow_api to None, run_after=None
[2024-08-26T18:18:16.035-0700] {processor.py:208} INFO - Processing /home/jerson/airflow_venv/lib/python3.10/site-packages/airflow/example_dags/tutorial_taskflow_api.py took 0.041 seconds
[2024-08-26T18:19:07.020-0700] {processor.py:186} INFO - Started process (PID=57275) to work on /home/jerson/airflow_venv/lib/python3.10/site-packages/airflow/example_dags/tutorial_taskflow_api.py
[2024-08-26T18:19:07.021-0700] {processor.py:914} INFO - Processing file /home/jerson/airflow_venv/lib/python3.10/site-packages/airflow/example_dags/tutorial_taskflow_api.py for tasks to queue
[2024-08-26T18:19:07.022-0700] {logging_mixin.py:190} INFO - [2024-08-26T18:19:07.022-0700] {dagbag.py:587} INFO - Filling up the DagBag from /home/jerson/airflow_venv/lib/python3.10/site-packages/airflow/example_dags/tutorial_taskflow_api.py
[2024-08-26T18:19:07.027-0700] {processor.py:925} INFO - DAG(s) 'tutorial_taskflow_api' retrieved from /home/jerson/airflow_venv/lib/python3.10/site-packages/airflow/example_dags/tutorial_taskflow_api.py
[2024-08-26T18:19:07.036-0700] {logging_mixin.py:190} INFO - [2024-08-26T18:19:07.036-0700] {dag.py:3211} INFO - Sync 1 DAGs
[2024-08-26T18:19:07.043-0700] {logging_mixin.py:190} INFO - [2024-08-26T18:19:07.042-0700] {dag.py:4138} INFO - Setting next_dagrun for tutorial_taskflow_api to None, run_after=None
[2024-08-26T18:19:07.057-0700] {processor.py:208} INFO - Processing /home/jerson/airflow_venv/lib/python3.10/site-packages/airflow/example_dags/tutorial_taskflow_api.py took 0.040 seconds
[2024-08-26T18:19:56.672-0700] {processor.py:186} INFO - Started process (PID=57760) to work on /home/jerson/airflow_venv/lib/python3.10/site-packages/airflow/example_dags/tutorial_taskflow_api.py
[2024-08-26T18:19:56.673-0700] {processor.py:914} INFO - Processing file /home/jerson/airflow_venv/lib/python3.10/site-packages/airflow/example_dags/tutorial_taskflow_api.py for tasks to queue
[2024-08-26T18:19:56.674-0700] {logging_mixin.py:190} INFO - [2024-08-26T18:19:56.673-0700] {dagbag.py:587} INFO - Filling up the DagBag from /home/jerson/airflow_venv/lib/python3.10/site-packages/airflow/example_dags/tutorial_taskflow_api.py
[2024-08-26T18:19:56.679-0700] {processor.py:925} INFO - DAG(s) 'tutorial_taskflow_api' retrieved from /home/jerson/airflow_venv/lib/python3.10/site-packages/airflow/example_dags/tutorial_taskflow_api.py
[2024-08-26T18:19:56.688-0700] {logging_mixin.py:190} INFO - [2024-08-26T18:19:56.688-0700] {dag.py:3211} INFO - Sync 1 DAGs
[2024-08-26T18:19:56.696-0700] {logging_mixin.py:190} INFO - [2024-08-26T18:19:56.696-0700] {dag.py:4138} INFO - Setting next_dagrun for tutorial_taskflow_api to None, run_after=None
[2024-08-26T18:19:56.716-0700] {processor.py:208} INFO - Processing /home/jerson/airflow_venv/lib/python3.10/site-packages/airflow/example_dags/tutorial_taskflow_api.py took 0.048 seconds
[2024-08-26T18:20:45.771-0700] {processor.py:186} INFO - Started process (PID=58269) to work on /home/jerson/airflow_venv/lib/python3.10/site-packages/airflow/example_dags/tutorial_taskflow_api.py
[2024-08-26T18:20:45.772-0700] {processor.py:914} INFO - Processing file /home/jerson/airflow_venv/lib/python3.10/site-packages/airflow/example_dags/tutorial_taskflow_api.py for tasks to queue
[2024-08-26T18:20:45.772-0700] {logging_mixin.py:190} INFO - [2024-08-26T18:20:45.772-0700] {dagbag.py:587} INFO - Filling up the DagBag from /home/jerson/airflow_venv/lib/python3.10/site-packages/airflow/example_dags/tutorial_taskflow_api.py
[2024-08-26T18:20:45.777-0700] {processor.py:925} INFO - DAG(s) 'tutorial_taskflow_api' retrieved from /home/jerson/airflow_venv/lib/python3.10/site-packages/airflow/example_dags/tutorial_taskflow_api.py
[2024-08-26T18:20:45.786-0700] {logging_mixin.py:190} INFO - [2024-08-26T18:20:45.786-0700] {dag.py:3211} INFO - Sync 1 DAGs
[2024-08-26T18:20:45.792-0700] {logging_mixin.py:190} INFO - [2024-08-26T18:20:45.792-0700] {dag.py:4138} INFO - Setting next_dagrun for tutorial_taskflow_api to None, run_after=None
[2024-08-26T18:20:45.806-0700] {processor.py:208} INFO - Processing /home/jerson/airflow_venv/lib/python3.10/site-packages/airflow/example_dags/tutorial_taskflow_api.py took 0.039 seconds
[2024-08-26T18:21:38.907-0700] {processor.py:186} INFO - Started process (PID=59041) to work on /home/jerson/airflow_venv/lib/python3.10/site-packages/airflow/example_dags/tutorial_taskflow_api.py
[2024-08-26T18:21:38.908-0700] {processor.py:914} INFO - Processing file /home/jerson/airflow_venv/lib/python3.10/site-packages/airflow/example_dags/tutorial_taskflow_api.py for tasks to queue
[2024-08-26T18:21:38.908-0700] {logging_mixin.py:190} INFO - [2024-08-26T18:21:38.908-0700] {dagbag.py:587} INFO - Filling up the DagBag from /home/jerson/airflow_venv/lib/python3.10/site-packages/airflow/example_dags/tutorial_taskflow_api.py
[2024-08-26T18:21:38.913-0700] {processor.py:925} INFO - DAG(s) 'tutorial_taskflow_api' retrieved from /home/jerson/airflow_venv/lib/python3.10/site-packages/airflow/example_dags/tutorial_taskflow_api.py
[2024-08-26T18:21:38.923-0700] {logging_mixin.py:190} INFO - [2024-08-26T18:21:38.923-0700] {dag.py:3211} INFO - Sync 1 DAGs
[2024-08-26T18:21:38.930-0700] {logging_mixin.py:190} INFO - [2024-08-26T18:21:38.930-0700] {dag.py:4138} INFO - Setting next_dagrun for tutorial_taskflow_api to None, run_after=None
[2024-08-26T18:21:38.947-0700] {processor.py:208} INFO - Processing /home/jerson/airflow_venv/lib/python3.10/site-packages/airflow/example_dags/tutorial_taskflow_api.py took 0.044 seconds
[2024-08-26T18:22:31.818-0700] {processor.py:186} INFO - Started process (PID=59545) to work on /home/jerson/airflow_venv/lib/python3.10/site-packages/airflow/example_dags/tutorial_taskflow_api.py
[2024-08-26T18:22:31.819-0700] {processor.py:914} INFO - Processing file /home/jerson/airflow_venv/lib/python3.10/site-packages/airflow/example_dags/tutorial_taskflow_api.py for tasks to queue
[2024-08-26T18:22:31.820-0700] {logging_mixin.py:190} INFO - [2024-08-26T18:22:31.820-0700] {dagbag.py:587} INFO - Filling up the DagBag from /home/jerson/airflow_venv/lib/python3.10/site-packages/airflow/example_dags/tutorial_taskflow_api.py
[2024-08-26T18:22:31.825-0700] {processor.py:925} INFO - DAG(s) 'tutorial_taskflow_api' retrieved from /home/jerson/airflow_venv/lib/python3.10/site-packages/airflow/example_dags/tutorial_taskflow_api.py
[2024-08-26T18:22:31.834-0700] {logging_mixin.py:190} INFO - [2024-08-26T18:22:31.834-0700] {dag.py:3211} INFO - Sync 1 DAGs
[2024-08-26T18:22:31.841-0700] {logging_mixin.py:190} INFO - [2024-08-26T18:22:31.841-0700] {dag.py:4138} INFO - Setting next_dagrun for tutorial_taskflow_api to None, run_after=None
[2024-08-26T18:22:31.858-0700] {processor.py:208} INFO - Processing /home/jerson/airflow_venv/lib/python3.10/site-packages/airflow/example_dags/tutorial_taskflow_api.py took 0.043 seconds
[2024-08-26T18:23:20.470-0700] {processor.py:186} INFO - Started process (PID=60195) to work on /home/jerson/airflow_venv/lib/python3.10/site-packages/airflow/example_dags/tutorial_taskflow_api.py
[2024-08-26T18:23:20.471-0700] {processor.py:914} INFO - Processing file /home/jerson/airflow_venv/lib/python3.10/site-packages/airflow/example_dags/tutorial_taskflow_api.py for tasks to queue
[2024-08-26T18:23:20.472-0700] {logging_mixin.py:190} INFO - [2024-08-26T18:23:20.472-0700] {dagbag.py:587} INFO - Filling up the DagBag from /home/jerson/airflow_venv/lib/python3.10/site-packages/airflow/example_dags/tutorial_taskflow_api.py
[2024-08-26T18:23:20.476-0700] {processor.py:925} INFO - DAG(s) 'tutorial_taskflow_api' retrieved from /home/jerson/airflow_venv/lib/python3.10/site-packages/airflow/example_dags/tutorial_taskflow_api.py
[2024-08-26T18:23:20.486-0700] {logging_mixin.py:190} INFO - [2024-08-26T18:23:20.485-0700] {dag.py:3211} INFO - Sync 1 DAGs
[2024-08-26T18:23:20.493-0700] {logging_mixin.py:190} INFO - [2024-08-26T18:23:20.493-0700] {dag.py:4138} INFO - Setting next_dagrun for tutorial_taskflow_api to None, run_after=None
[2024-08-26T18:23:20.509-0700] {processor.py:208} INFO - Processing /home/jerson/airflow_venv/lib/python3.10/site-packages/airflow/example_dags/tutorial_taskflow_api.py took 0.042 seconds
[2024-08-26T18:24:08.689-0700] {processor.py:186} INFO - Started process (PID=60580) to work on /home/jerson/airflow_venv/lib/python3.10/site-packages/airflow/example_dags/tutorial_taskflow_api.py
[2024-08-26T18:24:08.690-0700] {processor.py:914} INFO - Processing file /home/jerson/airflow_venv/lib/python3.10/site-packages/airflow/example_dags/tutorial_taskflow_api.py for tasks to queue
[2024-08-26T18:24:08.691-0700] {logging_mixin.py:190} INFO - [2024-08-26T18:24:08.691-0700] {dagbag.py:587} INFO - Filling up the DagBag from /home/jerson/airflow_venv/lib/python3.10/site-packages/airflow/example_dags/tutorial_taskflow_api.py
[2024-08-26T18:24:08.696-0700] {processor.py:925} INFO - DAG(s) 'tutorial_taskflow_api' retrieved from /home/jerson/airflow_venv/lib/python3.10/site-packages/airflow/example_dags/tutorial_taskflow_api.py
[2024-08-26T18:24:08.705-0700] {logging_mixin.py:190} INFO - [2024-08-26T18:24:08.704-0700] {dag.py:3211} INFO - Sync 1 DAGs
[2024-08-26T18:24:08.711-0700] {logging_mixin.py:190} INFO - [2024-08-26T18:24:08.711-0700] {dag.py:4138} INFO - Setting next_dagrun for tutorial_taskflow_api to None, run_after=None
[2024-08-26T18:24:08.727-0700] {processor.py:208} INFO - Processing /home/jerson/airflow_venv/lib/python3.10/site-packages/airflow/example_dags/tutorial_taskflow_api.py took 0.041 seconds
[2024-08-26T18:25:01.448-0700] {processor.py:186} INFO - Started process (PID=61001) to work on /home/jerson/airflow_venv/lib/python3.10/site-packages/airflow/example_dags/tutorial_taskflow_api.py
[2024-08-26T18:25:01.449-0700] {processor.py:914} INFO - Processing file /home/jerson/airflow_venv/lib/python3.10/site-packages/airflow/example_dags/tutorial_taskflow_api.py for tasks to queue
[2024-08-26T18:25:01.449-0700] {logging_mixin.py:190} INFO - [2024-08-26T18:25:01.449-0700] {dagbag.py:587} INFO - Filling up the DagBag from /home/jerson/airflow_venv/lib/python3.10/site-packages/airflow/example_dags/tutorial_taskflow_api.py
[2024-08-26T18:25:01.454-0700] {processor.py:925} INFO - DAG(s) 'tutorial_taskflow_api' retrieved from /home/jerson/airflow_venv/lib/python3.10/site-packages/airflow/example_dags/tutorial_taskflow_api.py
[2024-08-26T18:25:01.463-0700] {logging_mixin.py:190} INFO - [2024-08-26T18:25:01.463-0700] {dag.py:3211} INFO - Sync 1 DAGs
[2024-08-26T18:25:01.471-0700] {logging_mixin.py:190} INFO - [2024-08-26T18:25:01.470-0700] {dag.py:4138} INFO - Setting next_dagrun for tutorial_taskflow_api to None, run_after=None
[2024-08-26T18:25:01.487-0700] {processor.py:208} INFO - Processing /home/jerson/airflow_venv/lib/python3.10/site-packages/airflow/example_dags/tutorial_taskflow_api.py took 0.042 seconds
[2024-08-26T18:25:53.022-0700] {processor.py:186} INFO - Started process (PID=61694) to work on /home/jerson/airflow_venv/lib/python3.10/site-packages/airflow/example_dags/tutorial_taskflow_api.py
[2024-08-26T18:25:53.023-0700] {processor.py:914} INFO - Processing file /home/jerson/airflow_venv/lib/python3.10/site-packages/airflow/example_dags/tutorial_taskflow_api.py for tasks to queue
[2024-08-26T18:25:53.023-0700] {logging_mixin.py:190} INFO - [2024-08-26T18:25:53.023-0700] {dagbag.py:587} INFO - Filling up the DagBag from /home/jerson/airflow_venv/lib/python3.10/site-packages/airflow/example_dags/tutorial_taskflow_api.py
[2024-08-26T18:25:53.029-0700] {processor.py:925} INFO - DAG(s) 'tutorial_taskflow_api' retrieved from /home/jerson/airflow_venv/lib/python3.10/site-packages/airflow/example_dags/tutorial_taskflow_api.py
[2024-08-26T18:25:53.039-0700] {logging_mixin.py:190} INFO - [2024-08-26T18:25:53.039-0700] {dag.py:3211} INFO - Sync 1 DAGs
[2024-08-26T18:25:53.046-0700] {logging_mixin.py:190} INFO - [2024-08-26T18:25:53.046-0700] {dag.py:4138} INFO - Setting next_dagrun for tutorial_taskflow_api to None, run_after=None
[2024-08-26T18:25:53.062-0700] {processor.py:208} INFO - Processing /home/jerson/airflow_venv/lib/python3.10/site-packages/airflow/example_dags/tutorial_taskflow_api.py took 0.044 seconds
[2024-08-26T18:26:49.484-0700] {processor.py:186} INFO - Started process (PID=62329) to work on /home/jerson/airflow_venv/lib/python3.10/site-packages/airflow/example_dags/tutorial_taskflow_api.py
[2024-08-26T18:26:49.485-0700] {processor.py:914} INFO - Processing file /home/jerson/airflow_venv/lib/python3.10/site-packages/airflow/example_dags/tutorial_taskflow_api.py for tasks to queue
[2024-08-26T18:26:49.486-0700] {logging_mixin.py:190} INFO - [2024-08-26T18:26:49.486-0700] {dagbag.py:587} INFO - Filling up the DagBag from /home/jerson/airflow_venv/lib/python3.10/site-packages/airflow/example_dags/tutorial_taskflow_api.py
[2024-08-26T18:26:49.491-0700] {processor.py:925} INFO - DAG(s) 'tutorial_taskflow_api' retrieved from /home/jerson/airflow_venv/lib/python3.10/site-packages/airflow/example_dags/tutorial_taskflow_api.py
[2024-08-26T18:26:49.500-0700] {logging_mixin.py:190} INFO - [2024-08-26T18:26:49.500-0700] {dag.py:3211} INFO - Sync 1 DAGs
[2024-08-26T18:26:49.508-0700] {logging_mixin.py:190} INFO - [2024-08-26T18:26:49.508-0700] {dag.py:4138} INFO - Setting next_dagrun for tutorial_taskflow_api to None, run_after=None
[2024-08-26T18:26:49.525-0700] {processor.py:208} INFO - Processing /home/jerson/airflow_venv/lib/python3.10/site-packages/airflow/example_dags/tutorial_taskflow_api.py took 0.043 seconds
[2024-08-26T18:27:38.619-0700] {processor.py:186} INFO - Started process (PID=62722) to work on /home/jerson/airflow_venv/lib/python3.10/site-packages/airflow/example_dags/tutorial_taskflow_api.py
[2024-08-26T18:27:38.620-0700] {processor.py:914} INFO - Processing file /home/jerson/airflow_venv/lib/python3.10/site-packages/airflow/example_dags/tutorial_taskflow_api.py for tasks to queue
[2024-08-26T18:27:38.621-0700] {logging_mixin.py:190} INFO - [2024-08-26T18:27:38.621-0700] {dagbag.py:587} INFO - Filling up the DagBag from /home/jerson/airflow_venv/lib/python3.10/site-packages/airflow/example_dags/tutorial_taskflow_api.py
[2024-08-26T18:27:38.626-0700] {processor.py:925} INFO - DAG(s) 'tutorial_taskflow_api' retrieved from /home/jerson/airflow_venv/lib/python3.10/site-packages/airflow/example_dags/tutorial_taskflow_api.py
[2024-08-26T18:27:38.635-0700] {logging_mixin.py:190} INFO - [2024-08-26T18:27:38.635-0700] {dag.py:3211} INFO - Sync 1 DAGs
[2024-08-26T18:27:38.642-0700] {logging_mixin.py:190} INFO - [2024-08-26T18:27:38.642-0700] {dag.py:4138} INFO - Setting next_dagrun for tutorial_taskflow_api to None, run_after=None
[2024-08-26T18:27:38.657-0700] {processor.py:208} INFO - Processing /home/jerson/airflow_venv/lib/python3.10/site-packages/airflow/example_dags/tutorial_taskflow_api.py took 0.041 seconds
[2024-08-26T18:28:29.981-0700] {processor.py:186} INFO - Started process (PID=63135) to work on /home/jerson/airflow_venv/lib/python3.10/site-packages/airflow/example_dags/tutorial_taskflow_api.py
[2024-08-26T18:28:29.982-0700] {processor.py:914} INFO - Processing file /home/jerson/airflow_venv/lib/python3.10/site-packages/airflow/example_dags/tutorial_taskflow_api.py for tasks to queue
[2024-08-26T18:28:29.983-0700] {logging_mixin.py:190} INFO - [2024-08-26T18:28:29.982-0700] {dagbag.py:587} INFO - Filling up the DagBag from /home/jerson/airflow_venv/lib/python3.10/site-packages/airflow/example_dags/tutorial_taskflow_api.py
[2024-08-26T18:28:29.988-0700] {processor.py:925} INFO - DAG(s) 'tutorial_taskflow_api' retrieved from /home/jerson/airflow_venv/lib/python3.10/site-packages/airflow/example_dags/tutorial_taskflow_api.py
[2024-08-26T18:28:29.996-0700] {logging_mixin.py:190} INFO - [2024-08-26T18:28:29.996-0700] {dag.py:3211} INFO - Sync 1 DAGs
[2024-08-26T18:28:30.004-0700] {logging_mixin.py:190} INFO - [2024-08-26T18:28:30.003-0700] {dag.py:4138} INFO - Setting next_dagrun for tutorial_taskflow_api to None, run_after=None
[2024-08-26T18:28:30.020-0700] {processor.py:208} INFO - Processing /home/jerson/airflow_venv/lib/python3.10/site-packages/airflow/example_dags/tutorial_taskflow_api.py took 0.043 seconds
[2024-08-26T18:29:21.998-0700] {processor.py:186} INFO - Started process (PID=63544) to work on /home/jerson/airflow_venv/lib/python3.10/site-packages/airflow/example_dags/tutorial_taskflow_api.py
[2024-08-26T18:29:21.999-0700] {processor.py:914} INFO - Processing file /home/jerson/airflow_venv/lib/python3.10/site-packages/airflow/example_dags/tutorial_taskflow_api.py for tasks to queue
[2024-08-26T18:29:22.000-0700] {logging_mixin.py:190} INFO - [2024-08-26T18:29:22.000-0700] {dagbag.py:587} INFO - Filling up the DagBag from /home/jerson/airflow_venv/lib/python3.10/site-packages/airflow/example_dags/tutorial_taskflow_api.py
[2024-08-26T18:29:22.006-0700] {processor.py:925} INFO - DAG(s) 'tutorial_taskflow_api' retrieved from /home/jerson/airflow_venv/lib/python3.10/site-packages/airflow/example_dags/tutorial_taskflow_api.py
[2024-08-26T18:29:22.018-0700] {logging_mixin.py:190} INFO - [2024-08-26T18:29:22.018-0700] {dag.py:3211} INFO - Sync 1 DAGs
[2024-08-26T18:29:22.026-0700] {logging_mixin.py:190} INFO - [2024-08-26T18:29:22.026-0700] {dag.py:4138} INFO - Setting next_dagrun for tutorial_taskflow_api to None, run_after=None
[2024-08-26T18:29:22.045-0700] {processor.py:208} INFO - Processing /home/jerson/airflow_venv/lib/python3.10/site-packages/airflow/example_dags/tutorial_taskflow_api.py took 0.051 seconds
[2024-08-26T18:30:08.667-0700] {processor.py:186} INFO - Started process (PID=63918) to work on /home/jerson/airflow_venv/lib/python3.10/site-packages/airflow/example_dags/tutorial_taskflow_api.py
[2024-08-26T18:30:08.668-0700] {processor.py:914} INFO - Processing file /home/jerson/airflow_venv/lib/python3.10/site-packages/airflow/example_dags/tutorial_taskflow_api.py for tasks to queue
[2024-08-26T18:30:08.668-0700] {logging_mixin.py:190} INFO - [2024-08-26T18:30:08.668-0700] {dagbag.py:587} INFO - Filling up the DagBag from /home/jerson/airflow_venv/lib/python3.10/site-packages/airflow/example_dags/tutorial_taskflow_api.py
[2024-08-26T18:30:08.673-0700] {processor.py:925} INFO - DAG(s) 'tutorial_taskflow_api' retrieved from /home/jerson/airflow_venv/lib/python3.10/site-packages/airflow/example_dags/tutorial_taskflow_api.py
[2024-08-26T18:30:08.683-0700] {logging_mixin.py:190} INFO - [2024-08-26T18:30:08.682-0700] {dag.py:3211} INFO - Sync 1 DAGs
[2024-08-26T18:30:08.690-0700] {logging_mixin.py:190} INFO - [2024-08-26T18:30:08.690-0700] {dag.py:4138} INFO - Setting next_dagrun for tutorial_taskflow_api to None, run_after=None
[2024-08-26T18:30:08.706-0700] {processor.py:208} INFO - Processing /home/jerson/airflow_venv/lib/python3.10/site-packages/airflow/example_dags/tutorial_taskflow_api.py took 0.043 seconds
[2024-08-26T18:30:56.894-0700] {processor.py:186} INFO - Started process (PID=64331) to work on /home/jerson/airflow_venv/lib/python3.10/site-packages/airflow/example_dags/tutorial_taskflow_api.py
[2024-08-26T18:30:56.895-0700] {processor.py:914} INFO - Processing file /home/jerson/airflow_venv/lib/python3.10/site-packages/airflow/example_dags/tutorial_taskflow_api.py for tasks to queue
[2024-08-26T18:30:56.896-0700] {logging_mixin.py:190} INFO - [2024-08-26T18:30:56.895-0700] {dagbag.py:587} INFO - Filling up the DagBag from /home/jerson/airflow_venv/lib/python3.10/site-packages/airflow/example_dags/tutorial_taskflow_api.py
[2024-08-26T18:30:56.901-0700] {processor.py:925} INFO - DAG(s) 'tutorial_taskflow_api' retrieved from /home/jerson/airflow_venv/lib/python3.10/site-packages/airflow/example_dags/tutorial_taskflow_api.py
[2024-08-26T18:30:56.910-0700] {logging_mixin.py:190} INFO - [2024-08-26T18:30:56.910-0700] {dag.py:3211} INFO - Sync 1 DAGs
[2024-08-26T18:30:56.917-0700] {logging_mixin.py:190} INFO - [2024-08-26T18:30:56.916-0700] {dag.py:4138} INFO - Setting next_dagrun for tutorial_taskflow_api to None, run_after=None
[2024-08-26T18:30:56.932-0700] {processor.py:208} INFO - Processing /home/jerson/airflow_venv/lib/python3.10/site-packages/airflow/example_dags/tutorial_taskflow_api.py took 0.041 seconds
