[2024-08-26T17:37:26.403-0700] {processor.py:186} INFO - Started process (PID=32841) to work on /home/jerson/airflow_venv/lib/python3.10/site-packages/airflow/example_dags/tutorial_taskflow_api_virtualenv.py
[2024-08-26T17:37:26.404-0700] {processor.py:914} INFO - Processing file /home/jerson/airflow_venv/lib/python3.10/site-packages/airflow/example_dags/tutorial_taskflow_api_virtualenv.py for tasks to queue
[2024-08-26T17:37:26.405-0700] {logging_mixin.py:190} INFO - [2024-08-26T17:37:26.405-0700] {dagbag.py:587} INFO - Filling up the DagBag from /home/jerson/airflow_venv/lib/python3.10/site-packages/airflow/example_dags/tutorial_taskflow_api_virtualenv.py
[2024-08-26T17:37:26.424-0700] {logging_mixin.py:190} INFO - [2024-08-26T17:37:26.424-0700] {tutorial_taskflow_api_virtualenv.py:29} WARNING - The tutorial_taskflow_api_virtualenv example DAG requires virtualenv, please install it.
[2024-08-26T17:37:26.424-0700] {processor.py:927} WARNING - No viable dags retrieved from /home/jerson/airflow_venv/lib/python3.10/site-packages/airflow/example_dags/tutorial_taskflow_api_virtualenv.py
[2024-08-26T17:37:26.431-0700] {processor.py:208} INFO - Processing /home/jerson/airflow_venv/lib/python3.10/site-packages/airflow/example_dags/tutorial_taskflow_api_virtualenv.py took 0.031 seconds
[2024-08-26T17:38:20.924-0700] {processor.py:186} INFO - Started process (PID=33276) to work on /home/jerson/airflow_venv/lib/python3.10/site-packages/airflow/example_dags/tutorial_taskflow_api_virtualenv.py
[2024-08-26T17:38:20.925-0700] {processor.py:914} INFO - Processing file /home/jerson/airflow_venv/lib/python3.10/site-packages/airflow/example_dags/tutorial_taskflow_api_virtualenv.py for tasks to queue
[2024-08-26T17:38:20.926-0700] {logging_mixin.py:190} INFO - [2024-08-26T17:38:20.926-0700] {dagbag.py:587} INFO - Filling up the DagBag from /home/jerson/airflow_venv/lib/python3.10/site-packages/airflow/example_dags/tutorial_taskflow_api_virtualenv.py
[2024-08-26T17:38:20.947-0700] {logging_mixin.py:190} INFO - [2024-08-26T17:38:20.947-0700] {tutorial_taskflow_api_virtualenv.py:29} WARNING - The tutorial_taskflow_api_virtualenv example DAG requires virtualenv, please install it.
[2024-08-26T17:38:20.947-0700] {processor.py:927} WARNING - No viable dags retrieved from /home/jerson/airflow_venv/lib/python3.10/site-packages/airflow/example_dags/tutorial_taskflow_api_virtualenv.py
[2024-08-26T17:38:20.953-0700] {processor.py:208} INFO - Processing /home/jerson/airflow_venv/lib/python3.10/site-packages/airflow/example_dags/tutorial_taskflow_api_virtualenv.py took 0.033 seconds
[2024-08-26T17:39:31.798-0700] {processor.py:186} INFO - Started process (PID=33870) to work on /home/jerson/airflow_venv/lib/python3.10/site-packages/airflow/example_dags/tutorial_taskflow_api_virtualenv.py
[2024-08-26T17:39:31.799-0700] {processor.py:914} INFO - Processing file /home/jerson/airflow_venv/lib/python3.10/site-packages/airflow/example_dags/tutorial_taskflow_api_virtualenv.py for tasks to queue
[2024-08-26T17:39:31.800-0700] {logging_mixin.py:190} INFO - [2024-08-26T17:39:31.800-0700] {dagbag.py:587} INFO - Filling up the DagBag from /home/jerson/airflow_venv/lib/python3.10/site-packages/airflow/example_dags/tutorial_taskflow_api_virtualenv.py
[2024-08-26T17:39:31.820-0700] {logging_mixin.py:190} INFO - [2024-08-26T17:39:31.819-0700] {tutorial_taskflow_api_virtualenv.py:29} WARNING - The tutorial_taskflow_api_virtualenv example DAG requires virtualenv, please install it.
[2024-08-26T17:39:31.820-0700] {processor.py:927} WARNING - No viable dags retrieved from /home/jerson/airflow_venv/lib/python3.10/site-packages/airflow/example_dags/tutorial_taskflow_api_virtualenv.py
[2024-08-26T17:39:31.826-0700] {processor.py:208} INFO - Processing /home/jerson/airflow_venv/lib/python3.10/site-packages/airflow/example_dags/tutorial_taskflow_api_virtualenv.py took 0.031 seconds
[2024-08-26T17:40:28.156-0700] {processor.py:186} INFO - Started process (PID=34318) to work on /home/jerson/airflow_venv/lib/python3.10/site-packages/airflow/example_dags/tutorial_taskflow_api_virtualenv.py
[2024-08-26T17:40:28.157-0700] {processor.py:914} INFO - Processing file /home/jerson/airflow_venv/lib/python3.10/site-packages/airflow/example_dags/tutorial_taskflow_api_virtualenv.py for tasks to queue
[2024-08-26T17:40:28.158-0700] {logging_mixin.py:190} INFO - [2024-08-26T17:40:28.158-0700] {dagbag.py:587} INFO - Filling up the DagBag from /home/jerson/airflow_venv/lib/python3.10/site-packages/airflow/example_dags/tutorial_taskflow_api_virtualenv.py
[2024-08-26T17:40:28.180-0700] {logging_mixin.py:190} INFO - [2024-08-26T17:40:28.179-0700] {tutorial_taskflow_api_virtualenv.py:29} WARNING - The tutorial_taskflow_api_virtualenv example DAG requires virtualenv, please install it.
[2024-08-26T17:40:28.180-0700] {processor.py:927} WARNING - No viable dags retrieved from /home/jerson/airflow_venv/lib/python3.10/site-packages/airflow/example_dags/tutorial_taskflow_api_virtualenv.py
[2024-08-26T17:40:28.187-0700] {processor.py:208} INFO - Processing /home/jerson/airflow_venv/lib/python3.10/site-packages/airflow/example_dags/tutorial_taskflow_api_virtualenv.py took 0.034 seconds
[2024-08-26T17:41:40.580-0700] {processor.py:186} INFO - Started process (PID=34891) to work on /home/jerson/airflow_venv/lib/python3.10/site-packages/airflow/example_dags/tutorial_taskflow_api_virtualenv.py
[2024-08-26T17:41:40.582-0700] {processor.py:914} INFO - Processing file /home/jerson/airflow_venv/lib/python3.10/site-packages/airflow/example_dags/tutorial_taskflow_api_virtualenv.py for tasks to queue
[2024-08-26T17:41:40.583-0700] {logging_mixin.py:190} INFO - [2024-08-26T17:41:40.583-0700] {dagbag.py:587} INFO - Filling up the DagBag from /home/jerson/airflow_venv/lib/python3.10/site-packages/airflow/example_dags/tutorial_taskflow_api_virtualenv.py
[2024-08-26T17:41:40.603-0700] {logging_mixin.py:190} INFO - [2024-08-26T17:41:40.603-0700] {tutorial_taskflow_api_virtualenv.py:29} WARNING - The tutorial_taskflow_api_virtualenv example DAG requires virtualenv, please install it.
[2024-08-26T17:41:40.603-0700] {processor.py:927} WARNING - No viable dags retrieved from /home/jerson/airflow_venv/lib/python3.10/site-packages/airflow/example_dags/tutorial_taskflow_api_virtualenv.py
[2024-08-26T17:41:40.609-0700] {processor.py:208} INFO - Processing /home/jerson/airflow_venv/lib/python3.10/site-packages/airflow/example_dags/tutorial_taskflow_api_virtualenv.py took 0.032 seconds
[2024-08-26T17:42:53.565-0700] {processor.py:186} INFO - Started process (PID=35472) to work on /home/jerson/airflow_venv/lib/python3.10/site-packages/airflow/example_dags/tutorial_taskflow_api_virtualenv.py
[2024-08-26T17:42:53.566-0700] {processor.py:914} INFO - Processing file /home/jerson/airflow_venv/lib/python3.10/site-packages/airflow/example_dags/tutorial_taskflow_api_virtualenv.py for tasks to queue
[2024-08-26T17:42:53.567-0700] {logging_mixin.py:190} INFO - [2024-08-26T17:42:53.567-0700] {dagbag.py:587} INFO - Filling up the DagBag from /home/jerson/airflow_venv/lib/python3.10/site-packages/airflow/example_dags/tutorial_taskflow_api_virtualenv.py
[2024-08-26T17:42:53.586-0700] {logging_mixin.py:190} INFO - [2024-08-26T17:42:53.586-0700] {tutorial_taskflow_api_virtualenv.py:29} WARNING - The tutorial_taskflow_api_virtualenv example DAG requires virtualenv, please install it.
[2024-08-26T17:42:53.587-0700] {processor.py:927} WARNING - No viable dags retrieved from /home/jerson/airflow_venv/lib/python3.10/site-packages/airflow/example_dags/tutorial_taskflow_api_virtualenv.py
[2024-08-26T17:42:53.592-0700] {processor.py:208} INFO - Processing /home/jerson/airflow_venv/lib/python3.10/site-packages/airflow/example_dags/tutorial_taskflow_api_virtualenv.py took 0.030 seconds
[2024-08-26T17:44:06.280-0700] {processor.py:186} INFO - Started process (PID=36052) to work on /home/jerson/airflow_venv/lib/python3.10/site-packages/airflow/example_dags/tutorial_taskflow_api_virtualenv.py
[2024-08-26T17:44:06.281-0700] {processor.py:914} INFO - Processing file /home/jerson/airflow_venv/lib/python3.10/site-packages/airflow/example_dags/tutorial_taskflow_api_virtualenv.py for tasks to queue
[2024-08-26T17:44:06.282-0700] {logging_mixin.py:190} INFO - [2024-08-26T17:44:06.282-0700] {dagbag.py:587} INFO - Filling up the DagBag from /home/jerson/airflow_venv/lib/python3.10/site-packages/airflow/example_dags/tutorial_taskflow_api_virtualenv.py
[2024-08-26T17:44:06.302-0700] {logging_mixin.py:190} INFO - [2024-08-26T17:44:06.302-0700] {tutorial_taskflow_api_virtualenv.py:29} WARNING - The tutorial_taskflow_api_virtualenv example DAG requires virtualenv, please install it.
[2024-08-26T17:44:06.302-0700] {processor.py:927} WARNING - No viable dags retrieved from /home/jerson/airflow_venv/lib/python3.10/site-packages/airflow/example_dags/tutorial_taskflow_api_virtualenv.py
[2024-08-26T17:44:06.310-0700] {processor.py:208} INFO - Processing /home/jerson/airflow_venv/lib/python3.10/site-packages/airflow/example_dags/tutorial_taskflow_api_virtualenv.py took 0.034 seconds
[2024-08-26T17:45:20.847-0700] {processor.py:186} INFO - Started process (PID=36681) to work on /home/jerson/airflow_venv/lib/python3.10/site-packages/airflow/example_dags/tutorial_taskflow_api_virtualenv.py
[2024-08-26T17:45:20.848-0700] {processor.py:914} INFO - Processing file /home/jerson/airflow_venv/lib/python3.10/site-packages/airflow/example_dags/tutorial_taskflow_api_virtualenv.py for tasks to queue
[2024-08-26T17:45:20.850-0700] {logging_mixin.py:190} INFO - [2024-08-26T17:45:20.849-0700] {dagbag.py:587} INFO - Filling up the DagBag from /home/jerson/airflow_venv/lib/python3.10/site-packages/airflow/example_dags/tutorial_taskflow_api_virtualenv.py
[2024-08-26T17:45:20.871-0700] {logging_mixin.py:190} INFO - [2024-08-26T17:45:20.871-0700] {tutorial_taskflow_api_virtualenv.py:29} WARNING - The tutorial_taskflow_api_virtualenv example DAG requires virtualenv, please install it.
[2024-08-26T17:45:20.871-0700] {processor.py:927} WARNING - No viable dags retrieved from /home/jerson/airflow_venv/lib/python3.10/site-packages/airflow/example_dags/tutorial_taskflow_api_virtualenv.py
[2024-08-26T17:45:20.877-0700] {processor.py:208} INFO - Processing /home/jerson/airflow_venv/lib/python3.10/site-packages/airflow/example_dags/tutorial_taskflow_api_virtualenv.py took 0.034 seconds
[2024-08-26T17:46:35.400-0700] {processor.py:186} INFO - Started process (PID=37542) to work on /home/jerson/airflow_venv/lib/python3.10/site-packages/airflow/example_dags/tutorial_taskflow_api_virtualenv.py
[2024-08-26T17:46:35.401-0700] {processor.py:914} INFO - Processing file /home/jerson/airflow_venv/lib/python3.10/site-packages/airflow/example_dags/tutorial_taskflow_api_virtualenv.py for tasks to queue
[2024-08-26T17:46:35.402-0700] {logging_mixin.py:190} INFO - [2024-08-26T17:46:35.401-0700] {dagbag.py:587} INFO - Filling up the DagBag from /home/jerson/airflow_venv/lib/python3.10/site-packages/airflow/example_dags/tutorial_taskflow_api_virtualenv.py
[2024-08-26T17:46:35.422-0700] {logging_mixin.py:190} INFO - [2024-08-26T17:46:35.422-0700] {tutorial_taskflow_api_virtualenv.py:29} WARNING - The tutorial_taskflow_api_virtualenv example DAG requires virtualenv, please install it.
[2024-08-26T17:46:35.423-0700] {processor.py:927} WARNING - No viable dags retrieved from /home/jerson/airflow_venv/lib/python3.10/site-packages/airflow/example_dags/tutorial_taskflow_api_virtualenv.py
[2024-08-26T17:46:35.429-0700] {processor.py:208} INFO - Processing /home/jerson/airflow_venv/lib/python3.10/site-packages/airflow/example_dags/tutorial_taskflow_api_virtualenv.py took 0.032 seconds
[2024-08-26T17:47:50.123-0700] {processor.py:186} INFO - Started process (PID=38299) to work on /home/jerson/airflow_venv/lib/python3.10/site-packages/airflow/example_dags/tutorial_taskflow_api_virtualenv.py
[2024-08-26T17:47:50.124-0700] {processor.py:914} INFO - Processing file /home/jerson/airflow_venv/lib/python3.10/site-packages/airflow/example_dags/tutorial_taskflow_api_virtualenv.py for tasks to queue
[2024-08-26T17:47:50.125-0700] {logging_mixin.py:190} INFO - [2024-08-26T17:47:50.125-0700] {dagbag.py:587} INFO - Filling up the DagBag from /home/jerson/airflow_venv/lib/python3.10/site-packages/airflow/example_dags/tutorial_taskflow_api_virtualenv.py
[2024-08-26T17:47:50.147-0700] {logging_mixin.py:190} INFO - [2024-08-26T17:47:50.147-0700] {tutorial_taskflow_api_virtualenv.py:29} WARNING - The tutorial_taskflow_api_virtualenv example DAG requires virtualenv, please install it.
[2024-08-26T17:47:50.147-0700] {processor.py:927} WARNING - No viable dags retrieved from /home/jerson/airflow_venv/lib/python3.10/site-packages/airflow/example_dags/tutorial_taskflow_api_virtualenv.py
[2024-08-26T17:47:50.154-0700] {processor.py:208} INFO - Processing /home/jerson/airflow_venv/lib/python3.10/site-packages/airflow/example_dags/tutorial_taskflow_api_virtualenv.py took 0.035 seconds
[2024-08-26T17:49:09.863-0700] {processor.py:186} INFO - Started process (PID=39032) to work on /home/jerson/airflow_venv/lib/python3.10/site-packages/airflow/example_dags/tutorial_taskflow_api_virtualenv.py
[2024-08-26T17:49:09.864-0700] {processor.py:914} INFO - Processing file /home/jerson/airflow_venv/lib/python3.10/site-packages/airflow/example_dags/tutorial_taskflow_api_virtualenv.py for tasks to queue
[2024-08-26T17:49:09.865-0700] {logging_mixin.py:190} INFO - [2024-08-26T17:49:09.865-0700] {dagbag.py:587} INFO - Filling up the DagBag from /home/jerson/airflow_venv/lib/python3.10/site-packages/airflow/example_dags/tutorial_taskflow_api_virtualenv.py
[2024-08-26T17:49:09.887-0700] {logging_mixin.py:190} INFO - [2024-08-26T17:49:09.886-0700] {tutorial_taskflow_api_virtualenv.py:29} WARNING - The tutorial_taskflow_api_virtualenv example DAG requires virtualenv, please install it.
[2024-08-26T17:49:09.887-0700] {processor.py:927} WARNING - No viable dags retrieved from /home/jerson/airflow_venv/lib/python3.10/site-packages/airflow/example_dags/tutorial_taskflow_api_virtualenv.py
[2024-08-26T17:49:09.893-0700] {processor.py:208} INFO - Processing /home/jerson/airflow_venv/lib/python3.10/site-packages/airflow/example_dags/tutorial_taskflow_api_virtualenv.py took 0.033 seconds
[2024-08-26T17:50:26.522-0700] {processor.py:186} INFO - Started process (PID=39667) to work on /home/jerson/airflow_venv/lib/python3.10/site-packages/airflow/example_dags/tutorial_taskflow_api_virtualenv.py
[2024-08-26T17:50:26.522-0700] {processor.py:914} INFO - Processing file /home/jerson/airflow_venv/lib/python3.10/site-packages/airflow/example_dags/tutorial_taskflow_api_virtualenv.py for tasks to queue
[2024-08-26T17:50:26.524-0700] {logging_mixin.py:190} INFO - [2024-08-26T17:50:26.524-0700] {dagbag.py:587} INFO - Filling up the DagBag from /home/jerson/airflow_venv/lib/python3.10/site-packages/airflow/example_dags/tutorial_taskflow_api_virtualenv.py
[2024-08-26T17:50:26.545-0700] {logging_mixin.py:190} INFO - [2024-08-26T17:50:26.544-0700] {tutorial_taskflow_api_virtualenv.py:29} WARNING - The tutorial_taskflow_api_virtualenv example DAG requires virtualenv, please install it.
[2024-08-26T17:50:26.545-0700] {processor.py:927} WARNING - No viable dags retrieved from /home/jerson/airflow_venv/lib/python3.10/site-packages/airflow/example_dags/tutorial_taskflow_api_virtualenv.py
[2024-08-26T17:50:26.551-0700] {processor.py:208} INFO - Processing /home/jerson/airflow_venv/lib/python3.10/site-packages/airflow/example_dags/tutorial_taskflow_api_virtualenv.py took 0.034 seconds
[2024-08-26T17:51:40.655-0700] {processor.py:186} INFO - Started process (PID=40323) to work on /home/jerson/airflow_venv/lib/python3.10/site-packages/airflow/example_dags/tutorial_taskflow_api_virtualenv.py
[2024-08-26T17:51:40.656-0700] {processor.py:914} INFO - Processing file /home/jerson/airflow_venv/lib/python3.10/site-packages/airflow/example_dags/tutorial_taskflow_api_virtualenv.py for tasks to queue
[2024-08-26T17:51:40.657-0700] {logging_mixin.py:190} INFO - [2024-08-26T17:51:40.657-0700] {dagbag.py:587} INFO - Filling up the DagBag from /home/jerson/airflow_venv/lib/python3.10/site-packages/airflow/example_dags/tutorial_taskflow_api_virtualenv.py
[2024-08-26T17:51:40.677-0700] {logging_mixin.py:190} INFO - [2024-08-26T17:51:40.677-0700] {tutorial_taskflow_api_virtualenv.py:29} WARNING - The tutorial_taskflow_api_virtualenv example DAG requires virtualenv, please install it.
[2024-08-26T17:51:40.677-0700] {processor.py:927} WARNING - No viable dags retrieved from /home/jerson/airflow_venv/lib/python3.10/site-packages/airflow/example_dags/tutorial_taskflow_api_virtualenv.py
[2024-08-26T17:51:40.684-0700] {processor.py:208} INFO - Processing /home/jerson/airflow_venv/lib/python3.10/site-packages/airflow/example_dags/tutorial_taskflow_api_virtualenv.py took 0.033 seconds
[2024-08-26T17:56:04.021-0700] {processor.py:186} INFO - Started process (PID=43280) to work on /home/jerson/airflow_venv/lib/python3.10/site-packages/airflow/example_dags/tutorial_taskflow_api_virtualenv.py
[2024-08-26T17:56:04.022-0700] {processor.py:914} INFO - Processing file /home/jerson/airflow_venv/lib/python3.10/site-packages/airflow/example_dags/tutorial_taskflow_api_virtualenv.py for tasks to queue
[2024-08-26T17:56:04.024-0700] {logging_mixin.py:190} INFO - [2024-08-26T17:56:04.023-0700] {dagbag.py:587} INFO - Filling up the DagBag from /home/jerson/airflow_venv/lib/python3.10/site-packages/airflow/example_dags/tutorial_taskflow_api_virtualenv.py
[2024-08-26T17:56:04.041-0700] {logging_mixin.py:190} INFO - [2024-08-26T17:56:04.041-0700] {tutorial_taskflow_api_virtualenv.py:29} WARNING - The tutorial_taskflow_api_virtualenv example DAG requires virtualenv, please install it.
[2024-08-26T17:56:04.041-0700] {processor.py:927} WARNING - No viable dags retrieved from /home/jerson/airflow_venv/lib/python3.10/site-packages/airflow/example_dags/tutorial_taskflow_api_virtualenv.py
[2024-08-26T17:56:04.047-0700] {processor.py:208} INFO - Processing /home/jerson/airflow_venv/lib/python3.10/site-packages/airflow/example_dags/tutorial_taskflow_api_virtualenv.py took 0.028 seconds
[2024-08-26T17:56:58.752-0700] {processor.py:186} INFO - Started process (PID=43840) to work on /home/jerson/airflow_venv/lib/python3.10/site-packages/airflow/example_dags/tutorial_taskflow_api_virtualenv.py
[2024-08-26T17:56:58.753-0700] {processor.py:914} INFO - Processing file /home/jerson/airflow_venv/lib/python3.10/site-packages/airflow/example_dags/tutorial_taskflow_api_virtualenv.py for tasks to queue
[2024-08-26T17:56:58.754-0700] {logging_mixin.py:190} INFO - [2024-08-26T17:56:58.754-0700] {dagbag.py:587} INFO - Filling up the DagBag from /home/jerson/airflow_venv/lib/python3.10/site-packages/airflow/example_dags/tutorial_taskflow_api_virtualenv.py
[2024-08-26T17:56:58.772-0700] {logging_mixin.py:190} INFO - [2024-08-26T17:56:58.771-0700] {tutorial_taskflow_api_virtualenv.py:29} WARNING - The tutorial_taskflow_api_virtualenv example DAG requires virtualenv, please install it.
[2024-08-26T17:56:58.772-0700] {processor.py:927} WARNING - No viable dags retrieved from /home/jerson/airflow_venv/lib/python3.10/site-packages/airflow/example_dags/tutorial_taskflow_api_virtualenv.py
[2024-08-26T17:56:58.779-0700] {processor.py:208} INFO - Processing /home/jerson/airflow_venv/lib/python3.10/site-packages/airflow/example_dags/tutorial_taskflow_api_virtualenv.py took 0.030 seconds
[2024-08-26T17:58:13.487-0700] {processor.py:186} INFO - Started process (PID=44697) to work on /home/jerson/airflow_venv/lib/python3.10/site-packages/airflow/example_dags/tutorial_taskflow_api_virtualenv.py
[2024-08-26T17:58:13.488-0700] {processor.py:914} INFO - Processing file /home/jerson/airflow_venv/lib/python3.10/site-packages/airflow/example_dags/tutorial_taskflow_api_virtualenv.py for tasks to queue
[2024-08-26T17:58:13.490-0700] {logging_mixin.py:190} INFO - [2024-08-26T17:58:13.490-0700] {dagbag.py:587} INFO - Filling up the DagBag from /home/jerson/airflow_venv/lib/python3.10/site-packages/airflow/example_dags/tutorial_taskflow_api_virtualenv.py
[2024-08-26T17:58:13.509-0700] {logging_mixin.py:190} INFO - [2024-08-26T17:58:13.508-0700] {tutorial_taskflow_api_virtualenv.py:29} WARNING - The tutorial_taskflow_api_virtualenv example DAG requires virtualenv, please install it.
[2024-08-26T17:58:13.509-0700] {processor.py:927} WARNING - No viable dags retrieved from /home/jerson/airflow_venv/lib/python3.10/site-packages/airflow/example_dags/tutorial_taskflow_api_virtualenv.py
[2024-08-26T17:58:13.518-0700] {processor.py:208} INFO - Processing /home/jerson/airflow_venv/lib/python3.10/site-packages/airflow/example_dags/tutorial_taskflow_api_virtualenv.py took 0.035 seconds
[2024-08-26T17:59:30.598-0700] {processor.py:186} INFO - Started process (PID=45516) to work on /home/jerson/airflow_venv/lib/python3.10/site-packages/airflow/example_dags/tutorial_taskflow_api_virtualenv.py
[2024-08-26T17:59:30.599-0700] {processor.py:914} INFO - Processing file /home/jerson/airflow_venv/lib/python3.10/site-packages/airflow/example_dags/tutorial_taskflow_api_virtualenv.py for tasks to queue
[2024-08-26T17:59:30.601-0700] {logging_mixin.py:190} INFO - [2024-08-26T17:59:30.600-0700] {dagbag.py:587} INFO - Filling up the DagBag from /home/jerson/airflow_venv/lib/python3.10/site-packages/airflow/example_dags/tutorial_taskflow_api_virtualenv.py
[2024-08-26T17:59:30.618-0700] {logging_mixin.py:190} INFO - [2024-08-26T17:59:30.617-0700] {tutorial_taskflow_api_virtualenv.py:29} WARNING - The tutorial_taskflow_api_virtualenv example DAG requires virtualenv, please install it.
[2024-08-26T17:59:30.618-0700] {processor.py:927} WARNING - No viable dags retrieved from /home/jerson/airflow_venv/lib/python3.10/site-packages/airflow/example_dags/tutorial_taskflow_api_virtualenv.py
[2024-08-26T17:59:30.623-0700] {processor.py:208} INFO - Processing /home/jerson/airflow_venv/lib/python3.10/site-packages/airflow/example_dags/tutorial_taskflow_api_virtualenv.py took 0.028 seconds
[2024-08-26T18:00:42.029-0700] {processor.py:186} INFO - Started process (PID=46363) to work on /home/jerson/airflow_venv/lib/python3.10/site-packages/airflow/example_dags/tutorial_taskflow_api_virtualenv.py
[2024-08-26T18:00:42.030-0700] {processor.py:914} INFO - Processing file /home/jerson/airflow_venv/lib/python3.10/site-packages/airflow/example_dags/tutorial_taskflow_api_virtualenv.py for tasks to queue
[2024-08-26T18:00:42.032-0700] {logging_mixin.py:190} INFO - [2024-08-26T18:00:42.031-0700] {dagbag.py:587} INFO - Filling up the DagBag from /home/jerson/airflow_venv/lib/python3.10/site-packages/airflow/example_dags/tutorial_taskflow_api_virtualenv.py
[2024-08-26T18:00:42.050-0700] {logging_mixin.py:190} INFO - [2024-08-26T18:00:42.050-0700] {tutorial_taskflow_api_virtualenv.py:29} WARNING - The tutorial_taskflow_api_virtualenv example DAG requires virtualenv, please install it.
[2024-08-26T18:00:42.050-0700] {processor.py:927} WARNING - No viable dags retrieved from /home/jerson/airflow_venv/lib/python3.10/site-packages/airflow/example_dags/tutorial_taskflow_api_virtualenv.py
[2024-08-26T18:00:42.057-0700] {processor.py:208} INFO - Processing /home/jerson/airflow_venv/lib/python3.10/site-packages/airflow/example_dags/tutorial_taskflow_api_virtualenv.py took 0.031 seconds
[2024-08-26T18:01:57.750-0700] {processor.py:186} INFO - Started process (PID=47075) to work on /home/jerson/airflow_venv/lib/python3.10/site-packages/airflow/example_dags/tutorial_taskflow_api_virtualenv.py
[2024-08-26T18:01:57.751-0700] {processor.py:914} INFO - Processing file /home/jerson/airflow_venv/lib/python3.10/site-packages/airflow/example_dags/tutorial_taskflow_api_virtualenv.py for tasks to queue
[2024-08-26T18:01:57.752-0700] {logging_mixin.py:190} INFO - [2024-08-26T18:01:57.752-0700] {dagbag.py:587} INFO - Filling up the DagBag from /home/jerson/airflow_venv/lib/python3.10/site-packages/airflow/example_dags/tutorial_taskflow_api_virtualenv.py
[2024-08-26T18:01:57.769-0700] {logging_mixin.py:190} INFO - [2024-08-26T18:01:57.769-0700] {tutorial_taskflow_api_virtualenv.py:29} WARNING - The tutorial_taskflow_api_virtualenv example DAG requires virtualenv, please install it.
[2024-08-26T18:01:57.769-0700] {processor.py:927} WARNING - No viable dags retrieved from /home/jerson/airflow_venv/lib/python3.10/site-packages/airflow/example_dags/tutorial_taskflow_api_virtualenv.py
[2024-08-26T18:01:57.775-0700] {processor.py:208} INFO - Processing /home/jerson/airflow_venv/lib/python3.10/site-packages/airflow/example_dags/tutorial_taskflow_api_virtualenv.py took 0.029 seconds
[2024-08-26T18:03:10.103-0700] {processor.py:186} INFO - Started process (PID=47796) to work on /home/jerson/airflow_venv/lib/python3.10/site-packages/airflow/example_dags/tutorial_taskflow_api_virtualenv.py
[2024-08-26T18:03:10.104-0700] {processor.py:914} INFO - Processing file /home/jerson/airflow_venv/lib/python3.10/site-packages/airflow/example_dags/tutorial_taskflow_api_virtualenv.py for tasks to queue
[2024-08-26T18:03:10.105-0700] {logging_mixin.py:190} INFO - [2024-08-26T18:03:10.105-0700] {dagbag.py:587} INFO - Filling up the DagBag from /home/jerson/airflow_venv/lib/python3.10/site-packages/airflow/example_dags/tutorial_taskflow_api_virtualenv.py
[2024-08-26T18:03:10.122-0700] {logging_mixin.py:190} INFO - [2024-08-26T18:03:10.122-0700] {tutorial_taskflow_api_virtualenv.py:29} WARNING - The tutorial_taskflow_api_virtualenv example DAG requires virtualenv, please install it.
[2024-08-26T18:03:10.122-0700] {processor.py:927} WARNING - No viable dags retrieved from /home/jerson/airflow_venv/lib/python3.10/site-packages/airflow/example_dags/tutorial_taskflow_api_virtualenv.py
[2024-08-26T18:03:10.128-0700] {processor.py:208} INFO - Processing /home/jerson/airflow_venv/lib/python3.10/site-packages/airflow/example_dags/tutorial_taskflow_api_virtualenv.py took 0.029 seconds
[2024-08-26T18:04:23.501-0700] {processor.py:186} INFO - Started process (PID=48497) to work on /home/jerson/airflow_venv/lib/python3.10/site-packages/airflow/example_dags/tutorial_taskflow_api_virtualenv.py
[2024-08-26T18:04:23.503-0700] {processor.py:914} INFO - Processing file /home/jerson/airflow_venv/lib/python3.10/site-packages/airflow/example_dags/tutorial_taskflow_api_virtualenv.py for tasks to queue
[2024-08-26T18:04:23.504-0700] {logging_mixin.py:190} INFO - [2024-08-26T18:04:23.504-0700] {dagbag.py:587} INFO - Filling up the DagBag from /home/jerson/airflow_venv/lib/python3.10/site-packages/airflow/example_dags/tutorial_taskflow_api_virtualenv.py
[2024-08-26T18:04:23.524-0700] {logging_mixin.py:190} INFO - [2024-08-26T18:04:23.524-0700] {tutorial_taskflow_api_virtualenv.py:29} WARNING - The tutorial_taskflow_api_virtualenv example DAG requires virtualenv, please install it.
[2024-08-26T18:04:23.525-0700] {processor.py:927} WARNING - No viable dags retrieved from /home/jerson/airflow_venv/lib/python3.10/site-packages/airflow/example_dags/tutorial_taskflow_api_virtualenv.py
[2024-08-26T18:04:23.534-0700] {processor.py:208} INFO - Processing /home/jerson/airflow_venv/lib/python3.10/site-packages/airflow/example_dags/tutorial_taskflow_api_virtualenv.py took 0.037 seconds
[2024-08-26T18:05:33.986-0700] {processor.py:186} INFO - Started process (PID=49121) to work on /home/jerson/airflow_venv/lib/python3.10/site-packages/airflow/example_dags/tutorial_taskflow_api_virtualenv.py
[2024-08-26T18:05:33.987-0700] {processor.py:914} INFO - Processing file /home/jerson/airflow_venv/lib/python3.10/site-packages/airflow/example_dags/tutorial_taskflow_api_virtualenv.py for tasks to queue
[2024-08-26T18:05:33.989-0700] {logging_mixin.py:190} INFO - [2024-08-26T18:05:33.989-0700] {dagbag.py:587} INFO - Filling up the DagBag from /home/jerson/airflow_venv/lib/python3.10/site-packages/airflow/example_dags/tutorial_taskflow_api_virtualenv.py
[2024-08-26T18:05:34.006-0700] {logging_mixin.py:190} INFO - [2024-08-26T18:05:34.006-0700] {tutorial_taskflow_api_virtualenv.py:29} WARNING - The tutorial_taskflow_api_virtualenv example DAG requires virtualenv, please install it.
[2024-08-26T18:05:34.007-0700] {processor.py:927} WARNING - No viable dags retrieved from /home/jerson/airflow_venv/lib/python3.10/site-packages/airflow/example_dags/tutorial_taskflow_api_virtualenv.py
[2024-08-26T18:05:34.013-0700] {processor.py:208} INFO - Processing /home/jerson/airflow_venv/lib/python3.10/site-packages/airflow/example_dags/tutorial_taskflow_api_virtualenv.py took 0.030 seconds
[2024-08-26T18:06:47.621-0700] {processor.py:186} INFO - Started process (PID=49770) to work on /home/jerson/airflow_venv/lib/python3.10/site-packages/airflow/example_dags/tutorial_taskflow_api_virtualenv.py
[2024-08-26T18:06:47.622-0700] {processor.py:914} INFO - Processing file /home/jerson/airflow_venv/lib/python3.10/site-packages/airflow/example_dags/tutorial_taskflow_api_virtualenv.py for tasks to queue
[2024-08-26T18:06:47.623-0700] {logging_mixin.py:190} INFO - [2024-08-26T18:06:47.623-0700] {dagbag.py:587} INFO - Filling up the DagBag from /home/jerson/airflow_venv/lib/python3.10/site-packages/airflow/example_dags/tutorial_taskflow_api_virtualenv.py
[2024-08-26T18:06:47.640-0700] {logging_mixin.py:190} INFO - [2024-08-26T18:06:47.640-0700] {tutorial_taskflow_api_virtualenv.py:29} WARNING - The tutorial_taskflow_api_virtualenv example DAG requires virtualenv, please install it.
[2024-08-26T18:06:47.641-0700] {processor.py:927} WARNING - No viable dags retrieved from /home/jerson/airflow_venv/lib/python3.10/site-packages/airflow/example_dags/tutorial_taskflow_api_virtualenv.py
[2024-08-26T18:06:47.647-0700] {processor.py:208} INFO - Processing /home/jerson/airflow_venv/lib/python3.10/site-packages/airflow/example_dags/tutorial_taskflow_api_virtualenv.py took 0.029 seconds
[2024-08-26T18:08:00.097-0700] {processor.py:186} INFO - Started process (PID=50461) to work on /home/jerson/airflow_venv/lib/python3.10/site-packages/airflow/example_dags/tutorial_taskflow_api_virtualenv.py
[2024-08-26T18:08:00.098-0700] {processor.py:914} INFO - Processing file /home/jerson/airflow_venv/lib/python3.10/site-packages/airflow/example_dags/tutorial_taskflow_api_virtualenv.py for tasks to queue
[2024-08-26T18:08:00.099-0700] {logging_mixin.py:190} INFO - [2024-08-26T18:08:00.099-0700] {dagbag.py:587} INFO - Filling up the DagBag from /home/jerson/airflow_venv/lib/python3.10/site-packages/airflow/example_dags/tutorial_taskflow_api_virtualenv.py
[2024-08-26T18:08:00.116-0700] {logging_mixin.py:190} INFO - [2024-08-26T18:08:00.116-0700] {tutorial_taskflow_api_virtualenv.py:29} WARNING - The tutorial_taskflow_api_virtualenv example DAG requires virtualenv, please install it.
[2024-08-26T18:08:00.117-0700] {processor.py:927} WARNING - No viable dags retrieved from /home/jerson/airflow_venv/lib/python3.10/site-packages/airflow/example_dags/tutorial_taskflow_api_virtualenv.py
[2024-08-26T18:08:00.122-0700] {processor.py:208} INFO - Processing /home/jerson/airflow_venv/lib/python3.10/site-packages/airflow/example_dags/tutorial_taskflow_api_virtualenv.py took 0.029 seconds
[2024-08-26T18:09:18.275-0700] {processor.py:186} INFO - Started process (PID=51195) to work on /home/jerson/airflow_venv/lib/python3.10/site-packages/airflow/example_dags/tutorial_taskflow_api_virtualenv.py
[2024-08-26T18:09:18.276-0700] {processor.py:914} INFO - Processing file /home/jerson/airflow_venv/lib/python3.10/site-packages/airflow/example_dags/tutorial_taskflow_api_virtualenv.py for tasks to queue
[2024-08-26T18:09:18.277-0700] {logging_mixin.py:190} INFO - [2024-08-26T18:09:18.277-0700] {dagbag.py:587} INFO - Filling up the DagBag from /home/jerson/airflow_venv/lib/python3.10/site-packages/airflow/example_dags/tutorial_taskflow_api_virtualenv.py
[2024-08-26T18:09:18.295-0700] {logging_mixin.py:190} INFO - [2024-08-26T18:09:18.295-0700] {tutorial_taskflow_api_virtualenv.py:29} WARNING - The tutorial_taskflow_api_virtualenv example DAG requires virtualenv, please install it.
[2024-08-26T18:09:18.295-0700] {processor.py:927} WARNING - No viable dags retrieved from /home/jerson/airflow_venv/lib/python3.10/site-packages/airflow/example_dags/tutorial_taskflow_api_virtualenv.py
[2024-08-26T18:09:18.301-0700] {processor.py:208} INFO - Processing /home/jerson/airflow_venv/lib/python3.10/site-packages/airflow/example_dags/tutorial_taskflow_api_virtualenv.py took 0.030 seconds
[2024-08-26T18:10:11.404-0700] {processor.py:186} INFO - Started process (PID=51831) to work on /home/jerson/airflow_venv/lib/python3.10/site-packages/airflow/example_dags/tutorial_taskflow_api_virtualenv.py
[2024-08-26T18:10:11.405-0700] {processor.py:914} INFO - Processing file /home/jerson/airflow_venv/lib/python3.10/site-packages/airflow/example_dags/tutorial_taskflow_api_virtualenv.py for tasks to queue
[2024-08-26T18:10:11.407-0700] {logging_mixin.py:190} INFO - [2024-08-26T18:10:11.406-0700] {dagbag.py:587} INFO - Filling up the DagBag from /home/jerson/airflow_venv/lib/python3.10/site-packages/airflow/example_dags/tutorial_taskflow_api_virtualenv.py
[2024-08-26T18:10:11.424-0700] {logging_mixin.py:190} INFO - [2024-08-26T18:10:11.424-0700] {tutorial_taskflow_api_virtualenv.py:29} WARNING - The tutorial_taskflow_api_virtualenv example DAG requires virtualenv, please install it.
[2024-08-26T18:10:11.424-0700] {processor.py:927} WARNING - No viable dags retrieved from /home/jerson/airflow_venv/lib/python3.10/site-packages/airflow/example_dags/tutorial_taskflow_api_virtualenv.py
[2024-08-26T18:10:11.431-0700] {processor.py:208} INFO - Processing /home/jerson/airflow_venv/lib/python3.10/site-packages/airflow/example_dags/tutorial_taskflow_api_virtualenv.py took 0.030 seconds
[2024-08-26T18:11:24.681-0700] {processor.py:186} INFO - Started process (PID=52719) to work on /home/jerson/airflow_venv/lib/python3.10/site-packages/airflow/example_dags/tutorial_taskflow_api_virtualenv.py
[2024-08-26T18:11:24.682-0700] {processor.py:914} INFO - Processing file /home/jerson/airflow_venv/lib/python3.10/site-packages/airflow/example_dags/tutorial_taskflow_api_virtualenv.py for tasks to queue
[2024-08-26T18:11:24.683-0700] {logging_mixin.py:190} INFO - [2024-08-26T18:11:24.683-0700] {dagbag.py:587} INFO - Filling up the DagBag from /home/jerson/airflow_venv/lib/python3.10/site-packages/airflow/example_dags/tutorial_taskflow_api_virtualenv.py
[2024-08-26T18:11:24.699-0700] {logging_mixin.py:190} INFO - [2024-08-26T18:11:24.699-0700] {tutorial_taskflow_api_virtualenv.py:29} WARNING - The tutorial_taskflow_api_virtualenv example DAG requires virtualenv, please install it.
[2024-08-26T18:11:24.700-0700] {processor.py:927} WARNING - No viable dags retrieved from /home/jerson/airflow_venv/lib/python3.10/site-packages/airflow/example_dags/tutorial_taskflow_api_virtualenv.py
[2024-08-26T18:11:24.706-0700] {processor.py:208} INFO - Processing /home/jerson/airflow_venv/lib/python3.10/site-packages/airflow/example_dags/tutorial_taskflow_api_virtualenv.py took 0.028 seconds
[2024-08-26T18:12:40.893-0700] {processor.py:186} INFO - Started process (PID=53489) to work on /home/jerson/airflow_venv/lib/python3.10/site-packages/airflow/example_dags/tutorial_taskflow_api_virtualenv.py
[2024-08-26T18:12:40.894-0700] {processor.py:914} INFO - Processing file /home/jerson/airflow_venv/lib/python3.10/site-packages/airflow/example_dags/tutorial_taskflow_api_virtualenv.py for tasks to queue
[2024-08-26T18:12:40.895-0700] {logging_mixin.py:190} INFO - [2024-08-26T18:12:40.895-0700] {dagbag.py:587} INFO - Filling up the DagBag from /home/jerson/airflow_venv/lib/python3.10/site-packages/airflow/example_dags/tutorial_taskflow_api_virtualenv.py
[2024-08-26T18:12:40.913-0700] {logging_mixin.py:190} INFO - [2024-08-26T18:12:40.912-0700] {tutorial_taskflow_api_virtualenv.py:29} WARNING - The tutorial_taskflow_api_virtualenv example DAG requires virtualenv, please install it.
[2024-08-26T18:12:40.913-0700] {processor.py:927} WARNING - No viable dags retrieved from /home/jerson/airflow_venv/lib/python3.10/site-packages/airflow/example_dags/tutorial_taskflow_api_virtualenv.py
[2024-08-26T18:12:40.919-0700] {processor.py:208} INFO - Processing /home/jerson/airflow_venv/lib/python3.10/site-packages/airflow/example_dags/tutorial_taskflow_api_virtualenv.py took 0.029 seconds
[2024-08-26T18:13:51.768-0700] {processor.py:186} INFO - Started process (PID=54119) to work on /home/jerson/airflow_venv/lib/python3.10/site-packages/airflow/example_dags/tutorial_taskflow_api_virtualenv.py
[2024-08-26T18:13:51.769-0700] {processor.py:914} INFO - Processing file /home/jerson/airflow_venv/lib/python3.10/site-packages/airflow/example_dags/tutorial_taskflow_api_virtualenv.py for tasks to queue
[2024-08-26T18:13:51.770-0700] {logging_mixin.py:190} INFO - [2024-08-26T18:13:51.770-0700] {dagbag.py:587} INFO - Filling up the DagBag from /home/jerson/airflow_venv/lib/python3.10/site-packages/airflow/example_dags/tutorial_taskflow_api_virtualenv.py
[2024-08-26T18:13:51.787-0700] {logging_mixin.py:190} INFO - [2024-08-26T18:13:51.787-0700] {tutorial_taskflow_api_virtualenv.py:29} WARNING - The tutorial_taskflow_api_virtualenv example DAG requires virtualenv, please install it.
[2024-08-26T18:13:51.788-0700] {processor.py:927} WARNING - No viable dags retrieved from /home/jerson/airflow_venv/lib/python3.10/site-packages/airflow/example_dags/tutorial_taskflow_api_virtualenv.py
[2024-08-26T18:13:51.794-0700] {processor.py:208} INFO - Processing /home/jerson/airflow_venv/lib/python3.10/site-packages/airflow/example_dags/tutorial_taskflow_api_virtualenv.py took 0.029 seconds
[2024-08-26T18:15:13.649-0700] {processor.py:186} INFO - Started process (PID=55118) to work on /home/jerson/airflow_venv/lib/python3.10/site-packages/airflow/example_dags/tutorial_taskflow_api_virtualenv.py
[2024-08-26T18:15:13.650-0700] {processor.py:914} INFO - Processing file /home/jerson/airflow_venv/lib/python3.10/site-packages/airflow/example_dags/tutorial_taskflow_api_virtualenv.py for tasks to queue
[2024-08-26T18:15:13.651-0700] {logging_mixin.py:190} INFO - [2024-08-26T18:15:13.650-0700] {dagbag.py:587} INFO - Filling up the DagBag from /home/jerson/airflow_venv/lib/python3.10/site-packages/airflow/example_dags/tutorial_taskflow_api_virtualenv.py
[2024-08-26T18:15:13.668-0700] {logging_mixin.py:190} INFO - [2024-08-26T18:15:13.668-0700] {tutorial_taskflow_api_virtualenv.py:29} WARNING - The tutorial_taskflow_api_virtualenv example DAG requires virtualenv, please install it.
[2024-08-26T18:15:13.668-0700] {processor.py:927} WARNING - No viable dags retrieved from /home/jerson/airflow_venv/lib/python3.10/site-packages/airflow/example_dags/tutorial_taskflow_api_virtualenv.py
[2024-08-26T18:15:13.675-0700] {processor.py:208} INFO - Processing /home/jerson/airflow_venv/lib/python3.10/site-packages/airflow/example_dags/tutorial_taskflow_api_virtualenv.py took 0.029 seconds
[2024-08-26T18:16:07.411-0700] {processor.py:186} INFO - Started process (PID=55601) to work on /home/jerson/airflow_venv/lib/python3.10/site-packages/airflow/example_dags/tutorial_taskflow_api_virtualenv.py
[2024-08-26T18:16:07.412-0700] {processor.py:914} INFO - Processing file /home/jerson/airflow_venv/lib/python3.10/site-packages/airflow/example_dags/tutorial_taskflow_api_virtualenv.py for tasks to queue
[2024-08-26T18:16:07.413-0700] {logging_mixin.py:190} INFO - [2024-08-26T18:16:07.413-0700] {dagbag.py:587} INFO - Filling up the DagBag from /home/jerson/airflow_venv/lib/python3.10/site-packages/airflow/example_dags/tutorial_taskflow_api_virtualenv.py
[2024-08-26T18:16:07.431-0700] {logging_mixin.py:190} INFO - [2024-08-26T18:16:07.431-0700] {tutorial_taskflow_api_virtualenv.py:29} WARNING - The tutorial_taskflow_api_virtualenv example DAG requires virtualenv, please install it.
[2024-08-26T18:16:07.431-0700] {processor.py:927} WARNING - No viable dags retrieved from /home/jerson/airflow_venv/lib/python3.10/site-packages/airflow/example_dags/tutorial_taskflow_api_virtualenv.py
[2024-08-26T18:16:07.437-0700] {processor.py:208} INFO - Processing /home/jerson/airflow_venv/lib/python3.10/site-packages/airflow/example_dags/tutorial_taskflow_api_virtualenv.py took 0.029 seconds
[2024-08-26T18:17:19.213-0700] {processor.py:186} INFO - Started process (PID=56245) to work on /home/jerson/airflow_venv/lib/python3.10/site-packages/airflow/example_dags/tutorial_taskflow_api_virtualenv.py
[2024-08-26T18:17:19.214-0700] {processor.py:914} INFO - Processing file /home/jerson/airflow_venv/lib/python3.10/site-packages/airflow/example_dags/tutorial_taskflow_api_virtualenv.py for tasks to queue
[2024-08-26T18:17:19.215-0700] {logging_mixin.py:190} INFO - [2024-08-26T18:17:19.215-0700] {dagbag.py:587} INFO - Filling up the DagBag from /home/jerson/airflow_venv/lib/python3.10/site-packages/airflow/example_dags/tutorial_taskflow_api_virtualenv.py
[2024-08-26T18:17:19.234-0700] {logging_mixin.py:190} INFO - [2024-08-26T18:17:19.233-0700] {tutorial_taskflow_api_virtualenv.py:29} WARNING - The tutorial_taskflow_api_virtualenv example DAG requires virtualenv, please install it.
[2024-08-26T18:17:19.234-0700] {processor.py:927} WARNING - No viable dags retrieved from /home/jerson/airflow_venv/lib/python3.10/site-packages/airflow/example_dags/tutorial_taskflow_api_virtualenv.py
[2024-08-26T18:17:19.240-0700] {processor.py:208} INFO - Processing /home/jerson/airflow_venv/lib/python3.10/site-packages/airflow/example_dags/tutorial_taskflow_api_virtualenv.py took 0.030 seconds
[2024-08-26T18:18:32.324-0700] {processor.py:186} INFO - Started process (PID=56949) to work on /home/jerson/airflow_venv/lib/python3.10/site-packages/airflow/example_dags/tutorial_taskflow_api_virtualenv.py
[2024-08-26T18:18:32.324-0700] {processor.py:914} INFO - Processing file /home/jerson/airflow_venv/lib/python3.10/site-packages/airflow/example_dags/tutorial_taskflow_api_virtualenv.py for tasks to queue
[2024-08-26T18:18:32.325-0700] {logging_mixin.py:190} INFO - [2024-08-26T18:18:32.325-0700] {dagbag.py:587} INFO - Filling up the DagBag from /home/jerson/airflow_venv/lib/python3.10/site-packages/airflow/example_dags/tutorial_taskflow_api_virtualenv.py
[2024-08-26T18:18:32.345-0700] {logging_mixin.py:190} INFO - [2024-08-26T18:18:32.345-0700] {tutorial_taskflow_api_virtualenv.py:29} WARNING - The tutorial_taskflow_api_virtualenv example DAG requires virtualenv, please install it.
[2024-08-26T18:18:32.345-0700] {processor.py:927} WARNING - No viable dags retrieved from /home/jerson/airflow_venv/lib/python3.10/site-packages/airflow/example_dags/tutorial_taskflow_api_virtualenv.py
[2024-08-26T18:18:32.353-0700] {processor.py:208} INFO - Processing /home/jerson/airflow_venv/lib/python3.10/site-packages/airflow/example_dags/tutorial_taskflow_api_virtualenv.py took 0.033 seconds
[2024-08-26T18:19:45.823-0700] {processor.py:186} INFO - Started process (PID=57644) to work on /home/jerson/airflow_venv/lib/python3.10/site-packages/airflow/example_dags/tutorial_taskflow_api_virtualenv.py
[2024-08-26T18:19:45.824-0700] {processor.py:914} INFO - Processing file /home/jerson/airflow_venv/lib/python3.10/site-packages/airflow/example_dags/tutorial_taskflow_api_virtualenv.py for tasks to queue
[2024-08-26T18:19:45.824-0700] {logging_mixin.py:190} INFO - [2024-08-26T18:19:45.824-0700] {dagbag.py:587} INFO - Filling up the DagBag from /home/jerson/airflow_venv/lib/python3.10/site-packages/airflow/example_dags/tutorial_taskflow_api_virtualenv.py
[2024-08-26T18:19:45.841-0700] {logging_mixin.py:190} INFO - [2024-08-26T18:19:45.841-0700] {tutorial_taskflow_api_virtualenv.py:29} WARNING - The tutorial_taskflow_api_virtualenv example DAG requires virtualenv, please install it.
[2024-08-26T18:19:45.842-0700] {processor.py:927} WARNING - No viable dags retrieved from /home/jerson/airflow_venv/lib/python3.10/site-packages/airflow/example_dags/tutorial_taskflow_api_virtualenv.py
[2024-08-26T18:19:45.847-0700] {processor.py:208} INFO - Processing /home/jerson/airflow_venv/lib/python3.10/site-packages/airflow/example_dags/tutorial_taskflow_api_virtualenv.py took 0.027 seconds
[2024-08-26T18:21:00.047-0700] {processor.py:186} INFO - Started process (PID=58400) to work on /home/jerson/airflow_venv/lib/python3.10/site-packages/airflow/example_dags/tutorial_taskflow_api_virtualenv.py
[2024-08-26T18:21:00.048-0700] {processor.py:914} INFO - Processing file /home/jerson/airflow_venv/lib/python3.10/site-packages/airflow/example_dags/tutorial_taskflow_api_virtualenv.py for tasks to queue
[2024-08-26T18:21:00.049-0700] {logging_mixin.py:190} INFO - [2024-08-26T18:21:00.049-0700] {dagbag.py:587} INFO - Filling up the DagBag from /home/jerson/airflow_venv/lib/python3.10/site-packages/airflow/example_dags/tutorial_taskflow_api_virtualenv.py
[2024-08-26T18:21:00.067-0700] {logging_mixin.py:190} INFO - [2024-08-26T18:21:00.067-0700] {tutorial_taskflow_api_virtualenv.py:29} WARNING - The tutorial_taskflow_api_virtualenv example DAG requires virtualenv, please install it.
[2024-08-26T18:21:00.067-0700] {processor.py:927} WARNING - No viable dags retrieved from /home/jerson/airflow_venv/lib/python3.10/site-packages/airflow/example_dags/tutorial_taskflow_api_virtualenv.py
[2024-08-26T18:21:00.074-0700] {processor.py:208} INFO - Processing /home/jerson/airflow_venv/lib/python3.10/site-packages/airflow/example_dags/tutorial_taskflow_api_virtualenv.py took 0.030 seconds
[2024-08-26T18:21:56.307-0700] {processor.py:186} INFO - Started process (PID=59182) to work on /home/jerson/airflow_venv/lib/python3.10/site-packages/airflow/example_dags/tutorial_taskflow_api_virtualenv.py
[2024-08-26T18:21:56.308-0700] {processor.py:914} INFO - Processing file /home/jerson/airflow_venv/lib/python3.10/site-packages/airflow/example_dags/tutorial_taskflow_api_virtualenv.py for tasks to queue
[2024-08-26T18:21:56.309-0700] {logging_mixin.py:190} INFO - [2024-08-26T18:21:56.309-0700] {dagbag.py:587} INFO - Filling up the DagBag from /home/jerson/airflow_venv/lib/python3.10/site-packages/airflow/example_dags/tutorial_taskflow_api_virtualenv.py
[2024-08-26T18:21:56.325-0700] {logging_mixin.py:190} INFO - [2024-08-26T18:21:56.325-0700] {tutorial_taskflow_api_virtualenv.py:29} WARNING - The tutorial_taskflow_api_virtualenv example DAG requires virtualenv, please install it.
[2024-08-26T18:21:56.326-0700] {processor.py:927} WARNING - No viable dags retrieved from /home/jerson/airflow_venv/lib/python3.10/site-packages/airflow/example_dags/tutorial_taskflow_api_virtualenv.py
[2024-08-26T18:21:56.332-0700] {processor.py:208} INFO - Processing /home/jerson/airflow_venv/lib/python3.10/site-packages/airflow/example_dags/tutorial_taskflow_api_virtualenv.py took 0.028 seconds
[2024-08-26T18:23:09.903-0700] {processor.py:186} INFO - Started process (PID=60063) to work on /home/jerson/airflow_venv/lib/python3.10/site-packages/airflow/example_dags/tutorial_taskflow_api_virtualenv.py
[2024-08-26T18:23:09.904-0700] {processor.py:914} INFO - Processing file /home/jerson/airflow_venv/lib/python3.10/site-packages/airflow/example_dags/tutorial_taskflow_api_virtualenv.py for tasks to queue
[2024-08-26T18:23:09.905-0700] {logging_mixin.py:190} INFO - [2024-08-26T18:23:09.905-0700] {dagbag.py:587} INFO - Filling up the DagBag from /home/jerson/airflow_venv/lib/python3.10/site-packages/airflow/example_dags/tutorial_taskflow_api_virtualenv.py
[2024-08-26T18:23:09.923-0700] {logging_mixin.py:190} INFO - [2024-08-26T18:23:09.923-0700] {tutorial_taskflow_api_virtualenv.py:29} WARNING - The tutorial_taskflow_api_virtualenv example DAG requires virtualenv, please install it.
[2024-08-26T18:23:09.923-0700] {processor.py:927} WARNING - No viable dags retrieved from /home/jerson/airflow_venv/lib/python3.10/site-packages/airflow/example_dags/tutorial_taskflow_api_virtualenv.py
[2024-08-26T18:23:09.929-0700] {processor.py:208} INFO - Processing /home/jerson/airflow_venv/lib/python3.10/site-packages/airflow/example_dags/tutorial_taskflow_api_virtualenv.py took 0.029 seconds
[2024-08-26T18:24:22.469-0700] {processor.py:186} INFO - Started process (PID=60692) to work on /home/jerson/airflow_venv/lib/python3.10/site-packages/airflow/example_dags/tutorial_taskflow_api_virtualenv.py
[2024-08-26T18:24:22.470-0700] {processor.py:914} INFO - Processing file /home/jerson/airflow_venv/lib/python3.10/site-packages/airflow/example_dags/tutorial_taskflow_api_virtualenv.py for tasks to queue
[2024-08-26T18:24:22.471-0700] {logging_mixin.py:190} INFO - [2024-08-26T18:24:22.470-0700] {dagbag.py:587} INFO - Filling up the DagBag from /home/jerson/airflow_venv/lib/python3.10/site-packages/airflow/example_dags/tutorial_taskflow_api_virtualenv.py
[2024-08-26T18:24:22.487-0700] {logging_mixin.py:190} INFO - [2024-08-26T18:24:22.487-0700] {tutorial_taskflow_api_virtualenv.py:29} WARNING - The tutorial_taskflow_api_virtualenv example DAG requires virtualenv, please install it.
[2024-08-26T18:24:22.487-0700] {processor.py:927} WARNING - No viable dags retrieved from /home/jerson/airflow_venv/lib/python3.10/site-packages/airflow/example_dags/tutorial_taskflow_api_virtualenv.py
[2024-08-26T18:24:22.493-0700] {processor.py:208} INFO - Processing /home/jerson/airflow_venv/lib/python3.10/site-packages/airflow/example_dags/tutorial_taskflow_api_virtualenv.py took 0.028 seconds
[2024-08-26T18:25:15.419-0700] {processor.py:186} INFO - Started process (PID=61115) to work on /home/jerson/airflow_venv/lib/python3.10/site-packages/airflow/example_dags/tutorial_taskflow_api_virtualenv.py
[2024-08-26T18:25:15.420-0700] {processor.py:914} INFO - Processing file /home/jerson/airflow_venv/lib/python3.10/site-packages/airflow/example_dags/tutorial_taskflow_api_virtualenv.py for tasks to queue
[2024-08-26T18:25:15.421-0700] {logging_mixin.py:190} INFO - [2024-08-26T18:25:15.420-0700] {dagbag.py:587} INFO - Filling up the DagBag from /home/jerson/airflow_venv/lib/python3.10/site-packages/airflow/example_dags/tutorial_taskflow_api_virtualenv.py
[2024-08-26T18:25:15.437-0700] {logging_mixin.py:190} INFO - [2024-08-26T18:25:15.437-0700] {tutorial_taskflow_api_virtualenv.py:29} WARNING - The tutorial_taskflow_api_virtualenv example DAG requires virtualenv, please install it.
[2024-08-26T18:25:15.438-0700] {processor.py:927} WARNING - No viable dags retrieved from /home/jerson/airflow_venv/lib/python3.10/site-packages/airflow/example_dags/tutorial_taskflow_api_virtualenv.py
[2024-08-26T18:25:15.444-0700] {processor.py:208} INFO - Processing /home/jerson/airflow_venv/lib/python3.10/site-packages/airflow/example_dags/tutorial_taskflow_api_virtualenv.py took 0.028 seconds
[2024-08-26T18:26:13.284-0700] {processor.py:186} INFO - Started process (PID=61978) to work on /home/jerson/airflow_venv/lib/python3.10/site-packages/airflow/example_dags/tutorial_taskflow_api_virtualenv.py
[2024-08-26T18:26:13.284-0700] {processor.py:914} INFO - Processing file /home/jerson/airflow_venv/lib/python3.10/site-packages/airflow/example_dags/tutorial_taskflow_api_virtualenv.py for tasks to queue
[2024-08-26T18:26:13.285-0700] {logging_mixin.py:190} INFO - [2024-08-26T18:26:13.285-0700] {dagbag.py:587} INFO - Filling up the DagBag from /home/jerson/airflow_venv/lib/python3.10/site-packages/airflow/example_dags/tutorial_taskflow_api_virtualenv.py
[2024-08-26T18:26:13.304-0700] {logging_mixin.py:190} INFO - [2024-08-26T18:26:13.304-0700] {tutorial_taskflow_api_virtualenv.py:29} WARNING - The tutorial_taskflow_api_virtualenv example DAG requires virtualenv, please install it.
[2024-08-26T18:26:13.304-0700] {processor.py:927} WARNING - No viable dags retrieved from /home/jerson/airflow_venv/lib/python3.10/site-packages/airflow/example_dags/tutorial_taskflow_api_virtualenv.py
[2024-08-26T18:26:13.310-0700] {processor.py:208} INFO - Processing /home/jerson/airflow_venv/lib/python3.10/site-packages/airflow/example_dags/tutorial_taskflow_api_virtualenv.py took 0.030 seconds
[2024-08-26T18:27:28.340-0700] {processor.py:186} INFO - Started process (PID=62641) to work on /home/jerson/airflow_venv/lib/python3.10/site-packages/airflow/example_dags/tutorial_taskflow_api_virtualenv.py
[2024-08-26T18:27:28.341-0700] {processor.py:914} INFO - Processing file /home/jerson/airflow_venv/lib/python3.10/site-packages/airflow/example_dags/tutorial_taskflow_api_virtualenv.py for tasks to queue
[2024-08-26T18:27:28.342-0700] {logging_mixin.py:190} INFO - [2024-08-26T18:27:28.342-0700] {dagbag.py:587} INFO - Filling up the DagBag from /home/jerson/airflow_venv/lib/python3.10/site-packages/airflow/example_dags/tutorial_taskflow_api_virtualenv.py
[2024-08-26T18:27:28.360-0700] {logging_mixin.py:190} INFO - [2024-08-26T18:27:28.360-0700] {tutorial_taskflow_api_virtualenv.py:29} WARNING - The tutorial_taskflow_api_virtualenv example DAG requires virtualenv, please install it.
[2024-08-26T18:27:28.360-0700] {processor.py:927} WARNING - No viable dags retrieved from /home/jerson/airflow_venv/lib/python3.10/site-packages/airflow/example_dags/tutorial_taskflow_api_virtualenv.py
[2024-08-26T18:27:28.367-0700] {processor.py:208} INFO - Processing /home/jerson/airflow_venv/lib/python3.10/site-packages/airflow/example_dags/tutorial_taskflow_api_virtualenv.py took 0.030 seconds
[2024-08-26T18:28:44.261-0700] {processor.py:186} INFO - Started process (PID=63247) to work on /home/jerson/airflow_venv/lib/python3.10/site-packages/airflow/example_dags/tutorial_taskflow_api_virtualenv.py
[2024-08-26T18:28:44.262-0700] {processor.py:914} INFO - Processing file /home/jerson/airflow_venv/lib/python3.10/site-packages/airflow/example_dags/tutorial_taskflow_api_virtualenv.py for tasks to queue
[2024-08-26T18:28:44.263-0700] {logging_mixin.py:190} INFO - [2024-08-26T18:28:44.263-0700] {dagbag.py:587} INFO - Filling up the DagBag from /home/jerson/airflow_venv/lib/python3.10/site-packages/airflow/example_dags/tutorial_taskflow_api_virtualenv.py
[2024-08-26T18:28:44.280-0700] {logging_mixin.py:190} INFO - [2024-08-26T18:28:44.280-0700] {tutorial_taskflow_api_virtualenv.py:29} WARNING - The tutorial_taskflow_api_virtualenv example DAG requires virtualenv, please install it.
[2024-08-26T18:28:44.281-0700] {processor.py:927} WARNING - No viable dags retrieved from /home/jerson/airflow_venv/lib/python3.10/site-packages/airflow/example_dags/tutorial_taskflow_api_virtualenv.py
[2024-08-26T18:28:44.287-0700] {processor.py:208} INFO - Processing /home/jerson/airflow_venv/lib/python3.10/site-packages/airflow/example_dags/tutorial_taskflow_api_virtualenv.py took 0.029 seconds
[2024-08-26T18:29:38.160-0700] {processor.py:186} INFO - Started process (PID=63674) to work on /home/jerson/airflow_venv/lib/python3.10/site-packages/airflow/example_dags/tutorial_taskflow_api_virtualenv.py
[2024-08-26T18:29:38.161-0700] {processor.py:914} INFO - Processing file /home/jerson/airflow_venv/lib/python3.10/site-packages/airflow/example_dags/tutorial_taskflow_api_virtualenv.py for tasks to queue
[2024-08-26T18:29:38.162-0700] {logging_mixin.py:190} INFO - [2024-08-26T18:29:38.162-0700] {dagbag.py:587} INFO - Filling up the DagBag from /home/jerson/airflow_venv/lib/python3.10/site-packages/airflow/example_dags/tutorial_taskflow_api_virtualenv.py
[2024-08-26T18:29:38.179-0700] {logging_mixin.py:190} INFO - [2024-08-26T18:29:38.179-0700] {tutorial_taskflow_api_virtualenv.py:29} WARNING - The tutorial_taskflow_api_virtualenv example DAG requires virtualenv, please install it.
[2024-08-26T18:29:38.179-0700] {processor.py:927} WARNING - No viable dags retrieved from /home/jerson/airflow_venv/lib/python3.10/site-packages/airflow/example_dags/tutorial_taskflow_api_virtualenv.py
[2024-08-26T18:29:38.185-0700] {processor.py:208} INFO - Processing /home/jerson/airflow_venv/lib/python3.10/site-packages/airflow/example_dags/tutorial_taskflow_api_virtualenv.py took 0.029 seconds
[2024-08-26T18:30:48.599-0700] {processor.py:186} INFO - Started process (PID=64265) to work on /home/jerson/airflow_venv/lib/python3.10/site-packages/airflow/example_dags/tutorial_taskflow_api_virtualenv.py
[2024-08-26T18:30:48.600-0700] {processor.py:914} INFO - Processing file /home/jerson/airflow_venv/lib/python3.10/site-packages/airflow/example_dags/tutorial_taskflow_api_virtualenv.py for tasks to queue
[2024-08-26T18:30:48.601-0700] {logging_mixin.py:190} INFO - [2024-08-26T18:30:48.601-0700] {dagbag.py:587} INFO - Filling up the DagBag from /home/jerson/airflow_venv/lib/python3.10/site-packages/airflow/example_dags/tutorial_taskflow_api_virtualenv.py
[2024-08-26T18:30:48.620-0700] {logging_mixin.py:190} INFO - [2024-08-26T18:30:48.620-0700] {tutorial_taskflow_api_virtualenv.py:29} WARNING - The tutorial_taskflow_api_virtualenv example DAG requires virtualenv, please install it.
[2024-08-26T18:30:48.620-0700] {processor.py:927} WARNING - No viable dags retrieved from /home/jerson/airflow_venv/lib/python3.10/site-packages/airflow/example_dags/tutorial_taskflow_api_virtualenv.py
[2024-08-26T18:30:48.626-0700] {processor.py:208} INFO - Processing /home/jerson/airflow_venv/lib/python3.10/site-packages/airflow/example_dags/tutorial_taskflow_api_virtualenv.py took 0.030 seconds
