[2024-08-26T15:45:11.314-0700] {processor.py:186} INFO - Started process (PID=17144) to work on /home/jerson/airflow/dags
[2024-08-26T15:45:11.315-0700] {processor.py:914} INFO - Processing file /home/jerson/airflow/dags for tasks to queue
[2024-08-26T15:45:11.316-0700] {logging_mixin.py:190} INFO - [2024-08-26T15:45:11.316-0700] {dagbag.py:587} INFO - Filling up the DagBag from /home/jerson/airflow/dags
[2024-08-26T15:45:11.321-0700] {processor.py:925} INFO - DAG(s) 'my-first-python-etl-dag' retrieved from /home/jerson/airflow/dags
[2024-08-26T15:45:11.388-0700] {logging_mixin.py:190} INFO - [2024-08-26T15:45:11.388-0700] {override.py:1900} INFO - Created Permission View: can edit on DAG:my-first-python-etl-dag
[2024-08-26T15:45:11.398-0700] {logging_mixin.py:190} INFO - [2024-08-26T15:45:11.398-0700] {override.py:1900} INFO - Created Permission View: can delete on DAG:my-first-python-etl-dag
[2024-08-26T15:45:11.407-0700] {logging_mixin.py:190} INFO - [2024-08-26T15:45:11.407-0700] {override.py:1900} INFO - Created Permission View: can read on DAG:my-first-python-etl-dag
[2024-08-26T15:45:11.423-0700] {logging_mixin.py:190} INFO - [2024-08-26T15:45:11.423-0700] {override.py:1900} INFO - Created Permission View: can delete on DAG Run:my-first-python-etl-dag
[2024-08-26T15:45:11.433-0700] {logging_mixin.py:190} INFO - [2024-08-26T15:45:11.432-0700] {override.py:1900} INFO - Created Permission View: menu access on DAG Run:my-first-python-etl-dag
[2024-08-26T15:45:11.441-0700] {logging_mixin.py:190} INFO - [2024-08-26T15:45:11.441-0700] {override.py:1900} INFO - Created Permission View: can create on DAG Run:my-first-python-etl-dag
[2024-08-26T15:45:11.451-0700] {logging_mixin.py:190} INFO - [2024-08-26T15:45:11.451-0700] {override.py:1900} INFO - Created Permission View: can read on DAG Run:my-first-python-etl-dag
[2024-08-26T15:45:11.452-0700] {logging_mixin.py:190} INFO - [2024-08-26T15:45:11.452-0700] {dag.py:3211} INFO - Sync 1 DAGs
[2024-08-26T15:45:11.459-0700] {logging_mixin.py:190} INFO - [2024-08-26T15:45:11.459-0700] {dag.py:3234} INFO - Creating ORM DAG for my-first-python-etl-dag
[2024-08-26T15:45:11.464-0700] {logging_mixin.py:190} INFO - [2024-08-26T15:45:11.464-0700] {dag.py:4138} INFO - Setting next_dagrun for my-first-python-etl-dag to 2024-08-26 00:00:00+00:00, run_after=2024-08-27 00:00:00+00:00
[2024-08-26T15:45:11.484-0700] {processor.py:208} INFO - Processing /home/jerson/airflow/dags took 0.173 seconds
[2024-08-26T15:45:50.769-0700] {processor.py:186} INFO - Started process (PID=17504) to work on /home/jerson/airflow/dags
[2024-08-26T15:45:50.770-0700] {processor.py:914} INFO - Processing file /home/jerson/airflow/dags for tasks to queue
[2024-08-26T15:45:50.771-0700] {logging_mixin.py:190} INFO - [2024-08-26T15:45:50.771-0700] {dagbag.py:587} INFO - Filling up the DagBag from /home/jerson/airflow/dags
[2024-08-26T15:45:50.775-0700] {processor.py:925} INFO - DAG(s) 'my-first-python-etl-dag' retrieved from /home/jerson/airflow/dags
[2024-08-26T15:45:50.785-0700] {logging_mixin.py:190} INFO - [2024-08-26T15:45:50.785-0700] {dag.py:3211} INFO - Sync 1 DAGs
[2024-08-26T15:45:50.795-0700] {logging_mixin.py:190} INFO - [2024-08-26T15:45:50.795-0700] {dag.py:4138} INFO - Setting next_dagrun for my-first-python-etl-dag to 2024-08-26 00:00:00+00:00, run_after=2024-08-27 00:00:00+00:00
[2024-08-26T15:45:50.812-0700] {processor.py:208} INFO - Processing /home/jerson/airflow/dags took 0.046 seconds
[2024-08-26T15:46:44.081-0700] {processor.py:186} INFO - Started process (PID=17989) to work on /home/jerson/airflow/dags
[2024-08-26T15:46:44.082-0700] {processor.py:914} INFO - Processing file /home/jerson/airflow/dags for tasks to queue
[2024-08-26T15:46:44.083-0700] {logging_mixin.py:190} INFO - [2024-08-26T15:46:44.083-0700] {dagbag.py:587} INFO - Filling up the DagBag from /home/jerson/airflow/dags
[2024-08-26T15:46:44.087-0700] {processor.py:925} INFO - DAG(s) 'my-first-python-etl-dag' retrieved from /home/jerson/airflow/dags
[2024-08-26T15:46:44.096-0700] {logging_mixin.py:190} INFO - [2024-08-26T15:46:44.096-0700] {dag.py:3211} INFO - Sync 1 DAGs
[2024-08-26T15:46:44.106-0700] {logging_mixin.py:190} INFO - [2024-08-26T15:46:44.106-0700] {dag.py:4138} INFO - Setting next_dagrun for my-first-python-etl-dag to 2024-08-26 00:00:00+00:00, run_after=2024-08-27 00:00:00+00:00
[2024-08-26T15:46:44.122-0700] {processor.py:208} INFO - Processing /home/jerson/airflow/dags took 0.045 seconds
[2024-08-26T15:47:35.475-0700] {processor.py:186} INFO - Started process (PID=18429) to work on /home/jerson/airflow/dags
[2024-08-26T15:47:35.476-0700] {processor.py:914} INFO - Processing file /home/jerson/airflow/dags for tasks to queue
[2024-08-26T15:47:35.477-0700] {logging_mixin.py:190} INFO - [2024-08-26T15:47:35.477-0700] {dagbag.py:587} INFO - Filling up the DagBag from /home/jerson/airflow/dags
[2024-08-26T15:47:35.482-0700] {processor.py:925} INFO - DAG(s) 'my-first-python-etl-dag' retrieved from /home/jerson/airflow/dags
[2024-08-26T15:47:35.491-0700] {logging_mixin.py:190} INFO - [2024-08-26T15:47:35.491-0700] {dag.py:3211} INFO - Sync 1 DAGs
[2024-08-26T15:47:35.503-0700] {logging_mixin.py:190} INFO - [2024-08-26T15:47:35.502-0700] {dag.py:4138} INFO - Setting next_dagrun for my-first-python-etl-dag to 2024-08-26 00:00:00+00:00, run_after=2024-08-27 00:00:00+00:00
[2024-08-26T15:47:35.517-0700] {processor.py:208} INFO - Processing /home/jerson/airflow/dags took 0.047 seconds
[2024-08-26T15:48:24.546-0700] {processor.py:186} INFO - Started process (PID=18889) to work on /home/jerson/airflow/dags
[2024-08-26T15:48:24.547-0700] {processor.py:914} INFO - Processing file /home/jerson/airflow/dags for tasks to queue
[2024-08-26T15:48:24.548-0700] {logging_mixin.py:190} INFO - [2024-08-26T15:48:24.548-0700] {dagbag.py:587} INFO - Filling up the DagBag from /home/jerson/airflow/dags
[2024-08-26T15:48:24.552-0700] {processor.py:925} INFO - DAG(s) 'my-first-python-etl-dag' retrieved from /home/jerson/airflow/dags
[2024-08-26T15:48:24.561-0700] {logging_mixin.py:190} INFO - [2024-08-26T15:48:24.561-0700] {dag.py:3211} INFO - Sync 1 DAGs
[2024-08-26T15:48:24.573-0700] {logging_mixin.py:190} INFO - [2024-08-26T15:48:24.573-0700] {dag.py:4138} INFO - Setting next_dagrun for my-first-python-etl-dag to 2024-08-26 00:00:00+00:00, run_after=2024-08-27 00:00:00+00:00
[2024-08-26T15:48:24.590-0700] {processor.py:208} INFO - Processing /home/jerson/airflow/dags took 0.048 seconds
[2024-08-26T15:49:14.731-0700] {processor.py:186} INFO - Started process (PID=19639) to work on /home/jerson/airflow/dags
[2024-08-26T15:49:14.732-0700] {processor.py:914} INFO - Processing file /home/jerson/airflow/dags for tasks to queue
[2024-08-26T15:49:14.733-0700] {logging_mixin.py:190} INFO - [2024-08-26T15:49:14.733-0700] {dagbag.py:587} INFO - Filling up the DagBag from /home/jerson/airflow/dags
[2024-08-26T15:49:14.738-0700] {processor.py:925} INFO - DAG(s) 'my-first-python-etl-dag' retrieved from /home/jerson/airflow/dags
[2024-08-26T15:49:14.748-0700] {logging_mixin.py:190} INFO - [2024-08-26T15:49:14.747-0700] {dag.py:3211} INFO - Sync 1 DAGs
[2024-08-26T15:49:14.759-0700] {logging_mixin.py:190} INFO - [2024-08-26T15:49:14.758-0700] {dag.py:4138} INFO - Setting next_dagrun for my-first-python-etl-dag to 2024-08-26 00:00:00+00:00, run_after=2024-08-27 00:00:00+00:00
[2024-08-26T15:49:14.774-0700] {processor.py:208} INFO - Processing /home/jerson/airflow/dags took 0.048 seconds
[2024-08-26T15:50:02.689-0700] {processor.py:186} INFO - Started process (PID=20134) to work on /home/jerson/airflow/dags
[2024-08-26T15:50:02.690-0700] {processor.py:914} INFO - Processing file /home/jerson/airflow/dags for tasks to queue
[2024-08-26T15:50:02.691-0700] {logging_mixin.py:190} INFO - [2024-08-26T15:50:02.691-0700] {dagbag.py:587} INFO - Filling up the DagBag from /home/jerson/airflow/dags
[2024-08-26T15:50:02.697-0700] {processor.py:925} INFO - DAG(s) 'my-first-python-etl-dag' retrieved from /home/jerson/airflow/dags
[2024-08-26T15:50:02.709-0700] {logging_mixin.py:190} INFO - [2024-08-26T15:50:02.709-0700] {dag.py:3211} INFO - Sync 1 DAGs
[2024-08-26T15:50:02.720-0700] {logging_mixin.py:190} INFO - [2024-08-26T15:50:02.720-0700] {dag.py:4138} INFO - Setting next_dagrun for my-first-python-etl-dag to 2024-08-26 00:00:00+00:00, run_after=2024-08-27 00:00:00+00:00
[2024-08-26T15:50:02.736-0700] {processor.py:208} INFO - Processing /home/jerson/airflow/dags took 0.051 seconds
[2024-08-26T15:50:04.838-0700] {processor.py:186} INFO - Started process (PID=20174) to work on /home/jerson/airflow/dags
[2024-08-26T15:50:04.839-0700] {processor.py:914} INFO - Processing file /home/jerson/airflow/dags for tasks to queue
[2024-08-26T15:50:04.840-0700] {logging_mixin.py:190} INFO - [2024-08-26T15:50:04.839-0700] {dagbag.py:587} INFO - Filling up the DagBag from /home/jerson/airflow/dags
[2024-08-26T15:50:04.846-0700] {processor.py:925} INFO - DAG(s) 'my-first-python-etl-dag' retrieved from /home/jerson/airflow/dags
[2024-08-26T15:50:04.859-0700] {logging_mixin.py:190} INFO - [2024-08-26T15:50:04.859-0700] {dag.py:3211} INFO - Sync 1 DAGs
[2024-08-26T15:50:04.871-0700] {logging_mixin.py:190} INFO - [2024-08-26T15:50:04.871-0700] {dag.py:4138} INFO - Setting next_dagrun for my-first-python-etl-dag to 2024-08-26 00:00:00+00:00, run_after=2024-08-27 00:00:00+00:00
[2024-08-26T15:50:04.887-0700] {processor.py:208} INFO - Processing /home/jerson/airflow/dags took 0.056 seconds
[2024-08-26T15:50:51.073-0700] {processor.py:186} INFO - Started process (PID=20717) to work on /home/jerson/airflow/dags
[2024-08-26T15:50:51.074-0700] {processor.py:914} INFO - Processing file /home/jerson/airflow/dags for tasks to queue
[2024-08-26T15:50:51.075-0700] {logging_mixin.py:190} INFO - [2024-08-26T15:50:51.074-0700] {dagbag.py:587} INFO - Filling up the DagBag from /home/jerson/airflow/dags
[2024-08-26T15:50:51.079-0700] {processor.py:925} INFO - DAG(s) 'my-first-python-etl-dag' retrieved from /home/jerson/airflow/dags
[2024-08-26T15:50:51.088-0700] {logging_mixin.py:190} INFO - [2024-08-26T15:50:51.088-0700] {dag.py:3211} INFO - Sync 1 DAGs
[2024-08-26T15:50:51.100-0700] {logging_mixin.py:190} INFO - [2024-08-26T15:50:51.100-0700] {dag.py:4138} INFO - Setting next_dagrun for my-first-python-etl-dag to 2024-08-26 00:00:00+00:00, run_after=2024-08-27 00:00:00+00:00
[2024-08-26T15:50:51.115-0700] {processor.py:208} INFO - Processing /home/jerson/airflow/dags took 0.047 seconds
[2024-08-26T15:50:57.260-0700] {processor.py:186} INFO - Started process (PID=20814) to work on /home/jerson/airflow/dags
[2024-08-26T15:50:57.261-0700] {processor.py:914} INFO - Processing file /home/jerson/airflow/dags for tasks to queue
[2024-08-26T15:50:57.262-0700] {logging_mixin.py:190} INFO - [2024-08-26T15:50:57.262-0700] {dagbag.py:587} INFO - Filling up the DagBag from /home/jerson/airflow/dags
[2024-08-26T15:50:57.267-0700] {processor.py:925} INFO - DAG(s) 'my-first-python-etl-dag' retrieved from /home/jerson/airflow/dags
[2024-08-26T15:50:57.278-0700] {logging_mixin.py:190} INFO - [2024-08-26T15:50:57.278-0700] {dag.py:3211} INFO - Sync 1 DAGs
[2024-08-26T15:50:57.291-0700] {logging_mixin.py:190} INFO - [2024-08-26T15:50:57.291-0700] {dag.py:4138} INFO - Setting next_dagrun for my-first-python-etl-dag to 2024-08-26 00:00:00+00:00, run_after=2024-08-27 00:00:00+00:00
[2024-08-26T15:50:57.307-0700] {processor.py:208} INFO - Processing /home/jerson/airflow/dags took 0.051 seconds
[2024-08-26T15:51:45.199-0700] {processor.py:186} INFO - Started process (PID=21352) to work on /home/jerson/airflow/dags
[2024-08-26T15:51:45.200-0700] {processor.py:914} INFO - Processing file /home/jerson/airflow/dags for tasks to queue
[2024-08-26T15:51:45.201-0700] {logging_mixin.py:190} INFO - [2024-08-26T15:51:45.201-0700] {dagbag.py:587} INFO - Filling up the DagBag from /home/jerson/airflow/dags
[2024-08-26T15:51:45.206-0700] {processor.py:925} INFO - DAG(s) 'my-first-python-etl-dag' retrieved from /home/jerson/airflow/dags
[2024-08-26T15:51:45.216-0700] {logging_mixin.py:190} INFO - [2024-08-26T15:51:45.215-0700] {dag.py:3211} INFO - Sync 1 DAGs
[2024-08-26T15:51:45.227-0700] {logging_mixin.py:190} INFO - [2024-08-26T15:51:45.227-0700] {dag.py:4138} INFO - Setting next_dagrun for my-first-python-etl-dag to 2024-08-26 00:00:00+00:00, run_after=2024-08-27 00:00:00+00:00
[2024-08-26T15:51:45.243-0700] {processor.py:208} INFO - Processing /home/jerson/airflow/dags took 0.047 seconds
[2024-08-26T15:52:31.457-0700] {processor.py:186} INFO - Started process (PID=21790) to work on /home/jerson/airflow/dags
[2024-08-26T15:52:31.458-0700] {processor.py:914} INFO - Processing file /home/jerson/airflow/dags for tasks to queue
[2024-08-26T15:52:31.459-0700] {logging_mixin.py:190} INFO - [2024-08-26T15:52:31.459-0700] {dagbag.py:587} INFO - Filling up the DagBag from /home/jerson/airflow/dags
[2024-08-26T15:52:31.463-0700] {processor.py:925} INFO - DAG(s) 'my-first-python-etl-dag' retrieved from /home/jerson/airflow/dags
[2024-08-26T15:52:31.473-0700] {logging_mixin.py:190} INFO - [2024-08-26T15:52:31.473-0700] {dag.py:3211} INFO - Sync 1 DAGs
[2024-08-26T15:52:31.485-0700] {logging_mixin.py:190} INFO - [2024-08-26T15:52:31.484-0700] {dag.py:4138} INFO - Setting next_dagrun for my-first-python-etl-dag to 2024-08-26 00:00:00+00:00, run_after=2024-08-27 00:00:00+00:00
[2024-08-26T15:52:31.499-0700] {processor.py:208} INFO - Processing /home/jerson/airflow/dags took 0.046 seconds
[2024-08-26T15:53:22.741-0700] {processor.py:186} INFO - Started process (PID=22286) to work on /home/jerson/airflow/dags
[2024-08-26T15:53:22.742-0700] {processor.py:914} INFO - Processing file /home/jerson/airflow/dags for tasks to queue
[2024-08-26T15:53:22.743-0700] {logging_mixin.py:190} INFO - [2024-08-26T15:53:22.743-0700] {dagbag.py:587} INFO - Filling up the DagBag from /home/jerson/airflow/dags
[2024-08-26T15:53:22.747-0700] {processor.py:925} INFO - DAG(s) 'my-first-python-etl-dag' retrieved from /home/jerson/airflow/dags
[2024-08-26T15:53:22.757-0700] {logging_mixin.py:190} INFO - [2024-08-26T15:53:22.757-0700] {dag.py:3211} INFO - Sync 1 DAGs
[2024-08-26T15:53:22.768-0700] {logging_mixin.py:190} INFO - [2024-08-26T15:53:22.768-0700] {dag.py:4138} INFO - Setting next_dagrun for my-first-python-etl-dag to 2024-08-26 00:00:00+00:00, run_after=2024-08-27 00:00:00+00:00
[2024-08-26T15:53:22.785-0700] {processor.py:208} INFO - Processing /home/jerson/airflow/dags took 0.046 seconds
[2024-08-26T15:53:54.606-0700] {processor.py:186} INFO - Started process (PID=22571) to work on /home/jerson/airflow/dags
[2024-08-26T15:53:54.607-0700] {processor.py:914} INFO - Processing file /home/jerson/airflow/dags for tasks to queue
[2024-08-26T15:53:54.608-0700] {logging_mixin.py:190} INFO - [2024-08-26T15:53:54.608-0700] {dagbag.py:587} INFO - Filling up the DagBag from /home/jerson/airflow/dags
[2024-08-26T15:53:54.614-0700] {processor.py:925} INFO - DAG(s) 'my-first-python-etl-dag' retrieved from /home/jerson/airflow/dags
[2024-08-26T15:53:54.627-0700] {logging_mixin.py:190} INFO - [2024-08-26T15:53:54.626-0700] {dag.py:3211} INFO - Sync 1 DAGs
[2024-08-26T15:53:54.638-0700] {logging_mixin.py:190} INFO - [2024-08-26T15:53:54.637-0700] {dag.py:4138} INFO - Setting next_dagrun for my-first-python-etl-dag to 2024-08-26 00:00:00+00:00, run_after=2024-08-27 00:00:00+00:00
[2024-08-26T15:53:54.654-0700] {processor.py:208} INFO - Processing /home/jerson/airflow/dags took 0.051 seconds
[2024-08-26T15:55:09.309-0700] {processor.py:186} INFO - Started process (PID=23262) to work on /home/jerson/airflow/dags
[2024-08-26T15:55:09.310-0700] {processor.py:914} INFO - Processing file /home/jerson/airflow/dags for tasks to queue
[2024-08-26T15:55:09.311-0700] {logging_mixin.py:190} INFO - [2024-08-26T15:55:09.311-0700] {dagbag.py:587} INFO - Filling up the DagBag from /home/jerson/airflow/dags
[2024-08-26T15:55:09.317-0700] {processor.py:925} INFO - DAG(s) 'my-first-python-etl-dag' retrieved from /home/jerson/airflow/dags
[2024-08-26T15:55:09.329-0700] {logging_mixin.py:190} INFO - [2024-08-26T15:55:09.329-0700] {dag.py:3211} INFO - Sync 1 DAGs
[2024-08-26T15:55:09.341-0700] {logging_mixin.py:190} INFO - [2024-08-26T15:55:09.341-0700] {dag.py:4138} INFO - Setting next_dagrun for my-first-python-etl-dag to 2024-08-26 00:00:00+00:00, run_after=2024-08-27 00:00:00+00:00
[2024-08-26T15:55:09.357-0700] {processor.py:208} INFO - Processing /home/jerson/airflow/dags took 0.051 seconds
[2024-08-26T15:56:03.862-0700] {processor.py:186} INFO - Started process (PID=23823) to work on /home/jerson/airflow/dags
[2024-08-26T15:56:03.863-0700] {processor.py:914} INFO - Processing file /home/jerson/airflow/dags for tasks to queue
[2024-08-26T15:56:03.864-0700] {logging_mixin.py:190} INFO - [2024-08-26T15:56:03.864-0700] {dagbag.py:587} INFO - Filling up the DagBag from /home/jerson/airflow/dags
[2024-08-26T15:56:03.868-0700] {processor.py:925} INFO - DAG(s) 'my-first-python-etl-dag' retrieved from /home/jerson/airflow/dags
[2024-08-26T15:56:03.877-0700] {logging_mixin.py:190} INFO - [2024-08-26T15:56:03.877-0700] {dag.py:3211} INFO - Sync 1 DAGs
[2024-08-26T15:56:03.888-0700] {logging_mixin.py:190} INFO - [2024-08-26T15:56:03.888-0700] {dag.py:4138} INFO - Setting next_dagrun for my-first-python-etl-dag to 2024-08-26 00:00:00+00:00, run_after=2024-08-27 00:00:00+00:00
[2024-08-26T15:56:03.903-0700] {processor.py:208} INFO - Processing /home/jerson/airflow/dags took 0.044 seconds
[2024-08-26T15:56:52.896-0700] {processor.py:186} INFO - Started process (PID=24454) to work on /home/jerson/airflow/dags
[2024-08-26T15:56:52.897-0700] {processor.py:914} INFO - Processing file /home/jerson/airflow/dags for tasks to queue
[2024-08-26T15:56:52.898-0700] {logging_mixin.py:190} INFO - [2024-08-26T15:56:52.898-0700] {dagbag.py:587} INFO - Filling up the DagBag from /home/jerson/airflow/dags
[2024-08-26T15:56:52.902-0700] {processor.py:925} INFO - DAG(s) 'my-first-python-etl-dag' retrieved from /home/jerson/airflow/dags
[2024-08-26T15:56:52.912-0700] {logging_mixin.py:190} INFO - [2024-08-26T15:56:52.911-0700] {dag.py:3211} INFO - Sync 1 DAGs
[2024-08-26T15:56:52.923-0700] {logging_mixin.py:190} INFO - [2024-08-26T15:56:52.923-0700] {dag.py:4138} INFO - Setting next_dagrun for my-first-python-etl-dag to 2024-08-26 00:00:00+00:00, run_after=2024-08-27 00:00:00+00:00
[2024-08-26T15:56:52.938-0700] {processor.py:208} INFO - Processing /home/jerson/airflow/dags took 0.045 seconds
[2024-08-26T15:57:53.555-0700] {processor.py:186} INFO - Started process (PID=25158) to work on /home/jerson/airflow/dags
[2024-08-26T15:57:53.556-0700] {processor.py:914} INFO - Processing file /home/jerson/airflow/dags for tasks to queue
[2024-08-26T15:57:53.557-0700] {logging_mixin.py:190} INFO - [2024-08-26T15:57:53.557-0700] {dagbag.py:587} INFO - Filling up the DagBag from /home/jerson/airflow/dags
[2024-08-26T15:57:53.561-0700] {processor.py:925} INFO - DAG(s) 'my-first-python-etl-dag' retrieved from /home/jerson/airflow/dags
[2024-08-26T15:57:53.570-0700] {logging_mixin.py:190} INFO - [2024-08-26T15:57:53.569-0700] {dag.py:3211} INFO - Sync 1 DAGs
[2024-08-26T15:57:53.581-0700] {logging_mixin.py:190} INFO - [2024-08-26T15:57:53.580-0700] {dag.py:4138} INFO - Setting next_dagrun for my-first-python-etl-dag to 2024-08-26 00:00:00+00:00, run_after=2024-08-27 00:00:00+00:00
[2024-08-26T15:57:53.596-0700] {processor.py:208} INFO - Processing /home/jerson/airflow/dags took 0.045 seconds
[2024-08-26T15:58:45.304-0700] {processor.py:186} INFO - Started process (PID=25573) to work on /home/jerson/airflow/dags
[2024-08-26T15:58:45.305-0700] {processor.py:914} INFO - Processing file /home/jerson/airflow/dags for tasks to queue
[2024-08-26T15:58:45.306-0700] {logging_mixin.py:190} INFO - [2024-08-26T15:58:45.306-0700] {dagbag.py:587} INFO - Filling up the DagBag from /home/jerson/airflow/dags
[2024-08-26T15:58:45.311-0700] {processor.py:925} INFO - DAG(s) 'my-first-python-etl-dag' retrieved from /home/jerson/airflow/dags
[2024-08-26T15:58:45.320-0700] {logging_mixin.py:190} INFO - [2024-08-26T15:58:45.320-0700] {dag.py:3211} INFO - Sync 1 DAGs
[2024-08-26T15:58:45.330-0700] {logging_mixin.py:190} INFO - [2024-08-26T15:58:45.330-0700] {dag.py:4138} INFO - Setting next_dagrun for my-first-python-etl-dag to 2024-08-26 00:00:00+00:00, run_after=2024-08-27 00:00:00+00:00
[2024-08-26T15:58:45.346-0700] {processor.py:208} INFO - Processing /home/jerson/airflow/dags took 0.045 seconds
[2024-08-26T15:59:31.996-0700] {processor.py:186} INFO - Started process (PID=25947) to work on /home/jerson/airflow/dags
[2024-08-26T15:59:31.997-0700] {processor.py:914} INFO - Processing file /home/jerson/airflow/dags for tasks to queue
[2024-08-26T15:59:31.999-0700] {logging_mixin.py:190} INFO - [2024-08-26T15:59:31.998-0700] {dagbag.py:587} INFO - Filling up the DagBag from /home/jerson/airflow/dags
[2024-08-26T15:59:32.003-0700] {processor.py:925} INFO - DAG(s) 'my-first-python-etl-dag' retrieved from /home/jerson/airflow/dags
[2024-08-26T15:59:32.012-0700] {logging_mixin.py:190} INFO - [2024-08-26T15:59:32.012-0700] {dag.py:3211} INFO - Sync 1 DAGs
[2024-08-26T15:59:32.023-0700] {logging_mixin.py:190} INFO - [2024-08-26T15:59:32.022-0700] {dag.py:4138} INFO - Setting next_dagrun for my-first-python-etl-dag to 2024-08-26 00:00:00+00:00, run_after=2024-08-27 00:00:00+00:00
[2024-08-26T15:59:32.038-0700] {processor.py:208} INFO - Processing /home/jerson/airflow/dags took 0.044 seconds
[2024-08-26T16:00:18.788-0700] {processor.py:186} INFO - Started process (PID=26349) to work on /home/jerson/airflow/dags
[2024-08-26T16:00:18.789-0700] {processor.py:914} INFO - Processing file /home/jerson/airflow/dags for tasks to queue
[2024-08-26T16:00:18.790-0700] {logging_mixin.py:190} INFO - [2024-08-26T16:00:18.790-0700] {dagbag.py:587} INFO - Filling up the DagBag from /home/jerson/airflow/dags
[2024-08-26T16:00:18.794-0700] {processor.py:925} INFO - DAG(s) 'my-first-python-etl-dag' retrieved from /home/jerson/airflow/dags
[2024-08-26T16:00:18.803-0700] {logging_mixin.py:190} INFO - [2024-08-26T16:00:18.803-0700] {dag.py:3211} INFO - Sync 1 DAGs
[2024-08-26T16:00:18.814-0700] {logging_mixin.py:190} INFO - [2024-08-26T16:00:18.814-0700] {dag.py:4138} INFO - Setting next_dagrun for my-first-python-etl-dag to 2024-08-26 00:00:00+00:00, run_after=2024-08-27 00:00:00+00:00
[2024-08-26T16:00:18.830-0700] {processor.py:208} INFO - Processing /home/jerson/airflow/dags took 0.045 seconds
[2024-08-26T16:01:04.938-0700] {processor.py:186} INFO - Started process (PID=26712) to work on /home/jerson/airflow/dags
[2024-08-26T16:01:04.939-0700] {processor.py:914} INFO - Processing file /home/jerson/airflow/dags for tasks to queue
[2024-08-26T16:01:04.940-0700] {logging_mixin.py:190} INFO - [2024-08-26T16:01:04.940-0700] {dagbag.py:587} INFO - Filling up the DagBag from /home/jerson/airflow/dags
[2024-08-26T16:01:04.945-0700] {processor.py:925} INFO - DAG(s) 'my-first-python-etl-dag' retrieved from /home/jerson/airflow/dags
[2024-08-26T16:01:04.953-0700] {logging_mixin.py:190} INFO - [2024-08-26T16:01:04.953-0700] {dag.py:3211} INFO - Sync 1 DAGs
[2024-08-26T16:01:04.964-0700] {logging_mixin.py:190} INFO - [2024-08-26T16:01:04.964-0700] {dag.py:4138} INFO - Setting next_dagrun for my-first-python-etl-dag to 2024-08-26 00:00:00+00:00, run_after=2024-08-27 00:00:00+00:00
[2024-08-26T16:01:04.978-0700] {processor.py:208} INFO - Processing /home/jerson/airflow/dags took 0.044 seconds
[2024-08-26T16:01:53.406-0700] {processor.py:186} INFO - Started process (PID=27098) to work on /home/jerson/airflow/dags
[2024-08-26T16:01:53.406-0700] {processor.py:914} INFO - Processing file /home/jerson/airflow/dags for tasks to queue
[2024-08-26T16:01:53.408-0700] {logging_mixin.py:190} INFO - [2024-08-26T16:01:53.407-0700] {dagbag.py:587} INFO - Filling up the DagBag from /home/jerson/airflow/dags
[2024-08-26T16:01:53.412-0700] {processor.py:925} INFO - DAG(s) 'my-first-python-etl-dag' retrieved from /home/jerson/airflow/dags
[2024-08-26T16:01:53.421-0700] {logging_mixin.py:190} INFO - [2024-08-26T16:01:53.420-0700] {dag.py:3211} INFO - Sync 1 DAGs
[2024-08-26T16:01:53.436-0700] {logging_mixin.py:190} INFO - [2024-08-26T16:01:53.436-0700] {dag.py:4138} INFO - Setting next_dagrun for my-first-python-etl-dag to 2024-08-26 00:00:00+00:00, run_after=2024-08-27 00:00:00+00:00
[2024-08-26T16:01:53.451-0700] {processor.py:208} INFO - Processing /home/jerson/airflow/dags took 0.049 seconds
[2024-08-26T16:02:45.076-0700] {processor.py:186} INFO - Started process (PID=27513) to work on /home/jerson/airflow/dags
[2024-08-26T16:02:45.077-0700] {processor.py:914} INFO - Processing file /home/jerson/airflow/dags for tasks to queue
[2024-08-26T16:02:45.078-0700] {logging_mixin.py:190} INFO - [2024-08-26T16:02:45.078-0700] {dagbag.py:587} INFO - Filling up the DagBag from /home/jerson/airflow/dags
[2024-08-26T16:02:45.082-0700] {processor.py:925} INFO - DAG(s) 'my-first-python-etl-dag' retrieved from /home/jerson/airflow/dags
[2024-08-26T16:02:45.092-0700] {logging_mixin.py:190} INFO - [2024-08-26T16:02:45.091-0700] {dag.py:3211} INFO - Sync 1 DAGs
[2024-08-26T16:02:45.102-0700] {logging_mixin.py:190} INFO - [2024-08-26T16:02:45.102-0700] {dag.py:4138} INFO - Setting next_dagrun for my-first-python-etl-dag to 2024-08-26 00:00:00+00:00, run_after=2024-08-27 00:00:00+00:00
[2024-08-26T16:02:45.119-0700] {processor.py:208} INFO - Processing /home/jerson/airflow/dags took 0.046 seconds
[2024-08-26T16:03:33.881-0700] {processor.py:186} INFO - Started process (PID=27901) to work on /home/jerson/airflow/dags
[2024-08-26T16:03:33.882-0700] {processor.py:914} INFO - Processing file /home/jerson/airflow/dags for tasks to queue
[2024-08-26T16:03:33.883-0700] {logging_mixin.py:190} INFO - [2024-08-26T16:03:33.883-0700] {dagbag.py:587} INFO - Filling up the DagBag from /home/jerson/airflow/dags
[2024-08-26T16:03:33.888-0700] {processor.py:925} INFO - DAG(s) 'my-first-python-etl-dag' retrieved from /home/jerson/airflow/dags
[2024-08-26T16:03:33.897-0700] {logging_mixin.py:190} INFO - [2024-08-26T16:03:33.897-0700] {dag.py:3211} INFO - Sync 1 DAGs
[2024-08-26T16:03:33.907-0700] {logging_mixin.py:190} INFO - [2024-08-26T16:03:33.907-0700] {dag.py:4138} INFO - Setting next_dagrun for my-first-python-etl-dag to 2024-08-26 00:00:00+00:00, run_after=2024-08-27 00:00:00+00:00
[2024-08-26T16:03:33.922-0700] {processor.py:208} INFO - Processing /home/jerson/airflow/dags took 0.044 seconds
[2024-08-26T16:04:23.771-0700] {processor.py:186} INFO - Started process (PID=28294) to work on /home/jerson/airflow/dags
[2024-08-26T16:04:23.772-0700] {processor.py:914} INFO - Processing file /home/jerson/airflow/dags for tasks to queue
[2024-08-26T16:04:23.773-0700] {logging_mixin.py:190} INFO - [2024-08-26T16:04:23.772-0700] {dagbag.py:587} INFO - Filling up the DagBag from /home/jerson/airflow/dags
[2024-08-26T16:04:23.777-0700] {processor.py:925} INFO - DAG(s) 'my-first-python-etl-dag' retrieved from /home/jerson/airflow/dags
[2024-08-26T16:04:23.786-0700] {logging_mixin.py:190} INFO - [2024-08-26T16:04:23.786-0700] {dag.py:3211} INFO - Sync 1 DAGs
[2024-08-26T16:04:23.796-0700] {logging_mixin.py:190} INFO - [2024-08-26T16:04:23.796-0700] {dag.py:4138} INFO - Setting next_dagrun for my-first-python-etl-dag to 2024-08-26 00:00:00+00:00, run_after=2024-08-27 00:00:00+00:00
[2024-08-26T16:04:23.831-0700] {processor.py:208} INFO - Processing /home/jerson/airflow/dags took 0.064 seconds
[2024-08-26T16:05:11.395-0700] {processor.py:186} INFO - Started process (PID=28696) to work on /home/jerson/airflow/dags
[2024-08-26T16:05:11.398-0700] {processor.py:914} INFO - Processing file /home/jerson/airflow/dags for tasks to queue
[2024-08-26T16:05:11.400-0700] {logging_mixin.py:190} INFO - [2024-08-26T16:05:11.399-0700] {dagbag.py:587} INFO - Filling up the DagBag from /home/jerson/airflow/dags
[2024-08-26T16:05:11.404-0700] {processor.py:925} INFO - DAG(s) 'my-first-python-etl-dag' retrieved from /home/jerson/airflow/dags
[2024-08-26T16:05:11.413-0700] {logging_mixin.py:190} INFO - [2024-08-26T16:05:11.413-0700] {dag.py:3211} INFO - Sync 1 DAGs
[2024-08-26T16:05:11.423-0700] {logging_mixin.py:190} INFO - [2024-08-26T16:05:11.423-0700] {dag.py:4138} INFO - Setting next_dagrun for my-first-python-etl-dag to 2024-08-26 00:00:00+00:00, run_after=2024-08-27 00:00:00+00:00
[2024-08-26T16:05:11.437-0700] {processor.py:208} INFO - Processing /home/jerson/airflow/dags took 0.045 seconds
[2024-08-26T16:05:58.191-0700] {processor.py:186} INFO - Started process (PID=29080) to work on /home/jerson/airflow/dags
[2024-08-26T16:05:58.192-0700] {processor.py:914} INFO - Processing file /home/jerson/airflow/dags for tasks to queue
[2024-08-26T16:05:58.193-0700] {logging_mixin.py:190} INFO - [2024-08-26T16:05:58.193-0700] {dagbag.py:587} INFO - Filling up the DagBag from /home/jerson/airflow/dags
[2024-08-26T16:05:58.198-0700] {processor.py:925} INFO - DAG(s) 'my-first-python-etl-dag' retrieved from /home/jerson/airflow/dags
[2024-08-26T16:05:58.207-0700] {logging_mixin.py:190} INFO - [2024-08-26T16:05:58.206-0700] {dag.py:3211} INFO - Sync 1 DAGs
[2024-08-26T16:05:58.217-0700] {logging_mixin.py:190} INFO - [2024-08-26T16:05:58.217-0700] {dag.py:4138} INFO - Setting next_dagrun for my-first-python-etl-dag to 2024-08-26 00:00:00+00:00, run_after=2024-08-27 00:00:00+00:00
[2024-08-26T16:05:58.233-0700] {processor.py:208} INFO - Processing /home/jerson/airflow/dags took 0.045 seconds
[2024-08-26T16:06:46.022-0700] {processor.py:186} INFO - Started process (PID=29465) to work on /home/jerson/airflow/dags
[2024-08-26T16:06:46.023-0700] {processor.py:914} INFO - Processing file /home/jerson/airflow/dags for tasks to queue
[2024-08-26T16:06:46.024-0700] {logging_mixin.py:190} INFO - [2024-08-26T16:06:46.024-0700] {dagbag.py:587} INFO - Filling up the DagBag from /home/jerson/airflow/dags
[2024-08-26T16:06:46.029-0700] {processor.py:925} INFO - DAG(s) 'my-first-python-etl-dag' retrieved from /home/jerson/airflow/dags
[2024-08-26T16:06:46.038-0700] {logging_mixin.py:190} INFO - [2024-08-26T16:06:46.038-0700] {dag.py:3211} INFO - Sync 1 DAGs
[2024-08-26T16:06:46.050-0700] {logging_mixin.py:190} INFO - [2024-08-26T16:06:46.050-0700] {dag.py:4138} INFO - Setting next_dagrun for my-first-python-etl-dag to 2024-08-26 00:00:00+00:00, run_after=2024-08-27 00:00:00+00:00
[2024-08-26T16:06:46.065-0700] {processor.py:208} INFO - Processing /home/jerson/airflow/dags took 0.046 seconds
[2024-08-26T16:07:44.402-0700] {processor.py:186} INFO - Started process (PID=29915) to work on /home/jerson/airflow/dags
[2024-08-26T16:07:44.403-0700] {processor.py:914} INFO - Processing file /home/jerson/airflow/dags for tasks to queue
[2024-08-26T16:07:44.404-0700] {logging_mixin.py:190} INFO - [2024-08-26T16:07:44.404-0700] {dagbag.py:587} INFO - Filling up the DagBag from /home/jerson/airflow/dags
[2024-08-26T16:07:44.409-0700] {processor.py:925} INFO - DAG(s) 'my-first-python-etl-dag' retrieved from /home/jerson/airflow/dags
[2024-08-26T16:07:44.418-0700] {logging_mixin.py:190} INFO - [2024-08-26T16:07:44.418-0700] {dag.py:3211} INFO - Sync 1 DAGs
[2024-08-26T16:07:44.429-0700] {logging_mixin.py:190} INFO - [2024-08-26T16:07:44.429-0700] {dag.py:4138} INFO - Setting next_dagrun for my-first-python-etl-dag to 2024-08-26 00:00:00+00:00, run_after=2024-08-27 00:00:00+00:00
[2024-08-26T16:07:44.445-0700] {processor.py:208} INFO - Processing /home/jerson/airflow/dags took 0.046 seconds
[2024-08-26T16:08:19.140-0700] {processor.py:186} INFO - Started process (PID=30196) to work on /home/jerson/airflow/dags
[2024-08-26T16:08:19.140-0700] {processor.py:914} INFO - Processing file /home/jerson/airflow/dags for tasks to queue
[2024-08-26T16:08:19.141-0700] {logging_mixin.py:190} INFO - [2024-08-26T16:08:19.141-0700] {dagbag.py:587} INFO - Filling up the DagBag from /home/jerson/airflow/dags
[2024-08-26T16:08:19.146-0700] {processor.py:925} INFO - DAG(s) 'my-first-python-etl-dag' retrieved from /home/jerson/airflow/dags
[2024-08-26T16:08:19.155-0700] {logging_mixin.py:190} INFO - [2024-08-26T16:08:19.155-0700] {dag.py:3211} INFO - Sync 1 DAGs
[2024-08-26T16:08:19.166-0700] {logging_mixin.py:190} INFO - [2024-08-26T16:08:19.166-0700] {dag.py:4138} INFO - Setting next_dagrun for my-first-python-etl-dag to 2024-08-26 00:00:00+00:00, run_after=2024-08-27 00:00:00+00:00
[2024-08-26T16:08:19.182-0700] {processor.py:208} INFO - Processing /home/jerson/airflow/dags took 0.045 seconds
[2024-08-26T16:09:09.407-0700] {processor.py:186} INFO - Started process (PID=30591) to work on /home/jerson/airflow/dags
[2024-08-26T16:09:09.408-0700] {processor.py:914} INFO - Processing file /home/jerson/airflow/dags for tasks to queue
[2024-08-26T16:09:09.409-0700] {logging_mixin.py:190} INFO - [2024-08-26T16:09:09.409-0700] {dagbag.py:587} INFO - Filling up the DagBag from /home/jerson/airflow/dags
[2024-08-26T16:09:09.414-0700] {processor.py:925} INFO - DAG(s) 'my-first-python-etl-dag' retrieved from /home/jerson/airflow/dags
[2024-08-26T16:09:09.423-0700] {logging_mixin.py:190} INFO - [2024-08-26T16:09:09.423-0700] {dag.py:3211} INFO - Sync 1 DAGs
[2024-08-26T16:09:09.434-0700] {logging_mixin.py:190} INFO - [2024-08-26T16:09:09.434-0700] {dag.py:4138} INFO - Setting next_dagrun for my-first-python-etl-dag to 2024-08-26 00:00:00+00:00, run_after=2024-08-27 00:00:00+00:00
[2024-08-26T16:09:09.449-0700] {processor.py:208} INFO - Processing /home/jerson/airflow/dags took 0.044 seconds
[2024-08-26T16:09:56.714-0700] {processor.py:186} INFO - Started process (PID=30973) to work on /home/jerson/airflow/dags
[2024-08-26T16:09:56.715-0700] {processor.py:914} INFO - Processing file /home/jerson/airflow/dags for tasks to queue
[2024-08-26T16:09:56.716-0700] {logging_mixin.py:190} INFO - [2024-08-26T16:09:56.716-0700] {dagbag.py:587} INFO - Filling up the DagBag from /home/jerson/airflow/dags
[2024-08-26T16:09:56.721-0700] {processor.py:925} INFO - DAG(s) 'my-first-python-etl-dag' retrieved from /home/jerson/airflow/dags
[2024-08-26T16:09:56.730-0700] {logging_mixin.py:190} INFO - [2024-08-26T16:09:56.729-0700] {dag.py:3211} INFO - Sync 1 DAGs
[2024-08-26T16:09:56.740-0700] {logging_mixin.py:190} INFO - [2024-08-26T16:09:56.740-0700] {dag.py:4138} INFO - Setting next_dagrun for my-first-python-etl-dag to 2024-08-26 00:00:00+00:00, run_after=2024-08-27 00:00:00+00:00
[2024-08-26T16:09:56.755-0700] {processor.py:208} INFO - Processing /home/jerson/airflow/dags took 0.044 seconds
[2024-08-26T16:10:43.766-0700] {processor.py:186} INFO - Started process (PID=31375) to work on /home/jerson/airflow/dags
[2024-08-26T16:10:43.767-0700] {processor.py:914} INFO - Processing file /home/jerson/airflow/dags for tasks to queue
[2024-08-26T16:10:43.768-0700] {logging_mixin.py:190} INFO - [2024-08-26T16:10:43.768-0700] {dagbag.py:587} INFO - Filling up the DagBag from /home/jerson/airflow/dags
[2024-08-26T16:10:43.773-0700] {processor.py:925} INFO - DAG(s) 'my-first-python-etl-dag' retrieved from /home/jerson/airflow/dags
[2024-08-26T16:10:43.782-0700] {logging_mixin.py:190} INFO - [2024-08-26T16:10:43.782-0700] {dag.py:3211} INFO - Sync 1 DAGs
[2024-08-26T16:10:43.793-0700] {logging_mixin.py:190} INFO - [2024-08-26T16:10:43.793-0700] {dag.py:4138} INFO - Setting next_dagrun for my-first-python-etl-dag to 2024-08-26 00:00:00+00:00, run_after=2024-08-27 00:00:00+00:00
[2024-08-26T16:10:43.808-0700] {processor.py:208} INFO - Processing /home/jerson/airflow/dags took 0.045 seconds
[2024-08-26T16:11:33.286-0700] {processor.py:186} INFO - Started process (PID=31768) to work on /home/jerson/airflow/dags
[2024-08-26T16:11:33.287-0700] {processor.py:914} INFO - Processing file /home/jerson/airflow/dags for tasks to queue
[2024-08-26T16:11:33.288-0700] {logging_mixin.py:190} INFO - [2024-08-26T16:11:33.287-0700] {dagbag.py:587} INFO - Filling up the DagBag from /home/jerson/airflow/dags
[2024-08-26T16:11:33.292-0700] {processor.py:925} INFO - DAG(s) 'my-first-python-etl-dag' retrieved from /home/jerson/airflow/dags
[2024-08-26T16:11:33.301-0700] {logging_mixin.py:190} INFO - [2024-08-26T16:11:33.301-0700] {dag.py:3211} INFO - Sync 1 DAGs
[2024-08-26T16:11:33.312-0700] {logging_mixin.py:190} INFO - [2024-08-26T16:11:33.312-0700] {dag.py:4138} INFO - Setting next_dagrun for my-first-python-etl-dag to 2024-08-26 00:00:00+00:00, run_after=2024-08-27 00:00:00+00:00
[2024-08-26T16:11:33.327-0700] {processor.py:208} INFO - Processing /home/jerson/airflow/dags took 0.044 seconds
[2024-08-26T16:12:23.376-0700] {processor.py:186} INFO - Started process (PID=32167) to work on /home/jerson/airflow/dags
[2024-08-26T16:12:23.377-0700] {processor.py:914} INFO - Processing file /home/jerson/airflow/dags for tasks to queue
[2024-08-26T16:12:23.378-0700] {logging_mixin.py:190} INFO - [2024-08-26T16:12:23.378-0700] {dagbag.py:587} INFO - Filling up the DagBag from /home/jerson/airflow/dags
[2024-08-26T16:12:23.382-0700] {processor.py:925} INFO - DAG(s) 'my-first-python-etl-dag' retrieved from /home/jerson/airflow/dags
[2024-08-26T16:12:23.391-0700] {logging_mixin.py:190} INFO - [2024-08-26T16:12:23.391-0700] {dag.py:3211} INFO - Sync 1 DAGs
[2024-08-26T16:12:23.402-0700] {logging_mixin.py:190} INFO - [2024-08-26T16:12:23.402-0700] {dag.py:4138} INFO - Setting next_dagrun for my-first-python-etl-dag to 2024-08-26 00:00:00+00:00, run_after=2024-08-27 00:00:00+00:00
[2024-08-26T16:12:23.417-0700] {processor.py:208} INFO - Processing /home/jerson/airflow/dags took 0.044 seconds
