[2024-08-26T17:37:02.214-0700] {processor.py:186} INFO - Started process (PID=32648) to work on /home/jerson/airflow_venv/lib/python3.10/site-packages/airflow/example_dags/plugins/event_listener.py
[2024-08-26T17:37:02.215-0700] {processor.py:914} INFO - Processing file /home/jerson/airflow_venv/lib/python3.10/site-packages/airflow/example_dags/plugins/event_listener.py for tasks to queue
[2024-08-26T17:37:02.216-0700] {logging_mixin.py:190} INFO - [2024-08-26T17:37:02.216-0700] {dagbag.py:587} INFO - Filling up the DagBag from /home/jerson/airflow_venv/lib/python3.10/site-packages/airflow/example_dags/plugins/event_listener.py
[2024-08-26T17:37:02.218-0700] {processor.py:927} WARNING - No viable dags retrieved from /home/jerson/airflow_venv/lib/python3.10/site-packages/airflow/example_dags/plugins/event_listener.py
[2024-08-26T17:37:02.223-0700] {processor.py:208} INFO - Processing /home/jerson/airflow_venv/lib/python3.10/site-packages/airflow/example_dags/plugins/event_listener.py took 0.013 seconds
[2024-08-26T17:37:37.811-0700] {processor.py:186} INFO - Started process (PID=32933) to work on /home/jerson/airflow_venv/lib/python3.10/site-packages/airflow/example_dags/plugins/event_listener.py
[2024-08-26T17:37:37.812-0700] {processor.py:914} INFO - Processing file /home/jerson/airflow_venv/lib/python3.10/site-packages/airflow/example_dags/plugins/event_listener.py for tasks to queue
[2024-08-26T17:37:37.813-0700] {logging_mixin.py:190} INFO - [2024-08-26T17:37:37.813-0700] {dagbag.py:587} INFO - Filling up the DagBag from /home/jerson/airflow_venv/lib/python3.10/site-packages/airflow/example_dags/plugins/event_listener.py
[2024-08-26T17:37:37.815-0700] {processor.py:927} WARNING - No viable dags retrieved from /home/jerson/airflow_venv/lib/python3.10/site-packages/airflow/example_dags/plugins/event_listener.py
[2024-08-26T17:37:37.822-0700] {processor.py:208} INFO - Processing /home/jerson/airflow_venv/lib/python3.10/site-packages/airflow/example_dags/plugins/event_listener.py took 0.015 seconds
[2024-08-26T17:38:29.011-0700] {processor.py:186} INFO - Started process (PID=33340) to work on /home/jerson/airflow_venv/lib/python3.10/site-packages/airflow/example_dags/plugins/event_listener.py
[2024-08-26T17:38:29.012-0700] {processor.py:914} INFO - Processing file /home/jerson/airflow_venv/lib/python3.10/site-packages/airflow/example_dags/plugins/event_listener.py for tasks to queue
[2024-08-26T17:38:29.013-0700] {logging_mixin.py:190} INFO - [2024-08-26T17:38:29.013-0700] {dagbag.py:587} INFO - Filling up the DagBag from /home/jerson/airflow_venv/lib/python3.10/site-packages/airflow/example_dags/plugins/event_listener.py
[2024-08-26T17:38:29.014-0700] {processor.py:927} WARNING - No viable dags retrieved from /home/jerson/airflow_venv/lib/python3.10/site-packages/airflow/example_dags/plugins/event_listener.py
[2024-08-26T17:38:29.019-0700] {processor.py:208} INFO - Processing /home/jerson/airflow_venv/lib/python3.10/site-packages/airflow/example_dags/plugins/event_listener.py took 0.012 seconds
[2024-08-26T17:39:14.756-0700] {processor.py:186} INFO - Started process (PID=33704) to work on /home/jerson/airflow_venv/lib/python3.10/site-packages/airflow/example_dags/plugins/event_listener.py
[2024-08-26T17:39:14.756-0700] {processor.py:914} INFO - Processing file /home/jerson/airflow_venv/lib/python3.10/site-packages/airflow/example_dags/plugins/event_listener.py for tasks to queue
[2024-08-26T17:39:14.758-0700] {logging_mixin.py:190} INFO - [2024-08-26T17:39:14.757-0700] {dagbag.py:587} INFO - Filling up the DagBag from /home/jerson/airflow_venv/lib/python3.10/site-packages/airflow/example_dags/plugins/event_listener.py
[2024-08-26T17:39:14.759-0700] {processor.py:927} WARNING - No viable dags retrieved from /home/jerson/airflow_venv/lib/python3.10/site-packages/airflow/example_dags/plugins/event_listener.py
[2024-08-26T17:39:14.765-0700] {processor.py:208} INFO - Processing /home/jerson/airflow_venv/lib/python3.10/site-packages/airflow/example_dags/plugins/event_listener.py took 0.013 seconds
[2024-08-26T17:40:05.469-0700] {processor.py:186} INFO - Started process (PID=34131) to work on /home/jerson/airflow_venv/lib/python3.10/site-packages/airflow/example_dags/plugins/event_listener.py
[2024-08-26T17:40:05.470-0700] {processor.py:914} INFO - Processing file /home/jerson/airflow_venv/lib/python3.10/site-packages/airflow/example_dags/plugins/event_listener.py for tasks to queue
[2024-08-26T17:40:05.472-0700] {logging_mixin.py:190} INFO - [2024-08-26T17:40:05.471-0700] {dagbag.py:587} INFO - Filling up the DagBag from /home/jerson/airflow_venv/lib/python3.10/site-packages/airflow/example_dags/plugins/event_listener.py
[2024-08-26T17:40:05.473-0700] {processor.py:927} WARNING - No viable dags retrieved from /home/jerson/airflow_venv/lib/python3.10/site-packages/airflow/example_dags/plugins/event_listener.py
[2024-08-26T17:40:05.479-0700] {processor.py:208} INFO - Processing /home/jerson/airflow_venv/lib/python3.10/site-packages/airflow/example_dags/plugins/event_listener.py took 0.013 seconds
[2024-08-26T17:40:55.597-0700] {processor.py:186} INFO - Started process (PID=34534) to work on /home/jerson/airflow_venv/lib/python3.10/site-packages/airflow/example_dags/plugins/event_listener.py
[2024-08-26T17:40:55.598-0700] {processor.py:914} INFO - Processing file /home/jerson/airflow_venv/lib/python3.10/site-packages/airflow/example_dags/plugins/event_listener.py for tasks to queue
[2024-08-26T17:40:55.600-0700] {logging_mixin.py:190} INFO - [2024-08-26T17:40:55.599-0700] {dagbag.py:587} INFO - Filling up the DagBag from /home/jerson/airflow_venv/lib/python3.10/site-packages/airflow/example_dags/plugins/event_listener.py
[2024-08-26T17:40:55.601-0700] {processor.py:927} WARNING - No viable dags retrieved from /home/jerson/airflow_venv/lib/python3.10/site-packages/airflow/example_dags/plugins/event_listener.py
[2024-08-26T17:40:55.606-0700] {processor.py:208} INFO - Processing /home/jerson/airflow_venv/lib/python3.10/site-packages/airflow/example_dags/plugins/event_listener.py took 0.012 seconds
[2024-08-26T17:41:44.496-0700] {processor.py:186} INFO - Started process (PID=34923) to work on /home/jerson/airflow_venv/lib/python3.10/site-packages/airflow/example_dags/plugins/event_listener.py
[2024-08-26T17:41:44.497-0700] {processor.py:914} INFO - Processing file /home/jerson/airflow_venv/lib/python3.10/site-packages/airflow/example_dags/plugins/event_listener.py for tasks to queue
[2024-08-26T17:41:44.498-0700] {logging_mixin.py:190} INFO - [2024-08-26T17:41:44.498-0700] {dagbag.py:587} INFO - Filling up the DagBag from /home/jerson/airflow_venv/lib/python3.10/site-packages/airflow/example_dags/plugins/event_listener.py
[2024-08-26T17:41:44.499-0700] {processor.py:927} WARNING - No viable dags retrieved from /home/jerson/airflow_venv/lib/python3.10/site-packages/airflow/example_dags/plugins/event_listener.py
[2024-08-26T17:41:44.505-0700] {processor.py:208} INFO - Processing /home/jerson/airflow_venv/lib/python3.10/site-packages/airflow/example_dags/plugins/event_listener.py took 0.012 seconds
[2024-08-26T17:42:33.016-0700] {processor.py:186} INFO - Started process (PID=35311) to work on /home/jerson/airflow_venv/lib/python3.10/site-packages/airflow/example_dags/plugins/event_listener.py
[2024-08-26T17:42:33.017-0700] {processor.py:914} INFO - Processing file /home/jerson/airflow_venv/lib/python3.10/site-packages/airflow/example_dags/plugins/event_listener.py for tasks to queue
[2024-08-26T17:42:33.018-0700] {logging_mixin.py:190} INFO - [2024-08-26T17:42:33.018-0700] {dagbag.py:587} INFO - Filling up the DagBag from /home/jerson/airflow_venv/lib/python3.10/site-packages/airflow/example_dags/plugins/event_listener.py
[2024-08-26T17:42:33.019-0700] {processor.py:927} WARNING - No viable dags retrieved from /home/jerson/airflow_venv/lib/python3.10/site-packages/airflow/example_dags/plugins/event_listener.py
[2024-08-26T17:42:33.025-0700] {processor.py:208} INFO - Processing /home/jerson/airflow_venv/lib/python3.10/site-packages/airflow/example_dags/plugins/event_listener.py took 0.012 seconds
[2024-08-26T17:43:23.189-0700] {processor.py:186} INFO - Started process (PID=35711) to work on /home/jerson/airflow_venv/lib/python3.10/site-packages/airflow/example_dags/plugins/event_listener.py
[2024-08-26T17:43:23.190-0700] {processor.py:914} INFO - Processing file /home/jerson/airflow_venv/lib/python3.10/site-packages/airflow/example_dags/plugins/event_listener.py for tasks to queue
[2024-08-26T17:43:23.192-0700] {logging_mixin.py:190} INFO - [2024-08-26T17:43:23.192-0700] {dagbag.py:587} INFO - Filling up the DagBag from /home/jerson/airflow_venv/lib/python3.10/site-packages/airflow/example_dags/plugins/event_listener.py
[2024-08-26T17:43:23.193-0700] {processor.py:927} WARNING - No viable dags retrieved from /home/jerson/airflow_venv/lib/python3.10/site-packages/airflow/example_dags/plugins/event_listener.py
[2024-08-26T17:43:23.198-0700] {processor.py:208} INFO - Processing /home/jerson/airflow_venv/lib/python3.10/site-packages/airflow/example_dags/plugins/event_listener.py took 0.012 seconds
[2024-08-26T17:44:10.585-0700] {processor.py:186} INFO - Started process (PID=36085) to work on /home/jerson/airflow_venv/lib/python3.10/site-packages/airflow/example_dags/plugins/event_listener.py
[2024-08-26T17:44:10.586-0700] {processor.py:914} INFO - Processing file /home/jerson/airflow_venv/lib/python3.10/site-packages/airflow/example_dags/plugins/event_listener.py for tasks to queue
[2024-08-26T17:44:10.587-0700] {logging_mixin.py:190} INFO - [2024-08-26T17:44:10.586-0700] {dagbag.py:587} INFO - Filling up the DagBag from /home/jerson/airflow_venv/lib/python3.10/site-packages/airflow/example_dags/plugins/event_listener.py
[2024-08-26T17:44:10.588-0700] {processor.py:927} WARNING - No viable dags retrieved from /home/jerson/airflow_venv/lib/python3.10/site-packages/airflow/example_dags/plugins/event_listener.py
[2024-08-26T17:44:10.594-0700] {processor.py:208} INFO - Processing /home/jerson/airflow_venv/lib/python3.10/site-packages/airflow/example_dags/plugins/event_listener.py took 0.013 seconds
[2024-08-26T17:45:00.840-0700] {processor.py:186} INFO - Started process (PID=36516) to work on /home/jerson/airflow_venv/lib/python3.10/site-packages/airflow/example_dags/plugins/event_listener.py
[2024-08-26T17:45:00.841-0700] {processor.py:914} INFO - Processing file /home/jerson/airflow_venv/lib/python3.10/site-packages/airflow/example_dags/plugins/event_listener.py for tasks to queue
[2024-08-26T17:45:00.842-0700] {logging_mixin.py:190} INFO - [2024-08-26T17:45:00.842-0700] {dagbag.py:587} INFO - Filling up the DagBag from /home/jerson/airflow_venv/lib/python3.10/site-packages/airflow/example_dags/plugins/event_listener.py
[2024-08-26T17:45:00.843-0700] {processor.py:927} WARNING - No viable dags retrieved from /home/jerson/airflow_venv/lib/python3.10/site-packages/airflow/example_dags/plugins/event_listener.py
[2024-08-26T17:45:00.849-0700] {processor.py:208} INFO - Processing /home/jerson/airflow_venv/lib/python3.10/site-packages/airflow/example_dags/plugins/event_listener.py took 0.013 seconds
[2024-08-26T17:45:49.981-0700] {processor.py:186} INFO - Started process (PID=36909) to work on /home/jerson/airflow_venv/lib/python3.10/site-packages/airflow/example_dags/plugins/event_listener.py
[2024-08-26T17:45:49.982-0700] {processor.py:914} INFO - Processing file /home/jerson/airflow_venv/lib/python3.10/site-packages/airflow/example_dags/plugins/event_listener.py for tasks to queue
[2024-08-26T17:45:49.983-0700] {logging_mixin.py:190} INFO - [2024-08-26T17:45:49.983-0700] {dagbag.py:587} INFO - Filling up the DagBag from /home/jerson/airflow_venv/lib/python3.10/site-packages/airflow/example_dags/plugins/event_listener.py
[2024-08-26T17:45:49.984-0700] {processor.py:927} WARNING - No viable dags retrieved from /home/jerson/airflow_venv/lib/python3.10/site-packages/airflow/example_dags/plugins/event_listener.py
[2024-08-26T17:45:49.990-0700] {processor.py:208} INFO - Processing /home/jerson/airflow_venv/lib/python3.10/site-packages/airflow/example_dags/plugins/event_listener.py took 0.012 seconds
[2024-08-26T17:46:39.412-0700] {processor.py:186} INFO - Started process (PID=37591) to work on /home/jerson/airflow_venv/lib/python3.10/site-packages/airflow/example_dags/plugins/event_listener.py
[2024-08-26T17:46:39.413-0700] {processor.py:914} INFO - Processing file /home/jerson/airflow_venv/lib/python3.10/site-packages/airflow/example_dags/plugins/event_listener.py for tasks to queue
[2024-08-26T17:46:39.414-0700] {logging_mixin.py:190} INFO - [2024-08-26T17:46:39.414-0700] {dagbag.py:587} INFO - Filling up the DagBag from /home/jerson/airflow_venv/lib/python3.10/site-packages/airflow/example_dags/plugins/event_listener.py
[2024-08-26T17:46:39.416-0700] {processor.py:927} WARNING - No viable dags retrieved from /home/jerson/airflow_venv/lib/python3.10/site-packages/airflow/example_dags/plugins/event_listener.py
[2024-08-26T17:46:39.423-0700] {processor.py:208} INFO - Processing /home/jerson/airflow_venv/lib/python3.10/site-packages/airflow/example_dags/plugins/event_listener.py took 0.015 seconds
[2024-08-26T17:47:28.581-0700] {processor.py:186} INFO - Started process (PID=38087) to work on /home/jerson/airflow_venv/lib/python3.10/site-packages/airflow/example_dags/plugins/event_listener.py
[2024-08-26T17:47:28.582-0700] {processor.py:914} INFO - Processing file /home/jerson/airflow_venv/lib/python3.10/site-packages/airflow/example_dags/plugins/event_listener.py for tasks to queue
[2024-08-26T17:47:28.583-0700] {logging_mixin.py:190} INFO - [2024-08-26T17:47:28.583-0700] {dagbag.py:587} INFO - Filling up the DagBag from /home/jerson/airflow_venv/lib/python3.10/site-packages/airflow/example_dags/plugins/event_listener.py
[2024-08-26T17:47:28.584-0700] {processor.py:927} WARNING - No viable dags retrieved from /home/jerson/airflow_venv/lib/python3.10/site-packages/airflow/example_dags/plugins/event_listener.py
[2024-08-26T17:47:28.590-0700] {processor.py:208} INFO - Processing /home/jerson/airflow_venv/lib/python3.10/site-packages/airflow/example_dags/plugins/event_listener.py took 0.013 seconds
[2024-08-26T17:48:20.959-0700] {processor.py:186} INFO - Started process (PID=38550) to work on /home/jerson/airflow_venv/lib/python3.10/site-packages/airflow/example_dags/plugins/event_listener.py
[2024-08-26T17:48:20.960-0700] {processor.py:914} INFO - Processing file /home/jerson/airflow_venv/lib/python3.10/site-packages/airflow/example_dags/plugins/event_listener.py for tasks to queue
[2024-08-26T17:48:20.962-0700] {logging_mixin.py:190} INFO - [2024-08-26T17:48:20.961-0700] {dagbag.py:587} INFO - Filling up the DagBag from /home/jerson/airflow_venv/lib/python3.10/site-packages/airflow/example_dags/plugins/event_listener.py
[2024-08-26T17:48:20.963-0700] {processor.py:927} WARNING - No viable dags retrieved from /home/jerson/airflow_venv/lib/python3.10/site-packages/airflow/example_dags/plugins/event_listener.py
[2024-08-26T17:48:20.969-0700] {processor.py:208} INFO - Processing /home/jerson/airflow_venv/lib/python3.10/site-packages/airflow/example_dags/plugins/event_listener.py took 0.013 seconds
[2024-08-26T17:49:14.342-0700] {processor.py:186} INFO - Started process (PID=39066) to work on /home/jerson/airflow_venv/lib/python3.10/site-packages/airflow/example_dags/plugins/event_listener.py
[2024-08-26T17:49:14.343-0700] {processor.py:914} INFO - Processing file /home/jerson/airflow_venv/lib/python3.10/site-packages/airflow/example_dags/plugins/event_listener.py for tasks to queue
[2024-08-26T17:49:14.345-0700] {logging_mixin.py:190} INFO - [2024-08-26T17:49:14.345-0700] {dagbag.py:587} INFO - Filling up the DagBag from /home/jerson/airflow_venv/lib/python3.10/site-packages/airflow/example_dags/plugins/event_listener.py
[2024-08-26T17:49:14.346-0700] {processor.py:927} WARNING - No viable dags retrieved from /home/jerson/airflow_venv/lib/python3.10/site-packages/airflow/example_dags/plugins/event_listener.py
[2024-08-26T17:49:14.352-0700] {processor.py:208} INFO - Processing /home/jerson/airflow_venv/lib/python3.10/site-packages/airflow/example_dags/plugins/event_listener.py took 0.013 seconds
[2024-08-26T17:50:04.834-0700] {processor.py:186} INFO - Started process (PID=39498) to work on /home/jerson/airflow_venv/lib/python3.10/site-packages/airflow/example_dags/plugins/event_listener.py
[2024-08-26T17:50:04.835-0700] {processor.py:914} INFO - Processing file /home/jerson/airflow_venv/lib/python3.10/site-packages/airflow/example_dags/plugins/event_listener.py for tasks to queue
[2024-08-26T17:50:04.836-0700] {logging_mixin.py:190} INFO - [2024-08-26T17:50:04.836-0700] {dagbag.py:587} INFO - Filling up the DagBag from /home/jerson/airflow_venv/lib/python3.10/site-packages/airflow/example_dags/plugins/event_listener.py
[2024-08-26T17:50:04.838-0700] {processor.py:927} WARNING - No viable dags retrieved from /home/jerson/airflow_venv/lib/python3.10/site-packages/airflow/example_dags/plugins/event_listener.py
[2024-08-26T17:50:04.844-0700] {processor.py:208} INFO - Processing /home/jerson/airflow_venv/lib/python3.10/site-packages/airflow/example_dags/plugins/event_listener.py took 0.013 seconds
[2024-08-26T17:50:57.402-0700] {processor.py:186} INFO - Started process (PID=39920) to work on /home/jerson/airflow_venv/lib/python3.10/site-packages/airflow/example_dags/plugins/event_listener.py
[2024-08-26T17:50:57.403-0700] {processor.py:914} INFO - Processing file /home/jerson/airflow_venv/lib/python3.10/site-packages/airflow/example_dags/plugins/event_listener.py for tasks to queue
[2024-08-26T17:50:57.404-0700] {logging_mixin.py:190} INFO - [2024-08-26T17:50:57.404-0700] {dagbag.py:587} INFO - Filling up the DagBag from /home/jerson/airflow_venv/lib/python3.10/site-packages/airflow/example_dags/plugins/event_listener.py
[2024-08-26T17:50:57.405-0700] {processor.py:927} WARNING - No viable dags retrieved from /home/jerson/airflow_venv/lib/python3.10/site-packages/airflow/example_dags/plugins/event_listener.py
[2024-08-26T17:50:57.411-0700] {processor.py:208} INFO - Processing /home/jerson/airflow_venv/lib/python3.10/site-packages/airflow/example_dags/plugins/event_listener.py took 0.012 seconds
[2024-08-26T17:51:45.801-0700] {processor.py:186} INFO - Started process (PID=40364) to work on /home/jerson/airflow_venv/lib/python3.10/site-packages/airflow/example_dags/plugins/event_listener.py
[2024-08-26T17:51:45.802-0700] {processor.py:914} INFO - Processing file /home/jerson/airflow_venv/lib/python3.10/site-packages/airflow/example_dags/plugins/event_listener.py for tasks to queue
[2024-08-26T17:51:45.805-0700] {logging_mixin.py:190} INFO - [2024-08-26T17:51:45.804-0700] {dagbag.py:587} INFO - Filling up the DagBag from /home/jerson/airflow_venv/lib/python3.10/site-packages/airflow/example_dags/plugins/event_listener.py
[2024-08-26T17:51:45.807-0700] {processor.py:927} WARNING - No viable dags retrieved from /home/jerson/airflow_venv/lib/python3.10/site-packages/airflow/example_dags/plugins/event_listener.py
[2024-08-26T17:51:45.816-0700] {processor.py:208} INFO - Processing /home/jerson/airflow_venv/lib/python3.10/site-packages/airflow/example_dags/plugins/event_listener.py took 0.021 seconds
[2024-08-26T17:53:01.848-0700] {processor.py:186} INFO - Started process (PID=41297) to work on /home/jerson/airflow_venv/lib/python3.10/site-packages/airflow/example_dags/plugins/event_listener.py
[2024-08-26T17:53:01.849-0700] {processor.py:914} INFO - Processing file /home/jerson/airflow_venv/lib/python3.10/site-packages/airflow/example_dags/plugins/event_listener.py for tasks to queue
[2024-08-26T17:53:01.851-0700] {logging_mixin.py:190} INFO - [2024-08-26T17:53:01.851-0700] {dagbag.py:587} INFO - Filling up the DagBag from /home/jerson/airflow_venv/lib/python3.10/site-packages/airflow/example_dags/plugins/event_listener.py
[2024-08-26T17:53:01.852-0700] {processor.py:927} WARNING - No viable dags retrieved from /home/jerson/airflow_venv/lib/python3.10/site-packages/airflow/example_dags/plugins/event_listener.py
[2024-08-26T17:53:01.858-0700] {processor.py:208} INFO - Processing /home/jerson/airflow_venv/lib/python3.10/site-packages/airflow/example_dags/plugins/event_listener.py took 0.013 seconds
[2024-08-26T17:54:41.603-0700] {processor.py:186} INFO - Started process (PID=42208) to work on /home/jerson/airflow_venv/lib/python3.10/site-packages/airflow/example_dags/plugins/event_listener.py
[2024-08-26T17:54:41.604-0700] {processor.py:914} INFO - Processing file /home/jerson/airflow_venv/lib/python3.10/site-packages/airflow/example_dags/plugins/event_listener.py for tasks to queue
[2024-08-26T17:54:41.605-0700] {logging_mixin.py:190} INFO - [2024-08-26T17:54:41.605-0700] {dagbag.py:587} INFO - Filling up the DagBag from /home/jerson/airflow_venv/lib/python3.10/site-packages/airflow/example_dags/plugins/event_listener.py
[2024-08-26T17:54:41.606-0700] {processor.py:927} WARNING - No viable dags retrieved from /home/jerson/airflow_venv/lib/python3.10/site-packages/airflow/example_dags/plugins/event_listener.py
[2024-08-26T17:54:41.612-0700] {processor.py:208} INFO - Processing /home/jerson/airflow_venv/lib/python3.10/site-packages/airflow/example_dags/plugins/event_listener.py took 0.012 seconds
[2024-08-26T17:55:21.480-0700] {processor.py:186} INFO - Started process (PID=42721) to work on /home/jerson/airflow_venv/lib/python3.10/site-packages/airflow/example_dags/plugins/event_listener.py
[2024-08-26T17:55:21.481-0700] {processor.py:914} INFO - Processing file /home/jerson/airflow_venv/lib/python3.10/site-packages/airflow/example_dags/plugins/event_listener.py for tasks to queue
[2024-08-26T17:55:21.482-0700] {logging_mixin.py:190} INFO - [2024-08-26T17:55:21.482-0700] {dagbag.py:587} INFO - Filling up the DagBag from /home/jerson/airflow_venv/lib/python3.10/site-packages/airflow/example_dags/plugins/event_listener.py
[2024-08-26T17:55:21.484-0700] {processor.py:927} WARNING - No viable dags retrieved from /home/jerson/airflow_venv/lib/python3.10/site-packages/airflow/example_dags/plugins/event_listener.py
[2024-08-26T17:55:21.489-0700] {processor.py:208} INFO - Processing /home/jerson/airflow_venv/lib/python3.10/site-packages/airflow/example_dags/plugins/event_listener.py took 0.013 seconds
[2024-08-26T17:56:15.439-0700] {processor.py:186} INFO - Started process (PID=43426) to work on /home/jerson/airflow_venv/lib/python3.10/site-packages/airflow/example_dags/plugins/event_listener.py
[2024-08-26T17:56:15.440-0700] {processor.py:914} INFO - Processing file /home/jerson/airflow_venv/lib/python3.10/site-packages/airflow/example_dags/plugins/event_listener.py for tasks to queue
[2024-08-26T17:56:15.442-0700] {logging_mixin.py:190} INFO - [2024-08-26T17:56:15.441-0700] {dagbag.py:587} INFO - Filling up the DagBag from /home/jerson/airflow_venv/lib/python3.10/site-packages/airflow/example_dags/plugins/event_listener.py
[2024-08-26T17:56:15.443-0700] {processor.py:927} WARNING - No viable dags retrieved from /home/jerson/airflow_venv/lib/python3.10/site-packages/airflow/example_dags/plugins/event_listener.py
[2024-08-26T17:56:15.448-0700] {processor.py:208} INFO - Processing /home/jerson/airflow_venv/lib/python3.10/site-packages/airflow/example_dags/plugins/event_listener.py took 0.012 seconds
[2024-08-26T17:57:03.593-0700] {processor.py:186} INFO - Started process (PID=43890) to work on /home/jerson/airflow_venv/lib/python3.10/site-packages/airflow/example_dags/plugins/event_listener.py
[2024-08-26T17:57:03.594-0700] {processor.py:914} INFO - Processing file /home/jerson/airflow_venv/lib/python3.10/site-packages/airflow/example_dags/plugins/event_listener.py for tasks to queue
[2024-08-26T17:57:03.595-0700] {logging_mixin.py:190} INFO - [2024-08-26T17:57:03.595-0700] {dagbag.py:587} INFO - Filling up the DagBag from /home/jerson/airflow_venv/lib/python3.10/site-packages/airflow/example_dags/plugins/event_listener.py
[2024-08-26T17:57:03.598-0700] {processor.py:927} WARNING - No viable dags retrieved from /home/jerson/airflow_venv/lib/python3.10/site-packages/airflow/example_dags/plugins/event_listener.py
[2024-08-26T17:57:03.609-0700] {processor.py:208} INFO - Processing /home/jerson/airflow_venv/lib/python3.10/site-packages/airflow/example_dags/plugins/event_listener.py took 0.020 seconds
[2024-08-26T17:57:51.883-0700] {processor.py:186} INFO - Started process (PID=44475) to work on /home/jerson/airflow_venv/lib/python3.10/site-packages/airflow/example_dags/plugins/event_listener.py
[2024-08-26T17:57:51.885-0700] {processor.py:914} INFO - Processing file /home/jerson/airflow_venv/lib/python3.10/site-packages/airflow/example_dags/plugins/event_listener.py for tasks to queue
[2024-08-26T17:57:51.886-0700] {logging_mixin.py:190} INFO - [2024-08-26T17:57:51.885-0700] {dagbag.py:587} INFO - Filling up the DagBag from /home/jerson/airflow_venv/lib/python3.10/site-packages/airflow/example_dags/plugins/event_listener.py
[2024-08-26T17:57:51.887-0700] {processor.py:927} WARNING - No viable dags retrieved from /home/jerson/airflow_venv/lib/python3.10/site-packages/airflow/example_dags/plugins/event_listener.py
[2024-08-26T17:57:51.892-0700] {processor.py:208} INFO - Processing /home/jerson/airflow_venv/lib/python3.10/site-packages/airflow/example_dags/plugins/event_listener.py took 0.012 seconds
[2024-08-26T17:58:45.461-0700] {processor.py:186} INFO - Started process (PID=45022) to work on /home/jerson/airflow_venv/lib/python3.10/site-packages/airflow/example_dags/plugins/event_listener.py
[2024-08-26T17:58:45.462-0700] {processor.py:914} INFO - Processing file /home/jerson/airflow_venv/lib/python3.10/site-packages/airflow/example_dags/plugins/event_listener.py for tasks to queue
[2024-08-26T17:58:45.463-0700] {logging_mixin.py:190} INFO - [2024-08-26T17:58:45.463-0700] {dagbag.py:587} INFO - Filling up the DagBag from /home/jerson/airflow_venv/lib/python3.10/site-packages/airflow/example_dags/plugins/event_listener.py
[2024-08-26T17:58:45.464-0700] {processor.py:927} WARNING - No viable dags retrieved from /home/jerson/airflow_venv/lib/python3.10/site-packages/airflow/example_dags/plugins/event_listener.py
[2024-08-26T17:58:45.470-0700] {processor.py:208} INFO - Processing /home/jerson/airflow_venv/lib/python3.10/site-packages/airflow/example_dags/plugins/event_listener.py took 0.013 seconds
[2024-08-26T17:59:35.973-0700] {processor.py:186} INFO - Started process (PID=45570) to work on /home/jerson/airflow_venv/lib/python3.10/site-packages/airflow/example_dags/plugins/event_listener.py
[2024-08-26T17:59:35.974-0700] {processor.py:914} INFO - Processing file /home/jerson/airflow_venv/lib/python3.10/site-packages/airflow/example_dags/plugins/event_listener.py for tasks to queue
[2024-08-26T17:59:35.975-0700] {logging_mixin.py:190} INFO - [2024-08-26T17:59:35.975-0700] {dagbag.py:587} INFO - Filling up the DagBag from /home/jerson/airflow_venv/lib/python3.10/site-packages/airflow/example_dags/plugins/event_listener.py
[2024-08-26T17:59:35.977-0700] {processor.py:927} WARNING - No viable dags retrieved from /home/jerson/airflow_venv/lib/python3.10/site-packages/airflow/example_dags/plugins/event_listener.py
[2024-08-26T17:59:35.982-0700] {processor.py:208} INFO - Processing /home/jerson/airflow_venv/lib/python3.10/site-packages/airflow/example_dags/plugins/event_listener.py took 0.013 seconds
[2024-08-26T18:00:22.898-0700] {processor.py:186} INFO - Started process (PID=46133) to work on /home/jerson/airflow_venv/lib/python3.10/site-packages/airflow/example_dags/plugins/event_listener.py
[2024-08-26T18:00:22.899-0700] {processor.py:914} INFO - Processing file /home/jerson/airflow_venv/lib/python3.10/site-packages/airflow/example_dags/plugins/event_listener.py for tasks to queue
[2024-08-26T18:00:22.900-0700] {logging_mixin.py:190} INFO - [2024-08-26T18:00:22.900-0700] {dagbag.py:587} INFO - Filling up the DagBag from /home/jerson/airflow_venv/lib/python3.10/site-packages/airflow/example_dags/plugins/event_listener.py
[2024-08-26T18:00:22.902-0700] {processor.py:927} WARNING - No viable dags retrieved from /home/jerson/airflow_venv/lib/python3.10/site-packages/airflow/example_dags/plugins/event_listener.py
[2024-08-26T18:00:22.909-0700] {processor.py:208} INFO - Processing /home/jerson/airflow_venv/lib/python3.10/site-packages/airflow/example_dags/plugins/event_listener.py took 0.016 seconds
[2024-08-26T18:01:14.683-0700] {processor.py:186} INFO - Started process (PID=46732) to work on /home/jerson/airflow_venv/lib/python3.10/site-packages/airflow/example_dags/plugins/event_listener.py
[2024-08-26T18:01:14.684-0700] {processor.py:914} INFO - Processing file /home/jerson/airflow_venv/lib/python3.10/site-packages/airflow/example_dags/plugins/event_listener.py for tasks to queue
[2024-08-26T18:01:14.685-0700] {logging_mixin.py:190} INFO - [2024-08-26T18:01:14.685-0700] {dagbag.py:587} INFO - Filling up the DagBag from /home/jerson/airflow_venv/lib/python3.10/site-packages/airflow/example_dags/plugins/event_listener.py
[2024-08-26T18:01:14.687-0700] {processor.py:927} WARNING - No viable dags retrieved from /home/jerson/airflow_venv/lib/python3.10/site-packages/airflow/example_dags/plugins/event_listener.py
[2024-08-26T18:01:14.693-0700] {processor.py:208} INFO - Processing /home/jerson/airflow_venv/lib/python3.10/site-packages/airflow/example_dags/plugins/event_listener.py took 0.013 seconds
[2024-08-26T18:02:03.066-0700] {processor.py:186} INFO - Started process (PID=47120) to work on /home/jerson/airflow_venv/lib/python3.10/site-packages/airflow/example_dags/plugins/event_listener.py
[2024-08-26T18:02:03.066-0700] {processor.py:914} INFO - Processing file /home/jerson/airflow_venv/lib/python3.10/site-packages/airflow/example_dags/plugins/event_listener.py for tasks to queue
[2024-08-26T18:02:03.068-0700] {logging_mixin.py:190} INFO - [2024-08-26T18:02:03.067-0700] {dagbag.py:587} INFO - Filling up the DagBag from /home/jerson/airflow_venv/lib/python3.10/site-packages/airflow/example_dags/plugins/event_listener.py
[2024-08-26T18:02:03.069-0700] {processor.py:927} WARNING - No viable dags retrieved from /home/jerson/airflow_venv/lib/python3.10/site-packages/airflow/example_dags/plugins/event_listener.py
[2024-08-26T18:02:03.075-0700] {processor.py:208} INFO - Processing /home/jerson/airflow_venv/lib/python3.10/site-packages/airflow/example_dags/plugins/event_listener.py took 0.013 seconds
[2024-08-26T18:02:50.913-0700] {processor.py:186} INFO - Started process (PID=47525) to work on /home/jerson/airflow_venv/lib/python3.10/site-packages/airflow/example_dags/plugins/event_listener.py
[2024-08-26T18:02:50.914-0700] {processor.py:914} INFO - Processing file /home/jerson/airflow_venv/lib/python3.10/site-packages/airflow/example_dags/plugins/event_listener.py for tasks to queue
[2024-08-26T18:02:50.916-0700] {logging_mixin.py:190} INFO - [2024-08-26T18:02:50.916-0700] {dagbag.py:587} INFO - Filling up the DagBag from /home/jerson/airflow_venv/lib/python3.10/site-packages/airflow/example_dags/plugins/event_listener.py
[2024-08-26T18:02:50.917-0700] {processor.py:927} WARNING - No viable dags retrieved from /home/jerson/airflow_venv/lib/python3.10/site-packages/airflow/example_dags/plugins/event_listener.py
[2024-08-26T18:02:50.924-0700] {processor.py:208} INFO - Processing /home/jerson/airflow_venv/lib/python3.10/site-packages/airflow/example_dags/plugins/event_listener.py took 0.015 seconds
[2024-08-26T18:03:39.236-0700] {processor.py:186} INFO - Started process (PID=48043) to work on /home/jerson/airflow_venv/lib/python3.10/site-packages/airflow/example_dags/plugins/event_listener.py
[2024-08-26T18:03:39.237-0700] {processor.py:914} INFO - Processing file /home/jerson/airflow_venv/lib/python3.10/site-packages/airflow/example_dags/plugins/event_listener.py for tasks to queue
[2024-08-26T18:03:39.238-0700] {logging_mixin.py:190} INFO - [2024-08-26T18:03:39.238-0700] {dagbag.py:587} INFO - Filling up the DagBag from /home/jerson/airflow_venv/lib/python3.10/site-packages/airflow/example_dags/plugins/event_listener.py
[2024-08-26T18:03:39.239-0700] {processor.py:927} WARNING - No viable dags retrieved from /home/jerson/airflow_venv/lib/python3.10/site-packages/airflow/example_dags/plugins/event_listener.py
[2024-08-26T18:03:39.246-0700] {processor.py:208} INFO - Processing /home/jerson/airflow_venv/lib/python3.10/site-packages/airflow/example_dags/plugins/event_listener.py took 0.014 seconds
[2024-08-26T18:04:29.593-0700] {processor.py:186} INFO - Started process (PID=48576) to work on /home/jerson/airflow_venv/lib/python3.10/site-packages/airflow/example_dags/plugins/event_listener.py
[2024-08-26T18:04:29.593-0700] {processor.py:914} INFO - Processing file /home/jerson/airflow_venv/lib/python3.10/site-packages/airflow/example_dags/plugins/event_listener.py for tasks to queue
[2024-08-26T18:04:29.595-0700] {logging_mixin.py:190} INFO - [2024-08-26T18:04:29.594-0700] {dagbag.py:587} INFO - Filling up the DagBag from /home/jerson/airflow_venv/lib/python3.10/site-packages/airflow/example_dags/plugins/event_listener.py
[2024-08-26T18:04:29.596-0700] {processor.py:927} WARNING - No viable dags retrieved from /home/jerson/airflow_venv/lib/python3.10/site-packages/airflow/example_dags/plugins/event_listener.py
[2024-08-26T18:04:29.602-0700] {processor.py:208} INFO - Processing /home/jerson/airflow_venv/lib/python3.10/site-packages/airflow/example_dags/plugins/event_listener.py took 0.012 seconds
[2024-08-26T18:05:17.589-0700] {processor.py:186} INFO - Started process (PID=48956) to work on /home/jerson/airflow_venv/lib/python3.10/site-packages/airflow/example_dags/plugins/event_listener.py
[2024-08-26T18:05:17.589-0700] {processor.py:914} INFO - Processing file /home/jerson/airflow_venv/lib/python3.10/site-packages/airflow/example_dags/plugins/event_listener.py for tasks to queue
[2024-08-26T18:05:17.591-0700] {logging_mixin.py:190} INFO - [2024-08-26T18:05:17.590-0700] {dagbag.py:587} INFO - Filling up the DagBag from /home/jerson/airflow_venv/lib/python3.10/site-packages/airflow/example_dags/plugins/event_listener.py
[2024-08-26T18:05:17.592-0700] {processor.py:927} WARNING - No viable dags retrieved from /home/jerson/airflow_venv/lib/python3.10/site-packages/airflow/example_dags/plugins/event_listener.py
[2024-08-26T18:05:17.599-0700] {processor.py:208} INFO - Processing /home/jerson/airflow_venv/lib/python3.10/site-packages/airflow/example_dags/plugins/event_listener.py took 0.014 seconds
[2024-08-26T18:06:01.957-0700] {processor.py:186} INFO - Started process (PID=49343) to work on /home/jerson/airflow_venv/lib/python3.10/site-packages/airflow/example_dags/plugins/event_listener.py
[2024-08-26T18:06:01.958-0700] {processor.py:914} INFO - Processing file /home/jerson/airflow_venv/lib/python3.10/site-packages/airflow/example_dags/plugins/event_listener.py for tasks to queue
[2024-08-26T18:06:01.959-0700] {logging_mixin.py:190} INFO - [2024-08-26T18:06:01.959-0700] {dagbag.py:587} INFO - Filling up the DagBag from /home/jerson/airflow_venv/lib/python3.10/site-packages/airflow/example_dags/plugins/event_listener.py
[2024-08-26T18:06:01.960-0700] {processor.py:927} WARNING - No viable dags retrieved from /home/jerson/airflow_venv/lib/python3.10/site-packages/airflow/example_dags/plugins/event_listener.py
[2024-08-26T18:06:01.966-0700] {processor.py:208} INFO - Processing /home/jerson/airflow_venv/lib/python3.10/site-packages/airflow/example_dags/plugins/event_listener.py took 0.012 seconds
[2024-08-26T18:06:54.758-0700] {processor.py:186} INFO - Started process (PID=49823) to work on /home/jerson/airflow_venv/lib/python3.10/site-packages/airflow/example_dags/plugins/event_listener.py
[2024-08-26T18:06:54.759-0700] {processor.py:914} INFO - Processing file /home/jerson/airflow_venv/lib/python3.10/site-packages/airflow/example_dags/plugins/event_listener.py for tasks to queue
[2024-08-26T18:06:54.760-0700] {logging_mixin.py:190} INFO - [2024-08-26T18:06:54.760-0700] {dagbag.py:587} INFO - Filling up the DagBag from /home/jerson/airflow_venv/lib/python3.10/site-packages/airflow/example_dags/plugins/event_listener.py
[2024-08-26T18:06:54.761-0700] {processor.py:927} WARNING - No viable dags retrieved from /home/jerson/airflow_venv/lib/python3.10/site-packages/airflow/example_dags/plugins/event_listener.py
[2024-08-26T18:06:54.767-0700] {processor.py:208} INFO - Processing /home/jerson/airflow_venv/lib/python3.10/site-packages/airflow/example_dags/plugins/event_listener.py took 0.013 seconds
[2024-08-26T18:07:43.548-0700] {processor.py:186} INFO - Started process (PID=50268) to work on /home/jerson/airflow_venv/lib/python3.10/site-packages/airflow/example_dags/plugins/event_listener.py
[2024-08-26T18:07:43.549-0700] {processor.py:914} INFO - Processing file /home/jerson/airflow_venv/lib/python3.10/site-packages/airflow/example_dags/plugins/event_listener.py for tasks to queue
[2024-08-26T18:07:43.551-0700] {logging_mixin.py:190} INFO - [2024-08-26T18:07:43.550-0700] {dagbag.py:587} INFO - Filling up the DagBag from /home/jerson/airflow_venv/lib/python3.10/site-packages/airflow/example_dags/plugins/event_listener.py
[2024-08-26T18:07:43.552-0700] {processor.py:927} WARNING - No viable dags retrieved from /home/jerson/airflow_venv/lib/python3.10/site-packages/airflow/example_dags/plugins/event_listener.py
[2024-08-26T18:07:43.558-0700] {processor.py:208} INFO - Processing /home/jerson/airflow_venv/lib/python3.10/site-packages/airflow/example_dags/plugins/event_listener.py took 0.013 seconds
[2024-08-26T18:08:33.205-0700] {processor.py:186} INFO - Started process (PID=50783) to work on /home/jerson/airflow_venv/lib/python3.10/site-packages/airflow/example_dags/plugins/event_listener.py
[2024-08-26T18:08:33.206-0700] {processor.py:914} INFO - Processing file /home/jerson/airflow_venv/lib/python3.10/site-packages/airflow/example_dags/plugins/event_listener.py for tasks to queue
[2024-08-26T18:08:33.207-0700] {logging_mixin.py:190} INFO - [2024-08-26T18:08:33.207-0700] {dagbag.py:587} INFO - Filling up the DagBag from /home/jerson/airflow_venv/lib/python3.10/site-packages/airflow/example_dags/plugins/event_listener.py
[2024-08-26T18:08:33.208-0700] {processor.py:927} WARNING - No viable dags retrieved from /home/jerson/airflow_venv/lib/python3.10/site-packages/airflow/example_dags/plugins/event_listener.py
[2024-08-26T18:08:33.215-0700] {processor.py:208} INFO - Processing /home/jerson/airflow_venv/lib/python3.10/site-packages/airflow/example_dags/plugins/event_listener.py took 0.013 seconds
[2024-08-26T18:09:26.294-0700] {processor.py:186} INFO - Started process (PID=51301) to work on /home/jerson/airflow_venv/lib/python3.10/site-packages/airflow/example_dags/plugins/event_listener.py
[2024-08-26T18:09:26.295-0700] {processor.py:914} INFO - Processing file /home/jerson/airflow_venv/lib/python3.10/site-packages/airflow/example_dags/plugins/event_listener.py for tasks to queue
[2024-08-26T18:09:26.296-0700] {logging_mixin.py:190} INFO - [2024-08-26T18:09:26.296-0700] {dagbag.py:587} INFO - Filling up the DagBag from /home/jerson/airflow_venv/lib/python3.10/site-packages/airflow/example_dags/plugins/event_listener.py
[2024-08-26T18:09:26.297-0700] {processor.py:927} WARNING - No viable dags retrieved from /home/jerson/airflow_venv/lib/python3.10/site-packages/airflow/example_dags/plugins/event_listener.py
[2024-08-26T18:09:26.304-0700] {processor.py:208} INFO - Processing /home/jerson/airflow_venv/lib/python3.10/site-packages/airflow/example_dags/plugins/event_listener.py took 0.013 seconds
[2024-08-26T18:10:15.013-0700] {processor.py:186} INFO - Started process (PID=51873) to work on /home/jerson/airflow_venv/lib/python3.10/site-packages/airflow/example_dags/plugins/event_listener.py
[2024-08-26T18:10:15.014-0700] {processor.py:914} INFO - Processing file /home/jerson/airflow_venv/lib/python3.10/site-packages/airflow/example_dags/plugins/event_listener.py for tasks to queue
[2024-08-26T18:10:15.015-0700] {logging_mixin.py:190} INFO - [2024-08-26T18:10:15.015-0700] {dagbag.py:587} INFO - Filling up the DagBag from /home/jerson/airflow_venv/lib/python3.10/site-packages/airflow/example_dags/plugins/event_listener.py
[2024-08-26T18:10:15.016-0700] {processor.py:927} WARNING - No viable dags retrieved from /home/jerson/airflow_venv/lib/python3.10/site-packages/airflow/example_dags/plugins/event_listener.py
[2024-08-26T18:10:15.023-0700] {processor.py:208} INFO - Processing /home/jerson/airflow_venv/lib/python3.10/site-packages/airflow/example_dags/plugins/event_listener.py took 0.013 seconds
[2024-08-26T18:11:06.382-0700] {processor.py:186} INFO - Started process (PID=52462) to work on /home/jerson/airflow_venv/lib/python3.10/site-packages/airflow/example_dags/plugins/event_listener.py
[2024-08-26T18:11:06.383-0700] {processor.py:914} INFO - Processing file /home/jerson/airflow_venv/lib/python3.10/site-packages/airflow/example_dags/plugins/event_listener.py for tasks to queue
[2024-08-26T18:11:06.384-0700] {logging_mixin.py:190} INFO - [2024-08-26T18:11:06.384-0700] {dagbag.py:587} INFO - Filling up the DagBag from /home/jerson/airflow_venv/lib/python3.10/site-packages/airflow/example_dags/plugins/event_listener.py
[2024-08-26T18:11:06.385-0700] {processor.py:927} WARNING - No viable dags retrieved from /home/jerson/airflow_venv/lib/python3.10/site-packages/airflow/example_dags/plugins/event_listener.py
[2024-08-26T18:11:06.391-0700] {processor.py:208} INFO - Processing /home/jerson/airflow_venv/lib/python3.10/site-packages/airflow/example_dags/plugins/event_listener.py took 0.013 seconds
[2024-08-26T18:11:56.073-0700] {processor.py:186} INFO - Started process (PID=53096) to work on /home/jerson/airflow_venv/lib/python3.10/site-packages/airflow/example_dags/plugins/event_listener.py
[2024-08-26T18:11:56.074-0700] {processor.py:914} INFO - Processing file /home/jerson/airflow_venv/lib/python3.10/site-packages/airflow/example_dags/plugins/event_listener.py for tasks to queue
[2024-08-26T18:11:56.075-0700] {logging_mixin.py:190} INFO - [2024-08-26T18:11:56.075-0700] {dagbag.py:587} INFO - Filling up the DagBag from /home/jerson/airflow_venv/lib/python3.10/site-packages/airflow/example_dags/plugins/event_listener.py
[2024-08-26T18:11:56.076-0700] {processor.py:927} WARNING - No viable dags retrieved from /home/jerson/airflow_venv/lib/python3.10/site-packages/airflow/example_dags/plugins/event_listener.py
[2024-08-26T18:11:56.082-0700] {processor.py:208} INFO - Processing /home/jerson/airflow_venv/lib/python3.10/site-packages/airflow/example_dags/plugins/event_listener.py took 0.012 seconds
[2024-08-26T18:12:47.999-0700] {processor.py:186} INFO - Started process (PID=53542) to work on /home/jerson/airflow_venv/lib/python3.10/site-packages/airflow/example_dags/plugins/event_listener.py
[2024-08-26T18:12:48.000-0700] {processor.py:914} INFO - Processing file /home/jerson/airflow_venv/lib/python3.10/site-packages/airflow/example_dags/plugins/event_listener.py for tasks to queue
[2024-08-26T18:12:48.001-0700] {logging_mixin.py:190} INFO - [2024-08-26T18:12:48.001-0700] {dagbag.py:587} INFO - Filling up the DagBag from /home/jerson/airflow_venv/lib/python3.10/site-packages/airflow/example_dags/plugins/event_listener.py
[2024-08-26T18:12:48.003-0700] {processor.py:927} WARNING - No viable dags retrieved from /home/jerson/airflow_venv/lib/python3.10/site-packages/airflow/example_dags/plugins/event_listener.py
[2024-08-26T18:12:48.009-0700] {processor.py:208} INFO - Processing /home/jerson/airflow_venv/lib/python3.10/site-packages/airflow/example_dags/plugins/event_listener.py took 0.013 seconds
[2024-08-26T18:13:35.364-0700] {processor.py:186} INFO - Started process (PID=53920) to work on /home/jerson/airflow_venv/lib/python3.10/site-packages/airflow/example_dags/plugins/event_listener.py
[2024-08-26T18:13:35.365-0700] {processor.py:914} INFO - Processing file /home/jerson/airflow_venv/lib/python3.10/site-packages/airflow/example_dags/plugins/event_listener.py for tasks to queue
[2024-08-26T18:13:35.366-0700] {logging_mixin.py:190} INFO - [2024-08-26T18:13:35.366-0700] {dagbag.py:587} INFO - Filling up the DagBag from /home/jerson/airflow_venv/lib/python3.10/site-packages/airflow/example_dags/plugins/event_listener.py
[2024-08-26T18:13:35.367-0700] {processor.py:927} WARNING - No viable dags retrieved from /home/jerson/airflow_venv/lib/python3.10/site-packages/airflow/example_dags/plugins/event_listener.py
[2024-08-26T18:13:35.375-0700] {processor.py:208} INFO - Processing /home/jerson/airflow_venv/lib/python3.10/site-packages/airflow/example_dags/plugins/event_listener.py took 0.015 seconds
[2024-08-26T18:14:23.477-0700] {processor.py:186} INFO - Started process (PID=54428) to work on /home/jerson/airflow_venv/lib/python3.10/site-packages/airflow/example_dags/plugins/event_listener.py
[2024-08-26T18:14:23.485-0700] {processor.py:914} INFO - Processing file /home/jerson/airflow_venv/lib/python3.10/site-packages/airflow/example_dags/plugins/event_listener.py for tasks to queue
[2024-08-26T18:14:23.487-0700] {logging_mixin.py:190} INFO - [2024-08-26T18:14:23.486-0700] {dagbag.py:587} INFO - Filling up the DagBag from /home/jerson/airflow_venv/lib/python3.10/site-packages/airflow/example_dags/plugins/event_listener.py
[2024-08-26T18:14:23.488-0700] {processor.py:927} WARNING - No viable dags retrieved from /home/jerson/airflow_venv/lib/python3.10/site-packages/airflow/example_dags/plugins/event_listener.py
[2024-08-26T18:14:23.494-0700] {processor.py:208} INFO - Processing /home/jerson/airflow_venv/lib/python3.10/site-packages/airflow/example_dags/plugins/event_listener.py took 0.021 seconds
[2024-08-26T18:15:23.319-0700] {processor.py:186} INFO - Started process (PID=55254) to work on /home/jerson/airflow_venv/lib/python3.10/site-packages/airflow/example_dags/plugins/event_listener.py
[2024-08-26T18:15:23.320-0700] {processor.py:914} INFO - Processing file /home/jerson/airflow_venv/lib/python3.10/site-packages/airflow/example_dags/plugins/event_listener.py for tasks to queue
[2024-08-26T18:15:23.321-0700] {logging_mixin.py:190} INFO - [2024-08-26T18:15:23.320-0700] {dagbag.py:587} INFO - Filling up the DagBag from /home/jerson/airflow_venv/lib/python3.10/site-packages/airflow/example_dags/plugins/event_listener.py
[2024-08-26T18:15:23.322-0700] {processor.py:927} WARNING - No viable dags retrieved from /home/jerson/airflow_venv/lib/python3.10/site-packages/airflow/example_dags/plugins/event_listener.py
[2024-08-26T18:15:23.328-0700] {processor.py:208} INFO - Processing /home/jerson/airflow_venv/lib/python3.10/site-packages/airflow/example_dags/plugins/event_listener.py took 0.012 seconds
[2024-08-26T18:16:11.944-0700] {processor.py:186} INFO - Started process (PID=55638) to work on /home/jerson/airflow_venv/lib/python3.10/site-packages/airflow/example_dags/plugins/event_listener.py
[2024-08-26T18:16:11.945-0700] {processor.py:914} INFO - Processing file /home/jerson/airflow_venv/lib/python3.10/site-packages/airflow/example_dags/plugins/event_listener.py for tasks to queue
[2024-08-26T18:16:11.946-0700] {logging_mixin.py:190} INFO - [2024-08-26T18:16:11.946-0700] {dagbag.py:587} INFO - Filling up the DagBag from /home/jerson/airflow_venv/lib/python3.10/site-packages/airflow/example_dags/plugins/event_listener.py
[2024-08-26T18:16:11.948-0700] {processor.py:927} WARNING - No viable dags retrieved from /home/jerson/airflow_venv/lib/python3.10/site-packages/airflow/example_dags/plugins/event_listener.py
[2024-08-26T18:16:11.956-0700] {processor.py:208} INFO - Processing /home/jerson/airflow_venv/lib/python3.10/site-packages/airflow/example_dags/plugins/event_listener.py took 0.017 seconds
[2024-08-26T18:16:58.791-0700] {processor.py:186} INFO - Started process (PID=56081) to work on /home/jerson/airflow_venv/lib/python3.10/site-packages/airflow/example_dags/plugins/event_listener.py
[2024-08-26T18:16:58.792-0700] {processor.py:914} INFO - Processing file /home/jerson/airflow_venv/lib/python3.10/site-packages/airflow/example_dags/plugins/event_listener.py for tasks to queue
[2024-08-26T18:16:58.793-0700] {logging_mixin.py:190} INFO - [2024-08-26T18:16:58.793-0700] {dagbag.py:587} INFO - Filling up the DagBag from /home/jerson/airflow_venv/lib/python3.10/site-packages/airflow/example_dags/plugins/event_listener.py
[2024-08-26T18:16:58.795-0700] {processor.py:927} WARNING - No viable dags retrieved from /home/jerson/airflow_venv/lib/python3.10/site-packages/airflow/example_dags/plugins/event_listener.py
[2024-08-26T18:16:58.801-0700] {processor.py:208} INFO - Processing /home/jerson/airflow_venv/lib/python3.10/site-packages/airflow/example_dags/plugins/event_listener.py took 0.013 seconds
[2024-08-26T18:17:46.740-0700] {processor.py:186} INFO - Started process (PID=56536) to work on /home/jerson/airflow_venv/lib/python3.10/site-packages/airflow/example_dags/plugins/event_listener.py
[2024-08-26T18:17:46.741-0700] {processor.py:914} INFO - Processing file /home/jerson/airflow_venv/lib/python3.10/site-packages/airflow/example_dags/plugins/event_listener.py for tasks to queue
[2024-08-26T18:17:46.742-0700] {logging_mixin.py:190} INFO - [2024-08-26T18:17:46.741-0700] {dagbag.py:587} INFO - Filling up the DagBag from /home/jerson/airflow_venv/lib/python3.10/site-packages/airflow/example_dags/plugins/event_listener.py
[2024-08-26T18:17:46.743-0700] {processor.py:927} WARNING - No viable dags retrieved from /home/jerson/airflow_venv/lib/python3.10/site-packages/airflow/example_dags/plugins/event_listener.py
[2024-08-26T18:17:46.749-0700] {processor.py:208} INFO - Processing /home/jerson/airflow_venv/lib/python3.10/site-packages/airflow/example_dags/plugins/event_listener.py took 0.012 seconds
[2024-08-26T18:18:38.456-0700] {processor.py:186} INFO - Started process (PID=57047) to work on /home/jerson/airflow_venv/lib/python3.10/site-packages/airflow/example_dags/plugins/event_listener.py
[2024-08-26T18:18:38.457-0700] {processor.py:914} INFO - Processing file /home/jerson/airflow_venv/lib/python3.10/site-packages/airflow/example_dags/plugins/event_listener.py for tasks to queue
[2024-08-26T18:18:38.458-0700] {logging_mixin.py:190} INFO - [2024-08-26T18:18:38.458-0700] {dagbag.py:587} INFO - Filling up the DagBag from /home/jerson/airflow_venv/lib/python3.10/site-packages/airflow/example_dags/plugins/event_listener.py
[2024-08-26T18:18:38.459-0700] {processor.py:927} WARNING - No viable dags retrieved from /home/jerson/airflow_venv/lib/python3.10/site-packages/airflow/example_dags/plugins/event_listener.py
[2024-08-26T18:18:38.465-0700] {processor.py:208} INFO - Processing /home/jerson/airflow_venv/lib/python3.10/site-packages/airflow/example_dags/plugins/event_listener.py took 0.012 seconds
[2024-08-26T18:19:27.575-0700] {processor.py:186} INFO - Started process (PID=57500) to work on /home/jerson/airflow_venv/lib/python3.10/site-packages/airflow/example_dags/plugins/event_listener.py
[2024-08-26T18:19:27.576-0700] {processor.py:914} INFO - Processing file /home/jerson/airflow_venv/lib/python3.10/site-packages/airflow/example_dags/plugins/event_listener.py for tasks to queue
[2024-08-26T18:19:27.577-0700] {logging_mixin.py:190} INFO - [2024-08-26T18:19:27.577-0700] {dagbag.py:587} INFO - Filling up the DagBag from /home/jerson/airflow_venv/lib/python3.10/site-packages/airflow/example_dags/plugins/event_listener.py
[2024-08-26T18:19:27.578-0700] {processor.py:927} WARNING - No viable dags retrieved from /home/jerson/airflow_venv/lib/python3.10/site-packages/airflow/example_dags/plugins/event_listener.py
[2024-08-26T18:19:27.584-0700] {processor.py:208} INFO - Processing /home/jerson/airflow_venv/lib/python3.10/site-packages/airflow/example_dags/plugins/event_listener.py took 0.013 seconds
[2024-08-26T18:20:16.031-0700] {processor.py:186} INFO - Started process (PID=57947) to work on /home/jerson/airflow_venv/lib/python3.10/site-packages/airflow/example_dags/plugins/event_listener.py
[2024-08-26T18:20:16.032-0700] {processor.py:914} INFO - Processing file /home/jerson/airflow_venv/lib/python3.10/site-packages/airflow/example_dags/plugins/event_listener.py for tasks to queue
[2024-08-26T18:20:16.033-0700] {logging_mixin.py:190} INFO - [2024-08-26T18:20:16.032-0700] {dagbag.py:587} INFO - Filling up the DagBag from /home/jerson/airflow_venv/lib/python3.10/site-packages/airflow/example_dags/plugins/event_listener.py
[2024-08-26T18:20:16.034-0700] {processor.py:927} WARNING - No viable dags retrieved from /home/jerson/airflow_venv/lib/python3.10/site-packages/airflow/example_dags/plugins/event_listener.py
[2024-08-26T18:20:16.040-0700] {processor.py:208} INFO - Processing /home/jerson/airflow_venv/lib/python3.10/site-packages/airflow/example_dags/plugins/event_listener.py took 0.012 seconds
[2024-08-26T18:21:05.188-0700] {processor.py:186} INFO - Started process (PID=58474) to work on /home/jerson/airflow_venv/lib/python3.10/site-packages/airflow/example_dags/plugins/event_listener.py
[2024-08-26T18:21:05.189-0700] {processor.py:914} INFO - Processing file /home/jerson/airflow_venv/lib/python3.10/site-packages/airflow/example_dags/plugins/event_listener.py for tasks to queue
[2024-08-26T18:21:05.190-0700] {logging_mixin.py:190} INFO - [2024-08-26T18:21:05.190-0700] {dagbag.py:587} INFO - Filling up the DagBag from /home/jerson/airflow_venv/lib/python3.10/site-packages/airflow/example_dags/plugins/event_listener.py
[2024-08-26T18:21:05.191-0700] {processor.py:927} WARNING - No viable dags retrieved from /home/jerson/airflow_venv/lib/python3.10/site-packages/airflow/example_dags/plugins/event_listener.py
[2024-08-26T18:21:05.201-0700] {processor.py:208} INFO - Processing /home/jerson/airflow_venv/lib/python3.10/site-packages/airflow/example_dags/plugins/event_listener.py took 0.017 seconds
[2024-08-26T18:22:03.192-0700] {processor.py:186} INFO - Started process (PID=59235) to work on /home/jerson/airflow_venv/lib/python3.10/site-packages/airflow/example_dags/plugins/event_listener.py
[2024-08-26T18:22:03.193-0700] {processor.py:914} INFO - Processing file /home/jerson/airflow_venv/lib/python3.10/site-packages/airflow/example_dags/plugins/event_listener.py for tasks to queue
[2024-08-26T18:22:03.193-0700] {logging_mixin.py:190} INFO - [2024-08-26T18:22:03.193-0700] {dagbag.py:587} INFO - Filling up the DagBag from /home/jerson/airflow_venv/lib/python3.10/site-packages/airflow/example_dags/plugins/event_listener.py
[2024-08-26T18:22:03.195-0700] {processor.py:927} WARNING - No viable dags retrieved from /home/jerson/airflow_venv/lib/python3.10/site-packages/airflow/example_dags/plugins/event_listener.py
[2024-08-26T18:22:03.201-0700] {processor.py:208} INFO - Processing /home/jerson/airflow_venv/lib/python3.10/site-packages/airflow/example_dags/plugins/event_listener.py took 0.013 seconds
[2024-08-26T18:22:52.078-0700] {processor.py:186} INFO - Started process (PID=59907) to work on /home/jerson/airflow_venv/lib/python3.10/site-packages/airflow/example_dags/plugins/event_listener.py
[2024-08-26T18:22:52.079-0700] {processor.py:914} INFO - Processing file /home/jerson/airflow_venv/lib/python3.10/site-packages/airflow/example_dags/plugins/event_listener.py for tasks to queue
[2024-08-26T18:22:52.080-0700] {logging_mixin.py:190} INFO - [2024-08-26T18:22:52.080-0700] {dagbag.py:587} INFO - Filling up the DagBag from /home/jerson/airflow_venv/lib/python3.10/site-packages/airflow/example_dags/plugins/event_listener.py
[2024-08-26T18:22:52.081-0700] {processor.py:927} WARNING - No viable dags retrieved from /home/jerson/airflow_venv/lib/python3.10/site-packages/airflow/example_dags/plugins/event_listener.py
[2024-08-26T18:22:52.087-0700] {processor.py:208} INFO - Processing /home/jerson/airflow_venv/lib/python3.10/site-packages/airflow/example_dags/plugins/event_listener.py took 0.012 seconds
[2024-08-26T18:23:40.447-0700] {processor.py:186} INFO - Started process (PID=60355) to work on /home/jerson/airflow_venv/lib/python3.10/site-packages/airflow/example_dags/plugins/event_listener.py
[2024-08-26T18:23:40.448-0700] {processor.py:914} INFO - Processing file /home/jerson/airflow_venv/lib/python3.10/site-packages/airflow/example_dags/plugins/event_listener.py for tasks to queue
[2024-08-26T18:23:40.449-0700] {logging_mixin.py:190} INFO - [2024-08-26T18:23:40.448-0700] {dagbag.py:587} INFO - Filling up the DagBag from /home/jerson/airflow_venv/lib/python3.10/site-packages/airflow/example_dags/plugins/event_listener.py
[2024-08-26T18:23:40.450-0700] {processor.py:927} WARNING - No viable dags retrieved from /home/jerson/airflow_venv/lib/python3.10/site-packages/airflow/example_dags/plugins/event_listener.py
[2024-08-26T18:23:40.456-0700] {processor.py:208} INFO - Processing /home/jerson/airflow_venv/lib/python3.10/site-packages/airflow/example_dags/plugins/event_listener.py took 0.013 seconds
[2024-08-26T18:24:30.373-0700] {processor.py:186} INFO - Started process (PID=60754) to work on /home/jerson/airflow_venv/lib/python3.10/site-packages/airflow/example_dags/plugins/event_listener.py
[2024-08-26T18:24:30.374-0700] {processor.py:914} INFO - Processing file /home/jerson/airflow_venv/lib/python3.10/site-packages/airflow/example_dags/plugins/event_listener.py for tasks to queue
[2024-08-26T18:24:30.374-0700] {logging_mixin.py:190} INFO - [2024-08-26T18:24:30.374-0700] {dagbag.py:587} INFO - Filling up the DagBag from /home/jerson/airflow_venv/lib/python3.10/site-packages/airflow/example_dags/plugins/event_listener.py
[2024-08-26T18:24:30.376-0700] {processor.py:927} WARNING - No viable dags retrieved from /home/jerson/airflow_venv/lib/python3.10/site-packages/airflow/example_dags/plugins/event_listener.py
[2024-08-26T18:24:30.381-0700] {processor.py:208} INFO - Processing /home/jerson/airflow_venv/lib/python3.10/site-packages/airflow/example_dags/plugins/event_listener.py took 0.012 seconds
[2024-08-26T18:25:21.708-0700] {processor.py:186} INFO - Started process (PID=61193) to work on /home/jerson/airflow_venv/lib/python3.10/site-packages/airflow/example_dags/plugins/event_listener.py
[2024-08-26T18:25:21.709-0700] {processor.py:914} INFO - Processing file /home/jerson/airflow_venv/lib/python3.10/site-packages/airflow/example_dags/plugins/event_listener.py for tasks to queue
[2024-08-26T18:25:21.710-0700] {logging_mixin.py:190} INFO - [2024-08-26T18:25:21.710-0700] {dagbag.py:587} INFO - Filling up the DagBag from /home/jerson/airflow_venv/lib/python3.10/site-packages/airflow/example_dags/plugins/event_listener.py
[2024-08-26T18:25:21.711-0700] {processor.py:927} WARNING - No viable dags retrieved from /home/jerson/airflow_venv/lib/python3.10/site-packages/airflow/example_dags/plugins/event_listener.py
[2024-08-26T18:25:21.717-0700] {processor.py:208} INFO - Processing /home/jerson/airflow_venv/lib/python3.10/site-packages/airflow/example_dags/plugins/event_listener.py took 0.012 seconds
[2024-08-26T18:26:19.915-0700] {processor.py:186} INFO - Started process (PID=62068) to work on /home/jerson/airflow_venv/lib/python3.10/site-packages/airflow/example_dags/plugins/event_listener.py
[2024-08-26T18:26:19.916-0700] {processor.py:914} INFO - Processing file /home/jerson/airflow_venv/lib/python3.10/site-packages/airflow/example_dags/plugins/event_listener.py for tasks to queue
[2024-08-26T18:26:19.917-0700] {logging_mixin.py:190} INFO - [2024-08-26T18:26:19.917-0700] {dagbag.py:587} INFO - Filling up the DagBag from /home/jerson/airflow_venv/lib/python3.10/site-packages/airflow/example_dags/plugins/event_listener.py
[2024-08-26T18:26:19.918-0700] {processor.py:927} WARNING - No viable dags retrieved from /home/jerson/airflow_venv/lib/python3.10/site-packages/airflow/example_dags/plugins/event_listener.py
[2024-08-26T18:26:19.924-0700] {processor.py:208} INFO - Processing /home/jerson/airflow_venv/lib/python3.10/site-packages/airflow/example_dags/plugins/event_listener.py took 0.012 seconds
[2024-08-26T18:27:10.701-0700] {processor.py:186} INFO - Started process (PID=62502) to work on /home/jerson/airflow_venv/lib/python3.10/site-packages/airflow/example_dags/plugins/event_listener.py
[2024-08-26T18:27:10.702-0700] {processor.py:914} INFO - Processing file /home/jerson/airflow_venv/lib/python3.10/site-packages/airflow/example_dags/plugins/event_listener.py for tasks to queue
[2024-08-26T18:27:10.703-0700] {logging_mixin.py:190} INFO - [2024-08-26T18:27:10.703-0700] {dagbag.py:587} INFO - Filling up the DagBag from /home/jerson/airflow_venv/lib/python3.10/site-packages/airflow/example_dags/plugins/event_listener.py
[2024-08-26T18:27:10.704-0700] {processor.py:927} WARNING - No viable dags retrieved from /home/jerson/airflow_venv/lib/python3.10/site-packages/airflow/example_dags/plugins/event_listener.py
[2024-08-26T18:27:10.710-0700] {processor.py:208} INFO - Processing /home/jerson/airflow_venv/lib/python3.10/site-packages/airflow/example_dags/plugins/event_listener.py took 0.013 seconds
[2024-08-26T18:28:00.375-0700] {processor.py:186} INFO - Started process (PID=62896) to work on /home/jerson/airflow_venv/lib/python3.10/site-packages/airflow/example_dags/plugins/event_listener.py
[2024-08-26T18:28:00.376-0700] {processor.py:914} INFO - Processing file /home/jerson/airflow_venv/lib/python3.10/site-packages/airflow/example_dags/plugins/event_listener.py for tasks to queue
[2024-08-26T18:28:00.377-0700] {logging_mixin.py:190} INFO - [2024-08-26T18:28:00.377-0700] {dagbag.py:587} INFO - Filling up the DagBag from /home/jerson/airflow_venv/lib/python3.10/site-packages/airflow/example_dags/plugins/event_listener.py
[2024-08-26T18:28:00.378-0700] {processor.py:927} WARNING - No viable dags retrieved from /home/jerson/airflow_venv/lib/python3.10/site-packages/airflow/example_dags/plugins/event_listener.py
[2024-08-26T18:28:00.384-0700] {processor.py:208} INFO - Processing /home/jerson/airflow_venv/lib/python3.10/site-packages/airflow/example_dags/plugins/event_listener.py took 0.014 seconds
[2024-08-26T18:28:51.678-0700] {processor.py:186} INFO - Started process (PID=63302) to work on /home/jerson/airflow_venv/lib/python3.10/site-packages/airflow/example_dags/plugins/event_listener.py
[2024-08-26T18:28:51.686-0700] {processor.py:914} INFO - Processing file /home/jerson/airflow_venv/lib/python3.10/site-packages/airflow/example_dags/plugins/event_listener.py for tasks to queue
[2024-08-26T18:28:51.687-0700] {logging_mixin.py:190} INFO - [2024-08-26T18:28:51.687-0700] {dagbag.py:587} INFO - Filling up the DagBag from /home/jerson/airflow_venv/lib/python3.10/site-packages/airflow/example_dags/plugins/event_listener.py
[2024-08-26T18:28:51.688-0700] {processor.py:927} WARNING - No viable dags retrieved from /home/jerson/airflow_venv/lib/python3.10/site-packages/airflow/example_dags/plugins/event_listener.py
[2024-08-26T18:28:51.694-0700] {processor.py:208} INFO - Processing /home/jerson/airflow_venv/lib/python3.10/site-packages/airflow/example_dags/plugins/event_listener.py took 0.019 seconds
[2024-08-26T18:29:41.845-0700] {processor.py:186} INFO - Started process (PID=63704) to work on /home/jerson/airflow_venv/lib/python3.10/site-packages/airflow/example_dags/plugins/event_listener.py
[2024-08-26T18:29:41.846-0700] {processor.py:914} INFO - Processing file /home/jerson/airflow_venv/lib/python3.10/site-packages/airflow/example_dags/plugins/event_listener.py for tasks to queue
[2024-08-26T18:29:41.847-0700] {logging_mixin.py:190} INFO - [2024-08-26T18:29:41.847-0700] {dagbag.py:587} INFO - Filling up the DagBag from /home/jerson/airflow_venv/lib/python3.10/site-packages/airflow/example_dags/plugins/event_listener.py
[2024-08-26T18:29:41.848-0700] {processor.py:927} WARNING - No viable dags retrieved from /home/jerson/airflow_venv/lib/python3.10/site-packages/airflow/example_dags/plugins/event_listener.py
[2024-08-26T18:29:41.854-0700] {processor.py:208} INFO - Processing /home/jerson/airflow_venv/lib/python3.10/site-packages/airflow/example_dags/plugins/event_listener.py took 0.012 seconds
[2024-08-26T18:30:26.955-0700] {processor.py:186} INFO - Started process (PID=64093) to work on /home/jerson/airflow_venv/lib/python3.10/site-packages/airflow/example_dags/plugins/event_listener.py
[2024-08-26T18:30:26.956-0700] {processor.py:914} INFO - Processing file /home/jerson/airflow_venv/lib/python3.10/site-packages/airflow/example_dags/plugins/event_listener.py for tasks to queue
[2024-08-26T18:30:26.957-0700] {logging_mixin.py:190} INFO - [2024-08-26T18:30:26.956-0700] {dagbag.py:587} INFO - Filling up the DagBag from /home/jerson/airflow_venv/lib/python3.10/site-packages/airflow/example_dags/plugins/event_listener.py
[2024-08-26T18:30:26.958-0700] {processor.py:927} WARNING - No viable dags retrieved from /home/jerson/airflow_venv/lib/python3.10/site-packages/airflow/example_dags/plugins/event_listener.py
[2024-08-26T18:30:26.965-0700] {processor.py:208} INFO - Processing /home/jerson/airflow_venv/lib/python3.10/site-packages/airflow/example_dags/plugins/event_listener.py took 0.014 seconds
[2024-08-26T18:31:18.285-0700] {processor.py:186} INFO - Started process (PID=64625) to work on /home/jerson/airflow_venv/lib/python3.10/site-packages/airflow/example_dags/plugins/event_listener.py
[2024-08-26T18:31:18.286-0700] {processor.py:914} INFO - Processing file /home/jerson/airflow_venv/lib/python3.10/site-packages/airflow/example_dags/plugins/event_listener.py for tasks to queue
[2024-08-26T18:31:18.287-0700] {logging_mixin.py:190} INFO - [2024-08-26T18:31:18.287-0700] {dagbag.py:587} INFO - Filling up the DagBag from /home/jerson/airflow_venv/lib/python3.10/site-packages/airflow/example_dags/plugins/event_listener.py
[2024-08-26T18:31:18.288-0700] {processor.py:927} WARNING - No viable dags retrieved from /home/jerson/airflow_venv/lib/python3.10/site-packages/airflow/example_dags/plugins/event_listener.py
[2024-08-26T18:31:18.294-0700] {processor.py:208} INFO - Processing /home/jerson/airflow_venv/lib/python3.10/site-packages/airflow/example_dags/plugins/event_listener.py took 0.012 seconds
